
  ******************************************  
  *           Fortran 77 Code              *  
  *         Spherical H.O. basis            *  
  * Dirac-Hartree-Bogoliubov calculation   *  
  *        with density-dependent          *  
  * meson-exchange or point coupling force *  
  *          and separable pairing         *  
  * -------------------------------------- *  
  *      Niksic, Paar, Vretenar, Ring      *  
  *          18/ 4/2026/01:31:23           *
  *       Hg 182  N = 102  Z =  80
  ******************************************  
  ****** BEGIN READER *******************************
 Number of oscillator shells :    18   20
 Initialization inin,inink   :     0    0
 Nucleus: Hg 182   102  80
 Initial Gap Parameters      :     1.0000    1.0000
 Parameter set               :    DD-PC1    
  ****** END READER *********************************
  ****** BEGIN FORCES *******************************

 NEDF Parameters: DD-PC1    
           scasca    scavec    vecsca    vecvec
 GG   =   1.000000  1.000000  1.000000  1.000000
 DD   =  -0.814900  0.000000  0.000000  0.000000
  
 Density dependence parameters:
           scasca    scavec    vecsca    vecvec
 a    = -10.046200  5.919500  0.000000  0.000000
 b    =  -9.150400  8.863700  0.000000  1.836000
 c    =  -6.427300  0.000000  0.000000  0.000000
 d    =   1.372400  0.658400  0.000000  0.640300
 dsat =   0.152000
  
 TMR pairing: Tian,Ma,Ring, PRB 676, 44 (2009)
 TMR pairing strength    gl =:  -728.00000 [MeV*fm^3]
 TMR pairing width        a =:     0.64420 [fm]
  ****** END FORCES *********************************
  ****** BEGIN PREP *********************************
  
 hom =                            7.234803
 hb0 =                           20.734000
 b0  =                            2.394105
 with Coulomb force
 With microscopic c.m. correction
  ****** END PREP ***********************************
  potentials read from tape dirhb.wel
  ****** BEGIN ITER *********************************
  1.It. si =    0.0000000  E/A =    0.0000 R =    0.0000  mix = 0.50
  2.It. si =    2.2290989  E/A =   -7.8053 R =    5.3413  mix = 0.50
  3.It. si =    1.1101440  E/A =   -7.8057 R =    5.3421  mix = 0.50
  4.It. si =    0.5012709  E/A =   -7.8061 R =    5.3433  mix = 0.50
  5.It. si =    0.5599316  E/A =   -7.8064 R =    5.3446  mix = 0.50
  6.It. si =    0.0871505  E/A =   -7.8069 R =    5.3471  mix = 0.50
  7.It. si =    0.0989678  E/A =   -7.8069 R =    5.3466  mix = 0.50
  8.It. si =    0.0136722  E/A =   -7.8069 R =    5.3461  mix = 0.50
  9.It. si =    0.0094971  E/A =   -7.8069 R =    5.3462  mix = 0.50
 10.It. si =    0.0084086  E/A =   -7.8069 R =    5.3462  mix = 0.50
 11.It. si =    0.0097943  E/A =   -7.8069 R =    5.3462  mix = 0.50
 12.It. si =    0.0018950  E/A =   -7.8070 R =    5.3462  mix = 0.50
 13.It. si =    0.0002201  E/A =   -7.8070 R =    5.3462  mix = 0.50
 14.It. si =    0.0001452  E/A =   -7.8070 R =    5.3462  mix = 0.50
 15.It. si =    0.0003398  E/A =   -7.8070 R =    5.3462  mix = 0.50
 16.It. si =    0.0003919  E/A =   -7.8070 R =    5.3462  mix = 0.50
 17.It. si =    0.0002271  E/A =   -7.8070 R =    5.3462  mix = 0.50
 18.It. si =    0.0000365  E/A =   -7.8070 R =    5.3462  mix = 0.50
 19.It. si =    0.0000059  E/A =   -7.8070 R =    5.3462  mix = 0.50
 ********************************************************************
 Hg 182: Iteration converged after  19 steps   si =      0.0000004442
 ********************************************************************
  ****** END ITER ***********************************
  ****** BEGIN CANON ********************************
 single-particle energies and gaps  in the canonical basis: Neutron:
 ------------------------------------------------------------------
    j pi     (nr,l,j)  smax       Ecan       vvcan       decan
 j = 1/2+  (   s 1/2)  0.99    -59.9881      0.9997      1.7877
 j = 1/2+  (   s 1/2)  0.98    -44.3893      0.9994      1.6855
 j = 1/2+  (   s 1/2)  0.98    -18.0894      0.9918      1.6039
 j = 1/2+  (   s 1/2)  0.94      5.4349      0.0006      0.7264
 j = 1/2+  (   s 1/2)  0.72     10.2218      0.0000      0.0042
 j = 1/2+  (   s 1/2)  0.90     23.6907      0.0000      0.4279
 j = 1/2+  (   s 1/2)  0.58     32.6979      0.0000      0.0137
 j = 1/2+  (   s 1/2)  0.76     42.1272      0.0000      0.2512
 j = 1/2+  (   s 1/2)  0.59     58.5368      0.0000      0.1344
 j = 1/2+  (   s 1/2)  0.76     83.1321      0.0000      0.0664
 j = 1/2-  (   p 1/2)  0.99    -54.7120      0.9996      1.8091
 j = 1/2-  (   p 1/2)  0.98    -31.6976      0.9986      1.7072
 j = 1/2-  (   p 1/2)  0.97     -6.6050      0.0403      1.1626
 j = 1/2-  (   p 1/2)  0.72     10.7127      0.0000      0.0069
 j = 1/2-  (   p 1/2)  0.93     14.8264      0.0002      0.6054
 j = 1/2-  (   p 1/2)  0.85     31.8781      0.0000      0.3772
 j = 1/2-  (   p 1/2)  0.54     33.5540      0.0000      0.0259
 j = 1/2-  (   p 1/2)  0.67     49.7477      0.0000      0.2108
 j = 1/2-  (   p 1/2)  0.75     81.7446      0.0000      0.1159
 j = 3/2+  (   d 3/2)  0.99    -45.9352      0.9995      1.7116
 j = 3/2+  (   d 3/2)  0.98    -19.3090      0.9935      1.6266
 j = 3/2+  (   d 3/2)  0.95      4.3327      0.0009      0.8373
 j = 3/2+  (   d 3/2)  0.68      9.4243      0.0000      0.0045
 j = 3/2+  (   d 3/2)  0.87     24.3339      0.0001      0.4913
 j = 3/2+  (   d 3/2)  0.63     31.5827      0.0000      0.0134
 j = 3/2+  (   d 3/2)  0.69     43.7108      0.0000      0.2980
 j = 3/2+  (   d 3/2)  0.61     65.4914      0.0000      0.1724
 j = 3/2+  (   d 3/2)  0.80     75.3431      0.0000      0.0714
 j = 3/2-  (   p 3/2)  0.99    -55.0532      0.9996      1.8285
 j = 3/2-  (   p 3/2)  0.98    -32.3497      0.9986      1.7332
 j = 3/2-  (   p 3/2)  0.97     -7.0504      0.0522      1.1288
 j = 3/2-  (   p 3/2)  0.72     10.7788      0.0000      0.0070
 j = 3/2-  (   p 3/2)  0.93     14.5579      0.0002      0.6052
 j = 3/2-  (   p 3/2)  0.85     31.5279      0.0000      0.3723
 j = 3/2-  (   p 3/2)  0.54     33.5473      0.0000      0.0260
 j = 3/2-  (   p 3/2)  0.67     49.4654      0.0000      0.2105
 j = 3/2-  (   p 3/2)  0.74     81.6833      0.0000      0.1160
 j = 5/2+  (   d 5/2)  0.99    -47.1447      0.9995      1.7398
 j = 5/2+  (   d 5/2)  0.98    -21.0442      0.9952      1.6426
 j = 5/2+  (   d 5/2)  0.95      3.6277      0.0010      0.8167
 j = 5/2+  (   d 5/2)  0.68      9.4548      0.0000      0.0045
 j = 5/2+  (   d 5/2)  0.87     24.1433      0.0001      0.4839
 j = 5/2+  (   d 5/2)  0.63     31.5206      0.0000      0.0134
 j = 5/2+  (   d 5/2)  0.69     43.2555      0.0000      0.2941
 j = 5/2+  (   d 5/2)  0.61     65.5817      0.0000      0.1720
 j = 5/2+  (   d 5/2)  0.80     75.0917      0.0000      0.0713
 j = 5/2-  (   f 5/2)  0.98    -35.6068      0.9990      1.6436
 j = 5/2-  (   f 5/2)  0.98     -7.8752      0.1377      1.3778
 j = 5/2-  (   f 5/2)  0.71     10.7891      0.0000      0.0068
 j = 5/2-  (   f 5/2)  0.92     14.7533      0.0002      0.6261
 j = 5/2-  (   f 5/2)  0.83     32.5743      0.0000      0.3948
 j = 5/2-  (   f 5/2)  0.58     32.9529      0.0000      0.0247
 j = 5/2-  (   f 5/2)  0.60     53.2046      0.0000      0.2253
 j = 5/2-  (   f 5/2)  0.77     77.7087      0.0000      0.1177
 j = 7/2+  (   g 7/2)  0.98    -24.1296      0.9973      1.5323
 j = 7/2+  (   g 7/2)  0.95      2.7509      0.0021      1.1208
 j = 7/2+  (   g 7/2)  0.67     10.4267      0.0000      0.0042
 j = 7/2+  (   g 7/2)  0.86     25.1518      0.0001      0.5276
 j = 7/2+  (   g 7/2)  0.63     31.9192      0.0000      0.0129
 j = 7/2+  (   g 7/2)  0.67     44.1981      0.0000      0.3015
 j = 7/2+  (   g 7/2)  0.62     66.4954      0.0000      0.1696
 j = 7/2+  (   g 7/2)  0.80     74.0234      0.0000      0.0688
 j = 7/2-  (   f 7/2)  0.98    -38.2696      0.9991      1.6938
 j = 7/2-  (   f 7/2)  0.98    -10.2687      0.7858      1.3561
 j = 7/2-  (   f 7/2)  0.71     10.8243      0.0000      0.0068
 j = 7/2-  (   f 7/2)  0.92     13.6316      0.0002      0.6298
 j = 7/2-  (   f 7/2)  0.83     31.9807      0.0000      0.3821
 j = 7/2-  (   f 7/2)  0.58     32.8168      0.0000      0.0247
 j = 7/2-  (   f 7/2)  0.60     52.8837      0.0000      0.2229
 j = 7/2-  (   f 7/2)  0.77     77.6372      0.0000      0.1175
 j = 9/2+  (   g 9/2)  0.98    -28.4689      0.9983      1.6028
 j = 9/2+  (   g 9/2)  0.96     -0.0732      0.0033      1.0737
 j = 9/2+  (   g 9/2)  0.68     10.5379      0.0000      0.0043
 j = 9/2+  (   g 9/2)  0.86     23.5879      0.0001      0.5317
 j = 9/2+  (   g 9/2)  0.63     31.9244      0.0000      0.0130
 j = 9/2+  (   g 9/2)  0.68     42.6026      0.0000      0.2938
 j = 9/2+  (   g 9/2)  0.62     66.2537      0.0000      0.1691
 j = 9/2+  (   g 9/2)  0.80     73.9137      0.0000      0.0693
 j = 9/2-  (   h 9/2)  0.98    -12.3179      0.9517      1.4217
 j = 9/2-  (   h 9/2)  0.69     11.8095      0.0000      0.0058
 j = 9/2-  (   h 9/2)  0.90     13.5019      0.0003      0.8438
 j = 9/2-  (   h 9/2)  0.60     32.6455      0.0000      0.0222
 j = 9/2-  (   h 9/2)  0.75     35.0074      0.0000      0.4445
 j = 9/2-  (   h 9/2)  0.63     55.7292      0.0000      0.2362
 j = 9/2-  (   h 9/2)  0.78     75.3419      0.0000      0.1058
 j =11/2+  (   i11/2)  0.97     -0.5320      0.0056      1.3211
 j =11/2+  (   i11/2)  0.65     12.3984      0.0000      0.0041
 j =11/2+  (   i11/2)  0.86     23.6621      0.0001      0.5948
 j =11/2+  (   i11/2)  0.64     32.8539      0.0000      0.0130
 j =11/2+  (   i11/2)  0.62     45.8229      0.0000      0.3619
 j =11/2+  (   i11/2)  0.61     68.6116      0.0000      0.1905
 j =11/2+  (   i11/2)  0.80     71.7605      0.0000      0.0654
 j =11/2-  (   h11/2)  0.98    -18.4422      0.9935      1.4842
 j =11/2-  (   h11/2)  0.92     10.4042      0.0004      0.8127
 j =11/2-  (   h11/2)  0.69     11.7558      0.0000      0.0058
 j =11/2-  (   h11/2)  0.61     32.3666      0.0000      0.0222
 j =11/2-  (   h11/2)  0.75     33.4325      0.0000      0.4425
 j =11/2-  (   h11/2)  0.63     54.0143      0.0000      0.2293
 j =11/2-  (   h11/2)  0.79     74.4696      0.0000      0.1051
 j =13/2+  (   i13/2)  0.97     -8.4158      0.2195      1.3401
 j =13/2+  (   i13/2)  0.66     12.5445      0.0000      0.0043
 j =13/2+  (   i13/2)  0.86     20.6528      0.0001      0.6010
 j =13/2+  (   i13/2)  0.64     32.9266      0.0000      0.0133
 j =13/2+  (   i13/2)  0.63     43.0832      0.0000      0.3578
 j =13/2+  (   i13/2)  0.61     66.0177      0.0000      0.1911
 j =13/2+  (   i13/2)  0.80     71.0577      0.0000      0.0659
 j =13/2-  (   j13/2)  0.95     10.8157      0.0008      1.1565
 j =13/2-  (   j13/2)  0.67     14.5127      0.0000      0.0062
 j =13/2-  (   j13/2)  0.81     33.9178      0.0000      0.4551
 j =13/2-  (   j13/2)  0.61     34.1741      0.0000      0.0238
 j =13/2-  (   j13/2)  0.64     59.2017      0.0000      0.2797
 j =13/2-  (   j13/2)  0.79     72.6083      0.0000      0.1127
 j =15/2+  (   k15/2)  0.64     15.8139      0.0000      0.0043
 j =15/2+  (   k15/2)  0.92     21.8057      0.0003      0.9811
 j =15/2+  (   k15/2)  0.63     35.2255      0.0000      0.0142
 j =15/2+  (   k15/2)  0.71     44.4841      0.0000      0.3634
 j =15/2+  (   k15/2)  0.79     70.4743      0.0000      0.0704
 j =15/2+  (   k15/2)  0.63     71.1338      0.0000      0.2098
 j =15/2-  (   j15/2)  0.95      1.6614      0.0028      1.1768
 j =15/2-  (   j15/2)  0.67     14.5062      0.0000      0.0063
 j =15/2-  (   j15/2)  0.80     30.1821      0.0000      0.4589
 j =15/2-  (   j15/2)  0.62     34.0292      0.0000      0.0245
 j =15/2-  (   j15/2)  0.64     56.4306      0.0000      0.2766
 j =15/2-  (   j15/2)  0.79     70.5463      0.0000      0.1123
 j =17/2+  (   k17/2)  0.92     11.7324      0.0006      1.0022
 j =17/2+  (   k17/2)  0.64     15.7999      0.0000      0.0044
 j =17/2+  (   k17/2)  0.64     35.1600      0.0000      0.0145
 j =17/2+  (   k17/2)  0.70     39.8967      0.0000      0.3648
 j =17/2+  (   k17/2)  0.63     67.8914      0.0000      0.2069
 j =17/2+  (   k17/2)  0.79     68.8700      0.0000      0.0701
 j =17/2-  (   l17/2)  0.68     19.4465      0.0000      0.0061
 j =17/2-  (   l17/2)  0.87     32.5314      0.0001      0.8144
 j =17/2-  (   l17/2)  0.56     38.5217      0.0000      0.0275
 j =17/2-  (   l17/2)  0.63     55.0432      0.0000      0.2869
 j =17/2-  (   l17/2)  0.77     75.5765      0.0000      0.1222
 j =19/2+  (   m19/2)  0.66     21.2728      0.0000      0.0042
 j =19/2+  (   m19/2)  0.58     40.0880      0.0000      0.0168
 j =19/2+  (   m19/2)  0.80     43.2362      0.0000      0.6608
 j =19/2+  (   m19/2)  0.63     66.6569      0.0000      0.2341
 j =19/2+  (   m19/2)  0.78     75.7835      0.0000      0.0787
 j =19/2-  (   l19/2)  0.68     19.3813      0.0000      0.0064
 j =19/2-  (   l19/2)  0.86     21.8742      0.0002      0.8320
 j =19/2-  (   l19/2)  0.57     38.0704      0.0000      0.0284
 j =19/2-  (   l19/2)  0.63     50.0888      0.0000      0.2877
 j =19/2-  (   l19/2)  0.78     72.2640      0.0000      0.1196
 j =21/2+  (   m21/2)  0.66     21.2026      0.0000      0.0044
 j =21/2+  (   m21/2)  0.80     32.2316      0.0001      0.6752
 j =21/2+  (   m21/2)  0.59     39.8136      0.0000      0.0174
 j =21/2+  (   m21/2)  0.63     60.6788      0.0000      0.2342
 j =21/2+  (   m21/2)  0.79     72.6244      0.0000      0.0771
 j =21/2-  (   n21/2)  0.72     27.1748      0.0000      0.0040
 j =21/2-  (   n21/2)  0.75     50.3462      0.0000      0.0290
 j =21/2-  (   n21/2)  0.73     54.4725      0.0000      0.5260
 j =21/2-  (   n21/2)  0.59     68.8455      0.0000      0.1699
 j =23/2+  (   o23/2)  0.64     28.2869      0.0000      0.0047
 j =23/2+  (   o23/2)  0.57     47.0599      0.0000      0.0246
 j =23/2+  (   o23/2)  0.65     65.8845      0.0000      0.4194
 j =23/2+  (   o23/2)  0.76     78.1462      0.0000      0.1105
 j =23/2-  (   n23/2)  0.72     27.1773      0.0000      0.0041
 j =23/2-  (   n23/2)  0.72     42.9882      0.0000      0.5385
 j =23/2-  (   n23/2)  0.75     49.3235      0.0000      0.0288
 j =23/2-  (   n23/2)  0.58     63.0865      0.0000      0.1677
 j =25/2+  (   o25/2)  0.64     28.1831      0.0000      0.0052
 j =25/2+  (   o25/2)  0.58     46.6936      0.0000      0.0259
 j =25/2+  (   o25/2)  0.64     53.7918      0.0000      0.4290
 j =25/2+  (   o25/2)  0.76     72.8145      0.0000      0.1079
 j =25/2-  (   P25/2)  0.77     35.4237      0.0000      0.0050
 j =25/2-  (   P25/2)  0.75     58.8055      0.0000      0.0471
 j =25/2-  (   P25/2)  0.61     71.2899      0.0000      0.3031
 j =27/2+  (   q27/2)  0.77     38.2121      0.0000      0.0033
 j =27/2+  (   q27/2)  0.72     61.1249      0.0000      0.0298
 j =27/2+  (   q27/2)  0.61     78.3024      0.0000      0.2171
 j =27/2-  (   P27/2)  0.77     35.4171      0.0000      0.0051
 j =27/2-  (   P27/2)  0.75     57.1709      0.0000      0.0468
 j =27/2-  (   P27/2)  0.61     61.3074      0.0000      0.3078
 j =29/2+  (   q29/2)  0.77     38.2184      0.0000      0.0033
 j =29/2+  (   q29/2)  0.71     60.0267      0.0000      0.0296
 j =29/2+  (   q29/2)  0.61     69.8068      0.0000      0.2197
 j =29/2-  (   r29/2)  0.78     46.9280      0.0000      0.0074
 j =29/2-  (   r29/2)  0.77     73.1501      0.0000      0.1028
 j =31/2+  (   S31/2)  0.77     49.9868      0.0000      0.0048
 j =31/2+  (   S31/2)  0.77     77.6941      0.0000      0.0654
 j =31/2-  (   r31/2)  0.76     46.7983      0.0000      0.0074
 j =31/2-  (   r31/2)  0.76     69.5987      0.0000      0.1032
 j =33/2+  (   S33/2)  0.76     49.8803      0.0000      0.0048
 j =33/2+  (   S33/2)  0.76     75.1699      0.0000      0.0656
 j =33/2-  (   t33/2)  0.98     64.4154      0.0000      0.0170
 j =35/2+  (   u35/2)  0.98     67.9139      0.0000      0.0104
 j =35/2-  (   t35/2)  0.98     63.9674      0.0000      0.0170
 j =37/2+  (   u37/2)  0.98     67.6279      0.0000      0.0104
 single-particle energies and gaps  in the canonical basis: Proton: 
 ------------------------------------------------------------------
    j pi     (nr,l,j)  smax       Ecan       vvcan       decan
 j = 1/2+  (   s 1/2)  0.80    -45.4761      0.9998     -1.1612
 j = 1/2+  (   s 1/2)  0.76    -27.3318      0.9992     -1.3996
 j = 1/2+  (   s 1/2)  0.94     -2.7505      0.4089     -1.0681
 j = 1/2+  (   s 1/2)  0.59     14.9475      0.0000     -0.0026
 j = 1/2+  (   s 1/2)  0.88     25.5377      0.0002     -0.8540
 j = 1/2+  (   s 1/2)  0.55     31.4824      0.0000     -0.0083
 j = 1/2+  (   s 1/2)  0.60     50.2638      0.0000     -0.3575
 j = 1/2+  (   s 1/2)  0.57     56.7150      0.0000     -0.0217
 j = 1/2+  (   s 1/2)  0.54     64.3874      0.0000     -0.1920
 j = 1/2+  (   s 1/2)  0.71     98.7955      0.0000     -0.0816
 j = 1/2-  (   p 1/2)  0.96    -39.7927      0.9998     -1.0456
 j = 1/2-  (   p 1/2)  0.94    -15.3281      0.9986     -0.9388
 j = 1/2-  (   p 1/2)  0.95      9.3906      0.0006     -0.6191
 j = 1/2-  (   p 1/2)  0.59     15.0499      0.0000     -0.0031
 j = 1/2-  (   p 1/2)  0.52     31.4793      0.0000     -0.0118
 j = 1/2-  (   p 1/2)  0.78     37.6827      0.0000     -0.4396
 j = 1/2-  (   p 1/2)  0.62     56.2799      0.0000     -0.0348
 j = 1/2-  (   p 1/2)  0.63     60.6865      0.0000     -0.2419
 j = 1/2-  (   p 1/2)  0.69     97.5037      0.0000     -0.1122
 j = 3/2+  (   d 3/2)  0.98    -31.0225      0.9997     -0.9365
 j = 3/2+  (   d 3/2)  0.97     -4.1647      0.9181     -0.7976
 j = 3/2+  (   d 3/2)  0.59     15.4930      0.0000     -0.0021
 j = 3/2+  (   d 3/2)  0.92     20.4743      0.0001     -0.3953
 j = 3/2+  (   d 3/2)  0.53     32.0687      0.0000     -0.0070
 j = 3/2+  (   d 3/2)  0.75     45.4477      0.0000     -0.2602
 j = 3/2+  (   d 3/2)  0.58     57.2806      0.0000     -0.0195
 j = 3/2+  (   d 3/2)  0.61     72.8115      0.0000     -0.1692
 j = 3/2+  (   d 3/2)  0.70    101.7410      0.0000     -0.0773
 j = 3/2-  (   p 3/2)  0.95    -40.3044      0.9998     -1.0485
 j = 3/2-  (   p 3/2)  0.93    -16.0300      0.9987     -0.9433
 j = 3/2-  (   p 3/2)  0.94      9.0223      0.0006     -0.6097
 j = 3/2-  (   p 3/2)  0.59     15.0311      0.0000     -0.0031
 j = 3/2-  (   p 3/2)  0.52     31.4520      0.0000     -0.0119
 j = 3/2-  (   p 3/2)  0.79     37.6199      0.0000     -0.4450
 j = 3/2-  (   p 3/2)  0.62     56.0348      0.0000     -0.0347
 j = 3/2-  (   p 3/2)  0.63     60.7095      0.0000     -0.2413
 j = 3/2-  (   p 3/2)  0.69     97.0799      0.0000     -0.1114
 j = 5/2+  (   d 5/2)  0.97    -32.5345      0.9997     -0.9495
 j = 5/2+  (   d 5/2)  0.96     -5.8536      0.9823     -0.7941
 j = 5/2+  (   d 5/2)  0.58     15.4248      0.0000     -0.0021
 j = 5/2+  (   d 5/2)  0.92     19.7409      0.0001     -0.3951
 j = 5/2+  (   d 5/2)  0.53     31.9089      0.0000     -0.0069
 j = 5/2+  (   d 5/2)  0.75     45.8655      0.0000     -0.2594
 j = 5/2+  (   d 5/2)  0.58     56.8930      0.0000     -0.0192
 j = 5/2+  (   d 5/2)  0.61     72.9920      0.0000     -0.1671
 j = 5/2+  (   d 5/2)  0.71    101.0781      0.0000     -0.0767
 j = 5/2-  (   f 5/2)  0.98    -20.8357      0.9994     -0.8537
 j = 5/2-  (   f 5/2)  0.97      6.7643      0.0011     -0.6513
 j = 5/2-  (   f 5/2)  0.59     16.5556      0.0000     -0.0026
 j = 5/2-  (   f 5/2)  0.86     32.2917      0.0000     -0.3210
 j = 5/2-  (   f 5/2)  0.54     33.9260      0.0000     -0.0094
 j = 5/2-  (   f 5/2)  0.62     55.3500      0.0000     -0.1792
 j = 5/2-  (   f 5/2)  0.66     59.2671      0.0000     -0.0341
 j = 5/2-  (   f 5/2)  0.64    102.1976      0.0000     -0.0974
 j = 7/2+  (   g 7/2)  0.98     -9.7760      0.9968     -0.7795
 j = 7/2+  (   g 7/2)  0.57     17.0670      0.0000     -0.0016
 j = 7/2+  (   g 7/2)  0.92     18.0317      0.0001     -0.4996
 j = 7/2+  (   g 7/2)  0.52     33.8861      0.0000     -0.0053
 j = 7/2+  (   g 7/2)  0.73     44.3768      0.0000     -0.2665
 j = 7/2+  (   g 7/2)  0.60     58.4635      0.0000     -0.0172
 j = 7/2+  (   g 7/2)  0.65     67.1185      0.0000     -0.1394
 j = 7/2+  (   g 7/2)  0.67    106.3033      0.0000     -0.0657
 j = 7/2-  (   f 7/2)  0.98    -23.7551      0.9996     -0.8795
 j = 7/2-  (   f 7/2)  0.96      4.2855      0.0019     -0.6309
 j = 7/2-  (   f 7/2)  0.59     16.5514      0.0000     -0.0027
 j = 7/2-  (   f 7/2)  0.87     31.0103      0.0000     -0.3258
 j = 7/2-  (   f 7/2)  0.54     33.9906      0.0000     -0.0096
 j = 7/2-  (   f 7/2)  0.62     54.7698      0.0000     -0.1769
 j = 7/2-  (   f 7/2)  0.66     58.8568      0.0000     -0.0342
 j = 7/2-  (   f 7/2)  0.64    102.3137      0.0000     -0.0971
 j = 9/2+  (   g 9/2)  0.98    -14.3704      0.9988     -0.8082
 j = 9/2+  (   g 9/2)  0.93     15.0719      0.0002     -0.4795
 j = 9/2+  (   g 9/2)  0.57     17.0451      0.0000     -0.0016
 j = 9/2+  (   g 9/2)  0.52     33.8688      0.0000     -0.0054
 j = 9/2+  (   g 9/2)  0.74     42.7429      0.0000     -0.2709
 j = 9/2+  (   g 9/2)  0.60     58.1116      0.0000     -0.0173
 j = 9/2+  (   g 9/2)  0.65     66.0430      0.0000     -0.1361
 j = 9/2+  (   g 9/2)  0.67    105.8979      0.0000     -0.0655
 j = 9/2-  (   h 9/2)  0.98      1.6819      0.0058     -0.7117
 j = 9/2-  (   h 9/2)  0.58     18.9742      0.0000     -0.0025
 j = 9/2-  (   h 9/2)  0.86     29.3370      0.0000     -0.3575
 j = 9/2-  (   h 9/2)  0.53     35.5251      0.0000     -0.0105
 j = 9/2-  (   h 9/2)  0.63     55.5880      0.0000     -0.2147
 j = 9/2-  (   h 9/2)  0.66     59.7866      0.0000     -0.0370
 j = 9/2-  (   h 9/2)  0.65    101.2375      0.0000     -0.0982
 j =11/2+  (   i11/2)  0.96     13.2918      0.0004     -0.6318
 j =11/2+  (   i11/2)  0.56     20.0105      0.0000     -0.0015
 j =11/2+  (   i11/2)  0.53     35.8553      0.0000     -0.0063
 j =11/2+  (   i11/2)  0.80     40.1810      0.0000     -0.2605
 j =11/2+  (   i11/2)  0.60     59.6467      0.0000     -0.0192
 j =11/2+  (   i11/2)  0.65     70.0713      0.0000     -0.1682
 j =11/2+  (   i11/2)  0.69    103.8224      0.0000     -0.0729
 j =11/2-  (   h11/2)  0.98     -4.7204      0.9625     -0.7275
 j =11/2-  (   h11/2)  0.58     18.9338      0.0000     -0.0027
 j =11/2-  (   h11/2)  0.87     26.1718      0.0000     -0.3509
 j =11/2-  (   h11/2)  0.53     35.4813      0.0000     -0.0110
 j =11/2-  (   h11/2)  0.63     53.5467      0.0000     -0.2165
 j =11/2-  (   h11/2)  0.66     58.8539      0.0000     -0.0371
 j =11/2-  (   h11/2)  0.65     99.9057      0.0000     -0.0971
 j =13/2+  (   i13/2)  0.97      5.1008      0.0016     -0.6424
 j =13/2+  (   i13/2)  0.56     19.9989      0.0000     -0.0016
 j =13/2+  (   i13/2)  0.53     35.8790      0.0000     -0.0066
 j =13/2+  (   i13/2)  0.81     36.6313      0.0000     -0.2595
 j =13/2+  (   i13/2)  0.60     59.0938      0.0000     -0.0198
 j =13/2+  (   i13/2)  0.65     67.6236      0.0000     -0.1688
 j =13/2+  (   i13/2)  0.69    101.6744      0.0000     -0.0726
 j =13/2-  (   j13/2)  0.55     22.9279      0.0000     -0.0023
 j =13/2-  (   j13/2)  0.93     24.7331      0.0001     -0.5381
 j =13/2-  (   j13/2)  0.54     39.1461      0.0000     -0.0111
 j =13/2-  (   j13/2)  0.71     51.2119      0.0000     -0.2009
 j =13/2-  (   j13/2)  0.69     62.7720      0.0000     -0.0427
 j =13/2-  (   j13/2)  0.65     99.3706      0.0000     -0.1080
 j =15/2+  (   k15/2)  0.55     24.4150      0.0000     -0.0014
 j =15/2+  (   k15/2)  0.87     36.2980      0.0000     -0.4498
 j =15/2+  (   k15/2)  0.50     40.5806      0.0000     -0.0063
 j =15/2+  (   k15/2)  0.64     62.5344      0.0000     -0.1582
 j =15/2+  (   k15/2)  0.66     64.0356      0.0000     -0.0227
 j =15/2+  (   k15/2)  0.65    104.4690      0.0000     -0.0769
 j =15/2-  (   j15/2)  0.93     15.1883      0.0002     -0.5476
 j =15/2-  (   j15/2)  0.56     22.8694      0.0000     -0.0024
 j =15/2-  (   j15/2)  0.55     39.0920      0.0000     -0.0118
 j =15/2-  (   j15/2)  0.72     47.0060      0.0000     -0.2016
 j =15/2-  (   j15/2)  0.70     61.4171      0.0000     -0.0430
 j =15/2-  (   j15/2)  0.64     96.5950      0.0000     -0.1073
 j =17/2+  (   k17/2)  0.54     24.3672      0.0000     -0.0014
 j =17/2+  (   k17/2)  0.88     25.5337      0.0001     -0.4587
 j =17/2+  (   k17/2)  0.50     40.5247      0.0000     -0.0067
 j =17/2+  (   k17/2)  0.64     57.7519      0.0000     -0.1590
 j =17/2+  (   k17/2)  0.66     62.9772      0.0000     -0.0231
 j =17/2+  (   k17/2)  0.65    101.4144      0.0000     -0.0761
 j =17/2-  (   l17/2)  0.58     28.3863      0.0000     -0.0024
 j =17/2-  (   l17/2)  0.65     44.5206      0.0000     -0.0153
 j =17/2-  (   l17/2)  0.81     47.5250      0.0000     -0.3654
 j =17/2-  (   l17/2)  0.71     65.5872      0.0000     -0.0625
 j =17/2-  (   l17/2)  0.65     95.9870      0.0000     -0.0924
 j =19/2+  (   m19/2)  0.58     30.2897      0.0000     -0.0014
 j =19/2+  (   m19/2)  0.62     46.6716      0.0000     -0.0088
 j =19/2+  (   m19/2)  0.73     59.2826      0.0000     -0.2920
 j =19/2+  (   m19/2)  0.69     68.1274      0.0000     -0.0360
 j =19/2+  (   m19/2)  0.65    102.4262      0.0000     -0.0809
 j =19/2-  (   l19/2)  0.57     28.2987      0.0000     -0.0026
 j =19/2-  (   l19/2)  0.81     35.9936      0.0000     -0.3723
 j =19/2-  (   l19/2)  0.66     44.1413      0.0000     -0.0181
 j =19/2-  (   l19/2)  0.73     62.6761      0.0000     -0.0649
 j =19/2-  (   l19/2)  0.66     91.3488      0.0000     -0.0881
 j =21/2+  (   m21/2)  0.57     30.2315      0.0000     -0.0014
 j =21/2+  (   m21/2)  0.63     46.3987      0.0000     -0.0102
 j =21/2+  (   m21/2)  0.74     47.0334      0.0000     -0.2975
 j =21/2+  (   m21/2)  0.70     66.0195      0.0000     -0.0389
 j =21/2+  (   m21/2)  0.67     96.4440      0.0000     -0.0776
 j =21/2-  (   n21/2)  0.63     35.7853      0.0000     -0.0016
 j =21/2-  (   n21/2)  0.58     55.2213      0.0000     -0.0097
 j =21/2-  (   n21/2)  0.64     71.9261      0.0000     -0.2313
 j =21/2-  (   n21/2)  0.75     85.7512      0.0000     -0.0568
 j =23/2+  (   o23/2)  0.61     37.9197      0.0000     -0.0011
 j =23/2+  (   o23/2)  0.62     57.7592      0.0000     -0.0055
 j =23/2+  (   o23/2)  0.60     83.4057      0.0000     -0.1798
 j =23/2+  (   o23/2)  0.74     86.7479      0.0000     -0.0370
 j =23/2-  (   n23/2)  0.63     35.6859      0.0000     -0.0018
 j =23/2-  (   n23/2)  0.59     54.7856      0.0000     -0.0103
 j =23/2-  (   n23/2)  0.65     58.6775      0.0000     -0.2361
 j =23/2-  (   n23/2)  0.76     80.8328      0.0000     -0.0563
 j =25/2+  (   o25/2)  0.61     37.8277      0.0000     -0.0013
 j =25/2+  (   o25/2)  0.62     57.5159      0.0000     -0.0057
 j =25/2+  (   o25/2)  0.61     69.5689      0.0000     -0.1833
 j =25/2+  (   o25/2)  0.74     82.8333      0.0000     -0.0368
 j =25/2-  (   P25/2)  0.69     45.0457      0.0000     -0.0020
 j =25/2-  (   P25/2)  0.79     66.5839      0.0000     -0.0209
 j =25/2-  (   P25/2)  0.69     89.1926      0.0000     -0.1100
 j =27/2+  (   q27/2)  0.69     47.5428      0.0000     -0.0013
 j =27/2+  (   q27/2)  0.78     70.2895      0.0000     -0.0101
 j =27/2+  (   q27/2)  0.67     94.6205      0.0000     -0.0776
 j =27/2-  (   P27/2)  0.66     44.8604      0.0000     -0.0028
 j =27/2-  (   P27/2)  0.81     65.2370      0.0000     -0.0295
 j =27/2-  (   P27/2)  0.74     78.9295      0.0000     -0.1021
 j =29/2+  (   q29/2)  0.67     47.3815      0.0000     -0.0018
 j =29/2+  (   q29/2)  0.79     69.6314      0.0000     -0.0115
 j =29/2+  (   q29/2)  0.69     85.7070      0.0000     -0.0766
 j =29/2-  (   r29/2)  0.76     57.4959      0.0000     -0.0017
 j =29/2-  (   r29/2)  0.76     85.6263      0.0000     -0.0325
 j =31/2+  (   S31/2)  0.76     60.2887      0.0000     -0.0011
 j =31/2+  (   S31/2)  0.76     90.0359      0.0000     -0.0194
 j =31/2-  (   r31/2)  0.75     57.3201      0.0000     -0.0017
 j =31/2-  (   r31/2)  0.75     82.0776      0.0000     -0.0325
 j =33/2+  (   S33/2)  0.75     60.1417      0.0000     -0.0011
 j =33/2+  (   S33/2)  0.75     87.5029      0.0000     -0.0194
 j =33/2-  (   t33/2)  0.98     75.7258      0.0000     -0.0041
 j =35/2+  (   u35/2)  0.98     78.9650      0.0000     -0.0023
 j =35/2-  (   t35/2)  0.98     75.2449      0.0000     -0.0041
 j =37/2+  (   u37/2)  0.98     78.6450      0.0000     -0.0023
  ****** END CANON **********************************
  ****** BEGIN RESU *********************************
   ****** BEGIN EXPECT *******

                            neutron        proton         total
 particle number           102.000000      80.000000     182.000000
 trace scalar density       97.347715      76.819117     174.166832
 lambda                     -9.324159      -2.948441
 spk                        12.819167      -5.526955
 rms-Radius                  5.372047       5.313134       5.346231
 charge-Radius                              5.373025
 Particle Energ          -2866.200090   -1442.342846   -4308.542936
 Selfconsistency Test.                                     0.000000

 Kinetic Energy           1394.843700     980.693799    2375.537498
 E-scsc                                               -27823.042897
 E-scve                                                23208.350032
 E-vesc                                                    0.000000
 E-veve                                                   29.153175
 E-rearrang.                                             868.494091
 Coulomb direct                                          809.252428
 Pairing Energy            -16.139438      -3.985246     -20.124684
 Sum without E-cm                                      -1420.874449
DE-cm <P**2>/2M            -10.979652      -7.592643     -18.572295
NE-cm <P**2>/2M              7.773805       4.936814      12.710619
 E-cm <P**2>/2M             -3.205847      -2.655829      -5.861676
 Total Energy                                          -1426.736125
 E/A                                                      -7.839209

  ****** END EXPECT *********************************


 quasi-particle properties Neutron:
 ------------------------------------------------------------------
     p/h    l j     [nr,l,j]  smax       Eqp       uu       vv
   1  h   1s 1/2   ( 3s  1/2) 0.96     8.256     0.008     0.992
   2  p   2s 1/2   ( 4s  1/2) 0.74    10.661     1.000     0.000
   3  p   3s 1/2   ( 4s  1/2) 0.60    15.468     1.000     0.000
   4  p   4s 1/2   ( 5s  1/2) 0.69    24.417     1.000     0.000
   5  h   5s 1/2   ( 2s  1/2) 0.91    33.010     0.001     0.999
   6  p   6s 1/2   ( 6s  1/2) 0.54    37.829     0.999     0.001
   7  h   7s 1/2   ( 1s  1/2) 0.93    53.438     0.001     0.999
   8  p   8s 1/2   ( 6s  1/2) 0.56    53.763     0.999     0.001
   9  p   9s 1/2   ( 8s  1/2) 0.60    73.661     1.000     0.000
  11  p   1p 1/2   ( 3p  1/2) 0.96     2.854     0.960     0.040
  12  p   2p 1/2   ( 4p  1/2) 0.54    12.978     0.999     0.001
  13  p   3p 1/2   ( 4p  1/2) 0.71    20.865     0.968     0.032
  14  h   4p 1/2   ( 2p  1/2) 0.94    21.637     0.034     0.966
  15  p   5p 1/2   ( 5p  1/2) 0.69    32.514     1.000     0.000
  16  h   6p 1/2   ( 1p  1/2) 0.96    46.251     0.007     0.993
  17  p   7p 1/2   ( 6p  1/2) 0.61    47.694     0.993     0.007
  18  p   8p 1/2   ( 7p  1/2) 0.65    66.928     1.000     0.000
  19  p   9p 1/2   ( 8p  1/2) 0.64    98.044     1.000     0.000
  20  h   1d 3/2   ( 2d  3/2) 0.97     9.785     0.015     0.985
  21  p   2d 3/2   ( 3d  3/2) 0.84    10.898     0.992     0.008
  22  p   3d 3/2   ( 3d  3/2) 0.49    15.398     0.999     0.001
  23  p   4d 3/2   ( 4d  3/2) 0.72    24.402     1.000     0.000
  24  h   5d 3/2   ( 1d  3/2) 0.97    36.956     0.014     0.986
  25  p   6d 3/2   ( 5d  3/2) 0.58    37.627     0.987     0.013
  26  p   7d 3/2   ( 5d  3/2) 0.55    53.355     1.000     0.000
  27  p   8d 3/2   ( 7d  3/2) 0.62    73.342     1.000     0.000
  29  p   1p 3/2   ( 3p  3/2) 0.95     2.463     0.948     0.052
  30  p   2p 3/2   ( 4p  3/2) 0.54    12.940     1.000     0.000
  31  p   3p 3/2   ( 4p  3/2) 0.72    20.732     0.993     0.007
  32  h   4p 3/2   ( 2p  3/2) 0.94    22.247     0.009     0.991
  33  p   5p 3/2   ( 5p  3/2) 0.68    32.386     1.000     0.000
  34  h   6p 3/2   ( 1p  3/2) 0.95    46.613     0.019     0.981
  35  p   7p 3/2   ( 6p  3/2) 0.61    47.499     0.982     0.018
  36  p   8p 3/2   ( 7p  3/2) 0.65    66.578     1.000     0.000
  37  p   9p 3/2   ( 8p  3/2) 0.64    97.963     1.000     0.000
  38  p   1d 5/2   ( 3d  5/2) 0.86    10.577     0.990     0.010
  39  h   2d 5/2   ( 2d  5/2) 0.96    11.408     0.016     0.984
  40  p   3d 5/2   ( 5d  5/2) 0.45    15.197     0.998     0.002
  41  p   4d 5/2   ( 4d  5/2) 0.71    24.184     1.000     0.000
  42  p   5d 5/2   ( 5d  5/2) 0.58    37.445     0.991     0.009
  43  h   6d 5/2   ( 1d  5/2) 0.97    38.294     0.009     0.991
  44  p   7d 5/2   ( 5d  5/2) 0.55    53.078     1.000     0.000
  45  p   8d 5/2   ( 7d  5/2) 0.61    72.847     1.000     0.000
  47  p   1f 5/2   ( 2f  5/2) 0.91     1.971     0.862     0.138
  48  p   2f 5/2   ( 3f  5/2) 0.56    14.299     1.000     0.000
  49  p   3f 5/2   ( 3f  5/2) 0.75    21.375     1.000     0.000
  50  h   4f 5/2   ( 1f  5/2) 0.98    26.336     0.002     0.998
  51  p   5f 5/2   ( 4f  5/2) 0.72    32.305     1.000     0.000
  52  p   6f 5/2   ( 5f  5/2) 0.65    47.395     1.000     0.000
  53  p   7f 5/2   ( 6f  5/2) 0.67    66.550     1.000     0.000
  54  p   8f 5/2   ( 7f  5/2) 0.64    96.570     1.000     0.000
  55  p   1g 7/2   ( 2g  7/2) 0.95    10.931     0.993     0.007
  56  h   2g 7/2   ( 1g  7/2) 0.97    14.886     0.018     0.982
  57  p   3g 7/2   ( 4g  7/2) 0.47    16.331     0.990     0.010
  58  p   4g 7/2   ( 3g  7/2) 0.74    25.382     1.000     0.000
  59  p   5g 7/2   ( 4g  7/2) 0.61    37.919     1.000     0.000
  60  p   6g 7/2   ( 5g  7/2) 0.56    53.235     1.000     0.000
  61  p   7g 7/2   ( 6g  7/2) 0.63    73.077     1.000     0.000
  63  h   1f 7/2   ( 2f  7/2) 0.86     1.632     0.214     0.786
  64  p   2f 7/2   ( 3f  7/2) 0.58    14.149     1.000     0.000
  65  p   3f 7/2   ( 3f  7/2) 0.73    20.815     1.000     0.000
  66  h   4f 7/2   ( 1f  7/2) 0.98    29.006     0.003     0.997
  67  p   5f 7/2   ( 4f  7/2) 0.72    31.824     0.998     0.002
  68  p   6f 7/2   ( 5f  7/2) 0.64    46.962     1.000     0.000
  69  p   7f 7/2   ( 6f  7/2) 0.66    65.730     1.000     0.000
  70  p   8f 7/2   ( 7f  7/2) 0.64    96.747     1.000     0.000
  71  p   1g 9/2   ( 2g  9/2) 0.97     8.724     0.996     0.004
  72  p   2g 9/2   ( 4g  9/2) 0.50    15.985     0.999     0.001
  73  h   3g 9/2   ( 1g  9/2) 0.98    19.219     0.004     0.996
  74  p   4g 9/2   ( 3g  9/2) 0.74    24.679     0.999     0.001
  75  p   5g 9/2   ( 4g  9/2) 0.64    37.030     1.000     0.000
  76  p   6g 9/2   ( 5g  9/2) 0.57    52.346     1.000     0.000
  77  p   7g 9/2   ( 6g  9/2) 0.63    71.780     1.000     0.000
  79  h   1h 9/2   ( 1h  9/2) 0.95     3.310     0.049     0.951
  80  p   2h 9/2   ( 2h  9/2) 0.65    16.627     1.000     0.000
  81  p   3h 9/2   ( 2h  9/2) 0.71    21.526     1.000     0.000
  82  p   4h 9/2   ( 3h  9/2) 0.76    32.224     1.000     0.000
  83  p   5h 9/2   ( 4h  9/2) 0.67    47.663     1.000     0.000
  84  p   6h 9/2   ( 5h  9/2) 0.68    66.309     1.000     0.000
  85  p   7h 9/2   ( 6h  9/2) 0.64    96.103     1.000     0.000
  86  p   1i11/2   ( 1i 11/2) 0.97     8.639     0.994     0.006
  87  p   2i11/2   ( 4i 11/2) 0.50    18.987     1.000     0.000
  88  p   3i11/2   ( 2i 11/2) 0.79    26.863     1.000     0.000
  89  p   4i11/2   ( 3i 11/2) 0.70    37.227     1.000     0.000
  90  p   5i11/2   ( 4i 11/2) 0.62    52.707     1.000     0.000
  91  p   6i11/2   ( 5i 11/2) 0.65    72.505     1.000     0.000
  93  h   1h11/2   ( 1h 11/2) 0.98     9.232     0.007     0.993
  94  p   2h11/2   ( 2h 11/2) 0.80    15.961     1.000     0.000
  95  p   3h11/2   ( 2h 11/2) 0.56    20.051     1.000     0.000
  96  p   4h11/2   ( 3h 11/2) 0.76    31.121     1.000     0.000
  97  p   5h11/2   ( 4h 11/2) 0.69    46.371     1.000     0.000
  98  p   6h11/2   ( 5h 11/2) 0.68    64.270     1.000     0.000
  99  p   7h11/2   ( 6h 11/2) 0.64    95.104     1.000     0.000
 100  p   1i13/2   ( 1i 13/2) 0.86     1.613     0.781     0.219
 101  p   2i13/2   ( 2i 13/2) 0.49    18.825     1.000     0.000
 102  p   3i13/2   ( 2i 13/2) 0.80    25.543     1.000     0.000
 103  p   4i13/2   ( 3i 13/2) 0.74    35.637     1.000     0.000
 104  p   5i13/2   ( 4i 13/2) 0.65    51.178     1.000     0.000
 105  p   6i13/2   ( 5i 13/2) 0.66    69.977     1.000     0.000
 107  p   1j13/2   ( 1j 13/2) 0.94    18.844     0.999     0.001
 108  p   2j13/2   ( 4j 13/2) 0.50    22.574     1.000     0.000
 109  p   3j13/2   ( 2j 13/2) 0.79    33.620     1.000     0.000
 110  p   4j13/2   ( 3j 13/2) 0.73    47.274     1.000     0.000
 111  p   5j13/2   ( 4j 13/2) 0.71    64.843     1.000     0.000
 112  p   6j13/2   ( 5j 13/2) 0.64    94.457     1.000     0.000
 113  p   1k15/2   ( 3k 15/2) 0.50    23.567     1.000     0.000
 114  p   2k15/2   ( 1k 15/2) 0.88    28.763     1.000     0.000
 115  p   3k15/2   ( 2k 15/2) 0.75    38.112     1.000     0.000
 116  p   4k15/2   ( 3k 15/2) 0.65    53.039     1.000     0.000
 117  p   5k15/2   ( 4k 15/2) 0.68    71.202     1.000     0.000
 119  p   1j15/2   ( 1j 15/2) 0.97    10.827     0.997     0.003
 120  p   2j15/2   ( 3j 15/2) 0.52    21.961     1.000     0.000
 121  p   3j15/2   ( 2j 15/2) 0.78    32.026     1.000     0.000
 122  p   4j15/2   ( 3j 15/2) 0.76    45.267     1.000     0.000
 123  p   5j15/2   ( 4j 15/2) 0.72    62.082     1.000     0.000
 124  p   6j15/2   ( 6j 15/2) 0.64    91.599     1.000     0.000
 125  p   1k17/2   ( 1k 17/2) 0.96    20.134     0.999     0.001
 126  p   2k17/2   ( 3k 17/2) 0.51    24.187     1.000     0.000
 127  p   3k17/2   ( 2k 17/2) 0.78    35.692     1.000     0.000
 128  p   4k17/2   ( 3k 17/2) 0.72    50.601     1.000     0.000
 129  p   5k17/2   ( 4k 17/2) 0.71    67.679     1.000     0.000
 130  p   6k17/2   ( 5k 17/2) 0.64    97.455     1.000     0.000
 131  p   1l17/2   ( 3l 17/2) 0.56    27.517     1.000     0.000
 132  p   2l17/2   ( 1l 17/2) 0.86    36.635     1.000     0.000
 133  p   3l17/2   ( 2l 17/2) 0.76    47.359     1.000     0.000
 134  p   4l17/2   ( 3l 17/2) 0.72    65.325     1.000     0.000
 135  p   5l17/2   ( 5l 17/2) 0.65    91.334     1.000     0.000
 136  p   1m19/2   ( 3m 19/2) 0.57    29.860     1.000     0.000
 137  p   2m19/2   ( 1m 19/2) 0.81    41.554     1.000     0.000
 138  p   3m19/2   ( 2m 19/2) 0.69    53.177     1.000     0.000
 139  p   4m19/2   ( 3m 19/2) 0.70    70.948     1.000     0.000
 140  p   5m19/2   ( 4m 19/2) 0.65    98.682     1.000     0.000
 141  p   1l19/2   ( 1l 19/2) 0.63    27.062     1.000     0.000
 142  p   2l19/2   ( 1l 19/2) 0.75    30.273     1.000     0.000
 143  p   3l19/2   ( 2l 19/2) 0.77    43.826     1.000     0.000
 144  p   4l19/2   ( 3l 19/2) 0.75    60.673     1.000     0.000
 145  p   5l19/2   ( 5l 19/2) 0.68    86.817     1.000     0.000
 146  p   1m21/2   ( 3m 21/2) 0.57    29.798     1.000     0.000
 147  p   2m21/2   ( 1m 21/2) 0.90    37.724     1.000     0.000
 148  p   3m21/2   ( 2m 21/2) 0.80    48.119     1.000     0.000
 149  p   4m21/2   ( 3m 21/2) 0.75    65.460     1.000     0.000
 150  p   5m21/2   ( 5m 21/2) 0.67    92.496     1.000     0.000
 151  p   1n21/2   ( 2n 21/2) 0.60    34.898     1.000     0.000
 152  p   2n21/2   ( 1n 21/2) 0.81    49.651     1.000     0.000
 153  p   3n21/2   ( 2n 21/2) 0.74    64.199     1.000     0.000
 154  p   4n21/2   ( 4n 21/2) 0.67    90.263     1.000     0.000
 155  p   1o23/2   ( 2o 23/2) 0.60    37.435     1.000     0.000
 156  p   2o23/2   ( 1o 23/2) 0.79    53.542     1.000     0.000
 157  p   3o23/2   ( 2o 23/2) 0.72    69.912     1.000     0.000
 158  p   4o23/2   ( 4o 23/2) 0.66    96.196     1.000     0.000
 159  p   1n23/2   ( 2n 23/2) 0.57    34.759     1.000     0.000
 160  p   2n23/2   ( 1n 23/2) 0.86    46.815     1.000     0.000
 161  p   3n23/2   ( 2n 23/2) 0.75    57.690     1.000     0.000
 162  p   4n23/2   ( 4n 23/2) 0.74    81.114     1.000     0.000
 163  p   1o25/2   ( 2o 25/2) 0.59    37.363     1.000     0.000
 164  p   2o25/2   ( 1o 25/2) 0.85    52.174     1.000     0.000
 165  p   3o25/2   ( 2o 25/2) 0.78    63.899     1.000     0.000
 166  p   4o25/2   ( 4o 25/2) 0.73    85.678     1.000     0.000
 167  p   1P25/2   ( 2P 25/2) 0.68    44.161     1.000     0.000
 168  p   2P25/2   ( 1P 25/2) 0.78    63.764     1.000     0.000
 169  p   3P25/2   ( 3P 25/2) 0.70    86.052     1.000     0.000
 170  p   1q27/2   ( 2q 27/2) 0.68    46.931     1.000     0.000
 171  p   2q27/2   ( 1q 27/2) 0.78    67.744     1.000     0.000
 172  p   3q27/2   ( 3q 27/2) 0.69    91.467     1.000     0.000
 173  p   1P27/2   ( 2P 27/2) 0.65    43.994     1.000     0.000
 174  p   2P27/2   ( 1P 27/2) 0.79    62.305     1.000     0.000
 175  p   3P27/2   ( 3P 27/2) 0.76    75.942     1.000     0.000
 176  p   1q29/2   ( 2q 29/2) 0.67    46.794     1.000     0.000
 177  p   2q29/2   ( 1q 29/2) 0.79    67.051     1.000     0.000
 178  p   3q29/2   ( 3q 29/2) 0.71    82.619     1.000     0.000
 179  p   1r29/2   ( 1r 29/2) 0.78    56.252     1.000     0.000
 180  p   2r29/2   ( 2r 29/2) 0.77    82.474     1.000     0.000
 181  p   1S31/2   ( 1S 31/2) 0.77    59.311     1.000     0.000
 182  p   2S31/2   ( 2S 31/2) 0.77    87.018     1.000     0.000
 183  p   1r31/2   ( 1r 31/2) 0.76    56.122     1.000     0.000
 184  p   2r31/2   ( 2r 31/2) 0.76    78.923     1.000     0.000
 185  p   1S33/2   ( 1S 33/2) 0.76    59.205     1.000     0.000
 186  p   2S33/2   ( 2S 33/2) 0.76    84.494     1.000     0.000
 187  p   1t33/2   ( 1t 33/2) 0.98    73.740     1.000     0.000
 188  p   1u35/2   ( 1u 35/2) 0.98    77.238     1.000     0.000
 189  p   1t35/2   ( 1t 35/2) 0.98    73.292     1.000     0.000
 190  p   1u37/2   ( 1u 37/2) 0.98    76.952     1.000     0.000


 quasi-particle properties Proton: 
 ------------------------------------------------------------------
     p/h    l j     [nr,l,j]  smax       Eqp       uu       vv
   1  p   1s 1/2   ( 3s  1/2) 0.72     1.058     0.591     0.409
   2  p   2s 1/2   ( 4s  1/2) 0.46    15.489     1.000     0.000
   3  p   3s 1/2   ( 4s  1/2) 0.77    21.120     0.993     0.007
   4  h   4s 1/2   ( 2s  1/2) 0.87    23.488     0.010     0.990
   5  p   5s 1/2   ( 5s  1/2) 0.62    29.930     0.998     0.002
   6  h   6s 1/2   ( 1s  1/2) 0.91    43.482     0.007     0.993
   7  p   7s 1/2   ( 5s  1/2) 0.57    44.051     0.993     0.007
   8  p   8s 1/2   ( 6s  1/2) 0.59    60.373     1.000     0.000
   9  p   9s 1/2   ( 8s  1/2) 0.55    81.176     1.000     0.000
  11  p   1p 1/2   ( 3p  1/2) 0.96    10.756     0.999     0.001
  12  h   2p 1/2   ( 2p  1/2) 0.94    12.409     0.002     0.998
  13  p   3p 1/2   ( 5p  1/2) 0.49    17.130     1.000     0.000
  14  p   4p 1/2   ( 4p  1/2) 0.74    26.456     1.000     0.000
  15  h   5p 1/2   ( 1p  1/2) 0.95    36.865     0.000     1.000
  16  p   6p 1/2   ( 5p  1/2) 0.60    38.924     1.000     0.000
  17  p   7p 1/2   ( 6p  1/2) 0.54    54.298     1.000     0.000
  18  p   8p 1/2   ( 7p  1/2) 0.61    74.389     1.000     0.000
  20  h   1d 3/2   ( 2d  3/2) 0.93     1.450     0.082     0.918
  21  p   2d 3/2   ( 3d  3/2) 0.52    16.259     1.000     0.000
  22  p   3d 3/2   ( 3d  3/2) 0.79    21.012     1.000     0.000
  23  h   4d 3/2   ( 1d  3/2) 0.97    28.090     0.002     0.998
  24  p   5d 3/2   ( 4d  3/2) 0.67    29.834     0.998     0.002
  25  p   6d 3/2   ( 4d  3/2) 0.56    43.903     1.000     0.000
  26  p   7d 3/2   ( 5d  3/2) 0.60    60.102     1.000     0.000
  27  p   8d 3/2   ( 7d  3/2) 0.58    80.884     1.000     0.000
  29  p   1p 3/2   ( 3p  3/2) 0.95    10.450     0.999     0.001
  30  h   2p 3/2   ( 2p  3/2) 0.92    13.105     0.001     0.999
  31  p   3p 3/2   ( 5p  3/2) 0.49    17.095     1.000     0.000
  32  p   4p 3/2   ( 4p  3/2) 0.74    26.331     1.000     0.000
  33  h   5p 3/2   ( 1p  3/2) 0.94    37.381     0.000     1.000
  34  p   6p 3/2   ( 5p  3/2) 0.60    38.813     1.000     0.000
  35  p   7p 3/2   ( 6p  3/2) 0.54    54.095     1.000     0.000
  36  p   8p 3/2   ( 7p  3/2) 0.61    74.059     1.000     0.000
  38  h   1d 5/2   ( 2d  5/2) 0.94     2.995     0.018     0.982
  39  p   2d 5/2   ( 3d  5/2) 0.54    16.165     1.000     0.000
  40  p   3d 5/2   ( 3d  5/2) 0.77    20.669     1.000     0.000
  41  p   4d 5/2   ( 4d  5/2) 0.52    29.521     0.606     0.394
  42  h   5d 5/2   ( 1d  5/2) 0.75    29.680     0.395     0.605
  43  p   6d 5/2   ( 4d  5/2) 0.56    43.754     1.000     0.000
  44  p   7d 5/2   ( 5d  5/2) 0.59    59.806     1.000     0.000
  45  p   8d 5/2   ( 7d  5/2) 0.56    80.417     1.000     0.000
  47  p   1f 5/2   ( 2f  5/2) 0.98     9.250     0.999     0.001
  48  h   2f 5/2   ( 1f  5/2) 0.98    17.907     0.004     0.996
  49  p   3f 5/2   ( 5f  5/2) 0.49    18.420     0.996     0.004
  50  p   4f 5/2   ( 3f  5/2) 0.78    27.150     1.000     0.000
  51  p   5f 5/2   ( 4f  5/2) 0.65    38.638     1.000     0.000
  52  p   6f 5/2   ( 5f  5/2) 0.58    54.033     1.000     0.000
  53  p   7f 5/2   ( 6f  5/2) 0.63    73.974     1.000     0.000
  55  h   1g 7/2   ( 1g  7/2) 0.98     6.871     0.003     0.997
  56  p   2g 7/2   ( 2g  7/2) 0.79    17.518     1.000     0.000
  57  p   3g 7/2   ( 2g  7/2) 0.57    20.516     1.000     0.000
  58  p   4g 7/2   ( 3g  7/2) 0.71    30.464     1.000     0.000
  59  p   5g 7/2   ( 3g  7/2) 0.55    44.029     1.000     0.000
  60  p   6g 7/2   ( 4g  7/2) 0.59    59.843     1.000     0.000
  61  p   7g 7/2   ( 6g  7/2) 0.59    80.398     1.000     0.000
  63  p   1f 7/2   ( 2f  7/2) 0.97     6.978     0.998     0.002
  64  p   2f 7/2   ( 5f  7/2) 0.48    18.313     1.000     0.000
  65  h   3f 7/2   ( 1f  7/2) 0.98    20.826     0.001     0.999
  66  p   4f 7/2   ( 3f  7/2) 0.78    26.585     1.000     0.000
  67  p   5f 7/2   ( 4f  7/2) 0.65    38.062     1.000     0.000
  68  p   6f 7/2   ( 5f  7/2) 0.57    53.517     1.000     0.000
  69  p   7f 7/2   ( 6f  7/2) 0.62    73.128     1.000     0.000
  71  h   1g 9/2   ( 1g  9/2) 0.98    11.449     0.002     0.998
  72  p   2g 9/2   ( 2g  9/2) 0.93    15.937     1.000     0.000
  73  p   3g 9/2   ( 6g  9/2) 0.47    19.767     1.000     0.000
  74  p   4g 9/2   ( 3g  9/2) 0.73    29.740     1.000     0.000
  75  p   5g 9/2   ( 4g  9/2) 0.54    43.089     1.000     0.000
  76  p   6g 9/2   ( 4g  9/2) 0.56    58.793     1.000     0.000
  77  p   7g 9/2   ( 6g  9/2) 0.58    79.018     1.000     0.000
  79  p   1h 9/2   ( 1h  9/2) 0.98     4.621     0.994     0.006
  80  p   2h 9/2   ( 4h  9/2) 0.49    21.001     1.000     0.000
  81  p   3h 9/2   ( 2h  9/2) 0.84    27.424     1.000     0.000
  82  p   4h 9/2   ( 3h  9/2) 0.73    37.789     1.000     0.000
  83  p   5h 9/2   ( 4h  9/2) 0.62    53.911     1.000     0.000
  84  p   6h 9/2   ( 5h  9/2) 0.65    73.298     1.000     0.000
  86  p   1i11/2   ( 1i 11/2) 0.98    15.681     1.000     0.000
  87  p   2i11/2   ( 4i 11/2) 0.51    22.554     1.000     0.000
  88  p   3i11/2   ( 2i 11/2) 0.78    32.276     1.000     0.000
  89  p   4i11/2   ( 3i 11/2) 0.63    43.078     1.000     0.000
  90  p   5i11/2   ( 4i 11/2) 0.56    58.780     1.000     0.000
  91  p   6i11/2   ( 5i 11/2) 0.62    79.279     1.000     0.000
  93  h   1h11/2   ( 1h 11/2) 0.96     1.915     0.037     0.963
  94  p   2h11/2   ( 2h 11/2) 0.51    20.819     1.000     0.000
  95  p   3h11/2   ( 2h 11/2) 0.82    25.726     1.000     0.000
  96  p   4h11/2   ( 3h 11/2) 0.76    36.603     1.000     0.000
  97  p   5h11/2   ( 4h 11/2) 0.65    52.532     1.000     0.000
  98  p   6h11/2   ( 5h 11/2) 0.65    71.118     1.000     0.000
 100  p   1i13/2   ( 1i 13/2) 0.98     7.954     0.998     0.002
 101  p   2i13/2   ( 4i 13/2) 0.50    22.446     1.000     0.000
 102  p   3i13/2   ( 2i 13/2) 0.82    31.119     1.000     0.000
 103  p   4i13/2   ( 3i 13/2) 0.69    41.358     1.000     0.000
 104  p   5i13/2   ( 4i 13/2) 0.60    57.152     1.000     0.000
 105  p   6i13/2   ( 5i 13/2) 0.63    76.648     1.000     0.000
 107  p   1j13/2   ( 1j 13/2) 0.70    24.731     1.000     0.000
 108  p   2j13/2   ( 1j 13/2) 0.69    27.024     1.000     0.000
 109  p   3j13/2   ( 2j 13/2) 0.78    39.050     1.000     0.000
 110  p   4j13/2   ( 3j 13/2) 0.69    53.489     1.000     0.000
 111  p   5j13/2   ( 4j 13/2) 0.70    71.367     1.000     0.000
 113  p   1k15/2   ( 4k 15/2) 0.54    27.106     1.000     0.000
 114  p   2k15/2   ( 1k 15/2) 0.91    34.691     1.000     0.000
 115  p   3k15/2   ( 2k 15/2) 0.72    43.271     1.000     0.000
 116  p   4k15/2   ( 3k 15/2) 0.60    59.045     1.000     0.000
 117  p   5k15/2   ( 4k 15/2) 0.66    77.760     1.000     0.000
 119  p   1j15/2   ( 1j 15/2) 0.97    17.557     1.000     0.000
 120  p   2j15/2   ( 4j 15/2) 0.53    25.635     1.000     0.000
 121  p   3j15/2   ( 2j 15/2) 0.80    37.489     1.000     0.000
 122  p   4j15/2   ( 3j 15/2) 0.73    51.294     1.000     0.000
 123  p   5j15/2   ( 4j 15/2) 0.71    68.478     1.000     0.000
 124  p   6j15/2   ( 5j 15/2) 0.64    99.674     1.000     0.000
 125  p   1k17/2   ( 1k 17/2) 0.81    26.241     1.000     0.000
 126  p   2k17/2   ( 1k 17/2) 0.54    27.946     1.000     0.000
 127  p   3k17/2   ( 2k 17/2) 0.78    40.627     1.000     0.000
 128  p   4k17/2   ( 3k 17/2) 0.68    56.466     1.000     0.000
 129  p   5k17/2   ( 4k 17/2) 0.69    73.994     1.000     0.000
 131  p   1l17/2   ( 3l 17/2) 0.57    31.218     1.000     0.000
 132  p   2l17/2   ( 1l 17/2) 0.87    42.393     1.000     0.000
 133  p   3l17/2   ( 2l 17/2) 0.74    52.922     1.000     0.000
 134  p   4l17/2   ( 3l 17/2) 0.71    71.553     1.000     0.000
 135  p   5l17/2   ( 4l 17/2) 0.65    98.936     1.000     0.000
 136  p   1m19/2   ( 3m 19/2) 0.58    33.207     1.000     0.000
 137  p   2m19/2   ( 1m 19/2) 0.79    46.813     1.000     0.000
 138  p   3m19/2   ( 2m 19/2) 0.66    58.860     1.000     0.000
 139  p   4m19/2   ( 3m 19/2) 0.69    76.867     1.000     0.000
 141  p   1l19/2   ( 3l 19/2) 0.56    31.072     1.000     0.000
 142  p   2l19/2   ( 1l 19/2) 0.89    36.181     1.000     0.000
 143  p   3l19/2   ( 2l 19/2) 0.79    49.078     1.000     0.000
 144  p   4l19/2   ( 3l 19/2) 0.75    66.709     1.000     0.000
 145  p   5l19/2   ( 5l 19/2) 0.66    94.297     1.000     0.000
 146  p   1m21/2   ( 3m 21/2) 0.58    33.156     1.000     0.000
 147  p   2m21/2   ( 1m 21/2) 0.91    43.577     1.000     0.000
 148  p   3m21/2   ( 2m 21/2) 0.81    53.366     1.000     0.000
 149  p   4m21/2   ( 3m 21/2) 0.74    71.257     1.000     0.000
 150  p   5m21/2   ( 5m 21/2) 0.65    99.738     1.000     0.000
 151  p   1n21/2   ( 3n 21/2) 0.60    38.576     1.000     0.000
 152  p   2n21/2   ( 1n 21/2) 0.82    55.236     1.000     0.000
 153  p   3n21/2   ( 2n 21/2) 0.74    70.011     1.000     0.000
 154  p   4n21/2   ( 4n 21/2) 0.66    97.049     1.000     0.000
 155  p   1o23/2   ( 3o 23/2) 0.60    40.824     1.000     0.000
 156  p   2o23/2   ( 1o 23/2) 0.79    58.758     1.000     0.000
 157  p   3o23/2   ( 2o 23/2) 0.72    75.825     1.000     0.000
 159  p   1n23/2   ( 3n 23/2) 0.59    38.451     1.000     0.000
 160  p   2n23/2   ( 1n 23/2) 0.88    52.762     1.000     0.000
 161  p   3n23/2   ( 2n 23/2) 0.77    63.207     1.000     0.000
 162  p   4n23/2   ( 4n 23/2) 0.73    87.689     1.000     0.000
 163  p   1o25/2   ( 3o 25/2) 0.60    40.740     1.000     0.000
 164  p   2o25/2   ( 1o 25/2) 0.85    57.613     1.000     0.000
 165  p   3o25/2   ( 2o 25/2) 0.78    69.662     1.000     0.000
 166  p   4o25/2   ( 4o 25/2) 0.72    91.943     1.000     0.000
 167  p   1P25/2   ( 2P 25/2) 0.69    47.994     1.000     0.000
 168  p   2P25/2   ( 1P 25/2) 0.79    69.532     1.000     0.000
 169  p   3P25/2   ( 3P 25/2) 0.69    92.141     1.000     0.000
 170  p   1q27/2   ( 2q 27/2) 0.69    50.491     1.000     0.000
 171  p   2q27/2   ( 1q 27/2) 0.78    73.238     1.000     0.000
 172  p   3q27/2   ( 3q 27/2) 0.67    97.569     1.000     0.000
 173  p   1P27/2   ( 2P 27/2) 0.66    47.809     1.000     0.000
 174  p   2P27/2   ( 1P 27/2) 0.81    68.185     1.000     0.000
 175  p   3P27/2   ( 3P 27/2) 0.74    81.878     1.000     0.000
 176  p   1q29/2   ( 2q 29/2) 0.67    50.330     1.000     0.000
 177  p   2q29/2   ( 1q 29/2) 0.79    72.580     1.000     0.000
 178  p   3q29/2   ( 3q 29/2) 0.69    88.655     1.000     0.000
 179  p   1r29/2   ( 1r 29/2) 0.76    60.444     1.000     0.000
 180  p   2r29/2   ( 2r 29/2) 0.76    88.575     1.000     0.000
 181  p   1S31/2   ( 1S 31/2) 0.76    63.237     1.000     0.000
 182  p   2S31/2   ( 2S 31/2) 0.76    92.984     1.000     0.000
 183  p   1r31/2   ( 1r 31/2) 0.75    60.269     1.000     0.000
 184  p   2r31/2   ( 2r 31/2) 0.75    85.026     1.000     0.000
 185  p   1S33/2   ( 1S 33/2) 0.75    63.090     1.000     0.000
 186  p   2S33/2   ( 2S 33/2) 0.75    90.451     1.000     0.000
 187  p   1t33/2   ( 1t 33/2) 0.98    78.674     1.000     0.000
 188  p   1u35/2   ( 1u 35/2) 0.98    81.913     1.000     0.000
 189  p   1t35/2   ( 1t 35/2) 0.98    78.193     1.000     0.000
 190  p   1u37/2   ( 1u 37/2) 0.98    81.593     1.000     0.000
  ****** END RESU ***********************************
