
  ******************************************  
  *           Fortran 77 Code              *  
  *         Spherical H.O. basis            *  
  * Dirac-Hartree-Bogoliubov calculation   *  
  *        with density-dependent          *  
  * meson-exchange or point coupling force *  
  *          and separable pairing         *  
  * -------------------------------------- *  
  *      Niksic, Paar, Vretenar, Ring      *  
  *          18/ 4/2026/01:31:22           *
  *       Hg 180  N = 100  Z =  80
  ******************************************  
  ****** BEGIN READER *******************************
 Number of oscillator shells :    18   20
 Initialization inin,inink   :     0    0
 Nucleus: Hg 180   100  80
 Initial Gap Parameters      :     1.0000    1.0000
 Parameter set               :    DD-PC1    
  ****** END READER *********************************
  ****** BEGIN FORCES *******************************

 NEDF Parameters: DD-PC1    
           scasca    scavec    vecsca    vecvec
 GG   =   1.000000  1.000000  1.000000  1.000000
 DD   =  -0.814900  0.000000  0.000000  0.000000
  
 Density dependence parameters:
           scasca    scavec    vecsca    vecvec
 a    = -10.046200  5.919500  0.000000  0.000000
 b    =  -9.150400  8.863700  0.000000  1.836000
 c    =  -6.427300  0.000000  0.000000  0.000000
 d    =   1.372400  0.658400  0.000000  0.640300
 dsat =   0.152000
  
 TMR pairing: Tian,Ma,Ring, PRB 676, 44 (2009)
 TMR pairing strength    gl =:  -728.00000 [MeV*fm^3]
 TMR pairing width        a =:     0.64420 [fm]
  ****** END FORCES *********************************
  ****** BEGIN PREP *********************************
  
 hom =                            7.261500
 hb0 =                           20.734000
 b0  =                            2.389700
 with Coulomb force
 With microscopic c.m. correction
  ****** END PREP ***********************************
  potentials read from tape dirhb.wel
  ****** BEGIN ITER *********************************
  1.It. si =    0.0000000  E/A =    0.0000 R =    0.0000  mix = 0.50
  2.It. si =    2.5566326  E/A =   -7.7875 R =    5.3217  mix = 0.50
  3.It. si =    1.2692842  E/A =   -7.7877 R =    5.3222  mix = 0.50
  4.It. si =    0.4239581  E/A =   -7.7880 R =    5.3233  mix = 0.50
  5.It. si =    0.3984110  E/A =   -7.7882 R =    5.3247  mix = 0.50
  6.It. si =    0.3018558  E/A =   -7.7884 R =    5.3257  mix = 0.50
  7.It. si =    0.0401636  E/A =   -7.7886 R =    5.3267  mix = 0.50
  8.It. si =    0.0121966  E/A =   -7.7886 R =    5.3264  mix = 0.50
  9.It. si =    0.0094729  E/A =   -7.7887 R =    5.3265  mix = 0.50
 10.It. si =    0.0025358  E/A =   -7.7887 R =    5.3264  mix = 0.50
 11.It. si =    0.0048820  E/A =   -7.7887 R =    5.3264  mix = 0.50
 12.It. si =    0.0023342  E/A =   -7.7887 R =    5.3264  mix = 0.50
 13.It. si =    0.0009493  E/A =   -7.7887 R =    5.3264  mix = 0.50
 14.It. si =    0.0006267  E/A =   -7.7887 R =    5.3264  mix = 0.50
 15.It. si =    0.0002184  E/A =   -7.7887 R =    5.3264  mix = 0.50
 16.It. si =    0.0000497  E/A =   -7.7887 R =    5.3264  mix = 0.50
 17.It. si =    0.0000379  E/A =   -7.7887 R =    5.3264  mix = 0.50
 18.It. si =    0.0000081  E/A =   -7.7887 R =    5.3264  mix = 0.50
 19.It. si =    0.0000030  E/A =   -7.7887 R =    5.3264  mix = 0.50
 ********************************************************************
 Hg 180: Iteration converged after  19 steps   si =      0.0000003176
 ********************************************************************
  ****** END ITER ***********************************
  ****** BEGIN CANON ********************************
 single-particle energies and gaps  in the canonical basis: Neutron:
 ------------------------------------------------------------------
    j pi     (nr,l,j)  smax       Ecan       vvcan       decan
 j = 1/2+  (   s 1/2)  0.99    -58.9173      0.9997      1.6638
 j = 1/2+  (   s 1/2)  0.98    -45.6685      0.9995      1.6417
 j = 1/2+  (   s 1/2)  0.98    -18.0342      0.9921      1.5196
 j = 1/2+  (   s 1/2)  0.94      5.6138      0.0005      0.6903
 j = 1/2+  (   s 1/2)  0.71     10.0416      0.0000      0.0039
 j = 1/2+  (   s 1/2)  0.90     24.0605      0.0000      0.4069
 j = 1/2+  (   s 1/2)  0.59     32.4625      0.0000      0.0124
 j = 1/2+  (   s 1/2)  0.75     42.6080      0.0000      0.2377
 j = 1/2+  (   s 1/2)  0.60     59.9371      0.0000      0.1287
 j = 1/2+  (   s 1/2)  0.77     82.2954      0.0000      0.0619
 j = 1/2-  (   p 1/2)  0.99    -54.8917      0.9996      1.7715
 j = 1/2-  (   p 1/2)  0.98    -31.5151      0.9987      1.5992
 j = 1/2-  (   p 1/2)  0.97     -6.4957      0.0286      1.0917
 j = 1/2-  (   p 1/2)  0.72     10.5493      0.0000      0.0063
 j = 1/2-  (   p 1/2)  0.93     15.1248      0.0001      0.5694
 j = 1/2-  (   p 1/2)  0.84     32.4497      0.0000      0.3541
 j = 1/2-  (   p 1/2)  0.55     33.3151      0.0000      0.0234
 j = 1/2-  (   p 1/2)  0.65     50.5095      0.0000      0.1961
 j = 1/2-  (   p 1/2)  0.75     81.6092      0.0000      0.1071
 j = 3/2+  (   d 3/2)  0.99    -46.0240      0.9995      1.6650
 j = 3/2+  (   d 3/2)  0.98    -19.1493      0.9936      1.5408
 j = 3/2+  (   d 3/2)  0.95      4.5346      0.0008      0.7879
 j = 3/2+  (   d 3/2)  0.68      9.3581      0.0000      0.0041
 j = 3/2+  (   d 3/2)  0.87     24.6480      0.0000      0.4613
 j = 3/2+  (   d 3/2)  0.63     31.4901      0.0000      0.0122
 j = 3/2+  (   d 3/2)  0.68     44.1470      0.0000      0.2772
 j = 3/2+  (   d 3/2)  0.61     66.1877      0.0000      0.1604
 j = 3/2+  (   d 3/2)  0.80     75.1295      0.0000      0.0653
 j = 3/2-  (   p 3/2)  0.99    -55.2719      0.9996      1.7901
 j = 3/2-  (   p 3/2)  0.98    -32.1898      0.9987      1.6240
 j = 3/2-  (   p 3/2)  0.97     -6.9694      0.0367      1.0597
 j = 3/2-  (   p 3/2)  0.72     10.6110      0.0000      0.0063
 j = 3/2-  (   p 3/2)  0.93     14.8296      0.0001      0.5688
 j = 3/2-  (   p 3/2)  0.84     32.0662      0.0000      0.3497
 j = 3/2-  (   p 3/2)  0.55     33.3075      0.0000      0.0235
 j = 3/2-  (   p 3/2)  0.65     50.2038      0.0000      0.1958
 j = 3/2-  (   p 3/2)  0.75     81.5039      0.0000      0.1073
 j = 5/2+  (   d 5/2)  0.98    -47.2780      0.9995      1.6905
 j = 5/2+  (   d 5/2)  0.98    -20.8927      0.9953      1.5560
 j = 5/2+  (   d 5/2)  0.95      3.7962      0.0008      0.7701
 j = 5/2+  (   d 5/2)  0.68      9.3849      0.0000      0.0041
 j = 5/2+  (   d 5/2)  0.87     24.4311      0.0000      0.4542
 j = 5/2+  (   d 5/2)  0.63     31.4219      0.0000      0.0122
 j = 5/2+  (   d 5/2)  0.68     43.6425      0.0000      0.2735
 j = 5/2+  (   d 5/2)  0.61     66.2224      0.0000      0.1598
 j = 5/2+  (   d 5/2)  0.80     74.8586      0.0000      0.0652
 j = 5/2-  (   f 5/2)  0.98    -35.5642      0.9991      1.5703
 j = 5/2-  (   f 5/2)  0.98     -7.7923      0.0977      1.3199
 j = 5/2-  (   f 5/2)  0.71     10.7287      0.0000      0.0062
 j = 5/2-  (   f 5/2)  0.92     15.0212      0.0001      0.5978
 j = 5/2-  (   f 5/2)  0.58     32.8451      0.0000      0.0224
 j = 5/2-  (   f 5/2)  0.82     33.0773      0.0000      0.3717
 j = 5/2-  (   f 5/2)  0.60     53.6099      0.0000      0.2093
 j = 5/2-  (   f 5/2)  0.77     77.7809      0.0000      0.1085
 j = 7/2+  (   g 7/2)  0.98    -24.0423      0.9975      1.4524
 j = 7/2+  (   g 7/2)  0.95      2.8868      0.0018      1.0718
 j = 7/2+  (   g 7/2)  0.67     10.3582      0.0000      0.0039
 j = 7/2+  (   g 7/2)  0.86     25.5675      0.0001      0.5056
 j = 7/2+  (   g 7/2)  0.64     31.8153      0.0000      0.0117
 j = 7/2+  (   g 7/2)  0.66     44.7555      0.0000      0.2864
 j = 7/2+  (   g 7/2)  0.62     67.1559      0.0000      0.1595
 j = 7/2+  (   g 7/2)  0.80     73.6277      0.0000      0.0629
 j = 7/2-  (   f 7/2)  0.98    -38.2607      0.9992      1.6174
 j = 7/2-  (   f 7/2)  0.98    -10.1913      0.7129      1.2967
 j = 7/2-  (   f 7/2)  0.71     10.8250      0.0000      0.0063
 j = 7/2-  (   f 7/2)  0.92     13.8541      0.0002      0.6024
 j = 7/2-  (   f 7/2)  0.82     32.3485      0.0000      0.3608
 j = 7/2-  (   f 7/2)  0.58     32.7978      0.0000      0.0226
 j = 7/2-  (   f 7/2)  0.59     53.0636      0.0000      0.2072
 j = 7/2-  (   f 7/2)  0.77     77.8189      0.0000      0.1089
 j = 9/2+  (   g 9/2)  0.98    -28.4264      0.9984      1.5164
 j = 9/2+  (   g 9/2)  0.96      0.0743      0.0028      1.0285
 j = 9/2+  (   g 9/2)  0.67     10.4602      0.0000      0.0040
 j = 9/2+  (   g 9/2)  0.85     23.9993      0.0001      0.5111
 j = 9/2+  (   g 9/2)  0.63     31.8100      0.0000      0.0118
 j = 9/2+  (   g 9/2)  0.66     43.1672      0.0000      0.2790
 j = 9/2+  (   g 9/2)  0.62     66.8601      0.0000      0.1591
 j = 9/2+  (   g 9/2)  0.80     73.4692      0.0000      0.0633
 j = 9/2-  (   h 9/2)  0.98    -12.1968      0.9449      1.3416
 j = 9/2-  (   h 9/2)  0.69     11.7479      0.0000      0.0053
 j = 9/2-  (   h 9/2)  0.90     13.7431      0.0003      0.8045
 j = 9/2-  (   h 9/2)  0.61     32.5432      0.0000      0.0203
 j = 9/2-  (   h 9/2)  0.74     35.4810      0.0000      0.4240
 j = 9/2-  (   h 9/2)  0.63     56.7093      0.0000      0.2272
 j = 9/2-  (   h 9/2)  0.79     74.8012      0.0000      0.0983
 j =11/2+  (   i11/2)  0.97     -0.3820      0.0045      1.2441
 j =11/2+  (   i11/2)  0.65     12.3404      0.0000      0.0038
 j =11/2+  (   i11/2)  0.86     24.0026      0.0001      0.5637
 j =11/2+  (   i11/2)  0.64     32.7731      0.0000      0.0119
 j =11/2+  (   i11/2)  0.61     46.5373      0.0000      0.3455
 j =11/2+  (   i11/2)  0.61     69.4267      0.0000      0.1821
 j =11/2+  (   i11/2)  0.80     71.0142      0.0000      0.0601
 j =11/2-  (   h11/2)  0.98    -18.3787      0.9938      1.3990
 j =11/2-  (   h11/2)  0.91     10.6585      0.0004      0.7753
 j =11/2-  (   h11/2)  0.69     11.6828      0.0000      0.0053
 j =11/2-  (   h11/2)  0.61     32.2497      0.0000      0.0203
 j =11/2-  (   h11/2)  0.74     33.9625      0.0000      0.4240
 j =11/2-  (   h11/2)  0.63     54.9755      0.0000      0.2201
 j =11/2-  (   h11/2)  0.79     73.8601      0.0000      0.0975
 j =13/2+  (   i13/2)  0.97     -8.3324      0.1483      1.2617
 j =13/2+  (   i13/2)  0.66     12.4854      0.0000      0.0040
 j =13/2+  (   i13/2)  0.86     20.9891      0.0001      0.5692
 j =13/2+  (   i13/2)  0.64     32.8496      0.0000      0.0122
 j =13/2+  (   i13/2)  0.61     43.8856      0.0000      0.3422
 j =13/2+  (   i13/2)  0.60     66.7223      0.0000      0.1829
 j =13/2+  (   i13/2)  0.80     70.3287      0.0000      0.0606
 j =13/2-  (   j13/2)  0.95     10.9769      0.0007      1.0874
 j =13/2-  (   j13/2)  0.67     14.4858      0.0000      0.0057
 j =13/2-  (   j13/2)  0.62     34.1256      0.0000      0.0219
 j =13/2-  (   j13/2)  0.80     34.2917      0.0000      0.4277
 j =13/2-  (   j13/2)  0.64     60.2848      0.0000      0.2681
 j =13/2-  (   j13/2)  0.79     72.0758      0.0000      0.1048
 j =15/2+  (   k15/2)  0.64     15.8115      0.0000      0.0040
 j =15/2+  (   k15/2)  0.92     21.9849      0.0002      0.9219
 j =15/2+  (   k15/2)  0.64     35.2251      0.0000      0.0130
 j =15/2+  (   k15/2)  0.71     44.8764      0.0000      0.3396
 j =15/2+  (   k15/2)  0.79     69.9807      0.0000      0.0650
 j =15/2+  (   k15/2)  0.62     72.1417      0.0000      0.1995
 j =15/2-  (   j15/2)  0.95      1.7718      0.0024      1.1065
 j =15/2-  (   j15/2)  0.67     14.4727      0.0000      0.0059
 j =15/2-  (   j15/2)  0.80     30.5395      0.0000      0.4311
 j =15/2-  (   j15/2)  0.62     33.9756      0.0000      0.0226
 j =15/2-  (   j15/2)  0.64     57.5674      0.0000      0.2654
 j =15/2-  (   j15/2)  0.80     69.9965      0.0000      0.1044
 j =17/2+  (   k17/2)  0.91     11.8689      0.0005      0.9418
 j =17/2+  (   k17/2)  0.64     15.7950      0.0000      0.0041
 j =17/2+  (   k17/2)  0.64     35.1602      0.0000      0.0133
 j =17/2+  (   k17/2)  0.70     40.2584      0.0000      0.3409
 j =17/2+  (   k17/2)  0.79     68.3917      0.0000      0.0648
 j =17/2+  (   k17/2)  0.62     68.9172      0.0000      0.1968
 j =17/2-  (   l17/2)  0.68     19.4996      0.0000      0.0056
 j =17/2-  (   l17/2)  0.86     32.7288      0.0001      0.7647
 j =17/2-  (   l17/2)  0.56     38.6075      0.0000      0.0252
 j =17/2-  (   l17/2)  0.63     55.5136      0.0000      0.2677
 j =17/2-  (   l17/2)  0.77     75.6996      0.0000      0.1138
 j =19/2+  (   m19/2)  0.66     21.3388      0.0000      0.0038
 j =19/2+  (   m19/2)  0.58     40.1882      0.0000      0.0154
 j =19/2+  (   m19/2)  0.80     43.4600      0.0000      0.6200
 j =19/2+  (   m19/2)  0.63     67.1025      0.0000      0.2179
 j =19/2+  (   m19/2)  0.78     75.9151      0.0000      0.0727
 j =19/2-  (   l19/2)  0.68     19.4343      0.0000      0.0058
 j =19/2-  (   l19/2)  0.86     22.0425      0.0002      0.7812
 j =19/2-  (   l19/2)  0.57     38.1623      0.0000      0.0260
 j =19/2-  (   l19/2)  0.63     50.5054      0.0000      0.2685
 j =19/2-  (   l19/2)  0.78     72.4003      0.0000      0.1114
 j =21/2+  (   m21/2)  0.66     21.2688      0.0000      0.0040
 j =21/2+  (   m21/2)  0.80     32.4348      0.0001      0.6335
 j =21/2+  (   m21/2)  0.59     39.9191      0.0000      0.0159
 j =21/2+  (   m21/2)  0.63     61.0667      0.0000      0.2179
 j =21/2+  (   m21/2)  0.79     72.7675      0.0000      0.0713
 j =21/2-  (   n21/2)  0.71     27.2636      0.0000      0.0036
 j =21/2-  (   n21/2)  0.75     50.4453      0.0000      0.0265
 j =21/2-  (   n21/2)  0.73     54.7439      0.0000      0.4931
 j =21/2-  (   n21/2)  0.59     69.0939      0.0000      0.1576
 j =23/2+  (   o23/2)  0.64     28.3870      0.0000      0.0043
 j =23/2+  (   o23/2)  0.57     47.2067      0.0000      0.0226
 j =23/2+  (   o23/2)  0.65     66.1880      0.0000      0.3929
 j =23/2+  (   o23/2)  0.76     78.3452      0.0000      0.1022
 j =23/2-  (   n23/2)  0.72     27.2668      0.0000      0.0037
 j =23/2-  (   n23/2)  0.72     43.2295      0.0000      0.5048
 j =23/2-  (   n23/2)  0.75     49.4342      0.0000      0.0263
 j =23/2-  (   n23/2)  0.58     63.3453      0.0000      0.1555
 j =25/2+  (   o25/2)  0.63     28.2832      0.0000      0.0047
 j =25/2+  (   o25/2)  0.58     46.8500      0.0000      0.0237
 j =25/2+  (   o25/2)  0.64     54.0711      0.0000      0.4018
 j =25/2+  (   o25/2)  0.76     73.0231      0.0000      0.0999
 j =25/2-  (   P25/2)  0.77     35.5501      0.0000      0.0045
 j =25/2-  (   P25/2)  0.75     58.9610      0.0000      0.0433
 j =25/2-  (   P25/2)  0.61     71.5531      0.0000      0.2832
 j =27/2+  (   q27/2)  0.77     38.3497      0.0000      0.0030
 j =27/2+  (   q27/2)  0.72     61.2959      0.0000      0.0273
 j =27/2+  (   q27/2)  0.61     78.5779      0.0000      0.2025
 j =27/2-  (   P27/2)  0.77     35.5445      0.0000      0.0046
 j =27/2-  (   P27/2)  0.75     57.3468      0.0000      0.0431
 j =27/2-  (   P27/2)  0.61     61.6042      0.0000      0.2876
 j =29/2+  (   q29/2)  0.77     38.3568      0.0000      0.0030
 j =29/2+  (   q29/2)  0.71     60.2152      0.0000      0.0272
 j =29/2+  (   q29/2)  0.61     70.1309      0.0000      0.2049
 j =29/2-  (   r29/2)  0.77     47.0965      0.0000      0.0068
 j =29/2-  (   r29/2)  0.77     73.3997      0.0000      0.0954
 j =31/2+  (   S31/2)  0.77     50.1659      0.0000      0.0043
 j =31/2+  (   S31/2)  0.77     77.9613      0.0000      0.0605
 j =31/2-  (   r31/2)  0.76     46.9679      0.0000      0.0068
 j =31/2-  (   r31/2)  0.76     69.8935      0.0000      0.0957
 j =33/2+  (   S33/2)  0.76     50.0605      0.0000      0.0044
 j =33/2+  (   S33/2)  0.76     75.4744      0.0000      0.0607
 j =33/2-  (   t33/2)  0.98     64.6447      0.0000      0.0156
 j =35/2+  (   u35/2)  0.98     68.1551      0.0000      0.0095
 j =35/2-  (   t35/2)  0.98     64.2058      0.0000      0.0156
 j =37/2+  (   u37/2)  0.98     67.8755      0.0000      0.0095
 single-particle energies and gaps  in the canonical basis: Proton: 
 ------------------------------------------------------------------
    j pi     (nr,l,j)  smax       Ecan       vvcan       decan
 j = 1/2+  (   s 1/2)  0.81    -45.1715      0.9998     -1.1833
 j = 1/2+  (   s 1/2)  0.76    -26.9387      0.9992     -1.4134
 j = 1/2+  (   s 1/2)  0.94     -2.2879      0.4293     -1.0745
 j = 1/2+  (   s 1/2)  0.59     15.0983      0.0000     -0.0028
 j = 1/2+  (   s 1/2)  0.89     25.8723      0.0002     -0.8542
 j = 1/2+  (   s 1/2)  0.54     31.9066      0.0000     -0.0086
 j = 1/2+  (   s 1/2)  0.61     50.3793      0.0000     -0.3607
 j = 1/2+  (   s 1/2)  0.58     57.4217      0.0000     -0.0229
 j = 1/2+  (   s 1/2)  0.54     64.4554      0.0000     -0.1949
 j = 1/2+  (   s 1/2)  0.71    100.0650      0.0000     -0.0843
 j = 1/2-  (   p 1/2)  0.96    -39.4042      0.9998     -1.0637
 j = 1/2-  (   p 1/2)  0.94    -14.8355      0.9985     -0.9545
 j = 1/2-  (   p 1/2)  0.95      9.8466      0.0006     -0.6241
 j = 1/2-  (   p 1/2)  0.59     15.1493      0.0000     -0.0032
 j = 1/2-  (   p 1/2)  0.52     31.8011      0.0000     -0.0122
 j = 1/2-  (   p 1/2)  0.79     37.9547      0.0000     -0.4420
 j = 1/2-  (   p 1/2)  0.63     56.8763      0.0000     -0.0363
 j = 1/2-  (   p 1/2)  0.62     60.8106      0.0000     -0.2449
 j = 1/2-  (   p 1/2)  0.68     98.5387      0.0000     -0.1147
 j = 3/2+  (   d 3/2)  0.98    -30.5891      0.9997     -0.9533
 j = 3/2+  (   d 3/2)  0.97     -3.6403      0.9140     -0.8119
 j = 3/2+  (   d 3/2)  0.59     15.6146      0.0000     -0.0022
 j = 3/2+  (   d 3/2)  0.92     20.9278      0.0001     -0.4007
 j = 3/2+  (   d 3/2)  0.53     32.4594      0.0000     -0.0072
 j = 3/2+  (   d 3/2)  0.76     45.4966      0.0000     -0.2624
 j = 3/2+  (   d 3/2)  0.59     57.9566      0.0000     -0.0205
 j = 3/2+  (   d 3/2)  0.61     72.7039      0.0000     -0.1710
 j = 3/2+  (   d 3/2)  0.70    103.0141      0.0000     -0.0796
 j = 3/2-  (   p 3/2)  0.95    -39.9264      0.9998     -1.0670
 j = 3/2-  (   p 3/2)  0.93    -15.5779      0.9987     -0.9595
 j = 3/2-  (   p 3/2)  0.95      9.4374      0.0007     -0.6147
 j = 3/2-  (   p 3/2)  0.59     15.1303      0.0000     -0.0033
 j = 3/2-  (   p 3/2)  0.52     31.7723      0.0000     -0.0123
 j = 3/2-  (   p 3/2)  0.79     37.8419      0.0000     -0.4472
 j = 3/2-  (   p 3/2)  0.63     56.6270      0.0000     -0.0362
 j = 3/2-  (   p 3/2)  0.63     60.7781      0.0000     -0.2440
 j = 3/2-  (   p 3/2)  0.68     98.0949      0.0000     -0.1138
 j = 5/2+  (   d 5/2)  0.97    -32.1147      0.9997     -0.9667
 j = 5/2+  (   d 5/2)  0.96     -5.3564      0.9818     -0.8085
 j = 5/2+  (   d 5/2)  0.59     15.5390      0.0000     -0.0022
 j = 5/2+  (   d 5/2)  0.92     20.1635      0.0001     -0.4007
 j = 5/2+  (   d 5/2)  0.53     32.2858      0.0000     -0.0071
 j = 5/2+  (   d 5/2)  0.76     45.8899      0.0000     -0.2614
 j = 5/2+  (   d 5/2)  0.58     57.5475      0.0000     -0.0202
 j = 5/2+  (   d 5/2)  0.61     72.8124      0.0000     -0.1687
 j = 5/2+  (   d 5/2)  0.70    102.3258      0.0000     -0.0789
 j = 5/2-  (   f 5/2)  0.98    -20.3529      0.9994     -0.8693
 j = 5/2-  (   f 5/2)  0.97      7.2810      0.0012     -0.6626
 j = 5/2-  (   f 5/2)  0.59     16.6524      0.0000     -0.0027
 j = 5/2-  (   f 5/2)  0.86     32.7002      0.0000     -0.3260
 j = 5/2-  (   f 5/2)  0.54     34.2346      0.0000     -0.0098
 j = 5/2-  (   f 5/2)  0.62     55.4621      0.0000     -0.1818
 j = 5/2-  (   f 5/2)  0.66     59.8691      0.0000     -0.0356
 j = 5/2-  (   f 5/2)  0.64    103.0456      0.0000     -0.0987
 j = 7/2+  (   g 7/2)  0.98     -9.2451      0.9966     -0.7940
 j = 7/2+  (   g 7/2)  0.58     17.1534      0.0000     -0.0016
 j = 7/2+  (   g 7/2)  0.92     18.5328      0.0001     -0.5076
 j = 7/2+  (   g 7/2)  0.52     34.1792      0.0000     -0.0056
 j = 7/2+  (   g 7/2)  0.74     44.7115      0.0000     -0.2707
 j = 7/2+  (   g 7/2)  0.60     59.0214      0.0000     -0.0181
 j = 7/2+  (   g 7/2)  0.64     67.1958      0.0000     -0.1418
 j = 7/2+  (   g 7/2)  0.67    107.2706      0.0000     -0.0671
 j = 7/2-  (   f 7/2)  0.98    -23.2967      0.9995     -0.8961
 j = 7/2-  (   f 7/2)  0.96      4.7970      0.0020     -0.6416
 j = 7/2-  (   f 7/2)  0.59     16.6499      0.0000     -0.0028
 j = 7/2-  (   f 7/2)  0.87     31.3978      0.0000     -0.3309
 j = 7/2-  (   f 7/2)  0.55     34.2966      0.0000     -0.0100
 j = 7/2-  (   f 7/2)  0.63     54.8141      0.0000     -0.1793
 j = 7/2-  (   f 7/2)  0.66     59.4493      0.0000     -0.0357
 j = 7/2-  (   f 7/2)  0.64    103.1013      0.0000     -0.0984
 j = 9/2+  (   g 9/2)  0.98    -13.8774      0.9987     -0.8237
 j = 9/2+  (   g 9/2)  0.93     15.5837      0.0002     -0.4870
 j = 9/2+  (   g 9/2)  0.58     17.1310      0.0000     -0.0017
 j = 9/2+  (   g 9/2)  0.52     34.1598      0.0000     -0.0056
 j = 9/2+  (   g 9/2)  0.75     43.0880      0.0000     -0.2751
 j = 9/2+  (   g 9/2)  0.60     58.6636      0.0000     -0.0182
 j = 9/2+  (   g 9/2)  0.65     66.0312      0.0000     -0.1382
 j = 9/2+  (   g 9/2)  0.67    106.8302      0.0000     -0.0669
 j = 9/2-  (   h 9/2)  0.98      2.2511      0.0059     -0.7254
 j = 9/2-  (   h 9/2)  0.58     19.0548      0.0000     -0.0026
 j = 9/2-  (   h 9/2)  0.86     29.7995      0.0000     -0.3625
 j = 9/2-  (   h 9/2)  0.53     35.7690      0.0000     -0.0109
 j = 9/2-  (   h 9/2)  0.63     55.8633      0.0000     -0.2182
 j = 9/2-  (   h 9/2)  0.66     60.2823      0.0000     -0.0384
 j = 9/2-  (   h 9/2)  0.65    102.0112      0.0000     -0.0999
 j =11/2+  (   i11/2)  0.96     13.8826      0.0004     -0.6438
 j =11/2+  (   i11/2)  0.56     20.0870      0.0000     -0.0016
 j =11/2+  (   i11/2)  0.53     36.0902      0.0000     -0.0065
 j =11/2+  (   i11/2)  0.80     40.6034      0.0000     -0.2642
 j =11/2+  (   i11/2)  0.61     60.1141      0.0000     -0.0200
 j =11/2+  (   i11/2)  0.65     70.2828      0.0000     -0.1706
 j =11/2+  (   i11/2)  0.69    104.6883      0.0000     -0.0745
 j =11/2-  (   h11/2)  0.98     -4.1996      0.9607     -0.7415
 j =11/2-  (   h11/2)  0.58     19.0142      0.0000     -0.0028
 j =11/2-  (   h11/2)  0.88     26.6590      0.0000     -0.3560
 j =11/2-  (   h11/2)  0.53     35.7189      0.0000     -0.0114
 j =11/2-  (   h11/2)  0.63     53.8276      0.0000     -0.2198
 j =11/2-  (   h11/2)  0.66     59.3273      0.0000     -0.0385
 j =11/2-  (   h11/2)  0.65    100.6305      0.0000     -0.0988
 j =13/2+  (   i13/2)  0.97      5.6436      0.0016     -0.6546
 j =13/2+  (   i13/2)  0.57     20.0767      0.0000     -0.0017
 j =13/2+  (   i13/2)  0.52     36.1146      0.0000     -0.0068
 j =13/2+  (   i13/2)  0.82     37.0741      0.0000     -0.2633
 j =13/2+  (   i13/2)  0.61     59.5524      0.0000     -0.0206
 j =13/2+  (   i13/2)  0.65     67.8310      0.0000     -0.1710
 j =13/2+  (   i13/2)  0.69    102.5075      0.0000     -0.0742
 j =13/2-  (   j13/2)  0.55     23.0087      0.0000     -0.0024
 j =13/2-  (   j13/2)  0.93     25.3312      0.0001     -0.5480
 j =13/2-  (   j13/2)  0.55     39.3603      0.0000     -0.0115
 j =13/2-  (   j13/2)  0.71     51.6205      0.0000     -0.2040
 j =13/2-  (   j13/2)  0.69     63.2292      0.0000     -0.0440
 j =13/2-  (   j13/2)  0.65    100.0497      0.0000     -0.1094
 j =15/2+  (   k15/2)  0.55     24.4966      0.0000     -0.0015
 j =15/2+  (   k15/2)  0.88     36.8944      0.0000     -0.4577
 j =15/2+  (   k15/2)  0.50     40.7899      0.0000     -0.0066
 j =15/2+  (   k15/2)  0.64     62.9084      0.0000     -0.1608
 j =15/2+  (   k15/2)  0.66     64.4680      0.0000     -0.0236
 j =15/2+  (   k15/2)  0.64    105.1922      0.0000     -0.0780
 j =15/2-  (   j15/2)  0.93     15.7472      0.0002     -0.5578
 j =15/2-  (   j15/2)  0.56     22.9493      0.0000     -0.0025
 j =15/2-  (   j15/2)  0.55     39.3037      0.0000     -0.0122
 j =15/2-  (   j15/2)  0.72     47.4181      0.0000     -0.2048
 j =15/2-  (   j15/2)  0.70     61.8549      0.0000     -0.0443
 j =15/2-  (   j15/2)  0.64     97.2818      0.0000     -0.1087
 j =17/2+  (   k17/2)  0.54     24.4480      0.0000     -0.0015
 j =17/2+  (   k17/2)  0.88     26.1043      0.0001     -0.4669
 j =17/2+  (   k17/2)  0.50     40.7314      0.0000     -0.0069
 j =17/2+  (   k17/2)  0.64     58.1158      0.0000     -0.1616
 j =17/2+  (   k17/2)  0.66     63.3887      0.0000     -0.0239
 j =17/2+  (   k17/2)  0.65    102.1413      0.0000     -0.0772
 j =17/2-  (   l17/2)  0.58     28.4783      0.0000     -0.0025
 j =17/2-  (   l17/2)  0.65     44.7144      0.0000     -0.0158
 j =17/2-  (   l17/2)  0.81     48.1181      0.0000     -0.3717
 j =17/2-  (   l17/2)  0.71     66.0068      0.0000     -0.0639
 j =17/2-  (   l17/2)  0.65     96.6910      0.0000     -0.0940
 j =19/2+  (   m19/2)  0.58     30.3867      0.0000     -0.0014
 j =19/2+  (   m19/2)  0.62     46.8589      0.0000     -0.0091
 j =19/2+  (   m19/2)  0.73     59.8670      0.0000     -0.2968
 j =19/2+  (   m19/2)  0.69     68.5042      0.0000     -0.0370
 j =19/2+  (   m19/2)  0.65    103.1498      0.0000     -0.0823
 j =19/2-  (   l19/2)  0.57     28.3909      0.0000     -0.0027
 j =19/2-  (   l19/2)  0.82     36.5772      0.0000     -0.3787
 j =19/2-  (   l19/2)  0.66     44.3369      0.0000     -0.0185
 j =19/2-  (   l19/2)  0.73     63.0809      0.0000     -0.0664
 j =19/2-  (   l19/2)  0.66     92.0049      0.0000     -0.0896
 j =21/2+  (   m21/2)  0.57     30.3285      0.0000     -0.0015
 j =21/2+  (   m21/2)  0.63     46.5853      0.0000     -0.0106
 j =21/2+  (   m21/2)  0.74     47.6219      0.0000     -0.3024
 j =21/2+  (   m21/2)  0.70     66.3903      0.0000     -0.0399
 j =21/2+  (   m21/2)  0.67     97.0938      0.0000     -0.0790
 j =21/2-  (   n21/2)  0.63     35.9047      0.0000     -0.0017
 j =21/2-  (   n21/2)  0.58     55.4526      0.0000     -0.0101
 j =21/2-  (   n21/2)  0.65     72.4965      0.0000     -0.2350
 j =21/2-  (   n21/2)  0.75     86.3377      0.0000     -0.0581
 j =23/2+  (   o23/2)  0.61     38.0450      0.0000     -0.0012
 j =23/2+  (   o23/2)  0.61     57.9839      0.0000     -0.0058
 j =23/2+  (   o23/2)  0.60     83.9708      0.0000     -0.1825
 j =23/2+  (   o23/2)  0.74     87.2845      0.0000     -0.0379
 j =23/2-  (   n23/2)  0.63     35.8045      0.0000     -0.0019
 j =23/2-  (   n23/2)  0.59     55.0178      0.0000     -0.0108
 j =23/2-  (   n23/2)  0.65     59.2623      0.0000     -0.2398
 j =23/2-  (   n23/2)  0.76     81.3633      0.0000     -0.0575
 j =25/2+  (   o25/2)  0.61     37.9524      0.0000     -0.0013
 j =25/2+  (   o25/2)  0.62     57.7415      0.0000     -0.0060
 j =25/2+  (   o25/2)  0.61     70.1661      0.0000     -0.1861
 j =25/2+  (   o25/2)  0.74     83.3283      0.0000     -0.0377
 j =25/2-  (   P25/2)  0.69     45.1954      0.0000     -0.0021
 j =25/2-  (   P25/2)  0.79     66.8712      0.0000     -0.0214
 j =25/2-  (   P25/2)  0.69     89.7811      0.0000     -0.1118
 j =27/2+  (   q27/2)  0.69     47.7007      0.0000     -0.0014
 j =27/2+  (   q27/2)  0.78     70.5607      0.0000     -0.0105
 j =27/2+  (   q27/2)  0.67     95.1870      0.0000     -0.0789
 j =27/2-  (   P27/2)  0.66     45.0120      0.0000     -0.0029
 j =27/2-  (   P27/2)  0.81     65.5706      0.0000     -0.0296
 j =27/2-  (   P27/2)  0.73     79.5160      0.0000     -0.1043
 j =29/2+  (   q29/2)  0.67     47.5408      0.0000     -0.0018
 j =29/2+  (   q29/2)  0.79     69.9200      0.0000     -0.0118
 j =29/2+  (   q29/2)  0.68     86.3123      0.0000     -0.0780
 j =29/2-  (   r29/2)  0.76     57.6906      0.0000     -0.0017
 j =29/2-  (   r29/2)  0.76     86.0415      0.0000     -0.0332
 j =31/2+  (   S31/2)  0.76     60.4920      0.0000     -0.0011
 j =31/2+  (   S31/2)  0.76     90.4296      0.0000     -0.0198
 j =31/2-  (   r31/2)  0.75     57.5162      0.0000     -0.0018
 j =31/2-  (   r31/2)  0.75     82.5308      0.0000     -0.0332
 j =33/2+  (   S33/2)  0.75     60.3461      0.0000     -0.0012
 j =33/2+  (   S33/2)  0.75     87.9281      0.0000     -0.0198
 j =33/2-  (   t33/2)  0.98     75.9981      0.0000     -0.0042
 j =35/2+  (   u35/2)  0.98     79.2413      0.0000     -0.0025
 j =35/2-  (   t35/2)  0.98     75.5248      0.0000     -0.0043
 j =37/2+  (   u37/2)  0.98     78.9265      0.0000     -0.0025
  ****** END CANON **********************************
  ****** BEGIN RESU *********************************
   ****** BEGIN EXPECT *******

                            neutron        proton         total
 particle number           100.000000      80.000000     180.000000
 trace scalar density       95.449549      76.812174     172.261723
 lambda                     -9.581277      -2.441395
 spk                        12.059315      -5.619460
 rms-Radius                  5.345877       5.302059       5.326447
 charge-Radius                              5.362073
 Particle Energ          -2845.022521   -1404.453505   -4249.476026
 Selfconsistency Test.                                     0.000001

 Kinetic Energy           1358.272025     985.418325    2343.690351
 E-scsc                                               -27515.974182
 E-scve                                                22953.126869
 E-vesc                                                    0.000000
 E-veve                                                   24.755435
 E-rearrang.                                             861.020724
 Coulomb direct                                          810.998328
 Pairing Energy            -14.454827      -4.115784     -18.570611
 Sum without E-cm                                      -1401.973810
DE-cm <P**2>/2M            -10.832039      -7.705330     -18.537369
NE-cm <P**2>/2M              7.615764       5.018130      12.633894
 E-cm <P**2>/2M             -3.216275      -2.687200      -5.903475
 Total Energy                                          -1407.877285
 E/A                                                      -7.821540

  ****** END EXPECT *********************************


 quasi-particle properties Neutron:
 ------------------------------------------------------------------
     p/h    l j     [nr,l,j]  smax       Eqp       uu       vv
   1  h   1s 1/2   ( 3s  1/2) 0.96     7.971     0.008     0.992
   2  p   2s 1/2   ( 4s  1/2) 0.74    10.956     1.000     0.000
   3  p   3s 1/2   ( 4s  1/2) 0.60    15.791     1.000     0.000
   4  p   4s 1/2   ( 5s  1/2) 0.69    24.761     1.000     0.000
   5  h   5s 1/2   ( 2s  1/2) 0.91    32.803     0.001     0.999
   6  p   6s 1/2   ( 6s  1/2) 0.54    38.222     1.000     0.000
   7  h   7s 1/2   ( 1s  1/2) 0.94    53.298     0.000     1.000
   8  p   8s 1/2   ( 6s  1/2) 0.56    54.226     1.000     0.000
   9  p   9s 1/2   ( 8s  1/2) 0.60    74.190     1.000     0.000
  11  p   1p 1/2   ( 3p  1/2) 0.96     3.152     0.971     0.029
  12  p   2p 1/2   ( 4p  1/2) 0.54    13.258     1.000     0.000
  13  p   3p 1/2   ( 4p  1/2) 0.57    21.117     0.627     0.373
  14  h   4p 1/2   ( 2p  1/2) 0.76    21.403     0.375     0.625
  15  p   5p 1/2   ( 5p  1/2) 0.68    32.909     1.000     0.000
  16  h   6p 1/2   ( 1p  1/2) 0.97    46.044     0.004     0.996
  17  p   7p 1/2   ( 6p  1/2) 0.61    48.140     0.996     0.004
  18  p   8p 1/2   ( 7p  1/2) 0.65    67.441     1.000     0.000
  19  p   9p 1/2   ( 8p  1/2) 0.64    98.736     1.000     0.000
  20  h   1d 3/2   ( 2d  3/2) 0.97     9.452     0.009     0.991
  21  p   2d 3/2   ( 3d  3/2) 0.83    11.221     0.997     0.003
  22  p   3d 3/2   ( 3d  3/2) 0.50    15.722     0.999     0.001
  23  p   4d 3/2   ( 4d  3/2) 0.72    24.747     1.000     0.000
  24  h   5d 3/2   ( 1d  3/2) 0.98    36.706     0.003     0.997
  25  p   6d 3/2   ( 5d  3/2) 0.58    38.023     0.998     0.002
  26  p   7d 3/2   ( 5d  3/2) 0.55    53.823     1.000     0.000
  27  p   8d 3/2   ( 7d  3/2) 0.62    73.873     1.000     0.000
  29  p   1p 3/2   ( 3p  3/2) 0.95     2.730     0.963     0.037
  30  p   2p 3/2   ( 4p  3/2) 0.54    13.217     1.000     0.000
  31  p   3p 3/2   ( 4p  3/2) 0.72    21.046     0.980     0.020
  32  h   4p 3/2   ( 2p  3/2) 0.93    21.988     0.022     0.978
  33  p   5p 3/2   ( 5p  3/2) 0.68    32.763     1.000     0.000
  34  h   6p 3/2   ( 1p  3/2) 0.95    46.422     0.008     0.992
  35  p   7p 3/2   ( 6p  3/2) 0.61    47.920     0.992     0.008
  36  p   8p 3/2   ( 7p  3/2) 0.65    67.068     1.000     0.000
  37  p   9p 3/2   ( 8p  3/2) 0.64    98.595     1.000     0.000
  38  p   1d 5/2   ( 3d  5/2) 0.82    10.883     0.906     0.094
  39  h   2d 5/2   ( 2d  5/2) 0.92    11.122     0.100     0.900
  40  p   3d 5/2   ( 3d  5/2) 0.45    15.508     0.999     0.001
  41  p   4d 5/2   ( 4d  5/2) 0.71    24.515     1.000     0.000
  42  p   5d 5/2   ( 5d  5/2) 0.55    37.817     0.920     0.080
  43  h   6d 5/2   ( 1d  5/2) 0.93    38.066     0.080     0.920
  44  p   7d 5/2   ( 5d  5/2) 0.55    53.520     1.000     0.000
  45  p   8d 5/2   ( 7d  5/2) 0.61    73.351     1.000     0.000
  47  p   1f 5/2   ( 2f  5/2) 0.93     2.190     0.902     0.098
  48  p   2f 5/2   ( 3f  5/2) 0.55    14.586     1.000     0.000
  49  p   3f 5/2   ( 3f  5/2) 0.75    21.726     1.000     0.000
  50  h   4f 5/2   ( 1f  5/2) 0.98    26.031     0.001     0.999
  51  p   5f 5/2   ( 4f  5/2) 0.72    32.703     1.000     0.000
  52  p   6f 5/2   ( 5f  5/2) 0.65    47.837     1.000     0.000
  53  p   7f 5/2   ( 6f  5/2) 0.67    67.057     1.000     0.000
  54  p   8f 5/2   ( 7f  5/2) 0.64    97.225     1.000     0.000
  55  p   1g 7/2   ( 2g  7/2) 0.95    11.262     0.993     0.007
  56  h   2g 7/2   ( 1g  7/2) 0.97    14.541     0.012     0.988
  57  p   3g 7/2   ( 4g  7/2) 0.47    16.618     0.996     0.004
  58  p   4g 7/2   ( 3g  7/2) 0.74    25.714     1.000     0.000
  59  p   5g 7/2   ( 4g  7/2) 0.61    38.319     1.000     0.000
  60  p   6g 7/2   ( 5g  7/2) 0.56    53.698     1.000     0.000
  61  p   7g 7/2   ( 6g  7/2) 0.63    73.595     1.000     0.000
  63  h   1f 7/2   ( 2f  7/2) 0.82     1.420     0.287     0.713
  64  p   2f 7/2   ( 3f  7/2) 0.58    14.435     1.000     0.000
  65  p   3f 7/2   ( 3f  7/2) 0.73    21.156     1.000     0.000
  66  h   4f 7/2   ( 1f  7/2) 0.98    28.729     0.002     0.998
  67  p   5f 7/2   ( 4f  7/2) 0.72    32.204     0.999     0.001
  68  p   6f 7/2   ( 5f  7/2) 0.64    47.382     1.000     0.000
  69  p   7f 7/2   ( 6f  7/2) 0.66    66.212     1.000     0.000
  70  p   8f 7/2   ( 7f  7/2) 0.64    97.325     1.000     0.000
  71  p   1g 9/2   ( 2g  9/2) 0.97     9.079     0.997     0.003
  72  p   2g 9/2   ( 4g  9/2) 0.50    16.274     0.998     0.002
  73  h   3g 9/2   ( 1g  9/2) 0.98    18.913     0.004     0.996
  74  p   4g 9/2   ( 3g  9/2) 0.74    25.008     1.000     0.000
  75  p   5g 9/2   ( 4g  9/2) 0.64    37.422     1.000     0.000
  76  p   6g 9/2   ( 5g  9/2) 0.57    52.789     1.000     0.000
  77  p   7g 9/2   ( 6g  9/2) 0.63    72.278     1.000     0.000
  79  h   1h 9/2   ( 1h  9/2) 0.95     2.936     0.055     0.945
  80  p   2h 9/2   ( 2h  9/2) 0.65    16.932     1.000     0.000
  81  p   3h 9/2   ( 2h  9/2) 0.71    21.876     1.000     0.000
  82  p   4h 9/2   ( 3h  9/2) 0.76    32.582     1.000     0.000
  83  p   5h 9/2   ( 4h  9/2) 0.67    48.078     1.000     0.000
  84  p   6h 9/2   ( 5h  9/2) 0.68    66.798     1.000     0.000
  85  p   7h 9/2   ( 6h  9/2) 0.64    96.716     1.000     0.000
  86  p   1i11/2   ( 1i 11/2) 0.97     9.018     0.996     0.004
  87  p   2i11/2   ( 4i 11/2) 0.50    19.286     1.000     0.000
  88  p   3i11/2   ( 2i 11/2) 0.79    27.225     1.000     0.000
  89  p   4i11/2   ( 3i 11/2) 0.70    37.629     1.000     0.000
  90  p   5i11/2   ( 4i 11/2) 0.62    53.133     1.000     0.000
  91  p   6i11/2   ( 5i 11/2) 0.65    72.992     1.000     0.000
  93  h   1h11/2   ( 1h 11/2) 0.98     8.903     0.007     0.993
  94  p   2h11/2   ( 2h 11/2) 0.79    16.291     1.000     0.000
  95  p   3h11/2   ( 2h 11/2) 0.57    20.400     1.000     0.000
  96  p   4h11/2   ( 3h 11/2) 0.76    31.480     1.000     0.000
  97  p   5h11/2   ( 4h 11/2) 0.69    46.787     1.000     0.000
  98  p   6h11/2   ( 5h 11/2) 0.68    64.749     1.000     0.000
  99  p   7h11/2   ( 6h 11/2) 0.64    95.665     1.000     0.000
 100  p   1i13/2   ( 1i 13/2) 0.90     1.767     0.852     0.148
 101  p   2i13/2   ( 2i 13/2) 0.48    19.124     1.000     0.000
 102  p   3i13/2   ( 2i 13/2) 0.80    25.913     1.000     0.000
 103  p   4i13/2   ( 3i 13/2) 0.74    36.039     1.000     0.000
 104  p   5i13/2   ( 4i 13/2) 0.65    51.611     1.000     0.000
 105  p   6i13/2   ( 5i 13/2) 0.66    70.467     1.000     0.000
 107  p   1j13/2   ( 1j 13/2) 0.94    19.218     0.999     0.001
 108  p   2j13/2   ( 4j 13/2) 0.50    22.896     1.000     0.000
 109  p   3j13/2   ( 2j 13/2) 0.78    34.006     1.000     0.000
 110  p   4j13/2   ( 3j 13/2) 0.73    47.719     1.000     0.000
 111  p   5j13/2   ( 4j 13/2) 0.71    65.324     1.000     0.000
 112  p   6j13/2   ( 5j 13/2) 0.64    94.998     1.000     0.000
 113  p   1k15/2   ( 3k 15/2) 0.50    23.882     1.000     0.000
 114  p   2k15/2   ( 1k 15/2) 0.88    29.140     1.000     0.000
 115  p   3k15/2   ( 2k 15/2) 0.75    38.504     1.000     0.000
 116  p   4k15/2   ( 3k 15/2) 0.65    53.496     1.000     0.000
 117  p   5k15/2   ( 4k 15/2) 0.68    71.732     1.000     0.000
 119  p   1j15/2   ( 1j 15/2) 0.97    11.177     0.998     0.002
 120  p   2j15/2   ( 3j 15/2) 0.52    22.268     1.000     0.000
 121  p   3j15/2   ( 2j 15/2) 0.78    32.398     1.000     0.000
 122  p   4j15/2   ( 3j 15/2) 0.76    45.709     1.000     0.000
 123  p   5j15/2   ( 4j 15/2) 0.72    62.565     1.000     0.000
 124  p   6j15/2   ( 6j 15/2) 0.64    92.146     1.000     0.000
 125  p   1k17/2   ( 1k 17/2) 0.96    20.506     1.000     0.000
 126  p   2k17/2   ( 3k 17/2) 0.51    24.504     1.000     0.000
 127  p   3k17/2   ( 2k 17/2) 0.78    36.054     1.000     0.000
 128  p   4k17/2   ( 3k 17/2) 0.72    51.046     1.000     0.000
 129  p   5k17/2   ( 4k 17/2) 0.71    68.186     1.000     0.000
 130  p   6k17/2   ( 5k 17/2) 0.64    98.031     1.000     0.000
 131  p   1l17/2   ( 3l 17/2) 0.56    27.843     1.000     0.000
 132  p   2l17/2   ( 1l 17/2) 0.86    37.018     1.000     0.000
 133  p   3l17/2   ( 2l 17/2) 0.76    47.778     1.000     0.000
 134  p   4l17/2   ( 3l 17/2) 0.72    65.812     1.000     0.000
 135  p   5l17/2   ( 5l 17/2) 0.65    91.938     1.000     0.000
 136  p   1m19/2   ( 3m 19/2) 0.57    30.193     1.000     0.000
 137  p   2m19/2   ( 1m 19/2) 0.81    41.937     1.000     0.000
 138  p   3m19/2   ( 2m 19/2) 0.69    53.611     1.000     0.000
 139  p   4m19/2   ( 3m 19/2) 0.70    71.417     1.000     0.000
 140  p   5m19/2   ( 4m 19/2) 0.65    99.328     1.000     0.000
 141  p   1l19/2   ( 1l 19/2) 0.62    27.407     1.000     0.000
 142  p   2l19/2   ( 1l 19/2) 0.75    30.656     1.000     0.000
 143  p   3l19/2   ( 2l 19/2) 0.77    44.220     1.000     0.000
 144  p   4l19/2   ( 3l 19/2) 0.75    61.134     1.000     0.000
 145  p   5l19/2   ( 5l 19/2) 0.68    87.391     1.000     0.000
 146  p   1m21/2   ( 3m 21/2) 0.57    30.133     1.000     0.000
 147  p   2m21/2   ( 1m 21/2) 0.90    38.138     1.000     0.000
 148  p   3m21/2   ( 2m 21/2) 0.80    48.533     1.000     0.000
 149  p   4m21/2   ( 3m 21/2) 0.75    65.916     1.000     0.000
 150  p   5m21/2   ( 5m 21/2) 0.67    93.072     1.000     0.000
 151  p   1n21/2   ( 2n 21/2) 0.60    35.249     1.000     0.000
 152  p   2n21/2   ( 1n 21/2) 0.81    50.066     1.000     0.000
 153  p   3n21/2   ( 2n 21/2) 0.74    64.644     1.000     0.000
 154  p   4n21/2   ( 4n 21/2) 0.67    90.824     1.000     0.000
 155  p   1o23/2   ( 2o 23/2) 0.60    37.795     1.000     0.000
 156  p   2o23/2   ( 1o 23/2) 0.79    53.965     1.000     0.000
 157  p   3o23/2   ( 2o 23/2) 0.72    70.380     1.000     0.000
 158  p   4o23/2   ( 4o 23/2) 0.66    96.727     1.000     0.000
 159  p   1n23/2   ( 2n 23/2) 0.57    35.113     1.000     0.000
 160  p   2n23/2   ( 1n 23/2) 0.86    47.255     1.000     0.000
 161  p   3n23/2   ( 2n 23/2) 0.75    58.138     1.000     0.000
 162  p   4n23/2   ( 4n 23/2) 0.74    81.606     1.000     0.000
 163  p   1o25/2   ( 2o 25/2) 0.59    37.724     1.000     0.000
 164  p   2o25/2   ( 1o 25/2) 0.85    52.612     1.000     0.000
 165  p   3o25/2   ( 2o 25/2) 0.78    64.394     1.000     0.000
 166  p   4o25/2   ( 4o 25/2) 0.73    86.162     1.000     0.000
 167  p   1P25/2   ( 2P 25/2) 0.68    44.544     1.000     0.000
 168  p   2P25/2   ( 1P 25/2) 0.78    64.224     1.000     0.000
 169  p   3P25/2   ( 3P 25/2) 0.70    86.528     1.000     0.000
 170  p   1q27/2   ( 2q 27/2) 0.68    47.323     1.000     0.000
 171  p   2q27/2   ( 1q 27/2) 0.78    68.214     1.000     0.000
 172  p   3q27/2   ( 3q 27/2) 0.69    91.962     1.000     0.000
 173  p   1P27/2   ( 2P 27/2) 0.65    44.377     1.000     0.000
 174  p   2P27/2   ( 1P 27/2) 0.79    62.797     1.000     0.000
 175  p   3P27/2   ( 3P 27/2) 0.76    76.443     1.000     0.000
 176  p   1q29/2   ( 2q 29/2) 0.67    47.187     1.000     0.000
 177  p   2q29/2   ( 1q 29/2) 0.79    67.539     1.000     0.000
 178  p   3q29/2   ( 3q 29/2) 0.71    83.165     1.000     0.000
 179  p   1r29/2   ( 1r 29/2) 0.77    56.678     1.000     0.000
 180  p   2r29/2   ( 2r 29/2) 0.77    82.981     1.000     0.000
 181  p   1S31/2   ( 1S 31/2) 0.77    59.747     1.000     0.000
 182  p   2S31/2   ( 2S 31/2) 0.77    87.543     1.000     0.000
 183  p   1r31/2   ( 1r 31/2) 0.76    56.549     1.000     0.000
 184  p   2r31/2   ( 2r 31/2) 0.76    79.475     1.000     0.000
 185  p   1S33/2   ( 1S 33/2) 0.76    59.642     1.000     0.000
 186  p   2S33/2   ( 2S 33/2) 0.76    85.056     1.000     0.000
 187  p   1t33/2   ( 1t 33/2) 0.98    74.226     1.000     0.000
 188  p   1u35/2   ( 1u 35/2) 0.98    77.736     1.000     0.000
 189  p   1t35/2   ( 1t 35/2) 0.98    73.787     1.000     0.000
 190  p   1u37/2   ( 1u 37/2) 0.98    77.457     1.000     0.000


 quasi-particle properties Proton: 
 ------------------------------------------------------------------
     p/h    l j     [nr,l,j]  smax       Eqp       uu       vv
   1  p   1s 1/2   ( 3s  1/2) 0.71     1.059     0.571     0.429
   2  p   2s 1/2   ( 7s  1/2) 0.45    15.051     1.000     0.000
   3  p   3s 1/2   ( 4s  1/2) 0.77    20.875     0.995     0.005
   4  h   4s 1/2   ( 2s  1/2) 0.87    23.616     0.008     0.992
   5  p   5s 1/2   ( 5s  1/2) 0.61    29.709     0.998     0.002
   6  h   6s 1/2   ( 1s  1/2) 0.89    43.662     0.046     0.954
   7  p   7s 1/2   ( 5s  1/2) 0.56    43.875     0.954     0.046
   8  p   8s 1/2   ( 6s  1/2) 0.60    60.312     1.000     0.000
   9  p   9s 1/2   ( 8s  1/2) 0.55    81.260     1.000     0.000
  11  p   1p 1/2   ( 3p  1/2) 0.95    10.683     0.999     0.001
  12  h   2p 1/2   ( 2p  1/2) 0.94    12.423     0.002     0.998
  13  p   3p 1/2   ( 5p  1/2) 0.49    16.711     1.000     0.000
  14  p   4p 1/2   ( 4p  1/2) 0.74    26.159     1.000     0.000
  15  h   5p 1/2   ( 1p  1/2) 0.95    36.986     0.000     1.000
  16  p   6p 1/2   ( 5p  1/2) 0.59    38.762     1.000     0.000
  17  p   7p 1/2   ( 5p  1/2) 0.54    54.215     1.000     0.000
  18  p   8p 1/2   ( 7p  1/2) 0.61    74.451     1.000     0.000
  20  h   1d 3/2   ( 2d  3/2) 0.93     1.443     0.086     0.914
  21  p   2d 3/2   ( 3d  3/2) 0.50    15.841     1.000     0.000
  22  p   3d 3/2   ( 3d  3/2) 0.79    20.810     1.000     0.000
  23  h   4d 3/2   ( 1d  3/2) 0.97    28.163     0.004     0.996
  24  p   5d 3/2   ( 4d  3/2) 0.66    29.593     0.997     0.003
  25  p   6d 3/2   ( 4d  3/2) 0.57    43.722     1.000     0.000
  26  p   7d 3/2   ( 5d  3/2) 0.60    60.043     1.000     0.000
  27  p   8d 3/2   ( 7d  3/2) 0.57    80.966     1.000     0.000
  29  p   1p 3/2   ( 3p  3/2) 0.95    10.356     0.999     0.001
  30  h   2p 3/2   ( 2p  3/2) 0.92    13.158     0.001     0.999
  31  p   3p 3/2   ( 5p  3/2) 0.49    16.668     1.000     0.000
  32  p   4p 3/2   ( 4p  3/2) 0.73    26.023     1.000     0.000
  33  h   5p 3/2   ( 1p  3/2) 0.94    37.513     0.001     0.999
  34  p   6p 3/2   ( 5p  3/2) 0.59    38.633     1.000     0.000
  35  p   7p 3/2   ( 5p  3/2) 0.53    53.986     1.000     0.000
  36  p   8p 3/2   ( 7p  3/2) 0.60    74.095     1.000     0.000
  38  h   1d 5/2   ( 2d  5/2) 0.94     3.007     0.018     0.982
  39  p   2d 5/2   ( 3d  5/2) 0.52    15.751     1.000     0.000
  40  p   3d 5/2   ( 3d  5/2) 0.78    20.453     1.000     0.000
  41  p   4d 5/2   ( 4d  5/2) 0.65    29.303     0.963     0.037
  42  h   5d 5/2   ( 1d  5/2) 0.95    29.722     0.038     0.962
  43  p   6d 5/2   ( 4d  5/2) 0.56    43.554     1.000     0.000
  44  p   7d 5/2   ( 5d  5/2) 0.59    59.716     1.000     0.000
  45  p   8d 5/2   ( 7d  5/2) 0.56    80.466     1.000     0.000
  47  p   1f 5/2   ( 2f  5/2) 0.98     9.239     0.999     0.001
  48  h   2f 5/2   ( 1f  5/2) 0.87    17.917     0.216     0.784
  49  p   3f 5/2   ( 5f  5/2) 0.43    17.996     0.785     0.215
  50  p   4f 5/2   ( 3f  5/2) 0.77    26.873     1.000     0.000
  51  p   5f 5/2   ( 4f  5/2) 0.64    38.488     1.000     0.000
  52  p   6f 5/2   ( 5f  5/2) 0.57    53.931     1.000     0.000
  53  p   7f 5/2   ( 6f  5/2) 0.63    74.023     1.000     0.000
  55  h   1g 7/2   ( 1g  7/2) 0.98     6.849     0.003     0.997
  56  p   2g 7/2   ( 2g  7/2) 0.75    17.249     1.000     0.000
  57  p   3g 7/2   ( 2g  7/2) 0.62    20.261     1.000     0.000
  58  p   4g 7/2   ( 3g  7/2) 0.71    30.162     1.000     0.000
  59  p   5g 7/2   ( 3g  7/2) 0.56    43.849     1.000     0.000
  60  p   6g 7/2   ( 4g  7/2) 0.59    59.777     1.000     0.000
  61  p   7g 7/2   ( 6g  7/2) 0.59    80.461     1.000     0.000
  63  p   1f 7/2   ( 2f  7/2) 0.97     6.974     0.998     0.002
  64  p   2f 7/2   ( 5f  7/2) 0.48    17.869     1.000     0.000
  65  h   3f 7/2   ( 1f  7/2) 0.98    20.875     0.001     0.999
  66  p   4f 7/2   ( 3f  7/2) 0.77    26.306     1.000     0.000
  67  p   5f 7/2   ( 4f  7/2) 0.65    37.892     1.000     0.000
  68  p   6f 7/2   ( 5f  7/2) 0.56    53.385     1.000     0.000
  69  p   7f 7/2   ( 6f  7/2) 0.61    73.145     1.000     0.000
  71  h   1g 9/2   ( 1g  9/2) 0.98    11.464     0.002     0.998
  72  p   2g 9/2   ( 2g  9/2) 0.92    15.821     1.000     0.000
  73  p   3g 9/2   ( 6g  9/2) 0.47    19.400     1.000     0.000
  74  p   4g 9/2   ( 3g  9/2) 0.72    29.423     1.000     0.000
  75  p   5g 9/2   ( 4g  9/2) 0.54    42.906     1.000     0.000
  76  p   6g 9/2   ( 4g  9/2) 0.57    58.698     1.000     0.000
  77  p   7g 9/2   ( 6g  9/2) 0.58    79.052     1.000     0.000
  79  p   1h 9/2   ( 1h  9/2) 0.98     4.681     0.994     0.006
  80  p   2h 9/2   ( 4h  9/2) 0.49    20.568     1.000     0.000
  81  p   3h 9/2   ( 2h  9/2) 0.84    27.236     1.000     0.000
  82  p   4h 9/2   ( 3h  9/2) 0.73    37.581     1.000     0.000
  83  p   5h 9/2   ( 4h  9/2) 0.61    53.769     1.000     0.000
  84  p   6h 9/2   ( 5h  9/2) 0.65    73.330     1.000     0.000
  86  p   1i11/2   ( 1i 11/2) 0.98    15.739     1.000     0.000
  87  p   2i11/2   ( 4i 11/2) 0.51    22.118     1.000     0.000
  88  p   3i11/2   ( 2i 11/2) 0.78    31.981     1.000     0.000
  89  p   4i11/2   ( 3i 11/2) 0.62    42.934     1.000     0.000
  90  p   5i11/2   ( 4i 11/2) 0.55    58.660     1.000     0.000
  91  p   6i11/2   ( 5i 11/2) 0.62    79.302     1.000     0.000
  93  h   1h11/2   ( 1h 11/2) 0.96     1.908     0.039     0.961
  94  p   2h11/2   ( 2h 11/2) 0.49    20.404     1.000     0.000
  95  p   3h11/2   ( 2h 11/2) 0.83    25.576     1.000     0.000
  96  p   4h11/2   ( 3h 11/2) 0.75    36.374     1.000     0.000
  97  p   5h11/2   ( 4h 11/2) 0.64    52.382     1.000     0.000
  98  p   6h11/2   ( 5h 11/2) 0.65    71.129     1.000     0.000
 100  p   1i13/2   ( 1i 13/2) 0.98     7.987     0.998     0.002
 101  p   2i13/2   ( 4i 13/2) 0.50    22.003     1.000     0.000
 102  p   3i13/2   ( 2i 13/2) 0.81    30.847     1.000     0.000
 103  p   4i13/2   ( 3i 13/2) 0.68    41.209     1.000     0.000
 104  p   5i13/2   ( 4i 13/2) 0.59    57.018     1.000     0.000
 105  p   6i13/2   ( 5i 13/2) 0.63    76.662     1.000     0.000
 107  p   1j13/2   ( 1j 13/2) 0.63    24.444     1.000     0.000
 108  p   2j13/2   ( 1j 13/2) 0.75    26.904     1.000     0.000
 109  p   3j13/2   ( 2j 13/2) 0.78    38.789     1.000     0.000
 110  p   4j13/2   ( 3j 13/2) 0.68    53.381     1.000     0.000
 111  p   5j13/2   ( 4j 13/2) 0.69    71.370     1.000     0.000
 113  p   1k15/2   ( 4k 15/2) 0.54    26.678     1.000     0.000
 114  p   2k15/2   ( 1k 15/2) 0.90    34.575     1.000     0.000
 115  p   3k15/2   ( 2k 15/2) 0.72    43.087     1.000     0.000
 116  p   4k15/2   ( 3k 15/2) 0.60    58.919     1.000     0.000
 117  p   5k15/2   ( 4k 15/2) 0.66    77.810     1.000     0.000
 119  p   1j15/2   ( 1j 15/2) 0.97    17.592     1.000     0.000
 120  p   2j15/2   ( 4j 15/2) 0.53    25.208     1.000     0.000
 121  p   3j15/2   ( 2j 15/2) 0.80    37.202     1.000     0.000
 122  p   4j15/2   ( 3j 15/2) 0.73    51.174     1.000     0.000
 123  p   5j15/2   ( 4j 15/2) 0.70    68.452     1.000     0.000
 124  p   6j15/2   ( 5j 15/2) 0.64    99.843     1.000     0.000
 125  p   1k17/2   ( 1k 17/2) 0.73    26.028     1.000     0.000
 126  p   2k17/2   ( 1k 17/2) 0.64    27.757     1.000     0.000
 127  p   3k17/2   ( 2k 17/2) 0.78    40.319     1.000     0.000
 128  p   4k17/2   ( 3k 17/2) 0.68    56.310     1.000     0.000
 129  p   5k17/2   ( 4k 17/2) 0.68    73.990     1.000     0.000
 131  p   1l17/2   ( 3l 17/2) 0.57    30.804     1.000     0.000
 132  p   2l17/2   ( 1l 17/2) 0.86    42.203     1.000     0.000
 133  p   3l17/2   ( 2l 17/2) 0.74    52.818     1.000     0.000
 134  p   4l17/2   ( 3l 17/2) 0.71    71.531     1.000     0.000
 135  p   5l17/2   ( 4l 17/2) 0.65    99.132     1.000     0.000
 136  p   1m19/2   ( 3m 19/2) 0.58    32.797     1.000     0.000
 137  p   2m19/2   ( 1m 19/2) 0.78    46.530     1.000     0.000
 138  p   3m19/2   ( 2m 19/2) 0.65    58.781     1.000     0.000
 139  p   4m19/2   ( 3m 19/2) 0.68    76.844     1.000     0.000
 141  p   1l19/2   ( 3l 19/2) 0.56    30.670     1.000     0.000
 142  p   2l19/2   ( 1l 19/2) 0.90    36.163     1.000     0.000
 143  p   3l19/2   ( 2l 19/2) 0.79    48.839     1.000     0.000
 144  p   4l19/2   ( 3l 19/2) 0.75    66.617     1.000     0.000
 145  p   5l19/2   ( 5l 19/2) 0.66    94.446     1.000     0.000
 146  p   1m21/2   ( 3m 21/2) 0.58    32.747     1.000     0.000
 147  p   2m21/2   ( 1m 21/2) 0.91    43.456     1.000     0.000
 148  p   3m21/2   ( 2m 21/2) 0.81    53.223     1.000     0.000
 149  p   4m21/2   ( 3m 21/2) 0.74    71.146     1.000     0.000
 150  p   5m21/2   ( 4m 21/2) 0.65    99.880     1.000     0.000
 151  p   1n21/2   ( 3n 21/2) 0.60    38.187     1.000     0.000
 152  p   2n21/2   ( 1n 21/2) 0.81    54.975     1.000     0.000
 153  p   3n21/2   ( 2n 21/2) 0.74    69.984     1.000     0.000
 154  p   4n21/2   ( 4n 21/2) 0.66    97.205     1.000     0.000
 155  p   1o23/2   ( 3o 23/2) 0.60    40.441     1.000     0.000
 156  p   2o23/2   ( 1o 23/2) 0.78    58.472     1.000     0.000
 157  p   3o23/2   ( 2o 23/2) 0.71    75.772     1.000     0.000
 159  p   1n23/2   ( 3n 23/2) 0.59    38.064     1.000     0.000
 160  p   2n23/2   ( 1n 23/2) 0.88    52.615     1.000     0.000
 161  p   3n23/2   ( 2n 23/2) 0.78    63.144     1.000     0.000
 162  p   4n23/2   ( 4n 23/2) 0.73    87.723     1.000     0.000
 163  p   1o25/2   ( 3o 25/2) 0.60    40.358     1.000     0.000
 164  p   2o25/2   ( 1o 25/2) 0.84    57.374     1.000     0.000
 165  p   3o25/2   ( 2o 25/2) 0.78    69.668     1.000     0.000
 166  p   4o25/2   ( 4o 25/2) 0.72    91.974     1.000     0.000
 167  p   1P25/2   ( 2P 25/2) 0.69    47.637     1.000     0.000
 168  p   2P25/2   ( 1P 25/2) 0.79    69.313     1.000     0.000
 169  p   3P25/2   ( 3P 25/2) 0.69    92.223     1.000     0.000
 170  p   1q27/2   ( 2q 27/2) 0.69    50.142     1.000     0.000
 171  p   2q27/2   ( 1q 27/2) 0.78    73.002     1.000     0.000
 172  p   3q27/2   ( 3q 27/2) 0.67    97.628     1.000     0.000
 173  p   1P27/2   ( 2P 27/2) 0.66    47.453     1.000     0.000
 174  p   2P27/2   ( 1P 27/2) 0.81    68.012     1.000     0.000
 175  p   3P27/2   ( 3P 27/2) 0.73    81.957     1.000     0.000
 176  p   1q29/2   ( 2q 29/2) 0.67    49.982     1.000     0.000
 177  p   2q29/2   ( 1q 29/2) 0.79    72.361     1.000     0.000
 178  p   3q29/2   ( 3q 29/2) 0.68    88.754     1.000     0.000
 179  p   1r29/2   ( 1r 29/2) 0.76    60.132     1.000     0.000
 180  p   2r29/2   ( 2r 29/2) 0.76    88.483     1.000     0.000
 181  p   1S31/2   ( 1S 31/2) 0.76    62.933     1.000     0.000
 182  p   2S31/2   ( 2S 31/2) 0.76    92.871     1.000     0.000
 183  p   1r31/2   ( 1r 31/2) 0.75    59.958     1.000     0.000
 184  p   2r31/2   ( 2r 31/2) 0.75    84.972     1.000     0.000
 185  p   1S33/2   ( 1S 33/2) 0.75    62.787     1.000     0.000
 186  p   2S33/2   ( 2S 33/2) 0.75    90.370     1.000     0.000
 187  p   1t33/2   ( 1t 33/2) 0.98    78.439     1.000     0.000
 188  p   1u35/2   ( 1u 35/2) 0.98    81.683     1.000     0.000
 189  p   1t35/2   ( 1t 35/2) 0.98    77.966     1.000     0.000
 190  p   1u37/2   ( 1u 37/2) 0.98    81.368     1.000     0.000
  ****** END RESU ***********************************
