
  ******************************************  
  *           Fortran 77 Code              *  
  *         Spherical H.O. basis            *  
  * Dirac-Hartree-Bogoliubov calculation   *  
  *        with density-dependent          *  
  * meson-exchange or point coupling force *  
  *          and separable pairing         *  
  * -------------------------------------- *  
  *      Niksic, Paar, Vretenar, Ring      *  
  *          18/ 4/2026/01:31:26           *
  *       Hg 194  N = 114  Z =  80
  ******************************************  
  ****** BEGIN READER *******************************
 Number of oscillator shells :    18   20
 Initialization inin,inink   :     0    0
 Nucleus: Hg 194   114  80
 Initial Gap Parameters      :     1.0000    1.0000
 Parameter set               :    DD-PC1    
  ****** END READER *********************************
  ****** BEGIN FORCES *******************************

 NEDF Parameters: DD-PC1    
           scasca    scavec    vecsca    vecvec
 GG   =   1.000000  1.000000  1.000000  1.000000
 DD   =  -0.814900  0.000000  0.000000  0.000000
  
 Density dependence parameters:
           scasca    scavec    vecsca    vecvec
 a    = -10.046200  5.919500  0.000000  0.000000
 b    =  -9.150400  8.863700  0.000000  1.836000
 c    =  -6.427300  0.000000  0.000000  0.000000
 d    =   1.372400  0.658400  0.000000  0.640300
 dsat =   0.152000
  
 TMR pairing: Tian,Ma,Ring, PRB 676, 44 (2009)
 TMR pairing strength    gl =:  -728.00000 [MeV*fm^3]
 TMR pairing width        a =:     0.64420 [fm]
  ****** END FORCES *********************************
  ****** BEGIN PREP *********************************
  
 hom =                            7.082446
 hb0 =                           20.734000
 b0  =                            2.419719
 with Coulomb force
 With microscopic c.m. correction
  ****** END PREP ***********************************
  potentials read from tape dirhb.wel
  ****** BEGIN ITER *********************************
  1.It. si =    0.0000000  E/A =    0.0000 R =    0.0000  mix = 0.50
  2.It. si =    2.1460028  E/A =   -7.8679 R =    5.4605  mix = 0.50
  3.It. si =    1.0501084  E/A =   -7.8677 R =    5.4614  mix = 0.50
  4.It. si =    0.6795568  E/A =   -7.8674 R =    5.4628  mix = 0.50
  5.It. si =    0.8068553  E/A =   -7.8672 R =    5.4640  mix = 0.50
  6.It. si =    0.0814467  E/A =   -7.8667 R =    5.4661  mix = 0.50
  7.It. si =    0.0292475  E/A =   -7.8667 R =    5.4658  mix = 0.50
  8.It. si =    0.0476516  E/A =   -7.8667 R =    5.4656  mix = 0.50
  9.It. si =    0.0300549  E/A =   -7.8666 R =    5.4657  mix = 0.50
 10.It. si =    0.0330314  E/A =   -7.8666 R =    5.4657  mix = 0.50
 11.It. si =    0.0313563  E/A =   -7.8666 R =    5.4657  mix = 0.50
 12.It. si =    0.0069881  E/A =   -7.8665 R =    5.4657  mix = 0.50
 13.It. si =    0.0021023  E/A =   -7.8666 R =    5.4657  mix = 0.50
 14.It. si =    0.0023219  E/A =   -7.8666 R =    5.4657  mix = 0.50
 15.It. si =    0.0006901  E/A =   -7.8666 R =    5.4657  mix = 0.50
 16.It. si =    0.0002347  E/A =   -7.8666 R =    5.4657  mix = 0.50
 17.It. si =    0.0001224  E/A =   -7.8666 R =    5.4657  mix = 0.50
 18.It. si =    0.0000588  E/A =   -7.8666 R =    5.4657  mix = 0.50
 19.It. si =    0.0000118  E/A =   -7.8666 R =    5.4657  mix = 0.50
 ********************************************************************
 Hg 194: Iteration converged after  19 steps   si =      0.0000005962
 ********************************************************************
  ****** END ITER ***********************************
  ****** BEGIN CANON ********************************
 single-particle energies and gaps  in the canonical basis: Neutron:
 ------------------------------------------------------------------
    j pi     (nr,l,j)  smax       Ecan       vvcan       decan
 j = 1/2+  (   s 1/2)  0.89    -61.5747      0.9996      2.0275
 j = 1/2+  (   s 1/2)  0.88    -41.5777      0.9992      1.8500
 j = 1/2+  (   s 1/2)  0.97    -17.9347      0.9928      1.6530
 j = 1/2+  (   s 1/2)  0.95      4.4323      0.0009      0.7740
 j = 1/2+  (   s 1/2)  0.72     10.8063      0.0000      0.0053
 j = 1/2+  (   s 1/2)  0.91     21.9284      0.0001      0.4528
 j = 1/2+  (   s 1/2)  0.55     33.5353      0.0000      0.0187
 j = 1/2+  (   s 1/2)  0.81     39.6511      0.0000      0.2778
 j = 1/2+  (   s 1/2)  0.64     53.7634      0.0000      0.1488
 j = 1/2+  (   s 1/2)  0.74     84.4821      0.0000      0.0779
 j = 1/2-  (   p 1/2)  0.98    -54.9430      0.9996      1.8470
 j = 1/2-  (   p 1/2)  0.97    -31.1916      0.9985      1.7675
 j = 1/2-  (   p 1/2)  0.98     -7.0762      0.1610      1.3144
 j = 1/2-  (   p 1/2)  0.94     13.5018      0.0003      0.7001
 j = 1/2-  (   p 1/2)  0.74     14.8361      0.0000      0.0067
 j = 1/2-  (   p 1/2)  0.87     29.4101      0.0000      0.4250
 j = 1/2-  (   p 1/2)  0.79     45.4731      0.0000      0.0353
 j = 1/2-  (   p 1/2)  0.72     46.8781      0.0000      0.2582
 j = 1/2-  (   p 1/2)  0.58     66.0890      0.0000      0.1474
 j = 3/2+  (   d 3/2)  0.99    -46.0029      0.9995      1.6678
 j = 3/2+  (   d 3/2)  0.98    -19.6961      0.9949      1.6485
 j = 3/2+  (   d 3/2)  0.96      3.3721      0.0016      0.9408
 j = 3/2+  (   d 3/2)  0.69      9.6355      0.0000      0.0059
 j = 3/2+  (   d 3/2)  0.88     23.2229      0.0001      0.5684
 j = 3/2+  (   d 3/2)  0.61     31.8976      0.0000      0.0184
 j = 3/2+  (   d 3/2)  0.70     41.7622      0.0000      0.3582
 j = 3/2+  (   d 3/2)  0.60     62.2162      0.0000      0.2108
 j = 3/2+  (   d 3/2)  0.79     75.0662      0.0000      0.0915
 j = 3/2-  (   p 3/2)  0.98    -55.1479      0.9996      1.8559
 j = 3/2-  (   p 3/2)  0.97    -31.6762      0.9985      1.7898
 j = 3/2-  (   p 3/2)  0.97     -7.4076      0.2173      1.2844
 j = 3/2-  (   p 3/2)  0.94     13.3834      0.0003      0.7077
 j = 3/2-  (   p 3/2)  0.74     14.8853      0.0000      0.0068
 j = 3/2-  (   p 3/2)  0.87     29.3111      0.0000      0.4200
 j = 3/2-  (   p 3/2)  0.79     45.4961      0.0000      0.0354
 j = 3/2-  (   p 3/2)  0.72     46.6714      0.0000      0.2581
 j = 3/2-  (   p 3/2)  0.57     66.0994      0.0000      0.1476
 j = 5/2+  (   d 5/2)  0.99    -47.0280      0.9995      1.6940
 j = 5/2+  (   d 5/2)  0.98    -21.2479      0.9959      1.6655
 j = 5/2+  (   d 5/2)  0.96      2.8197      0.0017      0.9115
 j = 5/2+  (   d 5/2)  0.69      9.6669      0.0000      0.0060
 j = 5/2+  (   d 5/2)  0.88     23.2863      0.0001      0.5686
 j = 5/2+  (   d 5/2)  0.61     31.8328      0.0000      0.0184
 j = 5/2+  (   d 5/2)  0.70     41.5273      0.0000      0.3537
 j = 5/2+  (   d 5/2)  0.60     62.3753      0.0000      0.2113
 j = 5/2+  (   d 5/2)  0.79     74.8218      0.0000      0.0912
 j = 5/2-  (   f 5/2)  0.98    -36.0332      0.9992      1.6045
 j = 5/2-  (   f 5/2)  0.98     -8.4180      0.5461      1.4007
 j = 5/2-  (   f 5/2)  0.93     13.3932      0.0002      0.6567
 j = 5/2-  (   f 5/2)  0.71     14.3927      0.0000      0.0060
 j = 5/2-  (   f 5/2)  0.85     30.5937      0.0000      0.4402
 j = 5/2-  (   f 5/2)  0.77     42.0228      0.0000      0.0319
 j = 5/2-  (   f 5/2)  0.62     52.3303      0.0000      0.2821
 j = 5/2-  (   f 5/2)  0.55     62.9271      0.0000      0.1485
 j = 7/2+  (   g 7/2)  0.98    -24.7868      0.9979      1.5106
 j = 7/2+  (   g 7/2)  0.96      1.8453      0.0032      1.1595
 j = 7/2+  (   g 7/2)  0.68     10.5922      0.0000      0.0055
 j = 7/2+  (   g 7/2)  0.89     22.9993      0.0001      0.5367
 j = 7/2+  (   g 7/2)  0.62     32.2734      0.0000      0.0174
 j = 7/2+  (   g 7/2)  0.74     41.4645      0.0000      0.3250
 j = 7/2+  (   g 7/2)  0.62     64.4320      0.0000      0.2006
 j = 7/2+  (   g 7/2)  0.79     74.2574      0.0000      0.0892
 j = 7/2-  (   f 7/2)  0.98    -38.4038      0.9993      1.6463
 j = 7/2-  (   f 7/2)  0.98    -10.7333      0.9342      1.3964
 j = 7/2-  (   f 7/2)  0.93     12.4453      0.0003      0.6568
 j = 7/2-  (   f 7/2)  0.71     14.1314      0.0000      0.0059
 j = 7/2-  (   f 7/2)  0.84     30.7839      0.0000      0.4257
 j = 7/2-  (   f 7/2)  0.76     41.3696      0.0000      0.0308
 j = 7/2-  (   f 7/2)  0.60     52.6847      0.0000      0.2778
 j = 7/2-  (   f 7/2)  0.55     62.5906      0.0000      0.1463
 j = 9/2+  (   g 9/2)  0.98    -28.7973      0.9985      1.5856
 j = 9/2+  (   g 9/2)  0.97     -0.9121      0.0056      1.1090
 j = 9/2+  (   g 9/2)  0.68     10.7269      0.0000      0.0056
 j = 9/2+  (   g 9/2)  0.89     21.5703      0.0001      0.5393
 j = 9/2+  (   g 9/2)  0.62     32.2946      0.0000      0.0176
 j = 9/2+  (   g 9/2)  0.74     40.0158      0.0000      0.3167
 j = 9/2+  (   g 9/2)  0.62     64.3387      0.0000      0.2002
 j = 9/2+  (   g 9/2)  0.79     74.2268      0.0000      0.0899
 j = 9/2-  (   h 9/2)  0.97    -13.1155      0.9798      1.4141
 j = 9/2-  (   h 9/2)  0.70     12.0346      0.0000      0.0072
 j = 9/2-  (   h 9/2)  0.91     12.1178      0.0005      0.8917
 j = 9/2-  (   h 9/2)  0.79     32.6114      0.0000      0.4584
 j = 9/2-  (   h 9/2)  0.58     33.1292      0.0000      0.0287
 j = 9/2-  (   h 9/2)  0.61     51.1527      0.0000      0.2449
 j = 9/2-  (   h 9/2)  0.77     76.7551      0.0000      0.1269
 j =11/2+  (   i11/2)  0.97     -1.4323      0.0092      1.3325
 j =11/2+  (   i11/2)  0.68     12.6575      0.0000      0.0050
 j =11/2+  (   i11/2)  0.88     21.9407      0.0001      0.6319
 j =11/2+  (   i11/2)  0.62     33.2782      0.0000      0.0170
 j =11/2+  (   i11/2)  0.67     42.4780      0.0000      0.3805
 j =11/2+  (   i11/2)  0.63     63.3716      0.0000      0.1994
 j =11/2+  (   i11/2)  0.79     74.8746      0.0000      0.0817
 j =11/2-  (   h11/2)  0.98    -18.8804      0.9952      1.4827
 j =11/2-  (   h11/2)  0.93      9.1054      0.0006      0.8542
 j =11/2-  (   h11/2)  0.70     12.0302      0.0000      0.0072
 j =11/2-  (   h11/2)  0.79     30.9962      0.0000      0.4555
 j =11/2-  (   h11/2)  0.58     32.9043      0.0000      0.0288
 j =11/2-  (   h11/2)  0.61     49.5311      0.0000      0.2385
 j =11/2-  (   h11/2)  0.76     76.2090      0.0000      0.1265
 j =13/2+  (   i13/2)  0.97     -8.9535      0.7206      1.3528
 j =13/2+  (   i13/2)  0.68     12.7766      0.0000      0.0052
 j =13/2+  (   i13/2)  0.88     19.0510      0.0001      0.6397
 j =13/2+  (   i13/2)  0.62     33.2405      0.0000      0.0173
 j =13/2+  (   i13/2)  0.68     39.9348      0.0000      0.3747
 j =13/2+  (   i13/2)  0.63     61.2343      0.0000      0.1991
 j =13/2+  (   i13/2)  0.79     74.0395      0.0000      0.0818
 j =13/2-  (   j13/2)  0.96      9.8445      0.0011      1.1857
 j =13/2-  (   j13/2)  0.68     17.0585      0.0000      0.0047
 j =13/2-  (   j13/2)  0.83     31.7122      0.0000      0.4816
 j =13/2-  (   j13/2)  0.76     42.1170      0.0000      0.0270
 j =13/2-  (   j13/2)  0.64     54.4748      0.0000      0.2951
 j =13/2-  (   j13/2)  0.57     63.1839      0.0000      0.1384
 j =15/2+  (   k15/2)  0.66     15.7521      0.0000      0.0054
 j =15/2+  (   k15/2)  0.93     20.6105      0.0003      1.0152
 j =15/2+  (   k15/2)  0.62     35.2091      0.0000      0.0184
 j =15/2+  (   k15/2)  0.75     41.9497      0.0000      0.3875
 j =15/2+  (   k15/2)  0.64     66.7505      0.0000      0.2271
 j =15/2+  (   k15/2)  0.79     72.1274      0.0000      0.0868
 j =15/2-  (   j15/2)  0.96      0.9706      0.0042      1.2051
 j =15/2-  (   j15/2)  0.68     17.0665      0.0000      0.0048
 j =15/2-  (   j15/2)  0.83     28.2283      0.0000      0.4869
 j =15/2-  (   j15/2)  0.76     41.7401      0.0000      0.0271
 j =15/2-  (   j15/2)  0.63     51.8092      0.0000      0.2914
 j =15/2-  (   j15/2)  0.57     61.4453      0.0000      0.1388
 j =17/2+  (   k17/2)  0.93     10.8346      0.0007      1.0364
 j =17/2+  (   k17/2)  0.66     15.7425      0.0000      0.0055
 j =17/2+  (   k17/2)  0.62     35.1086      0.0000      0.0188
 j =17/2+  (   k17/2)  0.74     37.5974      0.0000      0.3896
 j =17/2+  (   k17/2)  0.64     63.6368      0.0000      0.2240
 j =17/2+  (   k17/2)  0.79     70.3601      0.0000      0.0864
 j =17/2-  (   l17/2)  0.69     20.9763      0.0000      0.0049
 j =17/2-  (   l17/2)  0.88     31.0964      0.0001      0.8512
 j =17/2-  (   l17/2)  0.76     44.8259      0.0000      0.0302
 j =17/2-  (   l17/2)  0.64     51.7093      0.0000      0.3071
 j =17/2-  (   l17/2)  0.60     66.9525      0.0000      0.1497
 j =19/2+  (   m19/2)  0.67     20.9803      0.0000      0.0053
 j =19/2+  (   m19/2)  0.57     39.7931      0.0000      0.0218
 j =19/2+  (   m19/2)  0.82     41.4518      0.0001      0.6976
 j =19/2+  (   m19/2)  0.64     62.9595      0.0000      0.2523
 j =19/2+  (   m19/2)  0.78     76.3085      0.0000      0.0952
 j =19/2-  (   l19/2)  0.88     20.7122      0.0002      0.8697
 j =19/2-  (   l19/2)  0.69     20.9769      0.0000      0.0049
 j =19/2-  (   l19/2)  0.76     44.2873      0.0000      0.0302
 j =19/2-  (   l19/2)  0.62     47.0420      0.0000      0.3079
 j =19/2-  (   l19/2)  0.60     63.3946      0.0000      0.1475
 j =21/2+  (   m21/2)  0.67     20.9052      0.0000      0.0056
 j =21/2+  (   m21/2)  0.82     30.7392      0.0001      0.7129
 j =21/2+  (   m21/2)  0.58     39.4465      0.0000      0.0224
 j =21/2+  (   m21/2)  0.64     57.3275      0.0000      0.2525
 j =21/2+  (   m21/2)  0.79     72.9002      0.0000      0.0931
 j =21/2-  (   n21/2)  0.72     26.6797      0.0000      0.0054
 j =21/2-  (   n21/2)  0.77     50.5219      0.0000      0.0370
 j =21/2-  (   n21/2)  0.75     52.0703      0.0000      0.5582
 j =21/2-  (   n21/2)  0.61     67.5245      0.0000      0.1920
 j =23/2+  (   o23/2)  0.64     27.7435      0.0000      0.0060
 j =23/2+  (   o23/2)  0.56     46.3188      0.0000      0.0315
 j =23/2+  (   o23/2)  0.68     63.2167      0.0000      0.4499
 j =23/2+  (   o23/2)  0.76     77.8327      0.0000      0.1287
 j =23/2-  (   n23/2)  0.72     26.6723      0.0000      0.0055
 j =23/2-  (   n23/2)  0.75     41.0557      0.0000      0.5717
 j =23/2-  (   n23/2)  0.77     49.2988      0.0000      0.0367
 j =23/2-  (   n23/2)  0.60     61.4684      0.0000      0.1898
 j =25/2+  (   o25/2)  0.64     27.6331      0.0000      0.0066
 j =25/2+  (   o25/2)  0.57     45.8701      0.0000      0.0332
 j =25/2+  (   o25/2)  0.67     51.5783      0.0000      0.4605
 j =25/2+  (   o25/2)  0.77     72.0795      0.0000      0.1253
 j =25/2-  (   P25/2)  0.77     34.6934      0.0000      0.0068
 j =25/2-  (   P25/2)  0.77     58.2584      0.0000      0.0584
 j =25/2-  (   P25/2)  0.62     69.4268      0.0000      0.3354
 j =27/2+  (   q27/2)  0.77     37.4130      0.0000      0.0045
 j =27/2+  (   q27/2)  0.73     60.3823      0.0000      0.0377
 j =27/2+  (   q27/2)  0.61     76.4742      0.0000      0.2454
 j =27/2-  (   P27/2)  0.77     34.6787      0.0000      0.0069
 j =27/2-  (   P27/2)  0.76     56.3738      0.0000      0.0579
 j =27/2-  (   P27/2)  0.61     59.3487      0.0000      0.3409
 j =29/2+  (   q29/2)  0.77     37.4143      0.0000      0.0045
 j =29/2+  (   q29/2)  0.73     59.0997      0.0000      0.0375
 j =29/2+  (   q29/2)  0.61     67.7608      0.0000      0.2486
 j =29/2-  (   r29/2)  0.78     45.9635      0.0000      0.0100
 j =29/2-  (   r29/2)  0.77     71.7022      0.0000      0.1223
 j =31/2+  (   S31/2)  0.77     48.9625      0.0000      0.0065
 j =31/2+  (   S31/2)  0.77     76.1500      0.0000      0.0797
 j =31/2-  (   r31/2)  0.76     45.8264      0.0000      0.0099
 j =31/2-  (   r31/2)  0.76     67.8876      0.0000      0.1228
 j =33/2+  (   S33/2)  0.76     48.8495      0.0000      0.0065
 j =33/2+  (   S33/2)  0.76     73.4083      0.0000      0.0799
 j =33/2-  (   t33/2)  0.98     63.0995      0.0000      0.0220
 j =35/2+  (   u35/2)  0.98     66.5316      0.0000      0.0138
 j =35/2-  (   t35/2)  0.98     62.5977      0.0000      0.0220
 j =37/2+  (   u37/2)  0.98     66.2077      0.0000      0.0138
 single-particle energies and gaps  in the canonical basis: Proton: 
 ------------------------------------------------------------------
    j pi     (nr,l,j)  smax       Ecan       vvcan       decan
 j = 1/2+  (   s 1/2)  0.76    -46.8807      0.9998     -1.0067
 j = 1/2+  (   s 1/2)  0.71    -29.5885      0.9992     -1.3115
 j = 1/2+  (   s 1/2)  0.94     -5.3892      0.2948     -1.0082
 j = 1/2+  (   s 1/2)  0.57     14.2527      0.0000     -0.0019
 j = 1/2+  (   s 1/2)  0.87     23.4076      0.0002     -0.8284
 j = 1/2+  (   s 1/2)  0.55     29.3674      0.0000     -0.0067
 j = 1/2+  (   s 1/2)  0.63     49.0909      0.0000     -0.3310
 j = 1/2+  (   s 1/2)  0.52     53.1880      0.0000     -0.0161
 j = 1/2+  (   s 1/2)  0.53     63.7675      0.0000     -0.1725
 j = 1/2+  (   s 1/2)  0.73     91.9000      0.0000     -0.0669
 j = 1/2-  (   p 1/2)  0.94    -41.9714      0.9998     -0.9261
 j = 1/2-  (   p 1/2)  0.92    -17.9221      0.9988     -0.8425
 j = 1/2-  (   p 1/2)  0.94      6.8718      0.0005     -0.5802
 j = 1/2-  (   p 1/2)  0.58     14.5613      0.0000     -0.0024
 j = 1/2-  (   p 1/2)  0.53     29.8307      0.0000     -0.0097
 j = 1/2-  (   p 1/2)  0.74     35.9395      0.0000     -0.4163
 j = 1/2-  (   p 1/2)  0.59     53.2046      0.0000     -0.0272
 j = 1/2-  (   p 1/2)  0.62     59.4861      0.0000     -0.2205
 j = 1/2-  (   p 1/2)  0.71     91.7243      0.0000     -0.0972
 j = 3/2+  (   d 3/2)  0.97    -33.6197      0.9998     -0.8206
 j = 3/2+  (   d 3/2)  0.97     -7.0454      0.9305     -0.7102
 j = 3/2+  (   d 3/2)  0.57     14.9192      0.0000     -0.0016
 j = 3/2+  (   d 3/2)  0.91     17.9076      0.0001     -0.3626
 j = 3/2+  (   d 3/2)  0.54     30.1314      0.0000     -0.0057
 j = 3/2+  (   d 3/2)  0.68     44.9565      0.0000     -0.2443
 j = 3/2+  (   d 3/2)  0.53     53.9239      0.0000     -0.0146
 j = 3/2+  (   d 3/2)  0.59     72.4939      0.0000     -0.1557
 j = 3/2+  (   d 3/2)  0.72     94.8764      0.0000     -0.0646
 j = 3/2-  (   p 3/2)  0.93    -42.4061      0.9998     -0.9257
 j = 3/2-  (   p 3/2)  0.90    -18.4332      0.9989     -0.8456
 j = 3/2-  (   p 3/2)  0.94      6.6893      0.0005     -0.5724
 j = 3/2-  (   p 3/2)  0.58     14.5445      0.0000     -0.0024
 j = 3/2-  (   p 3/2)  0.53     29.8115      0.0000     -0.0097
 j = 3/2-  (   p 3/2)  0.75     36.0973      0.0000     -0.4223
 j = 3/2-  (   p 3/2)  0.59     52.9825      0.0000     -0.0271
 j = 3/2-  (   p 3/2)  0.62     59.7672      0.0000     -0.2209
 j = 3/2-  (   p 3/2)  0.71     91.3880      0.0000     -0.0964
 j = 5/2+  (   d 5/2)  0.96    -34.9972      0.9998     -0.8296
 j = 5/2+  (   d 5/2)  0.95     -8.5519      0.9838     -0.7061
 j = 5/2+  (   d 5/2)  0.57     14.8773      0.0000     -0.0016
 j = 5/2+  (   d 5/2)  0.91     17.3357      0.0001     -0.3627
 j = 5/2+  (   d 5/2)  0.53     30.0191      0.0000     -0.0057
 j = 5/2+  (   d 5/2)  0.69     45.5030      0.0000     -0.2449
 j = 5/2+  (   d 5/2)  0.53     53.6138      0.0000     -0.0145
 j = 5/2+  (   d 5/2)  0.59     73.0225      0.0000     -0.1544
 j = 5/2+  (   d 5/2)  0.73     94.2650      0.0000     -0.0640
 j = 5/2-  (   f 5/2)  0.98    -23.7735      0.9996     -0.7395
 j = 5/2-  (   f 5/2)  0.96      3.7847      0.0009     -0.5823
 j = 5/2-  (   f 5/2)  0.59     16.0603      0.0000     -0.0020
 j = 5/2-  (   f 5/2)  0.84     29.9001      0.0000     -0.2910
 j = 5/2-  (   f 5/2)  0.53     32.2710      0.0000     -0.0076
 j = 5/2-  (   f 5/2)  0.65     54.6165      0.0000     -0.1637
 j = 5/2-  (   f 5/2)  0.64     56.0367      0.0000     -0.0266
 j = 5/2-  (   f 5/2)  0.66     97.2457      0.0000     -0.0886
 j = 7/2+  (   g 7/2)  0.98    -12.9860      0.9978     -0.6711
 j = 7/2+  (   g 7/2)  0.92     15.0697      0.0001     -0.4497
 j = 7/2+  (   g 7/2)  0.51     16.2521      0.0000     -0.0019
 j = 7/2+  (   g 7/2)  0.57     28.4847      0.0000     -0.0120
 j = 7/2+  (   g 7/2)  0.70     42.2865      0.0000     -0.2404
 j = 7/2+  (   g 7/2)  0.66     48.1596      0.0000     -0.0277
 j = 7/2+  (   g 7/2)  0.65     72.8624      0.0000     -0.0804
 j = 7/2+  (   g 7/2)  0.64    105.9578      0.0000     -0.0807
 j = 7/2-  (   f 7/2)  0.98    -26.4873      0.9997     -0.7593
 j = 7/2-  (   f 7/2)  0.96      1.4335      0.0015     -0.5651
 j = 7/2-  (   f 7/2)  0.59     16.0476      0.0000     -0.0021
 j = 7/2-  (   f 7/2)  0.85     28.7939      0.0000     -0.2959
 j = 7/2-  (   f 7/2)  0.53     32.3350      0.0000     -0.0077
 j = 7/2-  (   f 7/2)  0.65     54.4469      0.0000     -0.1625
 j = 7/2-  (   f 7/2)  0.64     55.6529      0.0000     -0.0266
 j = 7/2-  (   f 7/2)  0.65     97.5081      0.0000     -0.0884
 j = 9/2+  (   g 9/2)  0.98    -17.3186      0.9991     -0.6947
 j = 9/2+  (   g 9/2)  0.92     12.1992      0.0001     -0.4316
 j = 9/2+  (   g 9/2)  0.51     16.2431      0.0000     -0.0019
 j = 9/2+  (   g 9/2)  0.57     28.3632      0.0000     -0.0123
 j = 9/2+  (   g 9/2)  0.71     40.7283      0.0000     -0.2449
 j = 9/2+  (   g 9/2)  0.66     47.9316      0.0000     -0.0277
 j = 9/2+  (   g 9/2)  0.65     71.5960      0.0000     -0.0765
 j = 9/2+  (   g 9/2)  0.63    106.4381      0.0000     -0.0820
 j = 9/2-  (   h 9/2)  0.98     -1.7138      0.0054     -0.6114
 j = 9/2-  (   h 9/2)  0.57     18.5380      0.0000     -0.0020
 j = 9/2-  (   h 9/2)  0.85     26.6030      0.0000     -0.3242
 j = 9/2-  (   h 9/2)  0.52     34.1683      0.0000     -0.0086
 j = 9/2-  (   h 9/2)  0.65     53.7643      0.0000     -0.1927
 j = 9/2-  (   h 9/2)  0.65     57.0561      0.0000     -0.0298
 j = 9/2-  (   h 9/2)  0.66     96.6007      0.0000     -0.0878
 j =11/2+  (   i11/2)  0.96      9.8101      0.0003     -0.5452
 j =11/2+  (   i11/2)  0.56     19.5952      0.0000     -0.0011
 j =11/2+  (   i11/2)  0.54     34.5690      0.0000     -0.0051
 j =11/2+  (   i11/2)  0.78     37.5995      0.0000     -0.2331
 j =11/2+  (   i11/2)  0.58     57.1466      0.0000     -0.0152
 j =11/2+  (   i11/2)  0.64     68.5328      0.0000     -0.1530
 j =11/2+  (   i11/2)  0.70     98.6312      0.0000     -0.0632
 j =11/2-  (   h11/2)  0.98     -7.8251      0.9768     -0.6258
 j =11/2-  (   h11/2)  0.57     18.4972      0.0000     -0.0021
 j =11/2-  (   h11/2)  0.86     23.4493      0.0000     -0.3162
 j =11/2-  (   h11/2)  0.52     34.1477      0.0000     -0.0089
 j =11/2-  (   h11/2)  0.65     51.9361      0.0000     -0.1954
 j =11/2-  (   h11/2)  0.65     56.2227      0.0000     -0.0299
 j =11/2-  (   h11/2)  0.66     95.5544      0.0000     -0.0870
 j =13/2+  (   i13/2)  0.96      1.8774      0.0013     -0.5543
 j =13/2+  (   i13/2)  0.56     19.5774      0.0000     -0.0012
 j =13/2+  (   i13/2)  0.80     34.0632      0.0000     -0.2310
 j =13/2+  (   i13/2)  0.54     34.5856      0.0000     -0.0054
 j =13/2+  (   i13/2)  0.58     56.6241      0.0000     -0.0157
 j =13/2+  (   i13/2)  0.65     66.3974      0.0000     -0.1543
 j =13/2+  (   i13/2)  0.71     96.7209      0.0000     -0.0630
 j =13/2-  (   j13/2)  0.92     21.2101      0.0001     -0.4665
 j =13/2-  (   j13/2)  0.55     22.4809      0.0000     -0.0018
 j =13/2-  (   j13/2)  0.53     37.9572      0.0000     -0.0092
 j =13/2-  (   j13/2)  0.69     48.5909      0.0000     -0.1767
 j =13/2-  (   j13/2)  0.69     60.2748      0.0000     -0.0357
 j =13/2-  (   j13/2)  0.65     95.2371      0.0000     -0.0982
 j =15/2+  (   k15/2)  0.54     23.9604      0.0000     -0.0010
 j =15/2+  (   k15/2)  0.87     32.7630      0.0000     -0.3919
 j =15/2+  (   k15/2)  0.51     39.4529      0.0000     -0.0051
 j =15/2+  (   k15/2)  0.65     59.9925      0.0000     -0.1381
 j =15/2+  (   k15/2)  0.65     61.7764      0.0000     -0.0184
 j =15/2+  (   k15/2)  0.66    100.2023      0.0000     -0.0691
 j =15/2-  (   j15/2)  0.93     11.8676      0.0002     -0.4744
 j =15/2-  (   j15/2)  0.56     22.4254      0.0000     -0.0019
 j =15/2-  (   j15/2)  0.53     37.9250      0.0000     -0.0098
 j =15/2-  (   j15/2)  0.70     44.4466      0.0000     -0.1769
 j =15/2-  (   j15/2)  0.69     59.0252      0.0000     -0.0362
 j =15/2-  (   j15/2)  0.65     92.6850      0.0000     -0.0980
 j =17/2+  (   k17/2)  0.88     22.1298      0.0001     -0.3993
 j =17/2+  (   k17/2)  0.54     23.9148      0.0000     -0.0011
 j =17/2+  (   k17/2)  0.51     39.4161      0.0000     -0.0054
 j =17/2+  (   k17/2)  0.65     55.3077      0.0000     -0.1388
 j =17/2+  (   k17/2)  0.65     60.8057      0.0000     -0.0188
 j =17/2+  (   k17/2)  0.66     97.3579      0.0000     -0.0687
 j =17/2-  (   l17/2)  0.58     27.8606      0.0000     -0.0019
 j =17/2-  (   l17/2)  0.65     43.4276      0.0000     -0.0128
 j =17/2-  (   l17/2)  0.80     43.9756      0.0000     -0.3200
 j =17/2-  (   l17/2)  0.72     63.2508      0.0000     -0.0538
 j =17/2-  (   l17/2)  0.65     91.8628      0.0000     -0.0798
 j =19/2+  (   m19/2)  0.58     29.7353      0.0000     -0.0010
 j =19/2+  (   m19/2)  0.62     45.6225      0.0000     -0.0071
 j =19/2+  (   m19/2)  0.73     55.7141      0.0000     -0.2569
 j =19/2+  (   m19/2)  0.69     66.0431      0.0000     -0.0306
 j =19/2+  (   m19/2)  0.65     98.3288      0.0000     -0.0699
 j =19/2-  (   l19/2)  0.57     27.7700      0.0000     -0.0021
 j =19/2-  (   l19/2)  0.81     32.4943      0.0000     -0.3258
 j =19/2-  (   l19/2)  0.66     43.0252      0.0000     -0.0155
 j =19/2-  (   l19/2)  0.74     60.3708      0.0000     -0.0558
 j =19/2-  (   l19/2)  0.67     87.6055      0.0000     -0.0761
 j =21/2+  (   m21/2)  0.57     29.6757      0.0000     -0.0011
 j =21/2+  (   m21/2)  0.73     43.4625      0.0000     -0.2615
 j =21/2+  (   m21/2)  0.62     45.3434      0.0000     -0.0084
 j =21/2+  (   m21/2)  0.71     63.9233      0.0000     -0.0333
 j =21/2+  (   m21/2)  0.67     92.7607      0.0000     -0.0670
 j =21/2-  (   n21/2)  0.62     35.1082      0.0000     -0.0013
 j =21/2-  (   n21/2)  0.59     53.9198      0.0000     -0.0075
 j =21/2-  (   n21/2)  0.64     68.3990      0.0000     -0.2045
 j =21/2-  (   n21/2)  0.76     82.5966      0.0000     -0.0486
 j =23/2+  (   o23/2)  0.60     37.1660      0.0000     -0.0011
 j =23/2+  (   o23/2)  0.80     54.5237      0.0000     -0.0156
 j =23/2+  (   o23/2)  0.73     70.2433      0.0000     -0.0777
 j =23/2+  (   o23/2)  0.66     95.9807      0.0000     -0.1033
 j =23/2-  (   n23/2)  0.63     35.0109      0.0000     -0.0015
 j =23/2-  (   n23/2)  0.60     53.4663      0.0000     -0.0081
 j =23/2-  (   n23/2)  0.64     55.1030      0.0000     -0.2086
 j =23/2-  (   n23/2)  0.77     77.8900      0.0000     -0.0483
 j =25/2+  (   o25/2)  0.61     37.1154      0.0000     -0.0010
 j =25/2+  (   o25/2)  0.62     56.2344      0.0000     -0.0043
 j =25/2+  (   o25/2)  0.61     65.9409      0.0000     -0.1629
 j =25/2+  (   o25/2)  0.74     80.0944      0.0000     -0.0313
 j =25/2-  (   P25/2)  0.68     44.1876      0.0000     -0.0016
 j =25/2-  (   P25/2)  0.79     64.9125      0.0000     -0.0181
 j =25/2-  (   P25/2)  0.70     85.8200      0.0000     -0.0971
 j =27/2+  (   q27/2)  0.69     46.6388      0.0000     -0.0011
 j =27/2+  (   q27/2)  0.79     68.7215      0.0000     -0.0083
 j =27/2+  (   q27/2)  0.68     91.3610      0.0000     -0.0689
 j =27/2-  (   P27/2)  0.66     43.9883      0.0000     -0.0026
 j =27/2-  (   P27/2)  0.81     63.2541      0.0000     -0.0290
 j =27/2-  (   P27/2)  0.76     75.5822      0.0000     -0.0866
 j =29/2+  (   q29/2)  0.67     46.4683      0.0000     -0.0016
 j =29/2+  (   q29/2)  0.80     67.9485      0.0000     -0.0101
 j =29/2+  (   q29/2)  0.70     82.2199      0.0000     -0.0674
 j =29/2-  (   r29/2)  0.76     56.3800      0.0000     -0.0013
 j =29/2-  (   r29/2)  0.75     83.2257      0.0000     -0.0281
 j =31/2+  (   S31/2)  0.76     59.1253      0.0000     -0.0008
 j =31/2+  (   S31/2)  0.75     87.7618      0.0000     -0.0166
 j =31/2-  (   r31/2)  0.75     56.1956      0.0000     -0.0013
 j =31/2-  (   r31/2)  0.74     79.4548      0.0000     -0.0281
 j =33/2+  (   S33/2)  0.75     58.9708      0.0000     -0.0009
 j =33/2+  (   S33/2)  0.75     85.0450      0.0000     -0.0166
 j =33/2-  (   t33/2)  0.98     74.1619      0.0000     -0.0032
 j =35/2+  (   u35/2)  0.98     77.3807      0.0000     -0.0018
 j =35/2-  (   t35/2)  0.98     73.6356      0.0000     -0.0033
 j =37/2+  (   u37/2)  0.98     77.0291      0.0000     -0.0018
  ****** END CANON **********************************
  ****** BEGIN RESU *********************************
   ****** BEGIN EXPECT *******

                            neutron        proton         total
 particle number           114.000000      80.000000     194.000000
 trace scalar density      108.753482      76.864969     185.618452
 lambda                     -8.288262      -5.843072
 spk                        13.668696      -4.884640
 rms-Radius                  5.523101       5.382962       5.465747
 charge-Radius                              5.442084
 Particle Energ          -3000.299286   -1662.660193   -4662.959480
 Selfconsistency Test.                                    -0.000000

 Kinetic Energy           1612.218627     954.803367    2567.021993
 E-scsc                                               -29680.031533
 E-scve                                                24745.965401
 E-vesc                                                    0.000000
 E-veve                                                   62.826678
 E-rearrang.                                             915.604168
 Coulomb direct                                          798.446634
 Pairing Energy            -17.213957      -3.131087     -20.345043
 Sum without E-cm                                      -1526.115870
DE-cm <P**2>/2M            -11.768587      -6.969266     -18.737853
NE-cm <P**2>/2M              8.478663       4.484167      12.962831
 E-cm <P**2>/2M             -3.289924      -2.485099      -5.775023
 Total Energy                                          -1531.890892
 E/A                                                      -7.896345

  ****** END EXPECT *********************************


 quasi-particle properties Neutron:
 ------------------------------------------------------------------
     p/h    l j     [nr,l,j]  smax       Eqp       uu       vv
   1  h   1s 1/2   ( 3s  1/2) 0.94     9.358     0.023     0.977
   2  p   2s 1/2   ( 4s  1/2) 0.76     9.401     0.984     0.016
   3  p   3s 1/2   ( 4s  1/2) 0.57    14.075     0.999     0.001
   4  p   4s 1/2   ( 5s  1/2) 0.70    22.896     0.999     0.001
   5  h   5s 1/2   ( 2s  1/2) 0.89    33.483     0.003     0.997
   6  p   6s 1/2   ( 6s  1/2) 0.55    36.020     0.998     0.002
   7  p   7s 1/2   ( 6s  1/2) 0.56    51.553     1.000     0.000
   8  h   8s 1/2   ( 1s  1/2) 0.92    53.600     0.001     0.999
   9  p   9s 1/2   ( 8s  1/2) 0.60    71.062     1.000     0.000
  11  p   1p 1/2   ( 3p  1/2) 0.89     1.746     0.839     0.161
  12  p   2p 1/2   ( 4p  1/2) 0.54    11.820     0.999     0.001
  13  p   3p 1/2   ( 4p  1/2) 0.73    19.443     1.000     0.000
  14  h   4p 1/2   ( 2p  1/2) 0.95    22.650     0.002     0.998
  15  p   5p 1/2   ( 5p  1/2) 0.69    30.739     1.000     0.000
  16  p   6p 1/2   ( 6p  1/2) 0.62    45.609     0.998     0.002
  17  h   7p 1/2   ( 1p  1/2) 0.96    47.018     0.003     0.997
  18  p   8p 1/2   ( 7p  1/2) 0.66    64.454     1.000     0.000
  19  p   9p 1/2   ( 8p  1/2) 0.64    94.618     1.000     0.000
  20  p   1d 3/2   ( 3d  3/2) 0.87     9.463     0.994     0.006
  21  h   2d 3/2   ( 2d  3/2) 0.97    11.152     0.014     0.986
  22  p   3d 3/2   ( 3d  3/2) 0.44    14.026     0.996     0.004
  23  p   4d 3/2   ( 4d  3/2) 0.72    22.909     0.999     0.001
  24  p   5d 3/2   ( 5d  3/2) 0.59    35.792     0.999     0.001
  25  h   6d 3/2   ( 1d  3/2) 0.98    38.124     0.002     0.998
  26  p   7d 3/2   ( 5d  3/2) 0.55    51.180     1.000     0.000
  27  p   8d 3/2   ( 7d  3/2) 0.63    70.770     1.000     0.000
  29  p   1p 3/2   ( 3p  3/2) 0.86     1.525     0.783     0.217
  30  p   2p 3/2   ( 4p  3/2) 0.54    11.797     1.000     0.000
  31  p   3p 3/2   ( 4p  3/2) 0.72    19.350     1.000     0.000
  32  h   4p 3/2   ( 2p  3/2) 0.94    23.075     0.002     0.998
  33  p   5p 3/2   ( 5p  3/2) 0.69    30.693     1.000     0.000
  34  p   6p 3/2   ( 6p  3/2) 0.62    45.508     0.998     0.002
  35  h   7p 3/2   ( 1p  3/2) 0.95    47.283     0.002     0.998
  36  p   8p 3/2   ( 7p  3/2) 0.65    64.214     1.000     0.000
  37  p   9p 3/2   ( 8p  3/2) 0.64    94.828     1.000     0.000
  38  p   1d 5/2   ( 3d  5/2) 0.88     9.193     0.998     0.002
  39  h   2d 5/2   ( 2d  5/2) 0.96    12.558     0.018     0.982
  40  p   3d 5/2   ( 5d  5/2) 0.46    13.888     0.987     0.013
  41  p   4d 5/2   ( 4d  5/2) 0.71    22.743     0.999     0.001
  42  p   5d 5/2   ( 5d  5/2) 0.58    35.697     0.999     0.001
  43  h   6d 5/2   ( 1d  5/2) 0.97    39.271     0.001     0.999
  44  p   7d 5/2   ( 5d  5/2) 0.54    51.008     1.000     0.000
  45  p   8d 5/2   ( 7d  5/2) 0.61    70.397     1.000     0.000
  47  h   1f 5/2   ( 2f  5/2) 0.72     1.390     0.454     0.546
  48  p   2f 5/2   ( 3f  5/2) 0.57    13.083     1.000     0.000
  49  p   3f 5/2   ( 3f  5/2) 0.74    19.800     1.000     0.000
  50  h   4f 5/2   ( 1f  5/2) 0.98    27.794     0.003     0.997
  51  p   5f 5/2   ( 4f  5/2) 0.73    30.473     0.998     0.002
  52  p   6f 5/2   ( 5f  5/2) 0.66    45.343     1.000     0.000
  53  p   7f 5/2   ( 6f  5/2) 0.67    64.084     1.000     0.000
  54  p   8f 5/2   ( 7f  5/2) 0.64    93.389     1.000     0.000
  55  p   1g 7/2   ( 2g  7/2) 0.96     9.327     0.995     0.005
  56  p   2g 7/2   ( 4g  7/2) 0.48    15.035     0.992     0.008
  57  h   3g 7/2   ( 1g  7/2) 0.97    16.589     0.013     0.987
  58  p   4g 7/2   ( 3g  7/2) 0.74    23.875     0.999     0.001
  59  p   5g 7/2   ( 4g  7/2) 0.62    35.998     1.000     0.000
  60  p   6g 7/2   ( 5g  7/2) 0.57    51.001     1.000     0.000
  61  p   7g 7/2   ( 6g  7/2) 0.64    70.490     1.000     0.000
  63  h   1f 7/2   ( 2f  7/2) 0.94     2.753     0.066     0.934
  64  p   2f 7/2   ( 3f  7/2) 0.59    12.943     1.000     0.000
  65  p   3f 7/2   ( 3f  7/2) 0.73    19.303     1.000     0.000
  66  p   4f 7/2   ( 4f  7/2) 0.62    30.010     0.728     0.272
  67  h   5f 7/2   ( 1f  7/2) 0.84    30.296     0.273     0.727
  68  p   6f 7/2   ( 5f  7/2) 0.65    44.998     1.000     0.000
  69  p   7f 7/2   ( 6f  7/2) 0.66    63.383     1.000     0.000
  70  p   8f 7/2   ( 7f  7/2) 0.64    93.872     1.000     0.000
  71  p   1g 9/2   ( 2g  9/2) 0.97     7.065     0.994     0.006
  72  p   2g 9/2   ( 4g  9/2) 0.50    14.761     1.000     0.000
  73  h   3g 9/2   ( 1g  9/2) 0.98    20.573     0.004     0.996
  74  p   4g 9/2   ( 3g  9/2) 0.74    23.215     0.998     0.002
  75  p   5g 9/2   ( 4g  9/2) 0.64    35.207     1.000     0.000
  76  p   6g 9/2   ( 5g  9/2) 0.58    50.237     1.000     0.000
  77  p   7g 9/2   ( 6g  9/2) 0.63    69.328     1.000     0.000
  79  h   1h 9/2   ( 1h  9/2) 0.96     5.024     0.020     0.980
  80  p   2h 9/2   ( 2h  9/2) 0.69    15.268     1.000     0.000
  81  p   3h 9/2   ( 2h  9/2) 0.68    19.881     1.000     0.000
  82  p   4h 9/2   ( 3h  9/2) 0.76    30.523     1.000     0.000
  83  p   5h 9/2   ( 4h  9/2) 0.68    45.628     1.000     0.000
  84  p   6h 9/2   ( 5h  9/2) 0.68    63.825     1.000     0.000
  85  p   7h 9/2   ( 6h  9/2) 0.64    92.885     1.000     0.000
  86  p   1i11/2   ( 1i 11/2) 0.97     6.796     0.991     0.009
  87  p   2i11/2   ( 4i 11/2) 0.50    17.703     1.000     0.000
  88  p   3i11/2   ( 2i 11/2) 0.79    25.182     1.000     0.000
  89  p   4i11/2   ( 3i 11/2) 0.71    35.286     1.000     0.000
  90  p   5i11/2   ( 4i 11/2) 0.62    50.597     1.000     0.000
  91  p   6i11/2   ( 5i 11/2) 0.65    70.017     1.000     0.000
  93  h   1h11/2   ( 1h 11/2) 0.98    10.685     0.007     0.993
  94  p   2h11/2   ( 2h 11/2) 0.84    14.452     0.999     0.001
  95  p   3h11/2   ( 2h 11/2) 0.50    18.487     0.999     0.001
  96  p   4h11/2   ( 3h 11/2) 0.76    29.476     1.000     0.000
  97  p   5h11/2   ( 4h 11/2) 0.69    44.396     1.000     0.000
  98  p   6h11/2   ( 5h 11/2) 0.68    61.931     1.000     0.000
  99  p   7h11/2   ( 6h 11/2) 0.64    92.234     1.000     0.000
 100  h   1i13/2   ( 1i 13/2) 0.83     1.505     0.279     0.721
 101  p   2i13/2   ( 2i 13/2) 0.50    17.538     1.000     0.000
 102  p   3i13/2   ( 2i 13/2) 0.80    23.832     1.000     0.000
 103  p   4i13/2   ( 3i 13/2) 0.75    33.760     1.000     0.000
 104  p   5i13/2   ( 4i 13/2) 0.65    49.104     1.000     0.000
 105  p   6i13/2   ( 5i 13/2) 0.66    67.568     1.000     0.000
 106  p   7i13/2   ( 6i 13/2) 0.64    98.751     1.000     0.000
 107  p   1j13/2   ( 1j 13/2) 0.95    17.083     0.999     0.001
 108  p   2j13/2   ( 4j 13/2) 0.51    21.166     1.000     0.000
 109  p   3j13/2   ( 2j 13/2) 0.79    31.837     1.000     0.000
 110  p   4j13/2   ( 3j 13/2) 0.73    45.094     1.000     0.000
 111  p   5j13/2   ( 4j 13/2) 0.72    62.447     1.000     0.000
 112  p   6j13/2   ( 5j 13/2) 0.65    91.465     1.000     0.000
 113  p   1k15/2   ( 3k 15/2) 0.50    22.195     1.000     0.000
 114  p   2k15/2   ( 1k 15/2) 0.88    27.010     1.000     0.000
 115  p   3k15/2   ( 2k 15/2) 0.76    36.311     1.000     0.000
 116  p   4k15/2   ( 3k 15/2) 0.66    50.827     1.000     0.000
 117  p   5k15/2   ( 4k 15/2) 0.69    68.589     1.000     0.000
 118  p   6k15/2   ( 5k 15/2) 0.65    97.687     1.000     0.000
 119  p   1j15/2   ( 1j 15/2) 0.97     9.164     0.996     0.004
 120  p   2j15/2   ( 3j 15/2) 0.52    20.638     1.000     0.000
 121  p   3j15/2   ( 2j 15/2) 0.79    30.313     1.000     0.000
 122  p   4j15/2   ( 3j 15/2) 0.76    43.158     1.000     0.000
 123  p   5j15/2   ( 4j 15/2) 0.72    59.745     1.000     0.000
 124  p   6j15/2   ( 6j 15/2) 0.64    88.830     1.000     0.000
 125  p   1k17/2   ( 1k 17/2) 0.97    18.370     0.999     0.001
 126  p   2k17/2   ( 3k 17/2) 0.51    22.803     1.000     0.000
 127  p   3k17/2   ( 2k 17/2) 0.78    34.042     1.000     0.000
 128  p   4k17/2   ( 3k 17/2) 0.72    48.478     1.000     0.000
 129  p   5k17/2   ( 4k 17/2) 0.71    65.219     1.000     0.000
 130  p   6k17/2   ( 5k 17/2) 0.64    94.552     1.000     0.000
 131  p   1l17/2   ( 3l 17/2) 0.56    26.081     1.000     0.000
 132  p   2l17/2   ( 1l 17/2) 0.86    34.865     1.000     0.000
 133  p   3l17/2   ( 2l 17/2) 0.76    45.387     1.000     0.000
 134  p   4l17/2   ( 3l 17/2) 0.73    62.988     1.000     0.000
 135  p   5l17/2   ( 5l 17/2) 0.66    88.220     1.000     0.000
 136  p   1m19/2   ( 3m 19/2) 0.57    28.388     1.000     0.000
 137  p   2m19/2   ( 1m 19/2) 0.81    39.779     1.000     0.000
 138  p   3m19/2   ( 2m 19/2) 0.69    51.116     1.000     0.000
 139  p   4m19/2   ( 3m 19/2) 0.70    68.710     1.000     0.000
 140  p   5m19/2   ( 4m 19/2) 0.65    95.431     1.000     0.000
 141  p   1l19/2   ( 1l 19/2) 0.68    25.499     1.000     0.000
 142  p   2l19/2   ( 1l 19/2) 0.70    28.488     1.000     0.000
 143  p   3l19/2   ( 2l 19/2) 0.77    41.997     1.000     0.000
 144  p   4l19/2   ( 3l 19/2) 0.75    58.461     1.000     0.000
 145  p   5l19/2   ( 5l 19/2) 0.68    83.988     1.000     0.000
 146  p   1m21/2   ( 3m 21/2) 0.57    28.314     1.000     0.000
 147  p   2m21/2   ( 1m 21/2) 0.90    35.744     1.000     0.000
 148  p   3m21/2   ( 2m 21/2) 0.80    46.167     1.000     0.000
 149  p   4m21/2   ( 3m 21/2) 0.74    63.268     1.000     0.000
 150  p   5m21/2   ( 5m 21/2) 0.67    89.671     1.000     0.000
 151  p   1n21/2   ( 2n 21/2) 0.60    33.324     1.000     0.000
 152  p   2n21/2   ( 1n 21/2) 0.81    47.699     1.000     0.000
 153  p   3n21/2   ( 2n 21/2) 0.74    62.065     1.000     0.000
 154  p   4n21/2   ( 4n 21/2) 0.67    87.554     1.000     0.000
 155  p   1o23/2   ( 2o 23/2) 0.60    35.812     1.000     0.000
 156  p   2o23/2   ( 1o 23/2) 0.79    51.555     1.000     0.000
 157  p   3o23/2   ( 2o 23/2) 0.72    67.644     1.000     0.000
 158  p   4o23/2   ( 4o 23/2) 0.66    93.650     1.000     0.000
 159  p   1n23/2   ( 2n 23/2) 0.57    33.169     1.000     0.000
 160  p   2n23/2   ( 1n 23/2) 0.86    44.697     1.000     0.000
 161  p   3n23/2   ( 2n 23/2) 0.75    55.528     1.000     0.000
 162  p   4n23/2   ( 4n 23/2) 0.74    78.730     1.000     0.000
 163  p   1o25/2   ( 2o 25/2) 0.59    35.734     1.000     0.000
 164  p   2o25/2   ( 1o 25/2) 0.85    50.084     1.000     0.000
 165  p   3o25/2   ( 2o 25/2) 0.78    61.474     1.000     0.000
 166  p   4o25/2   ( 4o 25/2) 0.73    83.328     1.000     0.000
 167  p   1P25/2   ( 2P 25/2) 0.68    42.405     1.000     0.000
 168  p   2P25/2   ( 1P 25/2) 0.78    61.555     1.000     0.000
 169  p   3P25/2   ( 3P 25/2) 0.70    83.750     1.000     0.000
 170  p   1q27/2   ( 2q 27/2) 0.68    45.120     1.000     0.000
 171  p   2q27/2   ( 1q 27/2) 0.78    65.479     1.000     0.000
 172  p   3q27/2   ( 3q 27/2) 0.69    89.046     1.000     0.000
 173  p   1P27/2   ( 2P 27/2) 0.65    42.236     1.000     0.000
 174  p   2P27/2   ( 1P 27/2) 0.79    59.903     1.000     0.000
 175  p   3P27/2   ( 3P 27/2) 0.76    73.475     1.000     0.000
 176  p   1q29/2   ( 2q 29/2) 0.67    44.982     1.000     0.000
 177  p   2q29/2   ( 1q 29/2) 0.79    64.676     1.000     0.000
 178  p   3q29/2   ( 3q 29/2) 0.71    79.895     1.000     0.000
 179  p   1r29/2   ( 1r 29/2) 0.78    54.252     1.000     0.000
 180  p   2r29/2   ( 2r 29/2) 0.77    79.991     1.000     0.000
 181  p   1S31/2   ( 1S 31/2) 0.77    57.251     1.000     0.000
 182  p   2S31/2   ( 2S 31/2) 0.77    84.438     1.000     0.000
 183  p   1r31/2   ( 1r 31/2) 0.76    54.115     1.000     0.000
 184  p   2r31/2   ( 2r 31/2) 0.76    76.176     1.000     0.000
 185  p   1S33/2   ( 1S 33/2) 0.76    57.138     1.000     0.000
 186  p   2S33/2   ( 2S 33/2) 0.76    81.697     1.000     0.000
 187  p   1t33/2   ( 1t 33/2) 0.98    71.388     1.000     0.000
 188  p   1u35/2   ( 1u 35/2) 0.98    74.820     1.000     0.000
 189  p   1t35/2   ( 1t 35/2) 0.98    70.886     1.000     0.000
 190  p   1u37/2   ( 1u 37/2) 0.98    74.496     1.000     0.000


 quasi-particle properties Proton: 
 ------------------------------------------------------------------
     p/h    l j     [nr,l,j]  smax       Eqp       uu       vv
   1  p   1s 1/2   ( 3s  1/2) 0.78     1.070     0.705     0.295
   2  p   2s 1/2   ( 4s  1/2) 0.56    17.911     0.999     0.001
   3  p   3s 1/2   ( 4s  1/2) 0.59    22.309     0.638     0.362
   4  h   4s 1/2   ( 2s  1/2) 0.68    22.761     0.364     0.636
   5  p   5s 1/2   ( 5s  1/2) 0.67    31.278     0.999     0.001
   6  h   6s 1/2   ( 1s  1/2) 0.89    42.232     0.000     1.000
   7  p   7s 1/2   ( 5s  1/2) 0.54    45.087     1.000     0.000
   8  p   8s 1/2   ( 6s  1/2) 0.58    60.716     1.000     0.000
   9  p   9s 1/2   ( 8s  1/2) 0.58    80.690     1.000     0.000
  11  p   1p 1/2   ( 3p  1/2) 0.96    11.128     0.999     0.001
  12  h   2p 1/2   ( 2p  1/2) 0.93    12.096     0.001     0.999
  13  p   3p 1/2   ( 5p  1/2) 0.49    19.593     1.000     0.000
  14  p   4p 1/2   ( 4p  1/2) 0.76    28.131     1.000     0.000
  15  h   5p 1/2   ( 1p  1/2) 0.95    36.153     0.000     1.000
  16  p   6p 1/2   ( 5p  1/2) 0.65    39.863     1.000     0.000
  17  p   7p 1/2   ( 6p  1/2) 0.58    54.828     1.000     0.000
  18  p   8p 1/2   ( 7p  1/2) 0.63    74.054     1.000     0.000
  20  h   1d 3/2   ( 2d  3/2) 0.93     1.394     0.070     0.930
  21  p   2d 3/2   ( 3d  3/2) 0.67    18.495     1.000     0.000
  22  p   3d 3/2   ( 3d  3/2) 0.69    22.218     1.000     0.000
  23  h   4d 3/2   ( 1d  3/2) 0.97    27.789     0.001     0.999
  24  p   5d 3/2   ( 4d  3/2) 0.71    31.341     1.000     0.000
  25  p   6d 3/2   ( 4d  3/2) 0.53    44.963     1.000     0.000
  26  p   7d 3/2   ( 5d  3/2) 0.58    60.496     1.000     0.000
  27  p   8d 3/2   ( 7d  3/2) 0.60    80.449     1.000     0.000
  29  p   1p 3/2   ( 3p  3/2) 0.95    10.929     0.999     0.001
  30  h   2p 3/2   ( 2p  3/2) 0.91    12.611     0.001     0.999
  31  p   3p 3/2   ( 5p  3/2) 0.50    19.579     1.000     0.000
  32  p   4p 3/2   ( 4p  3/2) 0.75    28.055     1.000     0.000
  33  h   5p 3/2   ( 1p  3/2) 0.93    36.583     0.000     1.000
  34  p   6p 3/2   ( 5p  3/2) 0.64    39.839     1.000     0.000
  35  p   7p 3/2   ( 6p  3/2) 0.57    54.742     1.000     0.000
  36  p   8p 3/2   ( 7p  3/2) 0.62    73.848     1.000     0.000
  38  h   1d 5/2   ( 2d  5/2) 0.94     2.792     0.016     0.984
  39  p   2d 5/2   ( 3d  5/2) 0.69    18.350     1.000     0.000
  40  p   3d 5/2   ( 3d  5/2) 0.66    21.982     1.000     0.000
  41  h   4d 5/2   ( 1d  5/2) 0.96    29.170     0.002     0.998
  42  p   5d 5/2   ( 4d  5/2) 0.69    31.191     0.999     0.001
  43  p   6d 5/2   ( 4d  5/2) 0.53    44.895     1.000     0.000
  44  p   7d 5/2   ( 5d  5/2) 0.57    60.330     1.000     0.000
  45  p   8d 5/2   ( 7d  5/2) 0.58    80.131     1.000     0.000
  47  p   1f 5/2   ( 2f  5/2) 0.98     9.244     0.999     0.001
  48  h   2f 5/2   ( 1f  5/2) 0.98    17.946     0.001     0.999
  49  p   3f 5/2   ( 5f  5/2) 0.48    20.931     1.000     0.000
  50  p   4f 5/2   ( 3f  5/2) 0.79    28.661     1.000     0.000
  51  p   5f 5/2   ( 4f  5/2) 0.69    39.538     1.000     0.000
  52  p   6f 5/2   ( 5f  5/2) 0.61    54.685     1.000     0.000
  53  p   7f 5/2   ( 6f  5/2) 0.65    73.712     1.000     0.000
  55  h   1g 7/2   ( 1g  7/2) 0.98     7.174     0.002     0.998
  56  p   2g 7/2   ( 2g  7/2) 0.94    18.460     1.000     0.000
  57  p   3g 7/2   ( 6g  7/2) 0.47    22.379     1.000     0.000
  58  p   4g 7/2   ( 3g  7/2) 0.74    32.203     1.000     0.000
  59  p   5g 7/2   ( 4g  7/2) 0.57    44.991     1.000     0.000
  60  p   6g 7/2   ( 4g  7/2) 0.56    60.247     1.000     0.000
  61  p   7g 7/2   ( 6g  7/2) 0.61    80.026     1.000     0.000
  63  p   1f 7/2   ( 2f  7/2) 0.97     7.036     0.998     0.002
  64  h   2f 7/2   ( 1f  7/2) 0.97    20.657     0.009     0.991
  65  p   3f 7/2   ( 4f  7/2) 0.47    20.845     0.992     0.008
  66  p   4f 7/2   ( 3f  7/2) 0.79    28.113     1.000     0.000
  67  p   5f 7/2   ( 4f  7/2) 0.69    39.105     1.000     0.000
  68  p   6f 7/2   ( 5f  7/2) 0.60    54.308     1.000     0.000
  69  p   7f 7/2   ( 6f  7/2) 0.63    73.026     1.000     0.000
  71  h   1g 9/2   ( 1g  9/2) 0.98    11.495     0.001     0.999
  72  p   2g 9/2   ( 2g  9/2) 0.97    16.331     1.000     0.000
  73  p   3g 9/2   ( 5g  9/2) 0.48    22.079     1.000     0.000
  74  p   4g 9/2   ( 3g  9/2) 0.74    31.567     1.000     0.000
  75  p   5g 9/2   ( 4g  9/2) 0.59    44.133     1.000     0.000
  76  p   6g 9/2   ( 4g  9/2) 0.54    59.385     1.000     0.000
  77  p   7g 9/2   ( 6g  9/2) 0.60    78.839     1.000     0.000
  79  p   1h 9/2   ( 1h  9/2) 0.97     4.126     0.995     0.005
  80  p   2h 9/2   ( 2h  9/2) 0.52    23.404     1.000     0.000
  81  p   3h 9/2   ( 2h  9/2) 0.81    28.327     1.000     0.000
  82  p   4h 9/2   ( 3h  9/2) 0.76    39.001     1.000     0.000
  83  p   5h 9/2   ( 4h  9/2) 0.65    54.667     1.000     0.000
  84  p   6h 9/2   ( 5h  9/2) 0.67    73.056     1.000     0.000
  86  p   1i11/2   ( 1i 11/2) 0.98    15.204     1.000     0.000
  87  p   2i11/2   ( 4i 11/2) 0.51    25.053     1.000     0.000
  88  p   3i11/2   ( 2i 11/2) 0.81    33.842     1.000     0.000
  89  p   4i11/2   ( 3i 11/2) 0.69    43.842     1.000     0.000
  90  p   5i11/2   ( 4i 11/2) 0.60    59.430     1.000     0.000
  91  p   6i11/2   ( 5i 11/2) 0.64    79.049     1.000     0.000
  93  h   1h11/2   ( 1h 11/2) 0.97     2.078     0.023     0.977
  94  p   2h11/2   ( 2h 11/2) 0.66    23.031     1.000     0.000
  95  p   3h11/2   ( 2h 11/2) 0.72    26.582     1.000     0.000
  96  p   4h11/2   ( 3h 11/2) 0.77    37.993     1.000     0.000
  97  p   5h11/2   ( 4h 11/2) 0.67    53.395     1.000     0.000
  98  p   6h11/2   ( 5h 11/2) 0.67    71.092     1.000     0.000
 100  p   1i13/2   ( 1i 13/2) 0.97     7.639     0.999     0.001
 101  p   2i13/2   ( 4i 13/2) 0.50    24.964     1.000     0.000
 102  p   3i13/2   ( 2i 13/2) 0.84    32.523     1.000     0.000
 103  p   4i13/2   ( 3i 13/2) 0.74    42.242     1.000     0.000
 104  p   5i13/2   ( 4i 13/2) 0.63    57.949     1.000     0.000
 105  p   6i13/2   ( 5i 13/2) 0.65    76.577     1.000     0.000
 107  p   1j13/2   ( 1j 13/2) 0.95    25.415     1.000     0.000
 108  p   2j13/2   ( 4j 13/2) 0.51    28.515     1.000     0.000
 109  p   3j13/2   ( 2j 13/2) 0.80    40.526     1.000     0.000
 110  p   4j13/2   ( 3j 13/2) 0.72    54.028     1.000     0.000
 111  p   5j13/2   ( 4j 13/2) 0.71    71.311     1.000     0.000
 113  p   1k15/2   ( 4k 15/2) 0.53    29.534     1.000     0.000
 114  p   2k15/2   ( 1k 15/2) 0.92    35.132     1.000     0.000
 115  p   3k15/2   ( 2k 15/2) 0.76    44.447     1.000     0.000
 116  p   4k15/2   ( 3k 15/2) 0.64    59.719     1.000     0.000
 117  p   5k15/2   ( 4k 15/2) 0.68    77.453     1.000     0.000
 119  p   1j15/2   ( 1j 15/2) 0.97    17.228     1.000     0.000
 120  p   2j15/2   ( 4j 15/2) 0.53    28.078     1.000     0.000
 121  p   3j15/2   ( 2j 15/2) 0.81    39.044     1.000     0.000
 122  p   4j15/2   ( 3j 15/2) 0.76    51.957     1.000     0.000
 123  p   5j15/2   ( 4j 15/2) 0.72    68.646     1.000     0.000
 124  p   6j15/2   ( 5j 15/2) 0.64    98.750     1.000     0.000
 125  p   1k17/2   ( 1k 17/2) 0.96    26.494     1.000     0.000
 126  p   2k17/2   ( 4k 17/2) 0.52    29.859     1.000     0.000
 127  p   3k17/2   ( 2k 17/2) 0.78    42.366     1.000     0.000
 128  p   4k17/2   ( 3k 17/2) 0.71    57.296     1.000     0.000
 129  p   5k17/2   ( 4k 17/2) 0.70    74.015     1.000     0.000
 131  p   1l17/2   ( 3l 17/2) 0.57    33.573     1.000     0.000
 132  p   2l17/2   ( 1l 17/2) 0.90    43.302     1.000     0.000
 133  p   3l17/2   ( 2l 17/2) 0.77    53.599     1.000     0.000
 134  p   4l17/2   ( 3l 17/2) 0.73    71.675     1.000     0.000
 135  p   5l17/2   ( 4l 17/2) 0.65    97.714     1.000     0.000
 136  p   1m19/2   ( 3m 19/2) 0.58    35.548     1.000     0.000
 137  p   2m19/2   ( 1m 19/2) 0.82    48.345     1.000     0.000
 138  p   3m19/2   ( 2m 19/2) 0.70    59.297     1.000     0.000
 139  p   4m19/2   ( 3m 19/2) 0.70    77.027     1.000     0.000
 141  p   1l19/2   ( 1l 19/2) 0.53    33.274     1.000     0.000
 142  p   2l19/2   ( 1l 19/2) 0.81    36.215     1.000     0.000
 143  p   3l19/2   ( 2l 19/2) 0.78    50.489     1.000     0.000
 144  p   4l19/2   ( 3l 19/2) 0.75    67.187     1.000     0.000
 145  p   5l19/2   ( 5l 19/2) 0.67    93.450     1.000     0.000
 146  p   1m21/2   ( 3m 21/2) 0.57    35.490     1.000     0.000
 147  p   2m21/2   ( 1m 21/2) 0.92    44.048     1.000     0.000
 148  p   3m21/2   ( 2m 21/2) 0.81    54.303     1.000     0.000
 149  p   4m21/2   ( 3m 21/2) 0.75    71.857     1.000     0.000
 150  p   5m21/2   ( 5m 21/2) 0.66    98.905     1.000     0.000
 151  p   1n21/2   ( 3n 21/2) 0.59    40.796     1.000     0.000
 152  p   2n21/2   ( 1n 21/2) 0.83    56.664     1.000     0.000
 153  p   3n21/2   ( 2n 21/2) 0.75    70.155     1.000     0.000
 154  p   4n21/2   ( 4n 21/2) 0.67    96.172     1.000     0.000
 155  p   1o23/2   ( 3o 23/2) 0.60    43.009     1.000     0.000
 156  p   2o23/2   ( 1o 23/2) 0.80    60.367     1.000     0.000
 157  p   3o23/2   ( 2o 23/2) 0.73    76.086     1.000     0.000
 159  p   1n23/2   ( 3n 23/2) 0.59    40.648     1.000     0.000
 160  p   2n23/2   ( 1n 23/2) 0.88    53.424     1.000     0.000
 161  p   3n23/2   ( 2n 23/2) 0.76    63.665     1.000     0.000
 162  p   4n23/2   ( 4n 23/2) 0.73    87.436     1.000     0.000
 163  p   1o25/2   ( 3o 25/2) 0.60    42.920     1.000     0.000
 164  p   2o25/2   ( 1o 25/2) 0.87    58.883     1.000     0.000
 165  p   3o25/2   ( 2o 25/2) 0.79    69.647     1.000     0.000
 166  p   4o25/2   ( 4o 25/2) 0.73    91.725     1.000     0.000
 167  p   1P25/2   ( 2P 25/2) 0.68    50.031     1.000     0.000
 168  p   2P25/2   ( 1P 25/2) 0.79    70.756     1.000     0.000
 169  p   3P25/2   ( 3P 25/2) 0.70    91.663     1.000     0.000
 170  p   1q27/2   ( 2q 27/2) 0.69    52.482     1.000     0.000
 171  p   2q27/2   ( 1q 27/2) 0.79    74.565     1.000     0.000
 172  p   3q27/2   ( 3q 27/2) 0.68    97.204     1.000     0.000
 173  p   1P27/2   ( 2P 27/2) 0.66    49.831     1.000     0.000
 174  p   2P27/2   ( 1P 27/2) 0.81    69.097     1.000     0.000
 175  p   3P27/2   ( 3P 27/2) 0.76    81.425     1.000     0.000
 176  p   1q29/2   ( 2q 29/2) 0.67    52.311     1.000     0.000
 177  p   2q29/2   ( 1q 29/2) 0.80    73.792     1.000     0.000
 178  p   3q29/2   ( 3q 29/2) 0.70    88.063     1.000     0.000
 179  p   1r29/2   ( 1r 29/2) 0.76    62.223     1.000     0.000
 180  p   2r29/2   ( 2r 29/2) 0.75    89.069     1.000     0.000
 181  p   1S31/2   ( 1S 31/2) 0.76    64.968     1.000     0.000
 182  p   2S31/2   ( 2S 31/2) 0.75    93.605     1.000     0.000
 183  p   1r31/2   ( 1r 31/2) 0.75    62.039     1.000     0.000
 184  p   2r31/2   ( 2r 31/2) 0.74    85.298     1.000     0.000
 185  p   1S33/2   ( 1S 33/2) 0.75    64.814     1.000     0.000
 186  p   2S33/2   ( 2S 33/2) 0.75    90.888     1.000     0.000
 187  p   1t33/2   ( 1t 33/2) 0.98    80.005     1.000     0.000
 188  p   1u35/2   ( 1u 35/2) 0.98    83.224     1.000     0.000
 189  p   1t35/2   ( 1t 35/2) 0.98    79.479     1.000     0.000
 190  p   1u37/2   ( 1u 37/2) 0.98    82.872     1.000     0.000
  ****** END RESU ***********************************
