
  ******************************************  
  *           Fortran 77 Code              *  
  *         Spherical H.O. basis            *  
  * Dirac-Hartree-Bogoliubov calculation   *  
  *        with density-dependent          *  
  * meson-exchange or point coupling force *  
  *          and separable pairing         *  
  * -------------------------------------- *  
  *      Niksic, Paar, Vretenar, Ring      *  
  *          18/ 4/2026/01:31:22           *
  *       Hg 178  N =  98  Z =  80
  ******************************************  
  ****** BEGIN READER *******************************
 Number of oscillator shells :    18   20
 Initialization inin,inink   :     0    0
 Nucleus: Hg 178    98  80
 Initial Gap Parameters      :     1.0000    1.0000
 Parameter set               :    DD-PC1    
  ****** END READER *********************************
  ****** BEGIN FORCES *******************************

 NEDF Parameters: DD-PC1    
           scasca    scavec    vecsca    vecvec
 GG   =   1.000000  1.000000  1.000000  1.000000
 DD   =  -0.814900  0.000000  0.000000  0.000000
  
 Density dependence parameters:
           scasca    scavec    vecsca    vecvec
 a    = -10.046200  5.919500  0.000000  0.000000
 b    =  -9.150400  8.863700  0.000000  1.836000
 c    =  -6.427300  0.000000  0.000000  0.000000
 d    =   1.372400  0.658400  0.000000  0.640300
 dsat =   0.152000
  
 TMR pairing: Tian,Ma,Ring, PRB 676, 44 (2009)
 TMR pairing strength    gl =:  -728.00000 [MeV*fm^3]
 TMR pairing width        a =:     0.64420 [fm]
  ****** END FORCES *********************************
  ****** BEGIN PREP *********************************
  
 hom =                            7.288596
 hb0 =                           20.734000
 b0  =                            2.385254
 with Coulomb force
 With microscopic c.m. correction
  ****** END PREP ***********************************
  potentials read from tape dirhb.wel
  ****** BEGIN ITER *********************************
  1.It. si =    0.0000000  E/A =    0.0000 R =    0.0000  mix = 0.50
  2.It. si =    3.0295426  E/A =   -7.7658 R =    5.3026  mix = 0.50
  3.It. si =    1.4487285  E/A =   -7.7660 R =    5.3030  mix = 0.50
  4.It. si =    0.4974974  E/A =   -7.7663 R =    5.3040  mix = 0.50
  5.It. si =    0.3603649  E/A =   -7.7665 R =    5.3054  mix = 0.50
  6.It. si =    0.2989438  E/A =   -7.7666 R =    5.3063  mix = 0.50
  7.It. si =    0.0762009  E/A =   -7.7668 R =    5.3073  mix = 0.50
  8.It. si =    0.0244272  E/A =   -7.7669 R =    5.3074  mix = 0.50
  9.It. si =    0.0175121  E/A =   -7.7669 R =    5.3074  mix = 0.50
 10.It. si =    0.0020578  E/A =   -7.7669 R =    5.3074  mix = 0.50
 11.It. si =    0.0042320  E/A =   -7.7670 R =    5.3074  mix = 0.50
 12.It. si =    0.0017695  E/A =   -7.7670 R =    5.3074  mix = 0.50
 13.It. si =    0.0016257  E/A =   -7.7670 R =    5.3074  mix = 0.50
 14.It. si =    0.0005547  E/A =   -7.7670 R =    5.3074  mix = 0.50
 15.It. si =    0.0000257  E/A =   -7.7670 R =    5.3074  mix = 0.50
 16.It. si =    0.0000134  E/A =   -7.7670 R =    5.3074  mix = 0.50
 17.It. si =    0.0000083  E/A =   -7.7670 R =    5.3074  mix = 0.50
 18.It. si =    0.0000032  E/A =   -7.7670 R =    5.3074  mix = 0.50
 19.It. si =    0.0000013  E/A =   -7.7670 R =    5.3074  mix = 0.50
 20.It. si =    0.0000011  E/A =   -7.7670 R =    5.3074  mix = 0.50
 ********************************************************************
 Hg 178: Iteration converged after  20 steps   si =      0.0000005137
 ********************************************************************
  ****** END ITER ***********************************
  ****** BEGIN CANON ********************************
 single-particle energies and gaps  in the canonical basis: Neutron:
 ------------------------------------------------------------------
    j pi     (nr,l,j)  smax       Ecan       vvcan       decan
 j = 1/2+  (   s 1/2)  0.98    -57.6685      0.9997      1.5517
 j = 1/2+  (   s 1/2)  0.97    -47.0534      0.9995      1.6216
 j = 1/2+  (   s 1/2)  0.98    -17.9643      0.9922      1.4469
 j = 1/2+  (   s 1/2)  0.94      5.8111      0.0004      0.6600
 j = 1/2+  (   s 1/2)  0.61      6.8585      0.0000      0.0061
 j = 1/2+  (   s 1/2)  0.89     24.4781      0.0000      0.3895
 j = 1/2+  (   s 1/2)  0.58     26.8442      0.0000      0.0168
 j = 1/2+  (   s 1/2)  0.74     43.1299      0.0000      0.2263
 j = 1/2+  (   s 1/2)  0.66     54.9936      0.0000      0.0678
 j = 1/2+  (   s 1/2)  0.61     96.8462      0.0000      0.1057
 j = 1/2-  (   p 1/2)  0.99    -55.0910      0.9996      1.7489
 j = 1/2-  (   p 1/2)  0.98    -31.2778      0.9988      1.5068
 j = 1/2-  (   p 1/2)  0.97     -6.3647      0.0203      1.0301
 j = 1/2-  (   p 1/2)  0.72     10.3591      0.0000      0.0057
 j = 1/2-  (   p 1/2)  0.92     15.4603      0.0001      0.5390
 j = 1/2-  (   p 1/2)  0.56     33.0303      0.0000      0.0211
 j = 1/2-  (   p 1/2)  0.83     33.0907      0.0000      0.3342
 j = 1/2-  (   p 1/2)  0.63     51.4109      0.0000      0.1837
 j = 1/2-  (   p 1/2)  0.75     81.3143      0.0000      0.0992
 j = 3/2+  (   d 3/2)  0.99    -46.1332      0.9995      1.6302
 j = 3/2+  (   d 3/2)  0.98    -18.9871      0.9936      1.4690
 j = 3/2+  (   d 3/2)  0.95      4.7630      0.0006      0.7456
 j = 3/2+  (   d 3/2)  0.68      9.2776      0.0000      0.0038
 j = 3/2+  (   d 3/2)  0.86     25.0115      0.0000      0.4359
 j = 3/2+  (   d 3/2)  0.63     31.3729      0.0000      0.0111
 j = 3/2+  (   d 3/2)  0.67     44.6332      0.0000      0.2592
 j = 3/2+  (   d 3/2)  0.61     66.9302      0.0000      0.1501
 j = 3/2+  (   d 3/2)  0.80     74.7714      0.0000      0.0598
 j = 3/2-  (   p 3/2)  0.98    -55.4940      0.9996      1.7661
 j = 3/2-  (   p 3/2)  0.97    -31.9891      0.9988      1.5307
 j = 3/2-  (   p 3/2)  0.97     -6.8712      0.0257      1.0001
 j = 3/2-  (   p 3/2)  0.72     10.4149      0.0000      0.0057
 j = 3/2-  (   p 3/2)  0.92     15.1363      0.0001      0.5383
 j = 3/2-  (   p 3/2)  0.83     32.6744      0.0000      0.3302
 j = 3/2-  (   p 3/2)  0.56     33.0205      0.0000      0.0212
 j = 3/2-  (   p 3/2)  0.63     51.0799      0.0000      0.1834
 j = 3/2-  (   p 3/2)  0.75     81.1591      0.0000      0.0994
 j = 5/2+  (   d 5/2)  0.98    -47.4074      0.9995      1.6530
 j = 5/2+  (   d 5/2)  0.98    -20.7413      0.9954      1.4834
 j = 5/2+  (   d 5/2)  0.95      3.9872      0.0007      0.7304
 j = 5/2+  (   d 5/2)  0.68      9.2990      0.0000      0.0038
 j = 5/2+  (   d 5/2)  0.87     24.7708      0.0000      0.4292
 j = 5/2+  (   d 5/2)  0.63     31.2960      0.0000      0.0110
 j = 5/2+  (   d 5/2)  0.67     44.0801      0.0000      0.2557
 j = 5/2+  (   d 5/2)  0.61     66.8866      0.0000      0.1494
 j = 5/2+  (   d 5/2)  0.80     74.4712      0.0000      0.0597
 j = 5/2-  (   f 5/2)  0.98    -35.5594      0.9991      1.5107
 j = 5/2-  (   f 5/2)  0.98     -7.7183      0.0696      1.2713
 j = 5/2-  (   f 5/2)  0.71     10.6432      0.0000      0.0057
 j = 5/2-  (   f 5/2)  0.92     15.3166      0.0001      0.5743
 j = 5/2-  (   f 5/2)  0.59     32.6958      0.0000      0.0204
 j = 5/2-  (   f 5/2)  0.81     33.6361      0.0000      0.3520
 j = 5/2-  (   f 5/2)  0.60     54.1363      0.0000      0.1956
 j = 5/2-  (   f 5/2)  0.77     77.7113      0.0000      0.1002
 j = 7/2+  (   g 7/2)  0.98    -23.9842      0.9976      1.3854
 j = 7/2+  (   g 7/2)  0.95      3.0065      0.0016      1.0312
 j = 7/2+  (   g 7/2)  0.66     10.2756      0.0000      0.0036
 j = 7/2+  (   g 7/2)  0.85     26.0045      0.0000      0.4870
 j = 7/2+  (   g 7/2)  0.64     31.6908      0.0000      0.0106
 j = 7/2+  (   g 7/2)  0.64     45.3399      0.0000      0.2732
 j = 7/2+  (   g 7/2)  0.62     67.8871      0.0000      0.1509
 j = 7/2+  (   g 7/2)  0.80     73.0937      0.0000      0.0576
 j = 7/2-  (   f 7/2)  0.98    -38.2632      0.9993      1.5545
 j = 7/2-  (   f 7/2)  0.98    -10.1137      0.5966      1.2473
 j = 7/2-  (   f 7/2)  0.71     10.7951      0.0000      0.0058
 j = 7/2-  (   f 7/2)  0.92     14.1037      0.0001      0.5796
 j = 7/2-  (   f 7/2)  0.58     32.7312      0.0000      0.0206
 j = 7/2-  (   f 7/2)  0.81     32.7843      0.0000      0.3426
 j = 7/2-  (   f 7/2)  0.60     53.3672      0.0000      0.1938
 j = 7/2-  (   f 7/2)  0.77     77.8458      0.0000      0.1011
 j = 9/2+  (   g 9/2)  0.98    -28.3944      0.9985      1.4436
 j = 9/2+  (   g 9/2)  0.96      0.2282      0.0024      0.9910
 j = 9/2+  (   g 9/2)  0.67     10.3665      0.0000      0.0036
 j = 9/2+  (   g 9/2)  0.85     24.4432      0.0001      0.4938
 j = 9/2+  (   g 9/2)  0.64     31.6738      0.0000      0.0107
 j = 9/2+  (   g 9/2)  0.64     43.7727      0.0000      0.2661
 j = 9/2+  (   g 9/2)  0.62     67.5410      0.0000      0.1505
 j = 9/2+  (   g 9/2)  0.80     72.8757      0.0000      0.0579
 j = 9/2-  (   h 9/2)  0.98    -12.0896      0.9339      1.2727
 j = 9/2-  (   h 9/2)  0.69     11.6796      0.0000      0.0050
 j = 9/2-  (   h 9/2)  0.89     13.9771      0.0003      0.7725
 j = 9/2-  (   h 9/2)  0.62     32.4326      0.0000      0.0186
 j = 9/2-  (   h 9/2)  0.72     35.9738      0.0000      0.4065
 j = 9/2-  (   h 9/2)  0.63     57.6729      0.0000      0.2192
 j = 9/2-  (   h 9/2)  0.79     74.1809      0.0000      0.0915
 j =11/2+  (   i11/2)  0.97     -0.2319      0.0037      1.1768
 j =11/2+  (   i11/2)  0.64     12.2794      0.0000      0.0035
 j =11/2+  (   i11/2)  0.85     24.3739      0.0001      0.5389
 j =11/2+  (   i11/2)  0.65     32.6845      0.0000      0.0109
 j =11/2+  (   i11/2)  0.62     47.2615      0.0000      0.3315
 j =11/2+  (   i11/2)  0.60     70.1295      0.0000      0.1744
 j =11/2+  (   i11/2)  0.80     70.2290      0.0000      0.0554
 j =11/2-  (   h11/2)  0.98    -18.3214      0.9940      1.3259
 j =11/2-  (   h11/2)  0.91     10.9348      0.0003      0.7447
 j =11/2-  (   h11/2)  0.69     11.6044      0.0000      0.0050
 j =11/2-  (   h11/2)  0.62     32.1246      0.0000      0.0187
 j =11/2-  (   h11/2)  0.72     34.5288      0.0000      0.4084
 j =11/2-  (   h11/2)  0.63     55.9378      0.0000      0.2120
 j =11/2-  (   h11/2)  0.79     73.1769      0.0000      0.0907
 j =13/2+  (   i13/2)  0.97     -8.2511      0.0978      1.1937
 j =13/2+  (   i13/2)  0.65     12.4216      0.0000      0.0037
 j =13/2+  (   i13/2)  0.85     21.3700      0.0001      0.5430
 j =13/2+  (   i13/2)  0.64     32.7624      0.0000      0.0112
 j =13/2+  (   i13/2)  0.61     44.7563      0.0000      0.3290
 j =13/2+  (   i13/2)  0.59     67.3255      0.0000      0.1753
 j =13/2+  (   i13/2)  0.80     69.5722      0.0000      0.0558
 j =13/2-  (   j13/2)  0.95     11.1489      0.0006      1.0266
 j =13/2-  (   j13/2)  0.66     14.4552      0.0000      0.0053
 j =13/2-  (   j13/2)  0.62     34.0648      0.0000      0.0202
 j =13/2-  (   j13/2)  0.80     34.7212      0.0000      0.4050
 j =13/2-  (   j13/2)  0.64     61.3263      0.0000      0.2585
 j =13/2-  (   j13/2)  0.80     71.4670      0.0000      0.0975
 j =15/2+  (   k15/2)  0.63     15.8056      0.0000      0.0037
 j =15/2+  (   k15/2)  0.91     22.1839      0.0002      0.8696
 j =15/2+  (   k15/2)  0.64     35.2122      0.0000      0.0120
 j =15/2+  (   k15/2)  0.71     45.3356      0.0000      0.3195
 j =15/2+  (   k15/2)  0.79     69.4152      0.0000      0.0602
 j =15/2+  (   k15/2)  0.62     73.1210      0.0000      0.1909
 j =15/2-  (   j15/2)  0.95      1.8817      0.0020      1.0448
 j =15/2-  (   j15/2)  0.66     14.4358      0.0000      0.0055
 j =15/2-  (   j15/2)  0.79     30.9622      0.0000      0.4079
 j =15/2-  (   j15/2)  0.62     33.9097      0.0000      0.0209
 j =15/2-  (   j15/2)  0.64     58.7224      0.0000      0.2561
 j =15/2-  (   j15/2)  0.80     69.3875      0.0000      0.0971
 j =17/2+  (   k17/2)  0.91     12.0075      0.0004      0.8884
 j =17/2+  (   k17/2)  0.63     15.7866      0.0000      0.0038
 j =17/2+  (   k17/2)  0.64     35.1478      0.0000      0.0123
 j =17/2+  (   k17/2)  0.70     40.6917      0.0000      0.3206
 j =17/2+  (   k17/2)  0.79     67.8541      0.0000      0.0599
 j =17/2+  (   k17/2)  0.62     69.9693      0.0000      0.1884
 j =17/2-  (   l17/2)  0.68     19.5471      0.0000      0.0051
 j =17/2-  (   l17/2)  0.86     32.9517      0.0001      0.7207
 j =17/2-  (   l17/2)  0.56     38.6805      0.0000      0.0232
 j =17/2-  (   l17/2)  0.63     56.0827      0.0000      0.2514
 j =17/2-  (   l17/2)  0.77     75.7366      0.0000      0.1065
 j =19/2+  (   m19/2)  0.66     21.4015      0.0000      0.0035
 j =19/2+  (   m19/2)  0.58     40.2806      0.0000      0.0141
 j =19/2+  (   m19/2)  0.80     43.7152      0.0000      0.5837
 j =19/2+  (   m19/2)  0.63     67.6420      0.0000      0.2040
 j =19/2+  (   m19/2)  0.78     75.9738      0.0000      0.0674
 j =19/2-  (   l19/2)  0.68     19.4829      0.0000      0.0054
 j =19/2-  (   l19/2)  0.86     22.2157      0.0001      0.7363
 j =19/2-  (   l19/2)  0.57     38.2437      0.0000      0.0239
 j =19/2-  (   l19/2)  0.63     51.0162      0.0000      0.2520
 j =19/2-  (   l19/2)  0.78     72.4850      0.0000      0.1043
 j =21/2+  (   m21/2)  0.65     21.3324      0.0000      0.0037
 j =21/2+  (   m21/2)  0.79     32.6473      0.0000      0.5964
 j =21/2+  (   m21/2)  0.59     40.0180      0.0000      0.0146
 j =21/2+  (   m21/2)  0.63     61.5406      0.0000      0.2039
 j =21/2+  (   m21/2)  0.79     72.8607      0.0000      0.0661
 j =21/2-  (   n21/2)  0.65     26.1218      0.0000      0.0058
 j =21/2-  (   n21/2)  0.53     44.7743      0.0000      0.0341
 j =21/2-  (   n21/2)  0.73     55.0559      0.0000      0.4638
 j =21/2-  (   n21/2)  0.75     76.9355      0.0000      0.1341
 j =23/2+  (   o23/2)  0.64     28.4884      0.0000      0.0039
 j =23/2+  (   o23/2)  0.57     47.3547      0.0000      0.0207
 j =23/2+  (   o23/2)  0.64     66.5316      0.0000      0.3692
 j =23/2+  (   o23/2)  0.76     78.5460      0.0000      0.0949
 j =23/2-  (   n23/2)  0.71     27.3570      0.0000      0.0033
 j =23/2-  (   n23/2)  0.72     43.4856      0.0000      0.4749
 j =23/2-  (   n23/2)  0.75     49.5287      0.0000      0.0242
 j =23/2-  (   n23/2)  0.58     63.6254      0.0000      0.1448
 j =25/2+  (   o25/2)  0.63     28.3846      0.0000      0.0043
 j =25/2+  (   o25/2)  0.58     47.0079      0.0000      0.0218
 j =25/2+  (   o25/2)  0.64     54.3651      0.0000      0.3776
 j =25/2+  (   o25/2)  0.76     73.2322      0.0000      0.0927
 j =25/2-  (   P25/2)  0.77     35.6783      0.0000      0.0041
 j =25/2-  (   P25/2)  0.75     59.1172      0.0000      0.0400
 j =25/2-  (   P25/2)  0.61     71.8361      0.0000      0.2655
 j =27/2+  (   q27/2)  0.77     38.4895      0.0000      0.0027
 j =27/2+  (   q27/2)  0.72     61.4682      0.0000      0.0251
 j =27/2+  (   q27/2)  0.61     78.8682      0.0000      0.1893
 j =27/2-  (   P27/2)  0.77     35.6740      0.0000      0.0042
 j =27/2-  (   P27/2)  0.75     57.5235      0.0000      0.0397
 j =27/2-  (   P27/2)  0.61     61.9081      0.0000      0.2695
 j =29/2+  (   q29/2)  0.77     38.4973      0.0000      0.0027
 j =29/2+  (   q29/2)  0.71     60.4051      0.0000      0.0250
 j =29/2+  (   q29/2)  0.61     70.4619      0.0000      0.1916
 j =29/2-  (   r29/2)  0.77     47.2675      0.0000      0.0062
 j =29/2-  (   r29/2)  0.77     73.6552      0.0000      0.0887
 j =31/2+  (   S31/2)  0.77     50.3477      0.0000      0.0039
 j =31/2+  (   S31/2)  0.77     78.2337      0.0000      0.0561
 j =31/2-  (   r31/2)  0.76     47.1401      0.0000      0.0062
 j =31/2-  (   r31/2)  0.76     70.1940      0.0000      0.0890
 j =33/2+  (   S33/2)  0.76     50.2433      0.0000      0.0040
 j =33/2+  (   S33/2)  0.76     75.7849      0.0000      0.0562
 j =33/2-  (   t33/2)  0.98     64.8776      0.0000      0.0143
 j =35/2+  (   u35/2)  0.98     68.4000      0.0000      0.0087
 j =35/2-  (   t35/2)  0.98     64.4484      0.0000      0.0143
 j =37/2+  (   u37/2)  0.98     68.1272      0.0000      0.0087
 single-particle energies and gaps  in the canonical basis: Proton: 
 ------------------------------------------------------------------
    j pi     (nr,l,j)  smax       Ecan       vvcan       decan
 j = 1/2+  (   s 1/2)  0.80    -44.7653      0.9998     -1.1986
 j = 1/2+  (   s 1/2)  0.76    -26.5624      0.9992     -1.4292
 j = 1/2+  (   s 1/2)  0.95     -1.8101      0.4462     -1.0787
 j = 1/2+  (   s 1/2)  0.59     15.2611      0.0000     -0.0029
 j = 1/2+  (   s 1/2)  0.89     26.2253      0.0002     -0.8534
 j = 1/2+  (   s 1/2)  0.54     32.3448      0.0000     -0.0089
 j = 1/2+  (   s 1/2)  0.62     50.4998      0.0000     -0.3628
 j = 1/2+  (   s 1/2)  0.59     58.1608      0.0000     -0.0242
 j = 1/2+  (   s 1/2)  0.54     64.4920      0.0000     -0.1970
 j = 1/2+  (   s 1/2)  0.70    101.3052      0.0000     -0.0867
 j = 1/2-  (   p 1/2)  0.96    -39.0088      0.9998     -1.0789
 j = 1/2-  (   p 1/2)  0.94    -14.2913      0.9985     -0.9678
 j = 1/2-  (   p 1/2)  0.95     10.3350      0.0007     -0.6279
 j = 1/2-  (   p 1/2)  0.59     15.2547      0.0000     -0.0034
 j = 1/2-  (   p 1/2)  0.51     32.1309      0.0000     -0.0126
 j = 1/2-  (   p 1/2)  0.79     38.2686      0.0000     -0.4436
 j = 1/2-  (   p 1/2)  0.63     57.4913      0.0000     -0.0378
 j = 1/2-  (   p 1/2)  0.62     60.9127      0.0000     -0.2469
 j = 1/2-  (   p 1/2)  0.68     99.5413      0.0000     -0.1167
 j = 3/2+  (   d 3/2)  0.98    -30.1755      0.9997     -0.9650
 j = 3/2+  (   d 3/2)  0.97     -3.0854      0.9074     -0.8242
 j = 3/2+  (   d 3/2)  0.59     15.7466      0.0000     -0.0023
 j = 3/2+  (   d 3/2)  0.92     21.4045      0.0001     -0.4055
 j = 3/2+  (   d 3/2)  0.53     32.8675      0.0000     -0.0075
 j = 3/2+  (   d 3/2)  0.77     45.5882      0.0000     -0.2640
 j = 3/2+  (   d 3/2)  0.60     58.6679      0.0000     -0.0216
 j = 3/2+  (   d 3/2)  0.61     72.5437      0.0000     -0.1723
 j = 3/2+  (   d 3/2)  0.69    104.2703      0.0000     -0.0818
 j = 3/2-  (   p 3/2)  0.95    -39.5354      0.9998     -1.0822
 j = 3/2-  (   p 3/2)  0.93    -15.0765      0.9986     -0.9733
 j = 3/2-  (   p 3/2)  0.95      9.8812      0.0007     -0.6187
 j = 3/2-  (   p 3/2)  0.59     15.2356      0.0000     -0.0034
 j = 3/2-  (   p 3/2)  0.51     32.1001      0.0000     -0.0127
 j = 3/2-  (   p 3/2)  0.80     38.0980      0.0000     -0.4487
 j = 3/2-  (   p 3/2)  0.63     57.2370      0.0000     -0.0377
 j = 3/2-  (   p 3/2)  0.62     60.8245      0.0000     -0.2458
 j = 3/2-  (   p 3/2)  0.68     99.0733      0.0000     -0.1159
 j = 5/2+  (   d 5/2)  0.97    -31.7010      0.9997     -0.9786
 j = 5/2+  (   d 5/2)  0.96     -4.8209      0.9810     -0.8209
 j = 5/2+  (   d 5/2)  0.59     15.6623      0.0000     -0.0023
 j = 5/2+  (   d 5/2)  0.92     20.6093      0.0001     -0.4058
 j = 5/2+  (   d 5/2)  0.52     32.6765      0.0000     -0.0074
 j = 5/2+  (   d 5/2)  0.77     45.9637      0.0000     -0.2629
 j = 5/2+  (   d 5/2)  0.59     58.2331      0.0000     -0.0213
 j = 5/2+  (   d 5/2)  0.62     72.5733      0.0000     -0.1698
 j = 5/2+  (   d 5/2)  0.70    103.5436      0.0000     -0.0810
 j = 5/2-  (   f 5/2)  0.98    -19.9026      0.9994     -0.8784
 j = 5/2-  (   f 5/2)  0.97      7.8077      0.0012     -0.6725
 j = 5/2-  (   f 5/2)  0.59     16.7525      0.0000     -0.0029
 j = 5/2-  (   f 5/2)  0.87     33.1327      0.0000     -0.3307
 j = 5/2-  (   f 5/2)  0.54     34.5428      0.0000     -0.0102
 j = 5/2-  (   f 5/2)  0.63     55.6025      0.0000     -0.1841
 j = 5/2-  (   f 5/2)  0.66     60.4734      0.0000     -0.0371
 j = 5/2-  (   f 5/2)  0.64    103.8791      0.0000     -0.0998
 j = 7/2+  (   g 7/2)  0.98     -8.7453      0.9966     -0.8019
 j = 7/2+  (   g 7/2)  0.58     17.2431      0.0000     -0.0017
 j = 7/2+  (   g 7/2)  0.92     19.0356      0.0002     -0.5146
 j = 7/2+  (   g 7/2)  0.52     34.4696      0.0000     -0.0058
 j = 7/2+  (   g 7/2)  0.74     45.0637      0.0000     -0.2742
 j = 7/2+  (   g 7/2)  0.61     59.5870      0.0000     -0.0190
 j = 7/2+  (   g 7/2)  0.64     67.3045      0.0000     -0.1440
 j = 7/2+  (   g 7/2)  0.67    108.1866      0.0000     -0.0684
 j = 7/2-  (   f 7/2)  0.98    -22.8545      0.9995     -0.9058
 j = 7/2-  (   f 7/2)  0.96      5.3371      0.0020     -0.6510
 j = 7/2-  (   f 7/2)  0.59     16.7514      0.0000     -0.0030
 j = 7/2-  (   f 7/2)  0.87     31.8191      0.0000     -0.3358
 j = 7/2-  (   f 7/2)  0.55     34.5984      0.0000     -0.0104
 j = 7/2-  (   f 7/2)  0.64     54.9035      0.0000     -0.1815
 j = 7/2-  (   f 7/2)  0.66     60.0388      0.0000     -0.0372
 j = 7/2-  (   f 7/2)  0.64    103.8512      0.0000     -0.0996
 j = 9/2+  (   g 9/2)  0.98    -13.4041      0.9987     -0.8324
 j = 9/2+  (   g 9/2)  0.93     16.1262      0.0002     -0.4933
 j = 9/2+  (   g 9/2)  0.58     17.2202      0.0000     -0.0018
 j = 9/2+  (   g 9/2)  0.52     34.4473      0.0000     -0.0058
 j = 9/2+  (   g 9/2)  0.75     43.4723      0.0000     -0.2788
 j = 9/2+  (   g 9/2)  0.61     59.2232      0.0000     -0.0190
 j = 9/2+  (   g 9/2)  0.64     66.0632      0.0000     -0.1402
 j = 9/2+  (   g 9/2)  0.67    107.6944      0.0000     -0.0683
 j = 9/2-  (   h 9/2)  0.98      2.7992      0.0059     -0.7330
 j = 9/2-  (   h 9/2)  0.58     19.1370      0.0000     -0.0028
 j = 9/2-  (   h 9/2)  0.86     30.2726      0.0000     -0.3663
 j = 9/2-  (   h 9/2)  0.53     36.0075      0.0000     -0.0114
 j = 9/2-  (   h 9/2)  0.62     56.1439      0.0000     -0.2210
 j = 9/2-  (   h 9/2)  0.66     60.7768      0.0000     -0.0397
 j = 9/2-  (   h 9/2)  0.65    102.7450      0.0000     -0.1015
 j =11/2+  (   i11/2)  0.96     14.4651      0.0004     -0.6507
 j =11/2+  (   i11/2)  0.56     20.1659      0.0000     -0.0017
 j =11/2+  (   i11/2)  0.52     36.3226      0.0000     -0.0068
 j =11/2+  (   i11/2)  0.81     41.0149      0.0000     -0.2661
 j =11/2+  (   i11/2)  0.61     60.5904      0.0000     -0.0208
 j =11/2+  (   i11/2)  0.65     70.5187      0.0000     -0.1727
 j =11/2+  (   i11/2)  0.68    105.4826      0.0000     -0.0758
 j =11/2-  (   h11/2)  0.98     -3.6971      0.9604     -0.7495
 j =11/2-  (   h11/2)  0.58     19.0952      0.0000     -0.0029
 j =11/2-  (   h11/2)  0.88     27.1852      0.0000     -0.3596
 j =11/2-  (   h11/2)  0.53     35.9477      0.0000     -0.0118
 j =11/2-  (   h11/2)  0.62     54.1699      0.0000     -0.2226
 j =11/2-  (   h11/2)  0.66     59.7946      0.0000     -0.0398
 j =11/2-  (   h11/2)  0.65    101.3186      0.0000     -0.1003
 j =13/2+  (   i13/2)  0.97      6.1713      0.0017     -0.6618
 j =13/2+  (   i13/2)  0.57     20.1566      0.0000     -0.0018
 j =13/2+  (   i13/2)  0.52     36.3462      0.0000     -0.0071
 j =13/2+  (   i13/2)  0.82     37.5340      0.0000     -0.2652
 j =13/2+  (   i13/2)  0.61     60.0164      0.0000     -0.0214
 j =13/2+  (   i13/2)  0.65     68.1274      0.0000     -0.1730
 j =13/2+  (   i13/2)  0.69    103.2777      0.0000     -0.0755
 j =13/2-  (   j13/2)  0.55     23.0930      0.0000     -0.0025
 j =13/2-  (   j13/2)  0.93     25.9252      0.0001     -0.5538
 j =13/2-  (   j13/2)  0.55     39.5802      0.0000     -0.0119
 j =13/2-  (   j13/2)  0.72     51.9954      0.0000     -0.2054
 j =13/2-  (   j13/2)  0.69     63.7104      0.0000     -0.0452
 j =13/2-  (   j13/2)  0.65    100.6938      0.0000     -0.1106
 j =15/2+  (   k15/2)  0.55     24.5810      0.0000     -0.0015
 j =15/2+  (   k15/2)  0.88     37.4864      0.0000     -0.4624
 j =15/2+  (   k15/2)  0.51     41.0117      0.0000     -0.0068
 j =15/2+  (   k15/2)  0.63     63.2317      0.0000     -0.1620
 j =15/2+  (   k15/2)  0.66     64.9417      0.0000     -0.0243
 j =15/2+  (   k15/2)  0.65    105.8959      0.0000     -0.0789
 j =15/2-  (   j15/2)  0.93     16.2919      0.0002     -0.5639
 j =15/2-  (   j15/2)  0.56     23.0325      0.0000     -0.0026
 j =15/2-  (   j15/2)  0.55     39.5244      0.0000     -0.0126
 j =15/2-  (   j15/2)  0.73     47.8166      0.0000     -0.2062
 j =15/2-  (   j15/2)  0.70     62.3199      0.0000     -0.0453
 j =15/2-  (   j15/2)  0.64     97.9872      0.0000     -0.1099
 j =17/2+  (   k17/2)  0.54     24.5314      0.0000     -0.0016
 j =17/2+  (   k17/2)  0.88     26.6592      0.0001     -0.4718
 j =17/2+  (   k17/2)  0.51     40.9522      0.0000     -0.0072
 j =17/2+  (   k17/2)  0.63     58.4400      0.0000     -0.1627
 j =17/2+  (   k17/2)  0.66     63.8379      0.0000     -0.0246
 j =17/2+  (   k17/2)  0.65    102.9020      0.0000     -0.0780
 j =17/2-  (   l17/2)  0.58     28.5722      0.0000     -0.0026
 j =17/2-  (   l17/2)  0.65     44.9168      0.0000     -0.0162
 j =17/2-  (   l17/2)  0.81     48.7026      0.0000     -0.3753
 j =17/2-  (   l17/2)  0.71     66.4516      0.0000     -0.0650
 j =17/2-  (   l17/2)  0.65     97.3824      0.0000     -0.0946
 j =19/2+  (   m19/2)  0.58     30.4852      0.0000     -0.0015
 j =19/2+  (   m19/2)  0.63     47.0543      0.0000     -0.0094
 j =19/2+  (   m19/2)  0.74     60.4326      0.0000     -0.2996
 j =19/2+  (   m19/2)  0.69     68.9042      0.0000     -0.0378
 j =19/2+  (   m19/2)  0.65    103.8926      0.0000     -0.0830
 j =19/2-  (   l19/2)  0.57     28.4848      0.0000     -0.0028
 j =19/2-  (   l19/2)  0.82     37.1428      0.0000     -0.3826
 j =19/2-  (   l19/2)  0.66     44.5407      0.0000     -0.0189
 j =19/2-  (   l19/2)  0.73     63.5014      0.0000     -0.0674
 j =19/2-  (   l19/2)  0.66     92.6780      0.0000     -0.0902
 j =21/2+  (   m21/2)  0.57     30.4272      0.0000     -0.0016
 j =21/2+  (   m21/2)  0.63     46.7796      0.0000     -0.0109
 j =21/2+  (   m21/2)  0.74     48.1862      0.0000     -0.3054
 j =21/2+  (   m21/2)  0.70     66.7775      0.0000     -0.0406
 j =21/2+  (   m21/2)  0.67     97.7668      0.0000     -0.0796
 j =21/2-  (   n21/2)  0.63     36.0270      0.0000     -0.0018
 j =21/2-  (   n21/2)  0.58     55.6925      0.0000     -0.0105
 j =21/2-  (   n21/2)  0.65     73.0452      0.0000     -0.2370
 j =21/2-  (   n21/2)  0.75     86.9729      0.0000     -0.0590
 j =23/2+  (   o23/2)  0.61     38.1727      0.0000     -0.0012
 j =23/2+  (   o23/2)  0.61     58.2152      0.0000     -0.0060
 j =23/2+  (   o23/2)  0.60     84.5227      0.0000     -0.1840
 j =23/2+  (   o23/2)  0.74     87.8652      0.0000     -0.0386
 j =23/2-  (   n23/2)  0.63     35.9258      0.0000     -0.0020
 j =23/2-  (   n23/2)  0.58     55.2578      0.0000     -0.0112
 j =23/2-  (   n23/2)  0.65     59.8201      0.0000     -0.2420
 j =23/2-  (   n23/2)  0.76     81.9243      0.0000     -0.0584
 j =25/2+  (   o25/2)  0.61     38.0794      0.0000     -0.0014
 j =25/2+  (   o25/2)  0.62     57.9734      0.0000     -0.0063
 j =25/2+  (   o25/2)  0.61     70.7416      0.0000     -0.1877
 j =25/2+  (   o25/2)  0.74     83.8514      0.0000     -0.0384
 j =25/2-  (   P25/2)  0.69     45.3476      0.0000     -0.0021
 j =25/2-  (   P25/2)  0.79     67.1654      0.0000     -0.0219
 j =25/2-  (   P25/2)  0.69     90.3865      0.0000     -0.1131
 j =27/2+  (   q27/2)  0.69     47.8611      0.0000     -0.0014
 j =27/2+  (   q27/2)  0.78     70.8379      0.0000     -0.0108
 j =27/2+  (   q27/2)  0.67     95.7689      0.0000     -0.0798
 j =27/2-  (   P27/2)  0.67     45.1658      0.0000     -0.0030
 j =27/2-  (   P27/2)  0.80     65.9108      0.0000     -0.0297
 j =27/2-  (   P27/2)  0.73     80.1080      0.0000     -0.1060
 j =29/2+  (   q29/2)  0.67     47.7023      0.0000     -0.0018
 j =29/2+  (   q29/2)  0.79     70.2150      0.0000     -0.0121
 j =29/2+  (   q29/2)  0.68     86.9254      0.0000     -0.0790
 j =29/2-  (   r29/2)  0.76     57.8886      0.0000     -0.0018
 j =29/2-  (   r29/2)  0.76     86.4670      0.0000     -0.0338
 j =31/2+  (   S31/2)  0.76     60.6984      0.0000     -0.0012
 j =31/2+  (   S31/2)  0.76     90.8325      0.0000     -0.0203
 j =31/2-  (   r31/2)  0.75     57.7155      0.0000     -0.0019
 j =31/2-  (   r31/2)  0.75     82.9941      0.0000     -0.0338
 j =33/2+  (   S33/2)  0.75     60.5537      0.0000     -0.0012
 j =33/2+  (   S33/2)  0.75     88.3631      0.0000     -0.0203
 j =33/2-  (   t33/2)  0.98     76.2753      0.0000     -0.0044
 j =35/2+  (   u35/2)  0.98     79.5223      0.0000     -0.0026
 j =35/2-  (   t35/2)  0.98     75.8101      0.0000     -0.0044
 j =37/2+  (   u37/2)  0.98     79.2132      0.0000     -0.0026
  ****** END CANON **********************************
  ****** BEGIN RESU *********************************
   ****** BEGIN EXPECT *******

                            neutron        proton         total
 particle number            98.000000      80.000000     178.000000
 trace scalar density       93.553349      76.806242     170.359590
 lambda                     -9.867967      -1.926958
 spk                        11.398414      -5.681650
 rms-Radius                  5.320188       5.291641       5.307377
 charge-Radius                              5.351772
 Particle Energ          -2823.659765   -1366.819341   -4190.479106
 Selfconsistency Test.                                    -0.000001

 Kinetic Energy           1324.227635     990.743701    2314.971336
 E-scsc                                               -27212.839534
 E-scve                                                22699.275816
 E-vesc                                                    0.000000
 E-veve                                                   20.724479
 E-rearrang.                                             854.944895
 Coulomb direct                                          812.641570
 Pairing Energy            -13.093757      -4.205586     -17.299343
 Sum without E-cm                                      -1382.525675
DE-cm <P**2>/2M            -10.688422      -7.821412     -18.509834
NE-cm <P**2>/2M              7.463349       5.099570      12.562919
 E-cm <P**2>/2M             -3.225073      -2.721842      -5.946915
 Total Energy                                          -1388.472590
 E/A                                                      -7.800408

  ****** END EXPECT *********************************


 quasi-particle properties Neutron:
 ------------------------------------------------------------------
     p/h    l j     [nr,l,j]  smax       Eqp       uu       vv
   1  h   1s 1/2   ( 3s  1/2) 0.96     7.647     0.008     0.992
   2  p   2s 1/2   ( 4s  1/2) 0.73    11.284     1.000     0.000
   3  p   3s 1/2   ( 4s  1/2) 0.61    16.149     1.000     0.000
   4  p   4s 1/2   ( 5s  1/2) 0.69    25.139     1.000     0.000
   5  h   5s 1/2   ( 2s  1/2) 0.91    32.528     0.001     0.999
   6  p   6s 1/2   ( 6s  1/2) 0.54    38.646     1.000     0.000
   7  h   7s 1/2   ( 1s  1/2) 0.94    53.091     0.000     1.000
   8  p   8s 1/2   ( 6s  1/2) 0.56    54.722     1.000     0.000
   9  p   9s 1/2   ( 8s  1/2) 0.60    74.748     1.000     0.000
  11  p   1p 1/2   ( 3p  1/2) 0.97     3.508     0.979     0.021
  12  p   2p 1/2   ( 4p  1/2) 0.53    13.570     0.999     0.001
  13  h   3p 1/2   ( 2p  1/2) 0.94    20.882     0.040     0.960
  14  p   4p 1/2   ( 4p  1/2) 0.72    21.622     0.962     0.038
  15  p   5p 1/2   ( 5p  1/2) 0.68    33.339     1.000     0.000
  16  h   6p 1/2   ( 1p  1/2) 0.97    45.814     0.003     0.997
  17  p   7p 1/2   ( 6p  1/2) 0.61    48.625     0.998     0.002
  18  p   8p 1/2   ( 7p  1/2) 0.65    67.985     1.000     0.000
  19  p   9p 1/2   ( 8p  1/2) 0.64    99.454     1.000     0.000
  20  h   1d 3/2   ( 2d  3/2) 0.97     9.074     0.008     0.992
  21  p   2d 3/2   ( 3d  3/2) 0.83    11.584     0.999     0.001
  22  p   3d 3/2   ( 3d  3/2) 0.51    16.084     0.999     0.001
  23  p   4d 3/2   ( 4d  3/2) 0.72    25.128     1.000     0.000
  24  h   5d 3/2   ( 1d  3/2) 0.98    36.455     0.001     0.999
  25  p   6d 3/2   ( 5d  3/2) 0.58    38.455     0.999     0.001
  26  p   7d 3/2   ( 5d  3/2) 0.56    54.331     1.000     0.000
  27  p   8d 3/2   ( 7d  3/2) 0.62    74.436     1.000     0.000
  29  p   1p 3/2   ( 3p  3/2) 0.96     3.054     0.974     0.026
  30  p   2p 3/2   ( 4p  3/2) 0.54    13.524     1.000     0.000
  31  p   3p 3/2   ( 4p  3/2) 0.65    21.356     0.812     0.188
  32  h   4p 3/2   ( 2p  3/2) 0.85    21.703     0.189     0.811
  33  p   5p 3/2   ( 5p  3/2) 0.68    33.173     1.000     0.000
  34  h   6p 3/2   ( 1p  3/2) 0.96    46.196     0.005     0.995
  35  p   7p 3/2   ( 6p  3/2) 0.61    48.378     0.996     0.004
  36  p   8p 3/2   ( 7p  3/2) 0.65    67.588     1.000     0.000
  37  p   9p 3/2   ( 8p  3/2) 0.64    99.246     1.000     0.000
  38  h   1d 5/2   ( 2d  5/2) 0.96    10.749     0.018     0.982
  39  p   2d 5/2   ( 3d  5/2) 0.85    11.270     0.987     0.013
  40  p   3d 5/2   ( 3d  5/2) 0.46    15.853     0.999     0.001
  41  p   4d 5/2   ( 4d  5/2) 0.71    24.880     1.000     0.000
  42  h   5d 5/2   ( 1d  5/2) 0.97    37.782     0.015     0.985
  43  p   6d 5/2   ( 5d  5/2) 0.57    38.259     0.985     0.015
  44  p   7d 5/2   ( 5d  5/2) 0.55    53.996     1.000     0.000
  45  p   8d 5/2   ( 7d  5/2) 0.61    73.883     1.000     0.000
  47  p   1f 5/2   ( 2f  5/2) 0.95     2.459     0.930     0.070
  48  p   2f 5/2   ( 3f  5/2) 0.55    14.902     1.000     0.000
  49  p   3f 5/2   ( 3f  5/2) 0.75    22.110     1.000     0.000
  50  h   4f 5/2   ( 1f  5/2) 0.98    25.736     0.001     0.999
  51  p   5f 5/2   ( 4f  5/2) 0.72    33.132     1.000     0.000
  52  p   6f 5/2   ( 5f  5/2) 0.65    48.314     1.000     0.000
  53  p   7f 5/2   ( 6f  5/2) 0.67    67.593     1.000     0.000
  54  p   8f 5/2   ( 7f  5/2) 0.64    97.906     1.000     0.000
  55  p   1g 7/2   ( 2g  7/2) 0.95    11.608     0.991     0.009
  56  h   2g 7/2   ( 1g  7/2) 0.97    14.196     0.012     0.988
  57  p   3g 7/2   ( 4g  7/2) 0.47    16.934     0.998     0.002
  58  p   4g 7/2   ( 3g  7/2) 0.73    26.072     1.000     0.000
  59  p   5g 7/2   ( 4g  7/2) 0.61    38.740     1.000     0.000
  60  p   6g 7/2   ( 5g  7/2) 0.56    54.187     1.000     0.000
  61  p   7g 7/2   ( 6g  7/2) 0.63    74.135     1.000     0.000
  63  h   1f 7/2   ( 2f  7/2) 0.75     1.262     0.403     0.597
  64  p   2f 7/2   ( 3f  7/2) 0.58    14.751     1.000     0.000
  65  p   3f 7/2   ( 3f  7/2) 0.73    21.531     1.000     0.000
  66  h   4f 7/2   ( 1f  7/2) 0.98    28.438     0.002     0.998
  67  p   5f 7/2   ( 4f  7/2) 0.72    32.617     0.999     0.001
  68  p   6f 7/2   ( 5f  7/2) 0.64    47.834     1.000     0.000
  69  p   7f 7/2   ( 6f  7/2) 0.66    66.722     1.000     0.000
  70  p   8f 7/2   ( 7f  7/2) 0.64    97.917     1.000     0.000
  71  p   1g 9/2   ( 2g  9/2) 0.97     9.464     0.997     0.003
  72  p   2g 9/2   ( 4g  9/2) 0.50    16.593     0.998     0.002
  73  h   3g 9/2   ( 1g  9/2) 0.98    18.590     0.004     0.996
  74  p   4g 9/2   ( 3g  9/2) 0.74    25.368     1.000     0.000
  75  p   5g 9/2   ( 4g  9/2) 0.63    37.844     1.000     0.000
  76  p   6g 9/2   ( 5g  9/2) 0.57    53.262     1.000     0.000
  77  p   7g 9/2   ( 6g  9/2) 0.63    72.803     1.000     0.000
  79  h   1h 9/2   ( 1h  9/2) 0.94     2.557     0.066     0.934
  80  p   2h 9/2   ( 2h  9/2) 0.65    17.263     1.000     0.000
  81  p   3h 9/2   ( 2h  9/2) 0.71    22.245     1.000     0.000
  82  p   4h 9/2   ( 3h  9/2) 0.76    32.956     1.000     0.000
  83  p   5h 9/2   ( 4h  9/2) 0.67    48.510     1.000     0.000
  84  p   6h 9/2   ( 5h  9/2) 0.68    67.300     1.000     0.000
  85  p   7h 9/2   ( 6h  9/2) 0.64    97.321     1.000     0.000
  86  p   1i11/2   ( 1i 11/2) 0.97     9.430     0.996     0.004
  87  p   2i11/2   ( 4i 11/2) 0.50    19.615     1.000     0.000
  88  p   3i11/2   ( 2i 11/2) 0.79    27.613     1.000     0.000
  89  p   4i11/2   ( 3i 11/2) 0.70    38.049     1.000     0.000
  90  p   5i11/2   ( 4i 11/2) 0.62    53.573     1.000     0.000
  91  p   6i11/2   ( 5i 11/2) 0.65    73.490     1.000     0.000
  93  h   1h11/2   ( 1h 11/2) 0.98     8.553     0.006     0.994
  94  p   2h11/2   ( 2h 11/2) 0.78    16.652     1.000     0.000
  95  p   3h11/2   ( 2h 11/2) 0.58    20.781     1.000     0.000
  96  p   4h11/2   ( 3h 11/2) 0.76    31.870     1.000     0.000
  97  p   5h11/2   ( 4h 11/2) 0.69    47.232     1.000     0.000
  98  p   6h11/2   ( 5h 11/2) 0.68    65.255     1.000     0.000
  99  p   7h11/2   ( 6h 11/2) 0.64    96.233     1.000     0.000
 100  p   1i13/2   ( 1i 13/2) 0.93     2.000     0.902     0.098
 101  p   2i13/2   ( 4i 13/2) 0.48    19.454     1.000     0.000
 102  p   3i13/2   ( 2i 13/2) 0.80    26.316     1.000     0.000
 103  p   4i13/2   ( 3i 13/2) 0.74    36.475     1.000     0.000
 104  p   5i13/2   ( 4i 13/2) 0.65    52.075     1.000     0.000
 105  p   6i13/2   ( 5i 13/2) 0.66    70.989     1.000     0.000
 107  p   1j13/2   ( 1j 13/2) 0.94    19.630     1.000     0.000
 108  p   2j13/2   ( 4j 13/2) 0.50    23.251     1.000     0.000
 109  p   3j13/2   ( 2j 13/2) 0.78    34.424     1.000     0.000
 110  p   4j13/2   ( 3j 13/2) 0.72    48.186     1.000     0.000
 111  p   5j13/2   ( 4j 13/2) 0.71    65.826     1.000     0.000
 112  p   6j13/2   ( 5j 13/2) 0.64    95.506     1.000     0.000
 113  p   1k15/2   ( 3k 15/2) 0.50    24.228     1.000     0.000
 114  p   2k15/2   ( 1k 15/2) 0.88    29.556     1.000     0.000
 115  p   3k15/2   ( 2k 15/2) 0.75    38.934     1.000     0.000
 116  p   4k15/2   ( 3k 15/2) 0.65    53.985     1.000     0.000
 117  p   5k15/2   ( 4k 15/2) 0.68    72.295     1.000     0.000
 119  p   1j15/2   ( 1j 15/2) 0.97    11.558     0.998     0.002
 120  p   2j15/2   ( 3j 15/2) 0.52    22.605     1.000     0.000
 121  p   3j15/2   ( 2j 15/2) 0.78    32.805     1.000     0.000
 122  p   4j15/2   ( 3j 15/2) 0.76    46.187     1.000     0.000
 123  p   5j15/2   ( 4j 15/2) 0.72    63.084     1.000     0.000
 124  p   6j15/2   ( 6j 15/2) 0.64    92.712     1.000     0.000
 125  p   1k17/2   ( 1k 17/2) 0.96    20.909     1.000     0.000
 126  p   2k17/2   ( 3k 17/2) 0.51    24.852     1.000     0.000
 127  p   3k17/2   ( 2k 17/2) 0.77    36.449     1.000     0.000
 128  p   4k17/2   ( 3k 17/2) 0.72    51.527     1.000     0.000
 129  p   5k17/2   ( 4k 17/2) 0.70    68.734     1.000     0.000
 130  p   6k17/2   ( 5k 17/2) 0.64    98.638     1.000     0.000
 131  p   1l17/2   ( 3l 17/2) 0.56    28.200     1.000     0.000
 132  p   2l17/2   ( 1l 17/2) 0.86    37.438     1.000     0.000
 133  p   3l17/2   ( 2l 17/2) 0.76    48.235     1.000     0.000
 134  p   4l17/2   ( 3l 17/2) 0.72    66.345     1.000     0.000
 135  p   5l17/2   ( 5l 17/2) 0.65    92.558     1.000     0.000
 136  p   1m19/2   ( 3m 19/2) 0.57    30.556     1.000     0.000
 137  p   2m19/2   ( 1m 19/2) 0.81    42.355     1.000     0.000
 138  p   3m19/2   ( 2m 19/2) 0.69    54.084     1.000     0.000
 139  p   4m19/2   ( 3m 19/2) 0.70    71.932     1.000     0.000
 141  p   1l19/2   ( 1l 19/2) 0.61    27.781     1.000     0.000
 142  p   2l19/2   ( 1l 19/2) 0.76    31.071     1.000     0.000
 143  p   3l19/2   ( 2l 19/2) 0.77    44.646     1.000     0.000
 144  p   4l19/2   ( 3l 19/2) 0.75    61.633     1.000     0.000
 145  p   5l19/2   ( 5l 19/2) 0.68    88.012     1.000     0.000
 146  p   1m21/2   ( 3m 21/2) 0.57    30.498     1.000     0.000
 147  p   2m21/2   ( 1m 21/2) 0.90    38.585     1.000     0.000
 148  p   3m21/2   ( 2m 21/2) 0.80    48.981     1.000     0.000
 149  p   4m21/2   ( 3m 21/2) 0.74    66.407     1.000     0.000
 150  p   5m21/2   ( 5m 21/2) 0.67    93.700     1.000     0.000
 151  p   1n21/2   ( 2n 21/2) 0.60    35.631     1.000     0.000
 152  p   2n21/2   ( 1n 21/2) 0.81    50.516     1.000     0.000
 153  p   3n21/2   ( 2n 21/2) 0.74    65.129     1.000     0.000
 154  p   4n21/2   ( 4n 21/2) 0.67    91.445     1.000     0.000
 155  p   1o23/2   ( 2o 23/2) 0.60    38.186     1.000     0.000
 156  p   2o23/2   ( 1o 23/2) 0.79    54.420     1.000     0.000
 157  p   3o23/2   ( 2o 23/2) 0.72    70.885     1.000     0.000
 158  p   4o23/2   ( 4o 23/2) 0.66    97.318     1.000     0.000
 159  p   1n23/2   ( 2n 23/2) 0.57    35.497     1.000     0.000
 160  p   2n23/2   ( 1n 23/2) 0.86    47.730     1.000     0.000
 161  p   3n23/2   ( 2n 23/2) 0.75    58.619     1.000     0.000
 162  p   4n23/2   ( 4n 23/2) 0.74    82.142     1.000     0.000
 163  p   1o25/2   ( 2o 25/2) 0.59    38.116     1.000     0.000
 164  p   2o25/2   ( 1o 25/2) 0.85    53.083     1.000     0.000
 165  p   3o25/2   ( 2o 25/2) 0.78    64.921     1.000     0.000
 166  p   4o25/2   ( 4o 25/2) 0.73    86.685     1.000     0.000
 167  p   1P25/2   ( 2P 25/2) 0.68    44.959     1.000     0.000
 168  p   2P25/2   ( 1P 25/2) 0.78    64.717     1.000     0.000
 169  p   3P25/2   ( 3P 25/2) 0.70    87.051     1.000     0.000
 170  p   1q27/2   ( 2q 27/2) 0.68    47.748     1.000     0.000
 171  p   2q27/2   ( 1q 27/2) 0.78    68.718     1.000     0.000
 172  p   3q27/2   ( 3q 27/2) 0.69    92.500     1.000     0.000
 173  p   1P27/2   ( 2P 27/2) 0.65    44.792     1.000     0.000
 174  p   2P27/2   ( 1P 27/2) 0.79    63.324     1.000     0.000
 175  p   3P27/2   ( 3P 27/2) 0.76    76.976     1.000     0.000
 176  p   1q29/2   ( 2q 29/2) 0.67    47.611     1.000     0.000
 177  p   2q29/2   ( 1q 29/2) 0.79    68.062     1.000     0.000
 178  p   3q29/2   ( 3q 29/2) 0.71    83.744     1.000     0.000
 179  p   1r29/2   ( 1r 29/2) 0.77    57.136     1.000     0.000
 180  p   2r29/2   ( 2r 29/2) 0.77    83.523     1.000     0.000
 181  p   1S31/2   ( 1S 31/2) 0.77    60.216     1.000     0.000
 182  p   2S31/2   ( 2S 31/2) 0.77    88.102     1.000     0.000
 183  p   1r31/2   ( 1r 31/2) 0.76    57.008     1.000     0.000
 184  p   2r31/2   ( 2r 31/2) 0.76    80.062     1.000     0.000
 185  p   1S33/2   ( 1S 33/2) 0.76    60.111     1.000     0.000
 186  p   2S33/2   ( 2S 33/2) 0.76    85.653     1.000     0.000
 187  p   1t33/2   ( 1t 33/2) 0.98    74.746     1.000     0.000
 188  p   1u35/2   ( 1u 35/2) 0.98    78.268     1.000     0.000
 189  p   1t35/2   ( 1t 35/2) 0.98    74.316     1.000     0.000
 190  p   1u37/2   ( 1u 37/2) 0.98    77.995     1.000     0.000


 quasi-particle properties Proton: 
 ------------------------------------------------------------------
     p/h    l j     [nr,l,j]  smax       Eqp       uu       vv
   1  p   1s 1/2   ( 3s  1/2) 0.70     1.059     0.554     0.446
   2  p   2s 1/2   ( 7s  1/2) 0.45    14.604     1.000     0.000
   3  p   3s 1/2   ( 4s  1/2) 0.77    20.625     0.996     0.004
   4  h   4s 1/2   ( 2s  1/2) 0.87    23.720     0.007     0.993
   5  p   5s 1/2   ( 5s  1/2) 0.60    29.490     0.998     0.002
   6  p   6s 1/2   ( 5s  1/2) 0.56    43.670     0.924     0.076
   7  h   7s 1/2   ( 1s  1/2) 0.88    43.823     0.076     0.924
   8  p   8s 1/2   ( 6s  1/2) 0.60    60.248     1.000     0.000
   9  p   9s 1/2   ( 7s  1/2) 0.55    81.341     1.000     0.000
  11  p   1p 1/2   ( 3p  1/2) 0.95    10.617     0.999     0.001
  12  h   2p 1/2   ( 2p  1/2) 0.94    12.397     0.002     0.998
  13  p   3p 1/2   ( 5p  1/2) 0.48    16.292     1.000     0.000
  14  p   4p 1/2   ( 4p  1/2) 0.73    25.860     1.000     0.000
  15  h   5p 1/2   ( 1p  1/2) 0.95    37.103     0.000     1.000
  16  p   6p 1/2   ( 5p  1/2) 0.58    38.603     1.000     0.000
  17  p   7p 1/2   ( 5p  1/2) 0.54    54.137     1.000     0.000
  18  p   8p 1/2   ( 7p  1/2) 0.61    74.514     1.000     0.000
  20  h   1d 3/2   ( 2d  3/2) 0.92     1.417     0.093     0.907
  21  p   2d 3/2   ( 3d  3/2) 0.48    15.413     1.000     0.000
  22  p   3d 3/2   ( 3d  3/2) 0.80    20.614     1.000     0.000
  23  h   4d 3/2   ( 1d  3/2) 0.97    28.262     0.006     0.994
  24  p   5d 3/2   ( 4d  3/2) 0.65    29.363     0.994     0.006
  25  p   6d 3/2   ( 4d  3/2) 0.57    43.543     1.000     0.000
  26  p   7d 3/2   ( 5d  3/2) 0.60    59.989     1.000     0.000
  27  p   8d 3/2   ( 7d  3/2) 0.57    81.050     1.000     0.000
  29  p   1p 3/2   ( 3p  3/2) 0.94    10.267     0.999     0.001
  30  h   2p 3/2   ( 2p  3/2) 0.92    13.176     0.002     0.998
  31  p   3p 3/2   ( 5p  3/2) 0.49    16.241     1.000     0.000
  32  p   4p 3/2   ( 4p  3/2) 0.73    25.711     1.000     0.000
  33  h   5p 3/2   ( 1p  3/2) 0.94    37.633     0.001     0.999
  34  p   6p 3/2   ( 5p  3/2) 0.58    38.454     0.999     0.001
  35  p   7p 3/2   ( 5p  3/2) 0.53    53.879     1.000     0.000
  36  p   8p 3/2   ( 7p  3/2) 0.60    74.130     1.000     0.000
  38  h   1d 5/2   ( 2d  5/2) 0.94     2.991     0.019     0.981
  39  p   2d 5/2   ( 3d  5/2) 0.50    15.329     1.000     0.000
  40  p   3d 5/2   ( 3d  5/2) 0.78    20.244     1.000     0.000
  41  p   4d 5/2   ( 4d  5/2) 0.65    29.051     0.988     0.012
  42  h   5d 5/2   ( 1d  5/2) 0.96    29.815     0.012     0.988
  43  p   6d 5/2   ( 4d  5/2) 0.56    43.356     1.000     0.000
  44  p   7d 5/2   ( 5d  5/2) 0.59    59.626     1.000     0.000
  45  p   8d 5/2   ( 7d  5/2) 0.56    80.514     1.000     0.000
  47  p   1f 5/2   ( 2f  5/2) 0.98     9.228     0.999     0.001
  48  p   2f 5/2   ( 5f  5/2) 0.49    17.533     0.995     0.005
  49  h   3f 5/2   ( 1f  5/2) 0.98    18.001     0.006     0.994
  50  p   4f 5/2   ( 3f  5/2) 0.77    26.593     1.000     0.000
  51  p   5f 5/2   ( 4f  5/2) 0.63    38.342     1.000     0.000
  52  p   6f 5/2   ( 5f  5/2) 0.56    53.836     1.000     0.000
  53  p   7f 5/2   ( 6f  5/2) 0.62    74.073     1.000     0.000
  55  h   1g 7/2   ( 1g  7/2) 0.98     6.864     0.004     0.996
  56  p   2g 7/2   ( 2g  7/2) 0.71    16.946     1.000     0.000
  57  p   3g 7/2   ( 2g  7/2) 0.67    20.018     1.000     0.000
  58  p   4g 7/2   ( 3g  7/2) 0.71    29.855     1.000     0.000
  59  p   5g 7/2   ( 3g  7/2) 0.56    43.663     1.000     0.000
  60  p   6g 7/2   ( 4g  7/2) 0.60    59.711     1.000     0.000
  61  p   7g 7/2   ( 6g  7/2) 0.58    80.520     1.000     0.000
  63  p   1f 7/2   ( 2f  7/2) 0.97     6.987     0.998     0.002
  64  p   2f 7/2   ( 5f  7/2) 0.48    17.421     1.000     0.000
  65  h   3f 7/2   ( 1f  7/2) 0.98    20.948     0.001     0.999
  66  p   4f 7/2   ( 3f  7/2) 0.77    26.027     1.000     0.000
  67  p   5f 7/2   ( 4f  7/2) 0.64    37.731     1.000     0.000
  68  p   6f 7/2   ( 5f  7/2) 0.56    53.258     1.000     0.000
  69  p   7f 7/2   ( 6f  7/2) 0.61    73.165     1.000     0.000
  71  h   1g 9/2   ( 1g  9/2) 0.98    11.505     0.002     0.998
  72  p   2g 9/2   ( 2g  9/2) 0.90    15.689     1.000     0.000
  73  p   3g 9/2   ( 6g  9/2) 0.46    19.048     1.000     0.000
  74  p   4g 9/2   ( 3g  9/2) 0.72    29.105     1.000     0.000
  75  p   5g 9/2   ( 3g  9/2) 0.53    42.729     1.000     0.000
  76  p   6g 9/2   ( 4g  9/2) 0.57    58.609     1.000     0.000
  77  p   7g 9/2   ( 6g  9/2) 0.58    79.091     1.000     0.000
  79  p   1h 9/2   ( 1h  9/2) 0.98     4.713     0.994     0.006
  80  p   2h 9/2   ( 4h  9/2) 0.49    20.127     1.000     0.000
  81  p   3h 9/2   ( 2h  9/2) 0.84    27.033     1.000     0.000
  82  p   4h 9/2   ( 3h  9/2) 0.72    37.363     1.000     0.000
  83  p   5h 9/2   ( 4h  9/2) 0.61    53.620     1.000     0.000
  84  p   6h 9/2   ( 5h  9/2) 0.64    73.349     1.000     0.000
  86  p   1i11/2   ( 1i 11/2) 0.98    15.781     1.000     0.000
  87  p   2i11/2   ( 4i 11/2) 0.51    21.676     1.000     0.000
  88  p   3i11/2   ( 2i 11/2) 0.77    31.676     1.000     0.000
  89  p   4i11/2   ( 3i 11/2) 0.61    42.775     1.000     0.000
  90  p   5i11/2   ( 3i 11/2) 0.55    58.529     1.000     0.000
  91  p   6i11/2   ( 5i 11/2) 0.62    79.310     1.000     0.000
  93  h   1h11/2   ( 1h 11/2) 0.96     1.922     0.040     0.960
  94  p   2h11/2   ( 2h 11/2) 0.48    19.979     1.000     0.000
  95  p   3h11/2   ( 2h 11/2) 0.83    25.423     1.000     0.000
  96  p   4h11/2   ( 3h 11/2) 0.75    36.150     1.000     0.000
  97  p   5h11/2   ( 4h 11/2) 0.63    52.235     1.000     0.000
  98  p   6h11/2   ( 5h 11/2) 0.65    71.145     1.000     0.000
 100  p   1i13/2   ( 1i 13/2) 0.98     7.999     0.998     0.002
 101  p   2i13/2   ( 4i 13/2) 0.50    21.553     1.000     0.000
 102  p   3i13/2   ( 2i 13/2) 0.81    30.566     1.000     0.000
 103  p   4i13/2   ( 3i 13/2) 0.68    41.061     1.000     0.000
 104  p   5i13/2   ( 4i 13/2) 0.58    56.887     1.000     0.000
 105  p   6i13/2   ( 5i 13/2) 0.63    76.681     1.000     0.000
 107  p   1j13/2   ( 1j 13/2) 0.57    24.117     1.000     0.000
 108  p   2j13/2   ( 1j 13/2) 0.80    26.812     1.000     0.000
 109  p   3j13/2   ( 2j 13/2) 0.78    38.522     1.000     0.000
 110  p   4j13/2   ( 3j 13/2) 0.68    53.262     1.000     0.000
 111  p   5j13/2   ( 4j 13/2) 0.69    71.361     1.000     0.000
 113  p   1k15/2   ( 4k 15/2) 0.54    26.243     1.000     0.000
 114  p   2k15/2   ( 1k 15/2) 0.89    34.449     1.000     0.000
 115  p   3k15/2   ( 2k 15/2) 0.71    42.909     1.000     0.000
 116  p   4k15/2   ( 3k 15/2) 0.59    58.787     1.000     0.000
 117  p   5k15/2   ( 4k 15/2) 0.65    77.856     1.000     0.000
 119  p   1j15/2   ( 1j 15/2) 0.98    17.610     1.000     0.000
 120  p   2j15/2   ( 4j 15/2) 0.53    24.775     1.000     0.000
 121  p   3j15/2   ( 2j 15/2) 0.80    36.907     1.000     0.000
 122  p   4j15/2   ( 3j 15/2) 0.72    51.054     1.000     0.000
 123  p   5j15/2   ( 4j 15/2) 0.70    68.429     1.000     0.000
 125  p   1k17/2   ( 1k 17/2) 0.65    25.748     1.000     0.000
 126  p   2k17/2   ( 1k 17/2) 0.73    27.616     1.000     0.000
 127  p   3k17/2   ( 2k 17/2) 0.78    40.006     1.000     0.000
 128  p   4k17/2   ( 3k 17/2) 0.67    56.152     1.000     0.000
 129  p   5k17/2   ( 4k 17/2) 0.68    73.989     1.000     0.000
 131  p   1l17/2   ( 3l 17/2) 0.57    30.384     1.000     0.000
 132  p   2l17/2   ( 1l 17/2) 0.86    42.008     1.000     0.000
 133  p   3l17/2   ( 2l 17/2) 0.73    52.719     1.000     0.000
 134  p   4l17/2   ( 3l 17/2) 0.71    71.513     1.000     0.000
 135  p   5l17/2   ( 4l 17/2) 0.65    99.309     1.000     0.000
 136  p   1m19/2   ( 3m 19/2) 0.58    32.380     1.000     0.000
 137  p   2m19/2   ( 1m 19/2) 0.78    46.242     1.000     0.000
 138  p   3m19/2   ( 2m 19/2) 0.64    58.705     1.000     0.000
 139  p   4m19/2   ( 3m 19/2) 0.68    76.828     1.000     0.000
 141  p   1l19/2   ( 3l 19/2) 0.56    30.260     1.000     0.000
 142  p   2l19/2   ( 1l 19/2) 0.90    36.135     1.000     0.000
 143  p   3l19/2   ( 2l 19/2) 0.79    48.598     1.000     0.000
 144  p   4l19/2   ( 3l 19/2) 0.74    66.521     1.000     0.000
 145  p   5l19/2   ( 5l 19/2) 0.66    94.605     1.000     0.000
 146  p   1m21/2   ( 3m 21/2) 0.58    32.331     1.000     0.000
 147  p   2m21/2   ( 1m 21/2) 0.91    43.322     1.000     0.000
 148  p   3m21/2   ( 2m 21/2) 0.81    53.083     1.000     0.000
 149  p   4m21/2   ( 3m 21/2) 0.74    71.032     1.000     0.000
 151  p   1n21/2   ( 3n 21/2) 0.60    37.792     1.000     0.000
 152  p   2n21/2   ( 1n 21/2) 0.81    54.713     1.000     0.000
 153  p   3n21/2   ( 2n 21/2) 0.73    69.964     1.000     0.000
 154  p   4n21/2   ( 4n 21/2) 0.66    97.371     1.000     0.000
 155  p   1o23/2   ( 3o 23/2) 0.60    40.052     1.000     0.000
 156  p   2o23/2   ( 1o 23/2) 0.78    58.182     1.000     0.000
 157  p   3o23/2   ( 2o 23/2) 0.71    75.725     1.000     0.000
 159  p   1n23/2   ( 3n 23/2) 0.59    37.672     1.000     0.000
 160  p   2n23/2   ( 1n 23/2) 0.88    52.460     1.000     0.000
 161  p   3n23/2   ( 2n 23/2) 0.78    63.083     1.000     0.000
 162  p   4n23/2   ( 4n 23/2) 0.73    87.753     1.000     0.000
 163  p   1o25/2   ( 3o 25/2) 0.60    39.970     1.000     0.000
 164  p   2o25/2   ( 1o 25/2) 0.84    57.129     1.000     0.000
 165  p   3o25/2   ( 2o 25/2) 0.78    69.674     1.000     0.000
 166  p   4o25/2   ( 4o 25/2) 0.72    92.000     1.000     0.000
 167  p   1P25/2   ( 2P 25/2) 0.69    47.275     1.000     0.000
 168  p   2P25/2   ( 1P 25/2) 0.79    69.092     1.000     0.000
 169  p   3P25/2   ( 3P 25/2) 0.69    92.314     1.000     0.000
 170  p   1q27/2   ( 2q 27/2) 0.69    49.788     1.000     0.000
 171  p   2q27/2   ( 1q 27/2) 0.78    72.765     1.000     0.000
 172  p   3q27/2   ( 3q 27/2) 0.67    97.696     1.000     0.000
 173  p   1P27/2   ( 2P 27/2) 0.67    47.093     1.000     0.000
 174  p   2P27/2   ( 1P 27/2) 0.80    67.838     1.000     0.000
 175  p   3P27/2   ( 3P 27/2) 0.73    82.035     1.000     0.000
 176  p   1q29/2   ( 2q 29/2) 0.67    49.629     1.000     0.000
 177  p   2q29/2   ( 1q 29/2) 0.79    72.142     1.000     0.000
 178  p   3q29/2   ( 3q 29/2) 0.68    88.852     1.000     0.000
 179  p   1r29/2   ( 1r 29/2) 0.76    59.816     1.000     0.000
 180  p   2r29/2   ( 2r 29/2) 0.76    88.394     1.000     0.000
 181  p   1S31/2   ( 1S 31/2) 0.76    62.625     1.000     0.000
 182  p   2S31/2   ( 2S 31/2) 0.76    92.760     1.000     0.000
 183  p   1r31/2   ( 1r 31/2) 0.75    59.642     1.000     0.000
 184  p   2r31/2   ( 2r 31/2) 0.75    84.921     1.000     0.000
 185  p   1S33/2   ( 1S 33/2) 0.75    62.481     1.000     0.000
 186  p   2S33/2   ( 2S 33/2) 0.75    90.290     1.000     0.000
 187  p   1t33/2   ( 1t 33/2) 0.98    78.202     1.000     0.000
 188  p   1u35/2   ( 1u 35/2) 0.98    81.449     1.000     0.000
 189  p   1t35/2   ( 1t 35/2) 0.98    77.737     1.000     0.000
 190  p   1u37/2   ( 1u 37/2) 0.98    81.140     1.000     0.000
  ****** END RESU ***********************************
