
  ******************************************  
  *           Fortran 77 Code              *  
  *         Spherical H.O. basis            *  
  * Dirac-Hartree-Bogoliubov calculation   *  
  *        with density-dependent          *  
  * meson-exchange or point coupling force *  
  *          and separable pairing         *  
  * -------------------------------------- *  
  *      Niksic, Paar, Vretenar, Ring      *  
  *          18/ 4/2026/01:31:24           *
  *       Hg 186  N = 106  Z =  80
  ******************************************  
  ****** BEGIN READER *******************************
 Number of oscillator shells :    18   20
 Initialization inin,inink   :     0    0
 Nucleus: Hg 186   106  80
 Initial Gap Parameters      :     1.0000    1.0000
 Parameter set               :    DD-PC1    
  ****** END READER *********************************
  ****** BEGIN FORCES *******************************

 NEDF Parameters: DD-PC1    
           scasca    scavec    vecsca    vecvec
 GG   =   1.000000  1.000000  1.000000  1.000000
 DD   =  -0.814900  0.000000  0.000000  0.000000
  
 Density dependence parameters:
           scasca    scavec    vecsca    vecvec
 a    = -10.046200  5.919500  0.000000  0.000000
 b    =  -9.150400  8.863700  0.000000  1.836000
 c    =  -6.427300  0.000000  0.000000  0.000000
 d    =   1.372400  0.658400  0.000000  0.640300
 dsat =   0.152000
  
 TMR pairing: Tian,Ma,Ring, PRB 676, 44 (2009)
 TMR pairing strength    gl =:  -728.00000 [MeV*fm^3]
 TMR pairing width        a =:     0.64420 [fm]
  ****** END FORCES *********************************
  ****** BEGIN PREP *********************************
  
 hom =                            7.182565
 hb0 =                           20.734000
 b0  =                            2.402795
 with Coulomb force
 With microscopic c.m. correction
  ****** END PREP ***********************************
  potentials read from tape dirhb.wel
  ****** BEGIN ITER *********************************
  1.It. si =    0.0000000  E/A =    0.0000 R =    0.0000  mix = 0.50
  2.It. si =    2.2765559  E/A =   -7.8337 R =    5.3816  mix = 0.50
  3.It. si =    1.2004993  E/A =   -7.8342 R =    5.3826  mix = 0.50
  4.It. si =    0.8601457  E/A =   -7.8345 R =    5.3839  mix = 0.50
  5.It. si =    0.7273356  E/A =   -7.8347 R =    5.3852  mix = 0.50
  6.It. si =    0.2026915  E/A =   -7.8351 R =    5.3871  mix = 0.50
  7.It. si =    0.0264884  E/A =   -7.8350 R =    5.3865  mix = 0.50
  8.It. si =    0.0331327  E/A =   -7.8350 R =    5.3865  mix = 0.50
  9.It. si =    0.0180420  E/A =   -7.8351 R =    5.3866  mix = 0.50
 10.It. si =    0.0059418  E/A =   -7.8351 R =    5.3866  mix = 0.50
 11.It. si =    0.0044273  E/A =   -7.8351 R =    5.3867  mix = 0.50
 12.It. si =    0.0017520  E/A =   -7.8351 R =    5.3866  mix = 0.50
 13.It. si =    0.0008544  E/A =   -7.8351 R =    5.3866  mix = 0.50
 14.It. si =    0.0005784  E/A =   -7.8351 R =    5.3866  mix = 0.50
 15.It. si =    0.0001714  E/A =   -7.8351 R =    5.3866  mix = 0.50
 16.It. si =    0.0000819  E/A =   -7.8351 R =    5.3866  mix = 0.50
 17.It. si =    0.0000616  E/A =   -7.8351 R =    5.3866  mix = 0.50
 18.It. si =    0.0000137  E/A =   -7.8351 R =    5.3866  mix = 0.50
 ********************************************************************
 Hg 186: Iteration converged after  18 steps   si =      0.0000008135
 ********************************************************************
  ****** END ITER ***********************************
  ****** BEGIN CANON ********************************
 single-particle energies and gaps  in the canonical basis: Neutron:
 ------------------------------------------------------------------
    j pi     (nr,l,j)  smax       Ecan       vvcan       decan
 j = 1/2+  (   s 1/2)  0.98    -61.3359      0.9996      2.0084
 j = 1/2+  (   s 1/2)  0.97    -42.5715      0.9993      1.7741
 j = 1/2+  (   s 1/2)  0.98    -18.1103      0.9914      1.7298
 j = 1/2+  (   s 1/2)  0.95      5.1011      0.0008      0.7865
 j = 1/2+  (   s 1/2)  0.72     10.4742      0.0000      0.0048
 j = 1/2+  (   s 1/2)  0.90     23.0682      0.0001      0.4626
 j = 1/2+  (   s 1/2)  0.57     33.0324      0.0000      0.0161
 j = 1/2+  (   s 1/2)  0.78     41.2770      0.0000      0.2748
 j = 1/2+  (   s 1/2)  0.60     56.4580      0.0000      0.1454
 j = 1/2+  (   s 1/2)  0.75     84.0187      0.0000      0.0743
 j = 1/2-  (   p 1/2)  0.99    -54.6152      0.9996      1.8975
 j = 1/2-  (   p 1/2)  0.98    -31.7320      0.9984      1.8572
 j = 1/2-  (   p 1/2)  0.98     -6.7835      0.0714      1.2830
 j = 1/2-  (   p 1/2)  0.72     10.9438      0.0000      0.0082
 j = 1/2-  (   p 1/2)  0.93     14.3245      0.0002      0.6695
 j = 1/2-  (   p 1/2)  0.86     30.9431      0.0000      0.4168
 j = 1/2-  (   p 1/2)  0.55     33.8817      0.0000      0.0307
 j = 1/2-  (   p 1/2)  0.69     48.6041      0.0000      0.2383
 j = 1/2-  (   p 1/2)  0.74     81.6376      0.0000      0.1320
 j = 3/2+  (   d 3/2)  0.99    -45.8740      0.9994      1.7867
 j = 3/2+  (   d 3/2)  0.98    -19.5300      0.9933      1.7535
 j = 3/2+  (   d 3/2)  0.95      3.9768      0.0013      0.9216
 j = 3/2+  (   d 3/2)  0.69      9.5106      0.0000      0.0053
 j = 3/2+  (   d 3/2)  0.87     23.8371      0.0001      0.5441
 j = 3/2+  (   d 3/2)  0.62     31.6968      0.0000      0.0158
 j = 3/2+  (   d 3/2)  0.70     42.9851      0.0000      0.3358
 j = 3/2+  (   d 3/2)  0.61     64.3072      0.0000      0.1949
 j = 3/2+  (   d 3/2)  0.80     75.4107      0.0000      0.0825
 j = 3/2-  (   p 3/2)  0.99    -54.8864      0.9996      1.9157
 j = 3/2-  (   p 3/2)  0.98    -32.3342      0.9984      1.8851
 j = 3/2-  (   p 3/2)  0.97     -7.1807      0.0937      1.2471
 j = 3/2-  (   p 3/2)  0.72     11.0133      0.0000      0.0083
 j = 3/2-  (   p 3/2)  0.93     14.1075      0.0002      0.6709
 j = 3/2-  (   p 3/2)  0.86     30.6680      0.0000      0.4111
 j = 3/2-  (   p 3/2)  0.55     33.8714      0.0000      0.0308
 j = 3/2-  (   p 3/2)  0.69     48.3627      0.0000      0.2381
 j = 3/2-  (   p 3/2)  0.74     81.6510      0.0000      0.1321
 j = 5/2+  (   d 5/2)  0.99    -46.9938      0.9994      1.8177
 j = 5/2+  (   d 5/2)  0.98    -21.2222      0.9949      1.7712
 j = 5/2+  (   d 5/2)  0.95      3.3313      0.0013      0.8962
 j = 5/2+  (   d 5/2)  0.69      9.5445      0.0000      0.0053
 j = 5/2+  (   d 5/2)  0.88     23.7147      0.0001      0.5375
 j = 5/2+  (   d 5/2)  0.62     31.6398      0.0000      0.0158
 j = 5/2+  (   d 5/2)  0.70     42.6161      0.0000      0.3315
 j = 5/2+  (   d 5/2)  0.61     64.4605      0.0000      0.1948
 j = 5/2+  (   d 5/2)  0.80     75.1818      0.0000      0.0823
 j = 5/2-  (   f 5/2)  0.98    -35.7453      0.9989      1.7450
 j = 5/2-  (   f 5/2)  0.98     -8.0543      0.2464      1.4707
 j = 5/2-  (   f 5/2)  0.93     14.2711      0.0002      0.6735
 j = 5/2-  (   f 5/2)  0.71     14.3562      0.0000      0.0053
 j = 5/2-  (   f 5/2)  0.84     31.7589      0.0000      0.4341
 j = 5/2-  (   f 5/2)  0.76     41.6605      0.0000      0.0276
 j = 5/2-  (   f 5/2)  0.61     52.6969      0.0000      0.2558
 j = 5/2-  (   f 5/2)  0.56     64.6352      0.0000      0.1384
 j = 7/2+  (   g 7/2)  0.98    -24.3462      0.9972      1.6406
 j = 7/2+  (   g 7/2)  0.96      2.4555      0.0028      1.2020
 j = 7/2+  (   g 7/2)  0.68     10.5109      0.0000      0.0049
 j = 7/2+  (   g 7/2)  0.87     24.4105      0.0001      0.5632
 j = 7/2+  (   g 7/2)  0.63     32.0563      0.0000      0.0151
 j = 7/2+  (   g 7/2)  0.70     43.2172      0.0000      0.3273
 j = 7/2+  (   g 7/2)  0.62     65.5003      0.0000      0.1886
 j = 7/2+  (   g 7/2)  0.80     74.3696      0.0000      0.0797
 j = 7/2-  (   f 7/2)  0.98    -38.3055      0.9991      1.7969
 j = 7/2-  (   f 7/2)  0.98    -10.4227      0.8593      1.4543
 j = 7/2-  (   f 7/2)  0.93     13.2252      0.0002      0.6760
 j = 7/2-  (   f 7/2)  0.71     14.2472      0.0000      0.0053
 j = 7/2-  (   f 7/2)  0.84     31.4327      0.0000      0.4187
 j = 7/2-  (   f 7/2)  0.76     41.3031      0.0000      0.0271
 j = 7/2-  (   f 7/2)  0.61     52.7108      0.0000      0.2527
 j = 7/2-  (   f 7/2)  0.56     64.3998      0.0000      0.1370
 j = 9/2+  (   g 9/2)  0.98    -28.5717      0.9981      1.7206
 j = 9/2+  (   g 9/2)  0.96     -0.3539      0.0044      1.1489
 j = 9/2+  (   g 9/2)  0.68     10.6342      0.0000      0.0050
 j = 9/2+  (   g 9/2)  0.87     22.8821      0.0001      0.5658
 j = 9/2+  (   g 9/2)  0.63     32.0738      0.0000      0.0152
 j = 9/2+  (   g 9/2)  0.70     41.6522      0.0000      0.3192
 j = 9/2+  (   g 9/2)  0.62     65.3280      0.0000      0.1880
 j = 9/2+  (   g 9/2)  0.80     74.3240      0.0000      0.0803
 j = 9/2-  (   h 9/2)  0.97    -12.5817      0.9613      1.5305
 j = 9/2-  (   h 9/2)  0.70     11.8922      0.0000      0.0066
 j = 9/2-  (   h 9/2)  0.91     13.0341      0.0004      0.9109
 j = 9/2-  (   h 9/2)  0.60     32.7933      0.0000      0.0256
 j = 9/2-  (   h 9/2)  0.77     34.1830      0.0000      0.4774
 j = 9/2-  (   h 9/2)  0.63     54.0353      0.0000      0.2520
 j = 9/2-  (   h 9/2)  0.78     75.9901      0.0000      0.1191
 j =11/2+  (   i11/2)  0.97     -0.8306      0.0076      1.4281
 j =11/2+  (   i11/2)  0.66     12.4856      0.0000      0.0046
 j =11/2+  (   i11/2)  0.87     23.0610      0.0001      0.6459
 j =11/2+  (   i11/2)  0.63     32.9769      0.0000      0.0150
 j =11/2+  (   i11/2)  0.64     44.6117      0.0000      0.3898
 j =11/2+  (   i11/2)  0.62     66.9115      0.0000      0.2045
 j =11/2+  (   i11/2)  0.80     72.8955      0.0000      0.0749
 j =11/2-  (   h11/2)  0.98    -18.5818      0.9933      1.6009
 j =11/2-  (   h11/2)  0.92      9.9557      0.0005      0.8754
 j =11/2-  (   h11/2)  0.70     11.8587      0.0000      0.0066
 j =11/2-  (   h11/2)  0.60     32.5393      0.0000      0.0257
 j =11/2-  (   h11/2)  0.77     32.5604      0.0000      0.4733
 j =11/2-  (   h11/2)  0.63     52.3658      0.0000      0.2452
 j =11/2-  (   h11/2)  0.78     75.2468      0.0000      0.1186
 j =13/2+  (   i13/2)  0.97     -8.5894      0.3889      1.4494
 j =13/2+  (   i13/2)  0.67     12.6276      0.0000      0.0048
 j =13/2+  (   i13/2)  0.87     20.0878      0.0001      0.6529
 j =13/2+  (   i13/2)  0.63     33.0275      0.0000      0.0154
 j =13/2+  (   i13/2)  0.65     41.8614      0.0000      0.3847
 j =13/2+  (   i13/2)  0.62     64.5070      0.0000      0.2048
 j =13/2+  (   i13/2)  0.80     72.1613      0.0000      0.0753
 j =13/2-  (   j13/2)  0.95     10.5003      0.0010      1.2553
 j =13/2-  (   j13/2)  0.68     14.5355      0.0000      0.0070
 j =13/2-  (   j13/2)  0.81     33.2061      0.0000      0.4975
 j =13/2-  (   j13/2)  0.60     34.2243      0.0000      0.0274
 j =13/2-  (   j13/2)  0.64     57.3963      0.0000      0.3002
 j =13/2-  (   j13/2)  0.79     73.2576      0.0000      0.1264
 j =15/2+  (   k15/2)  0.65     15.7976      0.0000      0.0049
 j =15/2+  (   k15/2)  0.92     21.4399      0.0003      1.0673
 j =15/2+  (   k15/2)  0.63     35.2028      0.0000      0.0164
 j =15/2+  (   k15/2)  0.72     43.6994      0.0000      0.3996
 j =15/2+  (   k15/2)  0.63     69.4597      0.0000      0.2278
 j =15/2+  (   k15/2)  0.79     71.1385      0.0000      0.0801
 j =15/2-  (   j15/2)  0.95      1.4362      0.0038      1.2772
 j =15/2-  (   j15/2)  0.67     17.1103      0.0000      0.0042
 j =15/2-  (   j15/2)  0.81     29.5370      0.0000      0.5019
 j =15/2-  (   j15/2)  0.74     40.9634      0.0000      0.0240
 j =15/2-  (   j15/2)  0.64     54.6291      0.0000      0.2966
 j =15/2-  (   j15/2)  0.57     61.2899      0.0000      0.1329
 j =17/2+  (   k17/2)  0.92     11.4471      0.0007      1.0901
 j =17/2+  (   k17/2)  0.65     15.7871      0.0000      0.0050
 j =17/2+  (   k17/2)  0.63     35.1316      0.0000      0.0167
 j =17/2+  (   k17/2)  0.71     39.1854      0.0000      0.4012
 j =17/2+  (   k17/2)  0.63     66.2546      0.0000      0.2247
 j =17/2+  (   k17/2)  0.79     69.5044      0.0000      0.0798
 j =17/2-  (   l17/2)  0.68     21.1498      0.0000      0.0042
 j =17/2-  (   l17/2)  0.87     32.1113      0.0001      0.8880
 j =17/2-  (   l17/2)  0.74     44.4507      0.0000      0.0267
 j =17/2-  (   l17/2)  0.62     54.0486      0.0000      0.3160
 j =17/2-  (   l17/2)  0.59     67.3979      0.0000      0.1441
 j =19/2+  (   m19/2)  0.66     21.1550      0.0000      0.0049
 j =19/2+  (   m19/2)  0.57     39.9273      0.0000      0.0195
 j =19/2+  (   m19/2)  0.81     42.7328      0.0001      0.7223
 j =19/2+  (   m19/2)  0.64     65.6384      0.0000      0.2587
 j =19/2+  (   m19/2)  0.78     75.7157      0.0000      0.0893
 j =19/2-  (   l19/2)  0.68     21.1560      0.0000      0.0043
 j =19/2-  (   l19/2)  0.87     21.5144      0.0002      0.9072
 j =19/2-  (   l19/2)  0.74     43.9778      0.0000      0.0268
 j =19/2-  (   l19/2)  0.63     49.1987      0.0000      0.3170
 j =19/2-  (   l19/2)  0.58     63.8849      0.0000      0.1420
 j =21/2+  (   m21/2)  0.66     21.0841      0.0000      0.0051
 j =21/2+  (   m21/2)  0.80     31.7823      0.0001      0.7380
 j =21/2+  (   m21/2)  0.58     39.6370      0.0000      0.0201
 j =21/2+  (   m21/2)  0.63     59.7733      0.0000      0.2589
 j =21/2+  (   m21/2)  0.79     72.5158      0.0000      0.0875
 j =21/2-  (   n21/2)  0.72     27.0009      0.0000      0.0047
 j =21/2-  (   n21/2)  0.76     50.2527      0.0000      0.0334
 j =21/2-  (   n21/2)  0.73     53.8252      0.0000      0.5759
 j =21/2-  (   n21/2)  0.60     68.4049      0.0000      0.1898
 j =23/2+  (   o23/2)  0.64     28.0952      0.0000      0.0055
 j =23/2+  (   o23/2)  0.57     46.7849      0.0000      0.0284
 j =23/2+  (   o23/2)  0.65     65.1692      0.0000      0.4605
 j =23/2+  (   o23/2)  0.76     77.8940      0.0000      0.1244
 j =23/2-  (   n23/2)  0.72     27.0011      0.0000      0.0048
 j =23/2-  (   n23/2)  0.73     42.4314      0.0000      0.5897
 j =23/2-  (   n23/2)  0.75     49.1901      0.0000      0.0331
 j =23/2-  (   n23/2)  0.59     62.5826      0.0000      0.1876
 j =25/2+  (   o25/2)  0.64     27.9905      0.0000      0.0060
 j =25/2+  (   o25/2)  0.58     46.3968      0.0000      0.0298
 j =25/2+  (   o25/2)  0.65     53.1544      0.0000      0.4711
 j =25/2+  (   o25/2)  0.77     72.4829      0.0000      0.1214
 j =25/2-  (   P25/2)  0.77     35.1745      0.0000      0.0059
 j =25/2-  (   P25/2)  0.76     58.5503      0.0000      0.0538
 j =25/2-  (   P25/2)  0.61     70.7377      0.0000      0.3352
 j =27/2+  (   q27/2)  0.77     37.9402      0.0000      0.0039
 j =27/2+  (   q27/2)  0.72     60.8223      0.0000      0.0342
 j =27/2+  (   q27/2)  0.61     77.7386      0.0000      0.2414
 j =27/2-  (   P27/2)  0.77     35.1656      0.0000      0.0059
 j =27/2-  (   P27/2)  0.75     56.8566      0.0000      0.0534
 j =27/2-  (   P27/2)  0.61     60.6913      0.0000      0.3405
 j =29/2+  (   q29/2)  0.77     37.9451      0.0000      0.0039
 j =29/2+  (   q29/2)  0.72     59.6782      0.0000      0.0341
 j =29/2+  (   q29/2)  0.61     69.1478      0.0000      0.2444
 j =29/2-  (   r29/2)  0.78     46.5981      0.0000      0.0087
 j =29/2-  (   r29/2)  0.77     72.6611      0.0000      0.1159
 j =31/2+  (   S31/2)  0.77     49.6362      0.0000      0.0056
 j =31/2+  (   S31/2)  0.77     77.1704      0.0000      0.0742
 j =31/2-  (   r31/2)  0.76     46.4661      0.0000      0.0087
 j =31/2-  (   r31/2)  0.76     69.0198      0.0000      0.1163
 j =33/2+  (   S33/2)  0.76     49.5276      0.0000      0.0056
 j =33/2+  (   S33/2)  0.76     74.5725      0.0000      0.0744
 j =33/2-  (   t33/2)  0.98     63.9660      0.0000      0.0196
 j =35/2+  (   u35/2)  0.98     67.4412      0.0000      0.0121
 j =35/2-  (   t35/2)  0.98     63.5004      0.0000      0.0196
 j =37/2+  (   u37/2)  0.98     67.1430      0.0000      0.0121
 single-particle energies and gaps  in the canonical basis: Proton: 
 ------------------------------------------------------------------
    j pi     (nr,l,j)  smax       Ecan       vvcan       decan
 j = 1/2+  (   s 1/2)  0.79    -45.9412      0.9998     -1.1067
 j = 1/2+  (   s 1/2)  0.74    -28.1201      0.9992     -1.3718
 j = 1/2+  (   s 1/2)  0.94     -3.6456      0.3646     -1.0497
 j = 1/2+  (   s 1/2)  0.58     14.6793      0.0000     -0.0024
 j = 1/2+  (   s 1/2)  0.88     24.8732      0.0002     -0.8491
 j = 1/2+  (   s 1/2)  0.55     30.6908      0.0000     -0.0077
 j = 1/2+  (   s 1/2)  0.61     49.9858      0.0000     -0.3488
 j = 1/2+  (   s 1/2)  0.55     55.4055      0.0000     -0.0195
 j = 1/2+  (   s 1/2)  0.53     64.2059      0.0000     -0.1850
 j = 1/2+  (   s 1/2)  0.72     96.2971      0.0000     -0.0761
 j = 1/2-  (   p 1/2)  0.95    -40.5457      0.9998     -1.0041
 j = 1/2-  (   p 1/2)  0.94    -16.2268      0.9987     -0.9037
 j = 1/2-  (   p 1/2)  0.95      8.5333      0.0006     -0.6062
 j = 1/2-  (   p 1/2)  0.59     14.8682      0.0000     -0.0028
 j = 1/2-  (   p 1/2)  0.53     30.8719      0.0000     -0.0110
 j = 1/2-  (   p 1/2)  0.77     37.1650      0.0000     -0.4326
 j = 1/2-  (   p 1/2)  0.61     55.1566      0.0000     -0.0318
 j = 1/2-  (   p 1/2)  0.63     60.3682      0.0000     -0.2345
 j = 1/2-  (   p 1/2)  0.69     95.4411      0.0000     -0.1068
 j = 3/2+  (   d 3/2)  0.98    -31.9088      0.9997     -0.8953
 j = 3/2+  (   d 3/2)  0.97     -5.1570      0.9230     -0.7662
 j = 3/2+  (   d 3/2)  0.58     15.2756      0.0000     -0.0019
 j = 3/2+  (   d 3/2)  0.91     19.6060      0.0001     -0.3835
 j = 3/2+  (   d 3/2)  0.53     31.3450      0.0000     -0.0065
 j = 3/2+  (   d 3/2)  0.72     45.3772      0.0000     -0.2548
 j = 3/2+  (   d 3/2)  0.56     56.0344      0.0000     -0.0176
 j = 3/2+  (   d 3/2)  0.60     72.8670      0.0000     -0.1647
 j = 3/2+  (   d 3/2)  0.71     99.2526      0.0000     -0.0726
 j = 3/2-  (   p 3/2)  0.94    -41.0288      0.9998     -1.0058
 j = 3/2-  (   p 3/2)  0.92    -16.8541      0.9988     -0.9078
 j = 3/2-  (   p 3/2)  0.94      8.2390      0.0006     -0.5973
 j = 3/2-  (   p 3/2)  0.59     14.8499      0.0000     -0.0028
 j = 3/2-  (   p 3/2)  0.53     30.8472      0.0000     -0.0110
 j = 3/2-  (   p 3/2)  0.77     37.1884      0.0000     -0.4383
 j = 3/2-  (   p 3/2)  0.61     54.9193      0.0000     -0.0317
 j = 3/2-  (   p 3/2)  0.63     60.4957      0.0000     -0.2343
 j = 3/2-  (   p 3/2)  0.69     95.0508      0.0000     -0.1059
 j = 5/2+  (   d 5/2)  0.97    -33.3746      0.9998     -0.9069
 j = 5/2+  (   d 5/2)  0.96     -6.7812      0.9829     -0.7624
 j = 5/2+  (   d 5/2)  0.58     15.2190      0.0000     -0.0019
 j = 5/2+  (   d 5/2)  0.92     18.9338      0.0001     -0.3834
 j = 5/2+  (   d 5/2)  0.53     31.2059      0.0000     -0.0064
 j = 5/2+  (   d 5/2)  0.73     45.8505      0.0000     -0.2545
 j = 5/2+  (   d 5/2)  0.56     55.6802      0.0000     -0.0174
 j = 5/2+  (   d 5/2)  0.61     73.1801      0.0000     -0.1628
 j = 5/2+  (   d 5/2)  0.71     98.6179      0.0000     -0.0720
 j = 5/2-  (   f 5/2)  0.98    -21.8383      0.9995     -0.8129
 j = 5/2-  (   f 5/2)  0.96      5.7523      0.0010     -0.6266
 j = 5/2-  (   f 5/2)  0.59     16.3742      0.0000     -0.0024
 j = 5/2-  (   f 5/2)  0.85     31.5037      0.0000     -0.3101
 j = 5/2-  (   f 5/2)  0.54     33.3268      0.0000     -0.0087
 j = 5/2-  (   f 5/2)  0.63     55.1547      0.0000     -0.1735
 j = 5/2-  (   f 5/2)  0.65     58.1026      0.0000     -0.0312
 j = 5/2-  (   f 5/2)  0.64    100.4911      0.0000     -0.0944
 j = 7/2+  (   g 7/2)  0.98    -10.8724      0.9972     -0.7407
 j = 7/2+  (   g 7/2)  0.57     16.9045      0.0000     -0.0014
 j = 7/2+  (   g 7/2)  0.92     17.0353      0.0001     -0.4817
 j = 7/2+  (   g 7/2)  0.51     33.3138      0.0000     -0.0049
 j = 7/2+  (   g 7/2)  0.72     43.7160      0.0000     -0.2571
 j = 7/2+  (   g 7/2)  0.59     57.3954      0.0000     -0.0156
 j = 7/2+  (   g 7/2)  0.65     66.9927      0.0000     -0.1344
 j = 7/2+  (   g 7/2)  0.68    104.3161      0.0000     -0.0627
 j = 7/2-  (   f 7/2)  0.98    -24.6868      0.9996     -0.8365
 j = 7/2-  (   f 7/2)  0.96      3.3126      0.0017     -0.6073
 j = 7/2-  (   f 7/2)  0.59     16.3664      0.0000     -0.0025
 j = 7/2-  (   f 7/2)  0.86     30.2802      0.0000     -0.3149
 j = 7/2-  (   f 7/2)  0.54     33.3917      0.0000     -0.0088
 j = 7/2-  (   f 7/2)  0.63     54.7303      0.0000     -0.1716
 j = 7/2-  (   f 7/2)  0.65     57.7030      0.0000     -0.0312
 j = 7/2-  (   f 7/2)  0.64    100.6841      0.0000     -0.0941
 j = 9/2+  (   g 9/2)  0.98    -15.3762      0.9989     -0.7675
 j = 9/2+  (   g 9/2)  0.93     14.0988      0.0002     -0.4624
 j = 9/2+  (   g 9/2)  0.57     16.8835      0.0000     -0.0015
 j = 9/2+  (   g 9/2)  0.51     33.2984      0.0000     -0.0049
 j = 9/2+  (   g 9/2)  0.73     42.0970      0.0000     -0.2615
 j = 9/2+  (   g 9/2)  0.59     57.0530      0.0000     -0.0157
 j = 9/2+  (   g 9/2)  0.65     66.1155      0.0000     -0.1315
 j = 9/2+  (   g 9/2)  0.68    103.9464      0.0000     -0.0625
 j = 9/2-  (   h 9/2)  0.98      0.5228      0.0056     -0.6758
 j = 9/2-  (   h 9/2)  0.57     18.8193      0.0000     -0.0023
 j = 9/2-  (   h 9/2)  0.85     28.4269      0.0000     -0.3456
 j = 9/2-  (   h 9/2)  0.52     35.0422      0.0000     -0.0098
 j = 9/2-  (   h 9/2)  0.64     55.0279      0.0000     -0.2068
 j = 9/2-  (   h 9/2)  0.65     58.8181      0.0000     -0.0342
 j = 9/2-  (   h 9/2)  0.65     99.6468      0.0000     -0.0944
 j =11/2+  (   i11/2)  0.96     12.1060      0.0004     -0.6009
 j =11/2+  (   i11/2)  0.56     19.8643      0.0000     -0.0014
 j =11/2+  (   i11/2)  0.53     35.3955      0.0000     -0.0058
 j =11/2+  (   i11/2)  0.79     39.3231      0.0000     -0.2506
 j =11/2+  (   i11/2)  0.59     58.7517      0.0000     -0.0176
 j =11/2+  (   i11/2)  0.65     69.6442      0.0000     -0.1628
 j =11/2+  (   i11/2)  0.69    102.0169      0.0000     -0.0693
 j =11/2-  (   h11/2)  0.98     -5.7796      0.9680     -0.6911
 j =11/2-  (   h11/2)  0.58     18.7786      0.0000     -0.0024
 j =11/2-  (   h11/2)  0.87     25.2573      0.0000     -0.3384
 j =11/2-  (   h11/2)  0.52     35.0066      0.0000     -0.0101
 j =11/2-  (   h11/2)  0.64     53.0544      0.0000     -0.2089
 j =11/2-  (   h11/2)  0.66     57.9221      0.0000     -0.0343
 j =11/2-  (   h11/2)  0.65     98.4168      0.0000     -0.0935
 j =13/2+  (   i13/2)  0.97      4.0017      0.0015     -0.6109
 j =13/2+  (   i13/2)  0.56     19.8502      0.0000     -0.0015
 j =13/2+  (   i13/2)  0.53     35.4160      0.0000     -0.0061
 j =13/2+  (   i13/2)  0.81     35.7746      0.0000     -0.2492
 j =13/2+  (   i13/2)  0.60     58.2105      0.0000     -0.0182
 j =13/2+  (   i13/2)  0.65     67.2977      0.0000     -0.1636
 j =13/2+  (   i13/2)  0.70     99.9476      0.0000     -0.0691
 j =13/2-  (   j13/2)  0.55     22.7733      0.0000     -0.0021
 j =13/2-  (   j13/2)  0.93     23.5372      0.0001     -0.5125
 j =13/2-  (   j13/2)  0.54     38.7324      0.0000     -0.0104
 j =13/2-  (   j13/2)  0.70     50.3461      0.0000     -0.1921
 j =13/2-  (   j13/2)  0.69     61.9040      0.0000     -0.0400
 j =13/2-  (   j13/2)  0.65     97.9711      0.0000     -0.1046
 j =15/2+  (   k15/2)  0.54     24.2582      0.0000     -0.0012
 j =15/2+  (   k15/2)  0.87     35.1030      0.0000     -0.4291
 j =15/2+  (   k15/2)  0.50     40.1865      0.0000     -0.0059
 j =15/2+  (   k15/2)  0.64     61.7066      0.0000     -0.1509
 j =15/2+  (   k15/2)  0.65     63.2433      0.0000     -0.0211
 j =15/2+  (   k15/2)  0.65    103.0109      0.0000     -0.0741
 j =15/2-  (   j15/2)  0.93     14.0576      0.0002     -0.5214
 j =15/2-  (   j15/2)  0.56     22.7162      0.0000     -0.0022
 j =15/2-  (   j15/2)  0.54     38.6868      0.0000     -0.0110
 j =15/2-  (   j15/2)  0.71     46.1625      0.0000     -0.1927
 j =15/2-  (   j15/2)  0.69     60.5903      0.0000     -0.0404
 j =15/2-  (   j15/2)  0.64     95.2600      0.0000     -0.1040
 j =17/2+  (   k17/2)  0.54     24.2114      0.0000     -0.0013
 j =17/2+  (   k17/2)  0.88     24.3767      0.0001     -0.4375
 j =17/2+  (   k17/2)  0.50     40.1380      0.0000     -0.0062
 j =17/2+  (   k17/2)  0.64     56.9604      0.0000     -0.1517
 j =17/2+  (   k17/2)  0.66     62.2201      0.0000     -0.0214
 j =17/2+  (   k17/2)  0.66    100.0240      0.0000     -0.0735
 j =17/2-  (   l17/2)  0.58     28.2067      0.0000     -0.0022
 j =17/2-  (   l17/2)  0.65     44.1485      0.0000     -0.0143
 j =17/2-  (   l17/2)  0.81     46.3294      0.0000     -0.3492
 j =17/2-  (   l17/2)  0.71     64.7907      0.0000     -0.0593
 j =17/2-  (   l17/2)  0.65     94.5748      0.0000     -0.0879
 j =19/2+  (   m19/2)  0.58     30.1001      0.0000     -0.0012
 j =19/2+  (   m19/2)  0.62     46.3127      0.0000     -0.0081
 j =19/2+  (   m19/2)  0.73     58.0872      0.0000     -0.2795
 j =19/2+  (   m19/2)  0.69     67.4145      0.0000     -0.0340
 j =19/2+  (   m19/2)  0.65    101.0211      0.0000     -0.0769
 j =19/2-  (   l19/2)  0.57     28.1185      0.0000     -0.0024
 j =19/2-  (   l19/2)  0.81     34.8064      0.0000     -0.3557
 j =19/2-  (   l19/2)  0.66     43.7642      0.0000     -0.0171
 j =19/2-  (   l19/2)  0.73     61.8942      0.0000     -0.0616
 j =19/2-  (   l19/2)  0.66     90.0725      0.0000     -0.0838
 j =21/2+  (   m21/2)  0.57     30.0416      0.0000     -0.0013
 j =21/2+  (   m21/2)  0.73     45.8259      0.0000     -0.2846
 j =21/2+  (   m21/2)  0.62     46.0397      0.0000     -0.0095
 j =21/2+  (   m21/2)  0.70     65.3072      0.0000     -0.0368
 j =21/2+  (   m21/2)  0.67     95.1887      0.0000     -0.0738
 j =21/2-  (   n21/2)  0.63     35.5533      0.0000     -0.0015
 j =21/2-  (   n21/2)  0.58     54.7758      0.0000     -0.0089
 j =21/2-  (   n21/2)  0.64     70.7517      0.0000     -0.2218
 j =21/2-  (   n21/2)  0.75     84.6624      0.0000     -0.0538
 j =23/2+  (   o23/2)  0.61     37.6755      0.0000     -0.0011
 j =23/2+  (   o23/2)  0.62     57.3239      0.0000     -0.0049
 j =23/2+  (   o23/2)  0.60     82.2534      0.0000     -0.1727
 j =23/2+  (   o23/2)  0.74     85.7519      0.0000     -0.0349
 j =23/2-  (   n23/2)  0.63     35.4550      0.0000     -0.0017
 j =23/2-  (   n23/2)  0.59     54.3363      0.0000     -0.0095
 j =23/2-  (   n23/2)  0.65     57.4725      0.0000     -0.2263
 j =23/2-  (   n23/2)  0.76     79.8262      0.0000     -0.0534
 j =25/2+  (   o25/2)  0.61     37.5840      0.0000     -0.0012
 j =25/2+  (   o25/2)  0.62     57.0781      0.0000     -0.0051
 j =25/2+  (   o25/2)  0.61     68.3467      0.0000     -0.1760
 j =25/2+  (   o25/2)  0.74     81.8945      0.0000     -0.0347
 j =25/2-  (   P25/2)  0.69     44.7524      0.0000     -0.0018
 j =25/2-  (   P25/2)  0.79     66.0214      0.0000     -0.0198
 j =25/2-  (   P25/2)  0.69     88.0469      0.0000     -0.1054
 j =27/2+  (   q27/2)  0.69     47.2336      0.0000     -0.0012
 j =27/2+  (   q27/2)  0.79     69.7587      0.0000     -0.0094
 j =27/2+  (   q27/2)  0.67     93.5159      0.0000     -0.0745
 j =27/2-  (   P27/2)  0.66     44.5628      0.0000     -0.0027
 j =27/2-  (   P27/2)  0.81     64.5785      0.0000     -0.0291
 j =27/2-  (   P27/2)  0.74     77.7774      0.0000     -0.0967
 j =29/2+  (   q29/2)  0.67     47.0694      0.0000     -0.0017
 j =29/2+  (   q29/2)  0.80     69.0656      0.0000     -0.0109
 j =29/2+  (   q29/2)  0.69     84.5172      0.0000     -0.0733
 j =29/2-  (   r29/2)  0.76     57.1146      0.0000     -0.0015
 j =29/2-  (   r29/2)  0.76     84.8148      0.0000     -0.0308
 j =31/2+  (   S31/2)  0.76     59.8909      0.0000     -0.0010
 j =31/2+  (   S31/2)  0.76     89.2660      0.0000     -0.0183
 j =31/2-  (   r31/2)  0.75     56.9361      0.0000     -0.0016
 j =31/2-  (   r31/2)  0.74     81.1903      0.0000     -0.0309
 j =33/2+  (   S33/2)  0.75     59.7414      0.0000     -0.0010
 j =33/2+  (   S33/2)  0.75     86.6709      0.0000     -0.0183
 j =33/2-  (   t33/2)  0.98     75.1931      0.0000     -0.0038
 j =35/2+  (   u35/2)  0.98     78.4245      0.0000     -0.0021
 j =35/2-  (   t35/2)  0.98     74.6975      0.0000     -0.0038
 j =37/2+  (   u37/2)  0.98     78.0943      0.0000     -0.0021
  ****** END CANON **********************************
  ****** BEGIN RESU *********************************
   ****** BEGIN EXPECT *******

                            neutron        proton         total
 particle number           106.000000      80.000000     186.000000
 trace scalar density      101.147593      76.834585     177.982178
 lambda                     -8.919715      -3.940924
 spk                        14.006082      -5.296627
 rms-Radius                  5.424270       5.336388       5.386647
 charge-Radius                              5.396020
 Particle Energ          -2909.049197   -1517.704066   -4426.753263
 Selfconsistency Test.                                     0.000003

 Kinetic Energy           1470.134023     972.072423    2442.206446
 E-scsc                                               -28442.321798
 E-scve                                                23720.679619
 E-vesc                                                    0.000000
 E-veve                                                   39.030337
 E-rearrang.                                             885.045894
 Coulomb direct                                          805.609039
 Pairing Energy            -18.861542      -3.669443     -22.530985
 Sum without E-cm                                      -1457.327342
DE-cm <P**2>/2M            -11.268266      -7.375512     -18.643778
NE-cm <P**2>/2M              8.067633       4.777523      12.845156
 E-cm <P**2>/2M             -3.200633      -2.597989      -5.798622
 Total Energy                                          -1463.125963
 E/A                                                      -7.866269

  ****** END EXPECT *********************************


 quasi-particle properties Neutron:
 ------------------------------------------------------------------
     p/h    l j     [nr,l,j]  smax       Eqp       uu       vv
   1  h   1s 1/2   ( 3s  1/2) 0.95     8.695     0.009     0.991
   2  p   2s 1/2   ( 4s  1/2) 0.75    10.185     1.000     0.000
   3  p   3s 1/2   ( 4s  1/2) 0.59    14.942     0.999     0.001
   4  p   4s 1/2   ( 5s  1/2) 0.69    23.846     0.999     0.001
   5  h   5s 1/2   ( 2s  1/2) 0.90    33.247     0.002     0.998
   6  p   6s 1/2   ( 6s  1/2) 0.54    37.161     0.999     0.001
   7  p   7s 1/2   ( 6s  1/2) 0.56    52.955     0.999     0.001
   8  h   8s 1/2   ( 1s  1/2) 0.93    53.554     0.001     0.999
   9  p   9s 1/2   ( 8s  1/2) 0.60    72.719     1.000     0.000
  11  p   1p 1/2   ( 3p  1/2) 0.94     2.414     0.929     0.071
  12  p   2p 1/2   ( 4p  1/2) 0.54    12.531     0.999     0.001
  13  p   3p 1/2   ( 4p  1/2) 0.73    20.334     0.995     0.005
  14  h   4p 1/2   ( 2p  1/2) 0.95    22.065     0.007     0.993
  15  p   5p 1/2   ( 5p  1/2) 0.69    31.849     1.000     0.000
  16  h   6p 1/2   ( 1p  1/2) 0.93    46.548     0.069     0.931
  17  p   7p 1/2   ( 6p  1/2) 0.60    46.943     0.932     0.068
  18  p   8p 1/2   ( 7p  1/2) 0.65    66.024     1.000     0.000
  19  p   9p 1/2   ( 8p  1/2) 0.64    96.784     1.000     0.000
  20  h   1d 3/2   ( 2d  3/2) 0.73    10.227     0.445     0.555
  21  p   2d 3/2   ( 3d  3/2) 0.62    10.457     0.563     0.437
  22  p   3d 3/2   ( 3d  3/2) 0.47    14.872     0.998     0.002
  23  p   4d 3/2   ( 4d  3/2) 0.72    23.835     0.999     0.001
  24  p   5d 3/2   ( 5d  3/2) 0.58    36.922     0.967     0.033
  25  h   6d 3/2   ( 1d  3/2) 0.96    37.428     0.033     0.967
  26  p   7d 3/2   ( 5d  3/2) 0.55    52.547     1.000     0.000
  27  p   8d 3/2   ( 7d  3/2) 0.62    72.400     1.000     0.000
  29  p   1p 3/2   ( 3p  3/2) 0.93     2.082     0.906     0.094
  30  p   2p 3/2   ( 4p  3/2) 0.54    12.499     1.000     0.000
  31  p   3p 3/2   ( 4p  3/2) 0.72    20.211     0.998     0.002
  32  h   4p 3/2   ( 2p  3/2) 0.94    22.606     0.004     0.996
  33  p   5p 3/2   ( 5p  3/2) 0.69    31.752     1.000     0.000
  34  p   6p 3/2   ( 6p  3/2) 0.55    46.701     0.796     0.204
  35  h   7p 3/2   ( 1p  3/2) 0.85    46.957     0.204     0.796
  36  p   8p 3/2   ( 7p  3/2) 0.65    65.715     1.000     0.000
  37  p   9p 3/2   ( 8p  3/2) 0.64    96.814     1.000     0.000
  38  p   1d 5/2   ( 3d  5/2) 0.87    10.058     0.996     0.004
  39  h   2d 5/2   ( 2d  5/2) 0.96    11.867     0.012     0.988
  40  p   3d 5/2   ( 5d  5/2) 0.46    14.696     0.996     0.004
  41  p   4d 5/2   ( 4d  5/2) 0.71    23.640     0.999     0.001
  42  p   5d 5/2   ( 5d  5/2) 0.58    36.797     0.998     0.002
  43  h   6d 5/2   ( 1d  5/2) 0.97    38.677     0.003     0.997
  44  p   7d 5/2   ( 5d  5/2) 0.54    52.316     1.000     0.000
  45  p   8d 5/2   ( 7d  5/2) 0.61    71.955     1.000     0.000
  47  p   1f 5/2   ( 2f  5/2) 0.85     1.683     0.754     0.246
  48  p   2f 5/2   ( 3f  5/2) 0.56    13.835     1.000     0.000
  49  p   3f 5/2   ( 3f  5/2) 0.74    20.787     1.000     0.000
  50  h   4f 5/2   ( 1f  5/2) 0.98    26.886     0.002     0.998
  51  p   5f 5/2   ( 4f  5/2) 0.72    31.623     0.999     0.001
  52  p   6f 5/2   ( 5f  5/2) 0.65    46.634     1.000     0.000
  53  p   7f 5/2   ( 6f  5/2) 0.67    65.651     1.000     0.000
  54  p   8f 5/2   ( 7f  5/2) 0.64    95.389     1.000     0.000
  55  p   1g 7/2   ( 2g  7/2) 0.95    10.350     0.994     0.006
  56  h   2g 7/2   ( 1g  7/2) 0.90    15.460     0.159     0.841
  57  p   3g 7/2   ( 4g  7/2) 0.43    15.902     0.847     0.153
  58  p   4g 7/2   ( 3g  7/2) 0.74    24.821     1.000     0.000
  59  p   5g 7/2   ( 4g  7/2) 0.61    37.217     1.000     0.000
  60  p   6g 7/2   ( 5g  7/2) 0.57    52.418     1.000     0.000
  61  p   7g 7/2   ( 6g  7/2) 0.64    72.142     1.000     0.000
  63  h   1f 7/2   ( 2f  7/2) 0.90     2.053     0.141     0.859
  64  p   2f 7/2   ( 3f  7/2) 0.59    13.689     1.000     0.000
  65  p   3f 7/2   ( 3f  7/2) 0.73    20.250     1.000     0.000
  66  h   4f 7/2   ( 1f  7/2) 0.98    29.465     0.006     0.994
  67  p   5f 7/2   ( 4f  7/2) 0.72    31.184     0.995     0.005
  68  p   6f 7/2   ( 5f  7/2) 0.64    46.239     1.000     0.000
  69  p   7f 7/2   ( 6f  7/2) 0.66    64.878     1.000     0.000
  70  p   8f 7/2   ( 7f  7/2) 0.64    95.694     1.000     0.000
  71  p   1g 9/2   ( 2g  9/2) 0.97     8.123     0.995     0.005
  72  p   2g 9/2   ( 4g  9/2) 0.50    15.517     0.999     0.001
  73  h   3g 9/2   ( 1g  9/2) 0.98    19.734     0.005     0.995
  74  p   4g 9/2   ( 3g  9/2) 0.74    24.132     0.999     0.001
  75  p   5g 9/2   ( 4g  9/2) 0.64    36.359     1.000     0.000
  76  p   6g 9/2   ( 5g  9/2) 0.57    51.575     1.000     0.000
  77  p   7g 9/2   ( 6g  9/2) 0.63    70.894     1.000     0.000
  79  h   1h 9/2   ( 1h  9/2) 0.96     3.963     0.039     0.961
  80  p   2h 9/2   ( 2h  9/2) 0.67    16.119     1.000     0.000
  81  p   3h 9/2   ( 2h  9/2) 0.70    20.920     1.000     0.000
  82  p   4h 9/2   ( 3h  9/2) 0.76    31.598     1.000     0.000
  83  p   5h 9/2   ( 4h  9/2) 0.67    46.924     1.000     0.000
  84  p   6h 9/2   ( 5h  9/2) 0.68    65.418     1.000     0.000
  85  p   7h 9/2   ( 6h  9/2) 0.64    94.945     1.000     0.000
  86  p   1i11/2   ( 1i 11/2) 0.97     7.986     0.992     0.008
  87  p   2i11/2   ( 4i 11/2) 0.50    18.498     1.000     0.000
  88  p   3i11/2   ( 2i 11/2) 0.79    26.244     1.000     0.000
  89  p   4i11/2   ( 3i 11/2) 0.70    36.517     1.000     0.000
  90  p   5i11/2   ( 4i 11/2) 0.62    51.943     1.000     0.000
  91  p   6i11/2   ( 5i 11/2) 0.65    71.616     1.000     0.000
  93  h   1h11/2   ( 1h 11/2) 0.98     9.786     0.007     0.993
  94  p   2h11/2   ( 2h 11/2) 0.81    15.407     0.999     0.001
  95  p   3h11/2   ( 2h 11/2) 0.55    19.467     0.999     0.001
  96  p   4h11/2   ( 3h 11/2) 0.76    30.512     1.000     0.000
  97  p   5h11/2   ( 4h 11/2) 0.69    45.650     1.000     0.000
  98  p   6h11/2   ( 5h 11/2) 0.68    63.425     1.000     0.000
  99  p   7h11/2   ( 6h 11/2) 0.64    94.069     1.000     0.000
 100  p   1i13/2   ( 1i 13/2) 0.76     1.482     0.611     0.389
 101  p   2i13/2   ( 2i 13/2) 0.49    18.336     1.000     0.000
 102  p   3i13/2   ( 2i 13/2) 0.80    24.916     1.000     0.000
 103  p   4i13/2   ( 3i 13/2) 0.75    34.949     1.000     0.000
 104  p   5i13/2   ( 4i 13/2) 0.65    50.423     1.000     0.000
 105  p   6i13/2   ( 5i 13/2) 0.66    69.110     1.000     0.000
 107  p   1j13/2   ( 1j 13/2) 0.95    18.210     0.999     0.001
 108  p   2j13/2   ( 4j 13/2) 0.50    22.043     1.000     0.000
 109  p   3j13/2   ( 2j 13/2) 0.79    32.964     1.000     0.000
 110  p   4j13/2   ( 3j 13/2) 0.73    46.483     1.000     0.000
 111  p   5j13/2   ( 4j 13/2) 0.71    63.980     1.000     0.000
 112  p   6j13/2   ( 5j 13/2) 0.64    93.400     1.000     0.000
 113  p   1k15/2   ( 3k 15/2) 0.50    23.050     1.000     0.000
 114  p   2k15/2   ( 1k 15/2) 0.88    28.126     1.000     0.000
 115  p   3k15/2   ( 2k 15/2) 0.75    37.451     1.000     0.000
 116  p   4k15/2   ( 3k 15/2) 0.66    52.238     1.000     0.000
 117  p   5k15/2   ( 4k 15/2) 0.69    70.262     1.000     0.000
 118  p   6k15/2   ( 5k 15/2) 0.65    99.655     1.000     0.000
 119  p   1j15/2   ( 1j 15/2) 0.97    10.230     0.996     0.004
 120  p   2j15/2   ( 3j 15/2) 0.52    21.460     1.000     0.000
 121  p   3j15/2   ( 2j 15/2) 0.78    31.397     1.000     0.000
 122  p   4j15/2   ( 3j 15/2) 0.76    44.501     1.000     0.000
 123  p   5j15/2   ( 4j 15/2) 0.72    61.239     1.000     0.000
 124  p   6j15/2   ( 6j 15/2) 0.64    90.608     1.000     0.000
 125  p   1k17/2   ( 1k 17/2) 0.97    19.496     0.999     0.001
 126  p   2k17/2   ( 3k 17/2) 0.51    23.664     1.000     0.000
 127  p   3k17/2   ( 2k 17/2) 0.78    35.082     1.000     0.000
 128  p   4k17/2   ( 3k 17/2) 0.72    49.831     1.000     0.000
 129  p   5k17/2   ( 4k 17/2) 0.71    66.795     1.000     0.000
 130  p   6k17/2   ( 5k 17/2) 0.64    96.420     1.000     0.000
 131  p   1l17/2   ( 3l 17/2) 0.56    26.976     1.000     0.000
 132  p   2l17/2   ( 1l 17/2) 0.86    35.990     1.000     0.000
 133  p   3l17/2   ( 2l 17/2) 0.76    46.642     1.000     0.000
 134  p   4l17/2   ( 3l 17/2) 0.72    64.484     1.000     0.000
 135  p   5l17/2   ( 5l 17/2) 0.65    90.222     1.000     0.000
 136  p   1m19/2   ( 3m 19/2) 0.57    29.306     1.000     0.000
 137  p   2m19/2   ( 1m 19/2) 0.81    40.902     1.000     0.000
 138  p   3m19/2   ( 2m 19/2) 0.69    52.431     1.000     0.000
 139  p   4m19/2   ( 3m 19/2) 0.70    70.143     1.000     0.000
 140  p   5m19/2   ( 4m 19/2) 0.65    97.523     1.000     0.000
 141  p   1l19/2   ( 1l 19/2) 0.65    26.485     1.000     0.000
 142  p   2l19/2   ( 1l 19/2) 0.73    29.619     1.000     0.000
 143  p   3l19/2   ( 2l 19/2) 0.77    43.155     1.000     0.000
 144  p   4l19/2   ( 3l 19/2) 0.75    59.874     1.000     0.000
 145  p   5l19/2   ( 5l 19/2) 0.68    85.809     1.000     0.000
 146  p   1m21/2   ( 3m 21/2) 0.57    29.240     1.000     0.000
 147  p   2m21/2   ( 1m 21/2) 0.90    37.006     1.000     0.000
 148  p   3m21/2   ( 2m 21/2) 0.80    47.405     1.000     0.000
 149  p   4m21/2   ( 3m 21/2) 0.74    64.667     1.000     0.000
 150  p   5m21/2   ( 5m 21/2) 0.67    91.490     1.000     0.000
 151  p   1n21/2   ( 2n 21/2) 0.60    34.310     1.000     0.000
 152  p   2n21/2   ( 1n 21/2) 0.81    48.938     1.000     0.000
 153  p   3n21/2   ( 2n 21/2) 0.74    63.430     1.000     0.000
 154  p   4n21/2   ( 4n 21/2) 0.67    89.296     1.000     0.000
 155  p   1o23/2   ( 2o 23/2) 0.60    36.830     1.000     0.000
 156  p   2o23/2   ( 1o 23/2) 0.79    52.815     1.000     0.000
 157  p   3o23/2   ( 2o 23/2) 0.72    69.096     1.000     0.000
 158  p   4o23/2   ( 4o 23/2) 0.66    95.288     1.000     0.000
 159  p   1n23/2   ( 2n 23/2) 0.57    34.166     1.000     0.000
 160  p   2n23/2   ( 1n 23/2) 0.86    46.049     1.000     0.000
 161  p   3n23/2   ( 2n 23/2) 0.75    56.906     1.000     0.000
 162  p   4n23/2   ( 4n 23/2) 0.74    80.259     1.000     0.000
 163  p   1o25/2   ( 2o 25/2) 0.59    36.756     1.000     0.000
 164  p   2o25/2   ( 1o 25/2) 0.85    51.415     1.000     0.000
 165  p   3o25/2   ( 2o 25/2) 0.78    63.025     1.000     0.000
 166  p   4o25/2   ( 4o 25/2) 0.73    84.834     1.000     0.000
 167  p   1P25/2   ( 2P 25/2) 0.68    43.510     1.000     0.000
 168  p   2P25/2   ( 1P 25/2) 0.78    62.962     1.000     0.000
 169  p   3P25/2   ( 3P 25/2) 0.70    85.228     1.000     0.000
 170  p   1q27/2   ( 2q 27/2) 0.68    46.261     1.000     0.000
 171  p   2q27/2   ( 1q 27/2) 0.78    66.921     1.000     0.000
 172  p   3q27/2   ( 3q 27/2) 0.69    90.601     1.000     0.000
 173  p   1P27/2   ( 2P 27/2) 0.65    43.343     1.000     0.000
 174  p   2P27/2   ( 1P 27/2) 0.79    61.440     1.000     0.000
 175  p   3P27/2   ( 3P 27/2) 0.76    75.055     1.000     0.000
 176  p   1q29/2   ( 2q 29/2) 0.67    46.124     1.000     0.000
 177  p   2q29/2   ( 1q 29/2) 0.79    66.193     1.000     0.000
 178  p   3q29/2   ( 3q 29/2) 0.71    81.644     1.000     0.000
 179  p   1r29/2   ( 1r 29/2) 0.78    55.518     1.000     0.000
 180  p   2r29/2   ( 2r 29/2) 0.77    81.581     1.000     0.000
 181  p   1S31/2   ( 1S 31/2) 0.77    58.556     1.000     0.000
 182  p   2S31/2   ( 2S 31/2) 0.77    86.090     1.000     0.000
 183  p   1r31/2   ( 1r 31/2) 0.76    55.386     1.000     0.000
 184  p   2r31/2   ( 2r 31/2) 0.76    77.940     1.000     0.000
 185  p   1S33/2   ( 1S 33/2) 0.76    58.447     1.000     0.000
 186  p   2S33/2   ( 2S 33/2) 0.76    83.492     1.000     0.000
 187  p   1t33/2   ( 1t 33/2) 0.98    72.886     1.000     0.000
 188  p   1u35/2   ( 1u 35/2) 0.98    76.361     1.000     0.000
 189  p   1t35/2   ( 1t 35/2) 0.98    72.420     1.000     0.000
 190  p   1u37/2   ( 1u 37/2) 0.98    76.063     1.000     0.000


 quasi-particle properties Proton: 
 ------------------------------------------------------------------
     p/h    l j     [nr,l,j]  smax       Eqp       uu       vv
   1  p   1s 1/2   ( 3s  1/2) 0.75     1.060     0.636     0.364
   2  p   2s 1/2   ( 4s  1/2) 0.49    16.339     1.000     0.000
   3  p   3s 1/2   ( 4s  1/2) 0.77    21.586     0.983     0.017
   4  h   4s 1/2   ( 2s  1/2) 0.86    23.201     0.019     0.981
   5  p   5s 1/2   ( 5s  1/2) 0.64    30.378     0.999     0.001
   6  h   6s 1/2   ( 1s  1/2) 0.90    43.051     0.001     0.999
   7  p   7s 1/2   ( 5s  1/2) 0.56    44.408     0.999     0.001
   8  p   8s 1/2   ( 6s  1/2) 0.59    60.490     1.000     0.000
   9  p   9s 1/2   ( 8s  1/2) 0.56    81.006     1.000     0.000
  11  p   1p 1/2   ( 3p  1/2) 0.96    10.901     0.999     0.001
  12  h   2p 1/2   ( 2p  1/2) 0.94    12.319     0.002     0.998
  13  p   3p 1/2   ( 5p  1/2) 0.49    17.965     1.000     0.000
  14  p   4p 1/2   ( 4p  1/2) 0.75    27.039     1.000     0.000
  15  h   5p 1/2   ( 1p  1/2) 0.95    36.619     0.000     1.000
  16  p   6p 1/2   ( 5p  1/2) 0.62    39.246     1.000     0.000
  17  p   7p 1/2   ( 6p  1/2) 0.55    54.469     1.000     0.000
  18  p   8p 1/2   ( 7p  1/2) 0.62    74.268     1.000     0.000
  20  h   1d 3/2   ( 2d  3/2) 0.93     1.434     0.077     0.923
  21  p   2d 3/2   ( 3d  3/2) 0.56    17.063     1.000     0.000
  22  p   3d 3/2   ( 3d  3/2) 0.77    21.417     1.000     0.000
  23  h   4d 3/2   ( 1d  3/2) 0.97    27.982     0.001     0.999
  24  p   5d 3/2   ( 4d  3/2) 0.68    30.330     0.999     0.001
  25  p   6d 3/2   ( 4d  3/2) 0.55    44.266     1.000     0.000
  26  p   7d 3/2   ( 5d  3/2) 0.59    60.229     1.000     0.000
  27  p   8d 3/2   ( 7d  3/2) 0.58    80.725     1.000     0.000
  29  p   1p 3/2   ( 3p  3/2) 0.95    10.636     0.999     0.001
  30  h   2p 3/2   ( 2p  3/2) 0.92    12.943     0.001     0.999
  31  p   3p 3/2   ( 5p  3/2) 0.50    17.940     1.000     0.000
  32  p   4p 3/2   ( 4p  3/2) 0.74    26.934     1.000     0.000
  33  h   5p 3/2   ( 1p  3/2) 0.94    37.103     0.000     1.000
  34  p   6p 3/2   ( 5p  3/2) 0.61    39.169     1.000     0.000
  35  p   7p 3/2   ( 6p  3/2) 0.55    54.313     1.000     0.000
  36  p   8p 3/2   ( 7p  3/2) 0.61    73.986     1.000     0.000
  38  h   1d 5/2   ( 2d  5/2) 0.94     2.928     0.017     0.983
  39  p   2d 5/2   ( 3d  5/2) 0.59    16.956     1.000     0.000
  40  p   3d 5/2   ( 3d  5/2) 0.74    21.108     1.000     0.000
  41  h   4d 5/2   ( 1d  5/2) 0.96    29.451     0.013     0.987
  42  p   5d 5/2   ( 4d  5/2) 0.67    30.130     0.987     0.013
  43  p   6d 5/2   ( 4d  5/2) 0.55    44.151     1.000     0.000
  44  p   7d 5/2   ( 5d  5/2) 0.58    59.987     1.000     0.000
  45  p   8d 5/2   ( 7d  5/2) 0.57    80.319     1.000     0.000
  47  p   1f 5/2   ( 2f  5/2) 0.98     9.263     0.999     0.001
  48  h   2f 5/2   ( 1f  5/2) 0.98    17.916     0.001     0.999
  49  p   3f 5/2   ( 5f  5/2) 0.48    19.280     1.000     0.000
  50  p   4f 5/2   ( 3f  5/2) 0.78    27.687     1.000     0.000
  51  p   5f 5/2   ( 4f  5/2) 0.66    38.941     1.000     0.000
  52  p   6f 5/2   ( 5f  5/2) 0.59    54.248     1.000     0.000
  53  p   7f 5/2   ( 6f  5/2) 0.64    73.880     1.000     0.000
  55  h   1g 7/2   ( 1g  7/2) 0.98     6.970     0.003     0.997
  56  p   2g 7/2   ( 2g  7/2) 0.86    17.950     1.000     0.000
  57  p   3g 7/2   ( 2g  7/2) 0.46    21.077     1.000     0.000
  58  p   4g 7/2   ( 3g  7/2) 0.72    31.057     1.000     0.000
  59  p   5g 7/2   ( 3g  7/2) 0.54    44.370     1.000     0.000
  60  p   6g 7/2   ( 4g  7/2) 0.58    59.977     1.000     0.000
  61  p   7g 7/2   ( 6g  7/2) 0.60    80.269     1.000     0.000
  63  p   1f 7/2   ( 2f  7/2) 0.97     7.005     0.998     0.002
  64  p   2f 7/2   ( 4f  7/2) 0.48    19.183     1.000     0.000
  65  h   3f 7/2   ( 1f  7/2) 0.98    20.763     0.001     0.999
  66  p   4f 7/2   ( 3f  7/2) 0.78    27.128     1.000     0.000
  67  p   5f 7/2   ( 4f  7/2) 0.67    38.414     1.000     0.000
  68  p   6f 7/2   ( 5f  7/2) 0.58    53.787     1.000     0.000
  69  p   7f 7/2   ( 6f  7/2) 0.62    73.095     1.000     0.000
  71  h   1g 9/2   ( 1g  9/2) 0.98    11.460     0.001     0.999
  72  p   2g 9/2   ( 2g  9/2) 0.95    16.124     1.000     0.000
  73  p   3g 9/2   ( 6g  9/2) 0.47    20.529     1.000     0.000
  74  p   4g 9/2   ( 3g  9/2) 0.73    30.369     1.000     0.000
  75  p   5g 9/2   ( 4g  9/2) 0.56    43.454     1.000     0.000
  76  p   6g 9/2   ( 4g  9/2) 0.55    58.992     1.000     0.000
  77  p   7g 9/2   ( 6g  9/2) 0.59    78.957     1.000     0.000
  79  p   1h 9/2   ( 1h  9/2) 0.98     4.456     0.994     0.006
  80  p   2h 9/2   ( 4h  9/2) 0.48    21.839     1.000     0.000
  81  p   3h 9/2   ( 2h  9/2) 0.84    27.760     1.000     0.000
  82  p   4h 9/2   ( 3h  9/2) 0.74    38.192     1.000     0.000
  83  p   5h 9/2   ( 4h  9/2) 0.63    54.176     1.000     0.000
  84  p   6h 9/2   ( 5h  9/2) 0.66    73.219     1.000     0.000
  86  p   1i11/2   ( 1i 11/2) 0.98    15.532     1.000     0.000
  87  p   2i11/2   ( 4i 11/2) 0.51    23.409     1.000     0.000
  88  p   3i11/2   ( 2i 11/2) 0.79    32.835     1.000     0.000
  89  p   4i11/2   ( 3i 11/2) 0.65    43.342     1.000     0.000
  90  p   5i11/2   ( 4i 11/2) 0.57    59.001     1.000     0.000
  91  p   6i11/2   ( 5i 11/2) 0.63    79.207     1.000     0.000
  93  h   1h11/2   ( 1h 11/2) 0.96     1.964     0.032     0.968
  94  p   2h11/2   ( 2h 11/2) 0.55    21.615     1.000     0.000
  95  p   3h11/2   ( 2h 11/2) 0.80    26.019     1.000     0.000
  96  p   4h11/2   ( 3h 11/2) 0.76    37.068     1.000     0.000
  97  p   5h11/2   ( 4h 11/2) 0.65    52.832     1.000     0.000
  98  p   6h11/2   ( 5h 11/2) 0.66    71.108     1.000     0.000
 100  p   1i13/2   ( 1i 13/2) 0.98     7.852     0.999     0.001
 101  p   2i13/2   ( 4i 13/2) 0.50    23.312     1.000     0.000
 102  p   3i13/2   ( 2i 13/2) 0.83    31.632     1.000     0.000
 103  p   4i13/2   ( 3i 13/2) 0.71    41.656     1.000     0.000
 104  p   5i13/2   ( 4i 13/2) 0.61    57.423     1.000     0.000
 105  p   6i13/2   ( 5i 13/2) 0.64    76.626     1.000     0.000
 107  p   1j13/2   ( 1j 13/2) 0.83    25.147     1.000     0.000
 108  p   2j13/2   ( 1j 13/2) 0.53    27.378     1.000     0.000
 109  p   3j13/2   ( 2j 13/2) 0.79    39.558     1.000     0.000
 110  p   4j13/2   ( 3j 13/2) 0.70    53.682     1.000     0.000
 111  p   5j13/2   ( 4j 13/2) 0.70    71.344     1.000     0.000
 113  p   1k15/2   ( 4k 15/2) 0.53    27.943     1.000     0.000
 114  p   2k15/2   ( 1k 15/2) 0.92    34.888     1.000     0.000
 115  p   3k15/2   ( 2k 15/2) 0.74    43.651     1.000     0.000
 116  p   4k15/2   ( 3k 15/2) 0.62    59.284     1.000     0.000
 117  p   5k15/2   ( 4k 15/2) 0.67    77.653     1.000     0.000
 119  p   1j15/2   ( 1j 15/2) 0.97    17.455     1.000     0.000
 120  p   2j15/2   ( 4j 15/2) 0.53    26.472     1.000     0.000
 121  p   3j15/2   ( 2j 15/2) 0.80    38.040     1.000     0.000
 122  p   4j15/2   ( 3j 15/2) 0.74    51.529     1.000     0.000
 123  p   5j15/2   ( 4j 15/2) 0.71    68.535     1.000     0.000
 124  p   6j15/2   ( 5j 15/2) 0.64    99.358     1.000     0.000
 125  p   1k17/2   ( 1k 17/2) 0.91    26.469     1.000     0.000
 126  p   2k17/2   ( 4k 17/2) 0.48    28.477     1.000     0.000
 127  p   3k17/2   ( 2k 17/2) 0.78    41.226     1.000     0.000
 128  p   4k17/2   ( 3k 17/2) 0.69    56.764     1.000     0.000
 129  p   5k17/2   ( 4k 17/2) 0.69    74.002     1.000     0.000
 131  p   1l17/2   ( 3l 17/2) 0.57    32.027     1.000     0.000
 132  p   2l17/2   ( 1l 17/2) 0.88    42.744     1.000     0.000
 133  p   3l17/2   ( 2l 17/2) 0.75    53.140     1.000     0.000
 134  p   4l17/2   ( 3l 17/2) 0.72    71.598     1.000     0.000
 135  p   5l17/2   ( 4l 17/2) 0.65    98.517     1.000     0.000
 136  p   1m19/2   ( 3m 19/2) 0.58    34.011     1.000     0.000
 137  p   2m19/2   ( 1m 19/2) 0.80    47.359     1.000     0.000
 138  p   3m19/2   ( 2m 19/2) 0.67    59.017     1.000     0.000
 139  p   4m19/2   ( 3m 19/2) 0.69    76.922     1.000     0.000
 141  p   1l19/2   ( 3l 19/2) 0.55    31.850     1.000     0.000
 142  p   2l19/2   ( 1l 19/2) 0.88    36.196     1.000     0.000
 143  p   3l19/2   ( 2l 19/2) 0.79    49.554     1.000     0.000
 144  p   4l19/2   ( 3l 19/2) 0.75    66.883     1.000     0.000
 145  p   5l19/2   ( 5l 19/2) 0.66    94.013     1.000     0.000
 146  p   1m21/2   ( 3m 21/2) 0.58    33.958     1.000     0.000
 147  p   2m21/2   ( 1m 21/2) 0.92    43.782     1.000     0.000
 148  p   3m21/2   ( 2m 21/2) 0.81    53.663     1.000     0.000
 149  p   4m21/2   ( 3m 21/2) 0.74    71.468     1.000     0.000
 150  p   5m21/2   ( 5m 21/2) 0.65    99.462     1.000     0.000
 151  p   1n21/2   ( 3n 21/2) 0.60    39.339     1.000     0.000
 152  p   2n21/2   ( 1n 21/2) 0.82    55.741     1.000     0.000
 153  p   3n21/2   ( 2n 21/2) 0.74    70.068     1.000     0.000
 154  p   4n21/2   ( 4n 21/2) 0.67    96.752     1.000     0.000
 155  p   1o23/2   ( 3o 23/2) 0.60    41.574     1.000     0.000
 156  p   2o23/2   ( 1o 23/2) 0.79    59.318     1.000     0.000
 157  p   3o23/2   ( 2o 23/2) 0.72    75.929     1.000     0.000
 159  p   1n23/2   ( 3n 23/2) 0.59    39.207     1.000     0.000
 160  p   2n23/2   ( 1n 23/2) 0.88    53.026     1.000     0.000
 161  p   3n23/2   ( 2n 23/2) 0.77    63.343     1.000     0.000
 162  p   4n23/2   ( 4n 23/2) 0.73    87.610     1.000     0.000
 163  p   1o25/2   ( 3o 25/2) 0.60    41.488     1.000     0.000
 164  p   2o25/2   ( 1o 25/2) 0.85    58.071     1.000     0.000
 165  p   3o25/2   ( 2o 25/2) 0.78    69.654     1.000     0.000
 166  p   4o25/2   ( 4o 25/2) 0.72    91.872     1.000     0.000
 167  p   1P25/2   ( 2P 25/2) 0.69    48.693     1.000     0.000
 168  p   2P25/2   ( 1P 25/2) 0.79    69.962     1.000     0.000
 169  p   3P25/2   ( 3P 25/2) 0.69    91.988     1.000     0.000
 170  p   1q27/2   ( 2q 27/2) 0.69    51.174     1.000     0.000
 171  p   2q27/2   ( 1q 27/2) 0.79    73.700     1.000     0.000
 172  p   3q27/2   ( 3q 27/2) 0.67    97.457     1.000     0.000
 173  p   1P27/2   ( 2P 27/2) 0.66    48.504     1.000     0.000
 174  p   2P27/2   ( 1P 27/2) 0.81    68.519     1.000     0.000
 175  p   3P27/2   ( 3P 27/2) 0.74    81.718     1.000     0.000
 176  p   1q29/2   ( 2q 29/2) 0.67    51.010     1.000     0.000
 177  p   2q29/2   ( 1q 29/2) 0.80    73.007     1.000     0.000
 178  p   3q29/2   ( 3q 29/2) 0.69    88.458     1.000     0.000
 179  p   1r29/2   ( 1r 29/2) 0.76    61.056     1.000     0.000
 180  p   2r29/2   ( 2r 29/2) 0.76    88.756     1.000     0.000
 181  p   1S31/2   ( 1S 31/2) 0.76    63.832     1.000     0.000
 182  p   2S31/2   ( 2S 31/2) 0.76    93.207     1.000     0.000
 183  p   1r31/2   ( 1r 31/2) 0.75    60.877     1.000     0.000
 184  p   2r31/2   ( 2r 31/2) 0.74    85.131     1.000     0.000
 185  p   1S33/2   ( 1S 33/2) 0.75    63.682     1.000     0.000
 186  p   2S33/2   ( 2S 33/2) 0.75    90.612     1.000     0.000
 187  p   1t33/2   ( 1t 33/2) 0.98    79.134     1.000     0.000
 188  p   1u35/2   ( 1u 35/2) 0.98    82.365     1.000     0.000
 189  p   1t35/2   ( 1t 35/2) 0.98    78.638     1.000     0.000
 190  p   1u37/2   ( 1u 37/2) 0.98    82.035     1.000     0.000
  ****** END RESU ***********************************
