
  ******************************************  
  *           Fortran 77 Code              *  
  *         Spherical H.O. basis            *  
  * Dirac-Hartree-Bogoliubov calculation   *  
  *        with density-dependent          *  
  * meson-exchange or point coupling force *  
  *          and separable pairing         *  
  * -------------------------------------- *  
  *      Niksic, Paar, Vretenar, Ring      *  
  *          18/ 4/2026/01:31:37           *
  *       Hg 240  N = 160  Z =  80
  ******************************************  
  ****** BEGIN READER *******************************
 Number of oscillator shells :    18   20
 Initialization inin,inink   :     0    0
 Nucleus: Hg 240   160  80
 Initial Gap Parameters      :     1.0000    1.0000
 Parameter set               :    DD-PC1    
  ****** END READER *********************************
  ****** BEGIN FORCES *******************************

 NEDF Parameters: DD-PC1    
           scasca    scavec    vecsca    vecvec
 GG   =   1.000000  1.000000  1.000000  1.000000
 DD   =  -0.814900  0.000000  0.000000  0.000000
  
 Density dependence parameters:
           scasca    scavec    vecsca    vecvec
 a    = -10.046200  5.919500  0.000000  0.000000
 b    =  -9.150400  8.863700  0.000000  1.836000
 c    =  -6.427300  0.000000  0.000000  0.000000
 d    =   1.372400  0.658400  0.000000  0.640300
 dsat =   0.152000
  
 TMR pairing: Tian,Ma,Ring, PRB 676, 44 (2009)
 TMR pairing strength    gl =:  -728.00000 [MeV*fm^3]
 TMR pairing width        a =:     0.64420 [fm]
  ****** END FORCES *********************************
  ****** BEGIN PREP *********************************
  
 hom =                            6.597511
 hb0 =                           20.734000
 b0  =                            2.507070
 with Coulomb force
 With microscopic c.m. correction
  ****** END PREP ***********************************
  potentials read from tape dirhb.wel
  ****** BEGIN ITER *********************************
  1.It. si =    0.0000000  E/A =    0.0000 R =    0.0000  mix = 0.50
  2.It. si =    1.6013580  E/A =   -7.1565 R =    5.9717  mix = 0.50
  3.It. si =    0.8909670  E/A =   -7.1566 R =    5.9733  mix = 0.50
  4.It. si =    0.7791521  E/A =   -7.1567 R =    5.9752  mix = 0.50
  5.It. si =    0.6865945  E/A =   -7.1567 R =    5.9767  mix = 0.50
  6.It. si =    0.2074347  E/A =   -7.1568 R =    5.9795  mix = 0.50
  7.It. si =    0.0262357  E/A =   -7.1568 R =    5.9786  mix = 0.50
  8.It. si =    0.0163651  E/A =   -7.1568 R =    5.9786  mix = 0.50
  9.It. si =    0.0069698  E/A =   -7.1568 R =    5.9786  mix = 0.50
 10.It. si =    0.0050580  E/A =   -7.1568 R =    5.9787  mix = 0.50
 11.It. si =    0.0035643  E/A =   -7.1568 R =    5.9787  mix = 0.50
 12.It. si =    0.0017736  E/A =   -7.1568 R =    5.9786  mix = 0.50
 13.It. si =    0.0014094  E/A =   -7.1568 R =    5.9786  mix = 0.50
 14.It. si =    0.0009199  E/A =   -7.1568 R =    5.9786  mix = 0.50
 15.It. si =    0.0002688  E/A =   -7.1568 R =    5.9786  mix = 0.50
 16.It. si =    0.0002328  E/A =   -7.1568 R =    5.9786  mix = 0.50
 17.It. si =    0.0001238  E/A =   -7.1568 R =    5.9786  mix = 0.50
 18.It. si =    0.0000831  E/A =   -7.1568 R =    5.9786  mix = 0.50
 19.It. si =    0.0000405  E/A =   -7.1568 R =    5.9786  mix = 0.50
 20.It. si =    0.0000044  E/A =   -7.1568 R =    5.9786  mix = 0.50
 ********************************************************************
 Hg 240: Iteration converged after  20 steps   si =      0.0000009961
 ********************************************************************
  ****** END ITER ***********************************
  ****** BEGIN CANON ********************************
 single-particle energies and gaps  in the canonical basis: Neutron:
 ------------------------------------------------------------------
    j pi     (nr,l,j)  smax       Ecan       vvcan       decan
 j = 1/2+  (   s 1/2)  0.98    -57.0198      0.9997      1.8903
 j = 1/2+  (   s 1/2)  0.96    -40.2384      0.9995      1.6206
 j = 1/2+  (   s 1/2)  0.97    -20.7163      0.9976      1.8397
 j = 1/2+  (   s 1/2)  0.94     -0.4325      0.0730      1.0567
 j = 1/2+  (   s 1/2)  0.88      9.7695      0.0006      0.6063
 j = 1/2+  (   s 1/2)  0.85     21.7832      0.0001      0.5238
 j = 1/2+  (   s 1/2)  0.89     37.2206      0.0000      0.3748
 j = 1/2+  (   s 1/2)  0.88     37.4192      0.0000      0.0456
 j = 1/2+  (   s 1/2)  0.95     51.9371      0.0000      0.2431
 j = 1/2+  (   s 1/2)  0.87     66.0505      0.0000      0.1577
 j = 1/2-  (   p 1/2)  0.99    -51.4330      0.9997      1.7883
 j = 1/2-  (   p 1/2)  0.98    -31.8558      0.9992      1.6799
 j = 1/2-  (   p 1/2)  0.98     -9.7176      0.9884      1.6555
 j = 1/2-  (   p 1/2)  0.95      6.5181      0.0019      0.7611
 j = 1/2-  (   p 1/2)  0.90     16.1749      0.0002      0.5262
 j = 1/2-  (   p 1/2)  0.90     30.2502      0.0000      0.3930
 j = 1/2-  (   p 1/2)  0.91     38.9512      0.0000      0.0629
 j = 1/2-  (   p 1/2)  0.95     43.2821      0.0000      0.2587
 j = 1/2-  (   p 1/2)  0.91     60.3902      0.0000      0.1808
 j = 3/2+  (   d 3/2)  0.99    -43.9361      0.9996      1.6714
 j = 3/2+  (   d 3/2)  0.98    -22.0272      0.9980      1.7811
 j = 3/2+  (   d 3/2)  0.97     -0.7929      0.1252      1.2127
 j = 3/2+  (   d 3/2)  0.92     10.7423      0.0006      0.6199
 j = 3/2+  (   d 3/2)  0.88     22.2174      0.0001      0.5035
 j = 3/2+  (   d 3/2)  0.89     36.8293      0.0000      0.3388
 j = 3/2+  (   d 3/2)  0.89     38.7328      0.0000      0.0440
 j = 3/2+  (   d 3/2)  0.95     49.4364      0.0000      0.2102
 j = 3/2+  (   d 3/2)  0.88     66.3055      0.0000      0.1419
 j = 3/2-  (   p 3/2)  0.98    -51.5691      0.9997      1.8007
 j = 3/2-  (   p 3/2)  0.97    -32.2354      0.9992      1.7021
 j = 3/2-  (   p 3/2)  0.97    -10.1151      0.9896      1.6440
 j = 3/2-  (   p 3/2)  0.94      6.4129      0.0019      0.7580
 j = 3/2-  (   p 3/2)  0.89     16.0936      0.0002      0.5157
 j = 3/2-  (   p 3/2)  0.89     30.2436      0.0000      0.3905
 j = 3/2-  (   p 3/2)  0.91     39.1548      0.0000      0.0631
 j = 3/2-  (   p 3/2)  0.94     43.2855      0.0000      0.2567
 j = 3/2-  (   p 3/2)  0.91     60.6849      0.0000      0.1804
 j = 5/2+  (   d 5/2)  0.99    -44.5771      0.9996      1.6932
 j = 5/2+  (   d 5/2)  0.98    -23.3603      0.9982      1.8067
 j = 5/2+  (   d 5/2)  0.96     -1.3725      0.2221      1.1876
 j = 5/2+  (   d 5/2)  0.91     10.4420      0.0006      0.6147
 j = 5/2+  (   d 5/2)  0.87     21.6988      0.0001      0.4971
 j = 5/2+  (   d 5/2)  0.88     36.6229      0.0000      0.3384
 j = 5/2+  (   d 5/2)  0.89     39.1551      0.0000      0.0445
 j = 5/2+  (   d 5/2)  0.94     49.3508      0.0000      0.2093
 j = 5/2+  (   d 5/2)  0.89     66.5968      0.0000      0.1419
 j = 5/2-  (   f 5/2)  0.98    -35.5956      0.9994      1.6022
 j = 5/2-  (   f 5/2)  0.98    -11.3624      0.9919      1.6755
 j = 5/2-  (   f 5/2)  0.97      6.9978      0.0026      0.9354
 j = 5/2-  (   f 5/2)  0.96     17.7636      0.0002      0.5695
 j = 5/2-  (   f 5/2)  0.95     31.3118      0.0000      0.4133
 j = 5/2-  (   f 5/2)  0.90     36.8527      0.0000      0.0565
 j = 5/2-  (   f 5/2)  0.96     43.5451      0.0000      0.2568
 j = 5/2-  (   f 5/2)  0.89     58.9916      0.0000      0.1711
 j = 7/2+  (   g 7/2)  0.98    -26.2426      0.9989      1.6051
 j = 7/2+  (   g 7/2)  0.98     -1.7338      0.3536      1.4123
 j = 7/2+  (   g 7/2)  0.97     13.4118      0.0005      0.6888
 j = 7/2+  (   g 7/2)  0.96     23.8534      0.0001      0.5124
 j = 7/2+  (   g 7/2)  0.84     33.1194      0.0000      0.0364
 j = 7/2+  (   g 7/2)  0.95     38.8618      0.0000      0.3504
 j = 7/2+  (   g 7/2)  0.92     52.5239      0.0000      0.2222
 j = 7/2+  (   g 7/2)  0.79     62.6378      0.0000      0.1377
 j = 7/2-  (   f 7/2)  0.98    -37.1485      0.9995      1.6373
 j = 7/2-  (   f 7/2)  0.98    -13.4558      0.9945      1.6839
 j = 7/2-  (   f 7/2)  0.97      6.1858      0.0030      0.9254
 j = 7/2-  (   f 7/2)  0.96     17.2995      0.0002      0.5553
 j = 7/2-  (   f 7/2)  0.95     30.7371      0.0000      0.4102
 j = 7/2-  (   f 7/2)  0.90     36.9218      0.0000      0.0567
 j = 7/2-  (   f 7/2)  0.95     43.2520      0.0000      0.2550
 j = 7/2-  (   f 7/2)  0.89     59.0453      0.0000      0.1708
 j = 9/2+  (   g 9/2)  0.98    -29.1850      0.9991      1.6548
 j = 9/2+  (   g 9/2)  0.98     -3.9905      0.8958      1.4082
 j = 9/2+  (   g 9/2)  0.97     12.7284      0.0006      0.6995
 j = 9/2+  (   g 9/2)  0.96     23.1827      0.0001      0.4865
 j = 9/2+  (   g 9/2)  0.84     32.6383      0.0000      0.0358
 j = 9/2+  (   g 9/2)  0.94     38.3234      0.0000      0.3445
 j = 9/2+  (   g 9/2)  0.91     52.2670      0.0000      0.2190
 j = 9/2+  (   g 9/2)  0.78     61.9528      0.0000      0.1352
 j = 9/2-  (   h 9/2)  0.98    -15.9095      0.9969      1.5340
 j = 9/2-  (   h 9/2)  0.97      6.6892      0.0046      1.2058
 j = 9/2-  (   h 9/2)  0.97     19.9552      0.0002      0.5873
 j = 9/2-  (   h 9/2)  0.84     31.1810      0.0000      0.0469
 j = 9/2-  (   h 9/2)  0.96     32.6719      0.0000      0.4033
 j = 9/2-  (   h 9/2)  0.92     46.8532      0.0000      0.2643
 j = 9/2-  (   h 9/2)  0.79     58.2325      0.0000      0.1715
 j =11/2+  (   i11/2)  0.98     -5.4365      0.9567      1.4576
 j =11/2+  (   i11/2)  0.96     14.8093      0.0008      0.9602
 j =11/2+  (   i11/2)  0.95     26.9711      0.0001      0.5227
 j =11/2+  (   i11/2)  0.78     29.0842      0.0000      0.0297
 j =11/2+  (   i11/2)  0.92     39.7114      0.0000      0.3240
 j =11/2+  (   i11/2)  0.85     54.8842      0.0000      0.2089
 j =11/2+  (   i11/2)  0.68     59.7302      0.0000      0.1236
 j =11/2-  (   h11/2)  0.98    -20.3141      0.9981      1.6073
 j =11/2-  (   h11/2)  0.98      4.3396      0.0079      1.1677
 j =11/2-  (   h11/2)  0.96     18.7792      0.0002      0.5809
 j =11/2-  (   h11/2)  0.84     30.9328      0.0000      0.0469
 j =11/2-  (   h11/2)  0.95     31.1465      0.0000      0.3967
 j =11/2-  (   h11/2)  0.92     46.2247      0.0000      0.2626
 j =11/2-  (   h11/2)  0.79     57.7764      0.0000      0.1714
 j =13/2+  (   i13/2)  0.98    -11.2653      0.9932      1.5156
 j =13/2+  (   i13/2)  0.97     12.3622      0.0011      0.9468
 j =13/2+  (   i13/2)  0.95     25.6548      0.0001      0.5076
 j =13/2+  (   i13/2)  0.78     28.7937      0.0000      0.0295
 j =13/2+  (   i13/2)  0.92     38.0742      0.0000      0.3190
 j =13/2+  (   i13/2)  0.85     53.8884      0.0000      0.2067
 j =13/2+  (   i13/2)  0.68     59.1116      0.0000      0.1227
 j =13/2-  (   j13/2)  0.98      4.8369      0.0097      1.3959
 j =13/2-  (   j13/2)  0.96     22.1361      0.0002      0.7155
 j =13/2-  (   j13/2)  0.81     30.1125      0.0000      0.0413
 j =13/2-  (   j13/2)  0.92     34.3289      0.0000      0.4455
 j =13/2-  (   j13/2)  0.86     46.8242      0.0000      0.2582
 j =13/2-  (   j13/2)  0.74     56.7916      0.0000      0.1558
 j =15/2+  (   k15/2)  0.97     14.4830      0.0014      1.2599
 j =15/2+  (   k15/2)  0.75     28.6216      0.0000      0.0267
 j =15/2+  (   k15/2)  0.94     29.6826      0.0001      0.5792
 j =15/2+  (   k15/2)  0.86     42.2589      0.0000      0.3614
 j =15/2+  (   k15/2)  0.74     55.9788      0.0000      0.2199
 j =15/2+  (   k15/2)  0.59     56.1856      0.0000      0.1125
 j =15/2-  (   j15/2)  0.98     -2.2637      0.5347      1.4010
 j =15/2-  (   j15/2)  0.95     19.9304      0.0003      0.7457
 j =15/2-  (   j15/2)  0.81     29.7410      0.0000      0.0411
 j =15/2-  (   j15/2)  0.91     32.0188      0.0000      0.4342
 j =15/2-  (   j15/2)  0.86     45.7375      0.0000      0.2580
 j =15/2-  (   j15/2)  0.73     55.2685      0.0000      0.1542
 j =17/2+  (   k17/2)  0.97      6.6432      0.0052      1.2753
 j =17/2+  (   k17/2)  0.92     26.8869      0.0001      0.5934
 j =17/2+  (   k17/2)  0.75     28.2986      0.0000      0.0266
 j =17/2+  (   k17/2)  0.85     39.6616      0.0000      0.3548
 j =17/2+  (   k17/2)  0.59     54.6408      0.0000      0.1112
 j =17/2+  (   k17/2)  0.74     54.6911      0.0000      0.2195
 j =17/2-  (   l17/2)  0.96     23.4336      0.0005      1.0967
 j =17/2-  (   l17/2)  0.75     28.8305      0.0000      0.0378
 j =17/2-  (   l17/2)  0.90     37.1487      0.0000      0.4831
 j =17/2-  (   l17/2)  0.79     50.8849      0.0000      0.2909
 j =17/2-  (   l17/2)  0.61     54.0905      0.0000      0.1560
 j =19/2+  (   m19/2)  0.70     29.0264      0.0000      0.0259
 j =19/2+  (   m19/2)  0.93     32.1111      0.0002      0.9402
 j =19/2+  (   m19/2)  0.84     44.6255      0.0000      0.4044
 j =19/2+  (   m19/2)  0.63     54.6452      0.0000      0.1123
 j =19/2+  (   m19/2)  0.69     58.8955      0.0000      0.2373
 j =19/2-  (   l19/2)  0.95     15.3172      0.0010      1.1187
 j =19/2-  (   l19/2)  0.75     28.3980      0.0000      0.0376
 j =19/2-  (   l19/2)  0.88     33.6456      0.0000      0.4860
 j =19/2-  (   l19/2)  0.77     48.1881      0.0000      0.2879
 j =19/2-  (   l19/2)  0.60     52.2422      0.0000      0.1539
 j =21/2+  (   m21/2)  0.92     23.9297      0.0003      0.9619
 j =21/2+  (   m21/2)  0.70     28.7150      0.0000      0.0258
 j =21/2+  (   m21/2)  0.81     40.6231      0.0000      0.4042
 j =21/2+  (   m21/2)  0.63     52.7250      0.0000      0.1104
 j =21/2+  (   m21/2)  0.66     55.5302      0.0000      0.2351
 j =21/2-  (   n21/2)  0.74     31.3851      0.0000      0.0389
 j =21/2-  (   n21/2)  0.90     40.2686      0.0001      0.7847
 j =21/2-  (   n21/2)  0.75     52.9236      0.0000      0.3393
 j =21/2-  (   n21/2)  0.61     54.8918      0.0000      0.1606
 j =23/2+  (   o23/2)  0.70     32.4125      0.0000      0.0275
 j =23/2+  (   o23/2)  0.86     48.7470      0.0000      0.6526
 j =23/2+  (   o23/2)  0.63     55.4604      0.0000      0.1173
 j =23/2+  (   o23/2)  0.63     60.7783      0.0000      0.2862
 j =23/2-  (   n23/2)  0.74     30.8273      0.0000      0.0386
 j =23/2-  (   n23/2)  0.89     32.3979      0.0001      0.8026
 j =23/2-  (   n23/2)  0.71     48.2524      0.0000      0.3399
 j =23/2-  (   n23/2)  0.61     51.3180      0.0000      0.1566
 j =25/2+  (   o25/2)  0.69     31.9848      0.0000      0.0273
 j =25/2+  (   o25/2)  0.84     40.9561      0.0001      0.6690
 j =25/2+  (   o25/2)  0.63     52.4511      0.0000      0.1145
 j =25/2+  (   o25/2)  0.59     55.2302      0.0000      0.2845
 j =25/2-  (   P25/2)  0.73     35.7814      0.0000      0.0444
 j =25/2-  (   P25/2)  0.62     56.8878      0.0000      0.1940
 j =25/2-  (   P25/2)  0.80     57.3736      0.0000      0.5409
 j =27/2+  (   q27/2)  0.69     37.5515      0.0000      0.0322
 j =27/2+  (   q27/2)  0.63     58.9219      0.0000      0.1438
 j =27/2+  (   q27/2)  0.74     65.2463      0.0000      0.4396
 j =27/2-  (   P27/2)  0.72     35.1411      0.0000      0.0441
 j =27/2-  (   P27/2)  0.78     49.4066      0.0000      0.5539
 j =27/2-  (   P27/2)  0.63     52.8954      0.0000      0.1898
 j =29/2+  (   q29/2)  0.68     37.1189      0.0000      0.0321
 j =29/2+  (   q29/2)  0.63     55.8032      0.0000      0.1412
 j =29/2+  (   q29/2)  0.72     57.6693      0.0000      0.4482
 j =29/2-  (   r29/2)  0.76     43.8312      0.0000      0.0586
 j =29/2-  (   r29/2)  0.75     65.0707      0.0000      0.2972
 j =31/2+  (   S31/2)  0.73     46.3541      0.0000      0.0427
 j =31/2+  (   S31/2)  0.73     69.6763      0.0000      0.2202
 j =31/2-  (   r31/2)  0.75     43.2122      0.0000      0.0583
 j =31/2-  (   r31/2)  0.74     60.6160      0.0000      0.2994
 j =33/2+  (   S33/2)  0.73     45.9133      0.0000      0.0426
 j =33/2+  (   S33/2)  0.72     66.2248      0.0000      0.2214
 j =33/2-  (   t33/2)  0.98     58.7449      0.0000      0.0959
 j =35/2+  (   u35/2)  0.98     62.0169      0.0000      0.0685
 j =35/2-  (   t35/2)  0.98     57.8972      0.0000      0.0959
 j =37/2+  (   u37/2)  0.98     61.4304      0.0000      0.0685
 single-particle energies and gaps  in the canonical basis: Proton: 
 ------------------------------------------------------------------
    j pi     (nr,l,j)  smax       Ecan       vvcan       decan
 j = 1/2+  (   s 1/2)  0.75    -51.3043      0.9997     -1.1854
 j = 1/2+  (   s 1/2)  0.68    -35.9890      0.9989     -1.4076
 j = 1/2+  (   s 1/2)  0.91    -14.5226      0.3110     -1.1242
 j = 1/2+  (   s 1/2)  0.87     12.4914      0.0003     -0.9133
 j = 1/2+  (   s 1/2)  0.55     12.9721      0.0000     -0.0018
 j = 1/2+  (   s 1/2)  0.51     25.6615      0.0000     -0.0075
 j = 1/2+  (   s 1/2)  0.66     38.4405      0.0000     -0.4054
 j = 1/2+  (   s 1/2)  0.50     46.0890      0.0000     -0.0157
 j = 1/2+  (   s 1/2)  0.57     60.5346      0.0000     -0.2195
 j = 1/2+  (   s 1/2)  0.76     79.0412      0.0000     -0.0782
 j = 1/2-  (   p 1/2)  0.92    -46.9297      0.9997     -1.0968
 j = 1/2-  (   p 1/2)  0.89    -26.0335      0.9980     -0.9802
 j = 1/2-  (   p 1/2)  0.93     -2.9783      0.0008     -0.6885
 j = 1/2-  (   p 1/2)  0.57     13.4347      0.0000     -0.0026
 j = 1/2-  (   p 1/2)  0.75     24.5797      0.0000     -0.5027
 j = 1/2-  (   p 1/2)  0.53     26.5439      0.0000     -0.0116
 j = 1/2-  (   p 1/2)  0.55     46.3265      0.0000     -0.0304
 j = 1/2-  (   p 1/2)  0.64     50.0468      0.0000     -0.2808
 j = 1/2-  (   p 1/2)  0.73     79.4734      0.0000     -0.1219
 j = 3/2+  (   d 3/2)  0.96    -39.9031      0.9996     -0.9934
 j = 3/2+  (   d 3/2)  0.94    -16.2875      0.9219     -0.8306
 j = 3/2+  (   d 3/2)  0.90      7.8443      0.0001     -0.4580
 j = 3/2+  (   d 3/2)  0.55     13.7150      0.0000     -0.0015
 j = 3/2+  (   d 3/2)  0.52     26.5947      0.0000     -0.0066
 j = 3/2+  (   d 3/2)  0.66     35.3536      0.0000     -0.3167
 j = 3/2+  (   d 3/2)  0.48     46.9572      0.0000     -0.0149
 j = 3/2+  (   d 3/2)  0.58     63.8902      0.0000     -0.2008
 j = 3/2+  (   d 3/2)  0.75     81.6643      0.0000     -0.0777
 j = 3/2-  (   p 3/2)  0.91    -47.2686      0.9997     -1.0977
 j = 3/2-  (   p 3/2)  0.86    -26.4766      0.9982     -0.9803
 j = 3/2-  (   p 3/2)  0.92     -3.1804      0.0008     -0.6795
 j = 3/2-  (   p 3/2)  0.57     13.4211      0.0000     -0.0026
 j = 3/2-  (   p 3/2)  0.76     24.8020      0.0000     -0.5089
 j = 3/2-  (   p 3/2)  0.53     26.5434      0.0000     -0.0116
 j = 3/2-  (   p 3/2)  0.55     46.1570      0.0000     -0.0304
 j = 3/2-  (   p 3/2)  0.65     50.4625      0.0000     -0.2828
 j = 3/2-  (   p 3/2)  0.73     79.3645      0.0000     -0.1218
 j = 5/2+  (   d 5/2)  0.95    -40.9476      0.9996     -1.0024
 j = 5/2+  (   d 5/2)  0.92    -17.5213      0.9756     -0.8236
 j = 5/2+  (   d 5/2)  0.90      7.1863      0.0001     -0.4580
 j = 5/2+  (   d 5/2)  0.55     13.6949      0.0000     -0.0016
 j = 5/2+  (   d 5/2)  0.52     26.5582      0.0000     -0.0067
 j = 5/2+  (   d 5/2)  0.67     35.4020      0.0000     -0.3181
 j = 5/2+  (   d 5/2)  0.48     46.7469      0.0000     -0.0149
 j = 5/2+  (   d 5/2)  0.59     64.4485      0.0000     -0.2009
 j = 5/2+  (   d 5/2)  0.75     81.2913      0.0000     -0.0775
 j = 5/2-  (   f 5/2)  0.98    -31.5317      0.9993     -0.9062
 j = 5/2-  (   f 5/2)  0.96     -6.2511      0.0016     -0.6898
 j = 5/2-  (   f 5/2)  0.58     14.8581      0.0000     -0.0023
 j = 5/2-  (   f 5/2)  0.83     19.4534      0.0000     -0.3706
 j = 5/2-  (   f 5/2)  0.51     28.7166      0.0000     -0.0091
 j = 5/2-  (   f 5/2)  0.68     45.9355      0.0000     -0.2177
 j = 5/2-  (   f 5/2)  0.61     48.6156      0.0000     -0.0304
 j = 5/2-  (   f 5/2)  0.69     83.9655      0.0000     -0.1151
 j = 7/2+  (   g 7/2)  0.98    -22.2135      0.9968     -0.8247
 j = 7/2+  (   g 7/2)  0.92      4.3838      0.0002     -0.5484
 j = 7/2+  (   g 7/2)  0.56     15.4754      0.0000     -0.0013
 j = 7/2+  (   g 7/2)  0.51     28.9311      0.0000     -0.0051
 j = 7/2+  (   g 7/2)  0.69     31.5360      0.0000     -0.3087
 j = 7/2+  (   g 7/2)  0.52     48.8253      0.0000     -0.0142
 j = 7/2+  (   g 7/2)  0.65     58.1751      0.0000     -0.1668
 j = 7/2+  (   g 7/2)  0.73     86.9016      0.0000     -0.0743
 j = 7/2-  (   f 7/2)  0.97    -33.5911      0.9994     -0.9234
 j = 7/2-  (   f 7/2)  0.95     -8.1923      0.0024     -0.6727
 j = 7/2-  (   f 7/2)  0.58     14.8377      0.0000     -0.0024
 j = 7/2-  (   f 7/2)  0.84     18.3468      0.0000     -0.3754
 j = 7/2-  (   f 7/2)  0.51     28.7696      0.0000     -0.0093
 j = 7/2-  (   f 7/2)  0.68     45.4971      0.0000     -0.2180
 j = 7/2-  (   f 7/2)  0.61     48.2833      0.0000     -0.0305
 j = 7/2-  (   f 7/2)  0.68     84.0799      0.0000     -0.1154
 j = 9/2+  (   g 9/2)  0.98    -25.5403      0.9984     -0.8446
 j = 9/2+  (   g 9/2)  0.93      1.9276      0.0002     -0.5310
 j = 9/2+  (   g 9/2)  0.56     15.4526      0.0000     -0.0013
 j = 9/2+  (   g 9/2)  0.51     28.9304      0.0000     -0.0052
 j = 9/2+  (   g 9/2)  0.71     30.0287      0.0000     -0.3138
 j = 9/2+  (   g 9/2)  0.52     48.5129      0.0000     -0.0143
 j = 9/2+  (   g 9/2)  0.65     57.6076      0.0000     -0.1663
 j = 9/2+  (   g 9/2)  0.73     86.4311      0.0000     -0.0742
 j = 9/2-  (   h 9/2)  0.98    -12.2834      0.0181     -0.7454
 j = 9/2-  (   h 9/2)  0.85     15.4398      0.0000     -0.4168
 j = 9/2-  (   h 9/2)  0.58     17.2894      0.0000     -0.0024
 j = 9/2-  (   h 9/2)  0.51     30.8442      0.0000     -0.0107
 j = 9/2-  (   h 9/2)  0.67     42.9770      0.0000     -0.2496
 j = 9/2-  (   h 9/2)  0.63     50.0127      0.0000     -0.0366
 j = 9/2-  (   h 9/2)  0.68     83.5493      0.0000     -0.1136
 j =11/2+  (   i11/2)  0.96     -1.8864      0.0006     -0.6649
 j =11/2+  (   i11/2)  0.55     18.3550      0.0000     -0.0013
 j =11/2+  (   i11/2)  0.77     26.4124      0.0000     -0.3142
 j =11/2+  (   i11/2)  0.55     31.4717      0.0000     -0.0063
 j =11/2+  (   i11/2)  0.55     50.8063      0.0000     -0.0178
 j =11/2+  (   i11/2)  0.65     56.9980      0.0000     -0.2004
 j =11/2+  (   i11/2)  0.72     85.9085      0.0000     -0.0823
 j =11/2-  (   h11/2)  0.98    -17.0426      0.9692     -0.7589
 j =11/2-  (   h11/2)  0.87     12.6075      0.0001     -0.4062
 j =11/2-  (   h11/2)  0.58     17.2466      0.0000     -0.0025
 j =11/2-  (   h11/2)  0.51     30.8440      0.0000     -0.0112
 j =11/2-  (   h11/2)  0.67     41.1185      0.0000     -0.2540
 j =11/2-  (   h11/2)  0.64     49.3343      0.0000     -0.0370
 j =11/2-  (   h11/2)  0.68     82.7589      0.0000     -0.1139
 j =13/2+  (   i13/2)  0.97     -8.2193      0.0025     -0.6727
 j =13/2+  (   i13/2)  0.55     18.3249      0.0000     -0.0013
 j =13/2+  (   i13/2)  0.80     23.1744      0.0000     -0.3104
 j =13/2+  (   i13/2)  0.55     31.5037      0.0000     -0.0067
 j =13/2+  (   i13/2)  0.56     50.3293      0.0000     -0.0185
 j =13/2+  (   i13/2)  0.66     54.9324      0.0000     -0.2036
 j =13/2+  (   i13/2)  0.73     84.6034      0.0000     -0.0831
 j =13/2-  (   j13/2)  0.93      8.7186      0.0001     -0.5745
 j =13/2-  (   j13/2)  0.56     21.0074      0.0000     -0.0024
 j =13/2-  (   j13/2)  0.50     34.3366      0.0000     -0.0133
 j =13/2-  (   j13/2)  0.67     37.3580      0.0000     -0.2424
 j =13/2-  (   j13/2)  0.68     52.5253      0.0000     -0.0476
 j =13/2-  (   j13/2)  0.68     81.9281      0.0000     -0.1272
 j =15/2+  (   k15/2)  0.87     19.6702      0.0001     -0.4886
 j =15/2+  (   k15/2)  0.54     22.4725      0.0000     -0.0012
 j =15/2+  (   k15/2)  0.54     36.0257      0.0000     -0.0069
 j =15/2+  (   k15/2)  0.66     48.7509      0.0000     -0.1903
 j =15/2+  (   k15/2)  0.64     54.7676      0.0000     -0.0238
 j =15/2+  (   k15/2)  0.69     86.8334      0.0000     -0.0940
 j =15/2-  (   j15/2)  0.94      1.0400      0.0003     -0.5805
 j =15/2-  (   j15/2)  0.59     21.2299      0.0000     -0.0016
 j =15/2-  (   j15/2)  0.70     33.5886      0.0000     -0.2422
 j =15/2-  (   j15/2)  0.64     37.0904      0.0000     -0.0043
 j =15/2-  (   j15/2)  0.78     60.5913      0.0000     -0.0318
 j =15/2-  (   j15/2)  0.59     67.4950      0.0000     -0.1552
 j =17/2+  (   k17/2)  0.89     10.7136      0.0001     -0.4945
 j =17/2+  (   k17/2)  0.55     22.4153      0.0000     -0.0013
 j =17/2+  (   k17/2)  0.54     35.9692      0.0000     -0.0075
 j =17/2+  (   k17/2)  0.66     44.5257      0.0000     -0.1913
 j =17/2+  (   k17/2)  0.64     53.8232      0.0000     -0.0246
 j =17/2+  (   k17/2)  0.69     84.6530      0.0000     -0.0945
 j =17/2-  (   l17/2)  0.63     26.3649      0.0000     -0.0015
 j =17/2-  (   l17/2)  0.81     30.5233      0.0000     -0.4054
 j =17/2-  (   l17/2)  0.59     42.3475      0.0000     -0.0051
 j =17/2-  (   l17/2)  0.65     61.3637      0.0000     -0.1517
 j =17/2-  (   l17/2)  0.79     68.1740      0.0000     -0.0423
 j =19/2+  (   m19/2)  0.57     27.8781      0.0000     -0.0014
 j =19/2+  (   m19/2)  0.61     41.7964      0.0000     -0.0111
 j =19/2+  (   m19/2)  0.73     41.8150      0.0000     -0.3306
 j =19/2+  (   m19/2)  0.71     58.3354      0.0000     -0.0429
 j =19/2+  (   m19/2)  0.68     84.8675      0.0000     -0.0918
 j =19/2-  (   l19/2)  0.82     20.5149      0.0000     -0.4105
 j =19/2-  (   l19/2)  0.63     26.3125      0.0000     -0.0016
 j =19/2-  (   l19/2)  0.60     42.0543      0.0000     -0.0054
 j =19/2-  (   l19/2)  0.65     57.0462      0.0000     -0.1535
 j =19/2-  (   l19/2)  0.80     66.3104      0.0000     -0.0425
 j =21/2+  (   m21/2)  0.55     27.7867      0.0000     -0.0016
 j =21/2+  (   m21/2)  0.74     30.9396      0.0000     -0.3347
 j =21/2+  (   m21/2)  0.61     41.3269      0.0000     -0.0142
 j =21/2+  (   m21/2)  0.72     56.0229      0.0000     -0.0457
 j =21/2+  (   m21/2)  0.70     80.8790      0.0000     -0.0880
 j =21/2-  (   n21/2)  0.63     32.8618      0.0000     -0.0017
 j =21/2-  (   n21/2)  0.60     49.1906      0.0000     -0.0096
 j =21/2-  (   n21/2)  0.64     54.1468      0.0000     -0.2674
 j =21/2-  (   n21/2)  0.77     71.9301      0.0000     -0.0646
 j =23/2+  (   o23/2)  0.61     34.8650      0.0000     -0.0012
 j =23/2+  (   o23/2)  0.64     52.0526      0.0000     -0.0046
 j =23/2+  (   o23/2)  0.61     65.6665      0.0000     -0.2131
 j =23/2+  (   o23/2)  0.75     74.2203      0.0000     -0.0418
 j =23/2-  (   n23/2)  0.63     32.7510      0.0000     -0.0021
 j =23/2-  (   n23/2)  0.65     42.3893      0.0000     -0.2712
 j =23/2-  (   n23/2)  0.61     48.4270      0.0000     -0.0112
 j =23/2-  (   n23/2)  0.79     67.8522      0.0000     -0.0639
 j =25/2+  (   o25/2)  0.61     34.7595      0.0000     -0.0014
 j =25/2+  (   o25/2)  0.64     51.5771      0.0000     -0.0051
 j =25/2+  (   o25/2)  0.61     52.9239      0.0000     -0.2165
 j =25/2+  (   o25/2)  0.77     70.6398      0.0000     -0.0417
 j =25/2-  (   P25/2)  0.67     41.3096      0.0000     -0.0026
 j =25/2-  (   P25/2)  0.80     57.9171      0.0000     -0.0341
 j =25/2-  (   P25/2)  0.75     73.8334      0.0000     -0.1211
 j =27/2+  (   q27/2)  0.68     43.6612      0.0000     -0.0017
 j =27/2+  (   q27/2)  0.80     62.5993      0.0000     -0.0135
 j =27/2+  (   q27/2)  0.71     79.4296      0.0000     -0.0925
 j =27/2-  (   P27/2)  0.77     41.7798      0.0000     -0.0007
 j =27/2-  (   P27/2)  0.62     58.5134      0.0000     -0.1459
 j =27/2-  (   P27/2)  0.70     59.7814      0.0000     -0.0123
 j =29/2+  (   q29/2)  0.64     43.4363      0.0000     -0.0029
 j =29/2+  (   q29/2)  0.80     60.5908      0.0000     -0.0276
 j =29/2+  (   q29/2)  0.79     70.5956      0.0000     -0.0784
 j =29/2-  (   r29/2)  0.76     52.6290      0.0000     -0.0014
 j =29/2-  (   r29/2)  0.75     73.9292      0.0000     -0.0389
 j =31/2+  (   S31/2)  0.76     55.2766      0.0000     -0.0010
 j =31/2+  (   S31/2)  0.75     79.1044      0.0000     -0.0228
 j =31/2-  (   r31/2)  0.75     52.3876      0.0000     -0.0016
 j =31/2-  (   r31/2)  0.74     69.1477      0.0000     -0.0389
 j =33/2+  (   S33/2)  0.74     55.0735      0.0000     -0.0011
 j =33/2+  (   S33/2)  0.74     75.4559      0.0000     -0.0228
 j =33/2-  (   t33/2)  0.98     68.6467      0.0000     -0.0040
 j =35/2+  (   u35/2)  0.98     71.9376      0.0000     -0.0022
 j =35/2-  (   t35/2)  0.98     67.8120      0.0000     -0.0040
 j =37/2+  (   u37/2)  0.98     71.3525      0.0000     -0.0022
  ****** END CANON **********************************
  ****** BEGIN RESU *********************************
   ****** BEGIN EXPECT *******

                            neutron        proton         total
 particle number           160.000000      80.000000     240.000000
 trace scalar density      152.733012      77.204913     229.937925
 lambda                     -2.166357     -14.981711
 spk                        21.048695      -6.208432
 rms-Radius                  6.110062       5.706746       5.978647
 charge-Radius                              5.762547
 Particle Energ          -3331.810650   -2282.287085   -5614.097735
 Selfconsistency Test.                                     0.000014

 Kinetic Energy           2371.003846     873.871459    3244.875305
 E-scsc                                               -35319.764268
 E-scve                                                29368.621951
 E-vesc                                                    0.000000
 E-veve                                                  266.905404
 E-rearrang.                                            1004.293819
 Coulomb direct                                          752.603476
 Pairing Energy            -26.235383      -4.641841     -30.877224
 Sum without E-cm                                      -1717.635356
DE-cm <P**2>/2M            -13.543125      -5.052747     -18.595872
NE-cm <P**2>/2M             10.376826       3.198625      13.575451
 E-cm <P**2>/2M             -3.166300      -1.854121      -5.020421
 Total Energy                                          -1722.655777
 E/A                                                      -7.177732

  ****** END EXPECT *********************************


 quasi-particle properties Neutron:
 ------------------------------------------------------------------
     p/h    l j     [nr,l,j]  smax       Eqp       uu       vv
   1  p   1s 1/2   ( 4s  1/2) 0.84     1.775     0.930     0.070
   2  p   2s 1/2   ( 6s  1/2) 0.49     6.585     0.996     0.004
   3  p   3s 1/2   ( 5s  1/2) 0.70    14.948     0.991     0.009
   4  h   4s 1/2   ( 3s  1/2) 0.93    16.984     0.012     0.988
   5  p   5s 1/2   ( 6s  1/2) 0.58    26.940     1.000     0.000
   6  h   6s 1/2   ( 2s  1/2) 0.86    38.652     0.002     0.998
   7  p   7s 1/2   ( 7s  1/2) 0.54    41.224     0.999     0.001
   8  h   8s 1/2   ( 1s  1/2) 0.91    56.023     0.000     1.000
   9  p   9s 1/2   ( 8s  1/2) 0.62    59.602     1.000     0.000
  10  p  10s 1/2   ( 9s  1/2) 0.64    88.866     1.000     0.000
  11  p   1p 1/2   ( 4p  1/2) 0.60     5.088     0.998     0.002
  12  h   2p 1/2   ( 3p  1/2) 0.96     7.156     0.014     0.986
  13  p   3p 1/2   ( 4p  1/2) 0.71    11.501     0.998     0.002
  14  p   4p 1/2   ( 5p  1/2) 0.71    21.950     0.999     0.001
  15  h   5p 1/2   ( 2p  1/2) 0.93    29.212     0.002     0.998
  16  p   6p 1/2   ( 6p  1/2) 0.64    35.888     1.000     0.000
  17  h   7p 1/2   ( 1p  1/2) 0.95    50.391     0.000     1.000
  18  p   8p 1/2   ( 7p  1/2) 0.66    53.413     1.000     0.000
  19  p   9p 1/2   ( 8p  1/2) 0.64    81.394     1.000     0.000
  20  p   1d 3/2   ( 3d  3/2) 0.87     1.694     0.877     0.123
  21  p   2d 3/2   ( 5d  3/2) 0.49     6.903     0.997     0.003
  22  p   3d 3/2   ( 4d  3/2) 0.72    15.189     0.998     0.002
  23  h   4d 3/2   ( 2d  3/2) 0.96    18.969     0.004     0.996
  24  p   5d 3/2   ( 5d  3/2) 0.61    26.865     1.000     0.000
  25  p   6d 3/2   ( 6d  3/2) 0.56    41.169     0.999     0.001
  26  h   7d 3/2   ( 1d  3/2) 0.97    42.793     0.002     0.998
  27  p   8d 3/2   ( 7d  3/2) 0.63    59.551     1.000     0.000
  28  p   9d 3/2   ( 8d  3/2) 0.64    88.512     1.000     0.000
  29  p   1p 3/2   ( 4p  3/2) 0.60     5.063     0.998     0.002
  30  h   2p 3/2   ( 3p  3/2) 0.95     7.495     0.013     0.987
  31  p   3p 3/2   ( 4p  3/2) 0.70    11.445     0.998     0.002
  32  p   4p 3/2   ( 5p  3/2) 0.70    21.948     0.999     0.001
  33  h   5p 3/2   ( 2p  3/2) 0.91    29.592     0.002     0.998
  34  p   6p 3/2   ( 6p  3/2) 0.63    35.871     1.000     0.000
  35  h   7p 3/2   ( 1p  3/2) 0.94    50.575     0.000     1.000
  36  p   8p 3/2   ( 7p  3/2) 0.65    53.299     1.000     0.000
  37  p   9p 3/2   ( 8p  3/2) 0.64    81.916     1.000     0.000
  38  p   1d 5/2   ( 3d  5/2) 0.83     1.351     0.780     0.220
  39  p   2d 5/2   ( 5d  5/2) 0.51     6.777     0.997     0.003
  40  p   3d 5/2   ( 4d  5/2) 0.72    14.997     0.999     0.001
  41  h   4d 5/2   ( 2d  5/2) 0.95    20.120     0.003     0.997
  42  p   5d 5/2   ( 5d  5/2) 0.61    26.709     1.000     0.000
  43  p   6d 5/2   ( 6d  5/2) 0.55    40.974     0.999     0.001
  44  h   7d 5/2   ( 1d  5/2) 0.96    43.609     0.001     0.999
  45  p   8d 5/2   ( 7d  5/2) 0.62    59.206     1.000     0.000
  46  p   9d 5/2   ( 8d  5/2) 0.64    89.071     1.000     0.000
  47  p   1f 5/2   ( 3f  5/2) 0.67     6.066     0.998     0.002
  48  h   2f 5/2   ( 2f  5/2) 0.97     8.875     0.017     0.983
  49  p   3f 5/2   ( 3f  5/2) 0.68    11.515     0.991     0.009
  50  p   4f 5/2   ( 4f  5/2) 0.74    21.742     0.999     0.001
  51  h   5f 5/2   ( 1f  5/2) 0.98    33.912     0.003     0.997
  52  p   6f 5/2   ( 5f  5/2) 0.67    35.789     0.998     0.002
  53  p   7f 5/2   ( 6f  5/2) 0.68    53.120     1.000     0.000
  54  p   8f 5/2   ( 7f  5/2) 0.64    80.963     1.000     0.000
  55  p   1g 7/2   ( 2g  7/2) 0.78     1.445     0.647     0.353
  56  p   2g 7/2   ( 4g  7/2) 0.49     8.148     0.999     0.001
  57  p   3g 7/2   ( 3g  7/2) 0.75    15.833     1.000     0.000
  58  h   4g 7/2   ( 1g  7/2) 0.98    24.137     0.003     0.997
  59  p   5g 7/2   ( 4g  7/2) 0.67    26.606     0.999     0.001
  60  p   6g 7/2   ( 5g  7/2) 0.60    40.807     1.000     0.000
  61  p   7g 7/2   ( 6g  7/2) 0.65    59.086     1.000     0.000
  62  p   8g 7/2   ( 7g  7/2) 0.65    87.730     1.000     0.000
  63  p   1f 7/2   ( 3f  7/2) 0.71     5.833     0.998     0.002
  64  h   2f 7/2   ( 2f  7/2) 0.83    10.621     0.276     0.724
  65  p   3f 7/2   ( 3f  7/2) 0.55    11.115     0.729     0.271
  66  p   4f 7/2   ( 4f  7/2) 0.73    21.376     0.999     0.001
  67  p   5f 7/2   ( 5f  7/2) 0.65    35.297     0.962     0.038
  68  h   6f 7/2   ( 1f  7/2) 0.96    35.691     0.039     0.961
  69  p   7f 7/2   ( 6f  7/2) 0.67    52.399     1.000     0.000
  70  p   8f 7/2   ( 7f  7/2) 0.64    81.222     1.000     0.000
  71  h   1g 9/2   ( 2g  9/2) 0.93     2.246     0.105     0.895
  72  p   2g 9/2   ( 3g  9/2) 0.50     7.960     0.999     0.001
  73  p   3g 9/2   ( 3g  9/2) 0.75    15.224     1.000     0.000
  74  p   4g 9/2   ( 4g  9/2) 0.67    25.962     0.993     0.007
  75  h   5g 9/2   ( 1g  9/2) 0.98    27.127     0.008     0.992
  76  p   6g 9/2   ( 5g  9/2) 0.60    40.070     1.000     0.000
  77  p   7g 9/2   ( 6g  9/2) 0.64    57.991     1.000     0.000
  78  p   8g 9/2   ( 7g  9/2) 0.64    87.644     1.000     0.000
  79  p   1h 9/2   ( 2h  9/2) 0.85     7.491     0.995     0.005
  80  p   2h 9/2   ( 2h  9/2) 0.47    11.705     0.985     0.015
  81  h   3h 9/2   ( 1h  9/2) 0.97    13.864     0.019     0.981
  82  p   4h 9/2   ( 3h  9/2) 0.76    22.105     0.999     0.001
  83  p   5h 9/2   ( 4h  9/2) 0.70    35.719     1.000     0.000
  84  p   6h 9/2   ( 5h  9/2) 0.70    52.506     1.000     0.000
  85  p   7h 9/2   ( 6h  9/2) 0.64    79.773     1.000     0.000
  86  h   1i11/2   ( 1i 11/2) 0.96     3.573     0.044     0.956
  87  p   2i11/2   ( 2i 11/2) 0.52    10.664     1.000     0.000
  88  p   3i11/2   ( 2i 11/2) 0.78    16.535     0.999     0.001
  89  p   4i11/2   ( 3i 11/2) 0.73    26.283     1.000     0.000
  90  p   5i11/2   ( 4i 11/2) 0.64    40.685     1.000     0.000
  91  p   6i11/2   ( 5i 11/2) 0.67    58.527     1.000     0.000
  92  p   7i11/2   ( 6i 11/2) 0.65    86.379     1.000     0.000
  93  p   1h11/2   ( 2h 11/2) 0.94     6.014     0.992     0.008
  94  p   2h11/2   ( 4h 11/2) 0.53    10.883     0.999     0.001
  95  h   3h11/2   ( 1h 11/2) 0.98    18.224     0.005     0.995
  96  p   4h11/2   ( 3h 11/2) 0.76    21.305     0.998     0.002
  97  p   5h11/2   ( 4h 11/2) 0.71    34.628     1.000     0.000
  98  p   6h11/2   ( 5h 11/2) 0.69    50.995     1.000     0.000
  99  p   7h11/2   ( 6h 11/2) 0.64    79.103     1.000     0.000
 100  h   1i13/2   ( 1i 13/2) 0.97     9.209     0.011     0.989
 101  p   2i13/2   ( 2i 13/2) 0.61    10.364     0.996     0.004
 102  p   3i13/2   ( 2i 13/2) 0.74    15.051     0.998     0.002
 103  p   4i13/2   ( 3i 13/2) 0.75    25.079     1.000     0.000
 104  p   5i13/2   ( 4i 13/2) 0.66    39.339     1.000     0.000
 105  p   6i13/2   ( 5i 13/2) 0.67    56.534     1.000     0.000
 106  p   7i13/2   ( 6i 13/2) 0.64    85.288     1.000     0.000
 107  p   1j13/2   ( 1j 13/2) 0.97     6.904     0.990     0.010
 108  p   2j13/2   ( 3j 13/2) 0.51    13.792     1.000     0.000
 109  p   3j13/2   ( 2j 13/2) 0.79    22.932     1.000     0.000
 110  p   4j13/2   ( 3j 13/2) 0.75    35.068     1.000     0.000
 111  p   5j13/2   ( 4j 13/2) 0.72    51.726     1.000     0.000
 112  p   6j13/2   ( 6j 13/2) 0.65    78.380     1.000     0.000
 113  p   1k15/2   ( 1k 15/2) 0.68    14.468     0.999     0.001
 114  p   2k15/2   ( 1k 15/2) 0.70    17.240     0.999     0.001
 115  p   3k15/2   ( 2k 15/2) 0.78    27.161     1.000     0.000
 116  p   4k15/2   ( 3k 15/2) 0.70    40.373     1.000     0.000
 117  p   5k15/2   ( 4k 15/2) 0.70    57.136     1.000     0.000
 118  p   6k15/2   ( 5k 15/2) 0.65    84.686     1.000     0.000
 119  h   1j15/2   ( 1j 15/2) 0.71     1.400     0.465     0.535
 120  p   2j15/2   ( 2j 15/2) 0.55    13.447     1.000     0.000
 121  p   3j15/2   ( 2j 15/2) 0.78    21.510     1.000     0.000
 122  p   4j15/2   ( 3j 15/2) 0.76    33.351     1.000     0.000
 123  p   5j15/2   ( 4j 15/2) 0.72    49.325     1.000     0.000
 124  p   6j15/2   ( 6j 15/2) 0.65    76.515     1.000     0.000
 125  p   1k17/2   ( 1k 17/2) 0.98     8.699     0.995     0.005
 126  p   2k17/2   ( 3k 17/2) 0.52    15.524     1.000     0.000
 127  p   3k17/2   ( 2k 17/2) 0.79    25.537     1.000     0.000
 128  p   4k17/2   ( 3k 17/2) 0.74    38.328     1.000     0.000
 129  p   5k17/2   ( 4k 17/2) 0.71    54.285     1.000     0.000
 130  p   6k17/2   ( 5k 17/2) 0.64    82.282     1.000     0.000
 131  p   1l17/2   ( 3l 17/2) 0.53    18.518     1.000     0.000
 132  p   2l17/2   ( 1l 17/2) 0.85    24.971     1.000     0.000
 133  p   3l17/2   ( 2l 17/2) 0.78    35.414     1.000     0.000
 134  p   4l17/2   ( 3l 17/2) 0.74    51.428     1.000     0.000
 135  p   5l17/2   ( 5l 17/2) 0.67    75.567     1.000     0.000
 136  p   1m19/2   ( 3m 19/2) 0.56    20.814     1.000     0.000
 137  p   2m19/2   ( 1m 19/2) 0.84    30.461     1.000     0.000
 138  p   3m19/2   ( 2m 19/2) 0.73    40.619     1.000     0.000
 139  p   4m19/2   ( 3m 19/2) 0.72    57.218     1.000     0.000
 140  p   5m19/2   ( 4m 19/2) 0.65    81.778     1.000     0.000
 141  p   1l19/2   ( 1l 19/2) 0.92    16.471     0.999     0.001
 142  p   2l19/2   ( 2l 19/2) 0.57    19.794     1.000     0.000
 143  p   3l19/2   ( 2l 19/2) 0.76    32.940     1.000     0.000
 144  p   4l19/2   ( 3l 19/2) 0.75    47.735     1.000     0.000
 145  p   5l19/2   ( 5l 19/2) 0.69    72.293     1.000     0.000
 146  p   1m21/2   ( 3m 21/2) 0.54    20.593     1.000     0.000
 147  p   2m21/2   ( 1m 21/2) 0.86    25.462     1.000     0.000
 148  p   3m21/2   ( 2m 21/2) 0.79    36.747     1.000     0.000
 149  p   4m21/2   ( 3m 21/2) 0.75    52.646     1.000     0.000
 150  p   5m21/2   ( 5m 21/2) 0.67    77.590     1.000     0.000
 151  p   1n21/2   ( 2n 21/2) 0.59    25.418     1.000     0.000
 152  p   2n21/2   ( 1n 21/2) 0.83    37.938     1.000     0.000
 153  p   3n21/2   ( 2n 21/2) 0.75    51.173     1.000     0.000
 154  p   4n21/2   ( 4n 21/2) 0.68    74.250     1.000     0.000
 155  p   1o23/2   ( 2o 23/2) 0.60    27.779     1.000     0.000
 156  p   2o23/2   ( 1o 23/2) 0.80    41.962     1.000     0.000
 157  p   3o23/2   ( 2o 23/2) 0.73    56.556     1.000     0.000
 158  p   4o23/2   ( 4o 23/2) 0.66    80.546     1.000     0.000
 159  p   1n23/2   ( 3n 23/2) 0.55    25.123     1.000     0.000
 160  p   2n23/2   ( 1n 23/2) 0.83    34.000     1.000     0.000
 161  p   3n23/2   ( 2n 23/2) 0.73    45.319     1.000     0.000
 162  p   4n23/2   ( 4n 23/2) 0.74    67.546     1.000     0.000
 163  p   1o25/2   ( 2o 25/2) 0.58    27.645     1.000     0.000
 164  p   2o25/2   ( 1o 25/2) 0.86    39.726     1.000     0.000
 165  p   3o25/2   ( 2o 25/2) 0.77    50.286     1.000     0.000
 166  p   4o25/2   ( 4o 25/2) 0.73    72.236     1.000     0.000
 167  p   1P25/2   ( 2P 25/2) 0.68    33.921     1.000     0.000
 168  p   2P25/2   ( 1P 25/2) 0.78    51.171     1.000     0.000
 169  p   3P25/2   ( 3P 25/2) 0.71    71.951     1.000     0.000
 170  p   1q27/2   ( 2q 27/2) 0.68    36.486     1.000     0.000
 171  p   2q27/2   ( 1q 27/2) 0.78    55.086     1.000     0.000
 172  p   3q27/2   ( 3q 27/2) 0.69    77.213     1.000     0.000
 173  p   1P27/2   ( 2P 27/2) 0.64    33.719     1.000     0.000
 174  p   2P27/2   ( 1P 27/2) 0.78    48.416     1.000     0.000
 175  p   3P27/2   ( 3P 27/2) 0.79    62.208     1.000     0.000
 176  p   1q29/2   ( 2q 29/2) 0.66    36.330     1.000     0.000
 177  p   2q29/2   ( 1q 29/2) 0.79    53.517     1.000     0.000
 178  p   3q29/2   ( 3q 29/2) 0.75    67.713     1.000     0.000
 179  p   1r29/2   ( 1r 29/2) 0.78    44.979     1.000     0.000
 180  p   2r29/2   ( 2r 29/2) 0.77    68.588     1.000     0.000
 181  p   1S31/2   ( 1S 31/2) 0.78    47.813     1.000     0.000
 182  p   2S31/2   ( 2S 31/2) 0.77    72.911     1.000     0.000
 183  p   1r31/2   ( 1r 31/2) 0.77    44.779     1.000     0.000
 184  p   2r31/2   ( 2r 31/2) 0.76    63.642     1.000     0.000
 185  p   1S33/2   ( 1S 33/2) 0.77    47.652     1.000     0.000
 186  p   2S33/2   ( 2S 33/2) 0.76    69.123     1.000     0.000
 187  p   1t33/2   ( 1t 33/2) 0.98    60.911     1.000     0.000
 188  p   1u35/2   ( 1u 35/2) 0.98    64.183     1.000     0.000
 189  p   1t35/2   ( 1t 35/2) 0.98    60.064     1.000     0.000
 190  p   1u37/2   ( 1u 37/2) 0.98    63.597     1.000     0.000


 quasi-particle properties Proton: 
 ------------------------------------------------------------------
     p/h    l j     [nr,l,j]  smax       Eqp       uu       vv
   1  p   1s 1/2   ( 3s  1/2) 0.75     1.178     0.689     0.311
   2  h   2s 1/2   ( 2s  1/2) 0.78    20.280     0.036     0.964
   3  p   3s 1/2   ( 4s  1/2) 0.93    21.638     0.965     0.035
   4  p   4s 1/2   ( 6s  1/2) 0.50    27.768     1.000     0.000
   5  p   5s 1/2   ( 5s  1/2) 0.74    36.029     0.999     0.001
   6  h   6s 1/2   ( 1s  1/2) 0.87    37.069     0.001     0.999
   7  p   7s 1/2   ( 6s  1/2) 0.65    47.749     1.000     0.000
   8  p   8s 1/2   ( 7s  1/2) 0.59    61.655     1.000     0.000
   9  p   9s 1/2   ( 8s  1/2) 0.64    79.144     1.000     0.000
  11  p   1p 1/2   ( 3p  1/2) 0.95    10.896     0.991     0.009
  12  h   2p 1/2   ( 2p  1/2) 0.89    11.093     0.010     0.990
  13  p   3p 1/2   ( 4p  1/2) 0.66    27.042     1.000     0.000
  14  p   4p 1/2   ( 4p  1/2) 0.52    31.927     0.584     0.416
  15  h   5p 1/2   ( 1p  1/2) 0.71    32.001     0.416     0.584
  16  p   6p 1/2   ( 5p  1/2) 0.75    42.723     1.000     0.000
  17  p   7p 1/2   ( 6p  1/2) 0.68    56.436     1.000     0.000
  18  p   8p 1/2   ( 7p  1/2) 0.68    72.906     1.000     0.000
  20  h   1d 3/2   ( 2d  3/2) 0.90     1.546     0.078     0.922
  21  p   2d 3/2   ( 3d  3/2) 0.97    20.778     1.000     0.000
  22  h   3d 3/2   ( 1d  3/2) 0.96    24.942     0.001     0.999
  23  p   4d 3/2   ( 5d  3/2) 0.49    28.352     1.000     0.000
  24  p   5d 3/2   ( 4d  3/2) 0.76    36.307     1.000     0.000
  25  p   6d 3/2   ( 5d  3/2) 0.68    47.601     1.000     0.000
  26  p   7d 3/2   ( 6d  3/2) 0.61    61.569     1.000     0.000
  27  p   8d 3/2   ( 7d  3/2) 0.65    79.009     1.000     0.000
  29  p   1p 3/2   ( 3p  3/2) 0.94    10.674     0.998     0.002
  30  h   2p 3/2   ( 2p  3/2) 0.87    11.536     0.003     0.997
  31  p   3p 3/2   ( 4p  3/2) 0.66    27.015     1.000     0.000
  32  p   4p 3/2   ( 4p  3/2) 0.68    31.898     0.991     0.009
  33  h   5p 3/2   ( 1p  3/2) 0.91    32.312     0.010     0.990
  34  p   6p 3/2   ( 5p  3/2) 0.74    42.742     1.000     0.000
  35  p   7p 3/2   ( 6p  3/2) 0.67    56.432     1.000     0.000
  36  p   8p 3/2   ( 7p  3/2) 0.67    72.813     1.000     0.000
  38  h   1d 5/2   ( 2d  5/2) 0.91     2.665     0.024     0.976
  39  p   2d 5/2   ( 3d  5/2) 0.96    20.257     1.000     0.000
  40  h   3d 5/2   ( 1d  5/2) 0.94    25.988     0.001     0.999
  41  p   4d 5/2   ( 5d  5/2) 0.50    28.307     1.000     0.000
  42  p   5d 5/2   ( 4d  5/2) 0.76    36.139     1.000     0.000
  43  p   6d 5/2   ( 5d  5/2) 0.67    47.476     1.000     0.000
  44  p   7d 5/2   ( 6d  5/2) 0.60    61.431     1.000     0.000
  45  p   8d 5/2   ( 7d  5/2) 0.64    78.726     1.000     0.000
  47  p   1f 5/2   ( 2f  5/2) 0.97     8.498     0.998     0.002
  48  h   2f 5/2   ( 1f  5/2) 0.98    16.575     0.001     0.999
  49  p   3f 5/2   ( 3f  5/2) 0.78    27.882     1.000     0.000
  50  p   4f 5/2   ( 3f  5/2) 0.58    31.886     1.000     0.000
  51  p   5f 5/2   ( 4f  5/2) 0.77    42.801     1.000     0.000
  52  p   6f 5/2   ( 5f  5/2) 0.70    56.479     1.000     0.000
  53  p   7f 5/2   ( 6f  5/2) 0.69    72.704     1.000     0.000
  55  h   1g 7/2   ( 1g  7/2) 0.98     7.278     0.003     0.997
  56  p   2g 7/2   ( 2g  7/2) 0.98    18.030     1.000     0.000
  57  p   3g 7/2   ( 3g  7/2) 0.47    29.946     1.000     0.000
  58  p   4g 7/2   ( 3g  7/2) 0.79    36.895     1.000     0.000
  59  p   5g 7/2   ( 4g  7/2) 0.73    47.249     1.000     0.000
  60  p   6g 7/2   ( 5g  7/2) 0.64    61.475     1.000     0.000
  61  p   7g 7/2   ( 6g  7/2) 0.66    78.648     1.000     0.000
  63  p   1f 7/2   ( 2f  7/2) 0.95     6.624     0.998     0.002
  64  h   2f 7/2   ( 1f  7/2) 0.96    18.632     0.001     0.999
  65  p   3f 7/2   ( 3f  7/2) 0.83    27.488     1.000     0.000
  66  p   4f 7/2   ( 3f  7/2) 0.50    31.423     1.000     0.000
  67  p   5f 7/2   ( 4f  7/2) 0.76    42.522     1.000     0.000
  68  p   6f 7/2   ( 5f  7/2) 0.70    56.078     1.000     0.000
  69  p   7f 7/2   ( 6f  7/2) 0.68    72.084     1.000     0.000
  71  h   1g 9/2   ( 1g  9/2) 0.98    10.592     0.002     0.998
  72  p   2g 9/2   ( 2g  9/2) 0.97    15.787     1.000     0.000
  73  p   3g 9/2   ( 3g  9/2) 0.50    29.836     1.000     0.000
  74  p   4g 9/2   ( 3g  9/2) 0.79    36.167     1.000     0.000
  75  p   5g 9/2   ( 4g  9/2) 0.73    46.622     1.000     0.000
  76  p   6g 9/2   ( 5g  9/2) 0.64    60.838     1.000     0.000
  77  p   7g 9/2   ( 6g  9/2) 0.66    77.653     1.000     0.000
  79  p   1h 9/2   ( 1h  9/2) 0.97     2.784     0.982     0.018
  80  p   2h 9/2   ( 2h  9/2) 0.97    26.962     1.000     0.000
  81  p   3h 9/2   ( 4h  9/2) 0.52    32.548     1.000     0.000
  82  p   4h 9/2   ( 3h  9/2) 0.78    43.200     1.000     0.000
  83  p   5h 9/2   ( 4h  9/2) 0.74    56.219     1.000     0.000
  84  p   6h 9/2   ( 5h  9/2) 0.71    72.030     1.000     0.000
  85  p   7h 9/2   ( 6h  9/2) 0.64    99.443     1.000     0.000
  86  p   1i11/2   ( 1i 11/2) 0.97    12.867     0.999     0.001
  87  p   2i11/2   ( 2i 11/2) 0.59    32.551     1.000     0.000
  88  p   3i11/2   ( 2i 11/2) 0.77    36.457     1.000     0.000
  89  p   4i11/2   ( 3i 11/2) 0.79    46.770     1.000     0.000
  90  p   5i11/2   ( 4i 11/2) 0.70    61.197     1.000     0.000
  91  p   6i11/2   ( 5i 11/2) 0.69    77.729     1.000     0.000
  93  h   1h11/2   ( 1h 11/2) 0.96     2.196     0.031     0.969
  94  p   2h11/2   ( 2h 11/2) 0.98    24.785     1.000     0.000
  95  p   3h11/2   ( 4h 11/2) 0.53    32.266     1.000     0.000
  96  p   4h11/2   ( 3h 11/2) 0.78    42.455     1.000     0.000
  97  p   5h11/2   ( 4h 11/2) 0.75    55.165     1.000     0.000
  98  p   6h11/2   ( 5h 11/2) 0.71    70.648     1.000     0.000
  99  p   7h11/2   ( 6h 11/2) 0.64    98.842     1.000     0.000
 100  p   1i13/2   ( 1i 13/2) 0.97     6.722     0.998     0.002
 101  p   2i13/2   ( 2i 13/2) 0.78    31.938     1.000     0.000
 102  p   3i13/2   ( 2i 13/2) 0.58    34.850     1.000     0.000
 103  p   4i13/2   ( 3i 13/2) 0.79    45.859     1.000     0.000
 104  p   5i13/2   ( 4i 13/2) 0.71    59.990     1.000     0.000
 105  p   6i13/2   ( 5i 13/2) 0.69    75.880     1.000     0.000
 107  p   1j13/2   ( 1j 13/2) 0.97    22.949     1.000     0.000
 108  p   2j13/2   ( 4j 13/2) 0.51    35.753     1.000     0.000
 109  p   3j13/2   ( 2j 13/2) 0.82    43.861     1.000     0.000
 110  p   4j13/2   ( 3j 13/2) 0.79    55.275     1.000     0.000
 111  p   5j13/2   ( 4j 13/2) 0.74    71.102     1.000     0.000
 112  p   6j13/2   ( 6j 13/2) 0.66    97.178     1.000     0.000
 113  p   1k15/2   ( 1k 15/2) 0.97    32.590     1.000     0.000
 114  p   2k15/2   ( 4k 15/2) 0.53    37.549     1.000     0.000
 115  p   3k15/2   ( 2k 15/2) 0.81    48.495     1.000     0.000
 116  p   4k15/2   ( 3k 15/2) 0.76    60.720     1.000     0.000
 117  p   5k15/2   ( 4k 15/2) 0.73    76.393     1.000     0.000
 119  p   1j15/2   ( 1j 15/2) 0.97    15.646     1.000     0.000
 120  p   2j15/2   ( 2j 15/2) 0.55    35.493     1.000     0.000
 121  p   3j15/2   ( 2j 15/2) 0.79    42.017     1.000     0.000
 122  p   4j15/2   ( 3j 15/2) 0.78    53.888     1.000     0.000
 123  p   5j15/2   ( 4j 15/2) 0.74    69.045     1.000     0.000
 124  p   6j15/2   ( 6j 15/2) 0.66    95.292     1.000     0.000
 125  p   1k17/2   ( 1k 17/2) 0.96    24.613     1.000     0.000
 126  p   2k17/2   ( 4k 17/2) 0.52    37.325     1.000     0.000
 127  p   3k17/2   ( 2k 17/2) 0.82    46.908     1.000     0.000
 128  p   4k17/2   ( 3k 17/2) 0.78    58.758     1.000     0.000
 129  p   5k17/2   ( 4k 17/2) 0.73    73.975     1.000     0.000
 131  p   1l17/2   ( 1l 17/2) 0.72    40.124     1.000     0.000
 132  p   2l17/2   ( 1l 17/2) 0.66    43.064     1.000     0.000
 133  p   3l17/2   ( 2l 17/2) 0.79    56.268     1.000     0.000
 134  p   4l17/2   ( 3l 17/2) 0.76    70.897     1.000     0.000
 135  p   5l17/2   ( 5l 17/2) 0.69    93.883     1.000     0.000
 136  p   1m19/2   ( 3m 19/2) 0.56    42.764     1.000     0.000
 137  p   2m19/2   ( 1m 19/2) 0.91    50.114     1.000     0.000
 138  p   3m19/2   ( 2m 19/2) 0.80    60.381     1.000     0.000
 139  p   4m19/2   ( 3m 19/2) 0.75    76.600     1.000     0.000
 141  p   1l19/2   ( 1l 19/2) 0.95    33.463     1.000     0.000
 142  p   2l19/2   ( 2l 19/2) 0.57    41.124     1.000     0.000
 143  p   3l19/2   ( 2l 19/2) 0.75    54.600     1.000     0.000
 144  p   4l19/2   ( 3l 19/2) 0.76    67.546     1.000     0.000
 145  p   5l19/2   ( 5l 19/2) 0.70    90.813     1.000     0.000
 146  p   1m21/2   ( 1m 21/2) 0.87    41.779     1.000     0.000
 147  p   2m21/2   ( 2m 21/2) 0.58    43.438     1.000     0.000
 148  p   3m21/2   ( 2m 21/2) 0.77    58.097     1.000     0.000
 149  p   4m21/2   ( 3m 21/2) 0.76    72.713     1.000     0.000
 150  p   5m21/2   ( 5m 21/2) 0.69    96.040     1.000     0.000
 151  p   1n21/2   ( 3n 21/2) 0.58    47.589     1.000     0.000
 152  p   2n21/2   ( 1n 21/2) 0.87    58.696     1.000     0.000
 153  p   3n21/2   ( 2n 21/2) 0.76    69.814     1.000     0.000
 154  p   4n21/2   ( 4n 21/2) 0.71    92.340     1.000     0.000
 155  p   1o23/2   ( 3o 23/2) 0.59    49.778     1.000     0.000
 156  p   2o23/2   ( 1o 23/2) 0.86    64.010     1.000     0.000
 157  p   3o23/2   ( 2o 23/2) 0.77    75.215     1.000     0.000
 158  p   4o23/2   ( 4o 23/2) 0.69    98.134     1.000     0.000
 159  p   1n23/2   ( 1n 23/2) 0.63    47.013     1.000     0.000
 160  p   2n23/2   ( 1n 23/2) 0.72    52.642     1.000     0.000
 161  p   3n23/2   ( 2n 23/2) 0.66    65.920     1.000     0.000
 162  p   4n23/2   ( 4n 23/2) 0.76    86.081     1.000     0.000
 163  p   1o25/2   ( 3o 25/2) 0.59    49.605     1.000     0.000
 164  p   2o25/2   ( 1o 25/2) 0.86    59.900     1.000     0.000
 165  p   3o25/2   ( 2o 25/2) 0.72    70.026     1.000     0.000
 166  p   4o25/2   ( 4o 25/2) 0.75    90.690     1.000     0.000
 167  p   1P25/2   ( 2P 25/2) 0.67    56.291     1.000     0.000
 168  p   2P25/2   ( 1P 25/2) 0.80    72.899     1.000     0.000
 169  p   3P25/2   ( 3P 25/2) 0.75    88.815     1.000     0.000
 170  p   1q27/2   ( 2q 27/2) 0.68    58.643     1.000     0.000
 171  p   2q27/2   ( 1q 27/2) 0.80    77.581     1.000     0.000
 172  p   3q27/2   ( 3q 27/2) 0.71    94.411     1.000     0.000
 173  p   1P27/2   ( 2P 27/2) 0.61    55.989     1.000     0.000
 174  p   2P27/2   ( 1P 27/2) 0.76    68.993     1.000     0.000
 175  p   3P27/2   ( 3P 27/2) 0.83    80.450     1.000     0.000
 176  p   1q29/2   ( 2q 29/2) 0.64    58.418     1.000     0.000
 177  p   2q29/2   ( 1q 29/2) 0.80    75.573     1.000     0.000
 178  p   3q29/2   ( 3q 29/2) 0.79    85.577     1.000     0.000
 179  p   1r29/2   ( 1r 29/2) 0.76    67.611     1.000     0.000
 180  p   2r29/2   ( 2r 29/2) 0.75    88.911     1.000     0.000
 181  p   1S31/2   ( 1S 31/2) 0.76    70.258     1.000     0.000
 182  p   2S31/2   ( 2S 31/2) 0.75    94.086     1.000     0.000
 183  p   1r31/2   ( 1r 31/2) 0.75    67.369     1.000     0.000
 184  p   2r31/2   ( 2r 31/2) 0.74    84.129     1.000     0.000
 185  p   1S33/2   ( 1S 33/2) 0.74    70.055     1.000     0.000
 186  p   2S33/2   ( 2S 33/2) 0.74    90.438     1.000     0.000
 187  p   1t33/2   ( 1t 33/2) 0.98    83.628     1.000     0.000
 188  p   1u35/2   ( 1u 35/2) 0.98    86.919     1.000     0.000
 189  p   1t35/2   ( 1t 35/2) 0.98    82.794     1.000     0.000
 190  p   1u37/2   ( 1u 37/2) 0.98    86.334     1.000     0.000
  ****** END RESU ***********************************
