
  ******************************************  
  *           Fortran 77 Code              *  
  *         Spherical H.O. basis            *  
  * Dirac-Hartree-Bogoliubov calculation   *  
  *        with density-dependent          *  
  * meson-exchange or point coupling force *  
  *          and separable pairing         *  
  * -------------------------------------- *  
  *      Niksic, Paar, Vretenar, Ring      *  
  *          18/ 4/2026/01:31:40           *
  *       Hg 250  N = 170  Z =  80
  ******************************************  
  ****** BEGIN READER *******************************
 Number of oscillator shells :    18   20
 Initialization inin,inink   :     0    0
 Nucleus: Hg 250   170  80
 Initial Gap Parameters      :     1.0000    1.0000
 Parameter set               :    DD-PC1    
  ****** END READER *********************************
  ****** BEGIN FORCES *******************************

 NEDF Parameters: DD-PC1    
           scasca    scavec    vecsca    vecvec
 GG   =   1.000000  1.000000  1.000000  1.000000
 DD   =  -0.814900  0.000000  0.000000  0.000000
  
 Density dependence parameters:
           scasca    scavec    vecsca    vecvec
 a    = -10.046200  5.919500  0.000000  0.000000
 b    =  -9.150400  8.863700  0.000000  1.836000
 c    =  -6.427300  0.000000  0.000000  0.000000
 d    =   1.372400  0.658400  0.000000  0.640300
 dsat =   0.152000
  
 TMR pairing: Tian,Ma,Ring, PRB 676, 44 (2009)
 TMR pairing strength    gl =:  -728.00000 [MeV*fm^3]
 TMR pairing width        a =:     0.64420 [fm]
  ****** END FORCES *********************************
  ****** BEGIN PREP *********************************
  
 hom =                            6.508344
 hb0 =                           20.734000
 b0  =                            2.524186
 with Coulomb force
 With microscopic c.m. correction
  ****** END PREP ***********************************
  potentials read from tape dirhb.wel
  ****** BEGIN ITER *********************************
  1.It. si =    0.0000000  E/A =    0.0000 R =    0.0000  mix = 0.50
  2.It. si =    1.8559782  E/A =   -6.9535 R =    6.0804  mix = 0.50
  3.It. si =    0.7366911  E/A =   -6.9533 R =    6.0818  mix = 0.50
  4.It. si =    0.3682256  E/A =   -6.9530 R =    6.0835  mix = 0.50
  5.It. si =    0.4700371  E/A =   -6.9527 R =    6.0848  mix = 0.50
  6.It. si =    0.2645266  E/A =   -6.9525 R =    6.0860  mix = 0.50
  7.It. si =    0.0210156  E/A =   -6.9524 R =    6.0863  mix = 0.50
  8.It. si =    0.0089867  E/A =   -6.9523 R =    6.0864  mix = 0.50
  9.It. si =    0.0042031  E/A =   -6.9523 R =    6.0865  mix = 0.50
 10.It. si =    0.0041499  E/A =   -6.9523 R =    6.0865  mix = 0.50
 11.It. si =    0.0036401  E/A =   -6.9523 R =    6.0865  mix = 0.50
 12.It. si =    0.0026506  E/A =   -6.9522 R =    6.0865  mix = 0.50
 13.It. si =    0.0025512  E/A =   -6.9522 R =    6.0865  mix = 0.50
 14.It. si =    0.0028558  E/A =   -6.9522 R =    6.0865  mix = 0.50
 15.It. si =    0.0030147  E/A =   -6.9522 R =    6.0865  mix = 0.50
 16.It. si =    0.0029769  E/A =   -6.9523 R =    6.0865  mix = 0.50
 17.It. si =    0.0005395  E/A =   -6.9523 R =    6.0865  mix = 0.50
 18.It. si =    0.0001078  E/A =   -6.9523 R =    6.0865  mix = 0.50
 19.It. si =    0.0000685  E/A =   -6.9523 R =    6.0865  mix = 0.50
 20.It. si =    0.0000332  E/A =   -6.9523 R =    6.0865  mix = 0.50
 21.It. si =    0.0000053  E/A =   -6.9523 R =    6.0865  mix = 0.50
 22.It. si =    0.0000045  E/A =   -6.9523 R =    6.0865  mix = 0.50
 23.It. si =    0.0000016  E/A =   -6.9523 R =    6.0865  mix = 0.50
 ********************************************************************
 Hg 250: Iteration converged after  23 steps   si =      0.0000001630
 ********************************************************************
  ****** END ITER ***********************************
  ****** BEGIN CANON ********************************
 single-particle energies and gaps  in the canonical basis: Neutron:
 ------------------------------------------------------------------
    j pi     (nr,l,j)  smax       Ecan       vvcan       decan
 j = 1/2+  (   s 1/2)  0.79    -56.4594      0.9997      1.8035
 j = 1/2+  (   s 1/2)  0.78    -40.7664      0.9995      1.6835
 j = 1/2+  (   s 1/2)  0.97    -20.2764      0.9981      1.5999
 j = 1/2+  (   s 1/2)  0.93     -0.9679      0.1651      1.0359
 j = 1/2+  (   s 1/2)  0.86      8.8006      0.0008      0.6150
 j = 1/2+  (   s 1/2)  0.82     20.4302      0.0001      0.5348
 j = 1/2+  (   s 1/2)  0.88     35.9658      0.0000      0.4005
 j = 1/2+  (   s 1/2)  0.90     39.5871      0.0000      0.0550
 j = 1/2+  (   s 1/2)  0.95     50.7841      0.0000      0.2643
 j = 1/2+  (   s 1/2)  0.89     64.5804      0.0000      0.1723
 j = 1/2-  (   p 1/2)  0.95    -51.9973      0.9997      1.7000
 j = 1/2-  (   p 1/2)  0.94    -31.0888      0.9993      1.5572
 j = 1/2-  (   p 1/2)  0.97     -9.9924      0.9917      1.4972
 j = 1/2-  (   p 1/2)  0.94      5.5948      0.0023      0.7284
 j = 1/2-  (   p 1/2)  0.88     14.8172      0.0002      0.5029
 j = 1/2-  (   p 1/2)  0.88     28.6150      0.0000      0.3961
 j = 1/2-  (   p 1/2)  0.93     41.1623      0.0000      0.0750
 j = 1/2-  (   p 1/2)  0.94     42.5087      0.0000      0.2772
 j = 1/2-  (   p 1/2)  0.93     58.8096      0.0000      0.1952
 j = 3/2+  (   d 3/2)  0.99    -44.3092      0.9997      1.5359
 j = 3/2+  (   d 3/2)  0.98    -21.7565      0.9985      1.5608
 j = 3/2+  (   d 3/2)  0.96     -1.2981      0.2696      1.1643
 j = 3/2+  (   d 3/2)  0.90      9.5554      0.0007      0.5932
 j = 3/2+  (   d 3/2)  0.84     20.5077      0.0001      0.4897
 j = 3/2+  (   d 3/2)  0.86     34.9477      0.0000      0.3416
 j = 3/2+  (   d 3/2)  0.92     41.8746      0.0000      0.0537
 j = 3/2+  (   d 3/2)  0.94     48.0946      0.0000      0.2211
 j = 3/2+  (   d 3/2)  0.91     65.0363      0.0000      0.1520
 j = 3/2-  (   p 3/2)  0.94    -52.1297      0.9997      1.7026
 j = 3/2-  (   p 3/2)  0.93    -31.4553      0.9993      1.5766
 j = 3/2-  (   p 3/2)  0.97    -10.3401      0.9924      1.4927
 j = 3/2-  (   p 3/2)  0.93      5.5021      0.0024      0.7258
 j = 3/2-  (   p 3/2)  0.87     14.7458      0.0002      0.4945
 j = 3/2-  (   p 3/2)  0.87     28.6276      0.0000      0.3942
 j = 3/2-  (   p 3/2)  0.93     41.3104      0.0000      0.0752
 j = 3/2-  (   p 3/2)  0.94     42.5431      0.0000      0.2757
 j = 3/2-  (   p 3/2)  0.93     59.0810      0.0000      0.1952
 j = 5/2+  (   d 5/2)  0.98    -44.9582      0.9997      1.5500
 j = 5/2+  (   d 5/2)  0.97    -22.9770      0.9986      1.5770
 j = 5/2+  (   d 5/2)  0.95     -1.8610      0.4820      1.1510
 j = 5/2+  (   d 5/2)  0.89      9.3837      0.0007      0.5943
 j = 5/2+  (   d 5/2)  0.84     20.0989      0.0001      0.4813
 j = 5/2+  (   d 5/2)  0.86     34.8270      0.0000      0.3410
 j = 5/2+  (   d 5/2)  0.92     42.1702      0.0000      0.0540
 j = 5/2+  (   d 5/2)  0.93     48.0091      0.0000      0.2197
 j = 5/2+  (   d 5/2)  0.91     65.2029      0.0000      0.1516
 j = 5/2-  (   f 5/2)  0.98    -35.8186      0.9996      1.4151
 j = 5/2-  (   f 5/2)  0.98    -11.7086      0.9944      1.4787
 j = 5/2-  (   f 5/2)  0.97      6.1480      0.0031      0.9044
 j = 5/2-  (   f 5/2)  0.95     16.3875      0.0002      0.5513
 j = 5/2-  (   f 5/2)  0.95     29.4763      0.0000      0.4134
 j = 5/2-  (   f 5/2)  0.93     40.6059      0.0000      0.0693
 j = 5/2-  (   f 5/2)  0.96     41.9008      0.0000      0.2674
 j = 5/2-  (   f 5/2)  0.93     56.9846      0.0000      0.1790
 j = 7/2+  (   g 7/2)  0.98    -26.6076      0.9992      1.3829
 j = 7/2+  (   g 7/2)  0.98     -2.3145      0.6528      1.2841
 j = 7/2+  (   g 7/2)  0.97     12.3352      0.0005      0.6489
 j = 7/2+  (   g 7/2)  0.96     22.2552      0.0001      0.4933
 j = 7/2+  (   g 7/2)  0.87     35.8406      0.0000      0.0443
 j = 7/2+  (   g 7/2)  0.95     37.3428      0.0000      0.3584
 j = 7/2+  (   g 7/2)  0.95     50.1071      0.0000      0.2291
 j = 7/2+  (   g 7/2)  0.85     62.3690      0.0000      0.1489
 j = 7/2-  (   f 7/2)  0.98    -37.3137      0.9996      1.4426
 j = 7/2-  (   f 7/2)  0.98    -13.6833      0.9961      1.4844
 j = 7/2-  (   f 7/2)  0.97      5.3682      0.0037      0.8943
 j = 7/2-  (   f 7/2)  0.95     15.9766      0.0002      0.5432
 j = 7/2-  (   f 7/2)  0.94     28.9231      0.0000      0.4111
 j = 7/2-  (   f 7/2)  0.93     40.6520      0.0000      0.0695
 j = 7/2-  (   f 7/2)  0.96     41.6062      0.0000      0.2661
 j = 7/2-  (   f 7/2)  0.93     57.0186      0.0000      0.1789
 j = 9/2+  (   g 9/2)  0.98    -29.3683      0.9993      1.4190
 j = 9/2+  (   g 9/2)  0.98     -4.5313      0.9490      1.2874
 j = 9/2+  (   g 9/2)  0.97     11.6700      0.0006      0.6615
 j = 9/2+  (   g 9/2)  0.96     21.8118      0.0001      0.4690
 j = 9/2+  (   g 9/2)  0.87     35.1693      0.0000      0.0433
 j = 9/2+  (   g 9/2)  0.95     36.8537      0.0000      0.3523
 j = 9/2+  (   g 9/2)  0.94     49.7785      0.0000      0.2261
 j = 9/2+  (   g 9/2)  0.84     61.7000      0.0000      0.1462
 j = 9/2-  (   h 9/2)  0.98    -16.4759      0.9980      1.3204
 j = 9/2-  (   h 9/2)  0.98      5.8424      0.0051      1.1139
 j = 9/2-  (   h 9/2)  0.97     18.1384      0.0002      0.5381
 j = 9/2-  (   h 9/2)  0.96     30.5598      0.0000      0.3881
 j = 9/2-  (   h 9/2)  0.88     34.0017      0.0000      0.0578
 j = 9/2-  (   h 9/2)  0.94     45.1461      0.0000      0.2729
 j = 9/2-  (   h 9/2)  0.85     57.7308      0.0000      0.1854
 j =11/2+  (   i11/2)  0.98     -6.1573      0.9795      1.2586
 j =11/2+  (   i11/2)  0.97     13.5965      0.0008      0.9023
 j =11/2+  (   i11/2)  0.97     24.7344      0.0001      0.4812
 j =11/2+  (   i11/2)  0.82     31.3675      0.0000      0.0366
 j =11/2+  (   i11/2)  0.95     37.2084      0.0000      0.3103
 j =11/2+  (   i11/2)  0.91     51.7613      0.0000      0.2081
 j =11/2+  (   i11/2)  0.76     62.1005      0.0000      0.1391
 j =11/2-  (   h11/2)  0.98    -20.6613      0.9987      1.3810
 j =11/2-  (   h11/2)  0.98      3.5873      0.0094      1.0818
 j =11/2-  (   h11/2)  0.96     17.0681      0.0002      0.5341
 j =11/2-  (   h11/2)  0.96     29.1281      0.0000      0.3824
 j =11/2-  (   h11/2)  0.88     33.6291      0.0000      0.0576
 j =11/2-  (   h11/2)  0.94     44.5456      0.0000      0.2714
 j =11/2-  (   h11/2)  0.85     57.1937      0.0000      0.1854
 j =13/2+  (   i13/2)  0.98    -11.7346      0.9956      1.3079
 j =13/2+  (   i13/2)  0.97     11.2911      0.0011      0.8895
 j =13/2+  (   i13/2)  0.96     23.4657      0.0001      0.4693
 j =13/2+  (   i13/2)  0.82     30.9869      0.0000      0.0365
 j =13/2+  (   i13/2)  0.95     35.6789      0.0000      0.3069
 j =13/2+  (   i13/2)  0.91     50.7117      0.0000      0.2058
 j =13/2+  (   i13/2)  0.76     61.4297      0.0000      0.1386
 j =13/2-  (   j13/2)  0.98      3.9926      0.0104      1.2237
 j =13/2-  (   j13/2)  0.97     20.5796      0.0002      0.6691
 j =13/2-  (   j13/2)  0.95     31.8771      0.0000      0.4220
 j =13/2-  (   j13/2)  0.87     34.1560      0.0000      0.0525
 j =13/2-  (   j13/2)  0.92     42.8564      0.0000      0.2456
 j =13/2-  (   j13/2)  0.84     56.8847      0.0000      0.1622
 j =15/2+  (   k15/2)  0.98     13.5174      0.0013      1.1238
 j =15/2+  (   k15/2)  0.96     27.5343      0.0001      0.5333
 j =15/2+  (   k15/2)  0.81     31.7062      0.0000      0.0334
 j =15/2+  (   k15/2)  0.91     39.5584      0.0000      0.3481
 j =15/2+  (   k15/2)  0.84     51.0400      0.0000      0.2092
 j =15/2+  (   k15/2)  0.72     58.9772      0.0000      0.1242
 j =15/2-  (   j15/2)  0.98     -2.8422      0.8049      1.2213
 j =15/2-  (   j15/2)  0.96     18.5471      0.0003      0.7046
 j =15/2-  (   j15/2)  0.94     29.7797      0.0000      0.4105
 j =15/2-  (   j15/2)  0.87     33.6042      0.0000      0.0520
 j =15/2-  (   j15/2)  0.92     41.7765      0.0000      0.2447
 j =15/2-  (   j15/2)  0.83     55.3604      0.0000      0.1607
 j =17/2+  (   k17/2)  0.98      5.9574      0.0051      1.1317
 j =17/2+  (   k17/2)  0.95     25.0398      0.0001      0.5516
 j =17/2+  (   k17/2)  0.81     31.2208      0.0000      0.0332
 j =17/2+  (   k17/2)  0.90     37.0151      0.0000      0.3420
 j =17/2+  (   k17/2)  0.83     49.9131      0.0000      0.2089
 j =17/2+  (   k17/2)  0.71     57.2734      0.0000      0.1230
 j =17/2-  (   l17/2)  0.97     22.1792      0.0004      0.9874
 j =17/2-  (   l17/2)  0.81     31.3045      0.0000      0.0466
 j =17/2-  (   l17/2)  0.94     34.7233      0.0000      0.4480
 j =17/2-  (   l17/2)  0.86     47.1347      0.0000      0.2779
 j =17/2-  (   l17/2)  0.72     54.9461      0.0000      0.1672
 j =19/2+  (   m19/2)  0.95     30.4916      0.0002      0.8541
 j =19/2+  (   m19/2)  0.75     30.7115      0.0000      0.0317
 j =19/2+  (   m19/2)  0.89     41.8099      0.0000      0.3788
 j =19/2+  (   m19/2)  0.79     54.9885      0.0000      0.2281
 j =19/2+  (   m19/2)  0.61     57.0944      0.0000      0.1263
 j =19/2-  (   l19/2)  0.96     14.4676      0.0009      1.0046
 j =19/2-  (   l19/2)  0.81     30.6632      0.0000      0.0462
 j =19/2-  (   l19/2)  0.92     31.4419      0.0000      0.4532
 j =19/2-  (   l19/2)  0.85     44.5497      0.0000      0.2751
 j =19/2-  (   l19/2)  0.71     52.9764      0.0000      0.1651
 j =21/2+  (   m21/2)  0.94     22.8287      0.0003      0.8730
 j =21/2+  (   m21/2)  0.75     30.2712      0.0000      0.0316
 j =21/2+  (   m21/2)  0.86     37.9723      0.0000      0.3791
 j =21/2+  (   m21/2)  0.76     51.8496      0.0000      0.2265
 j =21/2+  (   m21/2)  0.60     54.7753      0.0000      0.1240
 j =21/2-  (   n21/2)  0.79     33.1303      0.0000      0.0474
 j =21/2-  (   n21/2)  0.92     38.3291      0.0001      0.7219
 j =21/2-  (   n21/2)  0.82     48.9467      0.0000      0.3153
 j =21/2-  (   n21/2)  0.69     55.7297      0.0000      0.1703
 j =23/2+  (   o23/2)  0.75     33.7416      0.0000      0.0333
 j =23/2+  (   o23/2)  0.89     46.2821      0.0000      0.6048
 j =23/2+  (   o23/2)  0.72     56.8322      0.0000      0.2702
 j =23/2+  (   o23/2)  0.60     57.2441      0.0000      0.1288
 j =23/2-  (   n23/2)  0.91     31.0132      0.0001      0.7377
 j =23/2-  (   n23/2)  0.79     32.2534      0.0000      0.0467
 j =23/2-  (   n23/2)  0.79     44.8160      0.0000      0.3169
 j =23/2-  (   n23/2)  0.66     51.6638      0.0000      0.1662
 j =25/2+  (   o25/2)  0.74     33.0579      0.0000      0.0330
 j =25/2+  (   o25/2)  0.87     39.1751      0.0001      0.6194
 j =25/2+  (   o25/2)  0.68     51.8600      0.0000      0.2698
 j =25/2+  (   o25/2)  0.60     53.4127      0.0000      0.1254
 j =25/2-  (   P25/2)  0.77     36.5757      0.0000      0.0523
 j =25/2-  (   P25/2)  0.84     54.5281      0.0000      0.5043
 j =25/2-  (   P25/2)  0.62     56.5531      0.0000      0.2013
 j =27/2+  (   q27/2)  0.73     38.0139      0.0000      0.0382
 j =27/2+  (   q27/2)  0.61     58.8940      0.0000      0.1537
 j =27/2+  (   q27/2)  0.78     62.4150      0.0000      0.4168
 j =27/2-  (   P27/2)  0.76     35.6253      0.0000      0.0517
 j =27/2-  (   P27/2)  0.81     47.3329      0.0000      0.5173
 j =27/2-  (   P27/2)  0.59     52.1006      0.0000      0.1968
 j =29/2+  (   q29/2)  0.72     37.3739      0.0000      0.0379
 j =29/2+  (   q29/2)  0.61     55.2512      0.0000      0.1506
 j =29/2+  (   q29/2)  0.76     55.4697      0.0000      0.4259
 j =29/2-  (   r29/2)  0.78     43.6836      0.0000      0.0672
 j =29/2-  (   r29/2)  0.78     63.6240      0.0000      0.2984
 j =31/2+  (   S31/2)  0.76     46.0854      0.0000      0.0496
 j =31/2+  (   S31/2)  0.75     68.3058      0.0000      0.2262
 j =31/2-  (   r31/2)  0.77     42.8845      0.0000      0.0667
 j =31/2-  (   r31/2)  0.77     59.1579      0.0000      0.3008
 j =33/2+  (   S33/2)  0.75     45.5155      0.0000      0.0494
 j =33/2+  (   S33/2)  0.75     64.7908      0.0000      0.2276
 j =33/2-  (   t33/2)  0.98     57.9185      0.0000      0.1059
 j =35/2+  (   u35/2)  0.98     61.1662      0.0000      0.0770
 j =35/2-  (   t35/2)  0.99     56.9914      0.0000      0.1060
 j =37/2+  (   u37/2)  0.98     60.5151      0.0000      0.0771
 single-particle energies and gaps  in the canonical basis: Proton: 
 ------------------------------------------------------------------
    j pi     (nr,l,j)  smax       Ecan       vvcan       decan
 j = 1/2+  (   s 1/2)  0.75    -52.1187      0.9997     -1.2486
 j = 1/2+  (   s 1/2)  0.67    -37.0002      0.9988     -1.4434
 j = 1/2+  (   s 1/2)  0.90    -16.0643      0.3119     -1.1516
 j = 1/2+  (   s 1/2)  0.87     10.4021      0.0003     -0.9300
 j = 1/2+  (   s 1/2)  0.55     12.7711      0.0000     -0.0019
 j = 1/2+  (   s 1/2)  0.51     25.1455      0.0000     -0.0081
 j = 1/2+  (   s 1/2)  0.66     36.1400      0.0000     -0.4271
 j = 1/2+  (   s 1/2)  0.50     45.0179      0.0000     -0.0166
 j = 1/2+  (   s 1/2)  0.57     59.2436      0.0000     -0.2346
 j = 1/2+  (   s 1/2)  0.76     77.2650      0.0000     -0.0842
 j = 1/2-  (   p 1/2)  0.92    -47.8452      0.9997     -1.1574
 j = 1/2-  (   p 1/2)  0.88    -27.3572      0.9978     -1.0299
 j = 1/2-  (   p 1/2)  0.93     -4.8044      0.0009     -0.7197
 j = 1/2-  (   p 1/2)  0.57     13.6753      0.0000     -0.0018
 j = 1/2-  (   p 1/2)  0.76     22.2576      0.0000     -0.5258
 j = 1/2-  (   p 1/2)  0.67     29.9805      0.0000     -0.0037
 j = 1/2-  (   p 1/2)  0.65     47.8395      0.0000     -0.2989
 j = 1/2-  (   p 1/2)  0.75     52.4510      0.0000     -0.0241
 j = 1/2-  (   p 1/2)  0.58     64.9370      0.0000     -0.1501
 j = 3/2+  (   d 3/2)  0.96    -41.0498      0.9995     -1.0526
 j = 3/2+  (   d 3/2)  0.94    -17.8239      0.9141     -0.8746
 j = 3/2+  (   d 3/2)  0.90      5.9705      0.0001     -0.4894
 j = 3/2+  (   d 3/2)  0.55     13.5101      0.0000     -0.0016
 j = 3/2+  (   d 3/2)  0.51     26.0739      0.0000     -0.0072
 j = 3/2+  (   d 3/2)  0.66     33.0977      0.0000     -0.3380
 j = 3/2+  (   d 3/2)  0.48     45.8683      0.0000     -0.0158
 j = 3/2+  (   d 3/2)  0.59     61.5814      0.0000     -0.2147
 j = 3/2+  (   d 3/2)  0.76     79.7399      0.0000     -0.0838
 j = 3/2-  (   p 3/2)  0.90    -48.1647      0.9997     -1.1586
 j = 3/2-  (   p 3/2)  0.86    -27.7745      0.9979     -1.0296
 j = 3/2-  (   p 3/2)  0.92     -4.9834      0.0009     -0.7105
 j = 3/2-  (   p 3/2)  0.57     13.6669      0.0000     -0.0018
 j = 3/2-  (   p 3/2)  0.77     22.4634      0.0000     -0.5319
 j = 3/2-  (   p 3/2)  0.67     29.9649      0.0000     -0.0037
 j = 3/2-  (   p 3/2)  0.65     48.2196      0.0000     -0.3010
 j = 3/2-  (   p 3/2)  0.75     52.3045      0.0000     -0.0241
 j = 3/2-  (   p 3/2)  0.58     64.4918      0.0000     -0.1504
 j = 5/2+  (   d 5/2)  0.94    -42.0379      0.9996     -1.0618
 j = 5/2+  (   d 5/2)  0.92    -19.0013      0.9718     -0.8668
 j = 5/2+  (   d 5/2)  0.90      5.3339      0.0001     -0.4896
 j = 5/2+  (   d 5/2)  0.55     13.4906      0.0000     -0.0017
 j = 5/2+  (   d 5/2)  0.51     26.0466      0.0000     -0.0072
 j = 5/2+  (   d 5/2)  0.68     33.1301      0.0000     -0.3394
 j = 5/2+  (   d 5/2)  0.48     45.6685      0.0000     -0.0159
 j = 5/2+  (   d 5/2)  0.59     62.1230      0.0000     -0.2149
 j = 5/2+  (   d 5/2)  0.76     79.4297      0.0000     -0.0837
 j = 5/2-  (   f 5/2)  0.97    -32.9148      0.9991     -0.9620
 j = 5/2-  (   f 5/2)  0.95     -7.9915      0.0018     -0.7284
 j = 5/2-  (   f 5/2)  0.58     14.6265      0.0000     -0.0025
 j = 5/2-  (   f 5/2)  0.83     17.4867      0.0000     -0.3976
 j = 5/2-  (   f 5/2)  0.50     28.0947      0.0000     -0.0101
 j = 5/2-  (   f 5/2)  0.68     43.8445      0.0000     -0.2353
 j = 5/2-  (   f 5/2)  0.61     47.3485      0.0000     -0.0330
 j = 5/2-  (   f 5/2)  0.69     81.5930      0.0000     -0.1240
 j = 7/2+  (   g 7/2)  0.98    -23.8237      0.9964     -0.8762
 j = 7/2+  (   g 7/2)  0.92      2.4494      0.0002     -0.5822
 j = 7/2+  (   g 7/2)  0.56     15.2581      0.0000     -0.0014
 j = 7/2+  (   g 7/2)  0.51     28.3583      0.0000     -0.0056
 j = 7/2+  (   g 7/2)  0.69     29.4386      0.0000     -0.3316
 j = 7/2+  (   g 7/2)  0.51     47.6948      0.0000     -0.0153
 j = 7/2+  (   g 7/2)  0.65     56.1303      0.0000     -0.1808
 j = 7/2+  (   g 7/2)  0.73     84.5838      0.0000     -0.0806
 j = 7/2-  (   f 7/2)  0.96    -34.8694      0.9993     -0.9792
 j = 7/2-  (   f 7/2)  0.94     -9.8460      0.0028     -0.7107
 j = 7/2-  (   f 7/2)  0.58     14.6041      0.0000     -0.0026
 j = 7/2-  (   f 7/2)  0.85     16.3911      0.0000     -0.4026
 j = 7/2-  (   f 7/2)  0.51     28.1463      0.0000     -0.0102
 j = 7/2-  (   f 7/2)  0.68     43.3993      0.0000     -0.2358
 j = 7/2-  (   f 7/2)  0.61     47.0239      0.0000     -0.0330
 j = 7/2-  (   f 7/2)  0.69     81.7604      0.0000     -0.1245
 j = 9/2+  (   g 9/2)  0.98    -26.9937      0.9982     -0.8958
 j = 9/2+  (   g 9/2)  0.93      0.0958      0.0003     -0.5645
 j = 9/2+  (   g 9/2)  0.56     15.2333      0.0000     -0.0014
 j = 9/2+  (   g 9/2)  0.72     27.9518      0.0000     -0.3369
 j = 9/2+  (   g 9/2)  0.51     28.3615      0.0000     -0.0057
 j = 9/2+  (   g 9/2)  0.52     47.3842      0.0000     -0.0155
 j = 9/2+  (   g 9/2)  0.66     55.5312      0.0000     -0.1805
 j = 9/2+  (   g 9/2)  0.73     84.1773      0.0000     -0.0807
 j = 9/2-  (   h 9/2)  0.98    -14.1030      0.0246     -0.7914
 j = 9/2-  (   h 9/2)  0.86     13.3316      0.0001     -0.4463
 j = 9/2-  (   h 9/2)  0.58     17.0305      0.0000     -0.0027
 j = 9/2-  (   h 9/2)  0.51     30.1977      0.0000     -0.0119
 j = 9/2-  (   h 9/2)  0.67     40.7615      0.0000     -0.2686
 j = 9/2-  (   h 9/2)  0.63     48.7219      0.0000     -0.0399
 j = 9/2-  (   h 9/2)  0.69     81.2458      0.0000     -0.1227
 j =11/2+  (   i11/2)  0.96     -3.8957      0.0008     -0.7063
 j =11/2+  (   i11/2)  0.55     18.1052      0.0000     -0.0014
 j =11/2+  (   i11/2)  0.77     24.2078      0.0000     -0.3394
 j =11/2+  (   i11/2)  0.55     30.8883      0.0000     -0.0070
 j =11/2+  (   i11/2)  0.55     49.6530      0.0000     -0.0194
 j =11/2+  (   i11/2)  0.65     54.5555      0.0000     -0.2160
 j =11/2+  (   i11/2)  0.73     83.7420      0.0000     -0.0893
 j =11/2-  (   h11/2)  0.98    -18.6526      0.9675     -0.8049
 j =11/2-  (   h11/2)  0.87     10.5986      0.0001     -0.4351
 j =11/2-  (   h11/2)  0.58     16.9831      0.0000     -0.0028
 j =11/2-  (   h11/2)  0.51     30.1849      0.0000     -0.0124
 j =11/2-  (   h11/2)  0.67     38.9303      0.0000     -0.2733
 j =11/2-  (   h11/2)  0.64     48.0459      0.0000     -0.0403
 j =11/2-  (   h11/2)  0.69     80.4979      0.0000     -0.1231
 j =13/2+  (   i13/2)  0.97     -9.9710      0.0029     -0.7138
 j =13/2+  (   i13/2)  0.56     18.0712      0.0000     -0.0015
 j =13/2+  (   i13/2)  0.80     21.0679      0.0000     -0.3352
 j =13/2+  (   i13/2)  0.54     30.9142      0.0000     -0.0075
 j =13/2+  (   i13/2)  0.56     49.1696      0.0000     -0.0201
 j =13/2+  (   i13/2)  0.66     52.5166      0.0000     -0.2195
 j =13/2+  (   i13/2)  0.73     82.5132      0.0000     -0.0903
 j =13/2-  (   j13/2)  0.93      6.5556      0.0002     -0.6113
 j =13/2-  (   j13/2)  0.59     20.9798      0.0000     -0.0017
 j =13/2-  (   j13/2)  0.67     35.0884      0.0000     -0.2631
 j =13/2-  (   j13/2)  0.64     36.4827      0.0000     -0.0043
 j =13/2-  (   j13/2)  0.78     60.2255      0.0000     -0.0342
 j =13/2-  (   j13/2)  0.58     66.9305      0.0000     -0.1657
 j =15/2+  (   k15/2)  0.87     17.3720      0.0001     -0.5210
 j =15/2+  (   k15/2)  0.55     22.1700      0.0000     -0.0014
 j =15/2+  (   k15/2)  0.54     35.3285      0.0000     -0.0079
 j =15/2+  (   k15/2)  0.66     46.4251      0.0000     -0.2071
 j =15/2+  (   k15/2)  0.64     53.4252      0.0000     -0.0263
 j =15/2+  (   k15/2)  0.69     84.3905      0.0000     -0.1018
 j =15/2-  (   j15/2)  0.94     -0.8413      0.0004     -0.6171
 j =15/2-  (   j15/2)  0.59     20.9336      0.0000     -0.0018
 j =15/2-  (   j15/2)  0.70     31.4147      0.0000     -0.2628
 j =15/2-  (   j15/2)  0.65     36.3519      0.0000     -0.0046
 j =15/2-  (   j15/2)  0.79     59.1192      0.0000     -0.0345
 j =15/2-  (   j15/2)  0.59     65.1177      0.0000     -0.1684
 j =17/2+  (   k17/2)  0.89      8.7209      0.0001     -0.5268
 j =17/2+  (   k17/2)  0.55     22.1064      0.0000     -0.0014
 j =17/2+  (   k17/2)  0.54     35.2543      0.0000     -0.0085
 j =17/2+  (   k17/2)  0.66     42.2878      0.0000     -0.2082
 j =17/2+  (   k17/2)  0.64     52.4661      0.0000     -0.0271
 j =17/2+  (   k17/2)  0.70     82.3563      0.0000     -0.1025
 j =17/2-  (   l17/2)  0.63     25.9999      0.0000     -0.0017
 j =17/2-  (   l17/2)  0.81     28.1275      0.0000     -0.4336
 j =17/2-  (   l17/2)  0.59     41.5192      0.0000     -0.0056
 j =17/2-  (   l17/2)  0.65     58.9700      0.0000     -0.1654
 j =17/2-  (   l17/2)  0.80     66.3239      0.0000     -0.0462
 j =19/2+  (   m19/2)  0.56     27.5024      0.0000     -0.0016
 j =19/2+  (   m19/2)  0.73     39.3044      0.0000     -0.3546
 j =19/2+  (   m19/2)  0.61     40.9356      0.0000     -0.0131
 j =19/2+  (   m19/2)  0.71     56.7673      0.0000     -0.0471
 j =19/2+  (   m19/2)  0.69     82.4440      0.0000     -0.0989
 j =19/2-  (   l19/2)  0.82     18.4205      0.0000     -0.4386
 j =19/2-  (   l19/2)  0.63     25.9425      0.0000     -0.0018
 j =19/2-  (   l19/2)  0.60     41.1931      0.0000     -0.0059
 j =19/2-  (   l19/2)  0.65     54.7642      0.0000     -0.1675
 j =19/2-  (   l19/2)  0.80     64.5031      0.0000     -0.0464
 j =21/2+  (   m21/2)  0.55     27.3984      0.0000     -0.0018
 j =21/2+  (   m21/2)  0.74     28.7289      0.0000     -0.3587
 j =21/2+  (   m21/2)  0.61     40.3885      0.0000     -0.0170
 j =21/2+  (   m21/2)  0.72     54.4341      0.0000     -0.0496
 j =21/2+  (   m21/2)  0.71     78.6681      0.0000     -0.0949
 j =21/2-  (   n21/2)  0.63     32.4094      0.0000     -0.0020
 j =21/2-  (   n21/2)  0.60     48.1487      0.0000     -0.0108
 j =21/2-  (   n21/2)  0.64     51.5186      0.0000     -0.2876
 j =21/2-  (   n21/2)  0.78     69.9211      0.0000     -0.0702
 j =23/2+  (   o23/2)  0.61     34.4055      0.0000     -0.0014
 j =23/2+  (   o23/2)  0.64     51.1004      0.0000     -0.0051
 j =23/2+  (   o23/2)  0.61     62.9848      0.0000     -0.2300
 j =23/2+  (   o23/2)  0.76     72.3571      0.0000     -0.0456
 j =23/2-  (   n23/2)  0.64     32.2877      0.0000     -0.0024
 j =23/2-  (   n23/2)  0.65     40.1013      0.0000     -0.2915
 j =23/2-  (   n23/2)  0.61     47.2932      0.0000     -0.0129
 j =23/2-  (   n23/2)  0.80     65.9221      0.0000     -0.0691
 j =25/2+  (   o25/2)  0.61     34.2918      0.0000     -0.0016
 j =25/2+  (   o25/2)  0.64     50.5548      0.0000     -0.0058
 j =25/2+  (   o25/2)  0.62     50.5729      0.0000     -0.2335
 j =25/2+  (   o25/2)  0.77     68.7802      0.0000     -0.0454
 j =25/2-  (   P25/2)  0.66     40.7308      0.0000     -0.0031
 j =25/2-  (   P25/2)  0.80     56.3388      0.0000     -0.0406
 j =25/2-  (   P25/2)  0.76     71.6803      0.0000     -0.1279
 j =27/2+  (   q27/2)  0.67     43.0792      0.0000     -0.0019
 j =27/2+  (   q27/2)  0.80     61.2363      0.0000     -0.0160
 j =27/2+  (   q27/2)  0.72     77.2074      0.0000     -0.0994
 j =27/2-  (   P27/2)  0.76     41.1939      0.0000     -0.0007
 j =27/2-  (   P27/2)  0.62     56.1547      0.0000     -0.1584
 j =27/2-  (   P27/2)  0.70     58.4354      0.0000     -0.0134
 j =29/2+  (   q29/2)  0.64     42.8355      0.0000     -0.0034
 j =29/2+  (   q29/2)  0.80     58.8577      0.0000     -0.0350
 j =29/2+  (   q29/2)  0.80     68.6815      0.0000     -0.0803
 j =29/2-  (   r29/2)  0.76     51.8779      0.0000     -0.0015
 j =29/2-  (   r29/2)  0.75     72.0269      0.0000     -0.0427
 j =31/2+  (   S31/2)  0.76     54.5226      0.0000     -0.0010
 j =31/2+  (   S31/2)  0.75     77.3158      0.0000     -0.0251
 j =31/2-  (   r31/2)  0.75     51.6202      0.0000     -0.0017
 j =31/2-  (   r31/2)  0.74     67.0921      0.0000     -0.0427
 j =33/2+  (   S33/2)  0.74     54.3058      0.0000     -0.0012
 j =33/2+  (   S33/2)  0.74     73.5086      0.0000     -0.0251
 j =33/2-  (   t33/2)  0.98     67.5154      0.0000     -0.0044
 j =35/2+  (   u35/2)  0.98     70.8403      0.0000     -0.0024
 j =35/2-  (   t35/2)  0.99     66.6099      0.0000     -0.0044
 j =37/2+  (   u37/2)  0.98     70.1977      0.0000     -0.0024
  ****** END CANON **********************************
  ****** BEGIN RESU *********************************
   ****** BEGIN EXPECT *******

                            neutron        proton         total
 particle number           170.000000      80.000000     250.000000
 trace scalar density      162.343098      77.259051     239.602148
 lambda                     -1.902528     -16.531766
 spk                        19.827905      -6.654819
 rms-Radius                  6.230757       5.767923       6.086480
 charge-Radius                              5.823138
 Particle Energ          -3407.451089   -2390.055862   -5797.506950
 Selfconsistency Test.                                    -0.000000

 Kinetic Energy           2536.899833     858.899157    3395.798990
 E-scsc                                               -36489.089785
 E-scve                                                30316.628988
 E-vesc                                                    0.000000
 E-veve                                                  321.030556
 E-rearrang.                                            1020.434465
 Coulomb direct                                          744.560038
 Pairing Energy            -21.770082      -5.222926     -26.993008
 Sum without E-cm                                      -1738.064221
DE-cm <P**2>/2M            -13.803718      -4.756757     -18.560475
NE-cm <P**2>/2M             10.591720       3.009133      13.600853
 E-cm <P**2>/2M             -3.211998      -1.747624      -4.959622
 Total Energy                                          -1743.023843
 E/A                                                      -6.972095

  ****** END EXPECT *********************************


 quasi-particle properties Neutron:
 ------------------------------------------------------------------
     p/h    l j     [nr,l,j]  smax       Eqp       uu       vv
   1  p   1s 1/2   ( 4s  1/2) 0.81     1.271     0.838     0.162
   2  p   2s 1/2   ( 6s  1/2) 0.50     6.132     0.996     0.004
   3  p   3s 1/2   ( 5s  1/2) 0.70    14.370     0.999     0.001
   4  h   4s 1/2   ( 3s  1/2) 0.93    17.498     0.003     0.997
   5  p   5s 1/2   ( 6s  1/2) 0.59    26.118     1.000     0.000
   6  h   6s 1/2   ( 2s  1/2) 0.85    38.751     0.004     0.996
   7  p   7s 1/2   ( 7s  1/2) 0.54    40.216     0.996     0.004
   8  h   8s 1/2   ( 1s  1/2) 0.90    55.685     0.000     1.000
   9  p   9s 1/2   ( 8s  1/2) 0.62    58.350     1.000     0.000
  10  p  10s 1/2   ( 9s  1/2) 0.64    87.270     1.000     0.000
  11  p   1p 1/2   ( 4p  1/2) 0.62     4.655     0.998     0.002
  12  h   2p 1/2   ( 3p  1/2) 0.96     7.817     0.012     0.988
  13  p   3p 1/2   ( 4p  1/2) 0.69    10.828     0.996     0.004
  14  p   4p 1/2   ( 5p  1/2) 0.71    21.166     0.999     0.001
  15  h   5p 1/2   ( 2p  1/2) 0.93    29.469     0.001     0.999
  16  p   6p 1/2   ( 6p  1/2) 0.64    34.920     1.000     0.000
  17  h   7p 1/2   ( 1p  1/2) 0.94    50.280     0.000     1.000
  18  p   8p 1/2   ( 7p  1/2) 0.67    52.186     1.000     0.000
  19  p   9p 1/2   ( 8p  1/2) 0.64    79.818     1.000     0.000
  20  p   1d 3/2   ( 3d  3/2) 0.80     1.247     0.733     0.267
  21  p   2d 3/2   ( 5d  3/2) 0.50     6.482     0.997     0.003
  22  p   3d 3/2   ( 4d  3/2) 0.72    14.582     1.000     0.000
  23  h   4d 3/2   ( 2d  3/2) 0.96    19.417     0.002     0.998
  24  p   5d 3/2   ( 5d  3/2) 0.62    26.019     1.000     0.000
  25  p   6d 3/2   ( 6d  3/2) 0.56    40.121     1.000     0.000
  26  h   7d 3/2   ( 1d  3/2) 0.97    42.938     0.001     0.999
  27  p   8d 3/2   ( 7d  3/2) 0.63    58.260     1.000     0.000
  28  p   9d 3/2   ( 8d  3/2) 0.64    86.788     1.000     0.000
  29  p   1p 3/2   ( 4p  3/2) 0.61     4.630     0.998     0.002
  30  h   2p 3/2   ( 3p  3/2) 0.95     8.138     0.011     0.989
  31  p   3p 3/2   ( 4p  3/2) 0.69    10.778     0.996     0.004
  32  p   4p 3/2   ( 5p  3/2) 0.70    21.169     0.999     0.001
  33  h   5p 3/2   ( 2p  3/2) 0.91    29.820     0.001     0.999
  34  p   6p 3/2   ( 6p  3/2) 0.63    34.901     1.000     0.000
  35  h   7p 3/2   ( 1p  3/2) 0.93    50.451     0.000     1.000
  36  p   8p 3/2   ( 7p  3/2) 0.65    52.077     1.000     0.000
  37  p   9p 3/2   ( 8p  3/2) 0.64    80.316     1.000     0.000
  38  p   1d 5/2   ( 3d  5/2) 0.67     1.113     0.520     0.480
  39  p   2d 5/2   ( 5d  5/2) 0.52     6.367     0.997     0.003
  40  p   3d 5/2   ( 4d  5/2) 0.72    14.398     1.000     0.000
  41  h   4d 5/2   ( 2d  5/2) 0.95    20.521     0.002     0.998
  42  p   5d 5/2   ( 5d  5/2) 0.61    25.879     0.999     0.001
  43  p   6d 5/2   ( 6d  5/2) 0.55    39.944     1.000     0.000
  44  h   7d 5/2   ( 1d  5/2) 0.96    43.701     0.001     0.999
  45  p   8d 5/2   ( 7d  5/2) 0.62    57.941     1.000     0.000
  46  p   9d 5/2   ( 8d  5/2) 0.64    87.362     1.000     0.000
  47  p   1f 5/2   ( 3f  5/2) 0.70     5.577     0.998     0.002
  48  h   2f 5/2   ( 2f  5/2) 0.96     9.517     0.032     0.968
  49  p   3f 5/2   ( 3f  5/2) 0.65    10.875     0.973     0.027
  50  p   4f 5/2   ( 4f  5/2) 0.74    21.030     0.999     0.001
  51  h   5f 5/2   ( 1f  5/2) 0.98    34.302     0.014     0.986
  52  p   6f 5/2   ( 5f  5/2) 0.66    34.861     0.987     0.013
  53  p   7f 5/2   ( 6f  5/2) 0.68    51.916     1.000     0.000
  54  p   8f 5/2   ( 7f  5/2) 0.64    79.375     1.000     0.000
  55  h   1g 7/2   ( 2g  7/2) 0.79     1.327     0.348     0.652
  56  p   2g 7/2   ( 4g  7/2) 0.49     7.726     0.999     0.001
  57  p   3g 7/2   ( 3g  7/2) 0.75    15.164     1.000     0.000
  58  h   4g 7/2   ( 1g  7/2) 0.98    24.747     0.009     0.991
  59  p   5g 7/2   ( 4g  7/2) 0.67    25.755     0.992     0.008
  60  p   6g 7/2   ( 5g  7/2) 0.60    39.827     1.000     0.000
  61  p   7g 7/2   ( 6g  7/2) 0.65    57.840     1.000     0.000
  62  p   8g 7/2   ( 7g  7/2) 0.65    86.129     1.000     0.000
  63  p   1f 7/2   ( 3f  7/2) 0.73     5.311     0.997     0.003
  64  p   2f 7/2   ( 3f  7/2) 0.60    10.297     0.964     0.036
  65  h   3f 7/2   ( 2f  7/2) 0.95    11.389     0.040     0.960
  66  p   4f 7/2   ( 4f  7/2) 0.73    20.670     0.999     0.001
  67  p   5f 7/2   ( 5f  7/2) 0.66    34.384     0.999     0.001
  68  h   6f 7/2   ( 1f  7/2) 0.97    35.965     0.002     0.998
  69  p   7f 7/2   ( 6f  7/2) 0.67    51.228     1.000     0.000
  70  p   8f 7/2   ( 7f  7/2) 0.64    79.686     1.000     0.000
  71  h   1g 9/2   ( 2g  9/2) 0.95     2.852     0.051     0.949
  72  p   2g 9/2   ( 3g  9/2) 0.51     7.542     0.999     0.001
  73  p   3g 9/2   ( 3g  9/2) 0.74    14.554     1.000     0.000
  74  p   4g 9/2   ( 4g  9/2) 0.68    25.123     0.998     0.002
  75  h   5g 9/2   ( 1g  9/2) 0.98    27.576     0.003     0.997
  76  p   6g 9/2   ( 5g  9/2) 0.60    39.090     1.000     0.000
  77  p   7g 9/2   ( 6g  9/2) 0.64    56.766     1.000     0.000
  78  p   8g 9/2   ( 7g  9/2) 0.64    86.085     1.000     0.000
  79  p   1h 9/2   ( 2h  9/2) 0.87     6.768     0.995     0.005
  80  p   2h 9/2   ( 4h  9/2) 0.48    11.117     0.996     0.004
  81  h   3h 9/2   ( 1h  9/2) 0.98    14.650     0.007     0.993
  82  p   4h 9/2   ( 3h  9/2) 0.76    21.347     1.000     0.000
  83  p   5h 9/2   ( 4h  9/2) 0.70    34.720     1.000     0.000
  84  p   6h 9/2   ( 5h  9/2) 0.70    51.279     1.000     0.000
  85  p   7h 9/2   ( 6h  9/2) 0.64    78.303     1.000     0.000
  86  h   1i11/2   ( 1i 11/2) 0.97     4.430     0.021     0.979
  87  p   2i11/2   ( 2i 11/2) 0.55    10.182     1.000     0.000
  88  p   3i11/2   ( 2i 11/2) 0.77    15.731     0.999     0.001
  89  p   4i11/2   ( 3i 11/2) 0.74    25.439     1.000     0.000
  90  p   5i11/2   ( 4i 11/2) 0.65    39.654     1.000     0.000
  91  p   6i11/2   ( 5i 11/2) 0.67    57.181     1.000     0.000
  92  p   7i11/2   ( 6i 11/2) 0.65    84.770     1.000     0.000
  93  p   1h11/2   ( 2h 11/2) 0.95     5.190     0.991     0.009
  94  p   2h11/2   ( 4h 11/2) 0.54    10.384     0.999     0.001
  95  h   3h11/2   ( 1h 11/2) 0.98    18.813     0.004     0.996
  96  p   4h11/2   ( 3h 11/2) 0.76    20.586     0.997     0.003
  97  p   5h11/2   ( 4h 11/2) 0.71    33.651     1.000     0.000
  98  p   6h11/2   ( 5h 11/2) 0.69    49.809     1.000     0.000
  99  p   7h11/2   ( 6h 11/2) 0.64    77.647     1.000     0.000
 100  p   1i13/2   ( 2i 13/2) 0.58     9.762     0.727     0.273
 101  h   2i13/2   ( 1i 13/2) 0.83     9.960     0.280     0.720
 102  p   3i13/2   ( 2i 13/2) 0.71    14.254     0.997     0.003
 103  p   4i13/2   ( 3i 13/2) 0.75    24.303     1.000     0.000
 104  p   5i13/2   ( 4i 13/2) 0.66    38.343     1.000     0.000
 105  p   6i13/2   ( 5i 13/2) 0.67    55.273     1.000     0.000
 106  p   7i13/2   ( 6i 13/2) 0.64    83.710     1.000     0.000
 107  p   1j13/2   ( 1j 13/2) 0.97     5.828     0.990     0.010
 108  p   2j13/2   ( 2j 13/2) 0.52    13.292     1.000     0.000
 109  p   3j13/2   ( 2j 13/2) 0.79    22.083     1.000     0.000
 110  p   4j13/2   ( 3j 13/2) 0.75    34.047     1.000     0.000
 111  p   5j13/2   ( 4j 13/2) 0.72    50.518     1.000     0.000
 112  p   6j13/2   ( 6j 13/2) 0.65    76.729     1.000     0.000
 113  p   1k15/2   ( 1k 15/2) 0.76    13.741     0.999     0.001
 114  p   2k15/2   ( 1k 15/2) 0.62    16.397     0.999     0.001
 115  p   3k15/2   ( 2k 15/2) 0.78    26.315     1.000     0.000
 116  p   4k15/2   ( 3k 15/2) 0.71    39.260     1.000     0.000
 117  p   5k15/2   ( 4k 15/2) 0.71    55.854     1.000     0.000
 118  p   6k15/2   ( 5k 15/2) 0.65    82.955     1.000     0.000
 119  h   1j15/2   ( 1j 15/2) 0.88     1.538     0.195     0.805
 120  p   2j15/2   ( 2j 15/2) 0.56    12.946     1.000     0.000
 121  p   3j15/2   ( 2j 15/2) 0.78    20.648     1.000     0.000
 122  p   4j15/2   ( 3j 15/2) 0.76    32.382     1.000     0.000
 123  p   5j15/2   ( 4j 15/2) 0.72    48.190     1.000     0.000
 124  p   6j15/2   ( 6j 15/2) 0.65    74.995     1.000     0.000
 125  p   1k17/2   ( 1k 17/2) 0.98     7.760     0.995     0.005
 126  p   2k17/2   ( 3k 17/2) 0.52    15.035     1.000     0.000
 127  p   3k17/2   ( 2k 17/2) 0.79    24.741     1.000     0.000
 128  p   4k17/2   ( 3k 17/2) 0.74    37.259     1.000     0.000
 129  p   5k17/2   ( 4k 17/2) 0.71    53.082     1.000     0.000
 130  p   6k17/2   ( 5k 17/2) 0.64    80.720     1.000     0.000
 131  p   1l17/2   ( 3l 17/2) 0.53    17.952     1.000     0.000
 132  p   2l17/2   ( 1l 17/2) 0.85    23.956     1.000     0.000
 133  p   3l17/2   ( 2l 17/2) 0.78    34.429     1.000     0.000
 134  p   4l17/2   ( 3l 17/2) 0.74    50.123     1.000     0.000
 135  p   5l17/2   ( 5l 17/2) 0.68    73.980     1.000     0.000
 136  p   1m19/2   ( 3m 19/2) 0.56    20.266     1.000     0.000
 137  p   2m19/2   ( 1m 19/2) 0.85    29.534     1.000     0.000
 138  p   3m19/2   ( 2m 19/2) 0.74    39.544     1.000     0.000
 139  p   4m19/2   ( 3m 19/2) 0.72    55.900     1.000     0.000
 140  p   5m19/2   ( 5m 19/2) 0.65    80.075     1.000     0.000
 141  p   1l19/2   ( 1l 19/2) 0.94    15.547     0.999     0.001
 142  p   2l19/2   ( 2l 19/2) 0.58    19.169     1.000     0.000
 143  p   3l19/2   ( 2l 19/2) 0.76    32.065     1.000     0.000
 144  p   4l19/2   ( 3l 19/2) 0.75    46.544     1.000     0.000
 145  p   5l19/2   ( 5l 19/2) 0.69    70.862     1.000     0.000
 146  p   1m21/2   ( 3m 21/2) 0.53    19.993     1.000     0.000
 147  p   2m21/2   ( 1m 21/2) 0.84    24.456     1.000     0.000
 148  p   3m21/2   ( 2m 21/2) 0.79    35.858     1.000     0.000
 149  p   4m21/2   ( 3m 21/2) 0.75    51.466     1.000     0.000
 150  p   5m21/2   ( 5m 21/2) 0.67    76.083     1.000     0.000
 151  p   1n21/2   ( 2n 21/2) 0.59    24.808     1.000     0.000
 152  p   2n21/2   ( 1n 21/2) 0.83    36.940     1.000     0.000
 153  p   3n21/2   ( 2n 21/2) 0.75    50.009     1.000     0.000
 154  p   4n21/2   ( 4n 21/2) 0.68    72.594     1.000     0.000
 155  p   1o23/2   ( 2o 23/2) 0.60    27.152     1.000     0.000
 156  p   2o23/2   ( 1o 23/2) 0.81    41.004     1.000     0.000
 157  p   3o23/2   ( 2o 23/2) 0.73    55.355     1.000     0.000
 158  p   4o23/2   ( 4o 23/2) 0.66    78.897     1.000     0.000
 159  p   1n23/2   ( 1n 23/2) 0.54    24.475     1.000     0.000
 160  p   2n23/2   ( 1n 23/2) 0.82    32.879     1.000     0.000
 161  p   3n23/2   ( 2n 23/2) 0.73    44.316     1.000     0.000
 162  p   4n23/2   ( 4n 23/2) 0.74    66.190     1.000     0.000
 163  p   1o25/2   ( 2o 25/2) 0.58    27.002     1.000     0.000
 164  p   2o25/2   ( 1o 25/2) 0.86    38.617     1.000     0.000
 165  p   3o25/2   ( 2o 25/2) 0.76    49.162     1.000     0.000
 166  p   4o25/2   ( 4o 25/2) 0.73    70.914     1.000     0.000
 167  p   1P25/2   ( 2P 25/2) 0.68    33.205     1.000     0.000
 168  p   2P25/2   ( 1P 25/2) 0.78    50.074     1.000     0.000
 169  p   3P25/2   ( 3P 25/2) 0.71    70.570     1.000     0.000
 170  p   1q27/2   ( 2q 27/2) 0.68    35.748     1.000     0.000
 171  p   2q27/2   ( 1q 27/2) 0.78    53.991     1.000     0.000
 172  p   3q27/2   ( 3q 27/2) 0.69    75.838     1.000     0.000
 173  p   1P27/2   ( 2P 27/2) 0.64    32.990     1.000     0.000
 174  p   2P27/2   ( 1P 27/2) 0.78    47.132     1.000     0.000
 175  p   3P27/2   ( 3P 27/2) 0.79    61.027     1.000     0.000
 176  p   1q29/2   ( 2q 29/2) 0.66    35.585     1.000     0.000
 177  p   2q29/2   ( 1q 29/2) 0.79    52.258     1.000     0.000
 178  p   3q29/2   ( 3q 29/2) 0.75    66.411     1.000     0.000
 179  p   1r29/2   ( 1r 29/2) 0.78    44.115     1.000     0.000
 180  p   2r29/2   ( 2r 29/2) 0.77    67.316     1.000     0.000
 181  p   1S31/2   ( 1S 31/2) 0.78    46.925     1.000     0.000
 182  p   2S31/2   ( 2S 31/2) 0.77    71.620     1.000     0.000
 183  p   1r31/2   ( 1r 31/2) 0.77    43.894     1.000     0.000
 184  p   2r31/2   ( 2r 31/2) 0.77    62.200     1.000     0.000
 185  p   1S33/2   ( 1S 33/2) 0.77    46.749     1.000     0.000
 186  p   2S33/2   ( 2S 33/2) 0.76    67.653     1.000     0.000
 187  p   1t33/2   ( 1t 33/2) 0.98    59.821     1.000     0.000
 188  p   1u35/2   ( 1u 35/2) 0.98    63.069     1.000     0.000
 189  p   1t35/2   ( 1t 35/2) 0.99    58.894     1.000     0.000
 190  p   1u37/2   ( 1u 37/2) 0.98    62.418     1.000     0.000


 quasi-particle properties Proton: 
 ------------------------------------------------------------------
     p/h    l j     [nr,l,j]  smax       Eqp       uu       vv
   1  p   1s 1/2   ( 3s  1/2) 0.74     1.207     0.688     0.312
   2  h   2s 1/2   ( 2s  1/2) 0.78    19.860     0.022     0.978
   3  p   3s 1/2   ( 4s  1/2) 0.94    21.598     0.979     0.021
   4  p   4s 1/2   ( 6s  1/2) 0.51    28.988     1.000     0.000
   5  h   5s 1/2   ( 1s  1/2) 0.86    36.232     0.002     0.998
   6  p   6s 1/2   ( 5s  1/2) 0.75    36.738     0.999     0.001
   7  p   7s 1/2   ( 6s  1/2) 0.67    48.066     1.000     0.000
   8  p   8s 1/2   ( 7s  1/2) 0.61    61.758     1.000     0.000
   9  p   9s 1/2   ( 8s  1/2) 0.64    78.770     1.000     0.000
  11  p   1p 1/2   ( 3p  1/2) 0.94    10.729     0.978     0.022
  12  h   2p 1/2   ( 2p  1/2) 0.88    10.875     0.024     0.976
  13  p   3p 1/2   ( 4p  1/2) 0.74    27.977     1.000     0.000
  14  h   4p 1/2   ( 1p  1/2) 0.92    31.337     0.001     0.999
  15  p   5p 1/2   ( 4p  1/2) 0.61    32.443     0.999     0.001
  16  p   6p 1/2   ( 5p  1/2) 0.76    43.220     1.000     0.000
  17  p   7p 1/2   ( 6p  1/2) 0.70    56.584     1.000     0.000
  18  p   8p 1/2   ( 7p  1/2) 0.69    72.595     1.000     0.000
  19  p   9p 1/2   ( 8p  1/2) 0.64    99.906     1.000     0.000
  20  h   1d 3/2   ( 2d  3/2) 0.90     1.558     0.086     0.914
  21  p   2d 3/2   ( 3d  3/2) 0.97    20.637     1.000     0.000
  22  h   3d 3/2   ( 1d  3/2) 0.95    24.542     0.001     0.999
  23  p   4d 3/2   ( 5d  3/2) 0.49    29.600     1.000     0.000
  24  p   5d 3/2   ( 4d  3/2) 0.76    36.956     1.000     0.000
  25  p   6d 3/2   ( 5d  3/2) 0.70    47.887     1.000     0.000
  26  p   7d 3/2   ( 6d  3/2) 0.63    61.645     1.000     0.000
  27  p   8d 3/2   ( 7d  3/2) 0.66    78.606     1.000     0.000
  29  p   1p 3/2   ( 3p  3/2) 0.93    10.529     0.996     0.004
  30  h   2p 3/2   ( 2p  3/2) 0.86    11.290     0.005     0.995
  31  p   3p 3/2   ( 4p  3/2) 0.74    27.944     1.000     0.000
  32  h   4p 3/2   ( 1p  3/2) 0.90    31.654     0.003     0.997
  33  p   5p 3/2   ( 4p  3/2) 0.60    32.400     0.998     0.002
  34  p   6p 3/2   ( 5p  3/2) 0.75    43.244     1.000     0.000
  35  p   7p 3/2   ( 6p  3/2) 0.69    56.579     1.000     0.000
  36  p   8p 3/2   ( 7p  3/2) 0.68    72.508     1.000     0.000
  38  h   1d 5/2   ( 2d  5/2) 0.90     2.613     0.028     0.972
  39  p   2d 5/2   ( 3d  5/2) 0.96    20.112     1.000     0.000
  40  h   3d 5/2   ( 1d  5/2) 0.94    25.531     0.001     0.999
  41  p   4d 5/2   ( 5d  5/2) 0.50    29.558     1.000     0.000
  42  p   5d 5/2   ( 4d  5/2) 0.76    36.786     1.000     0.000
  43  p   6d 5/2   ( 5d  5/2) 0.69    47.781     1.000     0.000
  44  p   7d 5/2   ( 6d  5/2) 0.62    61.528     1.000     0.000
  45  p   8d 5/2   ( 7d  5/2) 0.65    78.347     1.000     0.000
  47  p   1f 5/2   ( 2f  5/2) 0.96     8.322     0.998     0.002
  48  h   2f 5/2   ( 1f  5/2) 0.97    16.412     0.001     0.999
  49  p   3f 5/2   ( 3f  5/2) 0.87    28.479     1.000     0.000
  50  p   4f 5/2   ( 5f  5/2) 0.50    32.545     1.000     0.000
  51  p   5f 5/2   ( 4f  5/2) 0.77    43.375     1.000     0.000
  52  p   6f 5/2   ( 5f  5/2) 0.72    56.619     1.000     0.000
  53  p   7f 5/2   ( 6f  5/2) 0.70    72.406     1.000     0.000
  54  p   8f 5/2   ( 7f  5/2) 0.64    99.455     1.000     0.000
  55  h   1g 7/2   ( 1g  7/2) 0.98     7.344     0.004     0.996
  56  p   2g 7/2   ( 2g  7/2) 0.97    17.730     1.000     0.000
  57  p   3g 7/2   ( 3g  7/2) 0.51    31.182     1.000     0.000
  58  p   4g 7/2   ( 3g  7/2) 0.79    37.375     1.000     0.000
  59  p   5g 7/2   ( 4g  7/2) 0.75    47.588     1.000     0.000
  60  p   6g 7/2   ( 5g  7/2) 0.66    61.613     1.000     0.000
  61  p   7g 7/2   ( 6g  7/2) 0.67    78.286     1.000     0.000
  63  p   1f 7/2   ( 2f  7/2) 0.95     6.530     0.997     0.003
  64  h   2f 7/2   ( 1f  7/2) 0.96    18.364     0.001     0.999
  65  p   3f 7/2   ( 3f  7/2) 0.90    27.936     1.000     0.000
  66  p   4f 7/2   ( 5f  7/2) 0.53    32.203     1.000     0.000
  67  p   5f 7/2   ( 4f  7/2) 0.76    43.106     1.000     0.000
  68  p   6f 7/2   ( 5f  7/2) 0.71    56.232     1.000     0.000
  69  p   7f 7/2   ( 6f  7/2) 0.69    71.825     1.000     0.000
  70  p   8f 7/2   ( 7f  7/2) 0.63    99.851     1.000     0.000
  71  h   1g 9/2   ( 1g  9/2) 0.97    10.499     0.002     0.998
  72  p   2g 9/2   ( 2g  9/2) 0.97    15.557     1.000     0.000
  73  p   3g 9/2   ( 3g  9/2) 0.54    31.049     1.000     0.000
  74  p   4g 9/2   ( 3g  9/2) 0.77    36.617     1.000     0.000
  75  p   5g 9/2   ( 4g  9/2) 0.75    47.013     1.000     0.000
  76  p   6g 9/2   ( 5g  9/2) 0.66    60.996     1.000     0.000
  77  p   7g 9/2   ( 6g  9/2) 0.66    77.328     1.000     0.000
  79  p   1h 9/2   ( 1h  9/2) 0.97     2.542     0.975     0.025
  80  p   2h 9/2   ( 2h  9/2) 0.97    26.723     1.000     0.000
  81  p   3h 9/2   ( 4h  9/2) 0.52    33.702     1.000     0.000
  82  p   4h 9/2   ( 3h  9/2) 0.78    43.748     1.000     0.000
  83  p   5h 9/2   ( 4h  9/2) 0.75    56.320     1.000     0.000
  84  p   6h 9/2   ( 5h  9/2) 0.72    71.777     1.000     0.000
  85  p   7h 9/2   ( 7h  9/2) 0.64    98.606     1.000     0.000
  86  p   1i11/2   ( 1i 11/2) 0.97    12.431     0.999     0.001
  87  p   2i11/2   ( 2i 11/2) 0.72    33.460     1.000     0.000
  88  p   3i11/2   ( 2i 11/2) 0.65    36.681     1.000     0.000
  89  p   4i11/2   ( 3i 11/2) 0.79    47.315     1.000     0.000
  90  p   5i11/2   ( 4i 11/2) 0.71    61.313     1.000     0.000
  91  p   6i11/2   ( 5i 11/2) 0.70    77.357     1.000     0.000
  93  h   1h11/2   ( 1h 11/2) 0.96     2.268     0.033     0.967
  94  p   2h11/2   ( 2h 11/2) 0.97    24.516     1.000     0.000
  95  p   3h11/2   ( 3h 11/2) 0.54    33.469     1.000     0.000
  96  p   4h11/2   ( 3h 11/2) 0.78    43.000     1.000     0.000
  97  p   5h11/2   ( 4h 11/2) 0.75    55.322     1.000     0.000
  98  p   6h11/2   ( 5h 11/2) 0.71    70.468     1.000     0.000
  99  p   7h11/2   ( 7h 11/2) 0.64    98.019     1.000     0.000
 100  p   1i13/2   ( 1i 13/2) 0.97     6.528     0.997     0.003
 101  p   2i13/2   ( 2i 13/2) 0.90    32.348     1.000     0.000
 102  p   3i13/2   ( 4i 13/2) 0.49    35.497     1.000     0.000
 103  p   4i13/2   ( 3i 13/2) 0.79    46.480     1.000     0.000
 104  p   5i13/2   ( 4i 13/2) 0.73    60.147     1.000     0.000
 105  p   6i13/2   ( 5i 13/2) 0.70    75.624     1.000     0.000
 107  p   1j13/2   ( 1j 13/2) 0.97    22.393     1.000     0.000
 108  p   2j13/2   ( 2j 13/2) 0.53    36.907     1.000     0.000
 109  p   3j13/2   ( 2j 13/2) 0.80    44.030     1.000     0.000
 110  p   4j13/2   ( 3j 13/2) 0.79    55.478     1.000     0.000
 111  p   5j13/2   ( 4j 13/2) 0.74    70.910     1.000     0.000
 112  p   6j13/2   ( 6j 13/2) 0.67    96.286     1.000     0.000
 113  p   1k15/2   ( 1k 15/2) 0.97    32.028     1.000     0.000
 114  p   2k15/2   ( 4k 15/2) 0.53    38.737     1.000     0.000
 115  p   3k15/2   ( 2k 15/2) 0.82    48.988     1.000     0.000
 116  p   4k15/2   ( 3k 15/2) 0.77    60.708     1.000     0.000
 117  p   5k15/2   ( 4k 15/2) 0.74    76.136     1.000     0.000
 119  p   1j15/2   ( 1j 15/2) 0.97    15.324     1.000     0.000
 120  p   2j15/2   ( 2j 15/2) 0.61    36.571     1.000     0.000
 121  p   3j15/2   ( 2j 15/2) 0.75    42.136     1.000     0.000
 122  p   4j15/2   ( 3j 15/2) 0.77    54.232     1.000     0.000
 123  p   5j15/2   ( 4j 15/2) 0.74    68.947     1.000     0.000
 124  p   6j15/2   ( 6j 15/2) 0.67    94.540     1.000     0.000
 125  p   1k17/2   ( 1k 17/2) 0.96    24.195     1.000     0.000
 126  p   2k17/2   ( 4k 17/2) 0.51    38.538     1.000     0.000
 127  p   3k17/2   ( 2k 17/2) 0.82    47.309     1.000     0.000
 128  p   4k17/2   ( 3k 17/2) 0.79    58.871     1.000     0.000
 129  p   5k17/2   ( 4k 17/2) 0.74    73.851     1.000     0.000
 130  p   6k17/2   ( 6k 17/2) 0.65    99.957     1.000     0.000
 131  p   1l17/2   ( 1l 17/2) 0.88    40.423     1.000     0.000
 132  p   2l17/2   ( 2l 17/2) 0.53    43.369     1.000     0.000
 133  p   3l17/2   ( 2l 17/2) 0.79    56.676     1.000     0.000
 134  p   4l17/2   ( 3l 17/2) 0.76    70.593     1.000     0.000
 135  p   5l17/2   ( 5l 17/2) 0.70    93.084     1.000     0.000
 136  p   1m19/2   ( 3m 19/2) 0.55    43.892     1.000     0.000
 137  p   2m19/2   ( 1m 19/2) 0.90    49.855     1.000     0.000
 138  p   3m19/2   ( 2m 19/2) 0.80    60.699     1.000     0.000
 139  p   4m19/2   ( 3m 19/2) 0.75    76.339     1.000     0.000
 140  p   5m19/2   ( 5m 19/2) 0.67    99.144     1.000     0.000
 141  p   1l19/2   ( 1l 19/2) 0.95    32.985     1.000     0.000
 142  p   2l19/2   ( 2l 19/2) 0.58    42.262     1.000     0.000
 143  p   3l19/2   ( 2l 19/2) 0.75    55.033     1.000     0.000
 144  p   4l19/2   ( 3l 19/2) 0.75    67.414     1.000     0.000
 145  p   5l19/2   ( 5l 19/2) 0.71    90.189     1.000     0.000
 146  p   1m21/2   ( 1m 21/2) 0.95    41.576     1.000     0.000
 147  p   2m21/2   ( 2m 21/2) 0.59    44.287     1.000     0.000
 148  p   3m21/2   ( 2m 21/2) 0.76    58.661     1.000     0.000
 149  p   4m21/2   ( 3m 21/2) 0.76    72.599     1.000     0.000
 150  p   5m21/2   ( 5m 21/2) 0.69    95.353     1.000     0.000
 151  p   1n21/2   ( 3n 21/2) 0.57    48.638     1.000     0.000
 152  p   2n21/2   ( 1n 21/2) 0.86    58.533     1.000     0.000
 153  p   3n21/2   ( 2n 21/2) 0.75    69.799     1.000     0.000
 154  p   4n21/2   ( 4n 21/2) 0.71    91.535     1.000     0.000
 155  p   1o23/2   ( 3o 23/2) 0.59    50.856     1.000     0.000
 156  p   2o23/2   ( 1o 23/2) 0.87    64.216     1.000     0.000
 157  p   3o23/2   ( 2o 23/2) 0.77    74.962     1.000     0.000
 158  p   4o23/2   ( 4o 23/2) 0.70    97.347     1.000     0.000
 159  p   1n23/2   ( 1n 23/2) 0.72    47.767     1.000     0.000
 160  p   2n23/2   ( 2n 23/2) 0.66    52.420     1.000     0.000
 161  p   3n23/2   ( 2n 23/2) 0.64    66.261     1.000     0.000
 162  p   4n23/2   ( 4n 23/2) 0.76    85.589     1.000     0.000
 163  p   1o25/2   ( 3o 25/2) 0.58    50.641     1.000     0.000
 164  p   2o25/2   ( 1o 25/2) 0.84    59.562     1.000     0.000
 165  p   3o25/2   ( 2o 25/2) 0.70    70.253     1.000     0.000
 166  p   4o25/2   ( 4o 25/2) 0.75    90.260     1.000     0.000
 167  p   1P25/2   ( 2P 25/2) 0.66    57.263     1.000     0.000
 168  p   2P25/2   ( 1P 25/2) 0.80    72.871     1.000     0.000
 169  p   3P25/2   ( 3P 25/2) 0.76    88.212     1.000     0.000
 170  p   1q27/2   ( 2q 27/2) 0.67    59.611     1.000     0.000
 171  p   2q27/2   ( 1q 27/2) 0.80    77.768     1.000     0.000
 172  p   3q27/2   ( 3q 27/2) 0.72    93.739     1.000     0.000
 173  p   1P27/2   ( 1P 27/2) 0.62    56.918     1.000     0.000
 174  p   2P27/2   ( 1P 27/2) 0.73    68.535     1.000     0.000
 175  p   3P27/2   ( 3P 27/2) 0.83    80.334     1.000     0.000
 176  p   1q29/2   ( 2q 29/2) 0.64    59.367     1.000     0.000
 177  p   2q29/2   ( 1q 29/2) 0.80    75.390     1.000     0.000
 178  p   3q29/2   ( 3q 29/2) 0.80    85.213     1.000     0.000
 179  p   1r29/2   ( 1r 29/2) 0.76    68.410     1.000     0.000
 180  p   2r29/2   ( 2r 29/2) 0.75    88.559     1.000     0.000
 181  p   1S31/2   ( 1S 31/2) 0.76    71.054     1.000     0.000
 182  p   2S31/2   ( 2S 31/2) 0.75    93.848     1.000     0.000
 183  p   1r31/2   ( 1r 31/2) 0.75    68.152     1.000     0.000
 184  p   2r31/2   ( 2r 31/2) 0.74    83.624     1.000     0.000
 185  p   1S33/2   ( 1S 33/2) 0.74    70.838     1.000     0.000
 186  p   2S33/2   ( 2S 33/2) 0.74    90.040     1.000     0.000
 187  p   1t33/2   ( 1t 33/2) 0.98    84.047     1.000     0.000
 188  p   1u35/2   ( 1u 35/2) 0.98    87.372     1.000     0.000
 189  p   1t35/2   ( 1t 35/2) 0.99    83.142     1.000     0.000
 190  p   1u37/2   ( 1u 37/2) 0.98    86.729     1.000     0.000
  ****** END RESU ***********************************
