
  ******************************************  
  *           Fortran 77 Code              *  
  *         Spherical H.O. basis            *  
  * Dirac-Hartree-Bogoliubov calculation   *  
  *        with density-dependent          *  
  * meson-exchange or point coupling force *  
  *          and separable pairing         *  
  * -------------------------------------- *  
  *      Niksic, Paar, Vretenar, Ring      *  
  *          18/ 4/2026/01:31:30           *
  *       Hg 210  N = 130  Z =  80
  ******************************************  
  ****** BEGIN READER *******************************
 Number of oscillator shells :    18   20
 Initialization inin,inink   :     0    0
 Nucleus: Hg 210   130  80
 Initial Gap Parameters      :     1.0000    1.0000
 Parameter set               :    DD-PC1    
  ****** END READER *********************************
  ****** BEGIN FORCES *******************************

 NEDF Parameters: DD-PC1    
           scasca    scavec    vecsca    vecvec
 GG   =   1.000000  1.000000  1.000000  1.000000
 DD   =  -0.814900  0.000000  0.000000  0.000000
  
 Density dependence parameters:
           scasca    scavec    vecsca    vecvec
 a    = -10.046200  5.919500  0.000000  0.000000
 b    =  -9.150400  8.863700  0.000000  1.836000
 c    =  -6.427300  0.000000  0.000000  0.000000
 d    =   1.372400  0.658400  0.000000  0.640300
 dsat =   0.152000
  
 TMR pairing: Tian,Ma,Ring, PRB 676, 44 (2009)
 TMR pairing strength    gl =:  -728.00000 [MeV*fm^3]
 TMR pairing width        a =:     0.64420 [fm]
  ****** END FORCES *********************************
  ****** BEGIN PREP *********************************
  
 hom =                            6.897803
 hb0 =                           20.734000
 b0  =                            2.451891
 with Coulomb force
 With microscopic c.m. correction
  ****** END PREP ***********************************
  potentials read from tape dirhb.wel
  ****** BEGIN ITER *********************************
  1.It. si =    0.0000000  E/A =    0.0000 R =    0.0000  mix = 0.50
  2.It. si =    2.2611629  E/A =   -7.7688 R =    5.6136  mix = 0.50
  3.It. si =    1.4438655  E/A =   -7.7699 R =    5.6169  mix = 0.50
  4.It. si =    1.4908540  E/A =   -7.7711 R =    5.6207  mix = 0.50
  5.It. si =    1.0923381  E/A =   -7.7718 R =    5.6232  mix = 0.50
  6.It. si =    0.1374817  E/A =   -7.7732 R =    5.6275  mix = 0.50
  7.It. si =    0.0660530  E/A =   -7.7733 R =    5.6270  mix = 0.50
  8.It. si =    0.0376738  E/A =   -7.7734 R =    5.6268  mix = 0.50
  9.It. si =    0.0109715  E/A =   -7.7735 R =    5.6269  mix = 0.50
 10.It. si =    0.0088073  E/A =   -7.7735 R =    5.6269  mix = 0.50
 11.It. si =    0.0059586  E/A =   -7.7736 R =    5.6270  mix = 0.50
 12.It. si =    0.0025906  E/A =   -7.7736 R =    5.6270  mix = 0.50
 13.It. si =    0.0019477  E/A =   -7.7736 R =    5.6270  mix = 0.50
 14.It. si =    0.0005154  E/A =   -7.7736 R =    5.6270  mix = 0.50
 15.It. si =    0.0002140  E/A =   -7.7736 R =    5.6270  mix = 0.50
 16.It. si =    0.0001456  E/A =   -7.7736 R =    5.6270  mix = 0.50
 17.It. si =    0.0000297  E/A =   -7.7736 R =    5.6270  mix = 0.50
 18.It. si =    0.0000047  E/A =   -7.7736 R =    5.6270  mix = 0.50
 19.It. si =    0.0000024  E/A =   -7.7736 R =    5.6270  mix = 0.50
 ********************************************************************
 Hg 210: Iteration converged after  19 steps   si =      0.0000006221
 ********************************************************************
  ****** END ITER ***********************************
  ****** BEGIN CANON ********************************
 single-particle energies and gaps  in the canonical basis: Neutron:
 ------------------------------------------------------------------
    j pi     (nr,l,j)  smax       Ecan       vvcan       decan
 j = 1/2+  (   s 1/2)  0.96    -53.4645      0.9999      0.7193
 j = 1/2+  (   s 1/2)  0.93    -46.8250      0.9998      1.1594
 j = 1/2+  (   s 1/2)  0.97    -20.9959      0.9988      1.1980
 j = 1/2+  (   s 1/2)  0.96      1.6842      0.0028      0.5426
 j = 1/2+  (   s 1/2)  0.94     14.4966      0.0001      0.3111
 j = 1/2+  (   s 1/2)  0.68     17.2593      0.0000      0.0119
 j = 1/2+  (   s 1/2)  0.93     28.1648      0.0000      0.2318
 j = 1/2+  (   s 1/2)  0.91     42.3151      0.0000      0.1422
 j = 1/2+  (   s 1/2)  0.65     45.6181      0.0000      0.0471
 j = 1/2+  (   s 1/2)  0.61     91.2347      0.0000      0.0846
 j = 1/2-  (   p 1/2)  0.96    -48.9133      0.9999      0.8510
 j = 1/2-  (   p 1/2)  0.95    -35.8157      0.9996      1.2318
 j = 1/2-  (   p 1/2)  0.97     -7.9704      0.9901      0.9150
 j = 1/2-  (   p 1/2)  0.96      9.7329      0.0002      0.4048
 j = 1/2-  (   p 1/2)  0.95     21.0385      0.0000      0.2856
 j = 1/2-  (   p 1/2)  0.78     21.2710      0.0000      0.0139
 j = 1/2-  (   p 1/2)  0.92     36.2136      0.0000      0.1806
 j = 1/2-  (   p 1/2)  0.92     49.5602      0.0000      0.1047
 j = 1/2-  (   p 1/2)  0.77     73.0746      0.0000      0.0661
 j = 3/2+  (   d 3/2)  0.97    -43.7157      0.9998      0.9992
 j = 3/2+  (   d 3/2)  0.97    -21.7873      0.9990      1.1767
 j = 3/2+  (   d 3/2)  0.97      1.5319      0.0039      0.6225
 j = 3/2+  (   d 3/2)  0.95     15.7908      0.0001      0.3364
 j = 3/2+  (   d 3/2)  0.66     16.5585      0.0000      0.0112
 j = 3/2+  (   d 3/2)  0.95     29.3763      0.0000      0.2404
 j = 3/2+  (   d 3/2)  0.91     43.2983      0.0000      0.1448
 j = 3/2+  (   d 3/2)  0.63     44.1285      0.0000      0.0435
 j = 3/2+  (   d 3/2)  0.62     91.3099      0.0000      0.0890
 j = 3/2-  (   p 3/2)  0.96    -48.9245      0.9999      0.8553
 j = 3/2-  (   p 3/2)  0.95    -36.9187      0.9997      1.2447
 j = 3/2-  (   p 3/2)  0.97     -8.7208      0.9927      0.9145
 j = 3/2-  (   p 3/2)  0.95      9.5197      0.0002      0.4048
 j = 3/2-  (   p 3/2)  0.95     20.9352      0.0000      0.2781
 j = 3/2-  (   p 3/2)  0.78     21.0652      0.0000      0.0137
 j = 3/2-  (   p 3/2)  0.92     36.0644      0.0000      0.1787
 j = 3/2-  (   p 3/2)  0.92     49.5457      0.0000      0.1034
 j = 3/2-  (   p 3/2)  0.78     72.9774      0.0000      0.0656
 j = 5/2+  (   d 5/2)  0.98    -44.4072      0.9998      1.0130
 j = 5/2+  (   d 5/2)  0.97    -23.9358      0.9992      1.1948
 j = 5/2+  (   d 5/2)  0.97      0.6185      0.0056      0.6091
 j = 5/2+  (   d 5/2)  0.95     15.1502      0.0001      0.3285
 j = 5/2+  (   d 5/2)  0.67     16.7404      0.0000      0.0114
 j = 5/2+  (   d 5/2)  0.94     28.4994      0.0000      0.2388
 j = 5/2+  (   d 5/2)  0.91     42.7320      0.0000      0.1443
 j = 5/2+  (   d 5/2)  0.63     44.1213      0.0000      0.0439
 j = 5/2+  (   d 5/2)  0.62     91.3389      0.0000      0.0890
 j = 5/2-  (   f 5/2)  0.98    -35.6530      0.9997      1.0846
 j = 5/2-  (   f 5/2)  0.98     -9.4841      0.9933      1.0025
 j = 5/2-  (   f 5/2)  0.96     10.4293      0.0003      0.4701
 j = 5/2-  (   f 5/2)  0.79     19.5013      0.0000      0.0119
 j = 5/2-  (   f 5/2)  0.96     23.0936      0.0000      0.2974
 j = 5/2-  (   f 5/2)  0.91     37.4677      0.0000      0.1818
 j = 5/2-  (   f 5/2)  0.86     53.2184      0.0000      0.1088
 j = 5/2-  (   f 5/2)  0.81     67.3376      0.0000      0.0609
 j = 7/2+  (   g 7/2)  0.98    -25.2663      0.9994      1.0990
 j = 7/2+  (   g 7/2)  0.98      0.3472      0.0111      0.8084
 j = 7/2+  (   g 7/2)  0.68     15.7310      0.0000      0.0099
 j = 7/2+  (   g 7/2)  0.96     17.7774      0.0001      0.3786
 j = 7/2+  (   g 7/2)  0.94     30.9867      0.0000      0.2530
 j = 7/2+  (   g 7/2)  0.62     41.8270      0.0000      0.0378
 j = 7/2+  (   g 7/2)  0.87     44.4465      0.0000      0.1437
 j = 7/2+  (   g 7/2)  0.64     89.7036      0.0000      0.0922
 j = 7/2-  (   f 7/2)  0.98    -37.5909      0.9997      1.1075
 j = 7/2-  (   f 7/2)  0.98    -12.1231      0.9967      1.0094
 j = 7/2-  (   f 7/2)  0.96      9.2987      0.0003      0.4700
 j = 7/2-  (   f 7/2)  0.79     19.2729      0.0000      0.0118
 j = 7/2-  (   f 7/2)  0.95     22.4863      0.0000      0.2840
 j = 7/2-  (   f 7/2)  0.91     36.6600      0.0000      0.1794
 j = 7/2-  (   f 7/2)  0.85     52.8426      0.0000      0.1073
 j = 7/2-  (   f 7/2)  0.81     66.6808      0.0000      0.0602
 j = 9/2+  (   g 9/2)  0.98    -28.9330      0.9995      1.1493
 j = 9/2+  (   g 9/2)  0.98     -2.2144      0.0785      0.7783
 j = 9/2+  (   g 9/2)  0.68     16.1440      0.0000      0.0104
 j = 9/2+  (   g 9/2)  0.95     16.4118      0.0001      0.3750
 j = 9/2+  (   g 9/2)  0.94     28.8797      0.0000      0.2486
 j = 9/2+  (   g 9/2)  0.62     41.9408      0.0000      0.0389
 j = 9/2+  (   g 9/2)  0.88     43.1074      0.0000      0.1433
 j = 9/2+  (   g 9/2)  0.63     89.0562      0.0000      0.0927
 j = 9/2-  (   h 9/2)  0.98    -14.0472      0.9977      1.0325
 j = 9/2-  (   h 9/2)  0.96      9.5836      0.0007      0.6658
 j = 9/2-  (   h 9/2)  0.78     18.5176      0.0000      0.0102
 j = 9/2-  (   h 9/2)  0.93     26.0914      0.0000      0.3332
 j = 9/2-  (   h 9/2)  0.86     39.1257      0.0000      0.1916
 j = 9/2-  (   h 9/2)  0.75     56.2004      0.0000      0.1126
 j = 9/2-  (   h 9/2)  0.84     60.9493      0.0000      0.0536
 j =11/2+  (   i11/2)  0.98     -2.8807      0.2485      0.9510
 j =11/2+  (   i11/2)  0.71     15.3836      0.0000      0.0087
 j =11/2+  (   i11/2)  0.93     18.7287      0.0001      0.5170
 j =11/2+  (   i11/2)  0.86     33.9230      0.0000      0.2916
 j =11/2+  (   i11/2)  0.58     39.2362      0.0000      0.0323
 j =11/2+  (   i11/2)  0.76     47.2788      0.0000      0.1550
 j =11/2+  (   i11/2)  0.69     86.1111      0.0000      0.0939
 j =11/2-  (   h11/2)  0.98    -19.3313      0.9989      1.0773
 j =11/2-  (   h11/2)  0.96      6.9016      0.0010      0.6471
 j =11/2-  (   h11/2)  0.78     18.4609      0.0000      0.0103
 j =11/2-  (   h11/2)  0.92     24.5019      0.0000      0.3265
 j =11/2-  (   h11/2)  0.86     37.3447      0.0000      0.1881
 j =11/2-  (   h11/2)  0.75     55.1994      0.0000      0.1115
 j =11/2-  (   h11/2)  0.84     60.2744      0.0000      0.0536
 j =13/2+  (   i13/2)  0.98     -9.6848      0.9939      0.9836
 j =13/2+  (   i13/2)  0.71     15.1923      0.0000      0.0086
 j =13/2+  (   i13/2)  0.93     15.9148      0.0002      0.5170
 j =13/2+  (   i13/2)  0.85     32.4637      0.0000      0.2800
 j =13/2+  (   i13/2)  0.58     38.4979      0.0000      0.0315
 j =13/2+  (   i13/2)  0.74     45.6490      0.0000      0.1514
 j =13/2+  (   i13/2)  0.70     84.3468      0.0000      0.0925
 j =13/2-  (   j13/2)  0.97      7.9269      0.0014      0.8604
 j =13/2-  (   j13/2)  0.76     19.0940      0.0000      0.0095
 j =13/2-  (   j13/2)  0.90     27.5170      0.0000      0.4051
 j =13/2-  (   j13/2)  0.77     42.2967      0.0000      0.2291
 j =13/2-  (   j13/2)  0.84     54.3920      0.0000      0.0488
 j =13/2-  (   j13/2)  0.59     59.0747      0.0000      0.1302
 j =15/2+  (   k15/2)  0.70     16.9130      0.0000      0.0088
 j =15/2+  (   k15/2)  0.95     18.1338      0.0003      0.7434
 j =15/2+  (   k15/2)  0.84     36.8181      0.0000      0.3319
 j =15/2+  (   k15/2)  0.54     38.5141      0.0000      0.0309
 j =15/2+  (   k15/2)  0.64     52.3866      0.0000      0.1848
 j =15/2+  (   k15/2)  0.75     80.7346      0.0000      0.1005
 j =15/2-  (   j15/2)  0.97     -0.1577      0.0169      0.8737
 j =15/2-  (   j15/2)  0.76     19.0732      0.0000      0.0097
 j =15/2-  (   j15/2)  0.89     24.4804      0.0001      0.4113
 j =15/2-  (   j15/2)  0.77     39.6468      0.0000      0.2248
 j =15/2-  (   j15/2)  0.84     53.4344      0.0000      0.0487
 j =15/2-  (   j15/2)  0.59     57.3811      0.0000      0.1301
 j =17/2+  (   k17/2)  0.95      9.2722      0.0009      0.7586
 j =17/2+  (   k17/2)  0.70     16.9001      0.0000      0.0089
 j =17/2+  (   k17/2)  0.83     33.0081      0.0000      0.3346
 j =17/2+  (   k17/2)  0.54     38.1462      0.0000      0.0312
 j =17/2+  (   k17/2)  0.64     49.5983      0.0000      0.1818
 j =17/2+  (   k17/2)  0.75     78.3139      0.0000      0.0996
 j =17/2-  (   l17/2)  0.75     21.7452      0.0000      0.0098
 j =17/2-  (   l17/2)  0.92     27.9522      0.0001      0.6293
 j =17/2-  (   l17/2)  0.76     45.4578      0.0000      0.2671
 j =17/2-  (   l17/2)  0.83     51.5534      0.0000      0.0484
 j =17/2-  (   l17/2)  0.61     61.2609      0.0000      0.1476
 j =19/2+  (   m19/2)  0.68     21.0342      0.0000      0.0095
 j =19/2+  (   m19/2)  0.88     37.5644      0.0000      0.5235
 j =19/2+  (   m19/2)  0.53     41.1590      0.0000      0.0340
 j =19/2+  (   m19/2)  0.65     55.1648      0.0000      0.2196
 j =19/2+  (   m19/2)  0.75     78.7096      0.0000      0.1072
 j =19/2-  (   l19/2)  0.91     18.6283      0.0002      0.6440
 j =19/2-  (   l19/2)  0.75     21.6852      0.0000      0.0099
 j =19/2-  (   l19/2)  0.74     41.2250      0.0000      0.2673
 j =19/2-  (   l19/2)  0.83     50.2996      0.0000      0.0479
 j =19/2-  (   l19/2)  0.60     57.8545      0.0000      0.1455
 j =21/2+  (   m21/2)  0.68     20.9169      0.0000      0.0098
 j =21/2+  (   m21/2)  0.87     28.0490      0.0001      0.5361
 j =21/2+  (   m21/2)  0.54     40.4427      0.0000      0.0346
 j =21/2+  (   m21/2)  0.62     50.2022      0.0000      0.2197
 j =21/2+  (   m21/2)  0.76     74.6293      0.0000      0.1043
 j =21/2-  (   n21/2)  0.75     26.5968      0.0000      0.0109
 j =21/2-  (   n21/2)  0.83     46.9534      0.0000      0.4245
 j =21/2-  (   n21/2)  0.82     54.0120      0.0000      0.0533
 j =21/2-  (   n21/2)  0.61     63.2046      0.0000      0.1780
 j =23/2+  (   o23/2)  0.74     28.7223      0.0000      0.0077
 j =23/2+  (   o23/2)  0.79     54.3361      0.0000      0.0361
 j =23/2+  (   o23/2)  0.76     56.9204      0.0000      0.3461
 j =23/2+  (   o23/2)  0.59     68.7085      0.0000      0.1374
 j =23/2-  (   n23/2)  0.75     26.5251      0.0000      0.0111
 j =23/2-  (   n23/2)  0.81     37.5320      0.0000      0.4355
 j =23/2-  (   n23/2)  0.82     51.8348      0.0000      0.0523
 j =23/2-  (   n23/2)  0.60     57.0082      0.0000      0.1764
 j =25/2+  (   o25/2)  0.74     28.6933      0.0000      0.0078
 j =25/2+  (   o25/2)  0.74     47.2180      0.0000      0.3553
 j =25/2+  (   o25/2)  0.78     52.6987      0.0000      0.0356
 j =25/2+  (   o25/2)  0.58     62.4725      0.0000      0.1353
 j =25/2-  (   P25/2)  0.77     33.9307      0.0000      0.0133
 j =25/2-  (   P25/2)  0.80     59.2028      0.0000      0.0704
 j =25/2-  (   P25/2)  0.70     64.8357      0.0000      0.2733
 j =27/2+  (   q27/2)  0.77     36.5267      0.0000      0.0092
 j =27/2+  (   q27/2)  0.77     60.9571      0.0000      0.0487
 j =27/2+  (   q27/2)  0.65     72.2401      0.0000      0.2099
 j =27/2-  (   P27/2)  0.77     33.8731      0.0000      0.0134
 j =27/2-  (   P27/2)  0.69     55.6063      0.0000      0.2786
 j =27/2-  (   P27/2)  0.80     56.3011      0.0000      0.0693
 j =29/2+  (   q29/2)  0.77     36.5017      0.0000      0.0093
 j =29/2+  (   q29/2)  0.77     58.8645      0.0000      0.0482
 j =29/2+  (   q29/2)  0.63     63.9859      0.0000      0.2131
 j =29/2-  (   r29/2)  0.78     44.7750      0.0000      0.0175
 j =29/2-  (   r29/2)  0.77     69.7481      0.0000      0.1214
 j =31/2+  (   S31/2)  0.77     47.7078      0.0000      0.0120
 j =31/2+  (   S31/2)  0.77     74.1329      0.0000      0.0848
 j =31/2-  (   r31/2)  0.77     44.6212      0.0000      0.0172
 j =31/2-  (   r31/2)  0.76     65.5654      0.0000      0.1222
 j =33/2+  (   S33/2)  0.76     47.5814      0.0000      0.0119
 j =33/2+  (   S33/2)  0.76     71.0572      0.0000      0.0852
 j =33/2-  (   t33/2)  0.98     61.4607      0.0000      0.0304
 j =35/2+  (   u35/2)  0.98     64.8264      0.0000      0.0205
 j =35/2-  (   t35/2)  0.98     60.8546      0.0000      0.0304
 j =37/2+  (   u37/2)  0.98     64.4245      0.0000      0.0206
 single-particle energies and gaps  in the canonical basis: Proton: 
 ------------------------------------------------------------------
    j pi     (nr,l,j)  smax       Ecan       vvcan       decan
 j = 1/2+  (   s 1/2)  0.78    -49.2451      0.9998     -1.2579
 j = 1/2+  (   s 1/2)  0.74    -33.1168      0.9990     -1.4862
 j = 1/2+  (   s 1/2)  0.94     -9.3527      0.4822     -1.1318
 j = 1/2+  (   s 1/2)  0.56     13.6862      0.0000     -0.0020
 j = 1/2+  (   s 1/2)  0.87     18.7441      0.0003     -0.8987
 j = 1/2+  (   s 1/2)  0.53     27.7608      0.0000     -0.0075
 j = 1/2+  (   s 1/2)  0.65     45.6029      0.0000     -0.3989
 j = 1/2+  (   s 1/2)  0.48     50.1445      0.0000     -0.0171
 j = 1/2+  (   s 1/2)  0.55     63.6402      0.0000     -0.2148
 j = 1/2+  (   s 1/2)  0.74     86.9863      0.0000     -0.0785
 j = 1/2-  (   p 1/2)  0.94    -44.0286      0.9997     -1.1487
 j = 1/2-  (   p 1/2)  0.92    -21.1719      0.9981     -1.0258
 j = 1/2-  (   p 1/2)  0.94      2.9611      0.0007     -0.6749
 j = 1/2-  (   p 1/2)  0.58     14.1080      0.0000     -0.0026
 j = 1/2-  (   p 1/2)  0.53     28.5502      0.0000     -0.0110
 j = 1/2-  (   p 1/2)  0.75     31.6704      0.0000     -0.4886
 j = 1/2-  (   p 1/2)  0.57     50.4754      0.0000     -0.0307
 j = 1/2-  (   p 1/2)  0.64     57.3142      0.0000     -0.2729
 j = 1/2-  (   p 1/2)  0.71     87.8112      0.0000     -0.1197
 j = 3/2+  (   d 3/2)  0.97    -36.0295      0.9996     -1.0296
 j = 3/2+  (   d 3/2)  0.96    -10.4567      0.8858     -0.8771
 j = 3/2+  (   d 3/2)  0.90     14.3247      0.0001     -0.4518
 j = 3/2+  (   d 3/2)  0.56     14.4094      0.0000     -0.0017
 j = 3/2+  (   d 3/2)  0.53     28.6891      0.0000     -0.0065
 j = 3/2+  (   d 3/2)  0.68     41.6373      0.0000     -0.2991
 j = 3/2+  (   d 3/2)  0.50     51.0175      0.0000     -0.0158
 j = 3/2+  (   d 3/2)  0.59     71.0767      0.0000     -0.1912
 j = 3/2+  (   d 3/2)  0.74     90.3994      0.0000     -0.0777
 j = 3/2-  (   p 3/2)  0.93    -44.5514      0.9997     -1.1513
 j = 3/2-  (   p 3/2)  0.91    -22.0295      0.9983     -1.0303
 j = 3/2-  (   p 3/2)  0.94      2.3218      0.0008     -0.6654
 j = 3/2-  (   p 3/2)  0.58     14.0937      0.0000     -0.0027
 j = 3/2-  (   p 3/2)  0.53     28.5247      0.0000     -0.0112
 j = 3/2-  (   p 3/2)  0.76     31.4486      0.0000     -0.4931
 j = 3/2-  (   p 3/2)  0.57     50.2708      0.0000     -0.0307
 j = 3/2-  (   p 3/2)  0.64     57.4651      0.0000     -0.2740
 j = 3/2-  (   p 3/2)  0.72     87.4069      0.0000     -0.1192
 j = 5/2+  (   d 5/2)  0.96    -37.3738      0.9997     -1.0410
 j = 5/2+  (   d 5/2)  0.95    -12.1653      0.9769     -0.8729
 j = 5/2+  (   d 5/2)  0.91     13.2253      0.0001     -0.4521
 j = 5/2+  (   d 5/2)  0.56     14.3766      0.0000     -0.0017
 j = 5/2+  (   d 5/2)  0.53     28.5823      0.0000     -0.0065
 j = 5/2+  (   d 5/2)  0.68     41.3133      0.0000     -0.2997
 j = 5/2+  (   d 5/2)  0.50     50.7358      0.0000     -0.0158
 j = 5/2+  (   d 5/2)  0.59     71.0306      0.0000     -0.1899
 j = 5/2+  (   d 5/2)  0.74     89.6412      0.0000     -0.0769
 j = 5/2-  (   f 5/2)  0.98    -26.6776      0.9993     -0.9345
 j = 5/2-  (   f 5/2)  0.96      0.1658      0.0014     -0.7209
 j = 5/2-  (   f 5/2)  0.58     15.5748      0.0000     -0.0023
 j = 5/2-  (   f 5/2)  0.83     26.4581      0.0000     -0.3713
 j = 5/2-  (   f 5/2)  0.52     30.8928      0.0000     -0.0086
 j = 5/2-  (   f 5/2)  0.67     52.1044      0.0000     -0.2074
 j = 5/2-  (   f 5/2)  0.62     53.0530      0.0000     -0.0304
 j = 5/2-  (   f 5/2)  0.66     93.1971      0.0000     -0.1096
 j = 7/2+  (   g 7/2)  0.98    -16.3995      0.9964     -0.8502
 j = 7/2+  (   g 7/2)  0.91     11.2605      0.0002     -0.5606
 j = 7/2+  (   g 7/2)  0.56     16.1582      0.0000     -0.0013
 j = 7/2+  (   g 7/2)  0.51     30.8837      0.0000     -0.0050
 j = 7/2+  (   g 7/2)  0.68     38.8600      0.0000     -0.3081
 j = 7/2+  (   g 7/2)  0.54     52.6598      0.0000     -0.0146
 j = 7/2+  (   g 7/2)  0.64     64.6742      0.0000     -0.1617
 j = 7/2+  (   g 7/2)  0.71     95.5923      0.0000     -0.0713
 j = 7/2-  (   f 7/2)  0.97    -29.2077      0.9994     -0.9574
 j = 7/2-  (   f 7/2)  0.95     -2.2323      0.0024     -0.7016
 j = 7/2-  (   f 7/2)  0.58     15.5585      0.0000     -0.0024
 j = 7/2-  (   f 7/2)  0.84     24.9286      0.0000     -0.3765
 j = 7/2-  (   f 7/2)  0.52     30.9010      0.0000     -0.0089
 j = 7/2-  (   f 7/2)  0.66     51.2014      0.0000     -0.2068
 j = 7/2-  (   f 7/2)  0.62     52.6453      0.0000     -0.0307
 j = 7/2-  (   f 7/2)  0.66     92.5470      0.0000     -0.1091
 j = 9/2+  (   g 9/2)  0.98    -20.4000      0.9984     -0.8768
 j = 9/2+  (   g 9/2)  0.92      8.4044      0.0002     -0.5402
 j = 9/2+  (   g 9/2)  0.56     16.1384      0.0000     -0.0014
 j = 9/2+  (   g 9/2)  0.51     30.8368      0.0000     -0.0051
 j = 9/2+  (   g 9/2)  0.70     37.0186      0.0000     -0.3134
 j = 9/2+  (   g 9/2)  0.54     52.3333      0.0000     -0.0148
 j = 9/2+  (   g 9/2)  0.65     63.5553      0.0000     -0.1597
 j = 9/2+  (   g 9/2)  0.71     94.4486      0.0000     -0.0710
 j = 9/2-  (   h 9/2)  0.98     -5.5897      0.0100     -0.7725
 j = 9/2-  (   h 9/2)  0.57     18.0585      0.0000     -0.0023
 j = 9/2-  (   h 9/2)  0.84     22.6407      0.0000     -0.4112
 j = 9/2-  (   h 9/2)  0.51     32.8386      0.0000     -0.0102
 j = 9/2-  (   h 9/2)  0.66     50.5427      0.0000     -0.2472
 j = 9/2-  (   h 9/2)  0.64     54.2082      0.0000     -0.0356
 j = 9/2-  (   h 9/2)  0.67     91.9063      0.0000     -0.1122
 j =11/2+  (   i11/2)  0.96      5.5606      0.0005     -0.6882
 j =11/2+  (   i11/2)  0.56     19.1205      0.0000     -0.0013
 j =11/2+  (   i11/2)  0.55     33.2925      0.0000     -0.0061
 j =11/2+  (   i11/2)  0.77     33.6809      0.0000     -0.3015
 j =11/2+  (   i11/2)  0.56     54.5402      0.0000     -0.0177
 j =11/2+  (   i11/2)  0.64     65.2525      0.0000     -0.1963
 j =11/2+  (   i11/2)  0.71     93.5447      0.0000     -0.0798
 j =11/2-  (   h11/2)  0.98    -11.2367      0.9597     -0.7890
 j =11/2-  (   h11/2)  0.57     18.0210      0.0000     -0.0024
 j =11/2-  (   h11/2)  0.86     19.5005      0.0000     -0.4010
 j =11/2-  (   h11/2)  0.51     32.8143      0.0000     -0.0108
 j =11/2-  (   h11/2)  0.66     48.4569      0.0000     -0.2510
 j =11/2-  (   h11/2)  0.64     53.4588      0.0000     -0.0361
 j =11/2-  (   h11/2)  0.67     90.3266      0.0000     -0.1114
 j =13/2+  (   i13/2)  0.96     -1.8205      0.0021     -0.6984
 j =13/2+  (   i13/2)  0.56     19.0994      0.0000     -0.0014
 j =13/2+  (   i13/2)  0.79     30.1473      0.0000     -0.2985
 j =13/2+  (   i13/2)  0.54     33.3051      0.0000     -0.0065
 j =13/2+  (   i13/2)  0.57     54.0617      0.0000     -0.0183
 j =13/2+  (   i13/2)  0.65     62.9822      0.0000     -0.1986
 j =13/2+  (   i13/2)  0.72     91.5833      0.0000     -0.0799
 j =13/2-  (   j13/2)  0.92     16.7286      0.0001     -0.5903
 j =13/2-  (   j13/2)  0.56     21.9315      0.0000     -0.0021
 j =13/2-  (   j13/2)  0.51     36.6060      0.0000     -0.0114
 j =13/2-  (   j13/2)  0.67     44.7421      0.0000     -0.2305
 j =13/2-  (   j13/2)  0.68     57.3153      0.0000     -0.0442
 j =13/2-  (   j13/2)  0.66     90.3015      0.0000     -0.1252
 j =15/2+  (   k15/2)  0.54     23.4012      0.0000     -0.0012
 j =15/2+  (   k15/2)  0.87     28.1334      0.0000     -0.4978
 j =15/2+  (   k15/2)  0.53     38.1305      0.0000     -0.0062
 j =15/2+  (   k15/2)  0.66     56.2726      0.0000     -0.1806
 j =15/2+  (   k15/2)  0.64     59.0133      0.0000     -0.0223
 j =15/2+  (   k15/2)  0.67     95.1305      0.0000     -0.0888
 j =15/2-  (   j15/2)  0.93      7.9464      0.0003     -0.5989
 j =15/2-  (   j15/2)  0.56     21.8739      0.0000     -0.0022
 j =15/2-  (   j15/2)  0.52     36.5609      0.0000     -0.0123
 j =15/2-  (   j15/2)  0.69     40.6444      0.0000     -0.2307
 j =15/2-  (   j15/2)  0.69     56.1167      0.0000     -0.0451
 j =15/2-  (   j15/2)  0.66     87.8970      0.0000     -0.1253
 j =17/2+  (   k17/2)  0.88     18.0419      0.0001     -0.5059
 j =17/2+  (   k17/2)  0.54     23.3546      0.0000     -0.0012
 j =17/2+  (   k17/2)  0.52     38.0940      0.0000     -0.0066
 j =17/2+  (   k17/2)  0.66     51.6891      0.0000     -0.1817
 j =17/2+  (   k17/2)  0.65     58.0917      0.0000     -0.0229
 j =17/2+  (   k17/2)  0.68     92.4791      0.0000     -0.0886
 j =17/2-  (   l17/2)  0.57     27.1947      0.0000     -0.0023
 j =17/2-  (   l17/2)  0.80     39.2650      0.0000     -0.4080
 j =17/2-  (   l17/2)  0.65     41.9216      0.0000     -0.0171
 j =17/2-  (   l17/2)  0.73     60.0183      0.0000     -0.0688
 j =17/2-  (   l17/2)  0.66     86.9545      0.0000     -0.1030
 j =19/2+  (   m19/2)  0.57     29.0452      0.0000     -0.0012
 j =19/2+  (   m19/2)  0.62     44.2313      0.0000     -0.0090
 j =19/2+  (   m19/2)  0.72     50.9443      0.0000     -0.3291
 j =19/2+  (   m19/2)  0.69     63.1847      0.0000     -0.0390
 j =19/2+  (   m19/2)  0.66     93.1901      0.0000     -0.0904
 j =19/2-  (   l19/2)  0.63     27.4512      0.0000     -0.0014
 j =19/2-  (   l19/2)  0.81     28.2399      0.0000     -0.4145
 j =19/2-  (   l19/2)  0.58     44.6195      0.0000     -0.0055
 j =19/2-  (   l19/2)  0.65     64.2574      0.0000     -0.1454
 j =19/2-  (   l19/2)  0.79     72.2422      0.0000     -0.0398
 j =21/2+  (   m21/2)  0.57     28.9788      0.0000     -0.0013
 j =21/2+  (   m21/2)  0.73     39.0892      0.0000     -0.3342
 j =21/2+  (   m21/2)  0.62     43.9101      0.0000     -0.0111
 j =21/2+  (   m21/2)  0.71     61.0265      0.0000     -0.0425
 j =21/2+  (   m21/2)  0.69     88.1658      0.0000     -0.0867
 j =21/2-  (   n21/2)  0.62     34.2647      0.0000     -0.0016
 j =21/2-  (   n21/2)  0.60     52.2062      0.0000     -0.0089
 j =21/2-  (   n21/2)  0.63     63.5782      0.0000     -0.2634
 j =21/2-  (   n21/2)  0.76     78.4092      0.0000     -0.0618
 j =23/2+  (   o23/2)  0.61     36.3258      0.0000     -0.0011
 j =23/2+  (   o23/2)  0.63     54.8657      0.0000     -0.0046
 j =23/2+  (   o23/2)  0.60     75.0777      0.0000     -0.2067
 j =23/2+  (   o23/2)  0.74     80.0839      0.0000     -0.0395
 j =23/2-  (   n23/2)  0.63     34.1659      0.0000     -0.0018
 j =23/2-  (   n23/2)  0.64     50.6959      0.0000     -0.2681
 j =23/2-  (   n23/2)  0.60     51.6784      0.0000     -0.0098
 j =23/2-  (   n23/2)  0.77     74.0016      0.0000     -0.0614
 j =25/2+  (   o25/2)  0.60     36.2322      0.0000     -0.0013
 j =25/2+  (   o25/2)  0.63     54.5572      0.0000     -0.0049
 j =25/2+  (   o25/2)  0.61     61.3941      0.0000     -0.2105
 j =25/2+  (   o25/2)  0.75     76.4704      0.0000     -0.0395
 j =25/2-  (   P25/2)  0.68     43.1182      0.0000     -0.0021
 j =25/2-  (   P25/2)  0.80     62.5293      0.0000     -0.0246
 j =25/2-  (   P25/2)  0.71     81.3561      0.0000     -0.1231
 j =27/2+  (   q27/2)  0.68     45.5230      0.0000     -0.0014
 j =27/2+  (   q27/2)  0.79     66.5809      0.0000     -0.0104
 j =27/2+  (   q27/2)  0.68     86.9805      0.0000     -0.0887
 j =27/2-  (   P27/2)  0.65     42.8956      0.0000     -0.0037
 j =27/2-  (   P27/2)  0.80     60.2432      0.0000     -0.0460
 j =27/2-  (   P27/2)  0.79     71.6088      0.0000     -0.1019
 j =29/2+  (   q29/2)  0.66     45.3389      0.0000     -0.0021
 j =29/2+  (   q29/2)  0.81     65.5278      0.0000     -0.0149
 j =29/2+  (   q29/2)  0.73     77.8081      0.0000     -0.0845
 j =29/2-  (   r29/2)  0.76     54.9851      0.0000     -0.0014
 j =29/2-  (   r29/2)  0.75     79.9178      0.0000     -0.0357
 j =31/2+  (   S31/2)  0.76     57.6845      0.0000     -0.0010
 j =31/2+  (   S31/2)  0.75     84.6695      0.0000     -0.0209
 j =31/2-  (   r31/2)  0.75     54.7842      0.0000     -0.0016
 j =31/2-  (   r31/2)  0.74     75.8255      0.0000     -0.0357
 j =33/2+  (   S33/2)  0.75     57.5160      0.0000     -0.0010
 j =33/2+  (   S33/2)  0.74     81.6606      0.0000     -0.0208
 j =33/2-  (   t33/2)  0.98     72.1465      0.0000     -0.0038
 j =35/2+  (   u35/2)  0.98     75.3726      0.0000     -0.0021
 j =35/2-  (   t35/2)  0.98     71.5284      0.0000     -0.0038
 j =37/2+  (   u37/2)  0.98     74.9525      0.0000     -0.0021
  ****** END CANON **********************************
  ****** BEGIN RESU *********************************
   ****** BEGIN EXPECT *******

                            neutron        proton         total
 particle number           130.000000      80.000000     210.000000
 trace scalar density      123.997387      76.955175     200.952562
 lambda                     -3.433986      -9.393031
 spk                        10.997186      -6.176559
 rms-Radius                  5.716268       5.478765       5.626973
 charge-Radius                              5.536864
 Particle Energ          -3152.008925   -1904.210842   -5056.219767
 Selfconsistency Test.                                    -0.000002

 Kinetic Energy           1846.146982     919.884280    2766.031262
 E-scsc                                               -31824.898205
 E-scve                                                26533.588483
 E-vesc                                                    0.000000
 E-veve                                                  122.304608
 E-rearrang.                                             947.093280
 Coulomb direct                                          784.332960
 Pairing Energy             -8.987086      -4.833445     -13.820531
 Sum without E-cm                                      -1632.461423
DE-cm <P**2>/2M            -12.430850      -6.215797     -18.646647
NE-cm <P**2>/2M              9.029769       4.000263      13.030032
 E-cm <P**2>/2M             -3.401081      -2.215534      -5.616615
 Total Energy                                          -1638.078038
 E/A                                                      -7.800372

  ****** END EXPECT *********************************


 quasi-particle properties Neutron:
 ------------------------------------------------------------------
     p/h    l j     [nr,l,j]  smax       Eqp       uu       vv
   1  p   1s 1/2   ( 4s  1/2) 0.83     3.933     0.998     0.002
   2  p   2s 1/2   ( 4s  1/2) 0.49     8.585     0.999     0.001
   3  h   3s 1/2   ( 3s  1/2) 0.95    14.945     0.008     0.992
   4  p   4s 1/2   ( 5s  1/2) 0.70    17.307     0.994     0.006
   5  p   5s 1/2   ( 6s  1/2) 0.56    30.069     1.000     0.000
   6  h   6s 1/2   ( 2s  1/2) 0.89    38.547     0.000     1.000
   7  p   7s 1/2   ( 6s  1/2) 0.55    45.181     1.000     0.000
   8  h   8s 1/2   ( 1s  1/2) 0.93    57.544     0.000     1.000
   9  p   9s 1/2   ( 8s  1/2) 0.60    64.389     1.000     0.000
  10  p  10s 1/2   ( 9s  1/2) 0.64    95.788     1.000     0.000
  11  h   1p 1/2   ( 3p  1/2) 0.97     4.208     0.011     0.989
  12  p   2p 1/2   ( 4p  1/2) 0.55     6.808     0.998     0.002
  13  p   3p 1/2   ( 4p  1/2) 0.72    14.075     1.000     0.000
  14  p   4p 1/2   ( 5p  1/2) 0.69    25.077     1.000     0.000
  15  h   5p 1/2   ( 2p  1/2) 0.95    27.412     0.001     0.999
  16  p   6p 1/2   ( 6p  1/2) 0.62    39.677     1.000     0.000
  17  h   7p 1/2   ( 1p  1/2) 0.96    50.895     0.000     1.000
  18  p   8p 1/2   ( 7p  1/2) 0.65    58.122     1.000     0.000
  19  p   9p 1/2   ( 8p  1/2) 0.64    88.238     1.000     0.000
  20  p   1d 3/2   ( 3d  3/2) 0.89     4.148     0.996     0.004
  21  p   2d 3/2   ( 5d  3/2) 0.46     8.850     0.999     0.001
  22  h   3d 3/2   ( 2d  3/2) 0.96    16.252     0.017     0.983
  23  p   4d 3/2   ( 4d  3/2) 0.71    17.667     0.985     0.015
  24  p   5d 3/2   ( 5d  3/2) 0.58    30.184     1.000     0.000
  25  h   6d 3/2   ( 1d  3/2) 0.98    42.417     0.000     1.000
  26  p   7d 3/2   ( 5d  3/2) 0.55    45.330     1.000     0.000
  27  p   8d 3/2   ( 7d  3/2) 0.61    64.506     1.000     0.000
  28  p   9d 3/2   ( 8d  3/2) 0.64    95.823     1.000     0.000
  29  h   1p 3/2   ( 3p  3/2) 0.96     4.828     0.009     0.991
  30  p   2p 3/2   ( 4p  3/2) 0.56     6.748     0.998     0.002
  31  p   3p 3/2   ( 4p  3/2) 0.72    13.899     1.000     0.000
  32  p   4p 3/2   ( 5p  3/2) 0.69    24.918     1.000     0.000
  33  h   5p 3/2   ( 2p  3/2) 0.93    28.236     0.001     0.999
  34  p   6p 3/2   ( 6p  3/2) 0.61    39.492     1.000     0.000
  35  h   7p 3/2   ( 1p  3/2) 0.95    51.303     0.000     1.000
  36  p   8p 3/2   ( 7p  3/2) 0.64    57.798     1.000     0.000
  37  p   9p 3/2   ( 8p  3/2) 0.64    88.353     1.000     0.000
  38  p   1d 5/2   ( 3d  5/2) 0.91     3.545     0.995     0.005
  39  p   2d 5/2   ( 5d  5/2) 0.49     8.586     0.999     0.001
  40  p   3d 5/2   ( 4d  5/2) 0.70    17.265     0.953     0.047
  41  h   4d 5/2   ( 2d  5/2) 0.94    17.998     0.048     0.952
  42  p   5d 5/2   ( 5d  5/2) 0.59    29.825     1.000     0.000
  43  h   6d 5/2   ( 1d  5/2) 0.97    43.563     0.001     0.999
  44  p   7d 5/2   ( 5d  5/2) 0.53    44.860     1.000     0.000
  45  p   8d 5/2   ( 7d  5/2) 0.61    63.848     1.000     0.000
  46  p   9d 5/2   ( 8d  5/2) 0.64    95.725     1.000     0.000
  47  h   1f 5/2   ( 2f  5/2) 0.98     5.766     0.007     0.993
  48  p   2f 5/2   ( 3f  5/2) 0.60     7.966     1.000     0.000
  49  p   3f 5/2   ( 3f  5/2) 0.73    14.283     1.000     0.000
  50  p   4f 5/2   ( 4f  5/2) 0.73    24.766     1.000     0.000
  51  h   5f 5/2   ( 1f  5/2) 0.98    32.600     0.000     1.000
  52  p   6f 5/2   ( 5f  5/2) 0.65    39.555     1.000     0.000
  53  p   7f 5/2   ( 6f  5/2) 0.66    57.823     1.000     0.000
  54  p   8f 5/2   ( 7f  5/2) 0.64    87.756     1.000     0.000
  55  p   1g 7/2   ( 2g  7/2) 0.96     3.641     0.989     0.011
  56  p   2g 7/2   ( 4g  7/2) 0.49     9.907     1.000     0.000
  57  p   3g 7/2   ( 3g  7/2) 0.74    18.395     0.999     0.001
  58  h   4g 7/2   ( 1g  7/2) 0.98    21.866     0.002     0.998
  59  p   5g 7/2   ( 4g  7/2) 0.63    30.003     1.000     0.000
  60  p   6g 7/2   ( 5g  7/2) 0.57    44.834     1.000     0.000
  61  p   7g 7/2   ( 6g  7/2) 0.63    63.903     1.000     0.000
  62  p   8g 7/2   ( 7g  7/2) 0.64    94.681     1.000     0.000
  63  p   1f 7/2   ( 3f  7/2) 0.63     7.766     0.995     0.005
  64  h   2f 7/2   ( 2f  7/2) 0.97     8.077     0.008     0.992
  65  p   3f 7/2   ( 3f  7/2) 0.71    13.611     1.000     0.000
  66  p   4f 7/2   ( 4f  7/2) 0.73    24.177     1.000     0.000
  67  h   5f 7/2   ( 1f  7/2) 0.98    34.843     0.001     0.999
  68  p   6f 7/2   ( 5f  7/2) 0.65    38.837     1.000     0.000
  69  p   7f 7/2   ( 6f  7/2) 0.66    56.741     1.000     0.000
  70  p   8f 7/2   ( 7f  7/2) 0.64    87.208     1.000     0.000
  71  p   1g 9/2   ( 2g  9/2) 0.94     1.418     0.922     0.078
  72  p   2g 9/2   ( 4g  9/2) 0.50     9.659     1.000     0.000
  73  p   3g 9/2   ( 3g  9/2) 0.74    17.698     1.000     0.000
  74  h   4g 9/2   ( 1g  9/2) 0.98    25.528     0.001     0.999
  75  p   5g 9/2   ( 4g  9/2) 0.66    29.163     1.000     0.000
  76  p   6g 9/2   ( 5g  9/2) 0.59    43.832     1.000     0.000
  77  p   7g 9/2   ( 6g  9/2) 0.63    62.467     1.000     0.000
  78  p   8g 9/2   ( 7g  9/2) 0.64    93.750     1.000     0.000
  79  p   1h 9/2   ( 2h  9/2) 0.74     9.900     0.990     0.010
  80  h   2h 9/2   ( 1h  9/2) 0.97    10.663     0.014     0.986
  81  p   3h 9/2   ( 2h  9/2) 0.62    14.255     0.998     0.002
  82  p   4h 9/2   ( 3h  9/2) 0.76    24.841     1.000     0.000
  83  p   5h 9/2   ( 4h  9/2) 0.68    39.478     1.000     0.000
  84  p   6h 9/2   ( 5h  9/2) 0.69    57.107     1.000     0.000
  85  p   7h 9/2   ( 6h  9/2) 0.64    86.053     1.000     0.000
  86  p   1i11/2   ( 1i 11/2) 0.84     1.095     0.752     0.248
  87  p   2i11/2   ( 4i 11/2) 0.49    12.526     1.000     0.000
  88  p   3i11/2   ( 2i 11/2) 0.79    19.440     1.000     0.000
  89  p   4i11/2   ( 3i 11/2) 0.72    29.350     1.000     0.000
  90  p   5i11/2   ( 4i 11/2) 0.63    44.387     1.000     0.000
  91  p   6i11/2   ( 5i 11/2) 0.66    63.234     1.000     0.000
  92  p   7i11/2   ( 6i 11/2) 0.64    92.787     1.000     0.000
  93  p   1h11/2   ( 2h 11/2) 0.89     8.823     0.999     0.001
  94  p   2h11/2   ( 4h 11/2) 0.49    13.003     0.998     0.002
  95  h   3h11/2   ( 1h 11/2) 0.98    15.938     0.003     0.997
  96  p   4h11/2   ( 3h 11/2) 0.76    23.868     1.000     0.000
  97  p   5h11/2   ( 4h 11/2) 0.70    38.207     1.000     0.000
  98  p   6h11/2   ( 5h 11/2) 0.69    55.259     1.000     0.000
  99  p   7h11/2   ( 6h 11/2) 0.64    84.646     1.000     0.000
 100  h   1i13/2   ( 1i 13/2) 0.97     6.327     0.006     0.994
 101  p   2i13/2   ( 2i 13/2) 0.53    12.330     1.000     0.000
 102  p   3i13/2   ( 2i 13/2) 0.79    18.005     1.000     0.000
 103  p   4i13/2   ( 3i 13/2) 0.75    27.911     1.000     0.000
 104  p   5i13/2   ( 4i 13/2) 0.66    42.903     1.000     0.000
 105  p   6i13/2   ( 5i 13/2) 0.66    60.909     1.000     0.000
 106  p   7i13/2   ( 6i 13/2) 0.64    91.020     1.000     0.000
 107  p   1j13/2   ( 1j 13/2) 0.97    10.892     0.999     0.001
 108  p   2j13/2   ( 4j 13/2) 0.51    15.832     1.000     0.000
 109  p   3j13/2   ( 2j 13/2) 0.79    25.983     1.000     0.000
 110  p   4j13/2   ( 3j 13/2) 0.74    38.791     1.000     0.000
 111  p   5j13/2   ( 4j 13/2) 0.72    55.900     1.000     0.000
 112  p   6j13/2   ( 5j 13/2) 0.65    84.126     1.000     0.000
 113  p   1k15/2   ( 3k 15/2) 0.49    16.855     1.000     0.000
 114  p   2k15/2   ( 1k 15/2) 0.85    20.874     1.000     0.000
 115  p   3k15/2   ( 2k 15/2) 0.77    30.354     1.000     0.000
 116  p   4k15/2   ( 3k 15/2) 0.68    44.392     1.000     0.000
 117  p   5k15/2   ( 4k 15/2) 0.69    61.725     1.000     0.000
 118  p   6k15/2   ( 5k 15/2) 0.65    90.346     1.000     0.000
 119  p   1j15/2   ( 1j 15/2) 0.97     3.364     0.983     0.017
 120  p   2j15/2   ( 3j 15/2) 0.52    15.402     1.000     0.000
 121  p   3j15/2   ( 2j 15/2) 0.79    24.498     1.000     0.000
 122  p   4j15/2   ( 3j 15/2) 0.76    36.904     1.000     0.000
 123  p   5j15/2   ( 4j 15/2) 0.72    53.271     1.000     0.000
 124  p   6j15/2   ( 6j 15/2) 0.64    81.646     1.000     0.000
 125  p   1k17/2   ( 1k 17/2) 0.97    12.340     0.999     0.001
 126  p   2k17/2   ( 3k 17/2) 0.52    17.516     1.000     0.000
 127  p   3k17/2   ( 2k 17/2) 0.78    28.338     1.000     0.000
 128  p   4k17/2   ( 3k 17/2) 0.73    42.138     1.000     0.000
 129  p   5k17/2   ( 4k 17/2) 0.71    58.523     1.000     0.000
 130  p   6k17/2   ( 5k 17/2) 0.64    87.384     1.000     0.000
 131  p   1l17/2   ( 3l 17/2) 0.55    20.708     1.000     0.000
 132  p   2l17/2   ( 1l 17/2) 0.87    28.747     1.000     0.000
 133  p   3l17/2   ( 2l 17/2) 0.77    39.142     1.000     0.000
 134  p   4l17/2   ( 3l 17/2) 0.73    56.179     1.000     0.000
 135  p   5l17/2   ( 5l 17/2) 0.66    80.892     1.000     0.000
 136  p   1m19/2   ( 3m 19/2) 0.57    22.991     1.000     0.000
 137  p   2m19/2   ( 1m 19/2) 0.82    33.819     1.000     0.000
 138  p   3m19/2   ( 2m 19/2) 0.70    44.693     1.000     0.000
 139  p   4m19/2   ( 3m 19/2) 0.71    61.964     1.000     0.000
 140  p   5m19/2   ( 4m 19/2) 0.65    87.720     1.000     0.000
 141  p   1l19/2   ( 1l 19/2) 0.78    19.796     1.000     0.000
 142  p   2l19/2   ( 1l 19/2) 0.59    22.598     1.000     0.000
 143  p   3l19/2   ( 2l 19/2) 0.77    36.081     1.000     0.000
 144  p   4l19/2   ( 3l 19/2) 0.75    51.934     1.000     0.000
 145  p   5l19/2   ( 5l 19/2) 0.68    76.940     1.000     0.000
 146  p   1m21/2   ( 3m 21/2) 0.56    22.885     1.000     0.000
 147  p   2m21/2   ( 1m 21/2) 0.90    29.463     1.000     0.000
 148  p   3m21/2   ( 2m 21/2) 0.80    40.097     1.000     0.000
 149  p   4m21/2   ( 3m 21/2) 0.75    56.801     1.000     0.000
 150  p   5m21/2   ( 5m 21/2) 0.67    82.484     1.000     0.000
 151  p   1n21/2   ( 2n 21/2) 0.60    27.801     1.000     0.000
 152  p   2n21/2   ( 1n 21/2) 0.82    41.547     1.000     0.000
 153  p   3n21/2   ( 2n 21/2) 0.74    55.508     1.000     0.000
 154  p   4n21/2   ( 4n 21/2) 0.67    80.104     1.000     0.000
 155  p   1o23/2   ( 2o 23/2) 0.60    30.236     1.000     0.000
 156  p   2o23/2   ( 1o 23/2) 0.80    45.434     1.000     0.000
 157  p   3o23/2   ( 2o 23/2) 0.72    60.988     1.000     0.000
 158  p   4o23/2   ( 4o 23/2) 0.66    86.311     1.000     0.000
 159  p   1n23/2   ( 3n 23/2) 0.56    27.611     1.000     0.000
 160  p   2n23/2   ( 1n 23/2) 0.86    38.252     1.000     0.000
 161  p   3n23/2   ( 2n 23/2) 0.74    49.181     1.000     0.000
 162  p   4n23/2   ( 4n 23/2) 0.74    71.998     1.000     0.000
 163  p   1o25/2   ( 2o 25/2) 0.59    30.144     1.000     0.000
 164  p   2o25/2   ( 1o 25/2) 0.86    43.748     1.000     0.000
 165  p   3o25/2   ( 2o 25/2) 0.77    54.754     1.000     0.000
 166  p   4o25/2   ( 4o 25/2) 0.73    76.657     1.000     0.000
 167  p   1P25/2   ( 2P 25/2) 0.68    36.661     1.000     0.000
 168  p   2P25/2   ( 1P 25/2) 0.78    55.136     1.000     0.000
 169  p   3P25/2   ( 3P 25/2) 0.70    76.870     1.000     0.000
 170  p   1q27/2   ( 2q 27/2) 0.68    39.316     1.000     0.000
 171  p   2q27/2   ( 1q 27/2) 0.78    59.040     1.000     0.000
 172  p   3q27/2   ( 3q 27/2) 0.69    82.115     1.000     0.000
 173  p   1P27/2   ( 2P 27/2) 0.65    36.485     1.000     0.000
 174  p   2P27/2   ( 1P 27/2) 0.79    53.141     1.000     0.000
 175  p   3P27/2   ( 3P 27/2) 0.77    66.730     1.000     0.000
 176  p   1q29/2   ( 2q 29/2) 0.66    39.174     1.000     0.000
 177  p   2q29/2   ( 1q 29/2) 0.79    58.014     1.000     0.000
 178  p   3q29/2   ( 3q 29/2) 0.72    72.804     1.000     0.000
 179  p   1r29/2   ( 1r 29/2) 0.78    48.209     1.000     0.000
 180  p   2r29/2   ( 2r 29/2) 0.77    73.182     1.000     0.000
 181  p   1S31/2   ( 1S 31/2) 0.77    51.142     1.000     0.000
 182  p   2S31/2   ( 2S 31/2) 0.77    77.567     1.000     0.000
 183  p   1r31/2   ( 1r 31/2) 0.77    48.055     1.000     0.000
 184  p   2r31/2   ( 2r 31/2) 0.76    68.999     1.000     0.000
 185  p   1S33/2   ( 1S 33/2) 0.76    51.015     1.000     0.000
 186  p   2S33/2   ( 2S 33/2) 0.76    74.491     1.000     0.000
 187  p   1t33/2   ( 1t 33/2) 0.98    64.895     1.000     0.000
 188  p   1u35/2   ( 1u 35/2) 0.98    68.260     1.000     0.000
 189  p   1t35/2   ( 1t 35/2) 0.98    64.289     1.000     0.000
 190  p   1u37/2   ( 1u 37/2) 0.98    67.858     1.000     0.000


 quasi-particle properties Proton: 
 ------------------------------------------------------------------
     p/h    l j     [nr,l,j]  smax       Eqp       uu       vv
   1  p   1s 1/2   ( 3s  1/2) 0.67     1.108     0.518     0.482
   2  p   2s 1/2   ( 4s  1/2) 0.79    20.212     0.995     0.005
   3  h   3s 1/2   ( 2s  1/2) 0.85    22.737     0.030     0.970
   4  p   4s 1/2   ( 4s  1/2) 0.55    23.956     0.976     0.024
   5  p   5s 1/2   ( 5s  1/2) 0.71    33.058     0.999     0.001
   6  h   6s 1/2   ( 1s  1/2) 0.91    40.885     0.000     1.000
   7  p   7s 1/2   ( 6s  1/2) 0.55    46.233     1.000     0.000
   8  p   8s 1/2   ( 6s  1/2) 0.55    61.205     1.000     0.000
   9  p   9s 1/2   ( 8s  1/2) 0.59    80.330     1.000     0.000
  11  p   1p 1/2   ( 3p  1/2) 0.96    11.201     0.999     0.001
  12  h   2p 1/2   ( 2p  1/2) 0.92    11.822     0.003     0.997
  13  p   3p 1/2   ( 5p  1/2) 0.49    22.631     1.000     0.000
  14  p   4p 1/2   ( 4p  1/2) 0.77    29.948     1.000     0.000
  15  h   5p 1/2   ( 1p  1/2) 0.94    34.657     0.000     1.000
  16  p   6p 1/2   ( 5p  1/2) 0.70    41.010     1.000     0.000
  17  p   7p 1/2   ( 6p  1/2) 0.62    55.678     1.000     0.000
  18  p   8p 1/2   ( 7p  1/2) 0.65    73.939     1.000     0.000
  20  h   1d 3/2   ( 2d  3/2) 0.90     1.376     0.114     0.886
  21  p   2d 3/2   ( 3d  3/2) 0.88    20.377     1.000     0.000
  22  p   3d 3/2   ( 5d  3/2) 0.45    24.118     1.000     0.000
  23  h   4d 3/2   ( 1d  3/2) 0.97    26.658     0.001     0.999
  24  p   5d 3/2   ( 4d  3/2) 0.73    33.409     1.000     0.000
  25  p   6d 3/2   ( 5d  3/2) 0.57    46.271     1.000     0.000
  26  p   7d 3/2   ( 5d  3/2) 0.55    61.218     1.000     0.000
  27  p   8d 3/2   ( 7d  3/2) 0.61    80.302     1.000     0.000
  29  p   1p 3/2   ( 3p  3/2) 0.96    10.641     0.999     0.001
  30  h   2p 3/2   ( 2p  3/2) 0.91    12.677     0.002     0.998
  31  p   3p 3/2   ( 5p  3/2) 0.49    22.592     1.000     0.000
  32  p   4p 3/2   ( 4p  3/2) 0.77    29.757     1.000     0.000
  33  h   5p 3/2   ( 1p  3/2) 0.93    35.179     0.000     1.000
  34  p   6p 3/2   ( 5p  3/2) 0.70    40.851     1.000     0.000
  35  p   7p 3/2   ( 6p  3/2) 0.61    55.496     1.000     0.000
  36  p   8p 3/2   ( 7p  3/2) 0.64    73.622     1.000     0.000
  38  h   1d 5/2   ( 2d  5/2) 0.93     2.898     0.023     0.977
  39  p   2d 5/2   ( 3d  5/2) 0.91    19.781     1.000     0.000
  40  p   3d 5/2   ( 5d  5/2) 0.47    23.881     1.000     0.000
  41  h   4d 5/2   ( 1d  5/2) 0.96    28.007     0.001     0.999
  42  p   5d 5/2   ( 4d  5/2) 0.73    33.109     1.000     0.000
  43  p   6d 5/2   ( 5d  5/2) 0.58    45.927     1.000     0.000
  44  p   7d 5/2   ( 5d  5/2) 0.54    60.773     1.000     0.000
  45  p   8d 5/2   ( 7d  5/2) 0.60    79.684     1.000     0.000
  47  p   1f 5/2   ( 2f  5/2) 0.97     9.231     0.998     0.002
  48  h   2f 5/2   ( 1f  5/2) 0.98    17.311     0.001     0.999
  49  p   3f 5/2   ( 3f  5/2) 0.51    23.946     1.000     0.000
  50  p   4f 5/2   ( 3f  5/2) 0.79    30.216     1.000     0.000
  51  p   5f 5/2   ( 4f  5/2) 0.73    40.805     1.000     0.000
  52  p   6f 5/2   ( 5f  5/2) 0.64    55.684     1.000     0.000
  53  p   7f 5/2   ( 6f  5/2) 0.66    73.672     1.000     0.000
  55  h   1g 7/2   ( 1g  7/2) 0.98     7.057     0.004     0.996
  56  p   2g 7/2   ( 2g  7/2) 0.97    18.763     1.000     0.000
  57  p   3g 7/2   ( 5g  7/2) 0.48    25.248     1.000     0.000
  58  p   4g 7/2   ( 3g  7/2) 0.76    34.312     1.000     0.000
  59  p   5g 7/2   ( 4g  7/2) 0.63    46.048     1.000     0.000
  60  p   6g 7/2   ( 5g  7/2) 0.56    60.898     1.000     0.000
  61  p   7g 7/2   ( 6g  7/2) 0.63    79.777     1.000     0.000
  63  p   1f 7/2   ( 2f  7/2) 0.96     6.961     0.998     0.002
  64  h   2f 7/2   ( 1f  7/2) 0.97    19.838     0.001     0.999
  65  p   3f 7/2   ( 3f  7/2) 0.54    23.811     1.000     0.000
  66  p   4f 7/2   ( 3f  7/2) 0.77    29.456     1.000     0.000
  67  p   5f 7/2   ( 4f  7/2) 0.74    40.244     1.000     0.000
  68  p   6f 7/2   ( 5f  7/2) 0.65    55.016     1.000     0.000
  69  p   7f 7/2   ( 6f  7/2) 0.65    72.645     1.000     0.000
  71  h   1g 9/2   ( 1g  9/2) 0.98    11.040     0.002     0.998
  72  p   2g 9/2   ( 2g  9/2) 0.97    16.378     1.000     0.000
  73  p   3g 9/2   ( 5g  9/2) 0.48    25.106     1.000     0.000
  74  p   4g 9/2   ( 3g  9/2) 0.77    33.638     1.000     0.000
  75  p   5g 9/2   ( 4g  9/2) 0.66    45.150     1.000     0.000
  76  p   6g 9/2   ( 5g  9/2) 0.58    59.925     1.000     0.000
  77  p   7g 9/2   ( 6g  9/2) 0.62    78.394     1.000     0.000
  79  p   1h 9/2   ( 1h  9/2) 0.97     3.844     0.990     0.010
  80  p   2h 9/2   ( 2h  9/2) 0.73    25.919     1.000     0.000
  81  p   3h 9/2   ( 2h  9/2) 0.65    29.355     1.000     0.000
  82  p   4h 9/2   ( 3h  9/2) 0.77    40.684     1.000     0.000
  83  p   5h 9/2   ( 4h  9/2) 0.69    55.514     1.000     0.000
  84  p   6h 9/2   ( 5h  9/2) 0.68    72.808     1.000     0.000
  86  p   1i11/2   ( 1i 11/2) 0.97    14.597     0.999     0.001
  87  p   2i11/2   ( 4i 11/2) 0.50    28.101     1.000     0.000
  88  p   3i11/2   ( 2i 11/2) 0.84    35.348     1.000     0.000
  89  p   4i11/2   ( 3i 11/2) 0.74    44.884     1.000     0.000
  90  p   5i11/2   ( 4i 11/2) 0.64    60.270     1.000     0.000
  91  p   6i11/2   ( 5i 11/2) 0.66    78.727     1.000     0.000
  93  h   1h11/2   ( 1h 11/2) 0.96     2.005     0.040     0.960
  94  p   2h11/2   ( 2h 11/2) 0.91    24.748     1.000     0.000
  95  p   3h11/2   ( 4h 11/2) 0.50    28.156     1.000     0.000
  96  p   4h11/2   ( 3h 11/2) 0.78    39.826     1.000     0.000
  97  p   5h11/2   ( 4h 11/2) 0.71    54.244     1.000     0.000
  98  p   6h11/2   ( 5h 11/2) 0.69    70.984     1.000     0.000
 100  p   1i13/2   ( 1i 13/2) 0.97     7.510     0.998     0.002
 101  p   2i13/2   ( 4i 13/2) 0.48    27.982     1.000     0.000
 102  p   3i13/2   ( 2i 13/2) 0.85    33.715     1.000     0.000
 103  p   4i13/2   ( 3i 13/2) 0.77    43.521     1.000     0.000
 104  p   5i13/2   ( 4i 13/2) 0.66    58.886     1.000     0.000
 105  p   6i13/2   ( 5i 13/2) 0.67    76.448     1.000     0.000
 107  p   1j13/2   ( 1j 13/2) 0.98    24.950     1.000     0.000
 108  p   2j13/2   ( 4j 13/2) 0.53    31.279     1.000     0.000
 109  p   3j13/2   ( 2j 13/2) 0.82    42.188     1.000     0.000
 110  p   4j13/2   ( 3j 13/2) 0.76    54.586     1.000     0.000
 111  p   5j13/2   ( 4j 13/2) 0.72    71.342     1.000     0.000
 113  p   1k15/2   ( 4k 15/2) 0.49    32.330     1.000     0.000
 114  p   2k15/2   ( 1k 15/2) 0.85    35.063     1.000     0.000
 115  p   3k15/2   ( 2k 15/2) 0.78    46.082     1.000     0.000
 116  p   4k15/2   ( 3k 15/2) 0.69    60.354     1.000     0.000
 117  p   5k15/2   ( 4k 15/2) 0.70    77.110     1.000     0.000
 119  p   1j15/2   ( 1j 15/2) 0.97    16.889     1.000     0.000
 120  p   2j15/2   ( 4j 15/2) 0.52    31.049     1.000     0.000
 121  p   3j15/2   ( 2j 15/2) 0.82    40.616     1.000     0.000
 122  p   4j15/2   ( 3j 15/2) 0.78    52.686     1.000     0.000
 123  p   5j15/2   ( 4j 15/2) 0.73    68.908     1.000     0.000
 124  p   6j15/2   ( 6j 15/2) 0.64    97.527     1.000     0.000
 125  p   1k17/2   ( 1k 17/2) 0.96    26.135     1.000     0.000
 126  p   2k17/2   ( 4k 17/2) 0.53    32.750     1.000     0.000
 127  p   3k17/2   ( 2k 17/2) 0.80    44.394     1.000     0.000
 128  p   4k17/2   ( 3k 17/2) 0.74    58.055     1.000     0.000
 129  p   5k17/2   ( 4k 17/2) 0.72    74.051     1.000     0.000
 131  p   1l17/2   ( 3l 17/2) 0.56    36.397     1.000     0.000
 132  p   2l17/2   ( 1l 17/2) 0.90    43.654     1.000     0.000
 133  p   3l17/2   ( 2l 17/2) 0.79    54.562     1.000     0.000
 134  p   4l17/2   ( 3l 17/2) 0.74    71.608     1.000     0.000
 135  p   5l17/2   ( 5l 17/2) 0.66    96.362     1.000     0.000
 136  p   1m19/2   ( 3m 19/2) 0.58    38.400     1.000     0.000
 137  p   2m19/2   ( 1m 19/2) 0.87    49.702     1.000     0.000
 138  p   3m19/2   ( 2m 19/2) 0.75    59.632     1.000     0.000
 139  p   4m19/2   ( 3m 19/2) 0.72    77.056     1.000     0.000
 141  p   1l19/2   ( 1l 19/2) 0.92    34.786     1.000     0.000
 142  p   2l19/2   ( 2l 19/2) 0.57    37.121     1.000     0.000
 143  p   3l19/2   ( 2l 19/2) 0.77    52.236     1.000     0.000
 144  p   4l19/2   ( 3l 19/2) 0.76    67.546     1.000     0.000
 145  p   5l19/2   ( 5l 19/2) 0.68    92.484     1.000     0.000
 146  p   1m21/2   ( 3m 21/2) 0.57    38.315     1.000     0.000
 147  p   2m21/2   ( 1m 21/2) 0.91    44.021     1.000     0.000
 148  p   3m21/2   ( 2m 21/2) 0.80    55.719     1.000     0.000
 149  p   4m21/2   ( 3m 21/2) 0.75    72.434     1.000     0.000
 150  p   5m21/2   ( 5m 21/2) 0.67    97.866     1.000     0.000
 151  p   1n21/2   ( 3n 21/2) 0.59    43.494     1.000     0.000
 152  p   2n21/2   ( 1n 21/2) 0.85    57.973     1.000     0.000
 153  p   3n21/2   ( 2n 21/2) 0.76    70.061     1.000     0.000
 154  p   4n21/2   ( 4n 21/2) 0.68    94.892     1.000     0.000
 155  p   1o23/2   ( 3o 23/2) 0.60    45.678     1.000     0.000
 156  p   2o23/2   ( 1o 23/2) 0.82    62.099     1.000     0.000
 157  p   3o23/2   ( 2o 23/2) 0.75    75.978     1.000     0.000
 159  p   1n23/2   ( 3n 23/2) 0.58    43.286     1.000     0.000
 160  p   2n23/2   ( 1n 23/2) 0.86    53.597     1.000     0.000
 161  p   3n23/2   ( 2n 23/2) 0.72    64.472     1.000     0.000
 162  p   4n23/2   ( 4n 23/2) 0.74    87.087     1.000     0.000
 163  p   1o25/2   ( 3o 25/2) 0.59    45.573     1.000     0.000
 164  p   2o25/2   ( 1o 25/2) 0.88    59.927     1.000     0.000
 165  p   3o25/2   ( 2o 25/2) 0.78    69.647     1.000     0.000
 166  p   4o25/2   ( 4o 25/2) 0.74    91.491     1.000     0.000
 167  p   1P25/2   ( 2P 25/2) 0.68    52.511     1.000     0.000
 168  p   2P25/2   ( 1P 25/2) 0.80    71.922     1.000     0.000
 169  p   3P25/2   ( 3P 25/2) 0.71    90.749     1.000     0.000
 170  p   1q27/2   ( 2q 27/2) 0.68    54.916     1.000     0.000
 171  p   2q27/2   ( 1q 27/2) 0.79    75.974     1.000     0.000
 172  p   3q27/2   ( 3q 27/2) 0.68    96.374     1.000     0.000
 173  p   1P27/2   ( 2P 27/2) 0.65    52.289     1.000     0.000
 174  p   2P27/2   ( 1P 27/2) 0.80    69.636     1.000     0.000
 175  p   3P27/2   ( 3P 27/2) 0.79    81.002     1.000     0.000
 176  p   1q29/2   ( 2q 29/2) 0.66    54.732     1.000     0.000
 177  p   2q29/2   ( 1q 29/2) 0.81    74.921     1.000     0.000
 178  p   3q29/2   ( 3q 29/2) 0.73    87.201     1.000     0.000
 179  p   1r29/2   ( 1r 29/2) 0.76    64.378     1.000     0.000
 180  p   2r29/2   ( 2r 29/2) 0.75    89.311     1.000     0.000
 181  p   1S31/2   ( 1S 31/2) 0.76    67.078     1.000     0.000
 182  p   2S31/2   ( 2S 31/2) 0.75    94.063     1.000     0.000
 183  p   1r31/2   ( 1r 31/2) 0.75    64.177     1.000     0.000
 184  p   2r31/2   ( 2r 31/2) 0.74    85.219     1.000     0.000
 185  p   1S33/2   ( 1S 33/2) 0.75    66.909     1.000     0.000
 186  p   2S33/2   ( 2S 33/2) 0.74    91.054     1.000     0.000
 187  p   1t33/2   ( 1t 33/2) 0.98    81.540     1.000     0.000
 188  p   1u35/2   ( 1u 35/2) 0.98    84.766     1.000     0.000
 189  p   1t35/2   ( 1t 35/2) 0.98    80.921     1.000     0.000
 190  p   1u37/2   ( 1u 37/2) 0.98    84.346     1.000     0.000
  ****** END RESU ***********************************
