
  ******************************************  
  *           Fortran 77 Code              *  
  *         Spherical H.O. basis            *  
  * Dirac-Hartree-Bogoliubov calculation   *  
  *        with density-dependent          *  
  * meson-exchange or point coupling force *  
  *          and separable pairing         *  
  * -------------------------------------- *  
  *      Niksic, Paar, Vretenar, Ring      *  
  *          18/ 4/2026/01:31:36           *
  *       Hg 234  N = 154  Z =  80
  ******************************************  
  ****** BEGIN READER *******************************
 Number of oscillator shells :    18   20
 Initialization inin,inink   :     0    0
 Nucleus: Hg 234   154  80
 Initial Gap Parameters      :     1.0000    1.0000
 Parameter set               :    DD-PC1    
  ****** END READER *********************************
  ****** BEGIN FORCES *******************************

 NEDF Parameters: DD-PC1    
           scasca    scavec    vecsca    vecvec
 GG   =   1.000000  1.000000  1.000000  1.000000
 DD   =  -0.814900  0.000000  0.000000  0.000000
  
 Density dependence parameters:
           scasca    scavec    vecsca    vecvec
 a    = -10.046200  5.919500  0.000000  0.000000
 b    =  -9.150400  8.863700  0.000000  1.836000
 c    =  -6.427300  0.000000  0.000000  0.000000
 d    =   1.372400  0.658400  0.000000  0.640300
 dsat =   0.152000
  
 TMR pairing: Tian,Ma,Ring, PRB 676, 44 (2009)
 TMR pairing strength    gl =:  -728.00000 [MeV*fm^3]
 TMR pairing width        a =:     0.64420 [fm]
  ****** END FORCES *********************************
  ****** BEGIN PREP *********************************
  
 hom =                            6.653425
 hb0 =                           20.734000
 b0  =                            2.496514
 with Coulomb force
 With microscopic c.m. correction
  ****** END PREP ***********************************
  potentials read from tape dirhb.wel
  ****** BEGIN ITER *********************************
  1.It. si =    0.0000000  E/A =    0.0000 R =    0.0000  mix = 0.50
  2.It. si =    1.7080969  E/A =   -7.2811 R =    5.9047  mix = 0.50
  3.It. si =    0.9550420  E/A =   -7.2814 R =    5.9064  mix = 0.50
  4.It. si =    0.9104484  E/A =   -7.2817 R =    5.9084  mix = 0.50
  5.It. si =    0.7133369  E/A =   -7.2819 R =    5.9100  mix = 0.50
  6.It. si =    0.2083077  E/A =   -7.2823 R =    5.9126  mix = 0.50
  7.It. si =    0.0237094  E/A =   -7.2822 R =    5.9118  mix = 0.50
  8.It. si =    0.0367279  E/A =   -7.2823 R =    5.9117  mix = 0.50
  9.It. si =    0.0088902  E/A =   -7.2823 R =    5.9119  mix = 0.50
 10.It. si =    0.0052146  E/A =   -7.2823 R =    5.9120  mix = 0.50
 11.It. si =    0.0043227  E/A =   -7.2823 R =    5.9120  mix = 0.50
 12.It. si =    0.0015846  E/A =   -7.2824 R =    5.9119  mix = 0.50
 13.It. si =    0.0012907  E/A =   -7.2824 R =    5.9119  mix = 0.50
 14.It. si =    0.0008997  E/A =   -7.2824 R =    5.9119  mix = 0.50
 15.It. si =    0.0003777  E/A =   -7.2824 R =    5.9119  mix = 0.50
 16.It. si =    0.0001319  E/A =   -7.2824 R =    5.9119  mix = 0.50
 17.It. si =    0.0001034  E/A =   -7.2824 R =    5.9119  mix = 0.50
 18.It. si =    0.0000077  E/A =   -7.2824 R =    5.9119  mix = 0.50
 19.It. si =    0.0000019  E/A =   -7.2824 R =    5.9119  mix = 0.50
 ********************************************************************
 Hg 234: Iteration converged after  19 steps   si =      0.0000004677
 ********************************************************************
  ****** END ITER ***********************************
  ****** BEGIN CANON ********************************
 single-particle energies and gaps  in the canonical basis: Neutron:
 ------------------------------------------------------------------
    j pi     (nr,l,j)  smax       Ecan       vvcan       decan
 j = 1/2+  (   s 1/2)  0.99    -54.6832      0.9998      1.6140
 j = 1/2+  (   s 1/2)  0.98    -42.9724      0.9996      1.6348
 j = 1/2+  (   s 1/2)  0.98    -20.8244      0.9976      1.8001
 j = 1/2+  (   s 1/2)  0.95     -0.1035      0.0417      0.9820
 j = 1/2+  (   s 1/2)  0.89     10.4734      0.0005      0.5584
 j = 1/2+  (   s 1/2)  0.86     22.7274      0.0001      0.4742
 j = 1/2+  (   s 1/2)  0.87     36.1467      0.0000      0.0370
 j = 1/2+  (   s 1/2)  0.90     38.0830      0.0000      0.3302
 j = 1/2+  (   s 1/2)  0.95     52.7231      0.0000      0.2109
 j = 1/2+  (   s 1/2)  0.85     66.6073      0.0000      0.1356
 j = 1/2-  (   p 1/2)  0.99    -50.6444      0.9997      1.6469
 j = 1/2-  (   p 1/2)  0.98    -32.8285      0.9993      1.6418
 j = 1/2-  (   p 1/2)  0.98     -9.4967      0.9881      1.5878
 j = 1/2-  (   p 1/2)  0.95      7.0883      0.0014      0.7135
 j = 1/2-  (   p 1/2)  0.92     17.0211      0.0002      0.4941
 j = 1/2-  (   p 1/2)  0.91     31.3236      0.0000      0.3581
 j = 1/2-  (   p 1/2)  0.90     37.5362      0.0000      0.0514
 j = 1/2-  (   p 1/2)  0.95     43.9450      0.0000      0.2280
 j = 1/2-  (   p 1/2)  0.90     61.3179      0.0000      0.1579
 j = 3/2+  (   d 3/2)  0.99    -43.7837      0.9996      1.6077
 j = 3/2+  (   d 3/2)  0.98    -22.0688      0.9981      1.7351
 j = 3/2+  (   d 3/2)  0.97     -0.4518      0.0703      1.1314
 j = 3/2+  (   d 3/2)  0.93     11.5300      0.0004      0.5813
 j = 3/2+  (   d 3/2)  0.90     23.3201      0.0001      0.4645
 j = 3/2+  (   d 3/2)  0.77     24.8102      0.0000      0.0311
 j = 3/2+  (   d 3/2)  0.91     37.9838      0.0000      0.3064
 j = 3/2+  (   d 3/2)  0.95     50.5570      0.0000      0.1864
 j = 3/2+  (   d 3/2)  0.74     79.1484      0.0000      0.1285
 j = 3/2-  (   p 3/2)  0.99    -50.8226      0.9997      1.6649
 j = 3/2-  (   p 3/2)  0.98    -33.2260      0.9993      1.6592
 j = 3/2-  (   p 3/2)  0.97     -9.9483      0.9896      1.5759
 j = 3/2-  (   p 3/2)  0.94      6.9648      0.0014      0.7107
 j = 3/2-  (   p 3/2)  0.91     16.9278      0.0002      0.4836
 j = 3/2-  (   p 3/2)  0.90     31.2953      0.0000      0.3556
 j = 3/2-  (   p 3/2)  0.90     37.7160      0.0000      0.0516
 j = 3/2-  (   p 3/2)  0.94     43.9201      0.0000      0.2260
 j = 3/2-  (   p 3/2)  0.90     61.6055      0.0000      0.1575
 j = 5/2+  (   d 5/2)  0.99    -44.4665      0.9996      1.6314
 j = 5/2+  (   d 5/2)  0.98    -23.4852      0.9983      1.7619
 j = 5/2+  (   d 5/2)  0.96     -1.0662      0.1205      1.1043
 j = 5/2+  (   d 5/2)  0.92     11.1626      0.0005      0.5737
 j = 5/2+  (   d 5/2)  0.89     22.7321      0.0001      0.4595
 j = 5/2+  (   d 5/2)  0.76     24.9348      0.0000      0.0314
 j = 5/2+  (   d 5/2)  0.90     37.7134      0.0000      0.3059
 j = 5/2+  (   d 5/2)  0.94     50.4517      0.0000      0.1857
 j = 5/2+  (   d 5/2)  0.74     79.8031      0.0000      0.1290
 j = 5/2-  (   f 5/2)  0.98    -35.4819      0.9994      1.5717
 j = 5/2-  (   f 5/2)  0.98    -11.0702      0.9916      1.6216
 j = 5/2-  (   f 5/2)  0.97      7.5510      0.0019      0.8691
 j = 5/2-  (   f 5/2)  0.96     18.6440      0.0002      0.5302
 j = 5/2-  (   f 5/2)  0.95     32.4304      0.0000      0.3755
 j = 5/2-  (   f 5/2)  0.88     34.8862      0.0000      0.0456
 j = 5/2-  (   f 5/2)  0.95     44.6876      0.0000      0.2283
 j = 5/2-  (   f 5/2)  0.86     59.9125      0.0000      0.1507
 j = 7/2+  (   g 7/2)  0.98    -25.9774      0.9989      1.5806
 j = 7/2+  (   g 7/2)  0.98     -1.3636      0.2050      1.3548
 j = 7/2+  (   g 7/2)  0.97     14.1055      0.0004      0.6509
 j = 7/2+  (   g 7/2)  0.79     22.3979      0.0000      0.0265
 j = 7/2+  (   g 7/2)  0.96     24.9316      0.0001      0.4761
 j = 7/2+  (   g 7/2)  0.94     39.8135      0.0000      0.3147
 j = 7/2+  (   g 7/2)  0.90     54.1396      0.0000      0.1984
 j = 7/2+  (   g 7/2)  0.80     72.0344      0.0000      0.1216
 j = 7/2-  (   f 7/2)  0.98    -37.1193      0.9995      1.6065
 j = 7/2-  (   f 7/2)  0.98    -13.2405      0.9945      1.6304
 j = 7/2-  (   f 7/2)  0.97      6.6971      0.0023      0.8613
 j = 7/2-  (   f 7/2)  0.96     18.1424      0.0002      0.5145
 j = 7/2-  (   f 7/2)  0.95     31.8195      0.0000      0.3723
 j = 7/2-  (   f 7/2)  0.88     34.9244      0.0000      0.0457
 j = 7/2-  (   f 7/2)  0.95     44.3676      0.0000      0.2264
 j = 7/2-  (   f 7/2)  0.86     59.9560      0.0000      0.1504
 j = 9/2+  (   g 9/2)  0.98    -29.0656      0.9991      1.6338
 j = 9/2+  (   g 9/2)  0.98     -3.6560      0.8481      1.3430
 j = 9/2+  (   g 9/2)  0.96     13.3507      0.0004      0.6590
 j = 9/2+  (   g 9/2)  0.79     22.1134      0.0000      0.0263
 j = 9/2+  (   g 9/2)  0.96     24.0192      0.0001      0.4539
 j = 9/2+  (   g 9/2)  0.94     39.1658      0.0000      0.3099
 j = 9/2+  (   g 9/2)  0.90     53.8248      0.0000      0.1959
 j = 9/2+  (   g 9/2)  0.80     71.4394      0.0000      0.1202
 j = 9/2-  (   h 9/2)  0.98    -15.5231      0.9968      1.5064
 j = 9/2-  (   h 9/2)  0.97      7.2218      0.0036      1.1481
 j = 9/2-  (   h 9/2)  0.97     21.0594      0.0001      0.5617
 j = 9/2-  (   h 9/2)  0.82     29.7755      0.0000      0.0378
 j = 9/2-  (   h 9/2)  0.95     33.9208      0.0000      0.3746
 j = 9/2-  (   h 9/2)  0.90     48.1295      0.0000      0.2372
 j = 9/2-  (   h 9/2)  0.76     58.1849      0.0000      0.1480
 j =11/2+  (   i11/2)  0.98     -4.9654      0.9389      1.4260
 j =11/2+  (   i11/2)  0.96     15.5527      0.0006      0.9061
 j =11/2+  (   i11/2)  0.79     20.7701      0.0000      0.0220
 j =11/2+  (   i11/2)  0.94     28.2831      0.0001      0.4985
 j =11/2+  (   i11/2)  0.90     41.1784      0.0000      0.3019
 j =11/2+  (   i11/2)  0.81     57.0113      0.0000      0.1913
 j =11/2+  (   i11/2)  0.83     65.6156      0.0000      0.1063
 j =11/2-  (   h11/2)  0.98    -20.0879      0.9980      1.5770
 j =11/2-  (   h11/2)  0.98      4.8077      0.0059      1.1119
 j =11/2-  (   h11/2)  0.96     19.8211      0.0002      0.5557
 j =11/2-  (   h11/2)  0.82     29.5567      0.0000      0.0378
 j =11/2-  (   h11/2)  0.95     32.3215      0.0000      0.3682
 j =11/2-  (   h11/2)  0.90     47.4612      0.0000      0.2356
 j =11/2-  (   h11/2)  0.76     57.7451      0.0000      0.1479
 j =13/2+  (   i13/2)  0.98    -10.9647      0.9928      1.4814
 j =13/2+  (   i13/2)  0.96     13.0163      0.0008      0.8949
 j =13/2+  (   i13/2)  0.79     20.6036      0.0000      0.0220
 j =13/2+  (   i13/2)  0.94     26.9629      0.0001      0.4839
 j =13/2+  (   i13/2)  0.89     39.4800      0.0000      0.2965
 j =13/2+  (   i13/2)  0.80     55.9891      0.0000      0.1894
 j =13/2+  (   i13/2)  0.83     64.7351      0.0000      0.1054
 j =13/2-  (   j13/2)  0.98      5.3723      0.0075      1.3552
 j =13/2-  (   j13/2)  0.95     23.0728      0.0002      0.6761
 j =13/2-  (   j13/2)  0.78     28.3464      0.0000      0.0329
 j =13/2-  (   j13/2)  0.90     35.8134      0.0000      0.4185
 j =13/2-  (   j13/2)  0.82     49.4627      0.0000      0.2437
 j =13/2-  (   j13/2)  0.67     55.9116      0.0000      0.1360
 j =15/2+  (   k15/2)  0.97     15.0829      0.0012      1.2138
 j =15/2+  (   k15/2)  0.77     21.2180      0.0000      0.0207
 j =15/2+  (   k15/2)  0.93     30.9104      0.0001      0.5489
 j =15/2+  (   k15/2)  0.83     44.0366      0.0000      0.3373
 j =15/2+  (   k15/2)  0.68     58.7577      0.0000      0.2062
 j =15/2+  (   k15/2)  0.85     60.5131      0.0000      0.0960
 j =15/2-  (   j15/2)  0.98     -1.8968      0.3410      1.3622
 j =15/2-  (   j15/2)  0.94     20.7533      0.0002      0.7018
 j =15/2-  (   j15/2)  0.78     28.0459      0.0000      0.0329
 j =15/2-  (   j15/2)  0.89     33.3854      0.0000      0.4085
 j =15/2-  (   j15/2)  0.82     48.3206      0.0000      0.2441
 j =15/2-  (   j15/2)  0.66     54.3977      0.0000      0.1346
 j =17/2+  (   k17/2)  0.97      7.0819      0.0042      1.2305
 j =17/2+  (   k17/2)  0.77     21.0915      0.0000      0.0209
 j =17/2+  (   k17/2)  0.91     27.9473      0.0001      0.5606
 j =17/2+  (   k17/2)  0.82     41.3844      0.0000      0.3312
 j =17/2+  (   k17/2)  0.67     57.3452      0.0000      0.2059
 j =17/2+  (   k17/2)  0.85     58.9259      0.0000      0.0947
 j =17/2-  (   l17/2)  0.95     24.1747      0.0004      1.0519
 j =17/2-  (   l17/2)  0.72     27.7643      0.0000      0.0306
 j =17/2-  (   l17/2)  0.88     38.5010      0.0000      0.4550
 j =17/2-  (   l17/2)  0.62     53.2174      0.0000      0.1351
 j =17/2-  (   l17/2)  0.74     53.2576      0.0000      0.2724
 j =19/2+  (   m19/2)  0.77     23.8043      0.0000      0.0215
 j =19/2+  (   m19/2)  0.93     33.0251      0.0002      0.8979
 j =19/2+  (   m19/2)  0.81     46.2261      0.0000      0.3791
 j =19/2+  (   m19/2)  0.84     57.9909      0.0000      0.0947
 j =19/2+  (   m19/2)  0.63     61.0477      0.0000      0.2197
 j =19/2-  (   l19/2)  0.95     15.8560      0.0009      1.0738
 j =19/2-  (   l19/2)  0.72     27.4053      0.0000      0.0304
 j =19/2-  (   l19/2)  0.86     34.8812      0.0000      0.4570
 j =19/2-  (   l19/2)  0.73     50.4136      0.0000      0.2696
 j =19/2-  (   l19/2)  0.62     51.4805      0.0000      0.1333
 j =21/2+  (   m21/2)  0.76     23.6733      0.0000      0.0217
 j =21/2+  (   m21/2)  0.91     24.6043      0.0003      0.9187
 j =21/2+  (   m21/2)  0.78     42.1213      0.0000      0.3789
 j =21/2+  (   m21/2)  0.84     56.1388      0.0000      0.0932
 j =21/2+  (   m21/2)  0.61     57.5038      0.0000      0.2174
 j =21/2-  (   n21/2)  0.72     30.7365      0.0000      0.0318
 j =21/2-  (   n21/2)  0.89     41.3541      0.0001      0.7448
 j =21/2-  (   n21/2)  0.63     54.3977      0.0000      0.1401
 j =21/2-  (   n21/2)  0.71     54.9912      0.0000      0.3187
 j =23/2+  (   o23/2)  0.76     28.2944      0.0000      0.0242
 j =23/2+  (   o23/2)  0.84     50.1105      0.0000      0.6173
 j =23/2+  (   o23/2)  0.84     58.6920      0.0000      0.0990
 j =23/2+  (   o23/2)  0.58     62.6377      0.0000      0.2659
 j =23/2-  (   n23/2)  0.71     30.2908      0.0000      0.0316
 j =23/2-  (   n23/2)  0.87     33.2281      0.0001      0.7621
 j =23/2-  (   n23/2)  0.67     50.0222      0.0000      0.3187
 j =23/2-  (   n23/2)  0.63     51.1020      0.0000      0.1366
 j =25/2+  (   o25/2)  0.76     28.1718      0.0000      0.0245
 j =25/2+  (   o25/2)  0.82     41.9951      0.0001      0.6330
 j =25/2+  (   o25/2)  0.83     55.6922      0.0000      0.0966
 j =25/2+  (   o25/2)  0.58     56.8538      0.0000      0.2637
 j =25/2-  (   P25/2)  0.70     35.5638      0.0000      0.0368
 j =25/2-  (   P25/2)  0.64     57.0727      0.0000      0.1718
 j =25/2-  (   P25/2)  0.78     58.8291      0.0000      0.5092
 j =27/2+  (   q27/2)  0.69     37.4622      0.0000      0.0266
 j =27/2+  (   q27/2)  0.64     59.0251      0.0000      0.1255
 j =27/2+  (   q27/2)  0.72     66.6690      0.0000      0.4100
 j =27/2-  (   P27/2)  0.69     35.0369      0.0000      0.0366
 j =27/2-  (   P27/2)  0.76     50.5456      0.0000      0.5209
 j =27/2-  (   P27/2)  0.64     53.3284      0.0000      0.1682
 j =29/2+  (   q29/2)  0.70     37.1080      0.0000      0.0266
 j =29/2+  (   q29/2)  0.64     56.1623      0.0000      0.1234
 j =29/2+  (   q29/2)  0.70     58.8646      0.0000      0.4177
 j =29/2-  (   r29/2)  0.74     44.0143      0.0000      0.0493
 j =29/2-  (   r29/2)  0.74     65.8569      0.0000      0.2692
 j =31/2+  (   S31/2)  0.72     46.5939      0.0000      0.0357
 j =31/2+  (   S31/2)  0.71     70.4399      0.0000      0.1970
 j =31/2-  (   r31/2)  0.73     43.4729      0.0000      0.0491
 j =31/2-  (   r31/2)  0.73     61.4598      0.0000      0.2711
 j =33/2+  (   S33/2)  0.71     46.2099      0.0000      0.0356
 j =33/2+  (   S33/2)  0.71     67.0608      0.0000      0.1980
 j =33/2-  (   t33/2)  0.98     59.2539      0.0000      0.0825
 j =35/2+  (   u35/2)  0.98     62.5433      0.0000      0.0583
 j =35/2-  (   t35/2)  0.98     58.4534      0.0000      0.0825
 j =37/2+  (   u37/2)  0.98     61.9939      0.0000      0.0583
 single-particle energies and gaps  in the canonical basis: Proton: 
 ------------------------------------------------------------------
    j pi     (nr,l,j)  smax       Ecan       vvcan       decan
 j = 1/2+  (   s 1/2)  0.76    -50.8831      0.9997     -1.1810
 j = 1/2+  (   s 1/2)  0.69    -35.4021      0.9989     -1.4094
 j = 1/2+  (   s 1/2)  0.91    -13.5863      0.3320     -1.1243
 j = 1/2+  (   s 1/2)  0.55     13.0964      0.0000     -0.0018
 j = 1/2+  (   s 1/2)  0.87     13.7222      0.0003     -0.9137
 j = 1/2+  (   s 1/2)  0.52     26.0128      0.0000     -0.0074
 j = 1/2+  (   s 1/2)  0.66     39.8210      0.0000     -0.4008
 j = 1/2+  (   s 1/2)  0.49     46.7875      0.0000     -0.0156
 j = 1/2+  (   s 1/2)  0.56     61.1922      0.0000     -0.2159
 j = 1/2+  (   s 1/2)  0.75     80.3519      0.0000     -0.0770
 j = 1/2-  (   p 1/2)  0.93    -46.3485      0.9997     -1.0887
 j = 1/2-  (   p 1/2)  0.90    -25.1994      0.9981     -0.9727
 j = 1/2-  (   p 1/2)  0.93     -1.8694      0.0008     -0.6816
 j = 1/2-  (   p 1/2)  0.57     13.5615      0.0000     -0.0025
 j = 1/2-  (   p 1/2)  0.75     25.9614      0.0000     -0.4976
 j = 1/2-  (   p 1/2)  0.53     26.8985      0.0000     -0.0113
 j = 1/2-  (   p 1/2)  0.55     47.0678      0.0000     -0.0299
 j = 1/2-  (   p 1/2)  0.64     51.4138      0.0000     -0.2763
 j = 1/2-  (   p 1/2)  0.73     80.8602      0.0000     -0.1197
 j = 3/2+  (   d 3/2)  0.96    -39.1371      0.9996     -0.9851
 j = 3/2+  (   d 3/2)  0.95    -15.2949      0.9229     -0.8245
 j = 3/2+  (   d 3/2)  0.90      9.0094      0.0001     -0.4491
 j = 3/2+  (   d 3/2)  0.56     13.8400      0.0000     -0.0015
 j = 3/2+  (   d 3/2)  0.52     26.9469      0.0000     -0.0065
 j = 3/2+  (   d 3/2)  0.66     36.6380      0.0000     -0.3103
 j = 3/2+  (   d 3/2)  0.48     47.6648      0.0000     -0.0147
 j = 3/2+  (   d 3/2)  0.58     65.3156      0.0000     -0.1970
 j = 3/2+  (   d 3/2)  0.75     83.0873      0.0000     -0.0764
 j = 3/2-  (   p 3/2)  0.91    -46.7131      0.9997     -1.0899
 j = 3/2-  (   p 3/2)  0.87    -25.6890      0.9983     -0.9732
 j = 3/2-  (   p 3/2)  0.93     -2.1226      0.0008     -0.6724
 j = 3/2-  (   p 3/2)  0.57     13.5479      0.0000     -0.0026
 j = 3/2-  (   p 3/2)  0.76     26.1454      0.0000     -0.5036
 j = 3/2-  (   p 3/2)  0.53     26.8947      0.0000     -0.0113
 j = 3/2-  (   p 3/2)  0.55     46.8925      0.0000     -0.0299
 j = 3/2-  (   p 3/2)  0.64     51.8094      0.0000     -0.2782
 j = 3/2-  (   p 3/2)  0.73     80.7087      0.0000     -0.1195
 j = 5/2+  (   d 5/2)  0.95    -40.2342      0.9996     -0.9946
 j = 5/2+  (   d 5/2)  0.93    -16.5941      0.9771     -0.8180
 j = 5/2+  (   d 5/2)  0.90      8.3001      0.0001     -0.4490
 j = 5/2+  (   d 5/2)  0.56     13.8189      0.0000     -0.0015
 j = 5/2+  (   d 5/2)  0.52     26.9020      0.0000     -0.0065
 j = 5/2+  (   d 5/2)  0.67     36.6491      0.0000     -0.3115
 j = 5/2+  (   d 5/2)  0.48     47.4457      0.0000     -0.0148
 j = 5/2+  (   d 5/2)  0.59     65.8178      0.0000     -0.1969
 j = 5/2+  (   d 5/2)  0.75     82.6598      0.0000     -0.0760
 j = 5/2-  (   f 5/2)  0.98    -30.5955      0.9993     -0.8990
 j = 5/2-  (   f 5/2)  0.96     -5.1273      0.0015     -0.6835
 j = 5/2-  (   f 5/2)  0.58     14.9960      0.0000     -0.0022
 j = 5/2-  (   f 5/2)  0.83     20.6861      0.0000     -0.3635
 j = 5/2-  (   f 5/2)  0.51     29.1203      0.0000     -0.0088
 j = 5/2-  (   f 5/2)  0.68     47.1292      0.0000     -0.2122
 j = 5/2-  (   f 5/2)  0.61     49.4385      0.0000     -0.0298
 j = 5/2-  (   f 5/2)  0.68     85.6077      0.0000     -0.1125
 j = 7/2+  (   g 7/2)  0.98    -21.1238      0.9967     -0.8186
 j = 7/2+  (   g 7/2)  0.92      5.6191      0.0002     -0.5414
 j = 7/2+  (   g 7/2)  0.56     15.6056      0.0000     -0.0012
 j = 7/2+  (   g 7/2)  0.51     29.3033      0.0000     -0.0050
 j = 7/2+  (   g 7/2)  0.69     32.8413      0.0000     -0.3030
 j = 7/2+  (   g 7/2)  0.52     49.5457      0.0000     -0.0139
 j = 7/2+  (   g 7/2)  0.65     59.3595      0.0000     -0.1626
 j = 7/2+  (   g 7/2)  0.72     88.5202      0.0000     -0.0725
 j = 7/2-  (   f 7/2)  0.97    -32.7400      0.9994     -0.9170
 j = 7/2-  (   f 7/2)  0.95     -7.1477      0.0024     -0.6662
 j = 7/2-  (   f 7/2)  0.58     14.9766      0.0000     -0.0023
 j = 7/2-  (   f 7/2)  0.84     19.5301      0.0000     -0.3683
 j = 7/2-  (   f 7/2)  0.51     29.1698      0.0000     -0.0090
 j = 7/2-  (   f 7/2)  0.67     46.6387      0.0000     -0.2123
 j = 7/2-  (   f 7/2)  0.61     49.0975      0.0000     -0.0299
 j = 7/2-  (   f 7/2)  0.68     85.6399      0.0000     -0.1127
 j = 9/2+  (   g 9/2)  0.98    -24.5681      0.9984     -0.8393
 j = 9/2+  (   g 9/2)  0.92      3.0763      0.0002     -0.5239
 j = 9/2+  (   g 9/2)  0.56     15.5836      0.0000     -0.0013
 j = 9/2+  (   g 9/2)  0.51     29.2973      0.0000     -0.0050
 j = 9/2+  (   g 9/2)  0.71     31.2841      0.0000     -0.3079
 j = 9/2+  (   g 9/2)  0.52     49.2313      0.0000     -0.0141
 j = 9/2+  (   g 9/2)  0.65     58.7401      0.0000     -0.1619
 j = 9/2+  (   g 9/2)  0.72     87.9739      0.0000     -0.0723
 j = 9/2-  (   h 9/2)  0.98    -11.0604      0.0153     -0.7406
 j = 9/2-  (   h 9/2)  0.85     16.7585      0.0000     -0.4094
 j = 9/2-  (   h 9/2)  0.57     17.4413      0.0000     -0.0023
 j = 9/2-  (   h 9/2)  0.51     31.2423      0.0000     -0.0103
 j = 9/2-  (   h 9/2)  0.67     44.3388      0.0000     -0.2449
 j = 9/2-  (   h 9/2)  0.63     50.8252      0.0000     -0.0358
 j = 9/2-  (   h 9/2)  0.68     85.0939      0.0000     -0.1112
 j =11/2+  (   i11/2)  0.96     -0.5503      0.0006     -0.6604
 j =11/2+  (   i11/2)  0.55     18.5030      0.0000     -0.0012
 j =11/2+  (   i11/2)  0.77     27.7743      0.0000     -0.3075
 j =11/2+  (   i11/2)  0.55     31.8313      0.0000     -0.0061
 j =11/2+  (   i11/2)  0.55     51.5213      0.0000     -0.0174
 j =11/2+  (   i11/2)  0.65     58.4984      0.0000     -0.1963
 j =11/2+  (   i11/2)  0.72     87.3713      0.0000     -0.0804
 j =11/2-  (   h11/2)  0.98    -15.9681      0.9673     -0.7542
 j =11/2-  (   h11/2)  0.87     13.8454      0.0001     -0.3991
 j =11/2-  (   h11/2)  0.58     17.4005      0.0000     -0.0024
 j =11/2-  (   h11/2)  0.51     31.2445      0.0000     -0.0108
 j =11/2-  (   h11/2)  0.67     42.4239      0.0000     -0.2490
 j =11/2-  (   h11/2)  0.64     50.1405      0.0000     -0.0362
 j =11/2-  (   h11/2)  0.68     84.2150      0.0000     -0.1113
 j =13/2+  (   i13/2)  0.97     -7.0550      0.0023     -0.6683
 j =13/2+  (   i13/2)  0.55     18.4750      0.0000     -0.0013
 j =13/2+  (   i13/2)  0.80     24.4575      0.0000     -0.3040
 j =13/2+  (   i13/2)  0.55     31.8638      0.0000     -0.0065
 j =13/2+  (   i13/2)  0.56     51.0472      0.0000     -0.0181
 j =13/2+  (   i13/2)  0.66     56.3684      0.0000     -0.1993
 j =13/2+  (   i13/2)  0.73     85.9774      0.0000     -0.0811
 j =13/2-  (   j13/2)  0.93     10.1427      0.0001     -0.5698
 j =13/2-  (   j13/2)  0.56     21.1896      0.0000     -0.0022
 j =13/2-  (   j13/2)  0.50     34.7934      0.0000     -0.0126
 j =13/2-  (   j13/2)  0.67     38.7597      0.0000     -0.2370
 j =13/2-  (   j13/2)  0.68     53.4459      0.0000     -0.0462
 j =13/2-  (   j13/2)  0.67     83.4972      0.0000     -0.1250
 j =15/2+  (   k15/2)  0.87     21.1703      0.0000     -0.4838
 j =15/2+  (   k15/2)  0.54     22.6522      0.0000     -0.0012
 j =15/2+  (   k15/2)  0.54     36.4405      0.0000     -0.0066
 j =15/2+  (   k15/2)  0.66     50.1901      0.0000     -0.1860
 j =15/2+  (   k15/2)  0.64     55.5815      0.0000     -0.0231
 j =15/2+  (   k15/2)  0.69     88.4101      0.0000     -0.0918
 j =15/2-  (   j15/2)  0.94      2.2849      0.0003     -0.5761
 j =15/2-  (   j15/2)  0.57     21.1217      0.0000     -0.0024
 j =15/2-  (   j15/2)  0.50     34.7079      0.0000     -0.0137
 j =15/2-  (   j15/2)  0.70     34.9139      0.0000     -0.2369
 j =15/2-  (   j15/2)  0.69     52.2496      0.0000     -0.0473
 j =15/2-  (   j15/2)  0.68     81.5198      0.0000     -0.1256
 j =17/2+  (   k17/2)  0.88     12.0277      0.0001     -0.4900
 j =17/2+  (   k17/2)  0.54     22.5979      0.0000     -0.0012
 j =17/2+  (   k17/2)  0.53     36.3894      0.0000     -0.0071
 j =17/2+  (   k17/2)  0.66     45.8912      0.0000     -0.1870
 j =17/2+  (   k17/2)  0.65     54.6430      0.0000     -0.0239
 j =17/2+  (   k17/2)  0.69     86.1083      0.0000     -0.0921
 j =17/2-  (   l17/2)  0.63     26.5836      0.0000     -0.0014
 j =17/2-  (   l17/2)  0.80     32.0743      0.0000     -0.4006
 j =17/2-  (   l17/2)  0.58     42.8327      0.0000     -0.0050
 j =17/2-  (   l17/2)  0.65     62.8619      0.0000     -0.1483
 j =17/2-  (   l17/2)  0.79     69.3285      0.0000     -0.0413
 j =19/2+  (   m19/2)  0.57     28.1032      0.0000     -0.0013
 j =19/2+  (   m19/2)  0.61     42.2896      0.0000     -0.0104
 j =19/2+  (   m19/2)  0.73     43.4352      0.0000     -0.3260
 j =19/2+  (   m19/2)  0.70     59.2737      0.0000     -0.0416
 j =19/2+  (   m19/2)  0.68     86.4170      0.0000     -0.0904
 j =19/2-  (   l19/2)  0.82     21.8925      0.0000     -0.4058
 j =19/2-  (   l19/2)  0.63     26.5327      0.0000     -0.0015
 j =19/2-  (   l19/2)  0.59     42.5562      0.0000     -0.0053
 j =19/2-  (   l19/2)  0.65     58.4474      0.0000     -0.1501
 j =19/2-  (   l19/2)  0.80     67.4258      0.0000     -0.0414
 j =21/2+  (   m21/2)  0.56     28.0179      0.0000     -0.0015
 j =21/2+  (   m21/2)  0.74     32.3910      0.0000     -0.3302
 j =21/2+  (   m21/2)  0.62     41.8584      0.0000     -0.0132
 j =21/2+  (   m21/2)  0.72     56.9842      0.0000     -0.0446
 j =21/2+  (   m21/2)  0.70     82.2580      0.0000     -0.0867
 j =21/2-  (   n21/2)  0.63     33.1326      0.0000     -0.0017
 j =21/2-  (   n21/2)  0.60     49.7929      0.0000     -0.0092
 j =21/2-  (   n21/2)  0.64     55.8329      0.0000     -0.2632
 j =21/2-  (   n21/2)  0.77     73.1587      0.0000     -0.0633
 j =23/2+  (   o23/2)  0.61     35.1438      0.0000     -0.0012
 j =23/2+  (   o23/2)  0.63     52.6085      0.0000     -0.0045
 j =23/2+  (   o23/2)  0.61     67.3650      0.0000     -0.2092
 j =23/2+  (   o23/2)  0.75     75.3430      0.0000     -0.0408
 j =23/2-  (   n23/2)  0.63     33.0262      0.0000     -0.0020
 j =23/2-  (   n23/2)  0.65     43.8814      0.0000     -0.2671
 j =23/2-  (   n23/2)  0.61     49.0806      0.0000     -0.0107
 j =23/2-  (   n23/2)  0.79     69.0298      0.0000     -0.0627
 j =25/2+  (   o25/2)  0.61     35.0419      0.0000     -0.0014
 j =25/2+  (   o25/2)  0.64     52.1704      0.0000     -0.0049
 j =25/2+  (   o25/2)  0.61     54.4474      0.0000     -0.2126
 j =25/2+  (   o25/2)  0.76     71.7632      0.0000     -0.0408
 j =25/2-  (   P25/2)  0.67     41.6576      0.0000     -0.0025
 j =25/2-  (   P25/2)  0.80     58.8377      0.0000     -0.0316
 j =25/2-  (   P25/2)  0.74     75.1879      0.0000     -0.1203
 j =27/2+  (   q27/2)  0.68     44.0155      0.0000     -0.0016
 j =27/2+  (   q27/2)  0.80     63.3930      0.0000     -0.0125
 j =27/2+  (   q27/2)  0.71     80.8113      0.0000     -0.0908
 j =27/2-  (   P27/2)  0.62     41.3757      0.0000     -0.0051
 j =27/2-  (   P27/2)  0.77     55.2297      0.0000     -0.0659
 j =27/2-  (   P27/2)  0.82     66.5373      0.0000     -0.0853
 j =29/2+  (   q29/2)  0.65     43.8004      0.0000     -0.0027
 j =29/2+  (   q29/2)  0.81     61.5990      0.0000     -0.0242
 j =29/2+  (   q29/2)  0.78     71.8439      0.0000     -0.0792
 j =29/2-  (   r29/2)  0.76     53.0814      0.0000     -0.0014
 j =29/2-  (   r29/2)  0.75     75.0730      0.0000     -0.0378
 j =31/2+  (   S31/2)  0.76     55.7353      0.0000     -0.0010
 j =31/2+  (   S31/2)  0.75     80.1752      0.0000     -0.0221
 j =31/2-  (   r31/2)  0.75     52.8488      0.0000     -0.0016
 j =31/2-  (   r31/2)  0.74     70.4041      0.0000     -0.0378
 j =33/2+  (   S33/2)  0.75     55.5396      0.0000     -0.0011
 j =33/2+  (   S33/2)  0.74     76.6358      0.0000     -0.0221
 j =33/2-  (   t33/2)  0.98     69.3235      0.0000     -0.0039
 j =35/2+  (   u35/2)  0.98     72.5984      0.0000     -0.0021
 j =35/2-  (   t35/2)  0.98     68.5309      0.0000     -0.0039
 j =37/2+  (   u37/2)  0.98     72.0465      0.0000     -0.0021
  ****** END CANON **********************************
  ****** BEGIN RESU *********************************
   ****** BEGIN EXPECT *******

                            neutron        proton         total
 particle number           154.000000      80.000000     234.000000
 trace scalar density      146.974533      77.167349     224.141882
 lambda                     -2.353713     -13.987558
 spk                        19.758696      -6.113281
 rms-Radius                  6.035571       5.666390       5.911949
 charge-Radius                              5.722585
 Particle Energ          -3290.734263   -2211.546079   -5502.280342
 Selfconsistency Test.                                     0.000000

 Kinetic Energy           2259.900163     882.699079    3142.599243
 E-scsc                                               -34600.463249
 E-scve                                                28789.048226
 E-vesc                                                    0.000000
 E-veve                                                  235.308342
 E-rearrang.                                             991.285046
 Coulomb direct                                          758.024365
 Pairing Energy            -24.037706      -4.552600     -28.590306
 Sum without E-cm                                      -1704.073379
DE-cm <P**2>/2M            -13.332289      -5.247461     -18.579750
NE-cm <P**2>/2M             10.141883       3.329586      13.471469
 E-cm <P**2>/2M             -3.190406      -1.917875      -5.108281
 Total Energy                                          -1709.181660
 E/A                                                      -7.304195

  ****** END EXPECT *********************************


 quasi-particle properties Neutron:
 ------------------------------------------------------------------
     p/h    l j     [nr,l,j]  smax       Eqp       uu       vv
   1  p   1s 1/2   ( 4s  1/2) 0.85     2.097     0.961     0.039
   2  p   2s 1/2   ( 6s  1/2) 0.48     6.886     0.997     0.003
   3  p   3s 1/2   ( 5s  1/2) 0.70    15.313     0.975     0.025
   4  h   4s 1/2   ( 3s  1/2) 0.93    16.689     0.028     0.972
   5  p   5s 1/2   ( 6s  1/2) 0.58    27.470     1.000     0.000
   6  h   6s 1/2   ( 2s  1/2) 0.87    38.641     0.001     0.999
   7  p   7s 1/2   ( 6s  1/2) 0.54    41.884     0.999     0.001
   8  h   8s 1/2   ( 1s  1/2) 0.91    56.277     0.000     1.000
   9  p   9s 1/2   ( 8s  1/2) 0.62    60.427     1.000     0.000
  10  p  10s 1/2   ( 9s  1/2) 0.64    90.005     1.000     0.000
  11  p   1p 1/2   ( 4p  1/2) 0.59     5.364     0.995     0.005
  12  h   2p 1/2   ( 3p  1/2) 0.96     6.704     0.017     0.983
  13  p   3p 1/2   ( 4p  1/2) 0.71    11.931     0.999     0.001
  14  p   4p 1/2   ( 5p  1/2) 0.71    22.465     0.999     0.001
  15  h   5p 1/2   ( 2p  1/2) 0.94    29.011     0.002     0.998
  16  p   6p 1/2   ( 6p  1/2) 0.64    36.522     1.000     0.000
  17  h   7p 1/2   ( 1p  1/2) 0.95    50.437     0.000     1.000
  18  p   8p 1/2   ( 7p  1/2) 0.66    54.225     1.000     0.000
  19  p   9p 1/2   ( 8p  1/2) 0.64    82.522     1.000     0.000
  20  p   1d 3/2   ( 3d  3/2) 0.90     2.012     0.932     0.068
  21  p   2d 3/2   ( 5d  3/2) 0.49     7.191     0.997     0.003
  22  p   3d 3/2   ( 4d  3/2) 0.72    15.586     0.996     0.004
  23  h   4d 3/2   ( 2d  3/2) 0.96    18.624     0.006     0.994
  24  p   5d 3/2   ( 5d  3/2) 0.61    27.424     1.000     0.000
  25  p   6d 3/2   ( 6d  3/2) 0.55    41.859     0.993     0.007
  26  h   7d 3/2   ( 1d  3/2) 0.97    42.656     0.008     0.992
  27  p   8d 3/2   ( 7d  3/2) 0.63    60.406     1.000     0.000
  28  p   9d 3/2   ( 8d  3/2) 0.64    89.731     1.000     0.000
  29  p   1p 3/2   ( 4p  3/2) 0.59     5.336     0.997     0.003
  30  h   2p 3/2   ( 3p  3/2) 0.96     7.075     0.013     0.987
  31  p   3p 3/2   ( 4p  3/2) 0.70    11.860     0.999     0.001
  32  p   4p 3/2   ( 5p  3/2) 0.70    22.446     0.999     0.001
  33  h   5p 3/2   ( 2p  3/2) 0.92    29.441     0.001     0.999
  34  p   6p 3/2   ( 6p  3/2) 0.62    36.489     1.000     0.000
  35  h   7p 3/2   ( 1p  3/2) 0.94    50.650     0.000     1.000
  36  p   8p 3/2   ( 7p  3/2) 0.65    54.087     1.000     0.000
  37  p   9p 3/2   ( 8p  3/2) 0.64    83.009     1.000     0.000
  38  p   1d 5/2   ( 3d  5/2) 0.88     1.583     0.881     0.119
  39  p   2d 5/2   ( 5d  5/2) 0.51     7.051     0.998     0.002
  40  p   3d 5/2   ( 4d  5/2) 0.72    15.378     0.999     0.001
  41  h   4d 5/2   ( 2d  5/2) 0.95    19.839     0.003     0.997
  42  p   5d 5/2   ( 5d  5/2) 0.60    27.242     1.000     0.000
  43  p   6d 5/2   ( 6d  5/2) 0.54    41.634     0.998     0.002
  44  h   7d 5/2   ( 1d  5/2) 0.96    43.528     0.002     0.998
  45  p   8d 5/2   ( 7d  5/2) 0.61    60.022     1.000     0.000
  46  p   9d 5/2   ( 8d  5/2) 0.64    90.221     1.000     0.000
  47  p   1f 5/2   ( 3f  5/2) 0.66     6.381     0.999     0.001
  48  h   2f 5/2   ( 2f  5/2) 0.97     8.407     0.013     0.987
  49  p   3f 5/2   ( 3f  5/2) 0.69    11.949     0.995     0.005
  50  p   4f 5/2   ( 4f  5/2) 0.74    22.226     0.999     0.001
  51  h   5f 5/2   ( 1f  5/2) 0.98    33.604     0.002     0.998
  52  p   6f 5/2   ( 5f  5/2) 0.66    36.410     0.999     0.001
  53  p   7f 5/2   ( 6f  5/2) 0.68    53.923     1.000     0.000
  54  p   8f 5/2   ( 7f  5/2) 0.64    82.086     1.000     0.000
  55  p   1g 7/2   ( 2g  7/2) 0.87     1.634     0.796     0.204
  56  p   2g 7/2   ( 4g  7/2) 0.49     8.429     0.999     0.001
  57  p   3g 7/2   ( 3g  7/2) 0.75    16.269     1.000     0.000
  58  h   4g 7/2   ( 1g  7/2) 0.98    23.684     0.002     0.998
  59  p   5g 7/2   ( 4g  7/2) 0.66    27.177     1.000     0.000
  60  p   6g 7/2   ( 5g  7/2) 0.60    41.467     1.000     0.000
  61  p   7g 7/2   ( 6g  7/2) 0.65    59.917     1.000     0.000
  62  p   8g 7/2   ( 7g  7/2) 0.64    88.875     1.000     0.000
  63  p   1f 7/2   ( 3f  7/2) 0.69     6.159     0.999     0.001
  64  h   2f 7/2   ( 2f  7/2) 0.95    10.307     0.040     0.960
  65  p   3f 7/2   ( 3f  7/2) 0.65    11.441     0.965     0.035
  66  p   4f 7/2   ( 4f  7/2) 0.73    21.837     0.999     0.001
  67  h   5f 7/2   ( 1f  7/2) 0.96    35.448     0.027     0.973
  68  p   6f 7/2   ( 5f  7/2) 0.65    35.921     0.973     0.027
  69  p   7f 7/2   ( 6f  7/2) 0.66    53.157     1.000     0.000
  70  p   8f 7/2   ( 7f  7/2) 0.64    82.252     1.000     0.000
  71  h   1g 9/2   ( 2g  9/2) 0.90     1.830     0.152     0.848
  72  p   2g 9/2   ( 4g  9/2) 0.50     8.234     0.999     0.001
  73  p   3g 9/2   ( 3g  9/2) 0.75    15.648     1.000     0.000
  74  p   4g 9/2   ( 4g  9/2) 0.65    26.492     0.935     0.065
  75  h   5g 9/2   ( 1g  9/2) 0.95    26.816     0.066     0.934
  76  p   6g 9/2   ( 5g  9/2) 0.60    40.705     1.000     0.000
  77  p   7g 9/2   ( 6g  9/2) 0.64    58.780     1.000     0.000
  78  p   8g 9/2   ( 7g  9/2) 0.64    88.696     1.000     0.000
  79  p   1h 9/2   ( 2h  9/2) 0.83     7.933     0.996     0.004
  80  p   2h 9/2   ( 2h  9/2) 0.49    12.092     0.955     0.045
  81  h   3h 9/2   ( 1h  9/2) 0.96    13.314     0.049     0.951
  82  p   4h 9/2   ( 3h  9/2) 0.76    22.594     0.999     0.001
  83  p   5h 9/2   ( 4h  9/2) 0.70    36.373     1.000     0.000
  84  p   6h 9/2   ( 5h  9/2) 0.70    53.313     1.000     0.000
  85  p   7h 9/2   ( 6h  9/2) 0.64    80.821     1.000     0.000
  86  h   1i11/2   ( 1i 11/2) 0.95     2.970     0.061     0.939
  87  p   2i11/2   ( 2i 11/2) 0.51    10.975     1.000     0.000
  88  p   3i11/2   ( 2i 11/2) 0.79    17.051     0.999     0.001
  89  p   4i11/2   ( 3i 11/2) 0.73    26.834     1.000     0.000
  90  p   5i11/2   ( 4i 11/2) 0.64    41.351     1.000     0.000
  91  p   6i11/2   ( 5i 11/2) 0.67    59.392     1.000     0.000
  92  p   7i11/2   ( 6i 11/2) 0.65    87.496     1.000     0.000
  93  p   1h11/2   ( 2h 11/2) 0.93     6.519     0.994     0.006
  94  p   2h11/2   ( 4h 11/2) 0.53    11.219     0.999     0.001
  95  h   3h11/2   ( 1h 11/2) 0.98    17.810     0.005     0.995
  96  p   4h11/2   ( 3h 11/2) 0.76    21.759     0.999     0.001
  97  p   5h11/2   ( 4h 11/2) 0.70    35.251     1.000     0.000
  98  p   6h11/2   ( 5h 11/2) 0.69    51.751     1.000     0.000
  99  p   7h11/2   ( 6h 11/2) 0.64    80.070     1.000     0.000
 100  h   1i13/2   ( 1i 13/2) 0.98     8.728     0.009     0.991
 101  p   2i13/2   ( 2i 13/2) 0.60    10.701     0.999     0.001
 102  p   3i13/2   ( 2i 13/2) 0.75    15.564     0.999     0.001
 103  p   4i13/2   ( 3i 13/2) 0.75    25.579     1.000     0.000
 104  p   5i13/2   ( 4i 13/2) 0.66    39.972     1.000     0.000
 105  p   6i13/2   ( 5i 13/2) 0.67    57.329     1.000     0.000
 106  p   7i13/2   ( 6i 13/2) 0.64    86.315     1.000     0.000
 107  p   1j13/2   ( 1j 13/2) 0.97     7.572     0.993     0.007
 108  p   2j13/2   ( 3j 13/2) 0.51    14.122     1.000     0.000
 109  p   3j13/2   ( 2j 13/2) 0.79    23.478     1.000     0.000
 110  p   4j13/2   ( 3j 13/2) 0.75    35.733     1.000     0.000
 111  p   5j13/2   ( 4j 13/2) 0.72    52.497     1.000     0.000
 112  p   6j13/2   ( 5j 13/2) 0.65    79.471     1.000     0.000
 113  p   1k15/2   ( 1k 15/2) 0.64    14.899     1.000     0.000
 114  p   2k15/2   ( 1k 15/2) 0.74    17.805     0.999     0.001
 115  p   3k15/2   ( 2k 15/2) 0.78    27.707     1.000     0.000
 116  p   4k15/2   ( 3k 15/2) 0.70    41.090     1.000     0.000
 117  p   5k15/2   ( 4k 15/2) 0.70    57.961     1.000     0.000
 118  p   6k15/2   ( 5k 15/2) 0.65    85.805     1.000     0.000
 119  p   1j15/2   ( 1j 15/2) 0.79     1.431     0.659     0.341
 120  p   2j15/2   ( 2j 15/2) 0.54    13.772     1.000     0.000
 121  p   3j15/2   ( 2j 15/2) 0.78    22.051     1.000     0.000
 122  p   4j15/2   ( 3j 15/2) 0.76    33.974     1.000     0.000
 123  p   5j15/2   ( 4j 15/2) 0.72    50.043     1.000     0.000
 124  p   6j15/2   ( 6j 15/2) 0.65    77.477     1.000     0.000
 125  p   1k17/2   ( 1k 17/2) 0.98     9.291     0.996     0.004
 126  p   2k17/2   ( 3k 17/2) 0.52    15.847     1.000     0.000
 127  p   3k17/2   ( 2k 17/2) 0.79    26.036     1.000     0.000
 128  p   4k17/2   ( 3k 17/2) 0.74    39.006     1.000     0.000
 129  p   5k17/2   ( 4k 17/2) 0.71    55.047     1.000     0.000
 130  p   6k17/2   ( 5k 17/2) 0.64    83.263     1.000     0.000
 131  p   1l17/2   ( 3l 17/2) 0.54    18.884     1.000     0.000
 132  p   2l17/2   ( 1l 17/2) 0.86    25.603     1.000     0.000
 133  p   3l17/2   ( 2l 17/2) 0.78    36.045     1.000     0.000
 134  p   4l17/2   ( 3l 17/2) 0.74    52.258     1.000     0.000
 135  p   5l17/2   ( 5l 17/2) 0.67    76.597     1.000     0.000
 136  p   1m19/2   ( 3m 19/2) 0.57    21.174     1.000     0.000
 137  p   2m19/2   ( 1m 19/2) 0.84    31.036     1.000     0.000
 138  p   3m19/2   ( 2m 19/2) 0.73    41.299     1.000     0.000
 139  p   4m19/2   ( 3m 19/2) 0.72    58.040     1.000     0.000
 140  p   5m19/2   ( 4m 19/2) 0.65    82.883     1.000     0.000
 141  p   1l19/2   ( 1l 19/2) 0.91    17.049     0.999     0.001
 142  p   2l19/2   ( 2l 19/2) 0.56    20.213     1.000     0.000
 143  p   3l19/2   ( 2l 19/2) 0.76    33.491     1.000     0.000
 144  p   4l19/2   ( 3l 19/2) 0.75    48.483     1.000     0.000
 145  p   5l19/2   ( 5l 19/2) 0.68    73.191     1.000     0.000
 146  p   1m21/2   ( 3m 21/2) 0.54    20.980     1.000     0.000
 147  p   2m21/2   ( 1m 21/2) 0.87    26.111     1.000     0.000
 148  p   3m21/2   ( 2m 21/2) 0.79    37.316     1.000     0.000
 149  p   4m21/2   ( 3m 21/2) 0.75    53.382     1.000     0.000
 150  p   5m21/2   ( 5m 21/2) 0.67    78.528     1.000     0.000
 151  p   1n21/2   ( 2n 21/2) 0.59    25.816     1.000     0.000
 152  p   2n21/2   ( 1n 21/2) 0.83    38.563     1.000     0.000
 153  p   3n21/2   ( 2n 21/2) 0.75    51.895     1.000     0.000
 154  p   4n21/2   ( 4n 21/2) 0.68    75.293     1.000     0.000
 155  p   1o23/2   ( 2o 23/2) 0.60    28.190     1.000     0.000
 156  p   2o23/2   ( 1o 23/2) 0.80    42.567     1.000     0.000
 157  p   3o23/2   ( 2o 23/2) 0.73    57.303     1.000     0.000
 158  p   4o23/2   ( 4o 23/2) 0.66    81.562     1.000     0.000
 159  p   1n23/2   ( 3n 23/2) 0.55    25.543     1.000     0.000
 160  p   2n23/2   ( 1n 23/2) 0.84    34.716     1.000     0.000
 161  p   3n23/2   ( 2n 23/2) 0.73    45.961     1.000     0.000
 162  p   4n23/2   ( 4n 23/2) 0.74    68.379     1.000     0.000
 163  p   1o25/2   ( 2o 25/2) 0.58    28.065     1.000     0.000
 164  p   2o25/2   ( 1o 25/2) 0.86    40.425     1.000     0.000
 165  p   3o25/2   ( 2o 25/2) 0.77    51.015     1.000     0.000
 166  p   4o25/2   ( 4o 25/2) 0.73    73.045     1.000     0.000
 167  p   1P25/2   ( 2P 25/2) 0.68    34.386     1.000     0.000
 168  p   2P25/2   ( 1P 25/2) 0.78    51.862     1.000     0.000
 169  p   3P25/2   ( 3P 25/2) 0.71    72.790     1.000     0.000
 170  p   1q27/2   ( 2q 27/2) 0.68    36.967     1.000     0.000
 171  p   2q27/2   ( 1q 27/2) 0.78    55.778     1.000     0.000
 172  p   3q27/2   ( 3q 27/2) 0.69    78.050     1.000     0.000
 173  p   1P27/2   ( 2P 27/2) 0.65    34.191     1.000     0.000
 174  p   2P27/2   ( 1P 27/2) 0.78    49.231     1.000     0.000
 175  p   3P27/2   ( 3P 27/2) 0.79    62.961     1.000     0.000
 176  p   1q29/2   ( 2q 29/2) 0.66    36.815     1.000     0.000
 177  p   2q29/2   ( 1q 29/2) 0.79    54.311     1.000     0.000
 178  p   3q29/2   ( 3q 29/2) 0.74    68.552     1.000     0.000
 179  p   1r29/2   ( 1r 29/2) 0.78    45.536     1.000     0.000
 180  p   2r29/2   ( 2r 29/2) 0.77    69.382     1.000     0.000
 181  p   1S31/2   ( 1S 31/2) 0.77    48.387     1.000     0.000
 182  p   2S31/2   ( 2S 31/2) 0.77    73.723     1.000     0.000
 183  p   1r31/2   ( 1r 31/2) 0.77    45.347     1.000     0.000
 184  p   2r31/2   ( 2r 31/2) 0.76    64.562     1.000     0.000
 185  p   1S33/2   ( 1S 33/2) 0.77    48.234     1.000     0.000
 186  p   2S33/2   ( 2S 33/2) 0.76    70.056     1.000     0.000
 187  p   1t33/2   ( 1t 33/2) 0.98    61.608     1.000     0.000
 188  p   1u35/2   ( 1u 35/2) 0.98    64.897     1.000     0.000
 189  p   1t35/2   ( 1t 35/2) 0.98    60.807     1.000     0.000
 190  p   1u37/2   ( 1u 37/2) 0.98    64.348     1.000     0.000


 quasi-particle properties Proton: 
 ------------------------------------------------------------------
     p/h    l j     [nr,l,j]  smax       Eqp       uu       vv
   1  p   1s 1/2   ( 3s  1/2) 0.74     1.158     0.668     0.332
   2  h   2s 1/2   ( 2s  1/2) 0.78    20.628     0.073     0.927
   3  p   3s 1/2   ( 4s  1/2) 0.90    21.592     0.928     0.072
   4  p   4s 1/2   ( 6s  1/2) 0.50    26.994     1.000     0.000
   5  p   5s 1/2   ( 5s  1/2) 0.74    35.534     1.000     0.000
   6  h   6s 1/2   ( 1s  1/2) 0.88    37.677     0.001     0.999
   7  p   7s 1/2   ( 6s  1/2) 0.63    47.521     1.000     0.000
   8  p   8s 1/2   ( 7s  1/2) 0.57    61.583     1.000     0.000
   9  p   9s 1/2   ( 8s  1/2) 0.63    79.382     1.000     0.000
  11  p   1p 1/2   ( 3p  1/2) 0.95    10.973     0.997     0.003
  12  h   2p 1/2   ( 2p  1/2) 0.90    11.253     0.004     0.996
  13  p   3p 1/2   ( 4p  1/2) 0.61    26.339     1.000     0.000
  14  p   4p 1/2   ( 4p  1/2) 0.72    31.650     0.997     0.003
  15  h   5p 1/2   ( 1p  1/2) 0.93    32.383     0.003     0.997
  16  p   6p 1/2   ( 5p  1/2) 0.75    42.402     1.000     0.000
  17  p   7p 1/2   ( 6p  1/2) 0.67    56.325     1.000     0.000
  18  p   8p 1/2   ( 7p  1/2) 0.68    73.111     1.000     0.000
  20  h   1d 3/2   ( 2d  3/2) 0.91     1.543     0.077     0.923
  21  p   2d 3/2   ( 3d  3/2) 0.96    20.819     1.000     0.000
  22  h   3d 3/2   ( 1d  3/2) 0.96    25.170     0.001     0.999
  23  p   4d 3/2   ( 5d  3/2) 0.49    27.545     1.000     0.000
  24  p   5d 3/2   ( 4d  3/2) 0.76    35.841     1.000     0.000
  25  p   6d 3/2   ( 5d  3/2) 0.66    47.400     1.000     0.000
  26  p   7d 3/2   ( 6d  3/2) 0.60    61.513     1.000     0.000
  27  p   8d 3/2   ( 7d  3/2) 0.64    79.266     1.000     0.000
  29  p   1p 3/2   ( 3p  3/2) 0.94    10.709     0.998     0.002
  30  h   2p 3/2   ( 2p  3/2) 0.88    11.742     0.002     0.998
  31  p   3p 3/2   ( 4p  3/2) 0.61    26.311     1.000     0.000
  32  p   4p 3/2   ( 4p  3/2) 0.72    31.574     0.999     0.001
  33  h   5p 3/2   ( 1p  3/2) 0.92    32.746     0.002     0.998
  34  p   6p 3/2   ( 5p  3/2) 0.74    42.403     1.000     0.000
  35  p   7p 3/2   ( 6p  3/2) 0.66    56.303     1.000     0.000
  36  p   8p 3/2   ( 7p  3/2) 0.67    72.993     1.000     0.000
  38  h   1d 5/2   ( 2d  5/2) 0.91     2.726     0.023     0.977
  39  p   2d 5/2   ( 3d  5/2) 0.96    20.277     1.000     0.000
  40  h   3d 5/2   ( 1d  5/2) 0.95    26.269     0.001     0.999
  41  p   4d 5/2   ( 5d  5/2) 0.50    27.491     0.999     0.001
  42  p   5d 5/2   ( 4d  5/2) 0.75    35.661     1.000     0.000
  43  p   6d 5/2   ( 5d  5/2) 0.66    47.246     1.000     0.000
  44  p   7d 5/2   ( 6d  5/2) 0.59    61.339     1.000     0.000
  45  p   8d 5/2   ( 7d  5/2) 0.63    78.943     1.000     0.000
  47  p   1f 5/2   ( 2f  5/2) 0.97     8.619     0.998     0.002
  48  h   2f 5/2   ( 1f  5/2) 0.98    16.633     0.001     0.999
  49  p   3f 5/2   ( 3f  5/2) 0.71    27.338     1.000     0.000
  50  p   4f 5/2   ( 3f  5/2) 0.65    31.547     1.000     0.000
  51  p   5f 5/2   ( 4f  5/2) 0.76    42.426     1.000     0.000
  52  p   6f 5/2   ( 5f  5/2) 0.69    56.366     1.000     0.000
  53  p   7f 5/2   ( 6f  5/2) 0.69    72.894     1.000     0.000
  55  h   1g 7/2   ( 1g  7/2) 0.98     7.182     0.003     0.997
  56  p   2g 7/2   ( 2g  7/2) 0.98    18.213     1.000     0.000
  57  p   3g 7/2   ( 5g  7/2) 0.47    29.125     1.000     0.000
  58  p   4g 7/2   ( 3g  7/2) 0.79    36.524     1.000     0.000
  59  p   5g 7/2   ( 4g  7/2) 0.71    47.041     1.000     0.000
  60  p   6g 7/2   ( 5g  7/2) 0.63    61.376     1.000     0.000
  61  p   7g 7/2   ( 6g  7/2) 0.66    78.877     1.000     0.000
  63  p   1f 7/2   ( 2f  7/2) 0.95     6.673     0.998     0.002
  64  h   2f 7/2   ( 1f  7/2) 0.97    18.775     0.001     0.999
  65  p   3f 7/2   ( 3f  7/2) 0.77    27.023     1.000     0.000
  66  p   4f 7/2   ( 3f  7/2) 0.58    31.002     1.000     0.000
  67  p   5f 7/2   ( 4f  7/2) 0.76    42.118     1.000     0.000
  68  p   6f 7/2   ( 5f  7/2) 0.69    55.937     1.000     0.000
  69  p   7f 7/2   ( 6f  7/2) 0.68    72.223     1.000     0.000
  71  h   1g 9/2   ( 1g  9/2) 0.98    10.613     0.002     0.998
  72  p   2g 9/2   ( 2g  9/2) 0.97    15.917     1.000     0.000
  73  p   3g 9/2   ( 3g  9/2) 0.47    29.020     1.000     0.000
  74  p   4g 9/2   ( 3g  9/2) 0.79    35.810     1.000     0.000
  75  p   5g 9/2   ( 4g  9/2) 0.72    46.362     1.000     0.000
  76  p   6g 9/2   ( 5g  9/2) 0.63    60.700     1.000     0.000
  77  p   7g 9/2   ( 6g  9/2) 0.65    77.831     1.000     0.000
  79  p   1h 9/2   ( 1h  9/2) 0.97     3.001     0.985     0.015
  80  p   2h 9/2   ( 2h  9/2) 0.96    27.043     1.000     0.000
  81  p   3h 9/2   ( 4h  9/2) 0.52    31.829     1.000     0.000
  82  p   4h 9/2   ( 3h  9/2) 0.78    42.804     1.000     0.000
  83  p   5h 9/2   ( 4h  9/2) 0.73    56.136     1.000     0.000
  84  p   6h 9/2   ( 5h  9/2) 0.71    72.190     1.000     0.000
  86  p   1i11/2   ( 1i 11/2) 0.97    13.189     0.999     0.001
  87  p   2i11/2   ( 2i 11/2) 0.53    31.843     1.000     0.000
  88  p   3i11/2   ( 2i 11/2) 0.81    36.351     1.000     0.000
  89  p   4i11/2   ( 3i 11/2) 0.78    46.425     1.000     0.000
  90  p   5i11/2   ( 4i 11/2) 0.69    61.089     1.000     0.000
  91  p   6i11/2   ( 5i 11/2) 0.69    77.958     1.000     0.000
  93  h   1h11/2   ( 1h 11/2) 0.96     2.119     0.033     0.967
  94  p   2h11/2   ( 2h 11/2) 0.98    24.911     1.000     0.000
  95  p   3h11/2   ( 4h 11/2) 0.53    31.487     1.000     0.000
  96  p   4h11/2   ( 3h 11/2) 0.78    42.047     1.000     0.000
  97  p   5h11/2   ( 4h 11/2) 0.74    55.035     1.000     0.000
  98  p   6h11/2   ( 5h 11/2) 0.71    70.736     1.000     0.000
  99  p   7h11/2   ( 6h 11/2) 0.64    99.339     1.000     0.000
 100  p   1i13/2   ( 1i 13/2) 0.97     6.887     0.998     0.002
 101  p   2i13/2   ( 2i 13/2) 0.69    31.435     1.000     0.000
 102  p   3i13/2   ( 2i 13/2) 0.69    34.593     1.000     0.000
 103  p   4i13/2   ( 3i 13/2) 0.79    45.442     1.000     0.000
 104  p   5i13/2   ( 4i 13/2) 0.71    59.845     1.000     0.000
 105  p   6i13/2   ( 5i 13/2) 0.69    76.019     1.000     0.000
 107  p   1j13/2   ( 1j 13/2) 0.97    23.325     1.000     0.000
 108  p   2j13/2   ( 4j 13/2) 0.51    34.981     1.000     0.000
 109  p   3j13/2   ( 2j 13/2) 0.83    43.687     1.000     0.000
 110  p   4j13/2   ( 3j 13/2) 0.78    55.158     1.000     0.000
 111  p   5j13/2   ( 4j 13/2) 0.74    71.202     1.000     0.000
 112  p   6j13/2   ( 6j 13/2) 0.66    97.758     1.000     0.000
 113  p   1k15/2   ( 1k 15/2) 0.97    32.914     1.000     0.000
 114  p   2k15/2   ( 4k 15/2) 0.52    36.796     1.000     0.000
 115  p   3k15/2   ( 2k 15/2) 0.81    48.123     1.000     0.000
 116  p   4k15/2   ( 3k 15/2) 0.75    60.712     1.000     0.000
 117  p   5k15/2   ( 4k 15/2) 0.73    76.550     1.000     0.000
 119  p   1j15/2   ( 1j 15/2) 0.97    15.884     1.000     0.000
 120  p   2j15/2   ( 2j 15/2) 0.53    34.748     1.000     0.000
 121  p   3j15/2   ( 2j 15/2) 0.81    41.890     1.000     0.000
 122  p   4j15/2   ( 3j 15/2) 0.78    53.665     1.000     0.000
 123  p   5j15/2   ( 4j 15/2) 0.74    69.074     1.000     0.000
 124  p   6j15/2   ( 6j 15/2) 0.66    95.739     1.000     0.000
 125  p   1k17/2   ( 1k 17/2) 0.96    24.901     1.000     0.000
 126  p   2k17/2   ( 4k 17/2) 0.52    36.527     1.000     0.000
 127  p   3k17/2   ( 2k 17/2) 0.82    46.569     1.000     0.000
 128  p   4k17/2   ( 3k 17/2) 0.78    58.672     1.000     0.000
 129  p   5k17/2   ( 4k 17/2) 0.73    74.029     1.000     0.000
 131  p   1l17/2   ( 1l 17/2) 0.61    39.649     1.000     0.000
 132  p   2l17/2   ( 1l 17/2) 0.77    43.087     1.000     0.000
 133  p   3l17/2   ( 2l 17/2) 0.79    55.972     1.000     0.000
 134  p   4l17/2   ( 3l 17/2) 0.76    71.069     1.000     0.000
 135  p   5l17/2   ( 5l 17/2) 0.68    94.401     1.000     0.000
 136  p   1m19/2   ( 3m 19/2) 0.57    42.013     1.000     0.000
 137  p   2m19/2   ( 1m 19/2) 0.91    50.192     1.000     0.000
 138  p   3m19/2   ( 2m 19/2) 0.80    60.189     1.000     0.000
 139  p   4m19/2   ( 3m 19/2) 0.74    76.727     1.000     0.000
 141  p   1l19/2   ( 1l 19/2) 0.95    33.771     1.000     0.000
 142  p   2l19/2   ( 2l 19/2) 0.57    40.381     1.000     0.000
 143  p   3l19/2   ( 2l 19/2) 0.76    54.255     1.000     0.000
 144  p   4l19/2   ( 3l 19/2) 0.76    67.602     1.000     0.000
 145  p   5l19/2   ( 5l 19/2) 0.70    91.183     1.000     0.000
 146  p   1m21/2   ( 1m 21/2) 0.70    41.536     1.000     0.000
 147  p   2m21/2   ( 1m 21/2) 0.65    43.236     1.000     0.000
 148  p   3m21/2   ( 2m 21/2) 0.77    57.697     1.000     0.000
 149  p   4m21/2   ( 3m 21/2) 0.76    72.737     1.000     0.000
 150  p   5m21/2   ( 5m 21/2) 0.68    96.447     1.000     0.000
 151  p   1n21/2   ( 3n 21/2) 0.58    46.889     1.000     0.000
 152  p   2n21/2   ( 1n 21/2) 0.87    58.702     1.000     0.000
 153  p   3n21/2   ( 2n 21/2) 0.76    69.823     1.000     0.000
 154  p   4n21/2   ( 4n 21/2) 0.70    92.838     1.000     0.000
 155  p   1o23/2   ( 3o 23/2) 0.59    49.070     1.000     0.000
 156  p   2o23/2   ( 1o 23/2) 0.85    63.780     1.000     0.000
 157  p   3o23/2   ( 2o 23/2) 0.77    75.360     1.000     0.000
 158  p   4o23/2   ( 4o 23/2) 0.69    98.608     1.000     0.000
 159  p   1n23/2   ( 1n 23/2) 0.58    46.431     1.000     0.000
 160  p   2n23/2   ( 1n 23/2) 0.76    52.829     1.000     0.000
 161  p   3n23/2   ( 2n 23/2) 0.67    65.668     1.000     0.000
 162  p   4n23/2   ( 4n 23/2) 0.75    86.354     1.000     0.000
 163  p   1o25/2   ( 3o 25/2) 0.59    48.915     1.000     0.000
 164  p   2o25/2   ( 1o 25/2) 0.87    60.045     1.000     0.000
 165  p   3o25/2   ( 2o 25/2) 0.73    69.891     1.000     0.000
 166  p   4o25/2   ( 4o 25/2) 0.75    90.919     1.000     0.000
 167  p   1P25/2   ( 2P 25/2) 0.67    55.645     1.000     0.000
 168  p   2P25/2   ( 1P 25/2) 0.80    72.825     1.000     0.000
 169  p   3P25/2   ( 3P 25/2) 0.74    89.176     1.000     0.000
 170  p   1q27/2   ( 2q 27/2) 0.68    58.003     1.000     0.000
 171  p   2q27/2   ( 1q 27/2) 0.80    77.381     1.000     0.000
 172  p   3q27/2   ( 3q 27/2) 0.71    94.799     1.000     0.000
 173  p   1P27/2   ( 2P 27/2) 0.62    55.363     1.000     0.000
 174  p   2P27/2   ( 1P 27/2) 0.77    69.217     1.000     0.000
 175  p   3P27/2   ( 3P 27/2) 0.82    80.525     1.000     0.000
 176  p   1q29/2   ( 2q 29/2) 0.65    57.788     1.000     0.000
 177  p   2q29/2   ( 1q 29/2) 0.81    75.587     1.000     0.000
 178  p   3q29/2   ( 3q 29/2) 0.78    85.831     1.000     0.000
 179  p   1r29/2   ( 1r 29/2) 0.76    67.069     1.000     0.000
 180  p   2r29/2   ( 2r 29/2) 0.75    89.061     1.000     0.000
 181  p   1S31/2   ( 1S 31/2) 0.76    69.723     1.000     0.000
 182  p   2S31/2   ( 2S 31/2) 0.75    94.163     1.000     0.000
 183  p   1r31/2   ( 1r 31/2) 0.75    66.836     1.000     0.000
 184  p   2r31/2   ( 2r 31/2) 0.74    84.392     1.000     0.000
 185  p   1S33/2   ( 1S 33/2) 0.75    69.527     1.000     0.000
 186  p   2S33/2   ( 2S 33/2) 0.74    90.623     1.000     0.000
 187  p   1t33/2   ( 1t 33/2) 0.98    83.311     1.000     0.000
 188  p   1u35/2   ( 1u 35/2) 0.98    86.586     1.000     0.000
 189  p   1t35/2   ( 1t 35/2) 0.98    82.518     1.000     0.000
 190  p   1u37/2   ( 1u 37/2) 0.98    86.034     1.000     0.000
  ****** END RESU ***********************************
