
  ******************************************  
  *           Fortran 77 Code              *  
  *         Spherical H.O. basis            *  
  * Dirac-Hartree-Bogoliubov calculation   *  
  *        with density-dependent          *  
  * meson-exchange or point coupling force *  
  *          and separable pairing         *  
  * -------------------------------------- *  
  *      Niksic, Paar, Vretenar, Ring      *  
  *          18/ 4/2026/01:31:42           *
  *       Hg 258  N = 178  Z =  80
  ******************************************  
  ****** BEGIN READER *******************************
 Number of oscillator shells :    18   20
 Initialization inin,inink   :     0    0
 Nucleus: Hg 258   178  80
 Initial Gap Parameters      :     1.0000    1.0000
 Parameter set               :    DD-PC1    
  ****** END READER *********************************
  ****** BEGIN FORCES *******************************

 NEDF Parameters: DD-PC1    
           scasca    scavec    vecsca    vecvec
 GG   =   1.000000  1.000000  1.000000  1.000000
 DD   =  -0.814900  0.000000  0.000000  0.000000
  
 Density dependence parameters:
           scasca    scavec    vecsca    vecvec
 a    = -10.046200  5.919500  0.000000  0.000000
 b    =  -9.150400  8.863700  0.000000  1.836000
 c    =  -6.427300  0.000000  0.000000  0.000000
 d    =   1.372400  0.658400  0.000000  0.640300
 dsat =   0.152000
  
 TMR pairing: Tian,Ma,Ring, PRB 676, 44 (2009)
 TMR pairing strength    gl =:  -728.00000 [MeV*fm^3]
 TMR pairing width        a =:     0.64420 [fm]
  ****** END FORCES *********************************
  ****** BEGIN PREP *********************************
  
 hom =                            6.440367
 hb0 =                           20.734000
 b0  =                            2.537472
 with Coulomb force
 With microscopic c.m. correction
  ****** END PREP ***********************************
  potentials read from tape dirhb.wel
  ****** BEGIN ITER *********************************
  1.It. si =    0.0000000  E/A =    0.0000 R =    0.0000  mix = 0.50
  2.It. si =    3.5251380  E/A =   -6.7934 R =    6.1661  mix = 0.50
  3.It. si =    1.9383595  E/A =   -6.7931 R =    6.1672  mix = 0.50
  4.It. si =    0.6192508  E/A =   -6.7927 R =    6.1685  mix = 0.50
  5.It. si =    0.3806515  E/A =   -6.7923 R =    6.1699  mix = 0.50
  6.It. si =    0.2786508  E/A =   -6.7922 R =    6.1702  mix = 0.50
  7.It. si =    0.0325079  E/A =   -6.7919 R =    6.1707  mix = 0.50
  8.It. si =    0.0137002  E/A =   -6.7918 R =    6.1708  mix = 0.50
  9.It. si =    0.0101026  E/A =   -6.7918 R =    6.1708  mix = 0.50
 10.It. si =    0.0108448  E/A =   -6.7917 R =    6.1708  mix = 0.50
 11.It. si =    0.0068799  E/A =   -6.7917 R =    6.1708  mix = 0.50
 12.It. si =    0.0024374  E/A =   -6.7917 R =    6.1708  mix = 0.50
 13.It. si =    0.0016533  E/A =   -6.7917 R =    6.1708  mix = 0.50
 14.It. si =    0.0017041  E/A =   -6.7917 R =    6.1708  mix = 0.50
 15.It. si =    0.0016461  E/A =   -6.7916 R =    6.1708  mix = 0.50
 16.It. si =    0.0006793  E/A =   -6.7917 R =    6.1708  mix = 0.50
 17.It. si =    0.0001260  E/A =   -6.7917 R =    6.1708  mix = 0.50
 18.It. si =    0.0001199  E/A =   -6.7917 R =    6.1708  mix = 0.50
 19.It. si =    0.0000237  E/A =   -6.7917 R =    6.1708  mix = 0.50
 20.It. si =    0.0000093  E/A =   -6.7917 R =    6.1708  mix = 0.50
 21.It. si =    0.0000058  E/A =   -6.7917 R =    6.1708  mix = 0.50
 22.It. si =    0.0000022  E/A =   -6.7917 R =    6.1708  mix = 0.50
 ********************************************************************
 Hg 258: Iteration converged after  22 steps   si =      0.0000008644
 ********************************************************************
  ****** END ITER ***********************************
  ****** BEGIN CANON ********************************
 single-particle energies and gaps  in the canonical basis: Neutron:
 ------------------------------------------------------------------
    j pi     (nr,l,j)  smax       Ecan       vvcan       decan
 j = 1/2+  (   s 1/2)  0.72    -54.7533      0.9999      1.2419
 j = 1/2+  (   s 1/2)  0.69    -42.5981      0.9997      1.4711
 j = 1/2+  (   s 1/2)  0.93    -20.4060      0.9990      1.1808
 j = 1/2+  (   s 1/2)  0.92     -1.4130      0.3884      0.8276
 j = 1/2+  (   s 1/2)  0.84      8.1515      0.0007      0.5334
 j = 1/2+  (   s 1/2)  0.80     19.5550      0.0001      0.4512
 j = 1/2+  (   s 1/2)  0.86     34.9918      0.0000      0.3478
 j = 1/2+  (   s 1/2)  0.93     42.6524      0.0000      0.0537
 j = 1/2+  (   s 1/2)  0.94     49.5762      0.0000      0.2293
 j = 1/2+  (   s 1/2)  0.92     62.2318      0.0000      0.1487
 j = 1/2-  (   p 1/2)  0.90    -51.5254      0.9999      1.1979
 j = 1/2-  (   p 1/2)  0.90    -31.4688      0.9996      1.1957
 j = 1/2-  (   p 1/2)  0.97    -10.2258      0.9962      1.0756
 j = 1/2-  (   p 1/2)  0.93      4.7639      0.0019      0.5550
 j = 1/2-  (   p 1/2)  0.85     13.5920      0.0002      0.3888
 j = 1/2-  (   p 1/2)  0.85     27.3387      0.0000      0.3244
 j = 1/2-  (   p 1/2)  0.93     41.9273      0.0000      0.2400
 j = 1/2-  (   p 1/2)  0.95     44.1498      0.0000      0.0723
 j = 1/2-  (   p 1/2)  0.95     57.0980      0.0000      0.1682
 j = 3/2+  (   d 3/2)  0.98    -44.4939      0.9998      1.0904
 j = 3/2+  (   d 3/2)  0.97    -21.5641      0.9993      1.0859
 j = 3/2+  (   d 3/2)  0.95     -1.6548      0.5296      0.8809
 j = 3/2+  (   d 3/2)  0.87      8.4475      0.0005      0.4473
 j = 3/2+  (   d 3/2)  0.78     18.9454      0.0001      0.3764
 j = 3/2+  (   d 3/2)  0.81     33.0355      0.0000      0.2698
 j = 3/2+  (   d 3/2)  0.94     46.2349      0.0000      0.0532
 j = 3/2+  (   d 3/2)  0.91     47.0193      0.0000      0.1841
 j = 3/2+  (   d 3/2)  0.93     63.5297      0.0000      0.1288
 j = 3/2-  (   p 3/2)  0.90    -51.7655      0.9999      1.1979
 j = 3/2-  (   p 3/2)  0.88    -31.8426      0.9996      1.2017
 j = 3/2-  (   p 3/2)  0.96    -10.6133      0.9965      1.0788
 j = 3/2-  (   p 3/2)  0.92      4.6453      0.0020      0.5539
 j = 3/2-  (   p 3/2)  0.84     13.4900      0.0002      0.3836
 j = 3/2-  (   p 3/2)  0.85     27.3254      0.0000      0.3238
 j = 3/2-  (   p 3/2)  0.93     41.9331      0.0000      0.2395
 j = 3/2-  (   p 3/2)  0.95     44.1245      0.0000      0.0724
 j = 3/2-  (   p 3/2)  0.95     57.2492      0.0000      0.1685
 j = 5/2+  (   d 5/2)  0.98    -45.2160      0.9998      1.0967
 j = 5/2+  (   d 5/2)  0.97    -22.7887      0.9993      1.0912
 j = 5/2+  (   d 5/2)  0.95     -2.2667      0.8005      0.8834
 j = 5/2+  (   d 5/2)  0.87      8.4205      0.0005      0.4522
 j = 5/2+  (   d 5/2)  0.79     18.6241      0.0001      0.3670
 j = 5/2+  (   d 5/2)  0.81     32.9413      0.0000      0.2682
 j = 5/2+  (   d 5/2)  0.94     46.1384      0.0000      0.0529
 j = 5/2+  (   d 5/2)  0.91     46.8752      0.0000      0.1824
 j = 5/2+  (   d 5/2)  0.93     63.5235      0.0000      0.1280
 j = 5/2-  (   f 5/2)  0.98    -35.9207      0.9998      0.9781
 j = 5/2-  (   f 5/2)  0.98    -11.9134      0.9976      1.0199
 j = 5/2-  (   f 5/2)  0.97      5.4450      0.0024      0.6894
 j = 5/2-  (   f 5/2)  0.94     15.0376      0.0002      0.4230
 j = 5/2-  (   f 5/2)  0.92     27.5909      0.0000      0.3243
 j = 5/2-  (   f 5/2)  0.95     40.1920      0.0000      0.2180
 j = 5/2-  (   f 5/2)  0.96     46.5711      0.0000      0.0691
 j = 5/2-  (   f 5/2)  0.96     54.0619      0.0000      0.1444
 j = 7/2+  (   g 7/2)  0.98    -26.7808      0.9997      0.9338
 j = 7/2+  (   g 7/2)  0.98     -2.7394      0.8897      0.9140
 j = 7/2+  (   g 7/2)  0.96     11.3334      0.0003      0.4831
 j = 7/2+  (   g 7/2)  0.94     20.8143      0.0001      0.3758
 j = 7/2+  (   g 7/2)  0.94     35.6387      0.0000      0.2868
 j = 7/2+  (   g 7/2)  0.92     40.7633      0.0000      0.0444
 j = 7/2+  (   g 7/2)  0.96     47.6049      0.0000      0.1849
 j = 7/2+  (   g 7/2)  0.91     61.3427      0.0000      0.1242
 j = 7/2-  (   f 7/2)  0.98    -37.4346      0.9998      0.9940
 j = 7/2-  (   f 7/2)  0.98    -13.8687      0.9983      1.0220
 j = 7/2-  (   f 7/2)  0.96      4.6424      0.0030      0.6839
 j = 7/2-  (   f 7/2)  0.93     14.6082      0.0002      0.4200
 j = 7/2-  (   f 7/2)  0.92     27.0030      0.0000      0.3232
 j = 7/2-  (   f 7/2)  0.95     39.8133      0.0000      0.2172
 j = 7/2-  (   f 7/2)  0.96     46.4944      0.0000      0.0692
 j = 7/2-  (   f 7/2)  0.96     54.0106      0.0000      0.1445
 j = 9/2+  (   g 9/2)  0.98    -29.4641      0.9997      0.9541
 j = 9/2+  (   g 9/2)  0.98     -4.9589      0.9823      0.9172
 j = 9/2+  (   g 9/2)  0.96     10.6163      0.0004      0.4946
 j = 9/2+  (   g 9/2)  0.95     20.3713      0.0001      0.3595
 j = 9/2+  (   g 9/2)  0.95     35.0312      0.0000      0.2825
 j = 9/2+  (   g 9/2)  0.92     40.0250      0.0000      0.0436
 j = 9/2+  (   g 9/2)  0.96     47.0513      0.0000      0.1831
 j = 9/2+  (   g 9/2)  0.91     60.7513      0.0000      0.1224
 j = 9/2-  (   h 9/2)  0.98    -16.8135      0.9991      0.8899
 j = 9/2-  (   h 9/2)  0.98      5.1877      0.0035      0.8105
 j = 9/2-  (   h 9/2)  0.95     16.3745      0.0001      0.3878
 j = 9/2-  (   h 9/2)  0.94     28.3405      0.0000      0.2923
 j = 9/2-  (   h 9/2)  0.92     38.7643      0.0000      0.0584
 j = 9/2-  (   h 9/2)  0.95     43.4253      0.0000      0.2214
 j = 9/2-  (   h 9/2)  0.91     56.4515      0.0000      0.1553
 j =11/2+  (   i11/2)  0.98     -6.6384      0.9930      0.8500
 j =11/2+  (   i11/2)  0.97     12.5612      0.0006      0.6693
 j =11/2+  (   i11/2)  0.96     22.5069      0.0001      0.3502
 j =11/2+  (   i11/2)  0.78     24.7625      0.0000      0.0323
 j =11/2+  (   i11/2)  0.95     34.3716      0.0000      0.2316
 j =11/2+  (   i11/2)  0.95     48.6936      0.0000      0.1628
 j =11/2+  (   i11/2)  0.77     74.8940      0.0000      0.1281
 j =11/2-  (   h11/2)  0.98    -20.8773      0.9994      0.9270
 j =11/2-  (   h11/2)  0.98      3.0034      0.0072      0.7906
 j =11/2-  (   h11/2)  0.95     15.3877      0.0001      0.3864
 j =11/2-  (   h11/2)  0.94     26.9674      0.0000      0.2892
 j =11/2-  (   h11/2)  0.92     38.1221      0.0000      0.0580
 j =11/2-  (   h11/2)  0.95     42.7167      0.0000      0.2203
 j =11/2-  (   h11/2)  0.91     55.7867      0.0000      0.1556
 j =13/2+  (   i13/2)  0.98    -12.0493      0.9982      0.8804
 j =13/2+  (   i13/2)  0.98     10.3957      0.0008      0.6621
 j =13/2+  (   i13/2)  0.96     21.2765      0.0001      0.3427
 j =13/2+  (   i13/2)  0.95     32.9826      0.0000      0.2305
 j =13/2+  (   i13/2)  0.87     34.7469      0.0000      0.0373
 j =13/2+  (   i13/2)  0.95     47.4287      0.0000      0.1608
 j =13/2+  (   i13/2)  0.84     63.3054      0.0000      0.1220
 j =13/2-  (   j13/2)  0.98      3.3829      0.0070      0.8405
 j =13/2-  (   j13/2)  0.98     19.1559      0.0001      0.4952
 j =13/2-  (   j13/2)  0.97     29.3928      0.0000      0.3152
 j =13/2-  (   j13/2)  0.96     39.4416      0.0000      0.1869
 j =13/2-  (   j13/2)  0.93     41.6023      0.0000      0.0558
 j =13/2-  (   j13/2)  0.93     53.9049      0.0000      0.1255
 j =15/2+  (   k15/2)  0.98     12.7875      0.0008      0.7888
 j =15/2+  (   k15/2)  0.78     24.3150      0.0000      0.0299
 j =15/2+  (   k15/2)  0.97     25.4438      0.0001      0.3866
 j =15/2+  (   k15/2)  0.95     36.8936      0.0000      0.2652
 j =15/2+  (   k15/2)  0.92     46.2223      0.0000      0.1586
 j =15/2+  (   k15/2)  0.79     73.1667      0.0000      0.1090
 j =15/2-  (   j15/2)  0.98     -3.2476      0.9463      0.8305
 j =15/2-  (   j15/2)  0.97     17.2863      0.0002      0.5291
 j =15/2-  (   j15/2)  0.96     27.4810      0.0000      0.3064
 j =15/2-  (   j15/2)  0.95     38.2524      0.0000      0.1857
 j =15/2-  (   j15/2)  0.93     40.6957      0.0000      0.0551
 j =15/2-  (   j15/2)  0.93     52.4491      0.0000      0.1247
 j =17/2+  (   k17/2)  0.98      5.4779      0.0031      0.7873
 j =17/2+  (   k17/2)  0.96     23.2703      0.0001      0.4059
 j =17/2+  (   k17/2)  0.78     23.9725      0.0000      0.0298
 j =17/2+  (   k17/2)  0.94     34.3846      0.0000      0.2611
 j =17/2+  (   k17/2)  0.91     45.0787      0.0000      0.1580
 j =17/2+  (   k17/2)  0.80     70.9927      0.0000      0.1081
 j =17/2-  (   l17/2)  0.98     21.1323      0.0002      0.7010
 j =17/2-  (   l17/2)  0.96     32.1885      0.0000      0.3254
 j =17/2-  (   l17/2)  0.88     35.8275      0.0000      0.0478
 j =17/2-  (   l17/2)  0.93     43.6032      0.0000      0.2111
 j =17/2-  (   l17/2)  0.84     54.3672      0.0000      0.1379
 j =19/2+  (   m19/2)  0.79     25.7544      0.0000      0.0303
 j =19/2+  (   m19/2)  0.97     29.0161      0.0001      0.6118
 j =19/2+  (   m19/2)  0.94     38.9248      0.0000      0.2788
 j =19/2+  (   m19/2)  0.88     50.6937      0.0000      0.1724
 j =19/2+  (   m19/2)  0.82     67.6104      0.0000      0.1138
 j =19/2-  (   l19/2)  0.97     13.8662      0.0005      0.7098
 j =19/2-  (   l19/2)  0.95     29.1894      0.0000      0.3323
 j =19/2-  (   l19/2)  0.87     34.7715      0.0000      0.0471
 j =19/2-  (   l19/2)  0.92     40.9833      0.0000      0.2091
 j =19/2-  (   l19/2)  0.83     52.3869      0.0000      0.1365
 j =21/2+  (   m21/2)  0.96     21.9786      0.0002      0.6240
 j =21/2+  (   m21/2)  0.79     25.3364      0.0000      0.0303
 j =21/2+  (   m21/2)  0.91     35.3003      0.0000      0.2800
 j =21/2+  (   m21/2)  0.86     47.6769      0.0000      0.1717
 j =21/2+  (   m21/2)  0.83     64.6038      0.0000      0.1115
 j =21/2-  (   n21/2)  0.95     36.5139      0.0000      0.5241
 j =21/2-  (   n21/2)  0.86     36.5655      0.0000      0.0477
 j =21/2-  (   n21/2)  0.90     44.8498      0.0000      0.2314
 j =21/2-  (   n21/2)  0.81     55.5412      0.0000      0.1391
 j =23/2+  (   o23/2)  0.78     28.9528      0.0000      0.0332
 j =23/2+  (   o23/2)  0.92     43.9509      0.0000      0.4431
 j =23/2+  (   o23/2)  0.82     52.1095      0.0000      0.1995
 j =23/2+  (   o23/2)  0.84     66.6457      0.0000      0.1112
 j =23/2-  (   n23/2)  0.93     29.8832      0.0001      0.5350
 j =23/2-  (   n23/2)  0.85     35.0024      0.0000      0.0465
 j =23/2-  (   n23/2)  0.86     41.2005      0.0000      0.2327
 j =23/2-  (   n23/2)  0.78     51.2461      0.0000      0.1368
 j =25/2+  (   o25/2)  0.78     28.5505      0.0000      0.0336
 j =25/2+  (   o25/2)  0.90     37.6500      0.0000      0.4532
 j =25/2+  (   o25/2)  0.78     47.8809      0.0000      0.2001
 j =25/2+  (   o25/2)  0.85     61.1886      0.0000      0.1074
 j =25/2-  (   P25/2)  0.83     38.3954      0.0000      0.0503
 j =25/2-  (   P25/2)  0.88     51.5157      0.0000      0.3702
 j =25/2-  (   P25/2)  0.72     55.7895      0.0000      0.1631
 j =27/2+  (   q27/2)  0.78     39.2733      0.0000      0.0369
 j =27/2+  (   q27/2)  0.63     58.8464      0.0000      0.1295
 j =27/2+  (   q27/2)  0.83     59.2480      0.0000      0.3105
 j =27/2-  (   P27/2)  0.81     36.8465      0.0000      0.0492
 j =27/2-  (   P27/2)  0.86     45.3358      0.0000      0.3802
 j =27/2-  (   P27/2)  0.68     51.0250      0.0000      0.1598
 j =29/2+  (   q29/2)  0.77     38.2410      0.0000      0.0365
 j =29/2+  (   q29/2)  0.81     53.2526      0.0000      0.3179
 j =29/2+  (   q29/2)  0.59     54.6731      0.0000      0.1267
 j =29/2-  (   r29/2)  0.82     43.9278      0.0000      0.0620
 j =29/2-  (   r29/2)  0.81     62.1066      0.0000      0.2358
 j =31/2+  (   S31/2)  0.79     46.1740      0.0000      0.0465
 j =31/2+  (   S31/2)  0.79     66.9209      0.0000      0.1833
 j =31/2-  (   r31/2)  0.80     42.8570      0.0000      0.0614
 j =31/2-  (   r31/2)  0.80     57.8070      0.0000      0.2381
 j =33/2+  (   S33/2)  0.78     45.4115      0.0000      0.0462
 j =33/2+  (   S33/2)  0.78     63.4771      0.0000      0.1846
 j =33/2-  (   t33/2)  0.98     57.2685      0.0000      0.0933
 j =35/2+  (   u35/2)  0.98     60.5018      0.0000      0.0693
 j =35/2-  (   t35/2)  0.99     56.2768      0.0000      0.0934
 j =37/2+  (   u37/2)  0.98     59.7953      0.0000      0.0694
 single-particle energies and gaps  in the canonical basis: Proton: 
 ------------------------------------------------------------------
    j pi     (nr,l,j)  smax       Ecan       vvcan       decan
 j = 1/2+  (   s 1/2)  0.76    -52.9002      0.9996     -1.3428
 j = 1/2+  (   s 1/2)  0.69    -38.0228      0.9986     -1.5040
 j = 1/2+  (   s 1/2)  0.90    -17.3476      0.3684     -1.1945
 j = 1/2+  (   s 1/2)  0.87      8.7173      0.0003     -0.9578
 j = 1/2+  (   s 1/2)  0.55     12.6022      0.0000     -0.0020
 j = 1/2+  (   s 1/2)  0.50     24.7658      0.0000     -0.0088
 j = 1/2+  (   s 1/2)  0.67     34.4095      0.0000     -0.4563
 j = 1/2+  (   s 1/2)  0.51     44.2077      0.0000     -0.0180
 j = 1/2+  (   s 1/2)  0.57     58.0482      0.0000     -0.2544
 j = 1/2+  (   s 1/2)  0.76     76.1698      0.0000     -0.0923
 j = 1/2-  (   p 1/2)  0.92    -48.5006      0.9996     -1.2406
 j = 1/2-  (   p 1/2)  0.88    -28.4035      0.9974     -1.0966
 j = 1/2-  (   p 1/2)  0.93     -6.2349      0.0011     -0.7588
 j = 1/2-  (   p 1/2)  0.58     13.4977      0.0000     -0.0020
 j = 1/2-  (   p 1/2)  0.77     20.4733      0.0001     -0.5555
 j = 1/2-  (   p 1/2)  0.67     29.4565      0.0000     -0.0040
 j = 1/2-  (   p 1/2)  0.66     46.2616      0.0000     -0.3222
 j = 1/2-  (   p 1/2)  0.75     51.5147      0.0000     -0.0263
 j = 1/2-  (   p 1/2)  0.58     64.0428      0.0000     -0.1642
 j = 3/2+  (   d 3/2)  0.96    -41.7850      0.9994     -1.1338
 j = 3/2+  (   d 3/2)  0.94    -18.9374      0.9020     -0.9349
 j = 3/2+  (   d 3/2)  0.90      4.5431      0.0001     -0.5257
 j = 3/2+  (   d 3/2)  0.55     13.3365      0.0000     -0.0018
 j = 3/2+  (   d 3/2)  0.51     25.6912      0.0000     -0.0078
 j = 3/2+  (   d 3/2)  0.67     31.2725      0.0000     -0.3626
 j = 3/2+  (   d 3/2)  0.49     45.0480      0.0000     -0.0173
 j = 3/2+  (   d 3/2)  0.60     59.9156      0.0000     -0.2318
 j = 3/2+  (   d 3/2)  0.76     78.6017      0.0000     -0.0919
 j = 3/2-  (   p 3/2)  0.91    -48.8416      0.9996     -1.2429
 j = 3/2-  (   p 3/2)  0.86    -28.8857      0.9976     -1.0965
 j = 3/2-  (   p 3/2)  0.92     -6.4966      0.0011     -0.7494
 j = 3/2-  (   p 3/2)  0.58     13.4890      0.0000     -0.0020
 j = 3/2-  (   p 3/2)  0.78     20.5240      0.0001     -0.5613
 j = 3/2-  (   p 3/2)  0.67     29.4417      0.0000     -0.0040
 j = 3/2-  (   p 3/2)  0.66     46.4684      0.0000     -0.3241
 j = 3/2-  (   p 3/2)  0.75     51.3708      0.0000     -0.0263
 j = 3/2-  (   p 3/2)  0.58     63.6442      0.0000     -0.1646
 j = 5/2+  (   d 5/2)  0.94    -42.7723      0.9995     -1.1440
 j = 5/2+  (   d 5/2)  0.92    -20.1595      0.9685     -0.9271
 j = 5/2+  (   d 5/2)  0.90      3.8194      0.0002     -0.5256
 j = 5/2+  (   d 5/2)  0.55     13.3159      0.0000     -0.0018
 j = 5/2+  (   d 5/2)  0.51     25.6609      0.0000     -0.0079
 j = 5/2+  (   d 5/2)  0.68     31.1700      0.0000     -0.3639
 j = 5/2+  (   d 5/2)  0.49     44.8488      0.0000     -0.0173
 j = 5/2+  (   d 5/2)  0.60     60.2578      0.0000     -0.2320
 j = 5/2+  (   d 5/2)  0.76     78.2581      0.0000     -0.0918
 j = 5/2-  (   f 5/2)  0.97    -33.7802      0.9990     -1.0403
 j = 5/2-  (   f 5/2)  0.95     -9.2255      0.0021     -0.7801
 j = 5/2-  (   f 5/2)  0.58     14.4253      0.0000     -0.0029
 j = 5/2-  (   f 5/2)  0.84     16.0106      0.0000     -0.4300
 j = 5/2-  (   f 5/2)  0.50     27.6211      0.0000     -0.0111
 j = 5/2-  (   f 5/2)  0.68     42.1239      0.0000     -0.2554
 j = 5/2-  (   f 5/2)  0.60     46.4149      0.0000     -0.0362
 j = 5/2-  (   f 5/2)  0.69     80.0974      0.0000     -0.1348
 j = 7/2+  (   g 7/2)  0.98    -24.8407      0.9957     -0.9494
 j = 7/2+  (   g 7/2)  0.92      1.0683      0.0003     -0.6257
 j = 7/2+  (   g 7/2)  0.56     15.0719      0.0000     -0.0015
 j = 7/2+  (   g 7/2)  0.70     27.8617      0.0000     -0.3599
 j = 7/2+  (   g 7/2)  0.51     27.9291      0.0000     -0.0062
 j = 7/2+  (   g 7/2)  0.51     46.8372      0.0000     -0.0168
 j = 7/2+  (   g 7/2)  0.65     54.4511      0.0000     -0.1972
 j = 7/2+  (   g 7/2)  0.73     83.1499      0.0000     -0.0885
 j = 7/2-  (   f 7/2)  0.96    -35.6983      0.9991     -1.0584
 j = 7/2-  (   f 7/2)  0.94    -11.0909      0.0033     -0.7618
 j = 7/2-  (   f 7/2)  0.59     14.4003      0.0000     -0.0030
 j = 7/2-  (   f 7/2)  0.85     14.8008      0.0000     -0.4349
 j = 7/2-  (   f 7/2)  0.51     27.6594      0.0000     -0.0113
 j = 7/2-  (   f 7/2)  0.68     41.5393      0.0000     -0.2560
 j = 7/2-  (   f 7/2)  0.61     46.0850      0.0000     -0.0364
 j = 7/2-  (   f 7/2)  0.69     80.1516      0.0000     -0.1354
 j = 9/2+  (   g 9/2)  0.98    -27.9308      0.9978     -0.9697
 j = 9/2+  (   g 9/2)  0.93     -1.2710      0.0003     -0.6076
 j = 9/2+  (   g 9/2)  0.56     15.0445      0.0000     -0.0016
 j = 9/2+  (   g 9/2)  0.72     26.2656      0.0000     -0.3654
 j = 9/2+  (   g 9/2)  0.51     27.9257      0.0000     -0.0063
 j = 9/2+  (   g 9/2)  0.51     46.5236      0.0000     -0.0170
 j = 9/2+  (   g 9/2)  0.66     53.6606      0.0000     -0.1969
 j = 9/2+  (   g 9/2)  0.73     82.6773      0.0000     -0.0887
 j = 9/2-  (   h 9/2)  0.98    -15.2788      0.0293     -0.8582
 j = 9/2-  (   h 9/2)  0.86     11.7870      0.0001     -0.4824
 j = 9/2-  (   h 9/2)  0.57     17.2764      0.0000     -0.0017
 j = 9/2-  (   h 9/2)  0.66     32.7917      0.0000     -0.0040
 j = 9/2-  (   h 9/2)  0.67     39.0770      0.0000     -0.2923
 j = 9/2-  (   h 9/2)  0.78     56.9517      0.0000     -0.0301
 j = 9/2-  (   h 9/2)  0.59     66.7509      0.0000     -0.1579
 j =11/2+  (   i11/2)  0.96     -5.2285      0.0009     -0.7663
 j =11/2+  (   i11/2)  0.56     17.8899      0.0000     -0.0016
 j =11/2+  (   i11/2)  0.78     22.5579      0.0000     -0.3699
 j =11/2+  (   i11/2)  0.54     30.4119      0.0000     -0.0078
 j =11/2+  (   i11/2)  0.55     48.7402      0.0000     -0.0214
 j =11/2+  (   i11/2)  0.66     52.7088      0.0000     -0.2352
 j =11/2+  (   i11/2)  0.73     82.2902      0.0000     -0.0981
 j =11/2-  (   h11/2)  0.98    -19.7014      0.9594     -0.8718
 j =11/2-  (   h11/2)  0.88      9.0824      0.0001     -0.4710
 j =11/2-  (   h11/2)  0.57     17.2558      0.0000     -0.0018
 j =11/2-  (   h11/2)  0.66     32.7463      0.0000     -0.0042
 j =11/2-  (   h11/2)  0.67     37.1365      0.0000     -0.2975
 j =11/2-  (   h11/2)  0.79     56.4184      0.0000     -0.0304
 j =11/2-  (   h11/2)  0.59     65.5623      0.0000     -0.1589
 j =13/2+  (   i13/2)  0.97    -11.1269      0.0035     -0.7737
 j =13/2+  (   i13/2)  0.56     17.8515      0.0000     -0.0017
 j =13/2+  (   i13/2)  0.80     19.4549      0.0000     -0.3657
 j =13/2+  (   i13/2)  0.54     30.4213      0.0000     -0.0084
 j =13/2+  (   i13/2)  0.55     48.2463      0.0000     -0.0223
 j =13/2+  (   i13/2)  0.66     50.5527      0.0000     -0.2391
 j =13/2+  (   i13/2)  0.73     80.9834      0.0000     -0.0993
 j =13/2-  (   j13/2)  0.93      5.0848      0.0002     -0.6640
 j =13/2-  (   j13/2)  0.59     20.7321      0.0000     -0.0019
 j =13/2-  (   j13/2)  0.67     33.3709      0.0000     -0.2887
 j =13/2-  (   j13/2)  0.64     35.8771      0.0000     -0.0048
 j =13/2-  (   j13/2)  0.78     59.1193      0.0000     -0.0377
 j =13/2-  (   j13/2)  0.58     65.1169      0.0000     -0.1812
 j =15/2+  (   k15/2)  0.88     15.7765      0.0001     -0.5668
 j =15/2+  (   k15/2)  0.55     21.9124      0.0000     -0.0015
 j =15/2+  (   k15/2)  0.54     34.7412      0.0000     -0.0090
 j =15/2+  (   k15/2)  0.66     44.6458      0.0000     -0.2282
 j =15/2+  (   k15/2)  0.64     52.3517      0.0000     -0.0292
 j =15/2+  (   k15/2)  0.70     82.6355      0.0000     -0.1114
 j =15/2-  (   j15/2)  0.94     -2.0991      0.0005     -0.6698
 j =15/2-  (   j15/2)  0.59     20.6810      0.0000     -0.0020
 j =15/2-  (   j15/2)  0.70     29.7373      0.0000     -0.2886
 j =15/2-  (   j15/2)  0.65     35.7285      0.0000     -0.0051
 j =15/2-  (   j15/2)  0.79     58.0061      0.0000     -0.0380
 j =15/2-  (   j15/2)  0.59     63.2348      0.0000     -0.1842
 j =17/2+  (   k17/2)  0.89      7.3733      0.0001     -0.5726
 j =17/2+  (   k17/2)  0.55     21.8415      0.0000     -0.0017
 j =17/2+  (   k17/2)  0.54     34.6408      0.0000     -0.0098
 j =17/2+  (   k17/2)  0.66     40.5398      0.0000     -0.2295
 j =17/2+  (   k17/2)  0.64     51.3775      0.0000     -0.0301
 j =17/2+  (   k17/2)  0.70     80.6232      0.0000     -0.1122
 j =17/2-  (   l17/2)  0.63     25.6942      0.0000     -0.0019
 j =17/2-  (   l17/2)  0.81     26.4310      0.0000     -0.4725
 j =17/2-  (   l17/2)  0.60     40.8073      0.0000     -0.0062
 j =17/2-  (   l17/2)  0.65     57.1572      0.0000     -0.1829
 j =17/2-  (   l17/2)  0.80     64.9243      0.0000     -0.0510
 j =19/2+  (   m19/2)  0.56     27.1879      0.0000     -0.0018
 j =19/2+  (   m19/2)  0.73     37.5052      0.0000     -0.3872
 j =19/2+  (   m19/2)  0.61     40.1779      0.0000     -0.0155
 j =19/2+  (   m19/2)  0.71     55.4975      0.0000     -0.0521
 j =19/2+  (   m19/2)  0.69     80.6740      0.0000     -0.1086
 j =19/2-  (   l19/2)  0.82     16.9907      0.0000     -0.4777
 j =19/2-  (   l19/2)  0.63     25.6292      0.0000     -0.0020
 j =19/2-  (   l19/2)  0.61     40.4491      0.0000     -0.0067
 j =19/2-  (   l19/2)  0.65     52.9820      0.0000     -0.1851
 j =19/2-  (   l19/2)  0.81     63.1138      0.0000     -0.0513
 j =21/2+  (   m21/2)  0.54     27.0701      0.0000     -0.0022
 j =21/2+  (   m21/2)  0.74     27.2072      0.0000     -0.3914
 j =21/2+  (   m21/2)  0.60     39.5529      0.0000     -0.0204
 j =21/2+  (   m21/2)  0.71     53.1664      0.0000     -0.0543
 j =21/2+  (   m21/2)  0.71     76.9911      0.0000     -0.1041
 j =21/2-  (   n21/2)  0.63     32.0306      0.0000     -0.0023
 j =21/2-  (   n21/2)  0.60     47.2412      0.0000     -0.0124
 j =21/2-  (   n21/2)  0.64     49.6119      0.0000     -0.3147
 j =21/2-  (   n21/2)  0.79     68.3558      0.0000     -0.0773
 j =23/2+  (   o23/2)  0.61     34.0298      0.0000     -0.0016
 j =23/2+  (   o23/2)  0.64     50.2770      0.0000     -0.0058
 j =23/2+  (   o23/2)  0.61     60.9975      0.0000     -0.2523
 j =23/2+  (   o23/2)  0.76     70.8637      0.0000     -0.0504
 j =23/2-  (   n23/2)  0.64     31.8949      0.0000     -0.0029
 j =23/2-  (   n23/2)  0.65     38.5023      0.0000     -0.3188
 j =23/2-  (   n23/2)  0.61     46.3064      0.0000     -0.0150
 j =23/2-  (   n23/2)  0.81     64.4102      0.0000     -0.0759
 j =25/2+  (   o25/2)  0.61     33.9061      0.0000     -0.0018
 j =25/2+  (   o25/2)  0.62     48.9108      0.0000     -0.2560
 j =25/2+  (   o25/2)  0.65     49.6662      0.0000     -0.0068
 j =25/2+  (   o25/2)  0.78     67.2948      0.0000     -0.0501
 j =25/2-  (   P25/2)  0.76     40.8045      0.0000     -0.0008
 j =25/2-  (   P25/2)  0.70     58.7778      0.0000     -0.0148
 j =25/2-  (   P25/2)  0.61     65.2387      0.0000     -0.1717
 j =27/2+  (   q27/2)  0.67     42.6068      0.0000     -0.0022
 j =27/2+  (   q27/2)  0.80     60.0720      0.0000     -0.0191
 j =27/2+  (   q27/2)  0.73     75.5031      0.0000     -0.1083
 j =27/2-  (   P27/2)  0.76     40.7088      0.0000     -0.0008
 j =27/2-  (   P27/2)  0.62     54.4508      0.0000     -0.1742
 j =27/2-  (   P27/2)  0.70     57.2998      0.0000     -0.0149
 j =29/2+  (   q29/2)  0.63     42.3453      0.0000     -0.0041
 j =29/2+  (   q29/2)  0.79     57.4226      0.0000     -0.0422
 j =29/2+  (   q29/2)  0.81     67.3006      0.0000     -0.0848
 j =29/2-  (   r29/2)  0.76     51.2570      0.0000     -0.0016
 j =29/2-  (   r29/2)  0.75     70.4866      0.0000     -0.0473
 j =31/2+  (   S31/2)  0.76     53.9102      0.0000     -0.0011
 j =31/2+  (   S31/2)  0.75     75.8527      0.0000     -0.0279
 j =31/2-  (   r31/2)  0.75     50.9831      0.0000     -0.0018
 j =31/2-  (   r31/2)  0.74     65.4792      0.0000     -0.0474
 j =33/2+  (   S33/2)  0.75     53.6800      0.0000     -0.0013
 j =33/2+  (   S33/2)  0.74     71.9530      0.0000     -0.0279
 j =33/2-  (   t33/2)  0.98     66.5778      0.0000     -0.0049
 j =35/2+  (   u35/2)  0.98     69.9389      0.0000     -0.0026
 j =35/2-  (   t35/2)  0.99     65.6148      0.0000     -0.0049
 j =37/2+  (   u37/2)  0.98     69.2470      0.0000     -0.0026
  ****** END CANON **********************************
  ****** BEGIN RESU *********************************
   ****** BEGIN EXPECT *******

                            neutron        proton         total
 particle number           178.000000      80.000000     258.000000
 trace scalar density      170.048488      77.292803     247.341291
 lambda                     -1.602523     -17.673445
 spk                        14.781036      -7.238191
 rms-Radius                  6.327462       5.807034       6.170786
 charge-Radius                              5.861881
 Particle Energ          -3471.912569   -2464.161702   -5936.074271
 Selfconsistency Test.                                     0.000010

 Kinetic Energy           2646.411596     846.556910    3492.968506
 E-scsc                                               -37363.098358
 E-scve                                                31031.966547
 E-vesc                                                    0.000000
 E-veve                                                  363.799817
 E-rearrang.                                            1026.522188
 Coulomb direct                                          739.549506
 Pairing Energy            -11.350415      -6.082056     -17.432472
 Sum without E-cm                                      -1752.246453
DE-cm <P**2>/2M            -13.917648      -4.544609     -18.462257
NE-cm <P**2>/2M             10.619410       2.884435      13.503845
 E-cm <P**2>/2M             -3.298238      -1.660173      -4.958412
 Total Energy                                          -1757.204865
 E/A                                                      -6.810872

  ****** END EXPECT *********************************


 quasi-particle properties Neutron:
 ------------------------------------------------------------------
     p/h    l j     [nr,l,j]  smax       Eqp       uu       vv
   1  p   1s 1/2   ( 4s  1/2) 0.70     0.808     0.614     0.386
   2  p   2s 1/2   ( 6s  1/2) 0.51     5.671     0.997     0.003
   3  p   3s 1/2   ( 5s  1/2) 0.70    13.802     1.000     0.000
   4  h   4s 1/2   ( 3s  1/2) 0.93    18.128     0.002     0.998
   5  p   5s 1/2   ( 6s  1/2) 0.59    25.386     0.999     0.001
   6  h   6s 1/2   ( 2s  1/2) 0.84    39.170     0.021     0.979
   7  p   7s 1/2   ( 7s  1/2) 0.53    39.388     0.980     0.020
   8  h   8s 1/2   ( 1s  1/2) 0.90    55.723     0.000     1.000
   9  p   9s 1/2   ( 8s  1/2) 0.62    57.360     1.000     0.000
  10  p  10s 1/2   ( 9s  1/2) 0.64    86.338     1.000     0.000
  11  p   1p 1/2   ( 4p  1/2) 0.63     4.184     0.999     0.001
  12  h   2p 1/2   ( 3p  1/2) 0.96     8.414     0.010     0.990
  13  p   3p 1/2   ( 4p  1/2) 0.68    10.192     0.994     0.006
  14  p   4p 1/2   ( 5p  1/2) 0.71    20.475     1.000     0.000
  15  h   5p 1/2   ( 2p  1/2) 0.92    29.787     0.001     0.999
  16  p   6p 1/2   ( 6p  1/2) 0.64    34.118     1.000     0.000
  17  h   7p 1/2   ( 1p  1/2) 0.94    50.306     0.000     1.000
  18  p   8p 1/2   ( 7p  1/2) 0.66    51.219     1.000     0.000
  19  p   9p 1/2   ( 8p  1/2) 0.64    78.894     1.000     0.000
  20  h   1d 3/2   ( 3d  3/2) 0.69     0.861     0.472     0.528
  21  p   2d 3/2   ( 5d  3/2) 0.50     6.056     0.998     0.002
  22  p   3d 3/2   ( 4d  3/2) 0.72    14.005     1.000     0.000
  23  h   4d 3/2   ( 2d  3/2) 0.96    19.812     0.001     0.999
  24  p   5d 3/2   ( 5d  3/2) 0.62    25.283     0.999     0.001
  25  p   6d 3/2   ( 6d  3/2) 0.57    39.259     1.000     0.000
  26  h   7d 3/2   ( 1d  3/2) 0.97    43.084     0.000     1.000
  27  p   8d 3/2   ( 7d  3/2) 0.63    57.238     1.000     0.000
  28  p   9d 3/2   ( 8d  3/2) 0.64    85.707     1.000     0.000
  29  p   1p 3/2   ( 4p  3/2) 0.63     4.145     0.999     0.001
  30  h   2p 3/2   ( 3p  3/2) 0.95     8.780     0.012     0.988
  31  p   3p 3/2   ( 4p  3/2) 0.67    10.110     0.991     0.009
  32  p   4p 3/2   ( 5p  3/2) 0.70    20.437     1.000     0.000
  33  h   5p 3/2   ( 2p  3/2) 0.91    30.205     0.001     0.999
  34  p   6p 3/2   ( 6p  3/2) 0.63    34.036     1.000     0.000
  35  h   7p 3/2   ( 1p  3/2) 0.93    50.519     0.000     1.000
  36  p   8p 3/2   ( 7p  3/2) 0.66    51.048     1.000     0.000
  37  p   9p 3/2   ( 8p  3/2) 0.64    79.200     1.000     0.000
  38  h   1d 5/2   ( 3d  5/2) 0.85     1.086     0.201     0.799
  39  p   2d 5/2   ( 5d  5/2) 0.52     5.934     0.998     0.002
  40  p   3d 5/2   ( 4d  5/2) 0.72    13.797     1.000     0.000
  41  h   4d 5/2   ( 2d  5/2) 0.94    20.978     0.002     0.998
  42  p   5d 5/2   ( 5d  5/2) 0.62    25.112     0.999     0.001
  43  p   6d 5/2   ( 6d  5/2) 0.55    39.034     1.000     0.000
  44  h   7d 5/2   ( 1d  5/2) 0.96    43.866     0.000     1.000
  45  p   8d 5/2   ( 7d  5/2) 0.62    56.869     1.000     0.000
  46  p   9d 5/2   ( 8d  5/2) 0.64    86.091     1.000     0.000
  47  p   1f 5/2   ( 3f  5/2) 0.71     5.075     0.998     0.002
  48  h   2f 5/2   ( 2f  5/2) 0.84     9.995     0.261     0.739
  49  p   3f 5/2   ( 3f  5/2) 0.55    10.351     0.741     0.259
  50  p   4f 5/2   ( 4f  5/2) 0.74    20.417     1.000     0.000
  51  p   5f 5/2   ( 5f  5/2) 0.66    34.077     0.996     0.004
  52  h   6f 5/2   ( 1f  5/2) 0.98    34.608     0.005     0.995
  53  p   7f 5/2   ( 6f  5/2) 0.68    50.960     1.000     0.000
  54  p   8f 5/2   ( 7f  5/2) 0.64    78.325     1.000     0.000
  55  h   1g 7/2   ( 2g  7/2) 0.92     1.441     0.111     0.889
  56  p   2g 7/2   ( 3g  7/2) 0.50     7.293     1.000     0.000
  57  p   3g 7/2   ( 3g  7/2) 0.75    14.542     1.000     0.000
  58  p   4g 7/2   ( 4g  7/2) 0.64    24.998     0.891     0.109
  59  h   5g 7/2   ( 1g  7/2) 0.93    25.236     0.109     0.891
  60  p   6g 7/2   ( 5g  7/2) 0.60    39.034     1.000     0.000
  61  p   7g 7/2   ( 6g  7/2) 0.65    56.858     1.000     0.000
  62  p   8g 7/2   ( 7g  7/2) 0.64    85.089     1.000     0.000
  63  p   1f 7/2   ( 3f  7/2) 0.75     4.750     0.998     0.002
  64  p   2f 7/2   ( 3f  7/2) 0.59     9.714     0.995     0.005
  65  h   3f 7/2   ( 2f  7/2) 0.97    11.925     0.006     0.994
  66  p   4f 7/2   ( 4f  7/2) 0.73    20.012     1.000     0.000
  67  p   5f 7/2   ( 5f  7/2) 0.66    33.561     1.000     0.000
  68  h   6f 7/2   ( 1f  7/2) 0.97    36.239     0.000     1.000
  69  p   7f 7/2   ( 6f  7/2) 0.67    50.230     1.000     0.000
  70  p   8f 7/2   ( 7f  7/2) 0.64    78.496     1.000     0.000
  71  h   1g 9/2   ( 2g  9/2) 0.97     3.397     0.018     0.982
  72  p   2g 9/2   ( 3g  9/2) 0.53     7.099     1.000     0.000
  73  p   3g 9/2   ( 3g  9/2) 0.74    13.897     1.000     0.000
  74  p   4g 9/2   ( 4g  9/2) 0.68    24.353     0.999     0.001
  75  h   5g 9/2   ( 1g  9/2) 0.98    27.960     0.001     0.999
  76  p   6g 9/2   ( 5g  9/2) 0.61    38.227     1.000     0.000
  77  p   7g 9/2   ( 6g  9/2) 0.64    55.723     1.000     0.000
  78  p   8g 9/2   ( 7g  9/2) 0.64    84.895     1.000     0.000
  79  p   1h 9/2   ( 2h  9/2) 0.89     6.067     0.997     0.003
  80  p   2h 9/2   ( 4h  9/2) 0.50    10.577     0.999     0.001
  81  h   3h 9/2   ( 1h  9/2) 0.98    15.243     0.002     0.998
  82  p   4h 9/2   ( 3h  9/2) 0.76    20.656     1.000     0.000
  83  p   5h 9/2   ( 4h  9/2) 0.70    33.876     1.000     0.000
  84  p   6h 9/2   ( 5h  9/2) 0.70    50.286     1.000     0.000
  85  p   7h 9/2   ( 6h  9/2) 0.64    77.330     1.000     0.000
  86  h   1i11/2   ( 1i 11/2) 0.97     5.103     0.007     0.993
  87  p   2i11/2   ( 2i 11/2) 0.57     9.691     1.000     0.000
  88  p   3i11/2   ( 2i 11/2) 0.76    15.011     0.999     0.001
  89  p   4i11/2   ( 3i 11/2) 0.74    24.697     1.000     0.000
  90  p   5i11/2   ( 4i 11/2) 0.65    38.765     1.000     0.000
  91  p   6i11/2   ( 5i 11/2) 0.67    56.063     1.000     0.000
  92  p   7i11/2   ( 6i 11/2) 0.65    83.653     1.000     0.000
  93  p   1h11/2   ( 2h 11/2) 0.95     4.405     0.993     0.007
  94  p   2h11/2   ( 4h 11/2) 0.54     9.898     1.000     0.000
  95  h   3h11/2   ( 1h 11/2) 0.98    19.298     0.004     0.996
  96  p   4h11/2   ( 3h 11/2) 0.75    19.894     0.996     0.004
  97  p   5h11/2   ( 4h 11/2) 0.71    32.771     1.000     0.000
  98  p   6h11/2   ( 5h 11/2) 0.69    48.771     1.000     0.000
  99  p   7h11/2   ( 6h 11/2) 0.64    76.480     1.000     0.000
 100  p   1i13/2   ( 2i 13/2) 0.68     9.253     0.995     0.005
 101  h   2i13/2   ( 1i 13/2) 0.98    10.480     0.009     0.991
 102  p   3i13/2   ( 2i 13/2) 0.68    13.542     0.997     0.003
 103  p   4i13/2   ( 3i 13/2) 0.75    23.597     1.000     0.000
 104  p   5i13/2   ( 4i 13/2) 0.67    37.449     1.000     0.000
 105  p   6i13/2   ( 5i 13/2) 0.67    54.165     1.000     0.000
 106  p   7i13/2   ( 6i 13/2) 0.64    82.401     1.000     0.000
 107  p   1j13/2   ( 1j 13/2) 0.98     4.890     0.993     0.007
 108  p   2j13/2   ( 2j 13/2) 0.52    12.800     1.000     0.000
 109  p   3j13/2   ( 2j 13/2) 0.79    21.325     1.000     0.000
 110  p   4j13/2   ( 3j 13/2) 0.76    33.181     1.000     0.000
 111  p   5j13/2   ( 4j 13/2) 0.72    49.485     1.000     0.000
 112  p   6j13/2   ( 6j 13/2) 0.65    75.450     1.000     0.000
 113  p   1k15/2   ( 1k 15/2) 0.81    13.012     0.999     0.001
 114  p   2k15/2   ( 1k 15/2) 0.55    15.693     1.000     0.000
 115  p   3k15/2   ( 2k 15/2) 0.79    25.559     1.000     0.000
 116  p   4k15/2   ( 3k 15/2) 0.71    38.318     1.000     0.000
 117  p   5k15/2   ( 4k 15/2) 0.71    54.784     1.000     0.000
 118  p   6k15/2   ( 5k 15/2) 0.65    81.561     1.000     0.000
 119  h   1j15/2   ( 1j 15/2) 0.95     1.841     0.054     0.946
 120  p   2j15/2   ( 2j 15/2) 0.57    12.439     1.000     0.000
 121  p   3j15/2   ( 2j 15/2) 0.77    19.863     1.000     0.000
 122  p   4j15/2   ( 3j 15/2) 0.76    31.538     1.000     0.000
 123  p   5j15/2   ( 4j 15/2) 0.72    47.201     1.000     0.000
 124  p   6j15/2   ( 6j 15/2) 0.65    73.662     1.000     0.000
 125  p   1k17/2   ( 1k 17/2) 0.98     6.941     0.997     0.003
 126  p   2k17/2   ( 3k 17/2) 0.52    14.551     1.000     0.000
 127  p   3k17/2   ( 2k 17/2) 0.79    23.994     1.000     0.000
 128  p   4k17/2   ( 3k 17/2) 0.74    36.329     1.000     0.000
 129  p   5k17/2   ( 4k 17/2) 0.71    52.054     1.000     0.000
 130  p   6k17/2   ( 5k 17/2) 0.64    79.355     1.000     0.000
 131  p   1l17/2   ( 3l 17/2) 0.52    17.396     1.000     0.000
 132  p   2l17/2   ( 1l 17/2) 0.84    23.047     1.000     0.000
 133  p   3l17/2   ( 2l 17/2) 0.78    33.564     1.000     0.000
 134  p   4l17/2   ( 3l 17/2) 0.74    49.021     1.000     0.000
 135  p   5l17/2   ( 5l 17/2) 0.68    72.699     1.000     0.000
 136  p   1m19/2   ( 3m 19/2) 0.56    19.737     1.000     0.000
 137  p   2m19/2   ( 1m 19/2) 0.85    28.679     1.000     0.000
 138  p   3m19/2   ( 2m 19/2) 0.74    38.602     1.000     0.000
 139  p   4m19/2   ( 3m 19/2) 0.72    54.754     1.000     0.000
 140  p   5m19/2   ( 5m 19/2) 0.65    78.716     1.000     0.000
 141  p   1l19/2   ( 1l 19/2) 0.95    14.732     1.000     0.000
 142  p   2l19/2   ( 2l 19/2) 0.58    18.598     1.000     0.000
 143  p   3l19/2   ( 2l 19/2) 0.76    31.261     1.000     0.000
 144  p   4l19/2   ( 3l 19/2) 0.75    45.507     1.000     0.000
 145  p   5l19/2   ( 5l 19/2) 0.69    69.637     1.000     0.000
 146  p   1m21/2   ( 1m 21/2) 0.53    19.413     1.000     0.000
 147  p   2m21/2   ( 1m 21/2) 0.83    23.604     1.000     0.000
 148  p   3m21/2   ( 2m 21/2) 0.78    35.059     1.000     0.000
 149  p   4m21/2   ( 3m 21/2) 0.75    50.422     1.000     0.000
 150  p   5m21/2   ( 5m 21/2) 0.67    74.795     1.000     0.000
 151  p   1n21/2   ( 2n 21/2) 0.59    24.230     1.000     0.000
 152  p   2n21/2   ( 1n 21/2) 0.83    36.037     1.000     0.000
 153  p   3n21/2   ( 2n 21/2) 0.75    48.970     1.000     0.000
 154  p   4n21/2   ( 4n 21/2) 0.69    71.211     1.000     0.000
 155  p   1o23/2   ( 2o 23/2) 0.60    26.565     1.000     0.000
 156  p   2o23/2   ( 1o 23/2) 0.81    40.137     1.000     0.000
 157  p   3o23/2   ( 2o 23/2) 0.73    54.290     1.000     0.000
 158  p   4o23/2   ( 4o 23/2) 0.67    77.470     1.000     0.000
 159  p   1n23/2   ( 1n 23/2) 0.56    23.864     1.000     0.000
 160  p   2n23/2   ( 1n 23/2) 0.82    31.923     1.000     0.000
 161  p   3n23/2   ( 2n 23/2) 0.72    43.438     1.000     0.000
 162  p   4n23/2   ( 4n 23/2) 0.74    64.988     1.000     0.000
 163  p   1o25/2   ( 2o 25/2) 0.58    26.400     1.000     0.000
 164  p   2o25/2   ( 1o 25/2) 0.86    37.649     1.000     0.000
 165  p   3o25/2   ( 2o 25/2) 0.76    48.217     1.000     0.000
 166  p   4o25/2   ( 4o 25/2) 0.73    69.730     1.000     0.000
 167  p   1P25/2   ( 2P 25/2) 0.68    32.547     1.000     0.000
 168  p   2P25/2   ( 1P 25/2) 0.78    49.102     1.000     0.000
 169  p   3P25/2   ( 3P 25/2) 0.71    69.324     1.000     0.000
 170  p   1q27/2   ( 2q 27/2) 0.68    35.076     1.000     0.000
 171  p   2q27/2   ( 1q 27/2) 0.78    53.026     1.000     0.000
 172  p   3q27/2   ( 3q 27/2) 0.70    74.601     1.000     0.000
 173  p   1P27/2   ( 2P 27/2) 0.64    32.316     1.000     0.000
 174  p   2P27/2   ( 1P 27/2) 0.78    46.047     1.000     0.000
 175  p   3P27/2   ( 3P 27/2) 0.79    60.013     1.000     0.000
 176  p   1q29/2   ( 2q 29/2) 0.66    34.903     1.000     0.000
 177  p   2q29/2   ( 1q 29/2) 0.79    51.174     1.000     0.000
 178  p   3q29/2   ( 3q 29/2) 0.75    65.328     1.000     0.000
 179  p   1r29/2   ( 1r 29/2) 0.78    43.343     1.000     0.000
 180  p   2r29/2   ( 2r 29/2) 0.77    66.199     1.000     0.000
 181  p   1S31/2   ( 1S 31/2) 0.78    46.137     1.000     0.000
 182  p   2S31/2   ( 2S 31/2) 0.77    70.496     1.000     0.000
 183  p   1r31/2   ( 1r 31/2) 0.77    43.099     1.000     0.000
 184  p   2r31/2   ( 2r 31/2) 0.77    61.003     1.000     0.000
 185  p   1S33/2   ( 1S 33/2) 0.77    45.944     1.000     0.000
 186  p   2S33/2   ( 2S 33/2) 0.76    66.426     1.000     0.000
 187  p   1t33/2   ( 1t 33/2) 0.98    58.871     1.000     0.000
 188  p   1u35/2   ( 1u 35/2) 0.98    62.104     1.000     0.000
 189  p   1t35/2   ( 1t 35/2) 0.99    57.879     1.000     0.000
 190  p   1u37/2   ( 1u 37/2) 0.98    61.398     1.000     0.000


 quasi-particle properties Proton: 
 ------------------------------------------------------------------
     p/h    l j     [nr,l,j]  smax       Eqp       uu       vv
   1  p   1s 1/2   ( 3s  1/2) 0.71     1.207     0.632     0.368
   2  h   2s 1/2   ( 2s  1/2) 0.78    19.833     0.025     0.975
   3  p   3s 1/2   ( 4s  1/2) 0.94    21.437     0.977     0.023
   4  p   4s 1/2   ( 6s  1/2) 0.51    29.860     1.000     0.000
   5  h   5s 1/2   ( 1s  1/2) 0.87    35.788     0.001     0.999
   6  p   6s 1/2   ( 5s  1/2) 0.75    37.169     1.000     0.000
   7  p   7s 1/2   ( 6s  1/2) 0.69    48.250     1.000     0.000
   8  p   8s 1/2   ( 7s  1/2) 0.62    61.818     1.000     0.000
   9  p   9s 1/2   ( 8s  1/2) 0.65    78.507     1.000     0.000
  11  p   1p 1/2   ( 3p  1/2) 0.94    10.549     0.995     0.005
  12  h   2p 1/2   ( 2p  1/2) 0.88    10.786     0.007     0.993
  13  p   3p 1/2   ( 4p  1/2) 0.81    28.459     1.000     0.000
  14  h   4p 1/2   ( 1p  1/2) 0.92    30.853     0.001     0.999
  15  p   5p 1/2   ( 4p  1/2) 0.52    32.844     1.000     0.000
  16  p   6p 1/2   ( 5p  1/2) 0.76    43.564     1.000     0.000
  17  p   7p 1/2   ( 6p  1/2) 0.71    56.675     1.000     0.000
  18  p   8p 1/2   ( 7p  1/2) 0.69    72.396     1.000     0.000
  19  p   9p 1/2   ( 8p  1/2) 0.64    99.561     1.000     0.000
  20  h   1d 3/2   ( 2d  3/2) 0.89     1.570     0.098     0.902
  21  p   2d 3/2   ( 3d  3/2) 0.96    20.472     1.000     0.000
  22  h   3d 3/2   ( 1d  3/2) 0.95    24.140     0.001     0.999
  23  p   4d 3/2   ( 4d  3/2) 0.51    30.479     1.000     0.000
  24  p   5d 3/2   ( 4d  3/2) 0.76    37.340     1.000     0.000
  25  p   6d 3/2   ( 5d  3/2) 0.72    48.071     1.000     0.000
  26  p   7d 3/2   ( 6d  3/2) 0.65    61.688     1.000     0.000
  27  p   8d 3/2   ( 7d  3/2) 0.66    78.328     1.000     0.000
  29  p   1p 3/2   ( 3p  3/2) 0.93    10.282     0.998     0.002
  30  h   2p 3/2   ( 2p  3/2) 0.86    11.266     0.004     0.996
  31  p   3p 3/2   ( 4p  3/2) 0.81    28.391     1.000     0.000
  32  h   4p 3/2   ( 1p  3/2) 0.91    31.193     0.001     0.999
  33  p   5p 3/2   ( 4p  3/2) 0.51    32.774     1.000     0.000
  34  p   6p 3/2   ( 5p  3/2) 0.75    43.549     1.000     0.000
  35  p   7p 3/2   ( 6p  3/2) 0.70    56.614     1.000     0.000
  36  p   8p 3/2   ( 7p  3/2) 0.68    72.250     1.000     0.000
  37  p   9p 3/2   ( 8p  3/2) 0.64    99.867     1.000     0.000
  38  h   1d 5/2   ( 2d  5/2) 0.90     2.648     0.032     0.968
  39  p   2d 5/2   ( 3d  5/2) 0.96    19.863     1.000     0.000
  40  h   3d 5/2   ( 1d  5/2) 0.94    25.129     0.001     0.999
  41  p   4d 5/2   ( 4d  5/2) 0.51    30.429     1.000     0.000
  42  p   5d 5/2   ( 4d  5/2) 0.75    37.135     1.000     0.000
  43  p   6d 5/2   ( 5d  5/2) 0.71    47.932     1.000     0.000
  44  p   7d 5/2   ( 6d  5/2) 0.63    61.526     1.000     0.000
  45  p   8d 5/2   ( 7d  5/2) 0.65    78.016     1.000     0.000
  47  p   1f 5/2   ( 2f  5/2) 0.96     8.239     0.998     0.002
  48  h   2f 5/2   ( 1f  5/2) 0.97    16.141     0.001     0.999
  49  p   3f 5/2   ( 3f  5/2) 0.91    28.693     1.000     0.000
  50  p   4f 5/2   ( 5f  5/2) 0.52    33.144     1.000     0.000
  51  p   5f 5/2   ( 4f  5/2) 0.77    43.762     1.000     0.000
  52  p   6f 5/2   ( 5f  5/2) 0.72    56.686     1.000     0.000
  53  p   7f 5/2   ( 6f  5/2) 0.70    72.194     1.000     0.000
  54  p   8f 5/2   ( 7f  5/2) 0.64    98.945     1.000     0.000
  55  h   1g 7/2   ( 1g  7/2) 0.98     7.229     0.004     0.996
  56  p   2g 7/2   ( 2g  7/2) 0.97    17.539     1.000     0.000
  57  p   3g 7/2   ( 3g  7/2) 0.55    32.025     1.000     0.000
  58  p   4g 7/2   ( 3g  7/2) 0.77    37.645     1.000     0.000
  59  p   5g 7/2   ( 4g  7/2) 0.75    47.851     1.000     0.000
  60  p   6g 7/2   ( 5g  7/2) 0.67    61.692     1.000     0.000
  61  p   7g 7/2   ( 6g  7/2) 0.68    78.031     1.000     0.000
  63  p   1f 7/2   ( 2f  7/2) 0.95     6.440     0.997     0.003
  64  h   2f 7/2   ( 1f  7/2) 0.96    18.056     0.001     0.999
  65  p   3f 7/2   ( 3f  7/2) 0.93    27.995     1.000     0.000
  66  p   4f 7/2   ( 5f  7/2) 0.54    32.852     1.000     0.000
  67  p   5f 7/2   ( 4f  7/2) 0.76    43.450     1.000     0.000
  68  p   6f 7/2   ( 5f  7/2) 0.72    56.256     1.000     0.000
  69  p   7f 7/2   ( 6f  7/2) 0.69    71.575     1.000     0.000
  70  p   8f 7/2   ( 7f  7/2) 0.63    99.176     1.000     0.000
  71  h   1g 9/2   ( 1g  9/2) 0.97    10.302     0.002     0.998
  72  p   2g 9/2   ( 2g  9/2) 0.97    15.380     1.000     0.000
  73  p   3g 9/2   ( 3g  9/2) 0.60    31.848     1.000     0.000
  74  p   4g 9/2   ( 3g  9/2) 0.74    36.840     1.000     0.000
  75  p   5g 9/2   ( 4g  9/2) 0.76    47.259     1.000     0.000
  76  p   6g 9/2   ( 5g  9/2) 0.67    61.027     1.000     0.000
  77  p   7g 9/2   ( 6g  9/2) 0.67    77.026     1.000     0.000
  79  p   1h 9/2   ( 1h  9/2) 0.97     2.532     0.971     0.029
  80  p   2h 9/2   ( 2h  9/2) 0.98    26.508     1.000     0.000
  81  p   3h 9/2   ( 3h  9/2) 0.54    34.540     1.000     0.000
  82  p   4h 9/2   ( 3h  9/2) 0.78    44.070     1.000     0.000
  83  p   5h 9/2   ( 4h  9/2) 0.76    56.375     1.000     0.000
  84  p   6h 9/2   ( 5h  9/2) 0.72    71.595     1.000     0.000
  85  p   7h 9/2   ( 7h  9/2) 0.65    98.127     1.000     0.000
  86  p   1i11/2   ( 1i 11/2) 0.97    12.249     0.999     0.001
  87  p   2i11/2   ( 2i 11/2) 0.83    33.872     1.000     0.000
  88  p   3i11/2   ( 2i 11/2) 0.51    36.999     1.000     0.000
  89  p   4i11/2   ( 3i 11/2) 0.79    47.695     1.000     0.000
  90  p   5i11/2   ( 4i 11/2) 0.73    61.345     1.000     0.000
  91  p   6i11/2   ( 5i 11/2) 0.71    77.074     1.000     0.000
  93  h   1h11/2   ( 1h 11/2) 0.96     2.207     0.041     0.959
  94  p   2h11/2   ( 2h 11/2) 0.97    24.284     1.000     0.000
  95  p   3h11/2   ( 3h 11/2) 0.56    34.313     1.000     0.000
  96  p   4h11/2   ( 3h 11/2) 0.77    43.286     1.000     0.000
  97  p   5h11/2   ( 4h 11/2) 0.76    55.373     1.000     0.000
  98  p   6h11/2   ( 5h 11/2) 0.72    70.269     1.000     0.000
  99  p   7h11/2   ( 7h 11/2) 0.64    97.341     1.000     0.000
 100  p   1i13/2   ( 1i 13/2) 0.97     6.519     0.997     0.003
 101  p   2i13/2   ( 2i 13/2) 0.95    32.366     1.000     0.000
 102  p   3i13/2   ( 4i 13/2) 0.51    36.153     1.000     0.000
 103  p   4i13/2   ( 3i 13/2) 0.79    46.881     1.000     0.000
 104  p   5i13/2   ( 4i 13/2) 0.74    60.178     1.000     0.000
 105  p   6i13/2   ( 5i 13/2) 0.71    75.376     1.000     0.000
 107  p   1j13/2   ( 1j 13/2) 0.97    22.077     1.000     0.000
 108  p   2j13/2   ( 2j 13/2) 0.57    37.683     1.000     0.000
 109  p   3j13/2   ( 2j 13/2) 0.78    44.084     1.000     0.000
 110  p   4j13/2   ( 3j 13/2) 0.78    55.632     1.000     0.000
 111  p   5j13/2   ( 4j 13/2) 0.75    70.729     1.000     0.000
 112  p   6j13/2   ( 6j 13/2) 0.67    95.681     1.000     0.000
 113  p   1k15/2   ( 1k 15/2) 0.97    31.633     1.000     0.000
 114  p   2k15/2   ( 4k 15/2) 0.52    39.590     1.000     0.000
 115  p   3k15/2   ( 2k 15/2) 0.82    49.250     1.000     0.000
 116  p   4k15/2   ( 3k 15/2) 0.78    60.685     1.000     0.000
 117  p   5k15/2   ( 4k 15/2) 0.74    75.930     1.000     0.000
 119  p   1j15/2   ( 1j 15/2) 0.97    15.202     1.000     0.000
 120  p   2j15/2   ( 2j 15/2) 0.67    37.242     1.000     0.000
 121  p   3j15/2   ( 2j 15/2) 0.70    42.192     1.000     0.000
 122  p   4j15/2   ( 3j 15/2) 0.76    54.455     1.000     0.000
 123  p   5j15/2   ( 4j 15/2) 0.74    68.815     1.000     0.000
 124  p   6j15/2   ( 6j 15/2) 0.67    93.895     1.000     0.000
 125  p   1k17/2   ( 1k 17/2) 0.96    23.978     1.000     0.000
 126  p   2k17/2   ( 4k 17/2) 0.51    39.385     1.000     0.000
 127  p   3k17/2   ( 2k 17/2) 0.81    47.473     1.000     0.000
 128  p   4k17/2   ( 3k 17/2) 0.79    58.932     1.000     0.000
 129  p   5k17/2   ( 4k 17/2) 0.74    73.711     1.000     0.000
 130  p   6k17/2   ( 6k 17/2) 0.66    99.297     1.000     0.000
 131  p   1l17/2   ( 1l 17/2) 0.94    40.295     1.000     0.000
 132  p   2l17/2   ( 2l 17/2) 0.56    43.869     1.000     0.000
 133  p   3l17/2   ( 2l 17/2) 0.78    56.896     1.000     0.000
 134  p   4l17/2   ( 3l 17/2) 0.76    70.342     1.000     0.000
 135  p   5l17/2   ( 5l 17/2) 0.70    92.518     1.000     0.000
 136  p   1m19/2   ( 3m 19/2) 0.54    44.657     1.000     0.000
 137  p   2m19/2   ( 1m 19/2) 0.88    49.575     1.000     0.000
 138  p   3m19/2   ( 2m 19/2) 0.80    60.913     1.000     0.000
 139  p   4m19/2   ( 3m 19/2) 0.76    76.076     1.000     0.000
 140  p   5m19/2   ( 5m 19/2) 0.68    98.499     1.000     0.000
 141  p   1l19/2   ( 1l 19/2) 0.95    32.693     1.000     0.000
 142  p   2l19/2   ( 2l 19/2) 0.59    43.057     1.000     0.000
 143  p   3l19/2   ( 2l 19/2) 0.74    55.222     1.000     0.000
 144  p   4l19/2   ( 3l 19/2) 0.75    67.275     1.000     0.000
 145  p   5l19/2   ( 5l 19/2) 0.71    89.688     1.000     0.000
 146  p   1m21/2   ( 1m 21/2) 0.95    41.288     1.000     0.000
 147  p   2m21/2   ( 2m 21/2) 0.58    45.043     1.000     0.000
 148  p   3m21/2   ( 2m 21/2) 0.76    58.982     1.000     0.000
 149  p   4m21/2   ( 3m 21/2) 0.76    72.432     1.000     0.000
 150  p   5m21/2   ( 5m 21/2) 0.70    94.806     1.000     0.000
 151  p   1n21/2   ( 3n 21/2) 0.56    49.347     1.000     0.000
 152  p   2n21/2   ( 1n 21/2) 0.84    58.278     1.000     0.000
 153  p   3n21/2   ( 2n 21/2) 0.74    69.759     1.000     0.000
 154  p   4n21/2   ( 4n 21/2) 0.72    90.928     1.000     0.000
 155  p   1o23/2   ( 3o 23/2) 0.58    51.608     1.000     0.000
 156  p   2o23/2   ( 1o 23/2) 0.87    64.193     1.000     0.000
 157  p   3o23/2   ( 2o 23/2) 0.77    74.745     1.000     0.000
 158  p   4o23/2   ( 4o 23/2) 0.70    96.723     1.000     0.000
 159  p   1n23/2   ( 1n 23/2) 0.79    48.137     1.000     0.000
 160  p   2n23/2   ( 2n 23/2) 0.71    52.382     1.000     0.000
 161  p   3n23/2   ( 2n 23/2) 0.64    66.428     1.000     0.000
 162  p   4n23/2   ( 4n 23/2) 0.77    85.162     1.000     0.000
 163  p   1o25/2   ( 3o 25/2) 0.58    51.348     1.000     0.000
 164  p   2o25/2   ( 1o 25/2) 0.82    59.248     1.000     0.000
 165  p   3o25/2   ( 2o 25/2) 0.69    70.395     1.000     0.000
 166  p   4o25/2   ( 4o 25/2) 0.76    89.866     1.000     0.000
 167  p   1P25/2   ( 2P 25/2) 0.66    57.924     1.000     0.000
 168  p   2P25/2   ( 1P 25/2) 0.80    72.684     1.000     0.000
 169  p   3P25/2   ( 3P 25/2) 0.77    87.726     1.000     0.000
 170  p   1q27/2   ( 2q 27/2) 0.67    60.280     1.000     0.000
 171  p   2q27/2   ( 1q 27/2) 0.80    77.745     1.000     0.000
 172  p   3q27/2   ( 3q 27/2) 0.73    93.177     1.000     0.000
 173  p   1P27/2   ( 1P 27/2) 0.64    57.537     1.000     0.000
 174  p   2P27/2   ( 1P 27/2) 0.72    68.119     1.000     0.000
 175  p   3P27/2   ( 3P 27/2) 0.84    80.228     1.000     0.000
 176  p   1q29/2   ( 2q 29/2) 0.63    60.019     1.000     0.000
 177  p   2q29/2   ( 1q 29/2) 0.79    75.096     1.000     0.000
 178  p   3q29/2   ( 3q 29/2) 0.81    84.974     1.000     0.000
 179  p   1r29/2   ( 1r 29/2) 0.76    68.930     1.000     0.000
 180  p   2r29/2   ( 2r 29/2) 0.75    88.160     1.000     0.000
 181  p   1S31/2   ( 1S 31/2) 0.76    71.584     1.000     0.000
 182  p   2S31/2   ( 2S 31/2) 0.75    93.526     1.000     0.000
 183  p   1r31/2   ( 1r 31/2) 0.75    68.657     1.000     0.000
 184  p   2r31/2   ( 2r 31/2) 0.74    83.153     1.000     0.000
 185  p   1S33/2   ( 1S 33/2) 0.75    71.353     1.000     0.000
 186  p   2S33/2   ( 2S 33/2) 0.74    89.626     1.000     0.000
 187  p   1t33/2   ( 1t 33/2) 0.98    84.251     1.000     0.000
 188  p   1u35/2   ( 1u 35/2) 0.98    87.612     1.000     0.000
 189  p   1t35/2   ( 1t 35/2) 0.99    83.288     1.000     0.000
 190  p   1u37/2   ( 1u 37/2) 0.98    86.920     1.000     0.000
  ****** END RESU ***********************************
