
  ******************************************  
  *           Fortran 77 Code              *  
  *         Spherical H.O. basis            *  
  * Dirac-Hartree-Bogoliubov calculation   *  
  *        with density-dependent          *  
  * meson-exchange or point coupling force *  
  *          and separable pairing         *  
  * -------------------------------------- *  
  *      Niksic, Paar, Vretenar, Ring      *  
  *          18/ 4/2026/01:31:32           *
  *       Hg 218  N = 138  Z =  80
  ******************************************  
  ****** BEGIN READER *******************************
 Number of oscillator shells :    18   20
 Initialization inin,inink   :     0    0
 Nucleus: Hg 218   138  80
 Initial Gap Parameters      :     1.0000    1.0000
 Parameter set               :    DD-PC1    
  ****** END READER *********************************
  ****** BEGIN FORCES *******************************

 NEDF Parameters: DD-PC1    
           scasca    scavec    vecsca    vecvec
 GG   =   1.000000  1.000000  1.000000  1.000000
 DD   =  -0.814900  0.000000  0.000000  0.000000
  
 Density dependence parameters:
           scasca    scavec    vecsca    vecvec
 a    = -10.046200  5.919500  0.000000  0.000000
 b    =  -9.150400  8.863700  0.000000  1.836000
 c    =  -6.427300  0.000000  0.000000  0.000000
 d    =   1.372400  0.658400  0.000000  0.640300
 dsat =   0.152000
  
 TMR pairing: Tian,Ma,Ring, PRB 676, 44 (2009)
 TMR pairing strength    gl =:  -728.00000 [MeV*fm^3]
 TMR pairing width        a =:     0.64420 [fm]
  ****** END FORCES *********************************
  ****** BEGIN PREP *********************************
  
 hom =                            6.812372
 hb0 =                           20.734000
 b0  =                            2.467217
 with Coulomb force
 With microscopic c.m. correction
  ****** END PREP ***********************************
  potentials read from tape dirhb.wel
  ****** BEGIN ITER *********************************
  1.It. si =    0.0000000  E/A =    0.0000 R =    0.0000  mix = 0.50
  2.It. si =    1.8426504  E/A =   -7.6100 R =    5.7192  mix = 0.50
  3.It. si =    1.0575996  E/A =   -7.6103 R =    5.7216  mix = 0.50
  4.It. si =    1.0525976  E/A =   -7.6106 R =    5.7245  mix = 0.50
  5.It. si =    0.8663378  E/A =   -7.6108 R =    5.7264  mix = 0.50
  6.It. si =    0.0620501  E/A =   -7.6113 R =    5.7303  mix = 0.50
  7.It. si =    0.0658595  E/A =   -7.6113 R =    5.7302  mix = 0.50
  8.It. si =    0.0316558  E/A =   -7.6113 R =    5.7300  mix = 0.50
  9.It. si =    0.0110716  E/A =   -7.6113 R =    5.7299  mix = 0.50
 10.It. si =    0.0107575  E/A =   -7.6113 R =    5.7298  mix = 0.50
 11.It. si =    0.0010727  E/A =   -7.6113 R =    5.7299  mix = 0.50
 12.It. si =    0.0009629  E/A =   -7.6113 R =    5.7299  mix = 0.50
 13.It. si =    0.0012714  E/A =   -7.6113 R =    5.7299  mix = 0.50
 14.It. si =    0.0013119  E/A =   -7.6113 R =    5.7299  mix = 0.50
 15.It. si =    0.0011890  E/A =   -7.6113 R =    5.7299  mix = 0.50
 16.It. si =    0.0000605  E/A =   -7.6113 R =    5.7299  mix = 0.50
 17.It. si =    0.0000111  E/A =   -7.6113 R =    5.7299  mix = 0.50
 18.It. si =    0.0000068  E/A =   -7.6113 R =    5.7299  mix = 0.50
 19.It. si =    0.0000061  E/A =   -7.6113 R =    5.7299  mix = 0.50
 20.It. si =    0.0000020  E/A =   -7.6113 R =    5.7299  mix = 0.50
 ********************************************************************
 Hg 218: Iteration converged after  20 steps   si =      0.0000003121
 ********************************************************************
  ****** END ITER ***********************************
  ****** BEGIN CANON ********************************
 single-particle energies and gaps  in the canonical basis: Neutron:
 ------------------------------------------------------------------
    j pi     (nr,l,j)  smax       Ecan       vvcan       decan
 j = 1/2+  (   s 1/2)  0.95    -51.8065      0.9999      1.0389
 j = 1/2+  (   s 1/2)  0.93    -47.5089      0.9997      1.6376
 j = 1/2+  (   s 1/2)  0.98    -20.6755      0.9980      1.5714
 j = 1/2+  (   s 1/2)  0.96      1.0462      0.0080      0.7752
 j = 1/2+  (   s 1/2)  0.93     13.3772      0.0002      0.4415
 j = 1/2+  (   s 1/2)  0.79     22.4267      0.0000      0.0164
 j = 1/2+  (   s 1/2)  0.92     26.5532      0.0000      0.3405
 j = 1/2+  (   s 1/2)  0.92     41.2495      0.0000      0.2176
 j = 1/2+  (   s 1/2)  0.91     56.4797      0.0000      0.1321
 j = 1/2+  (   s 1/2)  0.78     74.4720      0.0000      0.0790
 j = 1/2-  (   p 1/2)  0.97    -48.3699      0.9998      1.2623
 j = 1/2-  (   p 1/2)  0.96    -35.6494      0.9994      1.5898
 j = 1/2-  (   p 1/2)  0.98     -8.5367      0.9858      1.2928
 j = 1/2-  (   p 1/2)  0.96      8.9756      0.0006      0.5759
 j = 1/2-  (   p 1/2)  0.94     19.9619      0.0001      0.4003
 j = 1/2-  (   p 1/2)  0.78     21.4444      0.0000      0.0224
 j = 1/2-  (   p 1/2)  0.92     34.9903      0.0000      0.2643
 j = 1/2-  (   p 1/2)  0.93     47.7494      0.0000      0.1559
 j = 1/2-  (   p 1/2)  0.77     73.3263      0.0000      0.1032
 j = 3/2+  (   d 3/2)  0.98    -43.8026      0.9997      1.4464
 j = 3/2+  (   d 3/2)  0.98    -21.6474      0.9983      1.5241
 j = 3/2+  (   d 3/2)  0.97      0.8109      0.0117      0.8896
 j = 3/2+  (   d 3/2)  0.95     14.5896      0.0002      0.4737
 j = 3/2+  (   d 3/2)  0.79     21.7050      0.0000      0.0152
 j = 3/2+  (   d 3/2)  0.94     27.5927      0.0000      0.3483
 j = 3/2+  (   d 3/2)  0.92     41.8900      0.0000      0.2163
 j = 3/2+  (   d 3/2)  0.89     57.2653      0.0000      0.1301
 j = 3/2+  (   d 3/2)  0.79     72.5836      0.0000      0.0748
 j = 3/2-  (   p 3/2)  0.97    -48.4376      0.9998      1.2747
 j = 3/2-  (   p 3/2)  0.96    -36.4940      0.9994      1.6035
 j = 3/2-  (   p 3/2)  0.98     -9.1901      0.9887      1.2875
 j = 3/2-  (   p 3/2)  0.95      8.7753      0.0006      0.5755
 j = 3/2-  (   p 3/2)  0.94     19.8570      0.0001      0.3907
 j = 3/2-  (   p 3/2)  0.78     21.3080      0.0000      0.0222
 j = 3/2-  (   p 3/2)  0.92     34.8767      0.0000      0.2621
 j = 3/2-  (   p 3/2)  0.93     47.6927      0.0000      0.1541
 j = 3/2-  (   p 3/2)  0.77     73.4831      0.0000      0.1028
 j = 5/2+  (   d 5/2)  0.98    -44.5421      0.9997      1.4692
 j = 5/2+  (   d 5/2)  0.98    -23.4520      0.9985      1.5452
 j = 5/2+  (   d 5/2)  0.97     -0.0020      0.0172      0.8684
 j = 5/2+  (   d 5/2)  0.95     14.0517      0.0002      0.4648
 j = 5/2+  (   d 5/2)  0.79     21.8599      0.0000      0.0155
 j = 5/2+  (   d 5/2)  0.94     26.7990      0.0000      0.3454
 j = 5/2+  (   d 5/2)  0.92     41.4131      0.0000      0.2156
 j = 5/2+  (   d 5/2)  0.89     57.0940      0.0000      0.1300
 j = 5/2+  (   d 5/2)  0.79     72.9807      0.0000      0.0754
 j = 5/2-  (   f 5/2)  0.98    -35.5855      0.9995      1.4777
 j = 5/2-  (   f 5/2)  0.98     -9.9730      0.9900      1.3712
 j = 5/2-  (   f 5/2)  0.97      9.4817      0.0007      0.6758
 j = 5/2-  (   f 5/2)  0.79     19.8201      0.0000      0.0195
 j = 5/2-  (   f 5/2)  0.96     21.8383      0.0001      0.4206
 j = 5/2-  (   f 5/2)  0.93     36.1534      0.0000      0.2699
 j = 5/2-  (   f 5/2)  0.89     50.5503      0.0000      0.1606
 j = 5/2-  (   f 5/2)  0.81     68.6862      0.0000      0.0966
 j = 7/2+  (   g 7/2)  0.98    -25.4929      0.9989      1.4559
 j = 7/2+  (   g 7/2)  0.98     -0.2962      0.0342      1.1427
 j = 7/2+  (   g 7/2)  0.96     16.6391      0.0002      0.5367
 j = 7/2+  (   g 7/2)  0.79     20.2218      0.0000      0.0133
 j = 7/2+  (   g 7/2)  0.95     29.1965      0.0000      0.3659
 j = 7/2+  (   g 7/2)  0.89     43.1867      0.0000      0.2181
 j = 7/2+  (   g 7/2)  0.80     61.1674      0.0000      0.1375
 j = 7/2+  (   g 7/2)  0.82     65.2484      0.0000      0.0667
 j = 7/2-  (   f 7/2)  0.98    -37.4228      0.9995      1.5104
 j = 7/2-  (   f 7/2)  0.98    -12.3695      0.9944      1.3761
 j = 7/2-  (   f 7/2)  0.96      8.4289      0.0008      0.6745
 j = 7/2-  (   f 7/2)  0.79     19.6532      0.0000      0.0193
 j = 7/2-  (   f 7/2)  0.96     21.2668      0.0001      0.4045
 j = 7/2-  (   f 7/2)  0.92     35.3849      0.0000      0.2670
 j = 7/2-  (   f 7/2)  0.88     50.1529      0.0000      0.1586
 j = 7/2-  (   f 7/2)  0.81     68.3532      0.0000      0.0960
 j = 9/2+  (   g 9/2)  0.98    -28.8852      0.9991      1.5148
 j = 9/2+  (   g 9/2)  0.98     -2.7232      0.2931      1.1085
 j = 9/2+  (   g 9/2)  0.96     15.4403      0.0002      0.5371
 j = 9/2+  (   g 9/2)  0.79     20.5992      0.0000      0.0139
 j = 9/2+  (   g 9/2)  0.95     27.3565      0.0000      0.3567
 j = 9/2+  (   g 9/2)  0.90     42.0138      0.0000      0.2175
 j = 9/2+  (   g 9/2)  0.81     60.3164      0.0000      0.1381
 j = 9/2+  (   g 9/2)  0.82     65.4527      0.0000      0.0678
 j = 9/2-  (   h 9/2)  0.98    -14.5971      0.9965      1.3619
 j = 9/2-  (   h 9/2)  0.96      8.7226      0.0016      0.9514
 j = 9/2-  (   h 9/2)  0.78     18.7980      0.0000      0.0168
 j = 9/2-  (   h 9/2)  0.94     24.6458      0.0001      0.4718
 j = 9/2-  (   h 9/2)  0.89     37.7943      0.0000      0.2847
 j = 9/2-  (   h 9/2)  0.79     54.0084      0.0000      0.1698
 j = 9/2-  (   h 9/2)  0.84     62.2306      0.0000      0.0873
 j =11/2+  (   i11/2)  0.98     -3.6789      0.6687      1.2605
 j =11/2+  (   i11/2)  0.94     17.6777      0.0003      0.7408
 j =11/2+  (   i11/2)  0.77     19.0599      0.0000      0.0113
 j =11/2+  (   i11/2)  0.88     32.3587      0.0000      0.4139
 j =11/2+  (   i11/2)  0.79     45.8513      0.0000      0.2324
 j =11/2+  (   i11/2)  0.83     57.3771      0.0000      0.0562
 j =11/2+  (   i11/2)  0.63     63.8277      0.0000      0.1416
 j =11/2-  (   h11/2)  0.98    -19.5558      0.9981      1.4197
 j =11/2-  (   h11/2)  0.97      6.1873      0.0024      0.9229
 j =11/2-  (   h11/2)  0.78     18.7249      0.0000      0.0169
 j =11/2-  (   h11/2)  0.93     23.2382      0.0001      0.4679
 j =11/2-  (   h11/2)  0.88     36.0348      0.0000      0.2790
 j =11/2-  (   h11/2)  0.79     53.1580      0.0000      0.1687
 j =11/2-  (   h11/2)  0.84     61.5537      0.0000      0.0872
 j =13/2+  (   i13/2)  0.98    -10.1498      0.9913      1.3055
 j =13/2+  (   i13/2)  0.94     14.9924      0.0004      0.7346
 j =13/2+  (   i13/2)  0.77     18.8601      0.0000      0.0113
 j =13/2+  (   i13/2)  0.87     31.1112      0.0000      0.4031
 j =13/2+  (   i13/2)  0.78     44.1470      0.0000      0.2269
 j =13/2+  (   i13/2)  0.83     56.3287      0.0000      0.0552
 j =13/2+  (   i13/2)  0.62     62.5963      0.0000      0.1397
 j =13/2-  (   j13/2)  0.97      6.9399      0.0032      1.1592
 j =13/2-  (   j13/2)  0.77     19.2402      0.0000      0.0157
 j =13/2-  (   j13/2)  0.92     26.0519      0.0001      0.5640
 j =13/2-  (   j13/2)  0.80     40.6472      0.0000      0.3354
 j =13/2-  (   j13/2)  0.85     55.8362      0.0000      0.0795
 j =13/2-  (   j13/2)  0.63     57.1724      0.0000      0.1948
 j =15/2+  (   k15/2)  0.96     16.9359      0.0006      1.0144
 j =15/2+  (   k15/2)  0.74     20.0631      0.0000      0.0108
 j =15/2+  (   k15/2)  0.87     34.8729      0.0000      0.4564
 j =15/2+  (   k15/2)  0.69     50.4716      0.0000      0.2710
 j =15/2+  (   k15/2)  0.82     52.1618      0.0000      0.0511
 j =15/2+  (   k15/2)  0.59     64.0652      0.0000      0.1562
 j =15/2-  (   j15/2)  0.97     -0.8292      0.0509      1.1739
 j =15/2-  (   j15/2)  0.77     19.1832      0.0000      0.0158
 j =15/2-  (   j15/2)  0.91     23.3254      0.0001      0.5751
 j =15/2-  (   j15/2)  0.80     38.1770      0.0000      0.3286
 j =15/2-  (   j15/2)  0.85     54.6770      0.0000      0.0790
 j =15/2-  (   j15/2)  0.64     55.6610      0.0000      0.1958
 j =17/2+  (   k17/2)  0.96      8.3975      0.0020      1.0329
 j =17/2+  (   k17/2)  0.74     20.0014      0.0000      0.0109
 j =17/2+  (   k17/2)  0.86     31.3953      0.0000      0.4617
 j =17/2+  (   k17/2)  0.69     47.8313      0.0000      0.2664
 j =17/2+  (   k17/2)  0.82     51.1312      0.0000      0.0506
 j =17/2+  (   k17/2)  0.59     62.3890      0.0000      0.1560
 j =17/2-  (   l17/2)  0.75     21.7437      0.0000      0.0161
 j =17/2-  (   l17/2)  0.94     26.4791      0.0002      0.8671
 j =17/2-  (   l17/2)  0.81     43.1190      0.0000      0.3690
 j =17/2-  (   l17/2)  0.84     52.7294      0.0000      0.0786
 j =17/2-  (   l17/2)  0.60     59.9771      0.0000      0.2172
 j =19/2+  (   m19/2)  0.74     23.3183      0.0000      0.0112
 j =19/2+  (   m19/2)  0.90     35.8131      0.0001      0.7293
 j =19/2+  (   m19/2)  0.71     52.0159      0.0000      0.3031
 j =19/2+  (   m19/2)  0.81     52.1670      0.0000      0.0522
 j =19/2+  (   m19/2)  0.60     66.0446      0.0000      0.1659
 j =19/2-  (   l19/2)  0.93     17.5065      0.0005      0.8867
 j =19/2-  (   l19/2)  0.75     21.6686      0.0000      0.0162
 j =19/2-  (   l19/2)  0.79     39.1136      0.0000      0.3696
 j =19/2-  (   l19/2)  0.84     51.3785      0.0000      0.0778
 j =19/2-  (   l19/2)  0.60     56.7889      0.0000      0.2144
 j =21/2+  (   m21/2)  0.74     23.2625      0.0000      0.0114
 j =21/2+  (   m21/2)  0.89     26.6633      0.0002      0.7466
 j =21/2+  (   m21/2)  0.68     47.4055      0.0000      0.3032
 j =21/2+  (   m21/2)  0.81     51.0245      0.0000      0.0517
 j =21/2+  (   m21/2)  0.60     62.2263      0.0000      0.1635
 j =21/2-  (   n21/2)  0.76     26.4344      0.0000      0.0178
 j =21/2-  (   n21/2)  0.85     44.7411      0.0000      0.5959
 j =21/2-  (   n21/2)  0.84     55.4528      0.0000      0.0848
 j =21/2-  (   n21/2)  0.60     60.9659      0.0000      0.2510
 j =23/2+  (   o23/2)  0.74     28.4780      0.0000      0.0126
 j =23/2+  (   o23/2)  0.79     54.2957      0.0000      0.4892
 j =23/2+  (   o23/2)  0.81     55.4550      0.0000      0.0579
 j =23/2+  (   o23/2)  0.60     67.3432      0.0000      0.1996
 j =23/2-  (   n23/2)  0.75     26.3319      0.0000      0.0181
 j =23/2-  (   n23/2)  0.84     35.7970      0.0001      0.6106
 j =23/2-  (   n23/2)  0.83     52.8779      0.0000      0.0829
 j =23/2-  (   n23/2)  0.60     55.0698      0.0000      0.2495
 j =25/2+  (   o25/2)  0.74     28.4284      0.0000      0.0127
 j =25/2+  (   o25/2)  0.77     45.1604      0.0000      0.5020
 j =25/2+  (   o25/2)  0.80     53.4609      0.0000      0.0570
 j =25/2+  (   o25/2)  0.59     61.0614      0.0000      0.1970
 j =25/2-  (   P25/2)  0.77     33.5403      0.0000      0.0218
 j =25/2-  (   P25/2)  0.81     59.4124      0.0000      0.1094
 j =25/2-  (   P25/2)  0.73     62.7846      0.0000      0.3947
 j =27/2+  (   q27/2)  0.77     36.0879      0.0000      0.0153
 j =27/2+  (   q27/2)  0.79     60.9740      0.0000      0.0769
 j =27/2+  (   q27/2)  0.67     70.4038      0.0000      0.3089
 j =27/2-  (   P27/2)  0.77     33.4646      0.0000      0.0221
 j =27/2-  (   P27/2)  0.71     53.7495      0.0000      0.4028
 j =27/2-  (   P27/2)  0.81     56.1114      0.0000      0.1073
 j =29/2+  (   q29/2)  0.77     36.0514      0.0000      0.0154
 j =29/2+  (   q29/2)  0.78     58.5710      0.0000      0.0759
 j =29/2+  (   q29/2)  0.66     62.1550      0.0000      0.3139
 j =29/2-  (   r29/2)  0.71     44.6688      0.0000      0.0274
 j =29/2-  (   r29/2)  0.70     67.9620      0.0000      0.1866
 j =31/2+  (   S31/2)  0.77     47.1251      0.0000      0.0199
 j =31/2+  (   S31/2)  0.77     73.1471      0.0000      0.1321
 j =31/2-  (   r31/2)  0.70     44.2932      0.0000      0.0273
 j =31/2-  (   r31/2)  0.70     63.8018      0.0000      0.1877
 j =33/2+  (   S33/2)  0.76     46.9908      0.0000      0.0196
 j =33/2+  (   S33/2)  0.76     69.8454      0.0000      0.1328
 j =33/2-  (   t33/2)  0.98     60.6893      0.0000      0.0492
 j =35/2+  (   u35/2)  0.98     64.0292      0.0000      0.0336
 j =35/2-  (   t35/2)  0.98     60.0183      0.0000      0.0492
 j =37/2+  (   u37/2)  0.98     63.5798      0.0000      0.0336
 single-particle energies and gaps  in the canonical basis: Proton: 
 ------------------------------------------------------------------
    j pi     (nr,l,j)  smax       Ecan       vvcan       decan
 j = 1/2+  (   s 1/2)  0.76    -49.4788      0.9997     -1.2378
 j = 1/2+  (   s 1/2)  0.71    -33.9909      0.9990     -1.4872
 j = 1/2+  (   s 1/2)  0.93    -10.8760      0.4284     -1.1424
 j = 1/2+  (   s 1/2)  0.56     13.4658      0.0000     -0.0019
 j = 1/2+  (   s 1/2)  0.87     16.9803      0.0003     -0.9172
 j = 1/2+  (   s 1/2)  0.53     27.0878      0.0000     -0.0075
 j = 1/2+  (   s 1/2)  0.65     43.6969      0.0000     -0.4045
 j = 1/2+  (   s 1/2)  0.48     48.8954      0.0000     -0.0166
 j = 1/2+  (   s 1/2)  0.56     63.1265      0.0000     -0.2169
 j = 1/2+  (   s 1/2)  0.75     84.4439      0.0000     -0.0783
 j = 1/2-  (   p 1/2)  0.93    -44.6631      0.9997     -1.1387
 j = 1/2-  (   p 1/2)  0.91    -22.5865      0.9981     -1.0201
 j = 1/2-  (   p 1/2)  0.94      1.2570      0.0008     -0.6859
 j = 1/2-  (   p 1/2)  0.58     13.9161      0.0000     -0.0026
 j = 1/2-  (   p 1/2)  0.53     27.9474      0.0000     -0.0112
 j = 1/2-  (   p 1/2)  0.75     29.7402      0.0000     -0.4990
 j = 1/2-  (   p 1/2)  0.57     49.2456      0.0000     -0.0305
 j = 1/2-  (   p 1/2)  0.64     55.3808      0.0000     -0.2770
 j = 1/2-  (   p 1/2)  0.72     85.2225      0.0000     -0.1206
 j = 3/2+  (   d 3/2)  0.97    -37.0501      0.9996     -1.0216
 j = 3/2+  (   d 3/2)  0.95    -12.1568      0.8946     -0.8683
 j = 3/2+  (   d 3/2)  0.90     12.4582      0.0001     -0.4573
 j = 3/2+  (   d 3/2)  0.56     14.2013      0.0000     -0.0016
 j = 3/2+  (   d 3/2)  0.52     28.0281      0.0000     -0.0065
 j = 3/2+  (   d 3/2)  0.67     40.0893      0.0000     -0.3074
 j = 3/2+  (   d 3/2)  0.49     49.7780      0.0000     -0.0155
 j = 3/2+  (   d 3/2)  0.59     69.2041      0.0000     -0.1953
 j = 3/2+  (   d 3/2)  0.74     87.6168      0.0000     -0.0777
 j = 3/2-  (   p 3/2)  0.92    -45.1149      0.9997     -1.1404
 j = 3/2-  (   p 3/2)  0.89    -23.3199      0.9983     -1.0236
 j = 3/2-  (   p 3/2)  0.93      0.7446      0.0008     -0.6765
 j = 3/2-  (   p 3/2)  0.58     13.9021      0.0000     -0.0026
 j = 3/2-  (   p 3/2)  0.53     27.9288      0.0000     -0.0113
 j = 3/2-  (   p 3/2)  0.76     29.6454      0.0000     -0.5040
 j = 3/2-  (   p 3/2)  0.56     49.0503      0.0000     -0.0305
 j = 3/2-  (   p 3/2)  0.64     55.6266      0.0000     -0.2785
 j = 3/2-  (   p 3/2)  0.72     84.8998      0.0000     -0.1202
 j = 5/2+  (   d 5/2)  0.96    -38.2704      0.9996     -1.0319
 j = 5/2+  (   d 5/2)  0.94    -13.7228      0.9759     -0.8634
 j = 5/2+  (   d 5/2)  0.91     11.4871      0.0001     -0.4575
 j = 5/2+  (   d 5/2)  0.56     14.1743      0.0000     -0.0016
 j = 5/2+  (   d 5/2)  0.52     27.9443      0.0000     -0.0065
 j = 5/2+  (   d 5/2)  0.68     39.8481      0.0000     -0.3085
 j = 5/2+  (   d 5/2)  0.49     49.5214      0.0000     -0.0155
 j = 5/2+  (   d 5/2)  0.59     69.3597      0.0000     -0.1945
 j = 5/2+  (   d 5/2)  0.74     86.9625      0.0000     -0.0770
 j = 5/2-  (   f 5/2)  0.98    -28.0802      0.9993     -0.9262
 j = 5/2-  (   f 5/2)  0.96     -1.6986      0.0015     -0.7161
 j = 5/2-  (   f 5/2)  0.58     15.3716      0.0000     -0.0022
 j = 5/2-  (   f 5/2)  0.83     24.4713      0.0000     -0.3739
 j = 5/2-  (   f 5/2)  0.52     30.2427      0.0000     -0.0087
 j = 5/2-  (   f 5/2)  0.67     50.5483      0.0000     -0.2117
 j = 5/2-  (   f 5/2)  0.62     51.7396      0.0000     -0.0303
 j = 5/2-  (   f 5/2)  0.67     90.4135      0.0000     -0.1119
 j = 7/2+  (   g 7/2)  0.98    -18.1616      0.9965     -0.8412
 j = 7/2+  (   g 7/2)  0.92      9.2725      0.0002     -0.5608
 j = 7/2+  (   g 7/2)  0.56     15.9644      0.0000     -0.0013
 j = 7/2+  (   g 7/2)  0.51     30.3016      0.0000     -0.0050
 j = 7/2+  (   g 7/2)  0.68     36.8155      0.0000     -0.3102
 j = 7/2+  (   g 7/2)  0.53     51.5353      0.0000     -0.0144
 j = 7/2+  (   g 7/2)  0.64     62.9721      0.0000     -0.1640
 j = 7/2+  (   g 7/2)  0.72     92.9538      0.0000     -0.0725
 j = 7/2-  (   f 7/2)  0.97    -30.4159      0.9994     -0.9469
 j = 7/2-  (   f 7/2)  0.95     -3.9509      0.0024     -0.6978
 j = 7/2-  (   f 7/2)  0.58     15.3536      0.0000     -0.0023
 j = 7/2-  (   f 7/2)  0.84     23.0628      0.0000     -0.3789
 j = 7/2-  (   f 7/2)  0.52     30.2616      0.0000     -0.0090
 j = 7/2-  (   f 7/2)  0.67     49.8054      0.0000     -0.2116
 j = 7/2-  (   f 7/2)  0.62     51.3487      0.0000     -0.0305
 j = 7/2-  (   f 7/2)  0.67     89.9714      0.0000     -0.1116
 j = 9/2+  (   g 9/2)  0.98    -21.8961      0.9984     -0.8657
 j = 9/2+  (   g 9/2)  0.92      6.5693      0.0002     -0.5413
 j = 9/2+  (   g 9/2)  0.56     15.9442      0.0000     -0.0013
 j = 9/2+  (   g 9/2)  0.51     30.2646      0.0000     -0.0051
 j = 9/2+  (   g 9/2)  0.70     35.0546      0.0000     -0.3154
 j = 9/2+  (   g 9/2)  0.53     51.2092      0.0000     -0.0146
 j = 9/2+  (   g 9/2)  0.65     62.0717      0.0000     -0.1625
 j = 9/2+  (   g 9/2)  0.72     91.9736      0.0000     -0.0721
 j = 9/2-  (   h 9/2)  0.98     -7.6624      0.0123     -0.7621
 j = 9/2-  (   h 9/2)  0.57     17.8476      0.0000     -0.0023
 j = 9/2-  (   h 9/2)  0.85     20.5905      0.0000     -0.4161
 j = 9/2-  (   h 9/2)  0.51     32.2712      0.0000     -0.0103
 j = 9/2-  (   h 9/2)  0.66     48.4561      0.0000     -0.2492
 j = 9/2-  (   h 9/2)  0.63     53.0075      0.0000     -0.0359
 j = 9/2-  (   h 9/2)  0.67     89.4185      0.0000     -0.1131
 j =11/2+  (   i11/2)  0.96      3.2439      0.0006     -0.6795
 j =11/2+  (   i11/2)  0.55     18.9088      0.0000     -0.0013
 j =11/2+  (   i11/2)  0.77     31.6262      0.0000     -0.3067
 j =11/2+  (   i11/2)  0.55     32.7765      0.0000     -0.0061
 j =11/2+  (   i11/2)  0.56     53.4810      0.0000     -0.0177
 j =11/2+  (   i11/2)  0.64     62.9374      0.0000     -0.1988
 j =11/2+  (   i11/2)  0.72     91.2556      0.0000     -0.0807
 j =11/2-  (   h11/2)  0.98    -12.9792      0.9640     -0.7782
 j =11/2-  (   h11/2)  0.86     17.5976      0.0001     -0.4051
 j =11/2-  (   h11/2)  0.57     17.8097      0.0000     -0.0024
 j =11/2-  (   h11/2)  0.51     32.2593      0.0000     -0.0108
 j =11/2-  (   h11/2)  0.66     46.4350      0.0000     -0.2534
 j =11/2-  (   h11/2)  0.64     52.2858      0.0000     -0.0363
 j =11/2-  (   h11/2)  0.68     88.0769      0.0000     -0.1126
 j =13/2+  (   i13/2)  0.97     -3.7761      0.0022     -0.6891
 j =13/2+  (   i13/2)  0.56     18.8855      0.0000     -0.0013
 j =13/2+  (   i13/2)  0.79     28.2596      0.0000     -0.3030
 j =13/2+  (   i13/2)  0.55     32.7955      0.0000     -0.0065
 j =13/2+  (   i13/2)  0.56     53.0027      0.0000     -0.0183
 j =13/2+  (   i13/2)  0.65     60.7704      0.0000     -0.2016
 j =13/2+  (   i13/2)  0.72     89.4899      0.0000     -0.0809
 j =13/2-  (   j13/2)  0.92     14.2408      0.0001     -0.5844
 j =13/2-  (   j13/2)  0.56     21.6825      0.0000     -0.0021
 j =13/2-  (   j13/2)  0.50     35.9882      0.0000     -0.0119
 j =13/2-  (   j13/2)  0.67     42.6256      0.0000     -0.2340
 j =13/2-  (   j13/2)  0.68     55.9717      0.0000     -0.0453
 j =13/2-  (   j13/2)  0.66     87.8407      0.0000     -0.1269
 j =15/2+  (   k15/2)  0.54     23.1469      0.0000     -0.0012
 j =15/2+  (   k15/2)  0.87     25.5164      0.0000     -0.4943
 j =15/2+  (   k15/2)  0.53     37.5568      0.0000     -0.0063
 j =15/2+  (   k15/2)  0.66     54.0867      0.0000     -0.1829
 j =15/2+  (   k15/2)  0.64     57.8531      0.0000     -0.0227
 j =15/2+  (   k15/2)  0.68     92.7013      0.0000     -0.0910
 j =15/2-  (   j15/2)  0.93      5.8171      0.0003     -0.5922
 j =15/2-  (   j15/2)  0.56     21.6234      0.0000     -0.0023
 j =15/2-  (   j15/2)  0.51     35.9419      0.0000     -0.0128
 j =15/2-  (   j15/2)  0.69     38.7204      0.0000     -0.2339
 j =15/2-  (   j15/2)  0.69     54.7963      0.0000     -0.0463
 j =15/2-  (   j15/2)  0.67     85.6359      0.0000     -0.1274
 j =17/2+  (   k17/2)  0.88     15.7693      0.0001     -0.5017
 j =17/2+  (   k17/2)  0.54     23.0987      0.0000     -0.0012
 j =17/2+  (   k17/2)  0.53     37.5277      0.0000     -0.0068
 j =17/2+  (   k17/2)  0.66     49.7158      0.0000     -0.1840
 j =17/2+  (   k17/2)  0.65     56.9431      0.0000     -0.0233
 j =17/2+  (   k17/2)  0.68     90.2613      0.0000     -0.0911
 j =17/2-  (   l17/2)  0.63     27.1875      0.0000     -0.0014
 j =17/2-  (   l17/2)  0.80     36.5761      0.0000     -0.4070
 j =17/2-  (   l17/2)  0.58     44.1740      0.0000     -0.0051
 j =17/2-  (   l17/2)  0.64     66.8297      0.0000     -0.1456
 j =17/2-  (   l17/2)  0.79     72.5940      0.0000     -0.0408
 j =19/2+  (   m19/2)  0.57     28.7237      0.0000     -0.0013
 j =19/2+  (   m19/2)  0.62     43.6020      0.0000     -0.0094
 j =19/2+  (   m19/2)  0.72     48.1295      0.0000     -0.3294
 j =19/2+  (   m19/2)  0.70     61.8936      0.0000     -0.0402
 j =19/2+  (   m19/2)  0.67     90.7354      0.0000     -0.0904
 j =19/2-  (   l19/2)  0.81     25.8316      0.0000     -0.4130
 j =19/2-  (   l19/2)  0.63     27.1416      0.0000     -0.0015
 j =19/2-  (   l19/2)  0.58     43.9362      0.0000     -0.0054
 j =19/2-  (   l19/2)  0.65     62.2806      0.0000     -0.1472
 j =19/2-  (   l19/2)  0.79     70.6504      0.0000     -0.0407
 j =21/2+  (   m21/2)  0.56     28.6521      0.0000     -0.0014
 j =21/2+  (   m21/2)  0.73     36.5396      0.0000     -0.3342
 j =21/2+  (   m21/2)  0.62     43.2605      0.0000     -0.0116
 j =21/2+  (   m21/2)  0.71     59.6799      0.0000     -0.0435
 j =21/2+  (   m21/2)  0.69     86.1829      0.0000     -0.0868
 j =21/2-  (   n21/2)  0.63     33.8800      0.0000     -0.0016
 j =21/2-  (   n21/2)  0.60     51.4168      0.0000     -0.0089
 j =21/2-  (   n21/2)  0.63     60.6955      0.0000     -0.2645
 j =21/2-  (   n21/2)  0.76     76.6522      0.0000     -0.0626
 j =23/2+  (   o23/2)  0.61     35.9201      0.0000     -0.0011
 j =23/2+  (   o23/2)  0.63     54.1157      0.0000     -0.0045
 j =23/2+  (   o23/2)  0.61     72.2602      0.0000     -0.2088
 j =23/2+  (   o23/2)  0.75     78.5233      0.0000     -0.0402
 j =23/2-  (   n23/2)  0.63     33.7820      0.0000     -0.0019
 j =23/2-  (   n23/2)  0.64     48.1211      0.0000     -0.2690
 j =23/2-  (   n23/2)  0.60     50.8324      0.0000     -0.0100
 j =23/2-  (   n23/2)  0.78     72.3698      0.0000     -0.0622
 j =25/2+  (   o25/2)  0.61     35.8254      0.0000     -0.0013
 j =25/2+  (   o25/2)  0.63     53.7691      0.0000     -0.0049
 j =25/2+  (   o25/2)  0.61     58.7870      0.0000     -0.2125
 j =25/2+  (   o25/2)  0.75     74.9253      0.0000     -0.0402
 j =25/2-  (   P25/2)  0.68     42.6189      0.0000     -0.0022
 j =25/2-  (   P25/2)  0.80     61.3110      0.0000     -0.0270
 j =25/2-  (   P25/2)  0.72     79.1569      0.0000     -0.1234
 j =27/2+  (   q27/2)  0.68     45.0036      0.0000     -0.0015
 j =27/2+  (   q27/2)  0.79     65.5263      0.0000     -0.0111
 j =27/2+  (   q27/2)  0.69     84.8080      0.0000     -0.0904
 j =27/2-  (   P27/2)  0.64     42.3794      0.0000     -0.0041
 j =27/2-  (   P27/2)  0.79     58.5570      0.0000     -0.0541
 j =27/2-  (   P27/2)  0.80     69.6989      0.0000     -0.0963
 j =29/2+  (   q29/2)  0.66     44.8097      0.0000     -0.0023
 j =29/2+  (   q29/2)  0.81     64.2504      0.0000     -0.0178
 j =29/2+  (   q29/2)  0.74     75.5790      0.0000     -0.0840
 j =29/2-  (   r29/2)  0.76     54.3344      0.0000     -0.0014
 j =29/2-  (   r29/2)  0.75     78.2620      0.0000     -0.0368
 j =31/2+  (   S31/2)  0.76     57.0139      0.0000     -0.0010
 j =31/2+  (   S31/2)  0.75     83.1423      0.0000     -0.0215
 j =31/2-  (   r31/2)  0.75     54.1234      0.0000     -0.0016
 j =31/2-  (   r31/2)  0.74     73.9353      0.0000     -0.0368
 j =33/2+  (   S33/2)  0.75     56.8365      0.0000     -0.0011
 j =33/2+  (   S33/2)  0.74     79.9285      0.0000     -0.0215
 j =33/2-  (   t33/2)  0.98     71.1889      0.0000     -0.0039
 j =35/2+  (   u35/2)  0.98     74.4269      0.0000     -0.0021
 j =35/2-  (   t35/2)  0.98     70.5121      0.0000     -0.0039
 j =37/2+  (   u37/2)  0.98     73.9641      0.0000     -0.0021
  ****** END CANON **********************************
  ****** BEGIN RESU *********************************
   ****** BEGIN EXPECT *******

                            neutron        proton         total
 particle number           138.000000      80.000000     218.000000
 trace scalar density      131.651103      77.050407     208.701509
 lambda                     -3.227044     -11.041185
 spk                        15.583972      -6.194928
 rms-Radius                  5.830099       5.552798       5.729896
 charge-Radius                              5.610130
 Particle Energ          -3188.752409   -2011.514624   -5200.267032
 Selfconsistency Test.                                     0.000002

 Kinetic Energy           1979.854926     909.154609    2889.009536
 E-scsc                                               -32713.493492
 E-scve                                                27255.599582
 E-vesc                                                    0.000000
 E-veve                                                  157.671568
 E-rearrang.                                             963.770239
 Coulomb direct                                          773.698938
 Pairing Energy            -16.946489      -4.798832     -21.745321
 Sum without E-cm                                      -1659.259189
DE-cm <P**2>/2M            -12.734778      -5.846913     -18.581691
NE-cm <P**2>/2M              9.440189       3.736648      13.176838
 E-cm <P**2>/2M             -3.294589      -2.110265      -5.404853
 Total Energy                                          -1664.664043
 E/A                                                      -7.636074

  ****** END EXPECT *********************************


 quasi-particle properties Neutron:
 ------------------------------------------------------------------
     p/h    l j     [nr,l,j]  smax       Eqp       uu       vv
   1  p   1s 1/2   ( 4s  1/2) 0.84     3.453     0.993     0.007
   2  p   2s 1/2   ( 6s  1/2) 0.46     8.131     0.998     0.002
   3  h   3s 1/2   ( 3s  1/2) 0.94    15.394     0.030     0.970
   4  p   4s 1/2   ( 5s  1/2) 0.69    16.816     0.973     0.027
   5  p   5s 1/2   ( 6s  1/2) 0.57    29.327     1.000     0.000
   6  h   6s 1/2   ( 2s  1/2) 0.88    38.349     0.000     1.000
   7  p   7s 1/2   ( 6s  1/2) 0.54    44.170     1.000     0.000
   8  h   8s 1/2   ( 1s  1/2) 0.92    56.649     0.000     1.000
   9  p   9s 1/2   ( 8s  1/2) 0.61    63.155     1.000     0.000
  10  p  10s 1/2   ( 9s  1/2) 0.64    93.844     1.000     0.000
  11  h   1p 1/2   ( 3p  1/2) 0.96     4.970     0.020     0.980
  12  p   2p 1/2   ( 4p  1/2) 0.56     6.493     0.994     0.006
  13  p   3p 1/2   ( 4p  1/2) 0.72    13.510     1.000     0.000
  14  p   4p 1/2   ( 5p  1/2) 0.70    24.323     0.999     0.001
  15  h   5p 1/2   ( 2p  1/2) 0.94    27.781     0.001     0.999
  16  p   6p 1/2   ( 6p  1/2) 0.62    38.727     1.000     0.000
  17  h   7p 1/2   ( 1p  1/2) 0.96    50.323     0.000     1.000
  18  p   8p 1/2   ( 7p  1/2) 0.65    56.921     1.000     0.000
  19  p   9p 1/2   ( 8p  1/2) 0.64    86.341     1.000     0.000
  20  p   1d 3/2   ( 3d  3/2) 0.90     3.544     0.989     0.011
  21  p   2d 3/2   ( 5d  3/2) 0.48     8.415     0.998     0.002
  22  h   3d 3/2   ( 2d  3/2) 0.80    16.790     0.318     0.682
  23  p   4d 3/2   ( 4d  3/2) 0.60    17.250     0.684     0.316
  24  p   5d 3/2   ( 5d  3/2) 0.59    29.395     1.000     0.000
  25  h   6d 3/2   ( 1d  3/2) 0.97    42.158     0.001     0.999
  26  p   7d 3/2   ( 5d  3/2) 0.54    44.273     0.999     0.001
  27  p   8d 3/2   ( 7d  3/2) 0.62    63.232     1.000     0.000
  28  p   9d 3/2   ( 8d  3/2) 0.64    93.798     1.000     0.000
  29  h   1p 3/2   ( 3p  3/2) 0.96     5.500     0.024     0.976
  30  p   2p 3/2   ( 4p  3/2) 0.56     6.445     0.987     0.013
  31  p   3p 3/2   ( 4p  3/2) 0.72    13.366     1.000     0.000
  32  p   4p 3/2   ( 5p  3/2) 0.69    24.211     1.000     0.000
  33  h   5p 3/2   ( 2p  3/2) 0.93    28.478     0.001     0.999
  34  p   6p 3/2   ( 6p  3/2) 0.62    38.593     1.000     0.000
  35  h   7p 3/2   ( 1p  3/2) 0.95    50.642     0.000     1.000
  36  p   8p 3/2   ( 7p  3/2) 0.65    56.662     1.000     0.000
  37  p   9p 3/2   ( 8p  3/2) 0.64    86.580     1.000     0.000
  38  p   1d 5/2   ( 3d  5/2) 0.92     2.967     0.983     0.017
  39  p   2d 5/2   ( 5d  5/2) 0.50     8.201     0.999     0.001
  40  p   3d 5/2   ( 4d  5/2) 0.71    16.783     0.987     0.013
  41  h   4d 5/2   ( 2d  5/2) 0.95    18.493     0.015     0.985
  42  p   5d 5/2   ( 5d  5/2) 0.59    29.094     1.000     0.000
  43  h   6d 5/2   ( 1d  5/2) 0.96    43.156     0.009     0.991
  44  p   7d 5/2   ( 6d  5/2) 0.53    43.886     0.991     0.009
  45  p   8d 5/2   ( 7d  5/2) 0.61    62.668     1.000     0.000
  46  p   9d 5/2   ( 8d  5/2) 0.64    93.890     1.000     0.000
  47  h   1f 5/2   ( 2f  5/2) 0.98     6.573     0.012     0.988
  48  p   2f 5/2   ( 3f  5/2) 0.62     7.604     0.999     0.001
  49  p   3f 5/2   ( 3f  5/2) 0.72    13.637     0.999     0.001
  50  p   4f 5/2   ( 4f  5/2) 0.73    24.033     1.000     0.000
  51  h   5f 5/2   ( 1f  5/2) 0.98    32.695     0.001     0.999
  52  p   6f 5/2   ( 5f  5/2) 0.65    38.615     1.000     0.000
  53  p   7f 5/2   ( 6f  5/2) 0.67    56.622     1.000     0.000
  54  p   8f 5/2   ( 7f  5/2) 0.64    85.889     1.000     0.000
  55  p   1g 7/2   ( 2g  7/2) 0.96     3.001     0.966     0.034
  56  p   2g 7/2   ( 4g  7/2) 0.49     9.561     0.999     0.001
  57  p   3g 7/2   ( 3g  7/2) 0.74    17.841     0.999     0.001
  58  h   4g 7/2   ( 1g  7/2) 0.98    22.320     0.002     0.998
  59  p   5g 7/2   ( 4g  7/2) 0.64    29.187     1.000     0.000
  60  p   6g 7/2   ( 5g  7/2) 0.58    43.804     1.000     0.000
  61  p   7g 7/2   ( 6g  7/2) 0.64    62.670     1.000     0.000
  62  p   8g 7/2   ( 7g  7/2) 0.64    92.755     1.000     0.000
  63  p   1f 7/2   ( 3f  7/2) 0.65     7.397     1.000     0.000
  64  h   2f 7/2   ( 2f  7/2) 0.97     8.735     0.007     0.993
  65  p   3f 7/2   ( 3f  7/2) 0.69    13.007     0.999     0.001
  66  p   4f 7/2   ( 4f  7/2) 0.73    23.518     1.000     0.000
  67  h   5f 7/2   ( 1f  7/2) 0.98    34.730     0.001     0.999
  68  p   6f 7/2   ( 5f  7/2) 0.65    37.969     1.000     0.000
  69  p   7f 7/2   ( 6f  7/2) 0.66    55.649     1.000     0.000
  70  p   8f 7/2   ( 7f  7/2) 0.64    85.569     1.000     0.000
  71  p   1g 9/2   ( 2g  9/2) 0.82     1.199     0.707     0.293
  72  p   2g 9/2   ( 4g  9/2) 0.50     9.338     1.000     0.000
  73  p   3g 9/2   ( 3g  9/2) 0.74    17.173     1.000     0.000
  74  h   4g 9/2   ( 1g  9/2) 0.98    25.707     0.001     0.999
  75  p   5g 9/2   ( 4g  9/2) 0.66    28.413     1.000     0.000
  76  p   6g 9/2   ( 5g  9/2) 0.59    42.884     1.000     0.000
  77  p   7g 9/2   ( 6g  9/2) 0.64    61.341     1.000     0.000
  78  p   8g 9/2   ( 7g  9/2) 0.64    92.064     1.000     0.000
  79  p   1h 9/2   ( 2h  9/2) 0.78     9.399     0.995     0.005
  80  h   2h 9/2   ( 1h  9/2) 0.97    11.439     0.015     0.985
  81  p   3h 9/2   ( 2h  9/2) 0.58    13.665     0.992     0.008
  82  p   4h 9/2   ( 3h  9/2) 0.76    24.229     1.000     0.000
  83  p   5h 9/2   ( 4h  9/2) 0.69    38.563     1.000     0.000
  84  p   6h 9/2   ( 5h  9/2) 0.69    55.937     1.000     0.000
  85  p   7h 9/2   ( 6h  9/2) 0.64    84.338     1.000     0.000
  86  h   1i11/2   ( 1i 11/2) 0.80     1.335     0.331     0.669
  87  p   2i11/2   ( 2i 11/2) 0.49    12.163     1.000     0.000
  88  p   3i11/2   ( 2i 11/2) 0.79    18.770     1.000     0.000
  89  p   4i11/2   ( 3i 11/2) 0.72    28.618     1.000     0.000
  90  p   5i11/2   ( 4i 11/2) 0.63    43.483     1.000     0.000
  91  p   6i11/2   ( 5i 11/2) 0.66    62.056     1.000     0.000
  92  p   7i11/2   ( 6i 11/2) 0.65    91.042     1.000     0.000
  93  p   1h11/2   ( 2h 11/2) 0.91     8.222     0.998     0.002
  94  p   2h11/2   ( 4h 11/2) 0.51    12.536     0.998     0.002
  95  h   3h11/2   ( 1h 11/2) 0.98    16.397     0.004     0.996
  96  p   4h11/2   ( 3h 11/2) 0.76    23.330     1.000     0.000
  97  p   5h11/2   ( 4h 11/2) 0.70    37.346     1.000     0.000
  98  p   6h11/2   ( 5h 11/2) 0.69    54.204     1.000     0.000
  99  p   7h11/2   ( 6h 11/2) 0.64    83.149     1.000     0.000
 100  h   1i13/2   ( 1i 13/2) 0.97     7.042     0.009     0.991
 101  p   2i13/2   ( 2i 13/2) 0.55    11.953     1.000     0.000
 102  p   3i13/2   ( 2i 13/2) 0.78    17.344     1.000     0.000
 103  p   4i13/2   ( 3i 13/2) 0.75    27.293     1.000     0.000
 104  p   5i13/2   ( 4i 13/2) 0.66    42.059     1.000     0.000
 105  p   6i13/2   ( 5i 13/2) 0.66    59.850     1.000     0.000
 106  p   7i13/2   ( 6i 13/2) 0.64    89.489     1.000     0.000
 107  p   1j13/2   ( 1j 13/2) 0.97     9.840     0.997     0.003
 108  p   2j13/2   ( 4j 13/2) 0.51    15.397     1.000     0.000
 109  p   3j13/2   ( 2j 13/2) 0.79    25.285     1.000     0.000
 110  p   4j13/2   ( 3j 13/2) 0.74    37.857     1.000     0.000
 111  p   5j13/2   ( 4j 13/2) 0.72    54.857     1.000     0.000
 112  p   6j13/2   ( 5j 13/2) 0.65    82.630     1.000     0.000
 113  p   1k15/2   ( 1k 15/2) 0.52    16.369     1.000     0.000
 114  p   2k15/2   ( 1k 15/2) 0.82    19.892     1.000     0.000
 115  p   3k15/2   ( 2k 15/2) 0.77    29.594     1.000     0.000
 116  p   4k15/2   ( 3k 15/2) 0.68    43.392     1.000     0.000
 117  p   5k15/2   ( 4k 15/2) 0.70    60.540     1.000     0.000
 118  p   6k15/2   ( 5k 15/2) 0.65    88.884     1.000     0.000
 119  p   1j15/2   ( 1j 15/2) 0.95     2.652     0.949     0.051
 120  p   2j15/2   ( 2j 15/2) 0.52    15.013     1.000     0.000
 121  p   3j15/2   ( 2j 15/2) 0.79    23.867     1.000     0.000
 122  p   4j15/2   ( 3j 15/2) 0.76    36.064     1.000     0.000
 123  p   5j15/2   ( 4j 15/2) 0.72    52.348     1.000     0.000
 124  p   6j15/2   ( 6j 15/2) 0.64    80.378     1.000     0.000
 125  p   1k17/2   ( 1k 17/2) 0.97    11.361     0.998     0.002
 126  p   2k17/2   ( 3k 17/2) 0.52    17.100     1.000     0.000
 127  p   3k17/2   ( 2k 17/2) 0.78    27.744     1.000     0.000
 128  p   4k17/2   ( 3k 17/2) 0.73    41.246     1.000     0.000
 129  p   5k17/2   ( 4k 17/2) 0.71    57.520     1.000     0.000
 130  p   6k17/2   ( 5k 17/2) 0.64    86.176     1.000     0.000
 131  p   1l17/2   ( 3l 17/2) 0.55    20.245     1.000     0.000
 132  p   2l17/2   ( 1l 17/2) 0.86    27.789     1.000     0.000
 133  p   3l17/2   ( 2l 17/2) 0.77    38.197     1.000     0.000
 134  p   4l17/2   ( 3l 17/2) 0.74    54.976     1.000     0.000
 135  p   5l17/2   ( 5l 17/2) 0.67    79.505     1.000     0.000
 136  p   1m19/2   ( 3m 19/2) 0.57    22.529     1.000     0.000
 137  p   2m19/2   ( 1m 19/2) 0.83    33.011     1.000     0.000
 138  p   3m19/2   ( 2m 19/2) 0.71    43.632     1.000     0.000
 139  p   4m19/2   ( 3m 19/2) 0.71    60.771     1.000     0.000
 140  p   5m19/2   ( 4m 19/2) 0.65    86.159     1.000     0.000
 141  p   1l19/2   ( 1l 19/2) 0.85    19.001     1.000     0.000
 142  p   2l19/2   ( 2l 19/2) 0.53    21.840     1.000     0.000
 143  p   3l19/2   ( 2l 19/2) 0.76    35.365     1.000     0.000
 144  p   4l19/2   ( 3l 19/2) 0.75    50.935     1.000     0.000
 145  p   5l19/2   ( 5l 19/2) 0.68    75.932     1.000     0.000
 146  p   1m21/2   ( 3m 21/2) 0.55    22.397     1.000     0.000
 147  p   2m21/2   ( 1m 21/2) 0.89    28.369     1.000     0.000
 148  p   3m21/2   ( 2m 21/2) 0.79    39.277     1.000     0.000
 149  p   4m21/2   ( 3m 21/2) 0.74    55.798     1.000     0.000
 150  p   5m21/2   ( 5m 21/2) 0.67    81.432     1.000     0.000
 151  p   1n21/2   ( 2n 21/2) 0.60    27.280     1.000     0.000
 152  p   2n21/2   ( 1n 21/2) 0.82    40.671     1.000     0.000
 153  p   3n21/2   ( 2n 21/2) 0.74    54.366     1.000     0.000
 154  p   4n21/2   ( 4n 21/2) 0.67    78.630     1.000     0.000
 155  p   1o23/2   ( 2o 23/2) 0.60    29.693     1.000     0.000
 156  p   2o23/2   ( 1o 23/2) 0.80    44.608     1.000     0.000
 157  p   3o23/2   ( 2o 23/2) 0.73    59.821     1.000     0.000
 158  p   4o23/2   ( 4o 23/2) 0.66    84.874     1.000     0.000
 159  p   1n23/2   ( 3n 23/2) 0.56    27.061     1.000     0.000
 160  p   2n23/2   ( 1n 23/2) 0.85    37.131     1.000     0.000
 161  p   3n23/2   ( 2n 23/2) 0.74    48.159     1.000     0.000
 162  p   4n23/2   ( 4n 23/2) 0.74    71.024     1.000     0.000
 163  p   1o25/2   ( 2o 25/2) 0.58    29.591     1.000     0.000
 164  p   2o25/2   ( 1o 25/2) 0.86    42.745     1.000     0.000
 165  p   3o25/2   ( 2o 25/2) 0.77    53.508     1.000     0.000
 166  p   4o25/2   ( 4o 25/2) 0.73    75.643     1.000     0.000
 167  p   1P25/2   ( 2P 25/2) 0.68    36.040     1.000     0.000
 168  p   2P25/2   ( 1P 25/2) 0.78    54.154     1.000     0.000
 169  p   3P25/2   ( 3P 25/2) 0.71    75.602     1.000     0.000
 170  p   1q27/2   ( 2q 27/2) 0.68    38.668     1.000     0.000
 171  p   2q27/2   ( 1q 27/2) 0.78    58.071     1.000     0.000
 172  p   3q27/2   ( 3q 27/2) 0.69    80.839     1.000     0.000
 173  p   1P27/2   ( 2P 27/2) 0.65    35.859     1.000     0.000
 174  p   2P27/2   ( 1P 27/2) 0.79    51.910     1.000     0.000
 175  p   3P27/2   ( 3P 27/2) 0.78    65.495     1.000     0.000
 176  p   1q29/2   ( 2q 29/2) 0.66    38.523     1.000     0.000
 177  p   2q29/2   ( 1q 29/2) 0.79    56.891     1.000     0.000
 178  p   3q29/2   ( 3q 29/2) 0.73    71.366     1.000     0.000
 179  p   1r29/2   ( 1r 29/2) 0.78    47.449     1.000     0.000
 180  p   2r29/2   ( 2r 29/2) 0.77    71.997     1.000     0.000
 181  p   1S31/2   ( 1S 31/2) 0.77    50.352     1.000     0.000
 182  p   2S31/2   ( 2S 31/2) 0.77    76.374     1.000     0.000
 183  p   1r31/2   ( 1r 31/2) 0.77    47.285     1.000     0.000
 184  p   2r31/2   ( 2r 31/2) 0.76    67.557     1.000     0.000
 185  p   1S33/2   ( 1S 33/2) 0.76    50.218     1.000     0.000
 186  p   2S33/2   ( 2S 33/2) 0.76    73.073     1.000     0.000
 187  p   1t33/2   ( 1t 33/2) 0.98    63.916     1.000     0.000
 188  p   1u35/2   ( 1u 35/2) 0.98    67.256     1.000     0.000
 189  p   1t35/2   ( 1t 35/2) 0.98    63.245     1.000     0.000
 190  p   1u37/2   ( 1u 37/2) 0.98    66.807     1.000     0.000


 quasi-particle properties Proton: 
 ------------------------------------------------------------------
     p/h    l j     [nr,l,j]  smax       Eqp       uu       vv
   1  p   1s 1/2   ( 3s  1/2) 0.70     1.126     0.572     0.428
   2  p   2s 1/2   ( 4s  1/2) 0.86    20.891     0.964     0.036
   3  h   3s 1/2   ( 2s  1/2) 0.83    22.020     0.041     0.959
   4  p   4s 1/2   ( 6s  1/2) 0.46    24.894     0.997     0.003
   5  p   5s 1/2   ( 5s  1/2) 0.72    33.966     1.000     0.000
   6  h   6s 1/2   ( 1s  1/2) 0.89    39.465     0.000     1.000
   7  p   7s 1/2   ( 6s  1/2) 0.58    46.743     1.000     0.000
   8  p   8s 1/2   ( 6s  1/2) 0.53    61.348     1.000     0.000
   9  p   9s 1/2   ( 8s  1/2) 0.61    80.010     1.000     0.000
  11  p   1p 1/2   ( 3p  1/2) 0.96    11.148     0.999     0.001
  12  h   2p 1/2   ( 2p  1/2) 0.91    11.583     0.002     0.998
  13  p   3p 1/2   ( 4p  1/2) 0.52    24.021     1.000     0.000
  14  p   4p 1/2   ( 4p  1/2) 0.77    30.649     1.000     0.000
  15  h   5p 1/2   ( 1p  1/2) 0.94    33.649     0.001     0.999
  16  p   6p 1/2   ( 5p  1/2) 0.72    41.500     1.000     0.000
  17  p   7p 1/2   ( 6p  1/2) 0.64    55.938     1.000     0.000
  18  p   8p 1/2   ( 7p  1/2) 0.66    73.666     1.000     0.000
  20  h   1d 3/2   ( 2d  3/2) 0.90     1.412     0.105     0.895
  21  p   2d 3/2   ( 3d  3/2) 0.93    20.736     1.000     0.000
  22  p   3d 3/2   ( 5d  3/2) 0.48    25.245     0.997     0.003
  23  h   4d 3/2   ( 1d  3/2) 0.96    26.033     0.004     0.996
  24  p   5d 3/2   ( 4d  3/2) 0.74    34.325     1.000     0.000
  25  p   6d 3/2   ( 5d  3/2) 0.60    46.732     1.000     0.000
  26  p   7d 3/2   ( 6d  3/2) 0.55    61.336     1.000     0.000
  27  p   8d 3/2   ( 7d  3/2) 0.62    79.956     1.000     0.000
  29  p   1p 3/2   ( 3p  3/2) 0.95    10.683     0.999     0.001
  30  h   2p 3/2   ( 2p  3/2) 0.89    12.316     0.002     0.998
  31  p   3p 3/2   ( 4p  3/2) 0.52    23.986     1.000     0.000
  32  p   4p 3/2   ( 4p  3/2) 0.76    30.489     1.000     0.000
  33  h   5p 3/2   ( 1p  3/2) 0.93    34.099     0.001     0.999
  34  p   6p 3/2   ( 5p  3/2) 0.71    41.398     1.000     0.000
  35  p   7p 3/2   ( 6p  3/2) 0.63    55.811     1.000     0.000
  36  p   8p 3/2   ( 7p  3/2) 0.65    73.419     1.000     0.000
  38  h   1d 5/2   ( 2d  5/2) 0.92     2.812     0.024     0.976
  39  p   2d 5/2   ( 3d  5/2) 0.94    20.103     1.000     0.000
  40  p   3d 5/2   ( 5d  5/2) 0.49    25.112     1.000     0.000
  41  h   4d 5/2   ( 1d  5/2) 0.95    27.253     0.001     0.999
  42  p   5d 5/2   ( 4d  5/2) 0.74    34.072     1.000     0.000
  43  p   6d 5/2   ( 5d  5/2) 0.61    46.447     1.000     0.000
  44  p   7d 5/2   ( 6d  5/2) 0.55    60.983     1.000     0.000
  45  p   8d 5/2   ( 7d  5/2) 0.61    79.442     1.000     0.000
  47  p   1f 5/2   ( 2f  5/2) 0.97     9.046     0.998     0.002
  48  h   2f 5/2   ( 1f  5/2) 0.98    17.065     0.001     0.999
  49  p   3f 5/2   ( 3f  5/2) 0.56    25.281     1.000     0.000
  50  p   4f 5/2   ( 3f  5/2) 0.77    30.741     1.000     0.000
  51  p   5f 5/2   ( 4f  5/2) 0.75    41.370     1.000     0.000
  52  p   6f 5/2   ( 5f  5/2) 0.66    55.971     1.000     0.000
  53  p   7f 5/2   ( 6f  5/2) 0.67    73.416     1.000     0.000
  55  h   1g 7/2   ( 1g  7/2) 0.98     7.169     0.004     0.996
  56  p   2g 7/2   ( 2g  7/2) 0.98    18.621     1.000     0.000
  57  p   3g 7/2   ( 5g  7/2) 0.48    26.644     1.000     0.000
  58  p   4g 7/2   ( 3g  7/2) 0.77    35.202     1.000     0.000
  59  p   5g 7/2   ( 4g  7/2) 0.66    46.438     1.000     0.000
  60  p   6g 7/2   ( 5g  7/2) 0.59    61.081     1.000     0.000
  61  p   7g 7/2   ( 6g  7/2) 0.64    79.481     1.000     0.000
  63  p   1f 7/2   ( 2f  7/2) 0.96     6.898     0.998     0.002
  64  h   2f 7/2   ( 1f  7/2) 0.97    19.398     0.001     0.999
  65  p   3f 7/2   ( 3f  7/2) 0.60    25.110     1.000     0.000
  66  p   4f 7/2   ( 3f  7/2) 0.74    30.012     1.000     0.000
  67  p   5f 7/2   ( 4f  7/2) 0.75    40.908     1.000     0.000
  68  p   6f 7/2   ( 5f  7/2) 0.66    55.383     1.000     0.000
  69  p   7f 7/2   ( 6f  7/2) 0.66    72.513     1.000     0.000
  71  h   1g 9/2   ( 1g  9/2) 0.98    10.888     0.002     0.998
  72  p   2g 9/2   ( 2g  9/2) 0.97    16.276     1.000     0.000
  73  p   3g 9/2   ( 5g  9/2) 0.48    26.530     1.000     0.000
  74  p   4g 9/2   ( 3g  9/2) 0.78    34.523     1.000     0.000
  75  p   5g 9/2   ( 4g  9/2) 0.68    45.611     1.000     0.000
  76  p   6g 9/2   ( 5g  9/2) 0.60    60.216     1.000     0.000
  77  p   7g 9/2   ( 6g  9/2) 0.63    78.221     1.000     0.000
  79  p   1h 9/2   ( 1h  9/2) 0.97     3.436     0.988     0.012
  80  p   2h 9/2   ( 2h  9/2) 0.86    26.645     1.000     0.000
  81  p   3h 9/2   ( 2h  9/2) 0.47    30.001     1.000     0.000
  82  p   4h 9/2   ( 3h  9/2) 0.78    41.473     1.000     0.000
  83  p   5h 9/2   ( 4h  9/2) 0.70    55.792     1.000     0.000
  84  p   6h 9/2   ( 5h  9/2) 0.69    72.594     1.000     0.000
  86  p   1i11/2   ( 1i 11/2) 0.97    13.980     0.999     0.001
  87  p   2i11/2   ( 4i 11/2) 0.49    29.492     1.000     0.000
  88  p   3i11/2   ( 2i 11/2) 0.85    35.801     1.000     0.000
  89  p   4i11/2   ( 3i 11/2) 0.76    45.378     1.000     0.000
  90  p   5i11/2   ( 4i 11/2) 0.65    60.596     1.000     0.000
  91  p   6i11/2   ( 5i 11/2) 0.67    78.469     1.000     0.000
  93  h   1h11/2   ( 1h 11/2) 0.96     2.088     0.036     0.964
  94  p   2h11/2   ( 2h 11/2) 0.96    25.017     1.000     0.000
  95  p   3h11/2   ( 4h 11/2) 0.52    29.252     1.000     0.000
  96  p   4h11/2   ( 3h 11/2) 0.78    40.690     1.000     0.000
  97  p   5h11/2   ( 4h 11/2) 0.72    54.579     1.000     0.000
  98  p   6h11/2   ( 5h 11/2) 0.69    70.919     1.000     0.000
 100  p   1i13/2   ( 1i 13/2) 0.97     7.213     0.998     0.002
 101  p   2i13/2   ( 2i 13/2) 0.49    29.336     1.000     0.000
 102  p   3i13/2   ( 2i 13/2) 0.83    34.085     1.000     0.000
 103  p   4i13/2   ( 3i 13/2) 0.78    44.208     1.000     0.000
 104  p   5i13/2   ( 4i 13/2) 0.68    59.289     1.000     0.000
 105  p   6i13/2   ( 5i 13/2) 0.67    76.337     1.000     0.000
 107  p   1j13/2   ( 1j 13/2) 0.98    24.300     1.000     0.000
 108  p   2j13/2   ( 4j 13/2) 0.53    32.617     1.000     0.000
 109  p   3j13/2   ( 2j 13/2) 0.82    42.813     1.000     0.000
 110  p   4j13/2   ( 3j 13/2) 0.77    54.751     1.000     0.000
 111  p   5j13/2   ( 4j 13/2) 0.73    71.283     1.000     0.000
 112  p   6j13/2   ( 5j 13/2) 0.65    99.198     1.000     0.000
 113  p   1k15/2   ( 1k 15/2) 0.78    33.179     1.000     0.000
 114  p   2k15/2   ( 1k 15/2) 0.60    35.057     1.000     0.000
 115  p   3k15/2   ( 2k 15/2) 0.79    46.832     1.000     0.000
 116  p   4k15/2   ( 3k 15/2) 0.71    60.501     1.000     0.000
 117  p   5k15/2   ( 4k 15/2) 0.71    76.862     1.000     0.000
 119  p   1j15/2   ( 1j 15/2) 0.97    16.445     1.000     0.000
 120  p   2j15/2   ( 4j 15/2) 0.51    32.411     1.000     0.000
 121  p   3j15/2   ( 2j 15/2) 0.82    41.212     1.000     0.000
 122  p   4j15/2   ( 3j 15/2) 0.78    53.032     1.000     0.000
 123  p   5j15/2   ( 4j 15/2) 0.73    69.022     1.000     0.000
 124  p   6j15/2   ( 6j 15/2) 0.65    96.937     1.000     0.000
 125  p   1k17/2   ( 1k 17/2) 0.96    25.618     1.000     0.000
 126  p   2k17/2   ( 4k 17/2) 0.53    34.115     1.000     0.000
 127  p   3k17/2   ( 2k 17/2) 0.80    45.275     1.000     0.000
 128  p   4k17/2   ( 3k 17/2) 0.76    58.332     1.000     0.000
 129  p   5k17/2   ( 4k 17/2) 0.72    74.081     1.000     0.000
 131  p   1l17/2   ( 3l 17/2) 0.54    37.661     1.000     0.000
 132  p   2l17/2   ( 1l 17/2) 0.88    43.453     1.000     0.000
 133  p   3l17/2   ( 2l 17/2) 0.79    55.028     1.000     0.000
 134  p   4l17/2   ( 3l 17/2) 0.75    71.428     1.000     0.000
 135  p   5l17/2   ( 5l 17/2) 0.67    95.583     1.000     0.000
 136  p   1m19/2   ( 3m 19/2) 0.57    39.717     1.000     0.000
 137  p   2m19/2   ( 1m 19/2) 0.89    50.041     1.000     0.000
 138  p   3m19/2   ( 2m 19/2) 0.78    59.742     1.000     0.000
 139  p   4m19/2   ( 3m 19/2) 0.73    76.967     1.000     0.000
 141  p   1l19/2   ( 1l 19/2) 0.96    34.482     1.000     0.000
 142  p   2l19/2   ( 2l 19/2) 0.57    38.185     1.000     0.000
 143  p   3l19/2   ( 2l 19/2) 0.76    53.025     1.000     0.000
 144  p   4l19/2   ( 3l 19/2) 0.76    67.626     1.000     0.000
 145  p   5l19/2   ( 5l 19/2) 0.69    92.126     1.000     0.000
 146  p   1m21/2   ( 3m 21/2) 0.56    39.594     1.000     0.000
 147  p   2m21/2   ( 1m 21/2) 0.88    43.628     1.000     0.000
 148  p   3m21/2   ( 2m 21/2) 0.79    56.423     1.000     0.000
 149  p   4m21/2   ( 3m 21/2) 0.75    72.611     1.000     0.000
 150  p   5m21/2   ( 5m 21/2) 0.67    97.478     1.000     0.000
 151  p   1n21/2   ( 3n 21/2) 0.59    44.736     1.000     0.000
 152  p   2n21/2   ( 1n 21/2) 0.86    58.377     1.000     0.000
 153  p   3n21/2   ( 2n 21/2) 0.77    69.927     1.000     0.000
 154  p   4n21/2   ( 4n 21/2) 0.69    94.157     1.000     0.000
 155  p   1o23/2   ( 3o 23/2) 0.60    46.913     1.000     0.000
 156  p   2o23/2   ( 1o 23/2) 0.83    62.810     1.000     0.000
 157  p   3o23/2   ( 2o 23/2) 0.75    75.771     1.000     0.000
 158  p   4o23/2   ( 4o 23/2) 0.68    99.898     1.000     0.000
 159  p   1n23/2   ( 3n 23/2) 0.58    44.470     1.000     0.000
 160  p   2n23/2   ( 1n 23/2) 0.83    53.334     1.000     0.000
 161  p   3n23/2   ( 2n 23/2) 0.70    64.861     1.000     0.000
 162  p   4n23/2   ( 4n 23/2) 0.74    86.927     1.000     0.000
 163  p   1o25/2   ( 3o 25/2) 0.59    46.796     1.000     0.000
 164  p   2o25/2   ( 1o 25/2) 0.89    60.110     1.000     0.000
 165  p   3o25/2   ( 2o 25/2) 0.77    69.608     1.000     0.000
 166  p   4o25/2   ( 4o 25/2) 0.74    91.363     1.000     0.000
 167  p   1P25/2   ( 2P 25/2) 0.68    53.660     1.000     0.000
 168  p   2P25/2   ( 1P 25/2) 0.80    72.352     1.000     0.000
 169  p   3P25/2   ( 3P 25/2) 0.72    90.198     1.000     0.000
 170  p   1q27/2   ( 2q 27/2) 0.68    56.045     1.000     0.000
 171  p   2q27/2   ( 1q 27/2) 0.79    76.568     1.000     0.000
 172  p   3q27/2   ( 3q 27/2) 0.69    95.849     1.000     0.000
 173  p   1P27/2   ( 2P 27/2) 0.64    53.421     1.000     0.000
 174  p   2P27/2   ( 1P 27/2) 0.79    69.598     1.000     0.000
 175  p   3P27/2   ( 3P 27/2) 0.80    80.740     1.000     0.000
 176  p   1q29/2   ( 2q 29/2) 0.66    55.851     1.000     0.000
 177  p   2q29/2   ( 1q 29/2) 0.81    75.292     1.000     0.000
 178  p   3q29/2   ( 3q 29/2) 0.74    86.620     1.000     0.000
 179  p   1r29/2   ( 1r 29/2) 0.76    65.376     1.000     0.000
 180  p   2r29/2   ( 2r 29/2) 0.75    89.303     1.000     0.000
 181  p   1S31/2   ( 1S 31/2) 0.76    68.055     1.000     0.000
 182  p   2S31/2   ( 2S 31/2) 0.75    94.184     1.000     0.000
 183  p   1r31/2   ( 1r 31/2) 0.75    65.165     1.000     0.000
 184  p   2r31/2   ( 2r 31/2) 0.74    84.976     1.000     0.000
 185  p   1S33/2   ( 1S 33/2) 0.75    67.878     1.000     0.000
 186  p   2S33/2   ( 2S 33/2) 0.74    90.970     1.000     0.000
 187  p   1t33/2   ( 1t 33/2) 0.98    82.230     1.000     0.000
 188  p   1u35/2   ( 1u 35/2) 0.98    85.468     1.000     0.000
 189  p   1t35/2   ( 1t 35/2) 0.98    81.553     1.000     0.000
 190  p   1u37/2   ( 1u 37/2) 0.98    85.005     1.000     0.000
  ****** END RESU ***********************************
