
  ******************************************  
  *           Fortran 77 Code              *  
  *         Spherical H.O. basis            *  
  * Dirac-Hartree-Bogoliubov calculation   *  
  *        with density-dependent          *  
  * meson-exchange or point coupling force *  
  *          and separable pairing         *  
  * -------------------------------------- *  
  *      Niksic, Paar, Vretenar, Ring      *  
  *          18/ 4/2026/01:36:52           *
  *       Hg 196  N = 116  Z =  80
  ******************************************  
  ****** BEGIN READER *******************************
 Number of oscillator shells :    18   20
 Initialization inin,inink   :     0    0
 Nucleus: Hg 196   116  80
 Initial Gap Parameters      :     1.0000    1.0000
 Parameter set               :    DD-ME2    
  ****** END READER *********************************
  ****** BEGIN FORCES *******************************

 NEDF Parameters: DD-ME2    
 AMU   =  939.000
 msig  =  550.124  gsig =    10.5396  Gsig =   -14.2924
 mome  =  783.000  gome =    13.0189  Gome =    10.7647
 mdel  =    0.000  gdel =     0.0000  Gdel =    -0.0000
 mrho  =  763.000  grho =     3.6836  Grho =     0.9076
  
 Density dependence parameters:
           scasca    scavec    vecsca    vecvec
 a    =   1.388148  1.389291  0.000000  0.564700
 b    =   1.094300  0.923975  0.000000  0.000000
 c    =   1.705700  1.462000  0.000000  0.000000
 d    =   0.442067  0.477492  0.000000  0.000000
 dsat =   0.152000
  
 TMR pairing: Tian,Ma,Ring, PRB 676, 44 (2009)
 TMR pairing strength    gl =:  -728.00000 [MeV*fm^3]
 TMR pairing width        a =:     0.64420 [fm]
  ****** END FORCES *********************************
  ****** BEGIN PREP *********************************
  
 hom =                            7.058274
 hb0 =                           20.734000
 b0  =                            2.423859
 with Coulomb force
 With microscopic c.m. correction
  ****** END PREP ***********************************
  potentials read from tape dirhb.wel
  ****** BEGIN ITER *********************************
  1.It. si =    0.0000000  E/A =    0.0000 R =    0.0000  mix = 0.50
  2.It. si =    2.0885668  E/A =   -7.8671 R =    5.4777  mix = 0.50
  3.It. si =    1.0131706  E/A =   -7.8667 R =    5.4783  mix = 0.50
  4.It. si =    0.6488004  E/A =   -7.8662 R =    5.4793  mix = 0.50
  5.It. si =    0.8404277  E/A =   -7.8659 R =    5.4802  mix = 0.50
  6.It. si =    0.2792143  E/A =   -7.8648 R =    5.4835  mix = 0.50
  7.It. si =    0.1319634  E/A =   -7.8653 R =    5.4816  mix = 0.50
  8.It. si =    0.0393430  E/A =   -7.8650 R =    5.4819  mix = 0.50
  9.It. si =    0.0081348  E/A =   -7.8649 R =    5.4820  mix = 0.50
 10.It. si =    0.0229957  E/A =   -7.8649 R =    5.4820  mix = 0.50
 11.It. si =    0.0119066  E/A =   -7.8649 R =    5.4820  mix = 0.50
 12.It. si =    0.0027097  E/A =   -7.8650 R =    5.4819  mix = 0.50
 13.It. si =    0.0000747  E/A =   -7.8650 R =    5.4819  mix = 0.50
 14.It. si =    0.0001625  E/A =   -7.8650 R =    5.4819  mix = 0.50
 15.It. si =    0.0000335  E/A =   -7.8650 R =    5.4819  mix = 0.50
 16.It. si =    0.0000098  E/A =   -7.8650 R =    5.4819  mix = 0.50
 17.It. si =    0.0000023  E/A =   -7.8650 R =    5.4819  mix = 0.50
 18.It. si =    0.0000028  E/A =   -7.8650 R =    5.4819  mix = 0.50
 19.It. si =    0.0000027  E/A =   -7.8650 R =    5.4819  mix = 0.50
 20.It. si =    0.0000028  E/A =   -7.8650 R =    5.4819  mix = 0.50
 21.It. si =    0.0000030  E/A =   -7.8650 R =    5.4819  mix = 0.50
 22.It. si =    0.0000031  E/A =   -7.8650 R =    5.4819  mix = 0.50
 23.It. si =    0.0000032  E/A =   -7.8650 R =    5.4819  mix = 0.50
 24.It. si =    0.0000034  E/A =   -7.8650 R =    5.4819  mix = 0.50
 25.It. si =    0.0000036  E/A =   -7.8650 R =    5.4819  mix = 0.50
 26.It. si =    0.0000037  E/A =   -7.8650 R =    5.4819  mix = 0.50
 27.It. si =    0.0000039  E/A =   -7.8650 R =    5.4819  mix = 0.50
 28.It. si =    0.0000041  E/A =   -7.8650 R =    5.4819  mix = 0.50
 29.It. si =    0.0000043  E/A =   -7.8650 R =    5.4819  mix = 0.50
 30.It. si =    0.0000045  E/A =   -7.8650 R =    5.4819  mix = 0.50
 31.It. si =    0.0000047  E/A =   -7.8650 R =    5.4819  mix = 0.50
 32.It. si =    0.0000049  E/A =   -7.8650 R =    5.4819  mix = 0.50
 33.It. si =    0.0000051  E/A =   -7.8650 R =    5.4819  mix = 0.50
 34.It. si =    0.0000053  E/A =   -7.8650 R =    5.4819  mix = 0.50
 35.It. si =    0.0000056  E/A =   -7.8650 R =    5.4819  mix = 0.50
 36.It. si =    0.0000059  E/A =   -7.8650 R =    5.4819  mix = 0.50
 37.It. si =    0.0000061  E/A =   -7.8650 R =    5.4819  mix = 0.50
 38.It. si =    0.0000064  E/A =   -7.8650 R =    5.4819  mix = 0.50
 39.It. si =    0.0000067  E/A =   -7.8650 R =    5.4819  mix = 0.50
 40.It. si =    0.0000070  E/A =   -7.8650 R =    5.4819  mix = 0.50
 41.It. si =    0.0000074  E/A =   -7.8650 R =    5.4819  mix = 0.50
 42.It. si =    0.0000077  E/A =   -7.8650 R =    5.4819  mix = 0.50
 43.It. si =    0.0000080  E/A =   -7.8650 R =    5.4819  mix = 0.50
 44.It. si =    0.0000084  E/A =   -7.8650 R =    5.4819  mix = 0.50
 45.It. si =    0.0000088  E/A =   -7.8650 R =    5.4819  mix = 0.50
 46.It. si =    0.0000092  E/A =   -7.8650 R =    5.4819  mix = 0.50
 47.It. si =    0.0000097  E/A =   -7.8650 R =    5.4819  mix = 0.50
 48.It. si =    0.0000101  E/A =   -7.8650 R =    5.4819  mix = 0.50
 49.It. si =    0.0000106  E/A =   -7.8650 R =    5.4819  mix = 0.50
 50.It. si =    0.0000111  E/A =   -7.8650 R =    5.4819  mix = 0.50
  11. L-Iteration: B  -7.00944886   0.00000000  -7.00945187
  12. L-Iteration:    -7.00945187  -0.00000000  -7.00945037
  13. L-Iteration:    -7.00945037   0.00000000  -7.00945112
  14. L-Iteration:    -7.00945112  -0.00000000  -7.00945074
  15. L-Iteration:    -7.00945074   0.00000000  -7.00945087
  16. L-Iteration: B  -7.00945087   0.00000000  -7.00945099
  17. L-Iteration:    -7.00945099  -0.00000000  -7.00945093
 51.It. si =    0.9458407  E/A =   -7.8650 R =    5.4819  mix = 0.50
 ********************************************************************
 Hg 196: Iteration converged after  51 steps   si =      0.0000001363
 ********************************************************************
  ****** END ITER ***********************************
  ****** BEGIN CANON ********************************
 single-particle energies and gaps  in the canonical basis: Neutron:
 ------------------------------------------------------------------
    j pi     (nr,l,j)  smax       Ecan       vvcan       decan
 j = 1/2+  (   s 1/2)  0.88    -62.2149      0.9997      1.7382
 j = 1/2+  (   s 1/2)  0.86    -40.5894      0.9994      1.5930
 j = 1/2+  (   s 1/2)  0.96    -16.5471      0.9933      1.4000
 j = 1/2+  (   s 1/2)  0.95      3.3569      0.0009      0.6933
 j = 1/2+  (   s 1/2)  0.72     11.5251      0.0000      0.0058
 j = 1/2+  (   s 1/2)  0.94     20.2088      0.0001      0.4224
 j = 1/2+  (   s 1/2)  0.56     35.1453      0.0000      0.0220
 j = 1/2+  (   s 1/2)  0.86     38.2008      0.0000      0.2680
 j = 1/2+  (   s 1/2)  0.72     51.8373      0.0000      0.1469
 j = 1/2+  (   s 1/2)  0.71     87.9758      0.0000      0.0852
 j = 1/2-  (   p 1/2)  0.98    -55.8661      0.9997      1.5901
 j = 1/2-  (   p 1/2)  0.97    -31.4234      0.9989      1.5238
 j = 1/2-  (   p 1/2)  0.98     -6.9804      0.1535      1.1143
 j = 1/2-  (   p 1/2)  0.96     11.5301      0.0002      0.6153
 j = 1/2-  (   p 1/2)  0.76     15.5317      0.0000      0.0075
 j = 1/2-  (   p 1/2)  0.92     27.6573      0.0000      0.3981
 j = 1/2-  (   p 1/2)  0.80     44.7335      0.0000      0.2425
 j = 1/2-  (   p 1/2)  0.81     49.6557      0.0000      0.0414
 j = 1/2-  (   p 1/2)  0.58     65.9772      0.0000      0.1437
 j = 3/2+  (   d 3/2)  0.99    -46.7476      0.9997      1.4322
 j = 3/2+  (   d 3/2)  0.98    -20.0318      0.9965      1.4230
 j = 3/2+  (   d 3/2)  0.97      2.0629      0.0017      0.8315
 j = 3/2+  (   d 3/2)  0.71     10.4968      0.0000      0.0063
 j = 3/2+  (   d 3/2)  0.92     20.6818      0.0001      0.5052
 j = 3/2+  (   d 3/2)  0.58     33.4050      0.0000      0.0212
 j = 3/2+  (   d 3/2)  0.79     39.4696      0.0000      0.3313
 j = 3/2+  (   d 3/2)  0.60     58.4073      0.0000      0.1942
 j = 3/2+  (   d 3/2)  0.78     80.3057      0.0000      0.0980
 j = 3/2-  (   p 3/2)  0.98    -56.0268      0.9997      1.5975
 j = 3/2-  (   p 3/2)  0.96    -31.5380      0.9989      1.5436
 j = 3/2-  (   p 3/2)  0.97     -6.9854      0.1492      1.0829
 j = 3/2-  (   p 3/2)  0.95     11.7372      0.0002      0.6232
 j = 3/2-  (   p 3/2)  0.76     15.5453      0.0000      0.0075
 j = 3/2-  (   p 3/2)  0.92     27.8199      0.0000      0.3947
 j = 3/2-  (   p 3/2)  0.80     44.7888      0.0000      0.2428
 j = 3/2-  (   p 3/2)  0.81     49.7179      0.0000      0.0414
 j = 3/2-  (   p 3/2)  0.58     66.3820      0.0000      0.1438
 j = 5/2+  (   d 5/2)  0.98    -47.8587      0.9997      1.4565
 j = 5/2+  (   d 5/2)  0.98    -21.2467      0.9971      1.4364
 j = 5/2+  (   d 5/2)  0.97      1.7159      0.0017      0.8036
 j = 5/2+  (   d 5/2)  0.71     10.5546      0.0000      0.0063
 j = 5/2+  (   d 5/2)  0.93     21.0549      0.0001      0.5022
 j = 5/2+  (   d 5/2)  0.58     33.3492      0.0000      0.0212
 j = 5/2+  (   d 5/2)  0.79     39.8487      0.0000      0.3302
 j = 5/2+  (   d 5/2)  0.59     59.0926      0.0000      0.1951
 j = 5/2+  (   d 5/2)  0.78     80.5530      0.0000      0.0981
 j = 5/2-  (   f 5/2)  0.98    -36.5622      0.9994      1.3774
 j = 5/2-  (   f 5/2)  0.98     -8.5596      0.6936      1.2098
 j = 5/2-  (   f 5/2)  0.95     11.1878      0.0002      0.5971
 j = 5/2-  (   f 5/2)  0.73     14.8795      0.0000      0.0067
 j = 5/2-  (   f 5/2)  0.90     28.2521      0.0000      0.4062
 j = 5/2-  (   f 5/2)  0.79     45.0092      0.0000      0.0366
 j = 5/2-  (   f 5/2)  0.71     48.8281      0.0000      0.2573
 j = 5/2-  (   f 5/2)  0.58     64.7598      0.0000      0.1479
 j = 7/2+  (   g 7/2)  0.98    -25.0972      0.9986      1.2990
 j = 7/2+  (   g 7/2)  0.97      1.4448      0.0028      1.0034
 j = 7/2+  (   g 7/2)  0.70     11.2565      0.0000      0.0058
 j = 7/2+  (   g 7/2)  0.92     20.5239      0.0001      0.4913
 j = 7/2+  (   g 7/2)  0.59     33.5071      0.0000      0.0199
 j = 7/2+  (   g 7/2)  0.80     39.2393      0.0000      0.3088
 j = 7/2+  (   g 7/2)  0.62     60.2580      0.0000      0.1861
 j = 7/2+  (   g 7/2)  0.78     78.9351      0.0000      0.0953
 j = 7/2-  (   f 7/2)  0.98    -39.0775      0.9995      1.4112
 j = 7/2-  (   f 7/2)  0.98    -10.6864      0.9544      1.2093
 j = 7/2-  (   f 7/2)  0.95     10.2927      0.0003      0.5972
 j = 7/2-  (   f 7/2)  0.73     14.5745      0.0000      0.0065
 j = 7/2-  (   f 7/2)  0.90     28.4308      0.0000      0.3906
 j = 7/2-  (   f 7/2)  0.79     44.3840      0.0000      0.0354
 j = 7/2-  (   f 7/2)  0.71     49.8435      0.0000      0.2545
 j = 7/2-  (   f 7/2)  0.59     65.4919      0.0000      0.1470
 j = 9/2+  (   g 9/2)  0.98    -29.2747      0.9990      1.3582
 j = 9/2+  (   g 9/2)  0.97     -1.2040      0.0049      0.9661
 j = 9/2+  (   g 9/2)  0.70     11.4478      0.0000      0.0059
 j = 9/2+  (   g 9/2)  0.92     19.0260      0.0001      0.4916
 j = 9/2+  (   g 9/2)  0.59     33.5671      0.0000      0.0201
 j = 9/2+  (   g 9/2)  0.81     37.7338      0.0000      0.3027
 j = 9/2+  (   g 9/2)  0.61     60.4536      0.0000      0.1855
 j = 9/2+  (   g 9/2)  0.78     79.5911      0.0000      0.0964
 j = 9/2-  (   h 9/2)  0.97    -13.2397      0.9868      1.2188
 j = 9/2-  (   h 9/2)  0.94     11.0543      0.0004      0.7775
 j = 9/2-  (   h 9/2)  0.71     12.4820      0.0000      0.0078
 j = 9/2-  (   h 9/2)  0.85     30.2010      0.0000      0.4207
 j = 9/2-  (   h 9/2)  0.55     34.2645      0.0000      0.0326
 j = 9/2-  (   h 9/2)  0.67     48.5042      0.0000      0.2337
 j = 9/2-  (   h 9/2)  0.74     79.1926      0.0000      0.1290
 j =11/2+  (   i11/2)  0.98     -1.4635      0.0075      1.1507
 j =11/2+  (   i11/2)  0.69     13.0959      0.0000      0.0053
 j =11/2+  (   i11/2)  0.91     20.0505      0.0001      0.5596
 j =11/2+  (   i11/2)  0.60     34.2181      0.0000      0.0192
 j =11/2+  (   i11/2)  0.76     40.2416      0.0000      0.3495
 j =11/2+  (   i11/2)  0.63     60.4203      0.0000      0.1887
 j =11/2+  (   i11/2)  0.78     78.8633      0.0000      0.0879
 j =11/2-  (   h11/2)  0.98    -19.1147      0.9967      1.2715
 j =11/2-  (   h11/2)  0.95      8.0387      0.0005      0.7541
 j =11/2-  (   h11/2)  0.71     12.4948      0.0000      0.0078
 j =11/2-  (   h11/2)  0.85     28.4720      0.0000      0.4149
 j =11/2-  (   h11/2)  0.55     33.9634      0.0000      0.0327
 j =11/2-  (   h11/2)  0.66     46.7640      0.0000      0.2293
 j =11/2-  (   h11/2)  0.74     78.8775      0.0000      0.1288
 j =13/2+  (   i13/2)  0.98     -8.9455      0.8048      1.1625
 j =13/2+  (   i13/2)  0.69     13.1792      0.0000      0.0055
 j =13/2+  (   i13/2)  0.90     17.0524      0.0001      0.5733
 j =13/2+  (   i13/2)  0.60     34.0570      0.0000      0.0195
 j =13/2+  (   i13/2)  0.76     37.5005      0.0000      0.3436
 j =13/2+  (   i13/2)  0.63     58.5558      0.0000      0.1891
 j =13/2+  (   i13/2)  0.78     77.5939      0.0000      0.0875
 j =13/2-  (   j13/2)  0.96      9.7672      0.0008      1.0267
 j =13/2-  (   j13/2)  0.70     17.2738      0.0000      0.0053
 j =13/2-  (   j13/2)  0.87     29.2950      0.0000      0.4376
 j =13/2-  (   j13/2)  0.78     44.3340      0.0000      0.0310
 j =13/2-  (   j13/2)  0.64     50.8426      0.0000      0.2659
 j =13/2-  (   j13/2)  0.61     65.5318      0.0000      0.1413
 j =15/2+  (   k15/2)  0.68     16.1418      0.0000      0.0055
 j =15/2+  (   k15/2)  0.94     20.3098      0.0002      0.8801
 j =15/2+  (   k15/2)  0.60     36.1824      0.0000      0.0205
 j =15/2+  (   k15/2)  0.80     39.2468      0.0000      0.3600
 j =15/2+  (   k15/2)  0.64     62.4192      0.0000      0.2050
 j =15/2+  (   k15/2)  0.79     76.8187      0.0000      0.0934
 j =15/2-  (   j15/2)  0.96      1.1146      0.0032      1.0418
 j =15/2-  (   j15/2)  0.70     17.2991      0.0000      0.0054
 j =15/2-  (   j15/2)  0.86     25.5070      0.0000      0.4442
 j =15/2-  (   j15/2)  0.78     43.6859      0.0000      0.0310
 j =15/2-  (   j15/2)  0.65     47.8694      0.0000      0.2626
 j =15/2-  (   j15/2)  0.61     63.7980      0.0000      0.1419
 j =17/2+  (   k17/2)  0.94     11.0042      0.0006      0.8981
 j =17/2+  (   k17/2)  0.68     16.1455      0.0000      0.0057
 j =17/2+  (   k17/2)  0.78     34.4463      0.0000      0.3621
 j =17/2+  (   k17/2)  0.60     35.9866      0.0000      0.0208
 j =17/2+  (   k17/2)  0.64     59.0111      0.0000      0.2027
 j =17/2+  (   k17/2)  0.79     74.7498      0.0000      0.0931
 j =17/2-  (   l17/2)  0.71     21.0668      0.0000      0.0055
 j =17/2-  (   l17/2)  0.90     30.5177      0.0001      0.7391
 j =17/2-  (   l17/2)  0.79     47.2008      0.0000      0.0343
 j =17/2-  (   l17/2)  0.69     48.4398      0.0000      0.2882
 j =17/2-  (   l17/2)  0.63     67.0741      0.0000      0.1484
 j =19/2+  (   m19/2)  0.67     21.0996      0.0000      0.0057
 j =19/2+  (   m19/2)  0.55     40.3561      0.0000      0.0247
 j =19/2+  (   m19/2)  0.85     40.5468      0.0000      0.6083
 j =19/2+  (   m19/2)  0.62     59.3806      0.0000      0.2382
 j =19/2+  (   m19/2)  0.77     78.7477      0.0000      0.0996
 j =19/2-  (   l19/2)  0.90     20.8061      0.0002      0.7555
 j =19/2-  (   l19/2)  0.70     21.0558      0.0000      0.0055
 j =19/2-  (   l19/2)  0.67     43.2844      0.0000      0.2886
 j =19/2-  (   l19/2)  0.79     46.3838      0.0000      0.0342
 j =19/2-  (   l19/2)  0.63     63.0049      0.0000      0.1469
 j =21/2+  (   m21/2)  0.67     21.0063      0.0000      0.0061
 j =21/2+  (   m21/2)  0.84     30.6166      0.0001      0.6220
 j =21/2+  (   m21/2)  0.57     39.8481      0.0000      0.0254
 j =21/2+  (   m21/2)  0.63     53.2921      0.0000      0.2384
 j =21/2+  (   m21/2)  0.78     74.4977      0.0000      0.0974
 j =21/2-  (   n21/2)  0.73     26.6465      0.0000      0.0062
 j =21/2-  (   n21/2)  0.79     50.5417      0.0000      0.4888
 j =21/2-  (   n21/2)  0.80     52.0495      0.0000      0.0421
 j =21/2-  (   n21/2)  0.62     66.2423      0.0000      0.1888
 j =23/2+  (   o23/2)  0.65     27.6834      0.0000      0.0067
 j =23/2+  (   o23/2)  0.53     46.3851      0.0000      0.0361
 j =23/2+  (   o23/2)  0.72     61.2067      0.0000      0.3950
 j =23/2+  (   o23/2)  0.75     78.5269      0.0000      0.1297
 j =23/2-  (   n23/2)  0.73     26.6264      0.0000      0.0063
 j =23/2-  (   n23/2)  0.78     40.4700      0.0000      0.5007
 j =23/2-  (   n23/2)  0.79     50.3430      0.0000      0.0416
 j =23/2-  (   n23/2)  0.61     59.3782      0.0000      0.1869
 j =25/2+  (   o25/2)  0.65     27.5517      0.0000      0.0074
 j =25/2+  (   o25/2)  0.54     45.7263      0.0000      0.0383
 j =25/2+  (   o25/2)  0.71     50.6939      0.0000      0.4045
 j =25/2+  (   o25/2)  0.77     71.8569      0.0000      0.1254
 j =25/2-  (   P25/2)  0.77     34.5524      0.0000      0.0080
 j =25/2-  (   P25/2)  0.79     58.8448      0.0000      0.0641
 j =25/2-  (   P25/2)  0.66     68.0925      0.0000      0.3020
 j =27/2+  (   q27/2)  0.77     37.2472      0.0000      0.0052
 j =27/2+  (   q27/2)  0.75     60.9140      0.0000      0.0421
 j =27/2+  (   q27/2)  0.61     75.1492      0.0000      0.2257
 j =27/2-  (   P27/2)  0.77     34.5122      0.0000      0.0080
 j =27/2-  (   P27/2)  0.78     56.4365      0.0000      0.0634
 j =27/2-  (   P27/2)  0.65     58.5727      0.0000      0.3071
 j =29/2+  (   q29/2)  0.77     37.2328      0.0000      0.0052
 j =29/2+  (   q29/2)  0.75     59.2287      0.0000      0.0419
 j =29/2+  (   q29/2)  0.61     66.7268      0.0000      0.2287
 j =29/2-  (   r29/2)  0.78     45.7003      0.0000      0.0119
 j =29/2-  (   r29/2)  0.77     70.8376      0.0000      0.1210
 j =31/2+  (   S31/2)  0.78     48.7325      0.0000      0.0075
 j =31/2+  (   S31/2)  0.77     75.2368      0.0000      0.0815
 j =31/2-  (   r31/2)  0.77     45.5372      0.0000      0.0117
 j =31/2-  (   r31/2)  0.77     66.7135      0.0000      0.1217
 j =33/2+  (   S33/2)  0.77     48.6031      0.0000      0.0075
 j =33/2+  (   S33/2)  0.76     72.1638      0.0000      0.0818
 j =33/2-  (   t33/2)  0.98     62.5620      0.0000      0.0247
 j =35/2+  (   u35/2)  0.98     66.0656      0.0000      0.0158
 j =35/2-  (   t35/2)  0.98     61.9126      0.0000      0.0247
 j =37/2+  (   u37/2)  0.98     65.6242      0.0000      0.0158
 single-particle energies and gaps  in the canonical basis: Proton: 
 ------------------------------------------------------------------
    j pi     (nr,l,j)  smax       Ecan       vvcan       decan
 j = 1/2+  (   s 1/2)  0.88    -49.0508      1.0000      0.0000
 j = 1/2+  (   s 1/2)  0.82    -28.3893      1.0000      0.0000
 j = 1/2+  (   s 1/2)  0.92     -5.3794      0.0000      0.0000
 j = 1/2+  (   s 1/2)  0.68     11.3162      0.0000      0.0000
 j = 1/2+  (   s 1/2)  0.63     15.5468      0.0000      0.0000
 j = 1/2+  (   s 1/2)  0.67     24.9959      0.0000      0.0000
 j = 1/2+  (   s 1/2)  0.53     38.4050      0.0000      0.0000
 j = 1/2+  (   s 1/2)  0.57     53.7212      0.0000      0.0000
 j = 1/2+  (   s 1/2)  0.58     73.9316      0.0000      0.0000
 j = 1/2+  (   s 1/2)  0.64    106.3250      0.0000      0.0000
 j = 1/2-  (   p 1/2)  0.95    -43.1702      1.0000      0.0000
 j = 1/2-  (   p 1/2)  0.93    -18.8425      1.0000      0.0000
 j = 1/2-  (   p 1/2)  0.96      4.2009      0.0000      0.0000
 j = 1/2-  (   p 1/2)  0.50     13.5613      0.0000      0.0000
 j = 1/2-  (   p 1/2)  0.76     21.3742      0.0000      0.0000
 j = 1/2-  (   p 1/2)  0.65     33.1082      0.0000      0.0000
 j = 1/2-  (   p 1/2)  0.58     48.0748      0.0000      0.0000
 j = 1/2-  (   p 1/2)  0.63     67.2605      0.0000      0.0000
 j = 1/2-  (   p 1/2)  0.64     98.3146      0.0000      0.0000
 j = 3/2+  (   d 3/2)  0.97    -34.6728      1.0000      0.0000
 j = 3/2+  (   d 3/2)  0.97     -8.0333      1.0000      0.0000
 j = 3/2+  (   d 3/2)  0.81     11.4933      0.0000      0.0000
 j = 3/2+  (   d 3/2)  0.52     15.4657      0.0000      0.0000
 j = 3/2+  (   d 3/2)  0.71     25.0762      0.0000      0.0000
 j = 3/2+  (   d 3/2)  0.53     38.1565      0.0000      0.0000
 j = 3/2+  (   d 3/2)  0.56     53.5673      0.0000      0.0000
 j = 3/2+  (   d 3/2)  0.60     73.7413      0.0000      0.0000
 j = 3/2+  (   d 3/2)  0.64    105.7275      0.0000      0.0000
 j = 3/2-  (   p 3/2)  0.93    -43.5863      1.0000      0.0000
 j = 3/2-  (   p 3/2)  0.90    -18.9967      1.0000      0.0000
 j = 3/2-  (   p 3/2)  0.94      4.3382      0.0000      0.0000
 j = 3/2-  (   p 3/2)  0.51     13.5953      0.0000      0.0000
 j = 3/2-  (   p 3/2)  0.74     21.4840      0.0000      0.0000
 j = 3/2-  (   p 3/2)  0.63     33.3036      0.0000      0.0000
 j = 3/2-  (   p 3/2)  0.56     48.1958      0.0000      0.0000
 j = 3/2-  (   p 3/2)  0.62     67.2922      0.0000      0.0000
 j = 3/2-  (   p 3/2)  0.64     99.0758      0.0000      0.0000
 j = 5/2+  (   d 5/2)  0.96    -36.1693      1.0000      0.0000
 j = 5/2+  (   d 5/2)  0.95     -9.2482      1.0000      0.0000
 j = 5/2+  (   d 5/2)  0.81     11.3425      0.0000      0.0000
 j = 5/2+  (   d 5/2)  0.49     15.3917      0.0000      0.0000
 j = 5/2+  (   d 5/2)  0.69     25.0879      0.0000      0.0000
 j = 5/2+  (   d 5/2)  0.52     38.3694      0.0000      0.0000
 j = 5/2+  (   d 5/2)  0.56     53.7878      0.0000      0.0000
 j = 5/2+  (   d 5/2)  0.56     73.8251      0.0000      0.0000
 j = 5/2+  (   d 5/2)  0.63    107.2442      0.0000      0.0000
 j = 5/2-  (   f 5/2)  0.98    -24.6801      1.0000      0.0000
 j = 5/2-  (   f 5/2)  0.98      2.3944      0.0000      0.0000
 j = 5/2-  (   f 5/2)  0.50     14.7461      0.0000      0.0000
 j = 5/2-  (   f 5/2)  0.78     21.4218      0.0000      0.0000
 j = 5/2-  (   f 5/2)  0.70     32.7768      0.0000      0.0000
 j = 5/2-  (   f 5/2)  0.61     47.8253      0.0000      0.0000
 j = 5/2-  (   f 5/2)  0.65     66.7912      0.0000      0.0000
 j = 5/2-  (   f 5/2)  0.64     97.7120      0.0000      0.0000
 j = 7/2+  (   g 7/2)  0.98    -13.7970      1.0000      0.0000
 j = 7/2+  (   g 7/2)  0.95     11.3451      0.0000      0.0000
 j = 7/2+  (   g 7/2)  0.47     16.3707      0.0000      0.0000
 j = 7/2+  (   g 7/2)  0.75     25.7603      0.0000      0.0000
 j = 7/2+  (   g 7/2)  0.59     37.9659      0.0000      0.0000
 j = 7/2+  (   g 7/2)  0.55     53.3539      0.0000      0.0000
 j = 7/2+  (   g 7/2)  0.61     73.2886      0.0000      0.0000
 j = 7/2+  (   g 7/2)  0.64    105.2122      0.0000      0.0000
 j = 7/2-  (   f 7/2)  0.98    -27.5952      1.0000      0.0000
 j = 7/2-  (   f 7/2)  0.97      0.3656      0.0000      0.0000
 j = 7/2-  (   f 7/2)  0.53     14.6024      0.0000      0.0000
 j = 7/2-  (   f 7/2)  0.76     20.8545      0.0000      0.0000
 j = 7/2-  (   f 7/2)  0.70     32.4130      0.0000      0.0000
 j = 7/2-  (   f 7/2)  0.59     47.6643      0.0000      0.0000
 j = 7/2-  (   f 7/2)  0.62     66.4504      0.0000      0.0000
 j = 7/2-  (   f 7/2)  0.63     99.6733      0.0000      0.0000
 j = 9/2+  (   g 9/2)  0.98    -18.3492      1.0000      0.0000
 j = 9/2+  (   g 9/2)  0.97      9.2516      0.0000      0.0000
 j = 9/2+  (   g 9/2)  0.48     16.1040      0.0000      0.0000
 j = 9/2+  (   g 9/2)  0.76     25.0144      0.0000      0.0000
 j = 9/2+  (   g 9/2)  0.61     37.0468      0.0000      0.0000
 j = 9/2+  (   g 9/2)  0.53     52.5444      0.0000      0.0000
 j = 9/2+  (   g 9/2)  0.59     72.1503      0.0000      0.0000
 j = 9/2+  (   g 9/2)  0.63    106.7174      0.0000      0.0000
 j = 9/2-  (   h 9/2)  0.98     -2.5566      0.0000      0.0000
 j = 9/2-  (   h 9/2)  0.64     16.9241      0.0000      0.0000
 j = 9/2-  (   h 9/2)  0.72     21.3408      0.0000      0.0000
 j = 9/2-  (   h 9/2)  0.76     32.7965      0.0000      0.0000
 j = 9/2-  (   h 9/2)  0.65     47.7216      0.0000      0.0000
 j = 9/2-  (   h 9/2)  0.67     66.2413      0.0000      0.0000
 j = 9/2-  (   h 9/2)  0.64     97.2610      0.0000      0.0000
 j =11/2+  (   i11/2)  0.98      8.4645      0.0000      0.0000
 j =11/2+  (   i11/2)  0.49     19.0025      0.0000      0.0000
 j =11/2+  (   i11/2)  0.82     26.7014      0.0000      0.0000
 j =11/2+  (   i11/2)  0.69     37.2657      0.0000      0.0000
 j =11/2+  (   i11/2)  0.59     52.8893      0.0000      0.0000
 j =11/2+  (   i11/2)  0.63     72.3067      0.0000      0.0000
 j =11/2+  (   i11/2)  0.64    104.5072      0.0000      0.0000
 j =11/2-  (   h11/2)  0.98     -8.7699      1.0000      0.0000
 j =11/2-  (   h11/2)  0.81     16.1215      0.0000      0.0000
 j =11/2-  (   h11/2)  0.54     19.8768      0.0000      0.0000
 j =11/2-  (   h11/2)  0.77     31.7575      0.0000      0.0000
 j =11/2-  (   h11/2)  0.67     46.3733      0.0000      0.0000
 j =11/2-  (   h11/2)  0.67     64.1696      0.0000      0.0000
 j =11/2-  (   h11/2)  0.63     96.9348      0.0000      0.0000
 j =13/2+  (   i13/2)  0.98      0.9119      0.0000      0.0000
 j =13/2+  (   i13/2)  0.47     18.8289      0.0000      0.0000
 j =13/2+  (   i13/2)  0.83     25.0087      0.0000      0.0000
 j =13/2+  (   i13/2)  0.74     35.7350      0.0000      0.0000
 j =13/2+  (   i13/2)  0.62     51.3092      0.0000      0.0000
 j =13/2+  (   i13/2)  0.64     69.7828      0.0000      0.0000
 j =13/2+  (   i13/2)  0.64    102.8416      0.0000      0.0000
 j =13/2-  (   j13/2)  0.96     18.4378      0.0000      0.0000
 j =13/2-  (   j13/2)  0.52     22.5158      0.0000      0.0000
 j =13/2-  (   j13/2)  0.81     33.6877      0.0000      0.0000
 j =13/2-  (   j13/2)  0.72     46.9002      0.0000      0.0000
 j =13/2-  (   j13/2)  0.70     64.8829      0.0000      0.0000
 j =13/2-  (   j13/2)  0.64     95.1677      0.0000      0.0000
 j =15/2+  (   k15/2)  0.51     23.4004      0.0000      0.0000
 j =15/2+  (   k15/2)  0.89     28.0358      0.0000      0.0000
 j =15/2+  (   k15/2)  0.77     38.0921      0.0000      0.0000
 j =15/2+  (   k15/2)  0.65     52.5115      0.0000      0.0000
 j =15/2+  (   k15/2)  0.68     70.7017      0.0000      0.0000
 j =15/2+  (   k15/2)  0.65    101.4378      0.0000      0.0000
 j =15/2-  (   j15/2)  0.97     10.4829      0.0000      0.0000
 j =15/2-  (   j15/2)  0.51     22.0062      0.0000      0.0000
 j =15/2-  (   j15/2)  0.81     31.7077      0.0000      0.0000
 j =15/2-  (   j15/2)  0.76     44.7373      0.0000      0.0000
 j =15/2-  (   j15/2)  0.71     62.0308      0.0000      0.0000
 j =15/2-  (   j15/2)  0.64     92.4460      0.0000      0.0000
 j =17/2+  (   k17/2)  0.97     19.6286      0.0000      0.0000
 j =17/2+  (   k17/2)  0.52     23.9057      0.0000      0.0000
 j =17/2+  (   k17/2)  0.80     35.6205      0.0000      0.0000
 j =17/2+  (   k17/2)  0.73     49.7205      0.0000      0.0000
 j =17/2+  (   k17/2)  0.70     67.0172      0.0000      0.0000
 j =17/2+  (   k17/2)  0.64     98.2871      0.0000      0.0000
 j =17/2-  (   l17/2)  0.55     27.4583      0.0000      0.0000
 j =17/2-  (   l17/2)  0.88     35.9988      0.0000      0.0000
 j =17/2-  (   l17/2)  0.77     47.1400      0.0000      0.0000
 j =17/2-  (   l17/2)  0.73     64.3940      0.0000      0.0000
 j =17/2-  (   l17/2)  0.65     91.6038      0.0000      0.0000
 j =19/2+  (   m19/2)  0.57     29.5241      0.0000      0.0000
 j =19/2+  (   m19/2)  0.84     41.2754      0.0000      0.0000
 j =19/2+  (   m19/2)  0.71     52.3872      0.0000      0.0000
 j =19/2+  (   m19/2)  0.70     70.2110      0.0000      0.0000
 j =19/2+  (   m19/2)  0.65     98.1973      0.0000      0.0000
 j =19/2-  (   l19/2)  0.68     26.8364      0.0000      0.0000
 j =19/2-  (   l19/2)  0.70     29.6444      0.0000      0.0000
 j =19/2-  (   l19/2)  0.79     43.8633      0.0000      0.0000
 j =19/2-  (   l19/2)  0.75     59.4555      0.0000      0.0000
 j =19/2-  (   l19/2)  0.68     86.8755      0.0000      0.0000
 j =21/2+  (   m21/2)  0.56     29.4309      0.0000      0.0000
 j =21/2+  (   m21/2)  0.92     36.9287      0.0000      0.0000
 j =21/2+  (   m21/2)  0.81     47.9128      0.0000      0.0000
 j =21/2+  (   m21/2)  0.75     64.5492      0.0000      0.0000
 j =21/2+  (   m21/2)  0.67     91.6879      0.0000      0.0000
 j =21/2-  (   n21/2)  0.59     34.7425      0.0000      0.0000
 j =21/2-  (   n21/2)  0.84     49.2752      0.0000      0.0000
 j =21/2-  (   n21/2)  0.75     63.2978      0.0000      0.0000
 j =21/2-  (   n21/2)  0.67     89.2661      0.0000      0.0000
 j =23/2+  (   o23/2)  0.60     36.9882      0.0000      0.0000
 j =23/2+  (   o23/2)  0.81     53.4081      0.0000      0.0000
 j =23/2+  (   o23/2)  0.73     68.6805      0.0000      0.0000
 j =23/2+  (   o23/2)  0.66     95.1912      0.0000      0.0000
 j =23/2-  (   n23/2)  0.58     34.5518      0.0000      0.0000
 j =23/2-  (   n23/2)  0.87     45.8656      0.0000      0.0000
 j =23/2-  (   n23/2)  0.75     57.3449      0.0000      0.0000
 j =23/2-  (   n23/2)  0.73     79.9464      0.0000      0.0000
 j =25/2+  (   o25/2)  0.59     36.8801      0.0000      0.0000
 j =25/2+  (   o25/2)  0.87     51.5920      0.0000      0.0000
 j =25/2+  (   o25/2)  0.78     62.8700      0.0000      0.0000
 j =25/2+  (   o25/2)  0.72     84.7797      0.0000      0.0000
 j =25/2-  (   P25/2)  0.68     43.9634      0.0000      0.0000
 j =25/2-  (   P25/2)  0.79     63.1909      0.0000      0.0000
 j =25/2-  (   P25/2)  0.71     85.0056      0.0000      0.0000
 j =27/2+  (   q27/2)  0.69     46.4447      0.0000      0.0000
 j =27/2+  (   q27/2)  0.79     67.3728      0.0000      0.0000
 j =27/2+  (   q27/2)  0.69     90.1946      0.0000      0.0000
 j =27/2-  (   P27/2)  0.65     43.7543      0.0000      0.0000
 j =27/2-  (   P27/2)  0.80     61.1306      0.0000      0.0000
 j =27/2-  (   P27/2)  0.77     75.1974      0.0000      0.0000
 j =29/2+  (   q29/2)  0.67     46.2750      0.0000      0.0000
 j =29/2+  (   q29/2)  0.80     66.2538      0.0000      0.0000
 j =29/2+  (   q29/2)  0.72     81.2881      0.0000      0.0000
 j =29/2-  (   r29/2)  0.77     56.0447      0.0000      0.0000
 j =29/2-  (   r29/2)  0.76     81.4014      0.0000      0.0000
 j =31/2+  (   S31/2)  0.76     58.8388      0.0000      0.0000
 j =31/2+  (   S31/2)  0.76     86.0544      0.0000      0.0000
 j =31/2-  (   r31/2)  0.76     55.8408      0.0000      0.0000
 j =31/2-  (   r31/2)  0.75     77.3399      0.0000      0.0000
 j =33/2+  (   S33/2)  0.75     58.6702      0.0000      0.0000
 j =33/2+  (   S33/2)  0.75     83.0295      0.0000      0.0000
 j =33/2-  (   t33/2)  0.98     73.3750      0.0000      0.0000
 j =35/2+  (   u35/2)  0.98     76.7308      0.0000      0.0000
 j =35/2-  (   t35/2)  0.98     72.7114      0.0000      0.0000
 j =37/2+  (   u37/2)  0.98     76.2698      0.0000      0.0000
  ****** END CANON **********************************
  ****** BEGIN RESU *********************************
   ****** BEGIN EXPECT *******

                            neutron        proton         total
 particle number           116.000000      80.000000     196.000000
 trace scalar density      110.516485      76.816948     187.333433
 lambda                     -8.051583      -6.063676
 spk                        12.229194       0.000000
 rms-Radius                  5.538722       5.398497       5.481921
 charge-Radius                              5.457451
 Particle Energ          -3051.133094   -1740.516367   -4791.649461
 Selfconsistency Test.                                    -0.000001

 Kinetic Energy           1606.473145     927.107174    2533.580318
 E-scsc                                               -30454.360970
 E-scve                                                25523.406615
 E-vesc                                                    0.000000
 E-veve                                                   72.642642
 E-rearrang.                                             798.733522
 Coulomb direct                                          796.330062
 Pairing Energy            -13.129271      -0.000000     -13.129271
 Sum without E-cm                                      -1541.530603
DE-cm <P**2>/2M            -11.906121      -6.858839     -18.764959
NE-cm <P**2>/2M              8.593376       4.383776      12.977152
 E-cm <P**2>/2M             -3.312745      -2.475063      -5.787808
 Total Energy                                          -1547.318411
 E/A                                                      -7.894482

  ****** END EXPECT *********************************


 quasi-particle properties Neutron:
 ------------------------------------------------------------------
     p/h    l j     [nr,l,j]  smax       Eqp       uu       vv
   1  h   1s 1/2   ( 3s  1/2) 0.94     8.250     0.011     0.989
   2  p   2s 1/2   ( 4s  1/2) 0.78     8.624     0.995     0.005
   3  p   3s 1/2   ( 4s  1/2) 0.52    13.678     0.999     0.001
   4  p   4s 1/2   ( 5s  1/2) 0.68    22.821     1.000     0.000
   5  h   5s 1/2   ( 2s  1/2) 0.86    32.725     0.002     0.998
   6  p   6s 1/2   ( 6s  1/2) 0.53    35.600     0.998     0.002
   7  p   7s 1/2   ( 6s  1/2) 0.55    51.106     1.000     0.000
   8  h   8s 1/2   ( 1s  1/2) 0.90    54.394     0.000     1.000
   9  p   9s 1/2   ( 8s  1/2) 0.59    70.796     1.000     0.000
  11  p   1p 1/2   ( 3p  1/2) 0.89     1.507     0.847     0.153
  12  p   2p 1/2   ( 4p  1/2) 0.56    11.461     0.999     0.001
  13  p   3p 1/2   ( 4p  1/2) 0.72    18.764     1.000     0.000
  14  h   4p 1/2   ( 2p  1/2) 0.95    23.097     0.002     0.998
  15  p   5p 1/2   ( 5p  1/2) 0.68    30.220     1.000     0.000
  16  p   6p 1/2   ( 6p  1/2) 0.61    45.236     1.000     0.000
  17  h   7p 1/2   ( 1p  1/2) 0.96    48.169     0.001     0.999
  18  p   8p 1/2   ( 7p  1/2) 0.65    64.024     1.000     0.000
  19  p   9p 1/2   ( 8p  1/2) 0.64    94.431     1.000     0.000
  20  p   1d 3/2   ( 3d  3/2) 0.89     8.329     0.998     0.002
  21  h   2d 3/2   ( 2d  3/2) 0.97    11.665     0.010     0.990
  22  p   3d 3/2   ( 5d  3/2) 0.46    13.620     0.994     0.006
  23  p   4d 3/2   ( 4d  3/2) 0.72    22.586     1.000     0.000
  24  p   5d 3/2   ( 5d  3/2) 0.59    35.034     1.000     0.000
  25  h   6d 3/2   ( 1d  3/2) 0.98    39.114     0.001     0.999
  26  p   7d 3/2   ( 5d  3/2) 0.55    50.533     1.000     0.000
  27  p   8d 3/2   ( 7d  3/2) 0.62    70.338     1.000     0.000
  29  p   1p 3/2   ( 3p  3/2) 0.89     1.482     0.851     0.149
  30  p   2p 3/2   ( 4p  3/2) 0.54    11.498     0.999     0.001
  31  p   3p 3/2   ( 4p  3/2) 0.71    18.827     1.000     0.000
  32  h   4p 3/2   ( 2p  3/2) 0.93    23.155     0.002     0.998
  33  p   5p 3/2   ( 5p  3/2) 0.66    30.353     1.000     0.000
  34  p   6p 3/2   ( 6p  3/2) 0.59    45.311     1.000     0.000
  35  h   7p 3/2   ( 1p  3/2) 0.95    48.386     0.001     0.999
  36  p   8p 3/2   ( 7p  3/2) 0.64    63.983     1.000     0.000
  37  p   9p 3/2   ( 8p  3/2) 0.64    95.071     1.000     0.000
  38  p   1d 5/2   ( 3d  5/2) 0.89     8.127     0.998     0.002
  39  h   2d 5/2   ( 2d  5/2) 0.95    12.760     0.027     0.973
  40  p   3d 5/2   ( 5d  5/2) 0.48    13.577     0.977     0.023
  41  p   4d 5/2   ( 4d  5/2) 0.71    22.579     1.000     0.000
  42  p   5d 5/2   ( 5d  5/2) 0.56    35.203     1.000     0.000
  43  h   6d 5/2   ( 1d  5/2) 0.97    40.328     0.001     0.999
  44  p   7d 5/2   ( 5d  5/2) 0.54    50.707     1.000     0.000
  45  p   8d 5/2   ( 7d  5/2) 0.59    70.305     1.000     0.000
  47  h   1f 5/2   ( 2f  5/2) 0.82     1.297     0.306     0.694
  48  p   2f 5/2   ( 3f  5/2) 0.63    12.446     1.000     0.000
  49  p   3f 5/2   ( 3f  5/2) 0.70    18.717     1.000     0.000
  50  h   4f 5/2   ( 1f  5/2) 0.98    28.545     0.007     0.993
  51  p   5f 5/2   ( 4f  5/2) 0.72    29.844     0.993     0.007
  52  p   6f 5/2   ( 5f  5/2) 0.65    44.643     1.000     0.000
  53  p   7f 5/2   ( 6f  5/2) 0.67    63.362     1.000     0.000
  54  p   8f 5/2   ( 7f  5/2) 0.64    92.897     1.000     0.000
  55  p   1g 7/2   ( 2g  7/2) 0.95     8.670     0.997     0.003
  56  p   2g 7/2   ( 4g  7/2) 0.48    14.780     0.997     0.003
  57  h   3g 7/2   ( 1g  7/2) 0.98    17.106     0.006     0.994
  58  p   4g 7/2   ( 3g  7/2) 0.75    23.260     0.999     0.001
  59  p   5g 7/2   ( 4g  7/2) 0.63    35.026     1.000     0.000
  60  p   6g 7/2   ( 5g  7/2) 0.57    50.276     1.000     0.000
  61  p   7g 7/2   ( 6g  7/2) 0.64    69.929     1.000     0.000
  63  h   1f 7/2   ( 2f  7/2) 0.96     2.834     0.046     0.954
  64  p   2f 7/2   ( 3f  7/2) 0.66    12.239     1.000     0.000
  65  p   3f 7/2   ( 3f  7/2) 0.67    18.251     1.000     0.000
  66  p   4f 7/2   ( 4f  7/2) 0.72    29.505     0.996     0.004
  67  h   5f 7/2   ( 1f  7/2) 0.98    31.126     0.005     0.995
  68  p   6f 7/2   ( 5f  7/2) 0.63    44.530     1.000     0.000
  69  p   7f 7/2   ( 6f  7/2) 0.65    62.975     1.000     0.000
  70  p   8f 7/2   ( 7f  7/2) 0.63    94.565     1.000     0.000
  71  p   1g 9/2   ( 2g  9/2) 0.97     6.514     0.995     0.005
  72  p   2g 9/2   ( 4g  9/2) 0.50    14.458     1.000     0.000
  73  h   3g 9/2   ( 1g  9/2) 0.98    21.262     0.010     0.990
  74  p   4g 9/2   ( 3g  9/2) 0.74    22.513     0.992     0.008
  75  p   5g 9/2   ( 4g  9/2) 0.65    34.180     1.000     0.000
  76  p   6g 9/2   ( 5g  9/2) 0.57    49.558     1.000     0.000
  77  p   7g 9/2   ( 6g  9/2) 0.62    68.828     1.000     0.000
  79  h   1h 9/2   ( 1h  9/2) 0.97     5.324     0.014     0.986
  80  p   2h 9/2   ( 2h  9/2) 0.74    14.462     1.000     0.000
  81  p   3h 9/2   ( 2h  9/2) 0.62    19.343     1.000     0.000
  82  p   4h 9/2   ( 3h  9/2) 0.75    30.246     1.000     0.000
  83  p   5h 9/2   ( 4h  9/2) 0.68    44.799     1.000     0.000
  84  p   6h 9/2   ( 5h  9/2) 0.68    63.204     1.000     0.000
  85  p   7h 9/2   ( 6h  9/2) 0.64    92.429     1.000     0.000
  86  p   1i11/2   ( 1i 11/2) 0.97     6.507     0.993     0.007
  87  p   2i11/2   ( 2i 11/2) 0.50    17.245     1.000     0.000
  88  p   3i11/2   ( 2i 11/2) 0.78    24.172     1.000     0.000
  89  p   4i11/2   ( 3i 11/2) 0.70    34.859     1.000     0.000
  90  p   5i11/2   ( 4i 11/2) 0.61    50.173     1.000     0.000
  91  p   6i11/2   ( 5i 11/2) 0.65    69.457     1.000     0.000
  92  p   7i11/2   ( 6i 11/2) 0.64    99.979     1.000     0.000
  93  h   1h11/2   ( 1h 11/2) 0.98    11.124     0.007     0.993
  94  p   2h11/2   ( 2h 11/2) 0.86    13.407     0.997     0.003
  95  p   3h11/2   ( 4h 11/2) 0.49    18.110     0.999     0.001
  96  p   4h11/2   ( 3h 11/2) 0.76    29.128     1.000     0.000
  97  p   5h11/2   ( 4h 11/2) 0.69    43.491     1.000     0.000
  98  p   6h11/2   ( 5h 11/2) 0.68    61.176     1.000     0.000
  99  p   7h11/2   ( 6h 11/2) 0.64    92.049     1.000     0.000
 100  h   1i13/2   ( 1i 13/2) 0.87     1.465     0.195     0.805
 101  p   2i13/2   ( 2i 13/2) 0.57    16.948     1.000     0.000
 102  p   3i13/2   ( 2i 13/2) 0.75    22.628     1.000     0.000
 103  p   4i13/2   ( 3i 13/2) 0.74    33.347     1.000     0.000
 104  p   5i13/2   ( 4i 13/2) 0.64    48.563     1.000     0.000
 105  p   6i13/2   ( 5i 13/2) 0.66    66.934     1.000     0.000
 106  p   7i13/2   ( 6i 13/2) 0.64    98.321     1.000     0.000
 107  p   1j13/2   ( 1j 13/2) 0.94    16.633     0.999     0.001
 108  p   2j13/2   ( 4j 13/2) 0.50    20.915     1.000     0.000
 109  p   3j13/2   ( 2j 13/2) 0.79    30.939     1.000     0.000
 110  p   4j13/2   ( 3j 13/2) 0.73    44.250     1.000     0.000
 111  p   5j13/2   ( 4j 13/2) 0.71    62.286     1.000     0.000
 112  p   6j13/2   ( 5j 13/2) 0.64    91.222     1.000     0.000
 113  p   1k15/2   ( 3k 15/2) 0.49    21.702     1.000     0.000
 114  p   2k15/2   ( 1k 15/2) 0.85    26.537     1.000     0.000
 115  p   3k15/2   ( 2k 15/2) 0.76    35.902     1.000     0.000
 116  p   4k15/2   ( 3k 15/2) 0.67    49.816     1.000     0.000
 117  p   5k15/2   ( 4k 15/2) 0.68    68.172     1.000     0.000
 118  p   6k15/2   ( 5k 15/2) 0.65    97.756     1.000     0.000
 119  p   1j15/2   ( 1j 15/2) 0.97     9.033     0.997     0.003
 120  p   2j15/2   ( 2j 15/2) 0.54    20.193     1.000     0.000
 121  p   3j15/2   ( 2j 15/2) 0.78    29.033     1.000     0.000
 122  p   4j15/2   ( 3j 15/2) 0.75    42.204     1.000     0.000
 123  p   5j15/2   ( 4j 15/2) 0.72    59.381     1.000     0.000
 124  p   6j15/2   ( 6j 15/2) 0.64    88.469     1.000     0.000
 125  p   1k17/2   ( 1k 17/2) 0.97    18.145     1.000     0.000
 126  p   2k17/2   ( 3k 17/2) 0.50    22.566     1.000     0.000
 127  p   3k17/2   ( 2k 17/2) 0.79    33.175     1.000     0.000
 128  p   4k17/2   ( 3k 17/2) 0.73    47.143     1.000     0.000
 129  p   5k17/2   ( 4k 17/2) 0.71    64.525     1.000     0.000
 130  p   6k17/2   ( 5k 17/2) 0.64    94.541     1.000     0.000
 131  p   1l17/2   ( 3l 17/2) 0.54    25.621     1.000     0.000
 132  p   2l17/2   ( 1l 17/2) 0.84    34.047     1.000     0.000
 133  p   3l17/2   ( 2l 17/2) 0.75    45.142     1.000     0.000
 134  p   4l17/2   ( 3l 17/2) 0.72    62.047     1.000     0.000
 135  p   5l17/2   ( 5l 17/2) 0.66    88.254     1.000     0.000
 136  p   1m19/2   ( 3m 19/2) 0.56    27.994     1.000     0.000
 137  p   2m19/2   ( 1m 19/2) 0.81    38.891     1.000     0.000
 138  p   3m19/2   ( 2m 19/2) 0.68    50.634     1.000     0.000
 139  p   4m19/2   ( 3m 19/2) 0.69    68.285     1.000     0.000
 140  p   5m19/2   ( 4m 19/2) 0.65    95.026     1.000     0.000
 141  p   1l19/2   ( 1l 19/2) 0.70    24.923     1.000     0.000
 142  p   2l19/2   ( 1l 19/2) 0.69    28.420     1.000     0.000
 143  p   3l19/2   ( 2l 19/2) 0.78    41.371     1.000     0.000
 144  p   4l19/2   ( 3l 19/2) 0.75    57.077     1.000     0.000
 145  p   5l19/2   ( 5l 19/2) 0.68    83.569     1.000     0.000
 146  p   1m21/2   ( 3m 21/2) 0.55    27.874     1.000     0.000
 147  p   2m21/2   ( 1m 21/2) 0.89    35.193     1.000     0.000
 148  p   3m21/2   ( 2m 21/2) 0.80    45.890     1.000     0.000
 149  p   4m21/2   ( 3m 21/2) 0.75    62.292     1.000     0.000
 150  p   5m21/2   ( 5m 21/2) 0.67    88.660     1.000     0.000
 151  p   1n21/2   ( 2n 21/2) 0.60    32.919     1.000     0.000
 152  p   2n21/2   ( 1n 21/2) 0.81    46.523     1.000     0.000
 153  p   3n21/2   ( 2n 21/2) 0.73    61.867     1.000     0.000
 154  p   4n21/2   ( 4n 21/2) 0.66    86.947     1.000     0.000
 155  p   1o23/2   ( 2o 23/2) 0.60    35.429     1.000     0.000
 156  p   2o23/2   ( 1o 23/2) 0.80    50.569     1.000     0.000
 157  p   3o23/2   ( 2o 23/2) 0.72    66.958     1.000     0.000
 158  p   4o23/2   ( 4o 23/2) 0.65    93.431     1.000     0.000
 159  p   1n23/2   ( 2n 23/2) 0.57    32.730     1.000     0.000
 160  p   2n23/2   ( 1n 23/2) 0.85    43.609     1.000     0.000
 161  p   3n23/2   ( 2n 23/2) 0.75    55.596     1.000     0.000
 162  p   4n23/2   ( 4n 23/2) 0.73    77.563     1.000     0.000
 163  p   1o25/2   ( 2o 25/2) 0.59    35.332     1.000     0.000
 164  p   2o25/2   ( 1o 25/2) 0.85    48.949     1.000     0.000
 165  p   3o25/2   ( 2o 25/2) 0.77    61.261     1.000     0.000
 166  p   4o25/2   ( 4o 25/2) 0.72    82.785     1.000     0.000
 167  p   1P25/2   ( 2P 25/2) 0.68    41.984     1.000     0.000
 168  p   2P25/2   ( 1P 25/2) 0.77    60.237     1.000     0.000
 169  p   3P25/2   ( 3P 25/2) 0.71    83.877     1.000     0.000
 170  p   1q27/2   ( 2q 27/2) 0.68    44.722     1.000     0.000
 171  p   2q27/2   ( 1q 27/2) 0.78    64.331     1.000     0.000
 172  p   3q27/2   ( 3q 27/2) 0.69    88.912     1.000     0.000
 173  p   1P27/2   ( 2P 27/2) 0.65    41.807     1.000     0.000
 174  p   2P27/2   ( 1P 27/2) 0.78    58.306     1.000     0.000
 175  p   3P27/2   ( 3P 27/2) 0.76    73.904     1.000     0.000
 176  p   1q29/2   ( 2q 29/2) 0.67    44.586     1.000     0.000
 177  p   2q29/2   ( 1q 29/2) 0.79    63.223     1.000     0.000
 178  p   3q29/2   ( 3q 29/2) 0.73    79.939     1.000     0.000
 179  p   1r29/2   ( 1r 29/2) 0.78    53.752     1.000     0.000
 180  p   2r29/2   ( 2r 29/2) 0.77    78.889     1.000     0.000
 181  p   1S31/2   ( 1S 31/2) 0.78    56.784     1.000     0.000
 182  p   2S31/2   ( 2S 31/2) 0.77    83.288     1.000     0.000
 183  p   1r31/2   ( 1r 31/2) 0.77    53.589     1.000     0.000
 184  p   2r31/2   ( 2r 31/2) 0.77    74.765     1.000     0.000
 185  p   1S33/2   ( 1S 33/2) 0.77    56.655     1.000     0.000
 186  p   2S33/2   ( 2S 33/2) 0.76    80.215     1.000     0.000
 187  p   1t33/2   ( 1t 33/2) 0.98    70.614     1.000     0.000
 188  p   1u35/2   ( 1u 35/2) 0.98    74.117     1.000     0.000
 189  p   1t35/2   ( 1t 35/2) 0.98    69.964     1.000     0.000
 190  p   1u37/2   ( 1u 37/2) 0.98    73.676     1.000     0.000


 quasi-particle properties Proton: 
 ------------------------------------------------------------------
     p/h    l j     [nr,l,j]  smax       Eqp       uu       vv
   1  p   1s 1/2   ( 3s  1/2) 0.92     0.684     1.000     0.000
   2  p   2s 1/2   ( 4s  1/2) 0.68    17.380     1.000     0.000
   3  p   3s 1/2   ( 4s  1/2) 0.63    21.610     1.000     0.000
   4  h   4s 1/2   ( 2s  1/2) 0.82    22.326     0.000     1.000
   5  p   5s 1/2   ( 5s  1/2) 0.67    31.060     1.000     0.000
   6  h   6s 1/2   ( 1s  1/2) 0.88    42.987     0.000     1.000
   7  p   7s 1/2   ( 5s  1/2) 0.53    44.469     1.000     0.000
   8  p   8s 1/2   ( 6s  1/2) 0.57    59.785     1.000     0.000
   9  p   9s 1/2   ( 8s  1/2) 0.58    79.995     1.000     0.000
  11  p   1p 1/2   ( 3p  1/2) 0.96    10.265     1.000     0.000
  12  h   2p 1/2   ( 2p  1/2) 0.93    12.779     0.000     1.000
  13  p   3p 1/2   ( 5p  1/2) 0.50    19.625     1.000     0.000
  14  p   4p 1/2   ( 4p  1/2) 0.76    27.438     1.000     0.000
  15  h   5p 1/2   ( 1p  1/2) 0.95    37.107     0.000     1.000
  16  p   6p 1/2   ( 5p  1/2) 0.65    39.172     1.000     0.000
  17  p   7p 1/2   ( 6p  1/2) 0.58    54.139     1.000     0.000
  18  p   8p 1/2   ( 7p  1/2) 0.63    73.324     1.000     0.000
  20  h   1d 3/2   ( 2d  3/2) 0.97     1.970     0.000     1.000
  21  p   2d 3/2   ( 3d  3/2) 0.81    17.557     1.000     0.000
  22  p   3d 3/2   ( 3d  3/2) 0.52    21.529     1.000     0.000
  23  h   4d 3/2   ( 1d  3/2) 0.97    28.609     0.000     1.000
  24  p   5d 3/2   ( 4d  3/2) 0.71    31.140     1.000     0.000
  25  p   6d 3/2   ( 5d  3/2) 0.53    44.220     1.000     0.000
  26  p   7d 3/2   ( 5d  3/2) 0.56    59.631     1.000     0.000
  27  p   8d 3/2   ( 7d  3/2) 0.60    79.805     1.000     0.000
  29  p   1p 3/2   ( 3p  3/2) 0.94    10.402     1.000     0.000
  30  h   2p 3/2   ( 2p  3/2) 0.90    12.933     0.000     1.000
  31  p   3p 3/2   ( 5p  3/2) 0.51    19.659     1.000     0.000
  32  p   4p 3/2   ( 4p  3/2) 0.74    27.548     1.000     0.000
  33  h   5p 3/2   ( 1p  3/2) 0.93    37.523     0.000     1.000
  34  p   6p 3/2   ( 5p  3/2) 0.63    39.367     1.000     0.000
  35  p   7p 3/2   ( 6p  3/2) 0.56    54.259     1.000     0.000
  36  p   8p 3/2   ( 7p  3/2) 0.62    73.356     1.000     0.000
  38  h   1d 5/2   ( 2d  5/2) 0.95     3.185     0.000     1.000
  39  p   2d 5/2   ( 3d  5/2) 0.81    17.406     1.000     0.000
  40  p   3d 5/2   ( 3d  5/2) 0.49    21.455     1.000     0.000
  41  h   4d 5/2   ( 1d  5/2) 0.96    30.106     0.000     1.000
  42  p   5d 5/2   ( 4d  5/2) 0.69    31.152     1.000     0.000
  43  p   6d 5/2   ( 4d  5/2) 0.52    44.433     1.000     0.000
  44  p   7d 5/2   ( 5d  5/2) 0.56    59.851     1.000     0.000
  45  p   8d 5/2   ( 7d  5/2) 0.56    79.889     1.000     0.000
  47  p   1f 5/2   ( 2f  5/2) 0.98     8.458     1.000     0.000
  48  h   2f 5/2   ( 1f  5/2) 0.98    18.616     0.000     1.000
  49  p   3f 5/2   ( 3f  5/2) 0.50    20.810     1.000     0.000
  50  p   4f 5/2   ( 3f  5/2) 0.78    27.485     1.000     0.000
  51  p   5f 5/2   ( 4f  5/2) 0.70    38.840     1.000     0.000
  52  p   6f 5/2   ( 5f  5/2) 0.61    53.889     1.000     0.000
  53  p   7f 5/2   ( 6f  5/2) 0.65    72.855     1.000     0.000
  55  h   1g 7/2   ( 1g  7/2) 0.98     7.733     0.000     1.000
  56  p   2g 7/2   ( 2g  7/2) 0.95    17.409     1.000     0.000
  57  p   3g 7/2   ( 5g  7/2) 0.47    22.434     1.000     0.000
  58  p   4g 7/2   ( 3g  7/2) 0.75    31.824     1.000     0.000
  59  p   5g 7/2   ( 4g  7/2) 0.59    44.030     1.000     0.000
  60  p   6g 7/2   ( 4g  7/2) 0.55    59.418     1.000     0.000
  61  p   7g 7/2   ( 6g  7/2) 0.61    79.352     1.000     0.000
  63  p   1f 7/2   ( 2f  7/2) 0.97     6.429     1.000     0.000
  64  p   2f 7/2   ( 3f  7/2) 0.53    20.666     1.000     0.000
  65  h   3f 7/2   ( 1f  7/2) 0.98    21.532     0.000     1.000
  66  p   4f 7/2   ( 3f  7/2) 0.76    26.918     1.000     0.000
  67  p   5f 7/2   ( 4f  7/2) 0.70    38.477     1.000     0.000
  68  p   6f 7/2   ( 5f  7/2) 0.59    53.728     1.000     0.000
  69  p   7f 7/2   ( 6f  7/2) 0.62    72.514     1.000     0.000
  71  h   1g 9/2   ( 1g  9/2) 0.98    12.286     0.000     1.000
  72  p   2g 9/2   ( 2g  9/2) 0.97    15.315     1.000     0.000
  73  p   3g 9/2   ( 4g  9/2) 0.48    22.168     1.000     0.000
  74  p   4g 9/2   ( 3g  9/2) 0.76    31.078     1.000     0.000
  75  p   5g 9/2   ( 4g  9/2) 0.61    43.110     1.000     0.000
  76  p   6g 9/2   ( 5g  9/2) 0.53    58.608     1.000     0.000
  77  p   7g 9/2   ( 6g  9/2) 0.59    78.214     1.000     0.000
  79  p   1h 9/2   ( 1h  9/2) 0.98     3.507     1.000     0.000
  80  p   2h 9/2   ( 2h  9/2) 0.64    22.988     1.000     0.000
  81  p   3h 9/2   ( 2h  9/2) 0.72    27.404     1.000     0.000
  82  p   4h 9/2   ( 3h  9/2) 0.76    38.860     1.000     0.000
  83  p   5h 9/2   ( 4h  9/2) 0.65    53.785     1.000     0.000
  84  p   6h 9/2   ( 5h  9/2) 0.67    72.305     1.000     0.000
  86  p   1i11/2   ( 1i 11/2) 0.98    14.528     1.000     0.000
  87  p   2i11/2   ( 4i 11/2) 0.49    25.066     1.000     0.000
  88  p   3i11/2   ( 2i 11/2) 0.82    32.765     1.000     0.000
  89  p   4i11/2   ( 3i 11/2) 0.69    43.329     1.000     0.000
  90  p   5i11/2   ( 4i 11/2) 0.59    58.953     1.000     0.000
  91  p   6i11/2   ( 5i 11/2) 0.63    78.370     1.000     0.000
  93  h   1h11/2   ( 1h 11/2) 0.98     2.706     0.000     1.000
  94  p   2h11/2   ( 2h 11/2) 0.81    22.185     1.000     0.000
  95  p   3h11/2   ( 2h 11/2) 0.54    25.941     1.000     0.000
  96  p   4h11/2   ( 3h 11/2) 0.77    37.821     1.000     0.000
  97  p   5h11/2   ( 4h 11/2) 0.67    52.437     1.000     0.000
  98  p   6h11/2   ( 5h 11/2) 0.67    70.233     1.000     0.000
 100  p   1i13/2   ( 1i 13/2) 0.98     6.976     1.000     0.000
 101  p   2i13/2   ( 4i 13/2) 0.47    24.893     1.000     0.000
 102  p   3i13/2   ( 2i 13/2) 0.83    31.072     1.000     0.000
 103  p   4i13/2   ( 3i 13/2) 0.74    41.799     1.000     0.000
 104  p   5i13/2   ( 4i 13/2) 0.62    57.373     1.000     0.000
 105  p   6i13/2   ( 5i 13/2) 0.64    75.846     1.000     0.000
 107  p   1j13/2   ( 1j 13/2) 0.96    24.501     1.000     0.000
 108  p   2j13/2   ( 4j 13/2) 0.52    28.579     1.000     0.000
 109  p   3j13/2   ( 2j 13/2) 0.81    39.751     1.000     0.000
 110  p   4j13/2   ( 3j 13/2) 0.72    52.964     1.000     0.000
 111  p   5j13/2   ( 4j 13/2) 0.70    70.947     1.000     0.000
 113  p   1k15/2   ( 4k 15/2) 0.51    29.464     1.000     0.000
 114  p   2k15/2   ( 1k 15/2) 0.89    34.100     1.000     0.000
 115  p   3k15/2   ( 2k 15/2) 0.77    44.156     1.000     0.000
 116  p   4k15/2   ( 3k 15/2) 0.65    58.575     1.000     0.000
 117  p   5k15/2   ( 4k 15/2) 0.68    76.765     1.000     0.000
 119  p   1j15/2   ( 1j 15/2) 0.97    16.547     1.000     0.000
 120  p   2j15/2   ( 4j 15/2) 0.51    28.070     1.000     0.000
 121  p   3j15/2   ( 2j 15/2) 0.81    37.771     1.000     0.000
 122  p   4j15/2   ( 3j 15/2) 0.76    50.801     1.000     0.000
 123  p   5j15/2   ( 4j 15/2) 0.71    68.094     1.000     0.000
 124  p   6j15/2   ( 5j 15/2) 0.64    98.510     1.000     0.000
 125  p   1k17/2   ( 1k 17/2) 0.97    25.692     1.000     0.000
 126  p   2k17/2   ( 4k 17/2) 0.52    29.969     1.000     0.000
 127  p   3k17/2   ( 2k 17/2) 0.80    41.684     1.000     0.000
 128  p   4k17/2   ( 3k 17/2) 0.73    55.784     1.000     0.000
 129  p   5k17/2   ( 4k 17/2) 0.70    73.081     1.000     0.000
 131  p   1l17/2   ( 3l 17/2) 0.55    33.522     1.000     0.000
 132  p   2l17/2   ( 1l 17/2) 0.88    42.062     1.000     0.000
 133  p   3l17/2   ( 2l 17/2) 0.77    53.204     1.000     0.000
 134  p   4l17/2   ( 3l 17/2) 0.73    70.458     1.000     0.000
 135  p   5l17/2   ( 5l 17/2) 0.65    97.667     1.000     0.000
 136  p   1m19/2   ( 3m 19/2) 0.57    35.588     1.000     0.000
 137  p   2m19/2   ( 1m 19/2) 0.84    47.339     1.000     0.000
 138  p   3m19/2   ( 2m 19/2) 0.71    58.451     1.000     0.000
 139  p   4m19/2   ( 3m 19/2) 0.70    76.275     1.000     0.000
 141  p   1l19/2   ( 1l 19/2) 0.68    32.900     1.000     0.000
 142  p   2l19/2   ( 1l 19/2) 0.70    35.708     1.000     0.000
 143  p   3l19/2   ( 2l 19/2) 0.79    49.927     1.000     0.000
 144  p   4l19/2   ( 3l 19/2) 0.75    65.519     1.000     0.000
 145  p   5l19/2   ( 5l 19/2) 0.68    92.939     1.000     0.000
 146  p   1m21/2   ( 3m 21/2) 0.56    35.495     1.000     0.000
 147  p   2m21/2   ( 1m 21/2) 0.92    42.992     1.000     0.000
 148  p   3m21/2   ( 2m 21/2) 0.81    53.976     1.000     0.000
 149  p   4m21/2   ( 3m 21/2) 0.75    70.613     1.000     0.000
 150  p   5m21/2   ( 5m 21/2) 0.67    97.752     1.000     0.000
 151  p   1n21/2   ( 3n 21/2) 0.59    40.806     1.000     0.000
 152  p   2n21/2   ( 1n 21/2) 0.84    55.339     1.000     0.000
 153  p   3n21/2   ( 2n 21/2) 0.75    69.361     1.000     0.000
 154  p   4n21/2   ( 4n 21/2) 0.67    95.330     1.000     0.000
 155  p   1o23/2   ( 3o 23/2) 0.60    43.052     1.000     0.000
 156  p   2o23/2   ( 1o 23/2) 0.81    59.472     1.000     0.000
 157  p   3o23/2   ( 2o 23/2) 0.73    74.744     1.000     0.000
 159  p   1n23/2   ( 3n 23/2) 0.58    40.615     1.000     0.000
 160  p   2n23/2   ( 1n 23/2) 0.87    51.929     1.000     0.000
 161  p   3n23/2   ( 2n 23/2) 0.75    63.409     1.000     0.000
 162  p   4n23/2   ( 4n 23/2) 0.73    86.010     1.000     0.000
 163  p   1o25/2   ( 3o 25/2) 0.59    42.944     1.000     0.000
 164  p   2o25/2   ( 1o 25/2) 0.87    57.656     1.000     0.000
 165  p   3o25/2   ( 2o 25/2) 0.78    68.934     1.000     0.000
 166  p   4o25/2   ( 4o 25/2) 0.72    90.843     1.000     0.000
 167  p   1P25/2   ( 2P 25/2) 0.68    50.027     1.000     0.000
 168  p   2P25/2   ( 1P 25/2) 0.79    69.255     1.000     0.000
 169  p   3P25/2   ( 3P 25/2) 0.71    91.069     1.000     0.000
 170  p   1q27/2   ( 2q 27/2) 0.69    52.508     1.000     0.000
 171  p   2q27/2   ( 1q 27/2) 0.79    73.436     1.000     0.000
 172  p   3q27/2   ( 3q 27/2) 0.69    96.258     1.000     0.000
 173  p   1P27/2   ( 2P 27/2) 0.65    49.818     1.000     0.000
 174  p   2P27/2   ( 1P 27/2) 0.80    67.194     1.000     0.000
 175  p   3P27/2   ( 3P 27/2) 0.77    81.261     1.000     0.000
 176  p   1q29/2   ( 2q 29/2) 0.67    52.339     1.000     0.000
 177  p   2q29/2   ( 1q 29/2) 0.80    72.317     1.000     0.000
 178  p   3q29/2   ( 3q 29/2) 0.72    87.352     1.000     0.000
 179  p   1r29/2   ( 1r 29/2) 0.77    62.108     1.000     0.000
 180  p   2r29/2   ( 2r 29/2) 0.76    87.465     1.000     0.000
 181  p   1S31/2   ( 1S 31/2) 0.76    64.902     1.000     0.000
 182  p   2S31/2   ( 2S 31/2) 0.76    92.118     1.000     0.000
 183  p   1r31/2   ( 1r 31/2) 0.76    61.904     1.000     0.000
 184  p   2r31/2   ( 2r 31/2) 0.75    83.404     1.000     0.000
 185  p   1S33/2   ( 1S 33/2) 0.75    64.734     1.000     0.000
 186  p   2S33/2   ( 2S 33/2) 0.75    89.093     1.000     0.000
 187  p   1t33/2   ( 1t 33/2) 0.98    79.439     1.000     0.000
 188  p   1u35/2   ( 1u 35/2) 0.98    82.794     1.000     0.000
 189  p   1t35/2   ( 1t 35/2) 0.98    78.775     1.000     0.000
 190  p   1u37/2   ( 1u 37/2) 0.98    82.333     1.000     0.000
  ****** END RESU ***********************************
