
  ******************************************  
  *           Fortran 77 Code              *  
  *         Spherical H.O. basis            *  
  * Dirac-Hartree-Bogoliubov calculation   *  
  *        with density-dependent          *  
  * meson-exchange or point coupling force *  
  *          and separable pairing         *  
  * -------------------------------------- *  
  *      Niksic, Paar, Vretenar, Ring      *  
  *          18/ 4/2026/01:36:50           *
  *       Hg 192  N = 112  Z =  80
  ******************************************  
  ****** BEGIN READER *******************************
 Number of oscillator shells :    18   20
 Initialization inin,inink   :     0    0
 Nucleus: Hg 192   112  80
 Initial Gap Parameters      :     1.0000    1.0000
 Parameter set               :    DD-ME2    
  ****** END READER *********************************
  ****** BEGIN FORCES *******************************

 NEDF Parameters: DD-ME2    
 AMU   =  939.000
 msig  =  550.124  gsig =    10.5396  Gsig =   -14.2924
 mome  =  783.000  gome =    13.0189  Gome =    10.7647
 mdel  =    0.000  gdel =     0.0000  Gdel =    -0.0000
 mrho  =  763.000  grho =     3.6836  Grho =     0.9076
  
 Density dependence parameters:
           scasca    scavec    vecsca    vecvec
 a    =   1.388148  1.389291  0.000000  0.564700
 b    =   1.094300  0.923975  0.000000  0.000000
 c    =   1.705700  1.462000  0.000000  0.000000
 d    =   0.442067  0.477492  0.000000  0.000000
 dsat =   0.152000
  
 TMR pairing: Tian,Ma,Ring, PRB 676, 44 (2009)
 TMR pairing strength    gl =:  -728.00000 [MeV*fm^3]
 TMR pairing width        a =:     0.64420 [fm]
  ****** END FORCES *********************************
  ****** BEGIN PREP *********************************
  
 hom =                            7.106953
 hb0 =                           20.734000
 b0  =                            2.415543
 with Coulomb force
 With microscopic c.m. correction
  ****** END PREP ***********************************
  potentials read from tape dirhb.wel
  ****** BEGIN ITER *********************************
  1.It. si =    0.0000000  E/A =    0.0000 R =    0.0000  mix = 0.50
  2.It. si =    2.1389547  E/A =   -7.8586 R =    5.4404  mix = 0.50
  3.It. si =    1.1187290  E/A =   -7.8585 R =    5.4411  mix = 0.50
  4.It. si =    0.8604788  E/A =   -7.8583 R =    5.4421  mix = 0.50
  5.It. si =    0.8458616  E/A =   -7.8582 R =    5.4431  mix = 0.50
  6.It. si =    0.2335924  E/A =   -7.8577 R =    5.4454  mix = 0.50
  7.It. si =    0.0553925  E/A =   -7.8578 R =    5.4446  mix = 0.50
  8.It. si =    0.0288952  E/A =   -7.8578 R =    5.4447  mix = 0.50
  9.It. si =    0.0150657  E/A =   -7.8578 R =    5.4447  mix = 0.50
 10.It. si =    0.0125748  E/A =   -7.8577 R =    5.4448  mix = 0.50
 11.It. si =    0.0303534  E/A =   -7.8577 R =    5.4448  mix = 0.50
 12.It. si =    0.0156624  E/A =   -7.8577 R =    5.4447  mix = 0.50
 13.It. si =    0.0041596  E/A =   -7.8578 R =    5.4447  mix = 0.50
 14.It. si =    0.0046667  E/A =   -7.8578 R =    5.4447  mix = 0.50
 15.It. si =    0.0069755  E/A =   -7.8578 R =    5.4447  mix = 0.50
 16.It. si =    0.0176556  E/A =   -7.8578 R =    5.4447  mix = 0.50
 17.It. si =    0.0029172  E/A =   -7.8578 R =    5.4447  mix = 0.50
 18.It. si =    0.0041747  E/A =   -7.8578 R =    5.4447  mix = 0.50
 19.It. si =    0.0024797  E/A =   -7.8578 R =    5.4447  mix = 0.50
 20.It. si =    0.0024277  E/A =   -7.8578 R =    5.4447  mix = 0.50
 21.It. si =    0.0330626  E/A =   -7.8578 R =    5.4448  mix = 0.50
 22.It. si =    0.0331617  E/A =   -7.8578 R =    5.4448  mix = 0.50
 23.It. si =    0.0263829  E/A =   -7.8578 R =    5.4448  mix = 0.50
 24.It. si =    0.0021418  E/A =   -7.8578 R =    5.4448  mix = 0.50
 25.It. si =    0.0013813  E/A =   -7.8578 R =    5.4448  mix = 0.50
 26.It. si =    0.0013667  E/A =   -7.8578 R =    5.4448  mix = 0.50
 27.It. si =    0.0013539  E/A =   -7.8578 R =    5.4448  mix = 0.50
 28.It. si =    0.0103857  E/A =   -7.8578 R =    5.4448  mix = 0.50
 29.It. si =    0.0071812  E/A =   -7.8578 R =    5.4448  mix = 0.50
 30.It. si =    0.0049994  E/A =   -7.8578 R =    5.4448  mix = 0.50
 31.It. si =    0.0033543  E/A =   -7.8578 R =    5.4448  mix = 0.50
 32.It. si =    0.0021204  E/A =   -7.8578 R =    5.4448  mix = 0.50
 33.It. si =    0.0012100  E/A =   -7.8578 R =    5.4448  mix = 0.50
 34.It. si =    0.0009295  E/A =   -7.8578 R =    5.4448  mix = 0.50
 35.It. si =    0.0009219  E/A =   -7.8578 R =    5.4448  mix = 0.50
 36.It. si =    0.0009047  E/A =   -7.8578 R =    5.4448  mix = 0.50
 37.It. si =    0.0008976  E/A =   -7.8578 R =    5.4448  mix = 0.50
 38.It. si =    0.0007708  E/A =   -7.8578 R =    5.4448  mix = 0.50
 39.It. si =    0.0007664  E/A =   -7.8578 R =    5.4448  mix = 0.50
 40.It. si =    0.0062120  E/A =   -7.8578 R =    5.4448  mix = 0.50
 41.It. si =    0.0043143  E/A =   -7.8578 R =    5.4448  mix = 0.50
 42.It. si =    0.0030483  E/A =   -7.8578 R =    5.4448  mix = 0.50
 43.It. si =    0.0021004  E/A =   -7.8578 R =    5.4448  mix = 0.50
 44.It. si =    0.0013967  E/A =   -7.8578 R =    5.4448  mix = 0.50
 45.It. si =    0.0008911  E/A =   -7.8578 R =    5.4448  mix = 0.50
 46.It. si =    0.0005313  E/A =   -7.8578 R =    5.4448  mix = 0.50
 47.It. si =    0.0004526  E/A =   -7.8578 R =    5.4448  mix = 0.50
 48.It. si =    0.0004443  E/A =   -7.8578 R =    5.4448  mix = 0.50
 49.It. si =    0.0004409  E/A =   -7.8578 R =    5.4448  mix = 0.50
 50.It. si =    0.0003876  E/A =   -7.8578 R =    5.4448  mix = 0.50
 51.It. si =    0.0020779  E/A =   -7.8578 R =    5.4448  mix = 0.50
 52.It. si =    0.0014398  E/A =   -7.8578 R =    5.4448  mix = 0.50
 53.It. si =    0.0010170  E/A =   -7.8578 R =    5.4448  mix = 0.50
 54.It. si =    0.0007027  E/A =   -7.8578 R =    5.4448  mix = 0.50
 55.It. si =    0.0004708  E/A =   -7.8578 R =    5.4448  mix = 0.50
 56.It. si =    0.0003045  E/A =   -7.8578 R =    5.4448  mix = 0.50
 57.It. si =    0.0002285  E/A =   -7.8578 R =    5.4448  mix = 0.50
 58.It. si =    0.0002277  E/A =   -7.8578 R =    5.4448  mix = 0.50
 59.It. si =    0.0002241  E/A =   -7.8578 R =    5.4448  mix = 0.50
 60.It. si =    0.0002214  E/A =   -7.8578 R =    5.4448  mix = 0.50
 61.It. si =    0.0001823  E/A =   -7.8578 R =    5.4448  mix = 0.50
 62.It. si =    0.0004192  E/A =   -7.8578 R =    5.4448  mix = 0.50
 63.It. si =    0.0003688  E/A =   -7.8578 R =    5.4448  mix = 0.50
 64.It. si =    0.0002521  E/A =   -7.8578 R =    5.4448  mix = 0.50
 65.It. si =    0.0001739  E/A =   -7.8578 R =    5.4448  mix = 0.50
 66.It. si =    0.0001272  E/A =   -7.8578 R =    5.4448  mix = 0.50
 67.It. si =    0.0001268  E/A =   -7.8578 R =    5.4448  mix = 0.50
 68.It. si =    0.0019294  E/A =   -7.8578 R =    5.4448  mix = 0.50
 69.It. si =    0.0012798  E/A =   -7.8578 R =    5.4448  mix = 0.50
 70.It. si =    0.0004413  E/A =   -7.8578 R =    5.4448  mix = 0.50
 71.It. si =    0.0002065  E/A =   -7.8578 R =    5.4448  mix = 0.50
 72.It. si =    0.0001185  E/A =   -7.8578 R =    5.4448  mix = 0.50
 73.It. si =    0.0001551  E/A =   -7.8578 R =    5.4448  mix = 0.50
 74.It. si =    0.0000182  E/A =   -7.8578 R =    5.4448  mix = 0.50
 75.It. si =    0.0000285  E/A =   -7.8578 R =    5.4448  mix = 0.50
 76.It. si =    0.0000011  E/A =   -7.8578 R =    5.4448  mix = 0.50
 ********************************************************************
 Hg 192: Iteration converged after  76 steps   si =      0.0000007705
 ********************************************************************
  ****** END ITER ***********************************
  ****** BEGIN CANON ********************************
 single-particle energies and gaps  in the canonical basis: Neutron:
 ------------------------------------------------------------------
    j pi     (nr,l,j)  smax       Ecan       vvcan       decan
 j = 1/2+  (   s 1/2)  0.94    -62.3530      0.9997      1.9503
 j = 1/2+  (   s 1/2)  0.92    -40.7914      0.9993      1.6995
 j = 1/2+  (   s 1/2)  0.97    -16.7191      0.9912      1.5911
 j = 1/2+  (   s 1/2)  0.95      3.6040      0.0010      0.7737
 j = 1/2+  (   s 1/2)  0.72     11.3228      0.0000      0.0061
 j = 1/2+  (   s 1/2)  0.93     20.7483      0.0001      0.4757
 j = 1/2+  (   s 1/2)  0.55     34.7523      0.0000      0.0225
 j = 1/2+  (   s 1/2)  0.85     39.0863      0.0000      0.2967
 j = 1/2+  (   s 1/2)  0.69     52.9063      0.0000      0.1605
 j = 1/2+  (   s 1/2)  0.72     87.8590      0.0000      0.0923
 j = 1/2-  (   p 1/2)  0.99    -55.5431      0.9996      1.7862
 j = 1/2-  (   p 1/2)  0.98    -31.8010      0.9986      1.7472
 j = 1/2-  (   p 1/2)  0.98     -6.9090      0.1175      1.2250
 j = 1/2-  (   p 1/2)  0.95     11.8709      0.0003      0.6643
 j = 1/2-  (   p 1/2)  0.75     15.2637      0.0000      0.0076
 j = 1/2-  (   p 1/2)  0.92     28.4236      0.0000      0.4383
 j = 1/2-  (   p 1/2)  0.79     45.4336      0.0000      0.2573
 j = 1/2-  (   p 1/2)  0.81     48.8794      0.0000      0.0420
 j = 1/2-  (   p 1/2)  0.58     66.8892      0.0000      0.1528
 j = 3/2+  (   d 3/2)  0.99    -46.5732      0.9995      1.6512
 j = 3/2+  (   d 3/2)  0.98    -19.9793      0.9950      1.6474
 j = 3/2+  (   d 3/2)  0.97      2.2954      0.0018      0.9153
 j = 3/2+  (   d 3/2)  0.71     10.4185      0.0000      0.0064
 j = 3/2+  (   d 3/2)  0.92     20.9773      0.0001      0.5483
 j = 3/2+  (   d 3/2)  0.59     33.2044      0.0000      0.0216
 j = 3/2+  (   d 3/2)  0.79     40.1212      0.0000      0.3554
 j = 3/2+  (   d 3/2)  0.60     59.2620      0.0000      0.2057
 j = 3/2+  (   d 3/2)  0.78     80.6671      0.0000      0.1032
 j = 3/2-  (   p 3/2)  0.98    -55.7530      0.9996      1.8030
 j = 3/2-  (   p 3/2)  0.97    -31.9688      0.9986      1.7736
 j = 3/2-  (   p 3/2)  0.97     -6.9449      0.1164      1.1866
 j = 3/2-  (   p 3/2)  0.95     12.0148      0.0003      0.6667
 j = 3/2-  (   p 3/2)  0.76     15.2777      0.0000      0.0076
 j = 3/2-  (   p 3/2)  0.92     28.5216      0.0000      0.4333
 j = 3/2-  (   p 3/2)  0.79     45.5239      0.0000      0.2576
 j = 3/2-  (   p 3/2)  0.81     48.9521      0.0000      0.0420
 j = 3/2-  (   p 3/2)  0.58     67.3055      0.0000      0.1528
 j = 5/2+  (   d 5/2)  0.98    -47.7275      0.9995      1.6825
 j = 5/2+  (   d 5/2)  0.98    -21.2896      0.9959      1.6632
 j = 5/2+  (   d 5/2)  0.96      1.8822      0.0019      0.8873
 j = 5/2+  (   d 5/2)  0.71     10.4901      0.0000      0.0064
 j = 5/2+  (   d 5/2)  0.92     21.1782      0.0001      0.5401
 j = 5/2+  (   d 5/2)  0.58     33.1743      0.0000      0.0216
 j = 5/2+  (   d 5/2)  0.79     40.3712      0.0000      0.3530
 j = 5/2+  (   d 5/2)  0.60     59.9385      0.0000      0.2061
 j = 5/2+  (   d 5/2)  0.78     81.0334      0.0000      0.1034
 j = 5/2-  (   f 5/2)  0.98    -36.3755      0.9992      1.6128
 j = 5/2-  (   f 5/2)  0.98     -8.3798      0.5057      1.3846
 j = 5/2-  (   f 5/2)  0.95     11.5723      0.0003      0.6729
 j = 5/2-  (   f 5/2)  0.73     14.8628      0.0000      0.0069
 j = 5/2-  (   f 5/2)  0.89     28.8532      0.0000      0.4505
 j = 5/2-  (   f 5/2)  0.79     44.7976      0.0000      0.0377
 j = 5/2-  (   f 5/2)  0.71     48.7802      0.0000      0.2704
 j = 5/2-  (   f 5/2)  0.59     65.9288      0.0000      0.1583
 j = 7/2+  (   g 7/2)  0.98    -24.8576      0.9979      1.5233
 j = 7/2+  (   g 7/2)  0.97      1.7200      0.0032      1.1394
 j = 7/2+  (   g 7/2)  0.70     11.2058      0.0000      0.0060
 j = 7/2+  (   g 7/2)  0.91     21.2247      0.0001      0.5623
 j = 7/2+  (   g 7/2)  0.60     33.3002      0.0000      0.0203
 j = 7/2+  (   g 7/2)  0.78     40.2082      0.0000      0.3460
 j = 7/2+  (   g 7/2)  0.62     60.6464      0.0000      0.1995
 j = 7/2+  (   g 7/2)  0.78     79.1610      0.0000      0.1000
 j = 7/2-  (   f 7/2)  0.98    -38.9736      0.9993      1.6549
 j = 7/2-  (   f 7/2)  0.98    -10.5436      0.9224      1.3800
 j = 7/2-  (   f 7/2)  0.95     10.6148      0.0003      0.6747
 j = 7/2-  (   f 7/2)  0.73     14.6016      0.0000      0.0067
 j = 7/2-  (   f 7/2)  0.89     28.7842      0.0000      0.4327
 j = 7/2-  (   f 7/2)  0.79     44.3166      0.0000      0.0366
 j = 7/2-  (   f 7/2)  0.71     49.5109      0.0000      0.2670
 j = 7/2-  (   f 7/2)  0.59     66.7566      0.0000      0.1571
 j = 9/2+  (   g 9/2)  0.98    -29.1240      0.9985      1.5930
 j = 9/2+  (   g 9/2)  0.97     -0.9607      0.0054      1.0960
 j = 9/2+  (   g 9/2)  0.70     11.3912      0.0000      0.0061
 j = 9/2+  (   g 9/2)  0.91     19.6614      0.0001      0.5621
 j = 9/2+  (   g 9/2)  0.59     33.3627      0.0000      0.0206
 j = 9/2+  (   g 9/2)  0.79     38.6159      0.0000      0.3396
 j = 9/2+  (   g 9/2)  0.61     60.6784      0.0000      0.1987
 j = 9/2+  (   g 9/2)  0.78     79.7993      0.0000      0.1010
 j = 9/2-  (   h 9/2)  0.97    -12.9765      0.9776      1.4281
 j = 9/2-  (   h 9/2)  0.93     11.4668      0.0005      0.8752
 j = 9/2-  (   h 9/2)  0.70     15.0348      0.0000      0.0057
 j = 9/2-  (   h 9/2)  0.84     31.0524      0.0000      0.4804
 j = 9/2-  (   h 9/2)  0.79     43.4363      0.0000      0.0323
 j = 9/2-  (   h 9/2)  0.64     49.8934      0.0000      0.2637
 j = 9/2-  (   h 9/2)  0.61     66.1503      0.0000      0.1440
 j =11/2+  (   i11/2)  0.97     -1.1885      0.0085      1.3402
 j =11/2+  (   i11/2)  0.68     12.9662      0.0000      0.0057
 j =11/2+  (   i11/2)  0.91     20.5666      0.0001      0.6315
 j =11/2+  (   i11/2)  0.61     33.9229      0.0000      0.0199
 j =11/2+  (   i11/2)  0.74     41.3347      0.0000      0.3946
 j =11/2+  (   i11/2)  0.64     62.4641      0.0000      0.2135
 j =11/2+  (   i11/2)  0.79     77.7058      0.0000      0.0939
 j =11/2-  (   h11/2)  0.98    -18.9422      0.9951      1.4888
 j =11/2-  (   h11/2)  0.94      8.4114      0.0006      0.8497
 j =11/2-  (   h11/2)  0.70     15.0098      0.0000      0.0057
 j =11/2-  (   h11/2)  0.84     29.3028      0.0000      0.4727
 j =11/2-  (   h11/2)  0.79     43.2406      0.0000      0.0322
 j =11/2-  (   h11/2)  0.64     48.1305      0.0000      0.2586
 j =11/2-  (   h11/2)  0.61     65.9100      0.0000      0.1432
 j =13/2+  (   i13/2)  0.98     -8.7575      0.6394      1.3550
 j =13/2+  (   i13/2)  0.69     13.0640      0.0000      0.0059
 j =13/2+  (   i13/2)  0.90     17.5129      0.0002      0.6450
 j =13/2+  (   i13/2)  0.61     33.8241      0.0000      0.0203
 j =13/2+  (   i13/2)  0.75     38.4627      0.0000      0.3886
 j =13/2+  (   i13/2)  0.63     60.4980      0.0000      0.2142
 j =13/2+  (   i13/2)  0.79     76.4564      0.0000      0.0938
 j =13/2-  (   j13/2)  0.96     10.0602      0.0010      1.1871
 j =13/2-  (   j13/2)  0.69     17.2586      0.0000      0.0054
 j =13/2-  (   j13/2)  0.86     30.0458      0.0000      0.4982
 j =13/2-  (   j13/2)  0.77     43.5607      0.0000      0.0321
 j =13/2-  (   j13/2)  0.62     52.2462      0.0000      0.2981
 j =13/2-  (   j13/2)  0.60     65.7227      0.0000      0.1550
 j =15/2+  (   k15/2)  0.67     16.1355      0.0000      0.0058
 j =15/2+  (   k15/2)  0.94     20.7067      0.0003      1.0132
 j =15/2+  (   k15/2)  0.60     36.0544      0.0000      0.0212
 j =15/2+  (   k15/2)  0.78     40.1409      0.0000      0.4097
 j =15/2+  (   k15/2)  0.65     63.9169      0.0000      0.2289
 j =15/2+  (   k15/2)  0.79     76.1905      0.0000      0.1000
 j =15/2-  (   j15/2)  0.96      1.3341      0.0038      1.2057
 j =15/2-  (   j15/2)  0.69     17.2881      0.0000      0.0055
 j =15/2-  (   j15/2)  0.85     26.1421      0.0001      0.5045
 j =15/2-  (   j15/2)  0.77     42.9867      0.0000      0.0321
 j =15/2-  (   j15/2)  0.63     49.2329      0.0000      0.2946
 j =15/2-  (   j15/2)  0.60     64.0720      0.0000      0.1555
 j =17/2+  (   k17/2)  0.93     11.2938      0.0007      1.0343
 j =17/2+  (   k17/2)  0.67     16.1392      0.0000      0.0060
 j =17/2+  (   k17/2)  0.77     35.2484      0.0000      0.4117
 j =17/2+  (   k17/2)  0.61     35.8851      0.0000      0.0216
 j =17/2+  (   k17/2)  0.64     60.4739      0.0000      0.2265
 j =17/2+  (   k17/2)  0.79     74.2167      0.0000      0.0997
 j =17/2-  (   l17/2)  0.70     21.1240      0.0000      0.0056
 j =17/2-  (   l17/2)  0.89     31.0456      0.0001      0.8472
 j =17/2-  (   l17/2)  0.78     46.7265      0.0000      0.0356
 j =17/2-  (   l17/2)  0.67     49.5991      0.0000      0.3272
 j =17/2-  (   l17/2)  0.62     67.4400      0.0000      0.1631
 j =19/2+  (   m19/2)  0.67     21.1610      0.0000      0.0060
 j =19/2+  (   m19/2)  0.56     40.3037      0.0000      0.0258
 j =19/2+  (   m19/2)  0.84     41.2363      0.0001      0.6941
 j =19/2+  (   m19/2)  0.63     60.8572      0.0000      0.2704
 j =19/2+  (   m19/2)  0.78     78.2532      0.0000      0.1078
 j =19/2-  (   l19/2)  0.70     21.1171      0.0000      0.0057
 j =19/2-  (   l19/2)  0.89     21.2006      0.0002      0.8659
 j =19/2-  (   l19/2)  0.65     44.3673      0.0000      0.3277
 j =19/2-  (   l19/2)  0.78     45.9758      0.0000      0.0355
 j =19/2-  (   l19/2)  0.62     63.4186      0.0000      0.1613
 j =21/2+  (   m21/2)  0.67     21.0719      0.0000      0.0064
 j =21/2+  (   m21/2)  0.83     31.1439      0.0001      0.7096
 j =21/2+  (   m21/2)  0.57     39.8462      0.0000      0.0266
 j =21/2+  (   m21/2)  0.63     54.6371      0.0000      0.2705
 j =21/2+  (   m21/2)  0.78     74.1746      0.0000      0.1055
 j =21/2-  (   n21/2)  0.73     26.7856      0.0000      0.0064
 j =21/2-  (   n21/2)  0.78     51.5177      0.0000      0.5564
 j =21/2-  (   n21/2)  0.79     51.6412      0.0000      0.0442
 j =21/2-  (   n21/2)  0.61     66.7915      0.0000      0.2104
 j =23/2+  (   o23/2)  0.71     29.0918      0.0000      0.0043
 j =23/2+  (   o23/2)  0.74     52.2388      0.0000      0.0281
 j =23/2+  (   o23/2)  0.70     62.3551      0.0000      0.4478
 j =23/2+  (   o23/2)  0.57     71.0050      0.0000      0.1552
 j =23/2-  (   n23/2)  0.73     26.7713      0.0000      0.0065
 j =23/2-  (   n23/2)  0.77     41.2033      0.0000      0.5698
 j =23/2-  (   n23/2)  0.78     50.0885      0.0000      0.0438
 j =23/2-  (   n23/2)  0.61     60.0331      0.0000      0.2083
 j =25/2+  (   o25/2)  0.72     29.1034      0.0000      0.0043
 j =25/2+  (   o25/2)  0.74     51.1694      0.0000      0.0280
 j =25/2+  (   o25/2)  0.69     51.5730      0.0000      0.4583
 j =25/2+  (   o25/2)  0.56     65.0661      0.0000      0.1532
 j =25/2-  (   P25/2)  0.77     34.7801      0.0000      0.0081
 j =25/2-  (   P25/2)  0.78     58.8211      0.0000      0.0683
 j =25/2-  (   P25/2)  0.65     68.8428      0.0000      0.3378
 j =27/2+  (   q27/2)  0.77     37.5006      0.0000      0.0053
 j =27/2+  (   q27/2)  0.75     60.9905      0.0000      0.0445
 j =27/2+  (   q27/2)  0.61     75.8424      0.0000      0.2501
 j =27/2-  (   P27/2)  0.77     34.7444      0.0000      0.0082
 j =27/2-  (   P27/2)  0.78     56.5648      0.0000      0.0677
 j =27/2-  (   P27/2)  0.64     59.2672      0.0000      0.3433
 j =29/2+  (   q29/2)  0.77     37.4887      0.0000      0.0053
 j =29/2+  (   q29/2)  0.74     59.4161      0.0000      0.0442
 j =29/2+  (   q29/2)  0.61     67.4198      0.0000      0.2533
 j =29/2-  (   r29/2)  0.78     46.0100      0.0000      0.0121
 j =29/2-  (   r29/2)  0.77     71.2626      0.0000      0.1311
 j =31/2+  (   S31/2)  0.78     49.0607      0.0000      0.0077
 j =31/2+  (   S31/2)  0.77     75.7034      0.0000      0.0875
 j =31/2-  (   r31/2)  0.77     45.8507      0.0000      0.0120
 j =31/2-  (   r31/2)  0.77     67.2116      0.0000      0.1319
 j =33/2+  (   S33/2)  0.77     48.9341      0.0000      0.0076
 j =33/2+  (   S33/2)  0.76     72.6922      0.0000      0.0878
 j =33/2-  (   t33/2)  0.98     62.9796      0.0000      0.0258
 j =35/2+  (   u35/2)  0.98     66.5061      0.0000      0.0163
 j =35/2-  (   t35/2)  0.98     62.3483      0.0000      0.0258
 j =37/2+  (   u37/2)  0.98     66.0783      0.0000      0.0163
 single-particle energies and gaps  in the canonical basis: Proton: 
 ------------------------------------------------------------------
    j pi     (nr,l,j)  smax       Ecan       vvcan       decan
 j = 1/2+  (   s 1/2)  0.89    -48.4641      1.0000      0.0000
 j = 1/2+  (   s 1/2)  0.84    -27.8278      1.0000      0.0000
 j = 1/2+  (   s 1/2)  0.93     -4.5944      0.0000      0.0000
 j = 1/2+  (   s 1/2)  0.64     11.5823      0.0000      0.0000
 j = 1/2+  (   s 1/2)  0.66     15.9725      0.0000      0.0000
 j = 1/2+  (   s 1/2)  0.66     25.4392      0.0000      0.0000
 j = 1/2+  (   s 1/2)  0.54     39.0069      0.0000      0.0000
 j = 1/2+  (   s 1/2)  0.57     54.5077      0.0000      0.0000
 j = 1/2+  (   s 1/2)  0.57     74.9999      0.0000      0.0000
 j = 1/2+  (   s 1/2)  0.64    107.7733      0.0000      0.0000
 j = 1/2-  (   p 1/2)  0.95    -42.3946      1.0000      0.0000
 j = 1/2-  (   p 1/2)  0.94    -18.0218      1.0000      0.0000
 j = 1/2-  (   p 1/2)  0.96      4.9666      0.0000      0.0000
 j = 1/2-  (   p 1/2)  0.50     13.7128      0.0000      0.0000
 j = 1/2-  (   p 1/2)  0.76     21.8222      0.0000      0.0000
 j = 1/2-  (   p 1/2)  0.64     33.6929      0.0000      0.0000
 j = 1/2-  (   p 1/2)  0.57     48.8051      0.0000      0.0000
 j = 1/2-  (   p 1/2)  0.63     68.2939      0.0000      0.0000
 j = 1/2-  (   p 1/2)  0.64     99.7091      0.0000      0.0000
 j = 3/2+  (   d 3/2)  0.97    -33.7667      1.0000      0.0000
 j = 3/2+  (   d 3/2)  0.97     -7.0632      1.0000      0.0000
 j = 3/2+  (   d 3/2)  0.76     11.9045      0.0000      0.0000
 j = 3/2+  (   d 3/2)  0.58     15.8529      0.0000      0.0000
 j = 3/2+  (   d 3/2)  0.70     25.5144      0.0000      0.0000
 j = 3/2+  (   d 3/2)  0.53     38.7773      0.0000      0.0000
 j = 3/2+  (   d 3/2)  0.57     54.3602      0.0000      0.0000
 j = 3/2+  (   d 3/2)  0.59     74.8218      0.0000      0.0000
 j = 3/2+  (   d 3/2)  0.64    107.1914      0.0000      0.0000
 j = 3/2-  (   p 3/2)  0.93    -42.8368      1.0000      0.0000
 j = 3/2-  (   p 3/2)  0.91    -18.2335      1.0000      0.0000
 j = 3/2-  (   p 3/2)  0.94      5.0612      0.0000      0.0000
 j = 3/2-  (   p 3/2)  0.51     13.7423      0.0000      0.0000
 j = 3/2-  (   p 3/2)  0.74     21.9185      0.0000      0.0000
 j = 3/2-  (   p 3/2)  0.62     33.8726      0.0000      0.0000
 j = 3/2-  (   p 3/2)  0.55     48.9151      0.0000      0.0000
 j = 3/2-  (   p 3/2)  0.61     68.3086      0.0000      0.0000
 j = 3/2-  (   p 3/2)  0.64    100.4569      0.0000      0.0000
 j = 5/2+  (   d 5/2)  0.96    -35.3060      1.0000      0.0000
 j = 5/2+  (   d 5/2)  0.95     -8.3499      1.0000      0.0000
 j = 5/2+  (   d 5/2)  0.77     11.7465      0.0000      0.0000
 j = 5/2+  (   d 5/2)  0.55     15.7360      0.0000      0.0000
 j = 5/2+  (   d 5/2)  0.68     25.4944      0.0000      0.0000
 j = 5/2+  (   d 5/2)  0.53     38.9473      0.0000      0.0000
 j = 5/2+  (   d 5/2)  0.56     54.5437      0.0000      0.0000
 j = 5/2+  (   d 5/2)  0.56     74.8592      0.0000      0.0000
 j = 5/2+  (   d 5/2)  0.63    108.6526      0.0000      0.0000
 j = 5/2-  (   f 5/2)  0.98    -23.6794      1.0000      0.0000
 j = 5/2-  (   f 5/2)  0.98      3.3688      0.0000      0.0000
 j = 5/2-  (   f 5/2)  0.48     14.9102      0.0000      0.0000
 j = 5/2-  (   f 5/2)  0.78     21.9499      0.0000      0.0000
 j = 5/2-  (   f 5/2)  0.69     33.3783      0.0000      0.0000
 j = 5/2-  (   f 5/2)  0.60     48.5743      0.0000      0.0000
 j = 5/2-  (   f 5/2)  0.64     67.8406      0.0000      0.0000
 j = 5/2-  (   f 5/2)  0.64     99.1341      0.0000      0.0000
 j = 7/2+  (   g 7/2)  0.98    -12.7248      1.0000      0.0000
 j = 7/2+  (   g 7/2)  0.93     12.1115      0.0000      0.0000
 j = 7/2+  (   g 7/2)  0.47     16.5972      0.0000      0.0000
 j = 7/2+  (   g 7/2)  0.74     26.2050      0.0000      0.0000
 j = 7/2+  (   g 7/2)  0.57     38.6246      0.0000      0.0000
 j = 7/2+  (   g 7/2)  0.56     54.1595      0.0000      0.0000
 j = 7/2+  (   g 7/2)  0.60     74.3825      0.0000      0.0000
 j = 7/2+  (   g 7/2)  0.64    106.7016      0.0000      0.0000
 j = 7/2-  (   f 7/2)  0.98    -26.6482      1.0000      0.0000
 j = 7/2-  (   f 7/2)  0.97      1.3067      0.0000      0.0000
 j = 7/2-  (   f 7/2)  0.51     14.7661      0.0000      0.0000
 j = 7/2-  (   f 7/2)  0.77     21.3535      0.0000      0.0000
 j = 7/2-  (   f 7/2)  0.69     32.9527      0.0000      0.0000
 j = 7/2-  (   f 7/2)  0.58     48.3451      0.0000      0.0000
 j = 7/2-  (   f 7/2)  0.62     67.4179      0.0000      0.0000
 j = 7/2-  (   f 7/2)  0.63    100.9568      0.0000      0.0000
 j = 9/2+  (   g 9/2)  0.98    -17.3392      1.0000      0.0000
 j = 9/2+  (   g 9/2)  0.97     10.1014      0.0000      0.0000
 j = 9/2+  (   g 9/2)  0.48     16.2700      0.0000      0.0000
 j = 9/2+  (   g 9/2)  0.75     25.4379      0.0000      0.0000
 j = 9/2+  (   g 9/2)  0.60     37.6642      0.0000      0.0000
 j = 9/2+  (   g 9/2)  0.53     53.2714      0.0000      0.0000
 j = 9/2+  (   g 9/2)  0.59     73.1480      0.0000      0.0000
 j = 9/2+  (   g 9/2)  0.63    108.0018      0.0000      0.0000
 j = 9/2-  (   h 9/2)  0.98     -1.4415      0.0000      0.0000
 j = 9/2-  (   h 9/2)  0.60     17.1797      0.0000      0.0000
 j = 9/2-  (   h 9/2)  0.75     21.9388      0.0000      0.0000
 j = 9/2-  (   h 9/2)  0.75     33.3428      0.0000      0.0000
 j = 9/2-  (   h 9/2)  0.64     48.4718      0.0000      0.0000
 j = 9/2-  (   h 9/2)  0.66     67.2740      0.0000      0.0000
 j = 9/2-  (   h 9/2)  0.64     98.6901      0.0000      0.0000
 j =11/2+  (   i11/2)  0.98      9.5692      0.0000      0.0000
 j =11/2+  (   i11/2)  0.50     19.1450      0.0000      0.0000
 j =11/2+  (   i11/2)  0.82     27.2123      0.0000      0.0000
 j =11/2+  (   i11/2)  0.67     37.8962      0.0000      0.0000
 j =11/2+  (   i11/2)  0.58     53.6449      0.0000      0.0000
 j =11/2+  (   i11/2)  0.63     73.3601      0.0000      0.0000
 j =11/2+  (   i11/2)  0.64    105.9505      0.0000      0.0000
 j =11/2-  (   h11/2)  0.98     -7.7136      1.0000      0.0000
 j =11/2-  (   h11/2)  0.75     16.5385      0.0000      0.0000
 j =11/2-  (   h11/2)  0.61     20.3719      0.0000      0.0000
 j =11/2-  (   h11/2)  0.76     32.2695      0.0000      0.0000
 j =11/2-  (   h11/2)  0.66     47.0800      0.0000      0.0000
 j =11/2-  (   h11/2)  0.66     65.1312      0.0000      0.0000
 j =11/2-  (   h11/2)  0.63     98.1513      0.0000      0.0000
 j =13/2+  (   i13/2)  0.98      1.9946      0.0000      0.0000
 j =13/2+  (   i13/2)  0.48     18.9773      0.0000      0.0000
 j =13/2+  (   i13/2)  0.83     25.5681      0.0000      0.0000
 j =13/2+  (   i13/2)  0.72     36.3191      0.0000      0.0000
 j =13/2+  (   i13/2)  0.61     52.0220      0.0000      0.0000
 j =13/2+  (   i13/2)  0.64     70.7893      0.0000      0.0000
 j =13/2+  (   i13/2)  0.64    104.1169      0.0000      0.0000
 j =13/2-  (   j13/2)  0.93     19.3424      0.0000      0.0000
 j =13/2-  (   j13/2)  0.51     22.8040      0.0000      0.0000
 j =13/2-  (   j13/2)  0.81     34.2100      0.0000      0.0000
 j =13/2-  (   j13/2)  0.71     47.6392      0.0000      0.0000
 j =13/2-  (   j13/2)  0.70     65.8451      0.0000      0.0000
 j =13/2-  (   j13/2)  0.64     96.5170      0.0000      0.0000
 j =15/2+  (   k15/2)  0.51     23.5833      0.0000      0.0000
 j =15/2+  (   k15/2)  0.90     28.8496      0.0000      0.0000
 j =15/2+  (   k15/2)  0.75     38.6508      0.0000      0.0000
 j =15/2+  (   k15/2)  0.64     53.2666      0.0000      0.0000
 j =15/2+  (   k15/2)  0.67     71.7061      0.0000      0.0000
 j =15/2+  (   k15/2)  0.65    102.7969      0.0000      0.0000
 j =15/2-  (   j15/2)  0.98     11.5619      0.0000      0.0000
 j =15/2-  (   j15/2)  0.51     22.1694      0.0000      0.0000
 j =15/2-  (   j15/2)  0.81     32.2252      0.0000      0.0000
 j =15/2-  (   j15/2)  0.75     45.4188      0.0000      0.0000
 j =15/2-  (   j15/2)  0.71     62.9277      0.0000      0.0000
 j =15/2-  (   j15/2)  0.64     93.7227      0.0000      0.0000
 j =17/2+  (   k17/2)  0.96     20.6128      0.0000      0.0000
 j =17/2+  (   k17/2)  0.51     24.1275      0.0000      0.0000
 j =17/2+  (   k17/2)  0.80     36.0627      0.0000      0.0000
 j =17/2+  (   k17/2)  0.72     50.4134      0.0000      0.0000
 j =17/2+  (   k17/2)  0.70     67.9256      0.0000      0.0000
 j =17/2+  (   k17/2)  0.64     99.5952      0.0000      0.0000
 j =17/2-  (   l17/2)  0.56     27.6473      0.0000      0.0000
 j =17/2-  (   l17/2)  0.88     36.6976      0.0000      0.0000
 j =17/2-  (   l17/2)  0.76     47.8357      0.0000      0.0000
 j =17/2-  (   l17/2)  0.72     65.3410      0.0000      0.0000
 j =17/2-  (   l17/2)  0.65     92.9016      0.0000      0.0000
 j =19/2+  (   m19/2)  0.57     29.7083      0.0000      0.0000
 j =19/2+  (   m19/2)  0.83     41.7881      0.0000      0.0000
 j =19/2+  (   m19/2)  0.69     53.1431      0.0000      0.0000
 j =19/2+  (   m19/2)  0.69     71.1606      0.0000      0.0000
 j =19/2+  (   m19/2)  0.65     99.5324      0.0000      0.0000
 j =19/2-  (   l19/2)  0.60     27.1917      0.0000      0.0000
 j =19/2-  (   l19/2)  0.77     30.4682      0.0000      0.0000
 j =19/2-  (   l19/2)  0.79     44.3926      0.0000      0.0000
 j =19/2-  (   l19/2)  0.75     60.2843      0.0000      0.0000
 j =19/2-  (   l19/2)  0.67     88.0741      0.0000      0.0000
 j =21/2+  (   m21/2)  0.57     29.6219      0.0000      0.0000
 j =21/2+  (   m21/2)  0.92     37.7605      0.0000      0.0000
 j =21/2+  (   m21/2)  0.81     48.5302      0.0000      0.0000
 j =21/2+  (   m21/2)  0.75     65.3712      0.0000      0.0000
 j =21/2+  (   m21/2)  0.67     92.8854      0.0000      0.0000
 j =21/2-  (   n21/2)  0.59     34.9652      0.0000      0.0000
 j =21/2-  (   n21/2)  0.83     49.8133      0.0000      0.0000
 j =21/2-  (   n21/2)  0.74     64.1740      0.0000      0.0000
 j =21/2-  (   n21/2)  0.66     90.5205      0.0000      0.0000
 j =23/2+  (   o23/2)  0.60     37.2198      0.0000      0.0000
 j =23/2+  (   o23/2)  0.81     53.8725      0.0000      0.0000
 j =23/2+  (   o23/2)  0.73     69.5334      0.0000      0.0000
 j =23/2+  (   o23/2)  0.65     96.4395      0.0000      0.0000
 j =23/2-  (   n23/2)  0.58     34.7866      0.0000      0.0000
 j =23/2-  (   n23/2)  0.87     46.6352      0.0000      0.0000
 j =23/2-  (   n23/2)  0.76     58.1274      0.0000      0.0000
 j =23/2-  (   n23/2)  0.73     81.0381      0.0000      0.0000
 j =25/2+  (   o25/2)  0.59     37.1146      0.0000      0.0000
 j =25/2+  (   o25/2)  0.87     52.1907      0.0000      0.0000
 j =25/2+  (   o25/2)  0.78     63.7620      0.0000      0.0000
 j =25/2+  (   o25/2)  0.72     85.8806      0.0000      0.0000
 j =25/2-  (   P25/2)  0.68     44.2436      0.0000      0.0000
 j =25/2-  (   P25/2)  0.79     63.7844      0.0000      0.0000
 j =25/2-  (   P25/2)  0.70     86.1204      0.0000      0.0000
 j =27/2+  (   q27/2)  0.69     46.7377      0.0000      0.0000
 j =27/2+  (   q27/2)  0.79     67.9249      0.0000      0.0000
 j =27/2+  (   q27/2)  0.69     91.2748      0.0000      0.0000
 j =27/2-  (   P27/2)  0.66     44.0409      0.0000      0.0000
 j =27/2-  (   P27/2)  0.80     61.8278      0.0000      0.0000
 j =27/2-  (   P27/2)  0.76     76.2864      0.0000      0.0000
 j =29/2+  (   q29/2)  0.67     46.5717      0.0000      0.0000
 j =29/2+  (   q29/2)  0.80     66.8550      0.0000      0.0000
 j =29/2+  (   q29/2)  0.72     82.4108      0.0000      0.0000
 j =29/2-  (   r29/2)  0.77     56.4103      0.0000      0.0000
 j =29/2-  (   r29/2)  0.76     82.2220      0.0000      0.0000
 j =31/2+  (   S31/2)  0.76     59.2167      0.0000      0.0000
 j =31/2+  (   S31/2)  0.76     86.8337      0.0000      0.0000
 j =31/2-  (   r31/2)  0.76     56.2098      0.0000      0.0000
 j =31/2-  (   r31/2)  0.75     78.2195      0.0000      0.0000
 j =33/2+  (   S33/2)  0.75     59.0508      0.0000      0.0000
 j =33/2+  (   S33/2)  0.75     83.8583      0.0000      0.0000
 j =33/2-  (   t33/2)  0.98     73.8993      0.0000      0.0000
 j =35/2+  (   u35/2)  0.98     77.2562      0.0000      0.0000
 j =35/2-  (   t35/2)  0.98     73.2501      0.0000      0.0000
 j =37/2+  (   u37/2)  0.98     76.8060      0.0000      0.0000
  ****** END CANON **********************************
  ****** BEGIN RESU *********************************
   ****** BEGIN EXPECT *******

                            neutron        proton         total
 particle number           112.000000      80.000000     192.000000
 trace scalar density      106.726216      76.805842     183.532058
 lambda                     -8.364025      -5.618912
 spk                        13.838012       0.000164
 rms-Radius                  5.493339       5.376041       5.444772
 charge-Radius                              5.435238
 Particle Energ          -3000.840635   -1665.969116   -4666.809751
 Selfconsistency Test.                                     0.000001

 Kinetic Energy           1539.958508     936.391650    2476.350158
 E-scsc                                               -29799.436670
 E-scve                                                24973.133754
 E-vesc                                                    0.000000
 E-veve                                                   58.744167
 E-rearrang.                                             792.460569
 Coulomb direct                                          799.748510
 Pairing Energy            -17.228567      -0.000000     -17.228567
 Sum without E-cm                                      -1508.688649
DE-cm <P**2>/2M            -11.668078      -7.049681     -18.717758
NE-cm <P**2>/2M              8.445931       4.518743      12.964674
 E-cm <P**2>/2M             -3.222147      -2.530938      -5.753084
 Total Energy                                          -1514.441734
 E/A                                                      -7.887717

  ****** END EXPECT *********************************


 quasi-particle properties Neutron:
 ------------------------------------------------------------------
     p/h    l j     [nr,l,j]  smax       Eqp       uu       vv
   1  h   1s 1/2   ( 3s  1/2) 0.94     7.999     0.010     0.990
   2  p   2s 1/2   ( 4s  1/2) 0.78     8.989     0.999     0.001
   3  p   3s 1/2   ( 4s  1/2) 0.52    14.061     0.999     0.001
   4  p   4s 1/2   ( 5s  1/2) 0.68    23.262     0.999     0.001
   5  h   5s 1/2   ( 2s  1/2) 0.87    32.682     0.003     0.997
   6  p   6s 1/2   ( 6s  1/2) 0.53    36.142     0.998     0.002
   7  p   7s 1/2   ( 6s  1/2) 0.55    51.749     1.000     0.000
   8  h   8s 1/2   ( 1s  1/2) 0.91    54.311     0.000     1.000
   9  p   9s 1/2   ( 8s  1/2) 0.59    71.573     1.000     0.000
  11  p   1p 1/2   ( 3p  1/2) 0.91     1.844     0.883     0.117
  12  p   2p 1/2   ( 4p  1/2) 0.56    11.818     0.999     0.001
  13  p   3p 1/2   ( 4p  1/2) 0.72    19.196     0.999     0.001
  14  h   4p 1/2   ( 2p  1/2) 0.95    22.839     0.003     0.997
  15  p   5p 1/2   ( 5p  1/2) 0.68    30.731     1.000     0.000
  16  p   6p 1/2   ( 6p  1/2) 0.61    45.835     0.998     0.002
  17  h   7p 1/2   ( 1p  1/2) 0.96    47.888     0.002     0.998
  18  p   8p 1/2   ( 7p  1/2) 0.65    64.771     1.000     0.000
  19  p   9p 1/2   ( 8p  1/2) 0.64    95.420     1.000     0.000
  20  p   1d 3/2   ( 3d  3/2) 0.89     8.738     0.996     0.004
  21  h   2d 3/2   ( 2d  3/2) 0.97    11.265     0.012     0.988
  22  p   3d 3/2   ( 5d  3/2) 0.46    14.009     0.996     0.004
  23  p   4d 3/2   ( 4d  3/2) 0.72    23.043     0.999     0.001
  24  p   5d 3/2   ( 5d  3/2) 0.59    35.595     0.999     0.001
  25  h   6d 3/2   ( 1d  3/2) 0.98    38.706     0.002     0.998
  26  p   7d 3/2   ( 5d  3/2) 0.55    51.184     1.000     0.000
  27  p   8d 3/2   ( 7d  3/2) 0.62    71.128     1.000     0.000
  29  p   1p 3/2   ( 3p  3/2) 0.91     1.795     0.884     0.116
  30  p   2p 3/2   ( 4p  3/2) 0.54    11.848     0.999     0.001
  31  p   3p 3/2   ( 4p  3/2) 0.71    19.248     0.999     0.001
  32  h   4p 3/2   ( 2p  3/2) 0.94    22.965     0.003     0.997
  33  p   5p 3/2   ( 5p  3/2) 0.66    30.848     1.000     0.000
  34  p   6p 3/2   ( 6p  3/2) 0.59    45.900     0.999     0.001
  35  h   7p 3/2   ( 1p  3/2) 0.95    48.141     0.002     0.998
  36  p   8p 3/2   ( 7p  3/2) 0.63    64.715     1.000     0.000
  37  p   9p 3/2   ( 8p  3/2) 0.64    96.044     1.000     0.000
  38  p   1d 5/2   ( 3d  5/2) 0.89     8.511     0.998     0.002
  39  h   2d 5/2   ( 2d  5/2) 0.96    12.442     0.015     0.985
  40  p   3d 5/2   ( 5d  5/2) 0.48    13.942     0.990     0.010
  41  p   4d 5/2   ( 4d  5/2) 0.71    23.012     0.999     0.001
  42  p   5d 5/2   ( 5d  5/2) 0.56    35.727     0.999     0.001
  43  h   6d 5/2   ( 1d  5/2) 0.97    39.977     0.001     0.999
  44  p   7d 5/2   ( 5d  5/2) 0.54    51.326     1.000     0.000
  45  p   8d 5/2   ( 7d  5/2) 0.59    71.055     1.000     0.000
  47  h   1f 5/2   ( 2f  5/2) 0.70     1.367     0.494     0.506
  48  p   2f 5/2   ( 3f  5/2) 0.63    12.834     1.000     0.000
  49  p   3f 5/2   ( 3f  5/2) 0.71    19.191     1.000     0.000
  50  h   4f 5/2   ( 1f  5/2) 0.98    28.061     0.003     0.997
  51  p   5f 5/2   ( 4f  5/2) 0.72    30.382     0.998     0.002
  52  p   6f 5/2   ( 5f  5/2) 0.65    45.275     1.000     0.000
  53  p   7f 5/2   ( 6f  5/2) 0.67    64.132     1.000     0.000
  54  p   8f 5/2   ( 7f  5/2) 0.64    93.910     1.000     0.000
  55  p   1g 7/2   ( 2g  7/2) 0.95     9.147     0.996     0.004
  56  p   2g 7/2   ( 4g  7/2) 0.47    15.164     0.988     0.012
  57  h   3g 7/2   ( 1g  7/2) 0.97    16.587     0.016     0.984
  58  p   4g 7/2   ( 3g  7/2) 0.75    23.753     0.999     0.001
  59  p   5g 7/2   ( 4g  7/2) 0.63    35.621     1.000     0.000
  60  p   6g 7/2   ( 5g  7/2) 0.57    50.954     1.000     0.000
  61  p   7g 7/2   ( 6g  7/2) 0.64    70.741     1.000     0.000
  63  h   1f 7/2   ( 2f  7/2) 0.94     2.522     0.078     0.922
  64  p   2f 7/2   ( 3f  7/2) 0.66    12.617     1.000     0.000
  65  p   3f 7/2   ( 3f  7/2) 0.68    18.690     1.000     0.000
  66  p   4f 7/2   ( 4f  7/2) 0.71    29.988     0.975     0.025
  67  h   5f 7/2   ( 1f  7/2) 0.97    30.725     0.026     0.974
  68  p   6f 7/2   ( 5f  7/2) 0.63    45.107     1.000     0.000
  69  p   7f 7/2   ( 6f  7/2) 0.65    63.679     1.000     0.000
  70  p   8f 7/2   ( 7f  7/2) 0.63    95.445     1.000     0.000
  71  p   1g 9/2   ( 2g  9/2) 0.97     7.010     0.994     0.006
  72  p   2g 9/2   ( 4g  9/2) 0.50    14.839     0.999     0.001
  73  h   3g 9/2   ( 1g  9/2) 0.98    20.820     0.007     0.993
  74  p   4g 9/2   ( 3g  9/2) 0.75    22.983     0.995     0.005
  75  p   5g 9/2   ( 4g  9/2) 0.65    34.735     1.000     0.000
  76  p   6g 9/2   ( 5g  9/2) 0.57    50.177     1.000     0.000
  77  p   7g 9/2   ( 6g  9/2) 0.62    69.564     1.000     0.000
  79  h   1h 9/2   ( 1h  9/2) 0.96     4.823     0.023     0.977
  80  p   2h 9/2   ( 2h  9/2) 0.73    14.880     1.000     0.000
  81  p   3h 9/2   ( 2h  9/2) 0.62    19.809     1.000     0.000
  82  p   4h 9/2   ( 3h  9/2) 0.75    30.786     1.000     0.000
  83  p   5h 9/2   ( 4h  9/2) 0.67    45.447     1.000     0.000
  84  p   6h 9/2   ( 5h  9/2) 0.68    63.972     1.000     0.000
  85  p   7h 9/2   ( 6h  9/2) 0.64    93.458     1.000     0.000
  86  p   1i11/2   ( 1i 11/2) 0.97     7.098     0.992     0.008
  87  p   2i11/2   ( 2i 11/2) 0.49    17.643     1.000     0.000
  88  p   3i11/2   ( 2i 11/2) 0.78    24.675     1.000     0.000
  89  p   4i11/2   ( 3i 11/2) 0.70    35.428     1.000     0.000
  90  p   5i11/2   ( 4i 11/2) 0.61    50.834     1.000     0.000
  91  p   6i11/2   ( 5i 11/2) 0.65    70.249     1.000     0.000
  93  h   1h11/2   ( 1h 11/2) 0.98    10.671     0.007     0.993
  94  p   2h11/2   ( 2h 11/2) 0.86    13.865     0.998     0.002
  95  p   3h11/2   ( 4h 11/2) 0.49    18.554     0.999     0.001
  96  p   4h11/2   ( 3h 11/2) 0.76    29.659     1.000     0.000
  97  p   5h11/2   ( 4h 11/2) 0.69    44.110     1.000     0.000
  98  p   6h11/2   ( 5h 11/2) 0.68    61.899     1.000     0.000
  99  p   7h11/2   ( 6h 11/2) 0.64    92.880     1.000     0.000
 100  h   1i13/2   ( 1i 13/2) 0.78     1.408     0.361     0.639
 101  p   2i13/2   ( 2i 13/2) 0.57    17.350     1.000     0.000
 102  p   3i13/2   ( 2i 13/2) 0.76    23.129     1.000     0.000
 103  p   4i13/2   ( 3i 13/2) 0.74    33.904     1.000     0.000
 104  p   5i13/2   ( 4i 13/2) 0.64    49.212     1.000     0.000
 105  p   6i13/2   ( 5i 13/2) 0.66    67.705     1.000     0.000
 106  p   7i13/2   ( 6i 13/2) 0.64    99.211     1.000     0.000
 107  p   1j13/2   ( 1j 13/2) 0.94    17.149     0.999     0.001
 108  p   2j13/2   ( 4j 13/2) 0.50    21.355     1.000     0.000
 109  p   3j13/2   ( 2j 13/2) 0.79    31.497     1.000     0.000
 110  p   4j13/2   ( 3j 13/2) 0.73    44.886     1.000     0.000
 111  p   5j13/2   ( 4j 13/2) 0.71    63.014     1.000     0.000
 112  p   6j13/2   ( 5j 13/2) 0.64    92.190     1.000     0.000
 113  p   1k15/2   ( 3k 15/2) 0.49    22.122     1.000     0.000
 114  p   2k15/2   ( 1k 15/2) 0.85    27.038     1.000     0.000
 115  p   3k15/2   ( 2k 15/2) 0.76    36.468     1.000     0.000
 116  p   4k15/2   ( 3k 15/2) 0.66    50.492     1.000     0.000
 117  p   5k15/2   ( 4k 15/2) 0.68    68.934     1.000     0.000
 118  p   6k15/2   ( 5k 15/2) 0.65    98.738     1.000     0.000
 119  p   1j15/2   ( 1j 15/2) 0.97     9.562     0.996     0.004
 120  p   2j15/2   ( 2j 15/2) 0.54    20.605     1.000     0.000
 121  p   3j15/2   ( 2j 15/2) 0.78    29.562     1.000     0.000
 122  p   4j15/2   ( 3j 15/2) 0.75    42.820     1.000     0.000
 123  p   5j15/2   ( 4j 15/2) 0.72    60.095     1.000     0.000
 124  p   6j15/2   ( 6j 15/2) 0.64    89.376     1.000     0.000
 125  p   1k17/2   ( 1k 17/2) 0.97    18.670     0.999     0.001
 126  p   2k17/2   ( 3k 17/2) 0.50    22.996     1.000     0.000
 127  p   3k17/2   ( 2k 17/2) 0.79    33.702     1.000     0.000
 128  p   4k17/2   ( 3k 17/2) 0.73    47.784     1.000     0.000
 129  p   5k17/2   ( 4k 17/2) 0.71    65.253     1.000     0.000
 130  p   6k17/2   ( 5k 17/2) 0.64    95.488     1.000     0.000
 131  p   1l17/2   ( 3l 17/2) 0.54    26.060     1.000     0.000
 132  p   2l17/2   ( 1l 17/2) 0.84    34.565     1.000     0.000
 133  p   3l17/2   ( 2l 17/2) 0.75    45.738     1.000     0.000
 134  p   4l17/2   ( 3l 17/2) 0.72    62.773     1.000     0.000
 135  p   5l17/2   ( 5l 17/2) 0.66    89.185     1.000     0.000
 136  p   1m19/2   ( 3m 19/2) 0.56    28.447     1.000     0.000
 137  p   2m19/2   ( 1m 19/2) 0.81    39.425     1.000     0.000
 138  p   3m19/2   ( 2m 19/2) 0.68    51.232     1.000     0.000
 139  p   4m19/2   ( 3m 19/2) 0.69    68.992     1.000     0.000
 140  p   5m19/2   ( 4m 19/2) 0.65    95.989     1.000     0.000
 141  p   1l19/2   ( 1l 19/2) 0.69    25.395     1.000     0.000
 142  p   2l19/2   ( 1l 19/2) 0.70    28.948     1.000     0.000
 143  p   3l19/2   ( 2l 19/2) 0.78    41.951     1.000     0.000
 144  p   4l19/2   ( 3l 19/2) 0.75    57.759     1.000     0.000
 145  p   5l19/2   ( 5l 19/2) 0.68    84.430     1.000     0.000
 146  p   1m21/2   ( 3m 21/2) 0.55    28.331     1.000     0.000
 147  p   2m21/2   ( 1m 21/2) 0.89    35.767     1.000     0.000
 148  p   3m21/2   ( 2m 21/2) 0.80    46.492     1.000     0.000
 149  p   4m21/2   ( 3m 21/2) 0.75    62.987     1.000     0.000
 150  p   5m21/2   ( 5m 21/2) 0.67    89.517     1.000     0.000
 151  p   1n21/2   ( 2n 21/2) 0.60    33.403     1.000     0.000
 152  p   2n21/2   ( 1n 21/2) 0.81    47.115     1.000     0.000
 153  p   3n21/2   ( 2n 21/2) 0.73    62.480     1.000     0.000
 154  p   4n21/2   ( 4n 21/2) 0.66    87.797     1.000     0.000
 155  p   1o23/2   ( 2o 23/2) 0.60    35.930     1.000     0.000
 156  p   2o23/2   ( 1o 23/2) 0.80    51.183     1.000     0.000
 157  p   3o23/2   ( 2o 23/2) 0.72    67.606     1.000     0.000
 158  p   4o23/2   ( 4o 23/2) 0.65    94.241     1.000     0.000
 159  p   1n23/2   ( 2n 23/2) 0.57    33.219     1.000     0.000
 160  p   2n23/2   ( 1n 23/2) 0.85    44.233     1.000     0.000
 161  p   3n23/2   ( 2n 23/2) 0.75    56.248     1.000     0.000
 162  p   4n23/2   ( 4n 23/2) 0.73    78.333     1.000     0.000
 163  p   1o25/2   ( 2o 25/2) 0.59    35.835     1.000     0.000
 164  p   2o25/2   ( 1o 25/2) 0.85    49.588     1.000     0.000
 165  p   3o25/2   ( 2o 25/2) 0.77    61.961     1.000     0.000
 166  p   4o25/2   ( 4o 25/2) 0.72    83.556     1.000     0.000
 167  p   1P25/2   ( 2P 25/2) 0.68    42.528     1.000     0.000
 168  p   2P25/2   ( 1P 25/2) 0.77    60.908     1.000     0.000
 169  p   3P25/2   ( 3P 25/2) 0.71    84.561     1.000     0.000
 170  p   1q27/2   ( 2q 27/2) 0.68    45.283     1.000     0.000
 171  p   2q27/2   ( 1q 27/2) 0.78    65.032     1.000     0.000
 172  p   3q27/2   ( 3q 27/2) 0.70    89.617     1.000     0.000
 173  p   1P27/2   ( 2P 27/2) 0.65    42.353     1.000     0.000
 174  p   2P27/2   ( 1P 27/2) 0.78    59.021     1.000     0.000
 175  p   3P27/2   ( 3P 27/2) 0.76    74.644     1.000     0.000
 176  p   1q29/2   ( 2q 29/2) 0.67    45.148     1.000     0.000
 177  p   2q29/2   ( 1q 29/2) 0.79    63.956     1.000     0.000
 178  p   3q29/2   ( 3q 29/2) 0.73    80.727     1.000     0.000
 179  p   1r29/2   ( 1r 29/2) 0.78    54.374     1.000     0.000
 180  p   2r29/2   ( 2r 29/2) 0.77    79.627     1.000     0.000
 181  p   1S31/2   ( 1S 31/2) 0.78    57.425     1.000     0.000
 182  p   2S31/2   ( 2S 31/2) 0.77    84.067     1.000     0.000
 183  p   1r31/2   ( 1r 31/2) 0.77    54.215     1.000     0.000
 184  p   2r31/2   ( 2r 31/2) 0.77    75.576     1.000     0.000
 185  p   1S33/2   ( 1S 33/2) 0.77    57.298     1.000     0.000
 186  p   2S33/2   ( 2S 33/2) 0.76    81.056     1.000     0.000
 187  p   1t33/2   ( 1t 33/2) 0.98    71.344     1.000     0.000
 188  p   1u35/2   ( 1u 35/2) 0.98    74.870     1.000     0.000
 189  p   1t35/2   ( 1t 35/2) 0.98    70.712     1.000     0.000
 190  p   1u37/2   ( 1u 37/2) 0.98    74.442     1.000     0.000


 quasi-particle properties Proton: 
 ------------------------------------------------------------------
     p/h    l j     [nr,l,j]  smax       Eqp       uu       vv
   1  p   1s 1/2   ( 3s  1/2) 0.93     1.025     1.000     0.000
   2  p   2s 1/2   ( 4s  1/2) 0.64    17.201     1.000     0.000
   3  p   3s 1/2   ( 4s  1/2) 0.66    21.591     1.000     0.000
   4  h   4s 1/2   ( 2s  1/2) 0.84    22.209     0.000     1.000
   5  p   5s 1/2   ( 5s  1/2) 0.66    31.058     1.000     0.000
   6  h   6s 1/2   ( 1s  1/2) 0.89    42.845     0.000     1.000
   7  p   7s 1/2   ( 5s  1/2) 0.54    44.626     1.000     0.000
   8  p   8s 1/2   ( 6s  1/2) 0.57    60.127     1.000     0.000
   9  p   9s 1/2   ( 8s  1/2) 0.57    80.619     1.000     0.000
  11  p   1p 1/2   ( 3p  1/2) 0.96    10.586     1.000     0.000
  12  h   2p 1/2   ( 2p  1/2) 0.94    12.403     0.000     1.000
  13  p   3p 1/2   ( 5p  1/2) 0.50    19.332     1.000     0.000
  14  p   4p 1/2   ( 4p  1/2) 0.76    27.441     1.000     0.000
  15  h   5p 1/2   ( 1p  1/2) 0.95    36.776     0.000     1.000
  16  p   6p 1/2   ( 5p  1/2) 0.64    39.312     1.000     0.000
  17  p   7p 1/2   ( 6p  1/2) 0.57    54.424     1.000     0.000
  18  p   8p 1/2   ( 7p  1/2) 0.63    73.913     1.000     0.000
  20  h   1d 3/2   ( 2d  3/2) 0.97     1.444     0.000     1.000
  21  p   2d 3/2   ( 3d  3/2) 0.76    17.523     1.000     0.000
  22  p   3d 3/2   ( 3d  3/2) 0.58    21.472     1.000     0.000
  23  h   4d 3/2   ( 1d  3/2) 0.97    28.148     0.000     1.000
  24  p   5d 3/2   ( 4d  3/2) 0.70    31.133     1.000     0.000
  25  p   6d 3/2   ( 4d  3/2) 0.53    44.396     1.000     0.000
  26  p   7d 3/2   ( 5d  3/2) 0.57    59.979     1.000     0.000
  27  p   8d 3/2   ( 7d  3/2) 0.59    80.441     1.000     0.000
  29  p   1p 3/2   ( 3p  3/2) 0.94    10.680     1.000     0.000
  30  h   2p 3/2   ( 2p  3/2) 0.91    12.615     0.000     1.000
  31  p   3p 3/2   ( 5p  3/2) 0.51    19.361     1.000     0.000
  32  p   4p 3/2   ( 4p  3/2) 0.74    27.537     1.000     0.000
  33  h   5p 3/2   ( 1p  3/2) 0.93    37.218     0.000     1.000
  34  p   6p 3/2   ( 5p  3/2) 0.62    39.492     1.000     0.000
  35  p   7p 3/2   ( 6p  3/2) 0.55    54.534     1.000     0.000
  36  p   8p 3/2   ( 7p  3/2) 0.61    73.927     1.000     0.000
  38  h   1d 5/2   ( 2d  5/2) 0.95     2.731     0.000     1.000
  39  p   2d 5/2   ( 3d  5/2) 0.77    17.365     1.000     0.000
  40  p   3d 5/2   ( 3d  5/2) 0.55    21.355     1.000     0.000
  41  h   4d 5/2   ( 1d  5/2) 0.96    29.687     0.000     1.000
  42  p   5d 5/2   ( 4d  5/2) 0.68    31.113     1.000     0.000
  43  p   6d 5/2   ( 4d  5/2) 0.53    44.566     1.000     0.000
  44  p   7d 5/2   ( 5d  5/2) 0.56    60.163     1.000     0.000
  45  p   8d 5/2   ( 7d  5/2) 0.56    80.478     1.000     0.000
  47  p   1f 5/2   ( 2f  5/2) 0.98     8.988     1.000     0.000
  48  h   2f 5/2   ( 1f  5/2) 0.98    18.061     0.000     1.000
  49  p   3f 5/2   ( 3f  5/2) 0.48    20.529     1.000     0.000
  50  p   4f 5/2   ( 3f  5/2) 0.78    27.569     1.000     0.000
  51  p   5f 5/2   ( 4f  5/2) 0.69    38.997     1.000     0.000
  52  p   6f 5/2   ( 5f  5/2) 0.60    54.193     1.000     0.000
  53  p   7f 5/2   ( 6f  5/2) 0.64    73.460     1.000     0.000
  55  h   1g 7/2   ( 1g  7/2) 0.98     7.106     0.000     1.000
  56  p   2g 7/2   ( 2g  7/2) 0.93    17.730     1.000     0.000
  57  p   3g 7/2   ( 6g  7/2) 0.47    22.216     1.000     0.000
  58  p   4g 7/2   ( 3g  7/2) 0.74    31.824     1.000     0.000
  59  p   5g 7/2   ( 4g  7/2) 0.57    44.243     1.000     0.000
  60  p   6g 7/2   ( 4g  7/2) 0.56    59.778     1.000     0.000
  61  p   7g 7/2   ( 6g  7/2) 0.60    80.001     1.000     0.000
  63  p   1f 7/2   ( 2f  7/2) 0.97     6.926     1.000     0.000
  64  p   2f 7/2   ( 3f  7/2) 0.51    20.385     1.000     0.000
  65  h   3f 7/2   ( 1f  7/2) 0.98    21.029     0.000     1.000
  66  p   4f 7/2   ( 3f  7/2) 0.77    26.972     1.000     0.000
  67  p   5f 7/2   ( 4f  7/2) 0.69    38.572     1.000     0.000
  68  p   6f 7/2   ( 5f  7/2) 0.58    53.964     1.000     0.000
  69  p   7f 7/2   ( 6f  7/2) 0.62    73.037     1.000     0.000
  71  h   1g 9/2   ( 1g  9/2) 0.98    11.720     0.000     1.000
  72  p   2g 9/2   ( 2g  9/2) 0.97    15.720     1.000     0.000
  73  p   3g 9/2   ( 4g  9/2) 0.48    21.889     1.000     0.000
  74  p   4g 9/2   ( 3g  9/2) 0.75    31.057     1.000     0.000
  75  p   5g 9/2   ( 4g  9/2) 0.60    43.283     1.000     0.000
  76  p   6g 9/2   ( 4g  9/2) 0.53    58.890     1.000     0.000
  77  p   7g 9/2   ( 6g  9/2) 0.59    78.767     1.000     0.000
  79  p   1h 9/2   ( 1h  9/2) 0.98     4.177     1.000     0.000
  80  p   2h 9/2   ( 2h  9/2) 0.60    22.799     1.000     0.000
  81  p   3h 9/2   ( 2h  9/2) 0.75    27.558     1.000     0.000
  82  p   4h 9/2   ( 3h  9/2) 0.75    38.962     1.000     0.000
  83  p   5h 9/2   ( 4h  9/2) 0.64    54.091     1.000     0.000
  84  p   6h 9/2   ( 5h  9/2) 0.66    72.893     1.000     0.000
  86  p   1i11/2   ( 1i 11/2) 0.98    15.188     1.000     0.000
  87  p   2i11/2   ( 4i 11/2) 0.50    24.764     1.000     0.000
  88  p   3i11/2   ( 2i 11/2) 0.82    32.831     1.000     0.000
  89  p   4i11/2   ( 3i 11/2) 0.67    43.515     1.000     0.000
  90  p   5i11/2   ( 4i 11/2) 0.58    59.264     1.000     0.000
  91  p   6i11/2   ( 5i 11/2) 0.63    78.979     1.000     0.000
  93  h   1h11/2   ( 1h 11/2) 0.98     2.095     0.000     1.000
  94  p   2h11/2   ( 2h 11/2) 0.75    22.157     1.000     0.000
  95  p   3h11/2   ( 2h 11/2) 0.61    25.991     1.000     0.000
  96  p   4h11/2   ( 3h 11/2) 0.76    37.888     1.000     0.000
  97  p   5h11/2   ( 4h 11/2) 0.66    52.699     1.000     0.000
  98  p   6h11/2   ( 5h 11/2) 0.66    70.750     1.000     0.000
 100  p   1i13/2   ( 1i 13/2) 0.98     7.613     1.000     0.000
 101  p   2i13/2   ( 4i 13/2) 0.48    24.596     1.000     0.000
 102  p   3i13/2   ( 2i 13/2) 0.83    31.187     1.000     0.000
 103  p   4i13/2   ( 3i 13/2) 0.72    41.938     1.000     0.000
 104  p   5i13/2   ( 4i 13/2) 0.61    57.641     1.000     0.000
 105  p   6i13/2   ( 5i 13/2) 0.64    76.408     1.000     0.000
 107  p   1j13/2   ( 1j 13/2) 0.93    24.961     1.000     0.000
 108  p   2j13/2   ( 4j 13/2) 0.51    28.423     1.000     0.000
 109  p   3j13/2   ( 2j 13/2) 0.81    39.829     1.000     0.000
 110  p   4j13/2   ( 3j 13/2) 0.71    53.258     1.000     0.000
 111  p   5j13/2   ( 4j 13/2) 0.70    71.464     1.000     0.000
 113  p   1k15/2   ( 4k 15/2) 0.51    29.202     1.000     0.000
 114  p   2k15/2   ( 1k 15/2) 0.90    34.469     1.000     0.000
 115  p   3k15/2   ( 2k 15/2) 0.75    44.270     1.000     0.000
 116  p   4k15/2   ( 3k 15/2) 0.64    58.885     1.000     0.000
 117  p   5k15/2   ( 4k 15/2) 0.67    77.325     1.000     0.000
 119  p   1j15/2   ( 1j 15/2) 0.98    17.181     1.000     0.000
 120  p   2j15/2   ( 4j 15/2) 0.51    27.788     1.000     0.000
 121  p   3j15/2   ( 2j 15/2) 0.81    37.844     1.000     0.000
 122  p   4j15/2   ( 3j 15/2) 0.75    51.038     1.000     0.000
 123  p   5j15/2   ( 4j 15/2) 0.71    68.547     1.000     0.000
 124  p   6j15/2   ( 5j 15/2) 0.64    99.342     1.000     0.000
 125  p   1k17/2   ( 1k 17/2) 0.96    26.232     1.000     0.000
 126  p   2k17/2   ( 4k 17/2) 0.51    29.746     1.000     0.000
 127  p   3k17/2   ( 2k 17/2) 0.80    41.682     1.000     0.000
 128  p   4k17/2   ( 3k 17/2) 0.72    56.032     1.000     0.000
 129  p   5k17/2   ( 4k 17/2) 0.70    73.544     1.000     0.000
 131  p   1l17/2   ( 3l 17/2) 0.56    33.266     1.000     0.000
 132  p   2l17/2   ( 1l 17/2) 0.88    42.317     1.000     0.000
 133  p   3l17/2   ( 2l 17/2) 0.76    53.455     1.000     0.000
 134  p   4l17/2   ( 3l 17/2) 0.72    70.960     1.000     0.000
 135  p   5l17/2   ( 5l 17/2) 0.65    98.521     1.000     0.000
 136  p   1m19/2   ( 3m 19/2) 0.57    35.327     1.000     0.000
 137  p   2m19/2   ( 1m 19/2) 0.83    47.407     1.000     0.000
 138  p   3m19/2   ( 2m 19/2) 0.69    58.762     1.000     0.000
 139  p   4m19/2   ( 3m 19/2) 0.69    76.780     1.000     0.000
 141  p   1l19/2   ( 1l 19/2) 0.60    32.811     1.000     0.000
 142  p   2l19/2   ( 1l 19/2) 0.77    36.087     1.000     0.000
 143  p   3l19/2   ( 2l 19/2) 0.79    50.012     1.000     0.000
 144  p   4l19/2   ( 3l 19/2) 0.75    65.903     1.000     0.000
 145  p   5l19/2   ( 5l 19/2) 0.67    93.693     1.000     0.000
 146  p   1m21/2   ( 3m 21/2) 0.57    35.241     1.000     0.000
 147  p   2m21/2   ( 1m 21/2) 0.92    43.379     1.000     0.000
 148  p   3m21/2   ( 2m 21/2) 0.81    54.149     1.000     0.000
 149  p   4m21/2   ( 3m 21/2) 0.75    70.990     1.000     0.000
 150  p   5m21/2   ( 5m 21/2) 0.67    98.504     1.000     0.000
 151  p   1n21/2   ( 3n 21/2) 0.59    40.584     1.000     0.000
 152  p   2n21/2   ( 1n 21/2) 0.83    55.432     1.000     0.000
 153  p   3n21/2   ( 2n 21/2) 0.74    69.793     1.000     0.000
 154  p   4n21/2   ( 4n 21/2) 0.66    96.139     1.000     0.000
 155  p   1o23/2   ( 3o 23/2) 0.60    42.839     1.000     0.000
 156  p   2o23/2   ( 1o 23/2) 0.81    59.491     1.000     0.000
 157  p   3o23/2   ( 2o 23/2) 0.73    75.152     1.000     0.000
 159  p   1n23/2   ( 3n 23/2) 0.58    40.406     1.000     0.000
 160  p   2n23/2   ( 1n 23/2) 0.87    52.254     1.000     0.000
 161  p   3n23/2   ( 2n 23/2) 0.76    63.746     1.000     0.000
 162  p   4n23/2   ( 4n 23/2) 0.73    86.657     1.000     0.000
 163  p   1o25/2   ( 3o 25/2) 0.59    42.733     1.000     0.000
 164  p   2o25/2   ( 1o 25/2) 0.87    57.810     1.000     0.000
 165  p   3o25/2   ( 2o 25/2) 0.78    69.381     1.000     0.000
 166  p   4o25/2   ( 4o 25/2) 0.72    91.500     1.000     0.000
 167  p   1P25/2   ( 2P 25/2) 0.68    49.862     1.000     0.000
 168  p   2P25/2   ( 1P 25/2) 0.79    69.403     1.000     0.000
 169  p   3P25/2   ( 3P 25/2) 0.70    91.739     1.000     0.000
 170  p   1q27/2   ( 2q 27/2) 0.69    52.357     1.000     0.000
 171  p   2q27/2   ( 1q 27/2) 0.79    73.544     1.000     0.000
 172  p   3q27/2   ( 3q 27/2) 0.69    96.894     1.000     0.000
 173  p   1P27/2   ( 2P 27/2) 0.66    49.660     1.000     0.000
 174  p   2P27/2   ( 1P 27/2) 0.80    67.447     1.000     0.000
 175  p   3P27/2   ( 3P 27/2) 0.76    81.905     1.000     0.000
 176  p   1q29/2   ( 2q 29/2) 0.67    52.191     1.000     0.000
 177  p   2q29/2   ( 1q 29/2) 0.80    72.474     1.000     0.000
 178  p   3q29/2   ( 3q 29/2) 0.72    88.030     1.000     0.000
 179  p   1r29/2   ( 1r 29/2) 0.77    62.029     1.000     0.000
 180  p   2r29/2   ( 2r 29/2) 0.76    87.841     1.000     0.000
 181  p   1S31/2   ( 1S 31/2) 0.76    64.836     1.000     0.000
 182  p   2S31/2   ( 2S 31/2) 0.76    92.453     1.000     0.000
 183  p   1r31/2   ( 1r 31/2) 0.76    61.829     1.000     0.000
 184  p   2r31/2   ( 2r 31/2) 0.75    83.838     1.000     0.000
 185  p   1S33/2   ( 1S 33/2) 0.75    64.670     1.000     0.000
 186  p   2S33/2   ( 2S 33/2) 0.75    89.477     1.000     0.000
 187  p   1t33/2   ( 1t 33/2) 0.98    79.518     1.000     0.000
 188  p   1u35/2   ( 1u 35/2) 0.98    82.875     1.000     0.000
 189  p   1t35/2   ( 1t 35/2) 0.98    78.869     1.000     0.000
 190  p   1u37/2   ( 1u 37/2) 0.98    82.425     1.000     0.000
  ****** END RESU ***********************************
