
  ******************************************  
  *           Fortran 77 Code              *  
  *         Spherical H.O. basis            *  
  * Dirac-Hartree-Bogoliubov calculation   *  
  *        with density-dependent          *  
  * meson-exchange or point coupling force *  
  *          and separable pairing         *  
  * -------------------------------------- *  
  *      Niksic, Paar, Vretenar, Ring      *  
  *          18/ 4/2026/01:36:48           *
  *       Hg 186  N = 106  Z =  80
  ******************************************  
  ****** BEGIN READER *******************************
 Number of oscillator shells :    18   20
 Initialization inin,inink   :     0    0
 Nucleus: Hg 186   106  80
 Initial Gap Parameters      :     1.0000    1.0000
 Parameter set               :    DD-ME2    
  ****** END READER *********************************
  ****** BEGIN FORCES *******************************

 NEDF Parameters: DD-ME2    
 AMU   =  939.000
 msig  =  550.124  gsig =    10.5396  Gsig =   -14.2924
 mome  =  783.000  gome =    13.0189  Gome =    10.7647
 mdel  =    0.000  gdel =     0.0000  Gdel =    -0.0000
 mrho  =  763.000  grho =     3.6836  Grho =     0.9076
  
 Density dependence parameters:
           scasca    scavec    vecsca    vecvec
 a    =   1.388148  1.389291  0.000000  0.564700
 b    =   1.094300  0.923975  0.000000  0.000000
 c    =   1.705700  1.462000  0.000000  0.000000
 d    =   0.442067  0.477492  0.000000  0.000000
 dsat =   0.152000
  
 TMR pairing: Tian,Ma,Ring, PRB 676, 44 (2009)
 TMR pairing strength    gl =:  -728.00000 [MeV*fm^3]
 TMR pairing width        a =:     0.64420 [fm]
  ****** END FORCES *********************************
  ****** BEGIN PREP *********************************
  
 hom =                            7.182565
 hb0 =                           20.734000
 b0  =                            2.402795
 with Coulomb force
 With microscopic c.m. correction
  ****** END PREP ***********************************
  potentials read from tape dirhb.wel
  ****** BEGIN ITER *********************************
  1.It. si =    0.0000000  E/A =    0.0000 R =    0.0000  mix = 0.50
  2.It. si =    2.2490803  E/A =   -7.8325 R =    5.3826  mix = 0.50
  3.It. si =    1.1784963  E/A =   -7.8330 R =    5.3832  mix = 0.50
  4.It. si =    0.8961883  E/A =   -7.8334 R =    5.3843  mix = 0.50
  5.It. si =    0.8206258  E/A =   -7.8337 R =    5.3854  mix = 0.50
  6.It. si =    0.2128481  E/A =   -7.8341 R =    5.3876  mix = 0.50
  7.It. si =    0.0612022  E/A =   -7.8340 R =    5.3869  mix = 0.50
  8.It. si =    0.0504319  E/A =   -7.8341 R =    5.3869  mix = 0.50
  9.It. si =    0.0264144  E/A =   -7.8341 R =    5.3871  mix = 0.50
 10.It. si =    0.0370730  E/A =   -7.8341 R =    5.3872  mix = 0.50
 11.It. si =    0.0370227  E/A =   -7.8341 R =    5.3871  mix = 0.50
 12.It. si =    0.0083902  E/A =   -7.8341 R =    5.3869  mix = 0.50
 13.It. si =    0.0089343  E/A =   -7.8340 R =    5.3869  mix = 0.50
 14.It. si =    0.0049334  E/A =   -7.8340 R =    5.3869  mix = 0.50
 15.It. si =    0.0012603  E/A =   -7.8340 R =    5.3869  mix = 0.50
 16.It. si =    0.0002950  E/A =   -7.8340 R =    5.3869  mix = 0.50
 17.It. si =    0.0000522  E/A =   -7.8340 R =    5.3869  mix = 0.50
 18.It. si =    0.0001101  E/A =   -7.8340 R =    5.3869  mix = 0.50
 19.It. si =    0.0000231  E/A =   -7.8340 R =    5.3869  mix = 0.50
 20.It. si =    0.0000100  E/A =   -7.8340 R =    5.3869  mix = 0.50
 21.It. si =    0.0000057  E/A =   -7.8340 R =    5.3869  mix = 0.50
 ********************************************************************
 Hg 186: Iteration converged after  21 steps   si =      0.0000009240
 ********************************************************************
  ****** END ITER ***********************************
  ****** BEGIN CANON ********************************
 single-particle energies and gaps  in the canonical basis: Neutron:
 ------------------------------------------------------------------
    j pi     (nr,l,j)  smax       Ecan       vvcan       decan
 j = 1/2+  (   s 1/2)  0.98    -61.7189      0.9997      1.9121
 j = 1/2+  (   s 1/2)  0.97    -42.3455      0.9994      1.7127
 j = 1/2+  (   s 1/2)  0.97    -17.1241      0.9905      1.6367
 j = 1/2+  (   s 1/2)  0.95      3.7649      0.0010      0.7804
 j = 1/2+  (   s 1/2)  0.72     11.0732      0.0000      0.0056
 j = 1/2+  (   s 1/2)  0.93     21.3374      0.0001      0.4805
 j = 1/2+  (   s 1/2)  0.54     34.3772      0.0000      0.0204
 j = 1/2+  (   s 1/2)  0.83     40.1277      0.0000      0.2942
 j = 1/2+  (   s 1/2)  0.66     54.5986      0.0000      0.1578
 j = 1/2+  (   s 1/2)  0.73     87.7078      0.0000      0.0887
 j = 1/2-  (   p 1/2)  0.99    -55.2880      0.9996      1.8191
 j = 1/2-  (   p 1/2)  0.98    -32.0730      0.9985      1.7936
 j = 1/2-  (   p 1/2)  0.98     -6.8071      0.0717      1.2206
 j = 1/2-  (   p 1/2)  0.95     12.3945      0.0002      0.6536
 j = 1/2-  (   p 1/2)  0.75     14.9642      0.0000      0.0068
 j = 1/2-  (   p 1/2)  0.91     29.4806      0.0000      0.4327
 j = 1/2-  (   p 1/2)  0.77     46.5661      0.0000      0.2453
 j = 1/2-  (   p 1/2)  0.80     47.9798      0.0000      0.0376
 j = 1/2-  (   p 1/2)  0.59     68.1900      0.0000      0.1457
 j = 3/2+  (   d 3/2)  0.99    -46.3905      0.9995      1.7210
 j = 3/2+  (   d 3/2)  0.98    -19.7495      0.9941      1.6948
 j = 3/2+  (   d 3/2)  0.96      2.6751      0.0016      0.9082
 j = 3/2+  (   d 3/2)  0.70     10.3168      0.0000      0.0059
 j = 3/2+  (   d 3/2)  0.92     21.6063      0.0001      0.5402
 j = 3/2+  (   d 3/2)  0.59     33.0476      0.0000      0.0196
 j = 3/2+  (   d 3/2)  0.78     41.1552      0.0000      0.3430
 j = 3/2+  (   d 3/2)  0.61     60.7262      0.0000      0.1959
 j = 3/2+  (   d 3/2)  0.78     81.0879      0.0000      0.0965
 j = 3/2-  (   p 3/2)  0.99    -55.6037      0.9996      1.8424
 j = 3/2-  (   p 3/2)  0.98    -32.4053      0.9985      1.8196
 j = 3/2-  (   p 3/2)  0.97     -6.9757      0.0782      1.1828
 j = 3/2-  (   p 3/2)  0.95     12.3849      0.0002      0.6520
 j = 3/2-  (   p 3/2)  0.75     14.9998      0.0000      0.0069
 j = 3/2-  (   p 3/2)  0.91     29.3885      0.0000      0.4273
 j = 3/2-  (   p 3/2)  0.77     46.5314      0.0000      0.2453
 j = 3/2-  (   p 3/2)  0.80     48.0390      0.0000      0.0377
 j = 3/2-  (   p 3/2)  0.59     68.3911      0.0000      0.1457
 j = 5/2+  (   d 5/2)  0.99    -47.6524      0.9995      1.7536
 j = 5/2+  (   d 5/2)  0.98    -21.2289      0.9953      1.7104
 j = 5/2+  (   d 5/2)  0.96      2.1121      0.0016      0.8852
 j = 5/2+  (   d 5/2)  0.71     10.3901      0.0000      0.0059
 j = 5/2+  (   d 5/2)  0.92     21.5944      0.0001      0.5293
 j = 5/2+  (   d 5/2)  0.59     33.0276      0.0000      0.0196
 j = 5/2+  (   d 5/2)  0.79     41.1411      0.0000      0.3399
 j = 5/2+  (   d 5/2)  0.61     61.1497      0.0000      0.1956
 j = 5/2+  (   d 5/2)  0.78     81.3496      0.0000      0.0967
 j = 5/2-  (   f 5/2)  0.98    -36.0545      0.9990      1.6863
 j = 5/2-  (   f 5/2)  0.98     -8.1167      0.2745      1.4192
 j = 5/2-  (   f 5/2)  0.95     12.1350      0.0003      0.6801
 j = 5/2-  (   f 5/2)  0.73     14.8077      0.0000      0.0063
 j = 5/2-  (   f 5/2)  0.89     29.8260      0.0000      0.4476
 j = 5/2-  (   f 5/2)  0.79     44.5447      0.0000      0.0343
 j = 5/2-  (   f 5/2)  0.70     49.3819      0.0000      0.2568
 j = 5/2-  (   f 5/2)  0.59     67.1937      0.0000      0.1512
 j = 7/2+  (   g 7/2)  0.98    -24.4616      0.9974      1.5874
 j = 7/2+  (   g 7/2)  0.97      2.0880      0.0028      1.1611
 j = 7/2+  (   g 7/2)  0.69     11.1421      0.0000      0.0055
 j = 7/2+  (   g 7/2)  0.91     22.0995      0.0001      0.5748
 j = 7/2+  (   g 7/2)  0.60     33.1582      0.0000      0.0185
 j = 7/2+  (   g 7/2)  0.76     41.4379      0.0000      0.3458
 j = 7/2+  (   g 7/2)  0.63     61.8344      0.0000      0.1927
 j = 7/2+  (   g 7/2)  0.78     79.4115      0.0000      0.0934
 j = 7/2-  (   f 7/2)  0.98    -38.8063      0.9992      1.7327
 j = 7/2-  (   f 7/2)  0.98    -10.3431      0.8657      1.4074
 j = 7/2-  (   f 7/2)  0.94     11.0493      0.0003      0.6835
 j = 7/2-  (   f 7/2)  0.72     14.6605      0.0000      0.0062
 j = 7/2-  (   f 7/2)  0.88     29.3916      0.0000      0.4315
 j = 7/2-  (   f 7/2)  0.79     44.2724      0.0000      0.0337
 j = 7/2-  (   f 7/2)  0.70     49.6584      0.0000      0.2538
 j = 7/2-  (   f 7/2)  0.59     67.7719      0.0000      0.1501
 j = 9/2+  (   g 9/2)  0.98    -28.8813      0.9983      1.6568
 j = 9/2+  (   g 9/2)  0.97     -0.6352      0.0046      1.1185
 j = 9/2+  (   g 9/2)  0.70     11.3054      0.0000      0.0056
 j = 9/2+  (   g 9/2)  0.90     20.4511      0.0001      0.5751
 j = 9/2+  (   g 9/2)  0.60     33.2046      0.0000      0.0187
 j = 9/2+  (   g 9/2)  0.77     39.7146      0.0000      0.3397
 j = 9/2+  (   g 9/2)  0.62     61.6501      0.0000      0.1919
 j = 9/2+  (   g 9/2)  0.78     79.8063      0.0000      0.0942
 j = 9/2-  (   h 9/2)  0.97    -12.5597      0.9645      1.4835
 j = 9/2-  (   h 9/2)  0.93     12.0005      0.0005      0.8838
 j = 9/2-  (   h 9/2)  0.69     15.0060      0.0000      0.0052
 j = 9/2-  (   h 9/2)  0.83     32.0612      0.0000      0.4897
 j = 9/2-  (   h 9/2)  0.78     42.9300      0.0000      0.0295
 j = 9/2-  (   h 9/2)  0.61     51.5837      0.0000      0.2658
 j = 9/2-  (   h 9/2)  0.60     66.3354      0.0000      0.1394
 j =11/2+  (   i11/2)  0.97     -0.7760      0.0072      1.3842
 j =11/2+  (   i11/2)  0.68     12.8886      0.0000      0.0053
 j =11/2+  (   i11/2)  0.90     21.2360      0.0001      0.6374
 j =11/2+  (   i11/2)  0.62     33.7747      0.0000      0.0183
 j =11/2+  (   i11/2)  0.72     42.6886      0.0000      0.3986
 j =11/2+  (   i11/2)  0.64     64.7119      0.0000      0.2155
 j =11/2+  (   i11/2)  0.79     76.8471      0.0000      0.0891
 j =11/2-  (   h11/2)  0.98    -18.6711      0.9940      1.5429
 j =11/2-  (   h11/2)  0.94      8.8973      0.0006      0.8611
 j =11/2-  (   h11/2)  0.69     14.9698      0.0000      0.0052
 j =11/2-  (   h11/2)  0.82     30.3065      0.0000      0.4821
 j =11/2-  (   h11/2)  0.78     42.6670      0.0000      0.0294
 j =11/2-  (   h11/2)  0.61     49.7450      0.0000      0.2606
 j =11/2-  (   h11/2)  0.60     65.9590      0.0000      0.1385
 j =13/2+  (   i13/2)  0.98     -8.4705      0.3742      1.3986
 j =13/2+  (   i13/2)  0.68     12.9981      0.0000      0.0055
 j =13/2+  (   i13/2)  0.90     18.1118      0.0001      0.6505
 j =13/2+  (   i13/2)  0.62     33.7276      0.0000      0.0188
 j =13/2+  (   i13/2)  0.73     39.6907      0.0000      0.3935
 j =13/2+  (   i13/2)  0.63     62.5682      0.0000      0.2167
 j =13/2+  (   i13/2)  0.79     75.5810      0.0000      0.0891
 j =13/2-  (   j13/2)  0.96     10.4553      0.0010      1.2176
 j =13/2-  (   j13/2)  0.68     17.3034      0.0000      0.0050
 j =13/2-  (   j13/2)  0.85     30.9430      0.0000      0.5039
 j =13/2-  (   j13/2)  0.76     43.0356      0.0000      0.0295
 j =13/2-  (   j13/2)  0.63     54.1347      0.0000      0.3006
 j =13/2-  (   j13/2)  0.59     65.9073      0.0000      0.1515
 j =15/2+  (   k15/2)  0.67     16.1780      0.0000      0.0055
 j =15/2+  (   k15/2)  0.93     21.1614      0.0003      1.0351
 j =15/2+  (   k15/2)  0.61     36.0645      0.0000      0.0197
 j =15/2+  (   k15/2)  0.77     41.1772      0.0000      0.4130
 j =15/2+  (   k15/2)  0.65     65.9666      0.0000      0.2295
 j =15/2+  (   k15/2)  0.79     75.6766      0.0000      0.0955
 j =15/2-  (   j15/2)  0.96      1.6588      0.0034      1.2372
 j =15/2-  (   j15/2)  0.68     17.3338      0.0000      0.0051
 j =15/2-  (   j15/2)  0.84     26.9100      0.0001      0.5098
 j =15/2-  (   j15/2)  0.76     42.5066      0.0000      0.0296
 j =15/2-  (   j15/2)  0.62     51.0570      0.0000      0.2973
 j =15/2-  (   j15/2)  0.59     64.2644      0.0000      0.1519
 j =17/2+  (   k17/2)  0.93     11.6841      0.0007      1.0569
 j =17/2+  (   k17/2)  0.67     16.1781      0.0000      0.0056
 j =17/2+  (   k17/2)  0.61     35.9153      0.0000      0.0200
 j =17/2+  (   k17/2)  0.75     36.1661      0.0000      0.4146
 j =17/2+  (   k17/2)  0.65     62.4267      0.0000      0.2272
 j =17/2+  (   k17/2)  0.79     73.7529      0.0000      0.0952
 j =17/2-  (   l17/2)  0.70     21.2665      0.0000      0.0051
 j =17/2-  (   l17/2)  0.89     31.5922      0.0001      0.8623
 j =17/2-  (   l17/2)  0.77     46.4635      0.0000      0.0330
 j =17/2-  (   l17/2)  0.65     50.9185      0.0000      0.3288
 j =17/2-  (   l17/2)  0.62     68.1569      0.0000      0.1596
 j =19/2+  (   m19/2)  0.67     21.3191      0.0000      0.0056
 j =19/2+  (   m19/2)  0.56     40.4626      0.0000      0.0240
 j =19/2+  (   m19/2)  0.83     41.9117      0.0000      0.7037
 j =19/2+  (   m19/2)  0.63     62.3989      0.0000      0.2710
 j =19/2+  (   m19/2)  0.78     78.2361      0.0000      0.1038
 j =19/2-  (   l19/2)  0.70     21.2623      0.0000      0.0052
 j =19/2-  (   l19/2)  0.88     21.6868      0.0002      0.8812
 j =19/2-  (   l19/2)  0.64     45.5619      0.0000      0.3293
 j =19/2-  (   l19/2)  0.77     45.7654      0.0000      0.0329
 j =19/2-  (   l19/2)  0.61     64.1111      0.0000      0.1579
 j =21/2+  (   m21/2)  0.67     21.2313      0.0000      0.0060
 j =21/2+  (   m21/2)  0.83     31.7530      0.0001      0.7192
 j =21/2+  (   m21/2)  0.58     40.0453      0.0000      0.0248
 j =21/2+  (   m21/2)  0.63     56.0162      0.0000      0.2711
 j =21/2+  (   m21/2)  0.79     74.2456      0.0000      0.1016
 j =21/2-  (   n21/2)  0.72     27.0305      0.0000      0.0058
 j =21/2-  (   n21/2)  0.78     51.6021      0.0000      0.0414
 j =21/2-  (   n21/2)  0.77     52.4259      0.0000      0.5624
 j =21/2-  (   n21/2)  0.61     67.5396      0.0000      0.2075
 j =23/2+  (   o23/2)  0.71     29.3736      0.0000      0.0039
 j =23/2+  (   o23/2)  0.73     52.3220      0.0000      0.0261
 j =23/2+  (   o23/2)  0.69     63.4080      0.0000      0.4509
 j =23/2+  (   o23/2)  0.56     71.4640      0.0000      0.1513
 j =23/2-  (   n23/2)  0.72     27.0207      0.0000      0.0059
 j =23/2-  (   n23/2)  0.76     41.9917      0.0000      0.5759
 j =23/2-  (   n23/2)  0.78     50.1570      0.0000      0.0410
 j =23/2-  (   n23/2)  0.60     60.8498      0.0000      0.2053
 j =25/2+  (   o25/2)  0.71     29.3879      0.0000      0.0039
 j =25/2+  (   o25/2)  0.73     51.3339      0.0000      0.0260
 j =25/2+  (   o25/2)  0.68     52.4998      0.0000      0.4612
 j =25/2+  (   o25/2)  0.55     65.7318      0.0000      0.1493
 j =25/2-  (   P25/2)  0.77     35.1366      0.0000      0.0074
 j =25/2-  (   P25/2)  0.78     59.0958      0.0000      0.0648
 j =25/2-  (   P25/2)  0.64     69.6276      0.0000      0.3364
 j =27/2+  (   q27/2)  0.77     37.8919      0.0000      0.0048
 j =27/2+  (   q27/2)  0.74     61.3459      0.0000      0.0419
 j =27/2+  (   q27/2)  0.61     76.6289      0.0000      0.2470
 j =27/2-  (   P27/2)  0.77     35.1057      0.0000      0.0074
 j =27/2-  (   P27/2)  0.77     56.9630      0.0000      0.0643
 j =27/2-  (   P27/2)  0.63     60.1021      0.0000      0.3417
 j =29/2+  (   q29/2)  0.77     37.8826      0.0000      0.0048
 j =29/2+  (   q29/2)  0.74     59.8666      0.0000      0.0416
 j =29/2+  (   q29/2)  0.61     68.2983      0.0000      0.2501
 j =29/2-  (   r29/2)  0.78     46.4883      0.0000      0.0111
 j =29/2-  (   r29/2)  0.77     71.8987      0.0000      0.1270
 j =31/2+  (   S31/2)  0.78     49.5686      0.0000      0.0070
 j =31/2+  (   S31/2)  0.77     76.4093      0.0000      0.0839
 j =31/2-  (   r31/2)  0.77     46.3342      0.0000      0.0109
 j =31/2-  (   r31/2)  0.77     67.9615      0.0000      0.1277
 j =33/2+  (   S33/2)  0.77     49.4459      0.0000      0.0070
 j =33/2+  (   S33/2)  0.76     73.4925      0.0000      0.0842
 j =33/2-  (   t33/2)  0.98     63.6220      0.0000      0.0241
 j =35/2+  (   u35/2)  0.98     67.1858      0.0000      0.0151
 j =35/2-  (   t35/2)  0.98     63.0167      0.0000      0.0241
 j =37/2+  (   u37/2)  0.98     66.7772      0.0000      0.0151
 single-particle energies and gaps  in the canonical basis: Proton: 
 ------------------------------------------------------------------
    j pi     (nr,l,j)  smax       Ecan       vvcan       decan
 j = 1/2+  (   s 1/2)  0.78    -46.5034      0.9999     -0.6676
 j = 1/2+  (   s 1/2)  0.73    -28.1154      0.9997     -0.8767
 j = 1/2+  (   s 1/2)  0.94     -3.3804      0.1259     -0.6864
 j = 1/2+  (   s 1/2)  0.52     13.8532      0.0000     -0.0032
 j = 1/2+  (   s 1/2)  0.89     23.4625      0.0001     -0.5935
 j = 1/2+  (   s 1/2)  0.56     26.8067      0.0000     -0.0133
 j = 1/2+  (   s 1/2)  0.67     46.4281      0.0000     -0.0286
 j = 1/2+  (   s 1/2)  0.63     47.3698      0.0000     -0.2294
 j = 1/2+  (   s 1/2)  0.68     71.9768      0.0000     -0.0620
 j = 1/2+  (   s 1/2)  0.65    107.5196      0.0000     -0.0863
 j = 1/2-  (   p 1/2)  0.95    -41.1793      0.9999     -0.6061
 j = 1/2-  (   p 1/2)  0.94    -16.6876      0.9995     -0.5481
 j = 1/2-  (   p 1/2)  0.96      8.1384      0.0002     -0.3792
 j = 1/2-  (   p 1/2)  0.60     15.0146      0.0000     -0.0020
 j = 1/2-  (   p 1/2)  0.52     31.3246      0.0000     -0.0078
 j = 1/2-  (   p 1/2)  0.80     35.6658      0.0000     -0.2850
 j = 1/2-  (   p 1/2)  0.64     55.9527      0.0000     -0.0239
 j = 1/2-  (   p 1/2)  0.62     57.3338      0.0000     -0.1522
 j = 1/2-  (   p 1/2)  0.68     95.9563      0.0000     -0.0716
 j = 3/2+  (   d 3/2)  0.98    -32.3326      0.9999     -0.5388
 j = 3/2+  (   d 3/2)  0.97     -5.5503      0.9751     -0.4579
 j = 3/2+  (   d 3/2)  0.52     14.7027      0.0000     -0.0022
 j = 3/2+  (   d 3/2)  0.93     17.9149      0.0000     -0.2336
 j = 3/2+  (   d 3/2)  0.60     28.2543      0.0000     -0.0100
 j = 3/2+  (   d 3/2)  0.78     42.9313      0.0000     -0.1608
 j = 3/2+  (   d 3/2)  0.65     48.5558      0.0000     -0.0245
 j = 3/2+  (   d 3/2)  0.64     74.8689      0.0000     -0.0622
 j = 3/2+  (   d 3/2)  0.64    109.5988      0.0000     -0.0787
 j = 3/2-  (   p 3/2)  0.94    -41.6885      0.9999     -0.6061
 j = 3/2-  (   p 3/2)  0.92    -17.0749      0.9996     -0.5488
 j = 3/2-  (   p 3/2)  0.95      8.1669      0.0002     -0.3725
 j = 3/2-  (   p 3/2)  0.60     14.9955      0.0000     -0.0021
 j = 3/2-  (   p 3/2)  0.52     31.3159      0.0000     -0.0078
 j = 3/2-  (   p 3/2)  0.80     36.2646      0.0000     -0.2914
 j = 3/2-  (   p 3/2)  0.64     55.7032      0.0000     -0.0238
 j = 3/2-  (   p 3/2)  0.63     57.5798      0.0000     -0.1522
 j = 3/2-  (   p 3/2)  0.68     95.7329      0.0000     -0.0709
 j = 5/2+  (   d 5/2)  0.97    -33.9479      0.9999     -0.5453
 j = 5/2+  (   d 5/2)  0.96     -6.9893      0.9937     -0.4557
 j = 5/2+  (   d 5/2)  0.52     14.6773      0.0000     -0.0021
 j = 5/2+  (   d 5/2)  0.93     17.3491      0.0000     -0.2334
 j = 5/2+  (   d 5/2)  0.60     28.1399      0.0000     -0.0099
 j = 5/2+  (   d 5/2)  0.78     43.8985      0.0000     -0.1601
 j = 5/2+  (   d 5/2)  0.65     48.4332      0.0000     -0.0238
 j = 5/2+  (   d 5/2)  0.63     74.3797      0.0000     -0.0602
 j = 5/2+  (   d 5/2)  0.64    110.4286      0.0000     -0.0803
 j = 5/2-  (   f 5/2)  0.98    -22.0939      0.9998     -0.4891
 j = 5/2-  (   f 5/2)  0.97      5.3664      0.0004     -0.3736
 j = 5/2-  (   f 5/2)  0.59     16.5435      0.0000     -0.0017
 j = 5/2-  (   f 5/2)  0.88     29.0300      0.0000     -0.1898
 j = 5/2-  (   f 5/2)  0.55     33.8334      0.0000     -0.0061
 j = 5/2-  (   f 5/2)  0.66     52.4272      0.0000     -0.1092
 j = 5/2-  (   f 5/2)  0.67     59.2548      0.0000     -0.0233
 j = 5/2-  (   f 5/2)  0.64    101.0842      0.0000     -0.0611
 j = 7/2+  (   g 7/2)  0.98    -11.0298      0.9990     -0.4456
 j = 7/2+  (   g 7/2)  0.93     16.3781      0.0000     -0.2872
 j = 7/2+  (   g 7/2)  0.52     16.5020      0.0000     -0.0016
 j = 7/2+  (   g 7/2)  0.60     29.5225      0.0000     -0.0095
 j = 7/2+  (   g 7/2)  0.77     40.9427      0.0000     -0.1589
 j = 7/2+  (   g 7/2)  0.64     49.6544      0.0000     -0.0225
 j = 7/2+  (   g 7/2)  0.63     75.2016      0.0000     -0.0595
 j = 7/2+  (   g 7/2)  0.63    108.9080      0.0000     -0.0503
 j = 7/2-  (   f 7/2)  0.98    -25.1610      0.9999     -0.5020
 j = 7/2-  (   f 7/2)  0.97      3.0527      0.0006     -0.3629
 j = 7/2-  (   f 7/2)  0.60     16.5441      0.0000     -0.0017
 j = 7/2-  (   f 7/2)  0.89     27.7470      0.0000     -0.1930
 j = 7/2-  (   f 7/2)  0.55     33.9601      0.0000     -0.0061
 j = 7/2-  (   f 7/2)  0.67     52.0149      0.0000     -0.1078
 j = 7/2-  (   f 7/2)  0.67     58.9030      0.0000     -0.0233
 j = 7/2-  (   f 7/2)  0.64    102.2367      0.0000     -0.0613
 j = 9/2+  (   g 9/2)  0.98    -15.7507      0.9996     -0.4600
 j = 9/2+  (   g 9/2)  0.94     13.4750      0.0001     -0.2772
 j = 9/2+  (   g 9/2)  0.52     16.4826      0.0000     -0.0017
 j = 9/2+  (   g 9/2)  0.60     29.3215      0.0000     -0.0099
 j = 9/2+  (   g 9/2)  0.78     39.2556      0.0000     -0.1616
 j = 9/2+  (   g 9/2)  0.65     49.2775      0.0000     -0.0226
 j = 9/2+  (   g 9/2)  0.62     73.7160      0.0000     -0.0564
 j = 9/2+  (   g 9/2)  0.62    109.8752      0.0000     -0.0512
 j = 9/2-  (   h 9/2)  0.98      0.3654      0.0020     -0.4060
 j = 9/2-  (   h 9/2)  0.58     18.9081      0.0000     -0.0017
 j = 9/2-  (   h 9/2)  0.88     27.1280      0.0000     -0.2069
 j = 9/2-  (   h 9/2)  0.54     35.3710      0.0000     -0.0068
 j = 9/2-  (   h 9/2)  0.63     52.4616      0.0000     -0.1295
 j = 9/2-  (   h 9/2)  0.67     59.5047      0.0000     -0.0254
 j = 9/2-  (   h 9/2)  0.65    100.2507      0.0000     -0.0594
 j =11/2+  (   i11/2)  0.96     11.8591      0.0001     -0.3604
 j =11/2+  (   i11/2)  0.52     19.6070      0.0000     -0.0015
 j =11/2+  (   i11/2)  0.65     32.4177      0.0000     -0.0109
 j =11/2+  (   i11/2)  0.83     37.3537      0.0000     -0.1525
 j =11/2+  (   i11/2)  0.64     51.2189      0.0000     -0.0279
 j =11/2+  (   i11/2)  0.64     74.6470      0.0000     -0.0641
 j =11/2+  (   i11/2)  0.64    108.1590      0.0000     -0.0617
 j =11/2-  (   h11/2)  0.98     -6.0558      0.9886     -0.4140
 j =11/2-  (   h11/2)  0.58     18.8587      0.0000     -0.0018
 j =11/2-  (   h11/2)  0.89     23.8735      0.0000     -0.2040
 j =11/2-  (   h11/2)  0.54     35.2835      0.0000     -0.0071
 j =11/2-  (   h11/2)  0.64     50.3197      0.0000     -0.1304
 j =11/2-  (   h11/2)  0.67     58.4126      0.0000     -0.0255
 j =11/2-  (   h11/2)  0.65     99.0746      0.0000     -0.0590
 j =13/2+  (   i13/2)  0.97      3.8115      0.0005     -0.3660
 j =13/2+  (   i13/2)  0.52     19.5782      0.0000     -0.0017
 j =13/2+  (   i13/2)  0.66     32.1750      0.0000     -0.0122
 j =13/2+  (   i13/2)  0.84     33.5524      0.0000     -0.1522
 j =13/2+  (   i13/2)  0.66     50.5315      0.0000     -0.0297
 j =13/2+  (   i13/2)  0.64     72.1514      0.0000     -0.0615
 j =13/2+  (   i13/2)  0.63    106.0967      0.0000     -0.0624
 j =13/2-  (   j13/2)  0.56     22.7935      0.0000     -0.0015
 j =13/2-  (   j13/2)  0.93     23.1283      0.0000     -0.3076
 j =13/2-  (   j13/2)  0.56     38.8751      0.0000     -0.0074
 j =13/2-  (   j13/2)  0.74     47.9478      0.0000     -0.1192
 j =13/2-  (   j13/2)  0.70     62.1989      0.0000     -0.0287
 j =13/2-  (   j13/2)  0.64     98.4411      0.0000     -0.0645
 j =15/2+  (   k15/2)  0.54     24.0708      0.0000     -0.0014
 j =15/2+  (   k15/2)  0.89     34.4619      0.0000     -0.2575
 j =15/2+  (   k15/2)  0.71     36.6099      0.0000     -0.0153
 j =15/2+  (   k15/2)  0.65     53.0065      0.0000     -0.0382
 j =15/2+  (   k15/2)  0.66     73.2765      0.0000     -0.0592
 j =15/2+  (   k15/2)  0.64    104.4683      0.0000     -0.0493
 j =15/2-  (   j15/2)  0.94     13.8659      0.0001     -0.3130
 j =15/2-  (   j15/2)  0.56     22.7228      0.0000     -0.0016
 j =15/2-  (   j15/2)  0.56     38.7461      0.0000     -0.0079
 j =15/2-  (   j15/2)  0.75     43.3089      0.0000     -0.1197
 j =15/2-  (   j15/2)  0.70     60.6266      0.0000     -0.0289
 j =15/2-  (   j15/2)  0.64     95.6108      0.0000     -0.0642
 j =17/2+  (   k17/2)  0.53     24.0180      0.0000     -0.0015
 j =17/2+  (   k17/2)  0.89     24.1570      0.0000     -0.2626
 j =17/2+  (   k17/2)  0.73     35.7283      0.0000     -0.0204
 j =17/2+  (   k17/2)  0.71     51.0064      0.0000     -0.0417
 j =17/2+  (   k17/2)  0.69     69.3247      0.0000     -0.0510
 j =17/2+  (   k17/2)  0.64    101.4319      0.0000     -0.0492
 j =17/2-  (   l17/2)  0.57     28.1387      0.0000     -0.0017
 j =17/2-  (   l17/2)  0.66     43.6574      0.0000     -0.0112
 j =17/2-  (   l17/2)  0.82     45.5263      0.0000     -0.2102
 j =17/2-  (   l17/2)  0.72     63.8034      0.0000     -0.0399
 j =17/2-  (   l17/2)  0.65     94.9275      0.0000     -0.0541
 j =19/2+  (   m19/2)  0.57     30.0568      0.0000     -0.0010
 j =19/2+  (   m19/2)  0.63     46.0291      0.0000     -0.0063
 j =19/2+  (   m19/2)  0.75     56.9676      0.0000     -0.1686
 j =19/2+  (   m19/2)  0.70     66.6250      0.0000     -0.0242
 j =19/2+  (   m19/2)  0.65    101.0536      0.0000     -0.0480
 j =19/2-  (   l19/2)  0.56     28.0238      0.0000     -0.0020
 j =19/2-  (   l19/2)  0.83     34.5411      0.0000     -0.2141
 j =19/2-  (   l19/2)  0.66     43.0435      0.0000     -0.0138
 j =19/2-  (   l19/2)  0.74     60.5048      0.0000     -0.0406
 j =19/2-  (   l19/2)  0.67     89.8974      0.0000     -0.0513
 j =21/2+  (   m21/2)  0.57     29.9837      0.0000     -0.0010
 j =21/2+  (   m21/2)  0.76     45.3465      0.0000     -0.1718
 j =21/2+  (   m21/2)  0.63     45.5949      0.0000     -0.0076
 j =21/2+  (   m21/2)  0.71     64.1285      0.0000     -0.0259
 j =21/2+  (   m21/2)  0.67     94.5161      0.0000     -0.0455
 j =21/2-  (   n21/2)  0.59     35.3075      0.0000     -0.0019
 j =21/2-  (   n21/2)  0.83     50.6124      0.0000     -0.0283
 j =21/2-  (   n21/2)  0.74     65.5184      0.0000     -0.0729
 j =21/2-  (   n21/2)  0.66     92.4485      0.0000     -0.0762
 j =23/2+  (   o23/2)  0.60     37.5771      0.0000     -0.0009
 j =23/2+  (   o23/2)  0.80     54.5701      0.0000     -0.0130
 j =23/2+  (   o23/2)  0.72     70.8353      0.0000     -0.0505
 j =23/2+  (   o23/2)  0.65     98.3483      0.0000     -0.0702
 j =23/2-  (   n23/2)  0.63     35.4021      0.0000     -0.0012
 j =23/2-  (   n23/2)  0.58     53.6957      0.0000     -0.0077
 j =23/2-  (   n23/2)  0.67     56.7274      0.0000     -0.1366
 j =23/2-  (   n23/2)  0.77     78.8679      0.0000     -0.0354
 j =25/2+  (   o25/2)  0.59     37.4755      0.0000     -0.0011
 j =25/2+  (   o25/2)  0.86     53.0709      0.0000     -0.0255
 j =25/2+  (   o25/2)  0.78     65.1569      0.0000     -0.0551
 j =25/2+  (   o25/2)  0.71     87.5953      0.0000     -0.0549
 j =25/2-  (   P25/2)  0.68     44.6756      0.0000     -0.0013
 j =25/2-  (   P25/2)  0.79     64.6822      0.0000     -0.0153
 j =25/2-  (   P25/2)  0.70     87.8240      0.0000     -0.0643
 j =27/2+  (   q27/2)  0.69     47.1906      0.0000     -0.0008
 j =27/2+  (   q27/2)  0.79     68.7640      0.0000     -0.0077
 j =27/2+  (   q27/2)  0.69     92.9255      0.0000     -0.0465
 j =27/2-  (   P27/2)  0.66     44.4819      0.0000     -0.0018
 j =27/2-  (   P27/2)  0.80     62.8693      0.0000     -0.0213
 j =27/2-  (   P27/2)  0.75     77.9894      0.0000     -0.0585
 j =29/2+  (   q29/2)  0.67     47.0298      0.0000     -0.0011
 j =29/2+  (   q29/2)  0.80     67.7600      0.0000     -0.0093
 j =29/2+  (   q29/2)  0.71     84.1516      0.0000     -0.0451
 j =29/2-  (   r29/2)  0.77     56.9741      0.0000     -0.0011
 j =29/2-  (   r29/2)  0.76     83.4738      0.0000     -0.0210
 j =31/2+  (   S31/2)  0.76     59.8006      0.0000     -0.0007
 j =31/2+  (   S31/2)  0.76     88.0238      0.0000     -0.0128
 j =31/2-  (   r31/2)  0.76     56.7783      0.0000     -0.0011
 j =31/2-  (   r31/2)  0.75     79.5626      0.0000     -0.0210
 j =33/2+  (   S33/2)  0.76     59.6387      0.0000     -0.0007
 j =33/2+  (   S33/2)  0.75     85.1229      0.0000     -0.0128
 j =33/2-  (   t33/2)  0.98     74.7044      0.0000     -0.0028
 j =35/2+  (   u35/2)  0.98     78.0651      0.0000     -0.0016
 j =35/2-  (   t35/2)  0.98     74.0753      0.0000     -0.0028
 j =37/2+  (   u37/2)  0.98     77.6295      0.0000     -0.0016
  ****** END CANON **********************************
  ****** BEGIN RESU *********************************
   ****** BEGIN EXPECT *******

                            neutron        proton         total
 particle number           106.000000      80.000000     186.000000
 trace scalar density      101.043886      76.786906     177.830792
 lambda                     -8.833918      -4.154655
 spk                        13.932454      -3.256614
 rms-Radius                  5.421060       5.341412       5.386947
 charge-Radius                              5.400989
 Particle Energ          -2929.683419   -1548.110200   -4477.793619
 Selfconsistency Test.                                     0.000009

 Kinetic Energy           1432.797294     949.267180    2382.064475
 E-scsc                                               -28808.647834
 E-scve                                                24143.333706
 E-vesc                                                    0.000000
 E-veve                                                   40.353436
 E-rearrang.                                             779.812936
 Coulomb direct                                          805.125173
 Pairing Energy            -17.983692      -1.376598     -19.360290
 Sum without E-cm                                      -1457.131335
DE-cm <P**2>/2M            -11.258518      -7.350714     -18.609232
NE-cm <P**2>/2M              8.105095       4.754482      12.859576
 E-cm <P**2>/2M             -3.153423      -2.596233      -5.749656
 Total Energy                                          -1462.880990
 E/A                                                      -7.864952

  ****** END EXPECT *********************************


 quasi-particle properties Neutron:
 ------------------------------------------------------------------
     p/h    l j     [nr,l,j]  smax       Eqp       uu       vv
   1  h   1s 1/2   ( 3s  1/2) 0.95     7.835     0.010     0.990
   2  p   2s 1/2   ( 4s  1/2) 0.78     9.459     0.999     0.001
   3  p   3s 1/2   ( 4s  1/2) 0.52    14.572     0.999     0.001
   4  p   4s 1/2   ( 5s  1/2) 0.68    23.854     0.999     0.001
   5  h   5s 1/2   ( 2s  1/2) 0.88    32.809     0.002     0.998
   6  p   6s 1/2   ( 6s  1/2) 0.53    36.893     0.999     0.001
   7  p   7s 1/2   ( 6s  1/2) 0.55    52.658     1.000     0.000
   8  h   8s 1/2   ( 1s  1/2) 0.92    54.273     0.001     0.999
   9  p   9s 1/2   ( 8s  1/2) 0.59    72.726     1.000     0.000
  11  p   1p 1/2   ( 3p  1/2) 0.94     2.281     0.928     0.072
  12  p   2p 1/2   ( 4p  1/2) 0.55    12.352     0.999     0.001
  13  p   3p 1/2   ( 4p  1/2) 0.72    19.845     0.997     0.003
  14  h   4p 1/2   ( 2p  1/2) 0.96    22.386     0.005     0.995
  15  p   5p 1/2   ( 5p  1/2) 0.68    31.511     1.000     0.000
  16  p   6p 1/2   ( 6p  1/2) 0.60    46.754     0.979     0.021
  17  h   7p 1/2   ( 1p  1/2) 0.96    47.444     0.022     0.978
  18  p   8p 1/2   ( 7p  1/2) 0.65    65.948     1.000     0.000
  19  p   9p 1/2   ( 8p  1/2) 0.64    97.124     1.000     0.000
  20  p   1d 3/2   ( 3d  3/2) 0.88     9.358     0.989     0.011
  21  h   2d 3/2   ( 2d  3/2) 0.97    10.604     0.018     0.982
  22  p   3d 3/2   ( 5d  3/2) 0.45    14.602     0.998     0.002
  23  p   4d 3/2   ( 4d  3/2) 0.72    23.752     0.999     0.001
  24  p   5d 3/2   ( 5d  3/2) 0.58    36.475     0.996     0.004
  25  h   6d 3/2   ( 1d  3/2) 0.98    38.044     0.004     0.996
  26  p   7d 3/2   ( 5d  3/2) 0.55    52.222     1.000     0.000
  27  p   8d 3/2   ( 7d  3/2) 0.62    72.390     1.000     0.000
  29  p   1p 3/2   ( 3p  3/2) 0.93     2.129     0.922     0.078
  30  p   2p 3/2   ( 4p  3/2) 0.54    12.356     0.999     0.001
  31  p   3p 3/2   ( 4p  3/2) 0.71    19.829     0.998     0.002
  32  h   4p 3/2   ( 2p  3/2) 0.94    22.696     0.004     0.996
  33  p   5p 3/2   ( 5p  3/2) 0.67    31.544     1.000     0.000
  34  p   6p 3/2   ( 6p  3/2) 0.59    46.720     0.991     0.009
  35  h   7p 3/2   ( 1p  3/2) 0.95    47.776     0.010     0.990
  36  p   8p 3/2   ( 7p  3/2) 0.63    65.778     1.000     0.000
  37  p   9p 3/2   ( 8p  3/2) 0.64    97.474     1.000     0.000
  38  p   1d 5/2   ( 3d  5/2) 0.89     9.064     0.997     0.003
  39  h   2d 5/2   ( 2d  5/2) 0.96    11.939     0.010     0.990
  40  p   3d 5/2   ( 5d  5/2) 0.48    14.487     0.996     0.004
  41  p   4d 5/2   ( 4d  5/2) 0.71    23.645     0.999     0.001
  42  p   5d 5/2   ( 5d  5/2) 0.56    36.504     0.999     0.001
  43  h   6d 5/2   ( 1d  5/2) 0.97    39.426     0.002     0.998
  44  p   7d 5/2   ( 5d  5/2) 0.54    52.226     1.000     0.000
  45  p   8d 5/2   ( 7d  5/2) 0.59    72.164     1.000     0.000
  47  p   1f 5/2   ( 2f  5/2) 0.84     1.568     0.726     0.274
  48  p   2f 5/2   ( 3f  5/2) 0.62    13.416     1.000     0.000
  49  p   3f 5/2   ( 3f  5/2) 0.71    19.917     1.000     0.000
  50  h   4f 5/2   ( 1f  5/2) 0.98    27.276     0.002     0.998
  51  p   5f 5/2   ( 4f  5/2) 0.72    31.217     0.999     0.001
  52  p   6f 5/2   ( 5f  5/2) 0.65    46.274     1.000     0.000
  53  p   7f 5/2   ( 6f  5/2) 0.67    65.351     1.000     0.000
  54  p   8f 5/2   ( 7f  5/2) 0.64    95.651     1.000     0.000
  55  p   1g 7/2   ( 2g  7/2) 0.95     9.830     0.995     0.005
  56  h   2g 7/2   ( 1g  7/2) 0.74    15.581     0.422     0.578
  57  p   3g 7/2   ( 5g  7/2) 0.36    15.907     0.583     0.417
  58  p   4g 7/2   ( 3g  7/2) 0.75    24.493     0.999     0.001
  59  p   5g 7/2   ( 4g  7/2) 0.62    36.527     1.000     0.000
  60  p   6g 7/2   ( 5g  7/2) 0.56    52.005     1.000     0.000
  61  p   7g 7/2   ( 6g  7/2) 0.63    72.000     1.000     0.000
  63  h   1f 7/2   ( 2f  7/2) 0.91     2.026     0.134     0.866
  64  p   2f 7/2   ( 3f  7/2) 0.65    13.183     1.000     0.000
  65  p   3f 7/2   ( 3f  7/2) 0.68    19.349     1.000     0.000
  66  h   4f 7/2   ( 1f  7/2) 0.97    30.036     0.026     0.974
  67  p   5f 7/2   ( 4f  7/2) 0.71    30.777     0.975     0.025
  68  p   6f 7/2   ( 5f  7/2) 0.63    45.975     1.000     0.000
  69  p   7f 7/2   ( 6f  7/2) 0.65    64.745     1.000     0.000
  70  p   8f 7/2   ( 7f  7/2) 0.63    96.744     1.000     0.000
  71  p   1g 9/2   ( 2g  9/2) 0.97     7.708     0.995     0.005
  72  p   2g 9/2   ( 4g  9/2) 0.50    15.410     0.999     0.001
  73  h   3g 9/2   ( 1g  9/2) 0.98    20.119     0.005     0.995
  74  p   4g 9/2   ( 3g  9/2) 0.75    23.685     0.998     0.002
  75  p   5g 9/2   ( 4g  9/2) 0.65    35.579     1.000     0.000
  76  p   6g 9/2   ( 5g  9/2) 0.57    51.120     1.000     0.000
  77  p   7g 9/2   ( 6g  9/2) 0.62    70.690     1.000     0.000
  79  h   1h 9/2   ( 1h  9/2) 0.96     4.005     0.036     0.964
  80  p   2h 9/2   ( 2h  9/2) 0.72    15.501     1.000     0.000
  81  p   3h 9/2   ( 2h  9/2) 0.64    20.505     1.000     0.000
  82  p   4h 9/2   ( 3h  9/2) 0.75    31.597     1.000     0.000
  83  p   5h 9/2   ( 4h  9/2) 0.67    46.428     1.000     0.000
  84  p   6h 9/2   ( 5h  9/2) 0.68    65.140     1.000     0.000
  85  p   7h 9/2   ( 6h  9/2) 0.64    95.097     1.000     0.000
  86  p   1i11/2   ( 1i 11/2) 0.97     7.941     0.993     0.007
  87  p   2i11/2   ( 2i 11/2) 0.48    18.244     1.000     0.000
  88  p   3i11/2   ( 2i 11/2) 0.78    25.434     1.000     0.000
  89  p   4i11/2   ( 3i 11/2) 0.69    36.289     1.000     0.000
  90  p   5i11/2   ( 4i 11/2) 0.60    51.834     1.000     0.000
  91  p   6i11/2   ( 5i 11/2) 0.65    71.446     1.000     0.000
  93  h   1h11/2   ( 1h 11/2) 0.98     9.949     0.007     0.993
  94  p   2h11/2   ( 2h 11/2) 0.85    14.531     0.999     0.001
  95  p   3h11/2   ( 4h 11/2) 0.48    19.214     0.999     0.001
  96  p   4h11/2   ( 3h 11/2) 0.76    30.449     1.000     0.000
  97  p   5h11/2   ( 4h 11/2) 0.69    45.044     1.000     0.000
  98  p   6h11/2   ( 5h 11/2) 0.68    62.997     1.000     0.000
  99  p   7h11/2   ( 6h 11/2) 0.64    94.184     1.000     0.000
 100  p   1i13/2   ( 1i 13/2) 0.77     1.440     0.626     0.374
 101  p   2i13/2   ( 2i 13/2) 0.56    17.952     1.000     0.000
 102  p   3i13/2   ( 2i 13/2) 0.76    23.872     1.000     0.000
 103  p   4i13/2   ( 3i 13/2) 0.74    34.734     1.000     0.000
 104  p   5i13/2   ( 4i 13/2) 0.64    50.187     1.000     0.000
 105  p   6i13/2   ( 5i 13/2) 0.65    68.864     1.000     0.000
 107  p   1j13/2   ( 1j 13/2) 0.93    17.890     0.999     0.001
 108  p   2j13/2   ( 4j 13/2) 0.50    22.017     1.000     0.000
 109  p   3j13/2   ( 2j 13/2) 0.79    32.342     1.000     0.000
 110  p   4j13/2   ( 3j 13/2) 0.72    45.854     1.000     0.000
 111  p   5j13/2   ( 4j 13/2) 0.71    64.117     1.000     0.000
 112  p   6j13/2   ( 5j 13/2) 0.64    93.678     1.000     0.000
 113  p   1k15/2   ( 3k 15/2) 0.49    22.753     1.000     0.000
 114  p   2k15/2   ( 1k 15/2) 0.85    27.762     1.000     0.000
 115  p   3k15/2   ( 2k 15/2) 0.75    37.315     1.000     0.000
 116  p   4k15/2   ( 3k 15/2) 0.66    51.518     1.000     0.000
 117  p   5k15/2   ( 4k 15/2) 0.68    70.093     1.000     0.000
 119  p   1j15/2   ( 1j 15/2) 0.97    10.326     0.997     0.003
 120  p   2j15/2   ( 2j 15/2) 0.54    21.225     1.000     0.000
 121  p   3j15/2   ( 2j 15/2) 0.78    30.355     1.000     0.000
 122  p   4j15/2   ( 3j 15/2) 0.75    43.742     1.000     0.000
 123  p   5j15/2   ( 4j 15/2) 0.71    61.160     1.000     0.000
 124  p   6j15/2   ( 6j 15/2) 0.64    90.756     1.000     0.000
 125  p   1k17/2   ( 1k 17/2) 0.96    19.438     0.999     0.001
 126  p   2k17/2   ( 3k 17/2) 0.50    23.645     1.000     0.000
 127  p   3k17/2   ( 2k 17/2) 0.79    34.497     1.000     0.000
 128  p   4k17/2   ( 3k 17/2) 0.73    48.750     1.000     0.000
 129  p   5k17/2   ( 4k 17/2) 0.70    66.343     1.000     0.000
 130  p   6k17/2   ( 5k 17/2) 0.64    96.907     1.000     0.000
 131  p   1l17/2   ( 3l 17/2) 0.54    26.723     1.000     0.000
 132  p   2l17/2   ( 1l 17/2) 0.84    35.321     1.000     0.000
 133  p   3l17/2   ( 2l 17/2) 0.75    46.620     1.000     0.000
 134  p   4l17/2   ( 3l 17/2) 0.72    63.860     1.000     0.000
 135  p   5l17/2   ( 5l 17/2) 0.66    90.621     1.000     0.000
 136  p   1m19/2   ( 3m 19/2) 0.56    29.133     1.000     0.000
 137  p   2m19/2   ( 1m 19/2) 0.81    40.218     1.000     0.000
 138  p   3m19/2   ( 2m 19/2) 0.68    52.116     1.000     0.000
 139  p   4m19/2   ( 3m 19/2) 0.69    70.038     1.000     0.000
 140  p   5m19/2   ( 4m 19/2) 0.65    97.464     1.000     0.000
 141  p   1l19/2   ( 1l 19/2) 0.67    26.099     1.000     0.000
 142  p   2l19/2   ( 1l 19/2) 0.72    29.735     1.000     0.000
 143  p   3l19/2   ( 2l 19/2) 0.78    42.825     1.000     0.000
 144  p   4l19/2   ( 3l 19/2) 0.75    58.788     1.000     0.000
 145  p   5l19/2   ( 5l 19/2) 0.68    85.711     1.000     0.000
 146  p   1m21/2   ( 3m 21/2) 0.55    29.023     1.000     0.000
 147  p   2m21/2   ( 1m 21/2) 0.89    36.617     1.000     0.000
 148  p   3m21/2   ( 2m 21/2) 0.80    47.397     1.000     0.000
 149  p   4m21/2   ( 3m 21/2) 0.75    64.036     1.000     0.000
 150  p   5m21/2   ( 5m 21/2) 0.67    90.800     1.000     0.000
 151  p   1n21/2   ( 2n 21/2) 0.60    34.138     1.000     0.000
 152  p   2n21/2   ( 1n 21/2) 0.81    47.999     1.000     0.000
 153  p   3n21/2   ( 2n 21/2) 0.73    63.377     1.000     0.000
 154  p   4n21/2   ( 4n 21/2) 0.66    89.064     1.000     0.000
 155  p   1o23/2   ( 2o 23/2) 0.60    36.691     1.000     0.000
 156  p   2o23/2   ( 1o 23/2) 0.80    52.108     1.000     0.000
 157  p   3o23/2   ( 2o 23/2) 0.72    68.563     1.000     0.000
 158  p   4o23/2   ( 4o 23/2) 0.65    95.430     1.000     0.000
 159  p   1n23/2   ( 2n 23/2) 0.57    33.960     1.000     0.000
 160  p   2n23/2   ( 1n 23/2) 0.85    45.163     1.000     0.000
 161  p   3n23/2   ( 2n 23/2) 0.75    57.226     1.000     0.000
 162  p   4n23/2   ( 4n 23/2) 0.74    79.498     1.000     0.000
 163  p   1o25/2   ( 2o 25/2) 0.59    36.598     1.000     0.000
 164  p   2o25/2   ( 1o 25/2) 0.85    50.547     1.000     0.000
 165  p   3o25/2   ( 2o 25/2) 0.77    63.009     1.000     0.000
 166  p   4o25/2   ( 4o 25/2) 0.72    84.723     1.000     0.000
 167  p   1P25/2   ( 2P 25/2) 0.68    43.356     1.000     0.000
 168  p   2P25/2   ( 1P 25/2) 0.78    61.919     1.000     0.000
 169  p   3P25/2   ( 3P 25/2) 0.71    85.556     1.000     0.000
 170  p   1q27/2   ( 2q 27/2) 0.68    46.138     1.000     0.000
 171  p   2q27/2   ( 1q 27/2) 0.78    66.092     1.000     0.000
 172  p   3q27/2   ( 3q 27/2) 0.70    90.652     1.000     0.000
 173  p   1P27/2   ( 2P 27/2) 0.65    43.183     1.000     0.000
 174  p   2P27/2   ( 1P 27/2) 0.78    60.097     1.000     0.000
 175  p   3P27/2   ( 3P 27/2) 0.76    75.754     1.000     0.000
 176  p   1q29/2   ( 2q 29/2) 0.67    46.004     1.000     0.000
 177  p   2q29/2   ( 1q 29/2) 0.79    65.062     1.000     0.000
 178  p   3q29/2   ( 3q 29/2) 0.72    81.908     1.000     0.000
 179  p   1r29/2   ( 1r 29/2) 0.78    55.322     1.000     0.000
 180  p   2r29/2   ( 2r 29/2) 0.77    80.733     1.000     0.000
 181  p   1S31/2   ( 1S 31/2) 0.78    58.403     1.000     0.000
 182  p   2S31/2   ( 2S 31/2) 0.77    85.243     1.000     0.000
 183  p   1r31/2   ( 1r 31/2) 0.77    55.168     1.000     0.000
 184  p   2r31/2   ( 2r 31/2) 0.77    76.796     1.000     0.000
 185  p   1S33/2   ( 1S 33/2) 0.77    58.280     1.000     0.000
 186  p   2S33/2   ( 2S 33/2) 0.76    82.326     1.000     0.000
 187  p   1t33/2   ( 1t 33/2) 0.98    72.456     1.000     0.000
 188  p   1u35/2   ( 1u 35/2) 0.98    76.020     1.000     0.000
 189  p   1t35/2   ( 1t 35/2) 0.98    71.851     1.000     0.000
 190  p   1u37/2   ( 1u 37/2) 0.98    75.611     1.000     0.000


 quasi-particle properties Proton: 
 ------------------------------------------------------------------
     p/h    l j     [nr,l,j]  smax       Eqp       uu       vv
   1  p   1s 1/2   ( 3s  1/2) 0.87     0.992     0.874     0.126
   2  p   2s 1/2   ( 4s  1/2) 0.58    16.086     1.000     0.000
   3  p   3s 1/2   ( 4s  1/2) 0.70    20.806     0.994     0.006
   4  h   4s 1/2   ( 2s  1/2) 0.85    22.872     0.007     0.993
   5  p   5s 1/2   ( 5s  1/2) 0.64    30.324     0.999     0.001
   6  h   6s 1/2   ( 1s  1/2) 0.90    43.464     0.005     0.995
   7  p   7s 1/2   ( 5s  1/2) 0.56    44.127     0.995     0.005
   8  p   8s 1/2   ( 6s  1/2) 0.58    59.971     1.000     0.000
   9  p   9s 1/2   ( 8s  1/2) 0.56    80.907     1.000     0.000
  11  p   1p 1/2   ( 3p  1/2) 0.95    10.341     1.000     0.000
  12  h   2p 1/2   ( 2p  1/2) 0.94    12.545     0.000     1.000
  13  p   3p 1/2   ( 5p  1/2) 0.50    18.115     1.000     0.000
  14  p   4p 1/2   ( 4p  1/2) 0.75    26.700     1.000     0.000
  15  h   5p 1/2   ( 1p  1/2) 0.95    37.030     0.000     1.000
  16  p   6p 1/2   ( 5p  1/2) 0.61    38.814     1.000     0.000
  17  p   7p 1/2   ( 6p  1/2) 0.54    54.206     1.000     0.000
  18  p   8p 1/2   ( 7p  1/2) 0.61    74.175     1.000     0.000
  20  h   1d 3/2   ( 2d  3/2) 0.96     1.466     0.025     0.975
  21  p   2d 3/2   ( 3d  3/2) 0.69    16.594     1.000     0.000
  22  p   3d 3/2   ( 3d  3/2) 0.66    20.694     1.000     0.000
  23  h   4d 3/2   ( 1d  3/2) 0.97    28.185     0.001     0.999
  24  p   5d 3/2   ( 4d  3/2) 0.68    30.391     1.000     0.000
  25  p   6d 3/2   ( 4d  3/2) 0.55    43.929     1.000     0.000
  26  p   7d 3/2   ( 5d  3/2) 0.58    59.835     1.000     0.000
  27  p   8d 3/2   ( 7d  3/2) 0.58    80.748     1.000     0.000
  29  p   1p 3/2   ( 3p  3/2) 0.94    10.283     1.000     0.000
  30  h   2p 3/2   ( 2p  3/2) 0.92    12.931     0.000     1.000
  31  p   3p 3/2   ( 5p  3/2) 0.51    18.123     1.000     0.000
  32  p   4p 3/2   ( 4p  3/2) 0.74    26.718     1.000     0.000
  33  h   5p 3/2   ( 1p  3/2) 0.94    37.539     0.000     1.000
  34  p   6p 3/2   ( 5p  3/2) 0.60    38.897     1.000     0.000
  35  p   7p 3/2   ( 6p  3/2) 0.53    54.199     1.000     0.000
  36  p   8p 3/2   ( 7p  3/2) 0.60    74.060     1.000     0.000
  38  h   1d 5/2   ( 2d  5/2) 0.95     2.859     0.006     0.994
  39  p   2d 5/2   ( 3d  5/2) 0.71    16.422     1.000     0.000
  40  p   3d 5/2   ( 3d  5/2) 0.62    20.477     1.000     0.000
  41  h   4d 5/2   ( 1d  5/2) 0.96    29.805     0.009     0.991
  42  p   5d 5/2   ( 4d  5/2) 0.66    30.282     0.991     0.009
  43  p   6d 5/2   ( 4d  5/2) 0.54    43.978     1.000     0.000
  44  p   7d 5/2   ( 5d  5/2) 0.57    59.860     1.000     0.000
  45  p   8d 5/2   ( 7d  5/2) 0.55    80.604     1.000     0.000
  47  p   1f 5/2   ( 2f  5/2) 0.98     9.007     1.000     0.000
  48  h   2f 5/2   ( 1f  5/2) 0.98    17.946     0.000     1.000
  49  p   3f 5/2   ( 4f  5/2) 0.48    19.308     1.000     0.000
  50  p   4f 5/2   ( 3f  5/2) 0.78    26.904     1.000     0.000
  51  p   5f 5/2   ( 4f  5/2) 0.67    38.484     1.000     0.000
  52  p   6f 5/2   ( 5f  5/2) 0.58    53.930     1.000     0.000
  53  p   7f 5/2   ( 6f  5/2) 0.63    73.668     1.000     0.000
  55  h   1g 7/2   ( 1g  7/2) 0.98     6.889     0.001     0.999
  56  p   2g 7/2   ( 2g  7/2) 0.89    17.330     1.000     0.000
  57  p   3g 7/2   ( 6g  7/2) 0.46    21.175     1.000     0.000
  58  p   4g 7/2   ( 3g  7/2) 0.73    31.044     1.000     0.000
  59  p   5g 7/2   ( 4g  7/2) 0.54    43.792     1.000     0.000
  60  p   6g 7/2   ( 4g  7/2) 0.57    59.577     1.000     0.000
  61  p   7g 7/2   ( 6g  7/2) 0.59    80.245     1.000     0.000
  63  p   1f 7/2   ( 2f  7/2) 0.97     6.895     0.999     0.001
  64  p   2f 7/2   ( 4f  7/2) 0.48    19.157     1.000     0.000
  65  h   3f 7/2   ( 1f  7/2) 0.98    21.013     0.000     1.000
  66  p   4f 7/2   ( 3f  7/2) 0.77    26.258     1.000     0.000
  67  p   5f 7/2   ( 4f  7/2) 0.67    37.951     1.000     0.000
  68  p   6f 7/2   ( 5f  7/2) 0.57    53.548     1.000     0.000
  69  p   7f 7/2   ( 6f  7/2) 0.61    73.063     1.000     0.000
  71  h   1g 9/2   ( 1g  9/2) 0.98    11.605     0.000     1.000
  72  p   2g 9/2   ( 2g  9/2) 0.95    15.496     1.000     0.000
  73  p   3g 9/2   ( 4g  9/2) 0.47    20.709     1.000     0.000
  74  p   4g 9/2   ( 3g  9/2) 0.74    30.233     1.000     0.000
  75  p   5g 9/2   ( 4g  9/2) 0.57    42.772     1.000     0.000
  76  p   6g 9/2   ( 4g  9/2) 0.54    58.556     1.000     0.000
  77  p   7g 9/2   ( 6g  9/2) 0.58    78.848     1.000     0.000
  79  p   1h 9/2   ( 1h  9/2) 0.98     4.479     0.998     0.002
  80  p   2h 9/2   ( 2h  9/2) 0.54    21.670     1.000     0.000
  81  p   3h 9/2   ( 2h  9/2) 0.79    27.027     1.000     0.000
  82  p   4h 9/2   ( 3h  9/2) 0.73    38.357     1.000     0.000
  83  p   5h 9/2   ( 4h  9/2) 0.62    53.786     1.000     0.000
  84  p   6h 9/2   ( 5h  9/2) 0.65    73.030     1.000     0.000
  86  p   1i11/2   ( 1i 11/2) 0.98    15.428     1.000     0.000
  87  p   2i11/2   ( 4i 11/2) 0.50    23.520     1.000     0.000
  88  p   3i11/2   ( 2i 11/2) 0.81    32.126     1.000     0.000
  89  p   4i11/2   ( 3i 11/2) 0.65    43.044     1.000     0.000
  90  p   5i11/2   ( 4i 11/2) 0.56    58.975     1.000     0.000
  91  p   6i11/2   ( 5i 11/2) 0.62    79.150     1.000     0.000
  93  h   1h11/2   ( 1h 11/2) 0.98     1.946     0.011     0.989
  94  p   2h11/2   ( 2h 11/2) 0.67    21.207     1.000     0.000
  95  p   3h11/2   ( 2h 11/2) 0.70    25.364     1.000     0.000
  96  p   4h11/2   ( 3h 11/2) 0.75    37.217     1.000     0.000
  97  p   5h11/2   ( 4h 11/2) 0.65    52.324     1.000     0.000
  98  p   6h11/2   ( 5h 11/2) 0.65    70.782     1.000     0.000
 100  p   1i13/2   ( 1i 13/2) 0.98     7.848     0.999     0.001
 101  p   2i13/2   ( 4i 13/2) 0.49    23.349     1.000     0.000
 102  p   3i13/2   ( 2i 13/2) 0.83    30.543     1.000     0.000
 103  p   4i13/2   ( 3i 13/2) 0.71    41.385     1.000     0.000
 104  p   5i13/2   ( 4i 13/2) 0.59    57.275     1.000     0.000
 105  p   6i13/2   ( 5i 13/2) 0.63    76.499     1.000     0.000
 107  p   1j13/2   ( 1j 13/2) 0.86    24.709     1.000     0.000
 108  p   2j13/2   ( 1j 13/2) 0.48    27.553     1.000     0.000
 109  p   3j13/2   ( 2j 13/2) 0.80    39.168     1.000     0.000
 110  p   4j13/2   ( 3j 13/2) 0.70    52.949     1.000     0.000
 111  p   5j13/2   ( 4j 13/2) 0.69    71.506     1.000     0.000
 113  p   1k15/2   ( 4k 15/2) 0.52    27.999     1.000     0.000
 114  p   2k15/2   ( 1k 15/2) 0.90    34.204     1.000     0.000
 115  p   3k15/2   ( 2k 15/2) 0.73    43.696     1.000     0.000
 116  p   4k15/2   ( 3k 15/2) 0.62    58.593     1.000     0.000
 117  p   5k15/2   ( 4k 15/2) 0.66    77.431     1.000     0.000
 119  p   1j15/2   ( 1j 15/2) 0.98    17.387     1.000     0.000
 120  p   2j15/2   ( 4j 15/2) 0.52    26.576     1.000     0.000
 121  p   3j15/2   ( 2j 15/2) 0.81    37.150     1.000     0.000
 122  p   4j15/2   ( 3j 15/2) 0.74    50.629     1.000     0.000
 123  p   5j15/2   ( 4j 15/2) 0.70    68.466     1.000     0.000
 124  p   6j15/2   ( 5j 15/2) 0.64    99.847     1.000     0.000
 125  p   1k17/2   ( 1k 17/2) 0.92    26.174     1.000     0.000
 126  p   2k17/2   ( 4k 17/2) 0.48    28.725     1.000     0.000
 127  p   3k17/2   ( 2k 17/2) 0.80    40.896     1.000     0.000
 128  p   4k17/2   ( 3k 17/2) 0.71    55.633     1.000     0.000
 129  p   5k17/2   ( 4k 17/2) 0.69    73.486     1.000     0.000
 131  p   1l17/2   ( 3l 17/2) 0.56    32.087     1.000     0.000
 132  p   2l17/2   ( 1l 17/2) 0.87    41.869     1.000     0.000
 133  p   3l17/2   ( 2l 17/2) 0.75    53.083     1.000     0.000
 134  p   4l17/2   ( 3l 17/2) 0.71    70.961     1.000     0.000
 135  p   5l17/2   ( 4l 17/2) 0.65    99.090     1.000     0.000
 136  p   1m19/2   ( 3m 19/2) 0.57    34.146     1.000     0.000
 137  p   2m19/2   ( 1m 19/2) 0.81    46.690     1.000     0.000
 138  p   3m19/2   ( 2m 19/2) 0.67    58.461     1.000     0.000
 139  p   4m19/2   ( 3m 19/2) 0.69    76.778     1.000     0.000
 141  p   1l19/2   ( 3l 19/2) 0.52    31.777     1.000     0.000
 142  p   2l19/2   ( 1l 19/2) 0.84    35.979     1.000     0.000
 143  p   3l19/2   ( 2l 19/2) 0.79    49.377     1.000     0.000
 144  p   4l19/2   ( 3l 19/2) 0.75    65.723     1.000     0.000
 145  p   5l19/2   ( 5l 19/2) 0.67    94.061     1.000     0.000
 146  p   1m21/2   ( 3m 21/2) 0.57    34.067     1.000     0.000
 147  p   2m21/2   ( 1m 21/2) 0.92    43.139     1.000     0.000
 148  p   3m21/2   ( 2m 21/2) 0.81    53.677     1.000     0.000
 149  p   4m21/2   ( 3m 21/2) 0.75    70.803     1.000     0.000
 150  p   5m21/2   ( 5m 21/2) 0.66    98.877     1.000     0.000
 151  p   1n21/2   ( 3n 21/2) 0.59    39.462     1.000     0.000
 152  p   2n21/2   ( 1n 21/2) 0.83    54.767     1.000     0.000
 153  p   3n21/2   ( 2n 21/2) 0.74    69.673     1.000     0.000
 154  p   4n21/2   ( 4n 21/2) 0.66    96.603     1.000     0.000
 155  p   1o23/2   ( 3o 23/2) 0.60    41.732     1.000     0.000
 156  p   2o23/2   ( 1o 23/2) 0.80    58.725     1.000     0.000
 157  p   3o23/2   ( 2o 23/2) 0.72    74.990     1.000     0.000
 159  p   1n23/2   ( 3n 23/2) 0.58    39.299     1.000     0.000
 160  p   2n23/2   ( 1n 23/2) 0.88    51.925     1.000     0.000
 161  p   3n23/2   ( 2n 23/2) 0.77    63.526     1.000     0.000
 162  p   4n23/2   ( 4n 23/2) 0.73    86.887     1.000     0.000
 163  p   1o25/2   ( 3o 25/2) 0.59    41.630     1.000     0.000
 164  p   2o25/2   ( 1o 25/2) 0.86    57.226     1.000     0.000
 165  p   3o25/2   ( 2o 25/2) 0.78    69.312     1.000     0.000
 166  p   4o25/2   ( 4o 25/2) 0.71    91.750     1.000     0.000
 167  p   1P25/2   ( 2P 25/2) 0.68    48.830     1.000     0.000
 168  p   2P25/2   ( 1P 25/2) 0.79    68.837     1.000     0.000
 169  p   3P25/2   ( 3P 25/2) 0.70    91.979     1.000     0.000
 170  p   1q27/2   ( 2q 27/2) 0.69    51.345     1.000     0.000
 171  p   2q27/2   ( 1q 27/2) 0.79    72.919     1.000     0.000
 172  p   3q27/2   ( 3q 27/2) 0.69    97.080     1.000     0.000
 173  p   1P27/2   ( 2P 27/2) 0.66    48.637     1.000     0.000
 174  p   2P27/2   ( 1P 27/2) 0.80    67.024     1.000     0.000
 175  p   3P27/2   ( 3P 27/2) 0.75    82.144     1.000     0.000
 176  p   1q29/2   ( 2q 29/2) 0.67    51.184     1.000     0.000
 177  p   2q29/2   ( 1q 29/2) 0.80    71.915     1.000     0.000
 178  p   3q29/2   ( 3q 29/2) 0.71    88.306     1.000     0.000
 179  p   1r29/2   ( 1r 29/2) 0.77    61.129     1.000     0.000
 180  p   2r29/2   ( 2r 29/2) 0.76    87.628     1.000     0.000
 181  p   1S31/2   ( 1S 31/2) 0.76    63.955     1.000     0.000
 182  p   2S31/2   ( 2S 31/2) 0.76    92.178     1.000     0.000
 183  p   1r31/2   ( 1r 31/2) 0.76    60.933     1.000     0.000
 184  p   2r31/2   ( 2r 31/2) 0.75    83.717     1.000     0.000
 185  p   1S33/2   ( 1S 33/2) 0.76    63.793     1.000     0.000
 186  p   2S33/2   ( 2S 33/2) 0.75    89.278     1.000     0.000
 187  p   1t33/2   ( 1t 33/2) 0.98    78.859     1.000     0.000
 188  p   1u35/2   ( 1u 35/2) 0.98    82.220     1.000     0.000
 189  p   1t35/2   ( 1t 35/2) 0.98    78.230     1.000     0.000
 190  p   1u37/2   ( 1u 37/2) 0.98    81.784     1.000     0.000
  ****** END RESU ***********************************
