
  ******************************************  
  *           Fortran 77 Code              *  
  *         Spherical H.O. basis            *  
  * Dirac-Hartree-Bogoliubov calculation   *  
  *        with density-dependent          *  
  * meson-exchange or point coupling force *  
  *          and separable pairing         *  
  * -------------------------------------- *  
  *      Niksic, Paar, Vretenar, Ring      *  
  *          18/ 4/2026/01:37:10           *
  *       Hg 232  N = 152  Z =  80
  ******************************************  
  ****** BEGIN READER *******************************
 Number of oscillator shells :    18   20
 Initialization inin,inink   :     0    0
 Nucleus: Hg 232   152  80
 Initial Gap Parameters      :     1.0000    1.0000
 Parameter set               :    DD-ME2    
  ****** END READER *********************************
  ****** BEGIN FORCES *******************************

 NEDF Parameters: DD-ME2    
 AMU   =  939.000
 msig  =  550.124  gsig =    10.5396  Gsig =   -14.2924
 mome  =  783.000  gome =    13.0189  Gome =    10.7647
 mdel  =    0.000  gdel =     0.0000  Gdel =    -0.0000
 mrho  =  763.000  grho =     3.6836  Grho =     0.9076
  
 Density dependence parameters:
           scasca    scavec    vecsca    vecvec
 a    =   1.388148  1.389291  0.000000  0.564700
 b    =   1.094300  0.923975  0.000000  0.000000
 c    =   1.705700  1.462000  0.000000  0.000000
 d    =   0.442067  0.477492  0.000000  0.000000
 dsat =   0.152000
  
 TMR pairing: Tian,Ma,Ring, PRB 676, 44 (2009)
 TMR pairing strength    gl =:  -728.00000 [MeV*fm^3]
 TMR pairing width        a =:     0.64420 [fm]
  ****** END FORCES *********************************
  ****** BEGIN PREP *********************************
  
 hom =                            6.672489
 hb0 =                           20.734000
 b0  =                            2.492945
 with Coulomb force
 With microscopic c.m. correction
  ****** END PREP ***********************************
  potentials read from tape dirhb.wel
  ****** BEGIN ITER *********************************
  1.It. si =    0.0000000  E/A =    0.0000 R =    0.0000  mix = 0.50
  2.It. si =    1.4255948  E/A =   -7.2947 R =    5.8911  mix = 0.50
  3.It. si =    0.8053607  E/A =   -7.2950 R =    5.8925  mix = 0.50
  4.It. si =    0.4034295  E/A =   -7.2952 R =    5.8943  mix = 0.50
  5.It. si =    0.3968664  E/A =   -7.2955 R =    5.8959  mix = 0.50
  6.It. si =    0.1587880  E/A =   -7.2962 R =    5.8995  mix = 0.50
  7.It. si =    0.0330486  E/A =   -7.2960 R =    5.8980  mix = 0.50
  8.It. si =    0.0364392  E/A =   -7.2960 R =    5.8981  mix = 0.50
  9.It. si =    0.0274612  E/A =   -7.2961 R =    5.8981  mix = 0.50
 10.It. si =    0.0099960  E/A =   -7.2961 R =    5.8980  mix = 0.50
 11.It. si =    0.0081078  E/A =   -7.2961 R =    5.8980  mix = 0.50
 12.It. si =    0.0035544  E/A =   -7.2962 R =    5.8980  mix = 0.50
 13.It. si =    0.0034613  E/A =   -7.2962 R =    5.8980  mix = 0.50
 14.It. si =    0.0029832  E/A =   -7.2962 R =    5.8980  mix = 0.50
 15.It. si =    0.0016054  E/A =   -7.2962 R =    5.8980  mix = 0.50
 16.It. si =    0.0012869  E/A =   -7.2962 R =    5.8980  mix = 0.50
 17.It. si =    0.0002219  E/A =   -7.2962 R =    5.8980  mix = 0.50
 18.It. si =    0.0000976  E/A =   -7.2962 R =    5.8980  mix = 0.50
 19.It. si =    0.0000363  E/A =   -7.2962 R =    5.8980  mix = 0.50
 20.It. si =    0.0000079  E/A =   -7.2962 R =    5.8980  mix = 0.50
 21.It. si =    0.0000012  E/A =   -7.2962 R =    5.8980  mix = 0.50
 ********************************************************************
 Hg 232: Iteration converged after  21 steps   si =      0.0000006950
 ********************************************************************
  ****** END ITER ***********************************
  ****** BEGIN CANON ********************************
 single-particle energies and gaps  in the canonical basis: Neutron:
 ------------------------------------------------------------------
    j pi     (nr,l,j)  smax       Ecan       vvcan       decan
 j = 1/2+  (   s 1/2)  0.98    -58.7453      0.9998     -1.7805
 j = 1/2+  (   s 1/2)  0.97    -41.0054      0.9996     -1.5535
 j = 1/2+  (   s 1/2)  0.97    -19.5376      0.9976     -1.7062
 j = 1/2+  (   s 1/2)  0.92     -0.7264      0.0845     -1.0359
 j = 1/2+  (   s 1/2)  0.82      9.3775      0.0007     -0.6213
 j = 1/2+  (   s 1/2)  0.77     21.2216      0.0001     -0.5246
 j = 1/2+  (   s 1/2)  0.83     36.3467      0.0000     -0.3750
 j = 1/2+  (   s 1/2)  0.92     43.8836      0.0000     -0.0577
 j = 1/2+  (   s 1/2)  0.93     50.7229      0.0000     -0.2457
 j = 1/2+  (   s 1/2)  0.92     67.8518      0.0000     -0.1654
 j = 1/2-  (   p 1/2)  0.99    -52.6456      0.9997     -1.6763
 j = 1/2-  (   p 1/2)  0.98    -32.2969      0.9993     -1.5770
 j = 1/2-  (   p 1/2)  0.97     -9.1876      0.9873     -1.5861
 j = 1/2-  (   p 1/2)  0.93      5.5010      0.0024     -0.7572
 j = 1/2-  (   p 1/2)  0.85     15.8040      0.0002     -0.5478
 j = 1/2-  (   p 1/2)  0.84     29.2815      0.0000     -0.3953
 j = 1/2-  (   p 1/2)  0.91     42.6642      0.0000     -0.2674
 j = 1/2-  (   p 1/2)  0.95     47.1145      0.0000     -0.0808
 j = 1/2-  (   p 1/2)  0.94     58.8446      0.0000     -0.1812
 j = 3/2+  (   d 3/2)  0.99    -44.7270      0.9997     -1.5731
 j = 3/2+  (   d 3/2)  0.98    -21.6487      0.9982     -1.6470
 j = 3/2+  (   d 3/2)  0.95     -1.0563      0.1426     -1.1920
 j = 3/2+  (   d 3/2)  0.88     10.0177      0.0007     -0.6337
 j = 3/2+  (   d 3/2)  0.82     21.4709      0.0001     -0.5107
 j = 3/2+  (   d 3/2)  0.84     35.8820      0.0000     -0.3430
 j = 3/2+  (   d 3/2)  0.93     45.9049      0.0000     -0.0562
 j = 3/2+  (   d 3/2)  0.92     48.6487      0.0000     -0.2182
 j = 3/2+  (   d 3/2)  0.92     66.2198      0.0000     -0.1463
 j = 3/2-  (   p 3/2)  0.99    -52.9027      0.9997     -1.6913
 j = 3/2-  (   p 3/2)  0.98    -32.6493      0.9993     -1.5947
 j = 3/2-  (   p 3/2)  0.97     -9.4874      0.9885     -1.5765
 j = 3/2-  (   p 3/2)  0.92      5.4270      0.0024     -0.7532
 j = 3/2-  (   p 3/2)  0.84     15.7168      0.0002     -0.5380
 j = 3/2-  (   p 3/2)  0.83     29.2647      0.0000     -0.3925
 j = 3/2-  (   p 3/2)  0.90     42.6744      0.0000     -0.2657
 j = 3/2-  (   p 3/2)  0.95     47.4442      0.0000     -0.0812
 j = 3/2-  (   p 3/2)  0.94     59.0319      0.0000     -0.1806
 j = 5/2+  (   d 5/2)  0.99    -45.6220      0.9997     -1.5952
 j = 5/2+  (   d 5/2)  0.98    -23.0038      0.9984     -1.6642
 j = 5/2+  (   d 5/2)  0.95     -1.6342      0.2608     -1.1753
 j = 5/2+  (   d 5/2)  0.87      9.7075      0.0007     -0.6261
 j = 5/2+  (   d 5/2)  0.80     21.0648      0.0001     -0.5062
 j = 5/2+  (   d 5/2)  0.83     35.7044      0.0000     -0.3429
 j = 5/2+  (   d 5/2)  0.93     46.5834      0.0000     -0.0569
 j = 5/2+  (   d 5/2)  0.91     48.5646      0.0000     -0.2172
 j = 5/2+  (   d 5/2)  0.92     66.4336      0.0000     -0.1459
 j = 5/2-  (   f 5/2)  0.98    -35.8182      0.9995     -1.5079
 j = 5/2-  (   f 5/2)  0.98    -10.6349      0.9914     -1.5735
 j = 5/2-  (   f 5/2)  0.97      6.0337      0.0030     -0.9187
 j = 5/2-  (   f 5/2)  0.93     17.0369      0.0002     -0.5840
 j = 5/2-  (   f 5/2)  0.92     30.2604      0.0000     -0.4159
 j = 5/2-  (   f 5/2)  0.95     42.5062      0.0000     -0.2657
 j = 5/2-  (   f 5/2)  0.94     44.3944      0.0000     -0.0733
 j = 5/2-  (   f 5/2)  0.94     57.9949      0.0000     -0.1750
 j = 7/2+  (   g 7/2)  0.98    -25.8247      0.9990     -1.4940
 j = 7/2+  (   g 7/2)  0.98     -1.2774      0.2049     -1.3636
 j = 7/2+  (   g 7/2)  0.95     12.2250      0.0006     -0.6861
 j = 7/2+  (   g 7/2)  0.93     23.2882      0.0001     -0.5203
 j = 7/2+  (   g 7/2)  0.94     37.7201      0.0000     -0.3497
 j = 7/2+  (   g 7/2)  0.89     38.5245      0.0000     -0.0465
 j = 7/2+  (   g 7/2)  0.95     50.4853      0.0000     -0.2246
 j = 7/2+  (   g 7/2)  0.87     65.7790      0.0000     -0.1498
 j = 7/2-  (   f 7/2)  0.98    -37.7427      0.9995     -1.5385
 j = 7/2-  (   f 7/2)  0.98    -12.7434      0.9944     -1.5770
 j = 7/2-  (   f 7/2)  0.96      5.1388      0.0038     -0.9187
 j = 7/2-  (   f 7/2)  0.93     16.4015      0.0002     -0.5679
 j = 7/2-  (   f 7/2)  0.92     29.7153      0.0000     -0.4139
 j = 7/2-  (   f 7/2)  0.94     42.2128      0.0000     -0.2644
 j = 7/2-  (   f 7/2)  0.94     44.6736      0.0000     -0.0737
 j = 7/2-  (   f 7/2)  0.94     58.0628      0.0000     -0.1745
 j = 9/2+  (   g 9/2)  0.98    -29.1929      0.9992     -1.5356
 j = 9/2+  (   g 9/2)  0.98     -3.4830      0.8324     -1.3578
 j = 9/2+  (   g 9/2)  0.96     11.3803      0.0006     -0.6960
 j = 9/2+  (   g 9/2)  0.94     22.2126      0.0001     -0.5018
 j = 9/2+  (   g 9/2)  0.94     36.9136      0.0000     -0.3450
 j = 9/2+  (   g 9/2)  0.89     38.2317      0.0000     -0.0462
 j = 9/2+  (   g 9/2)  0.95     50.0568      0.0000     -0.2219
 j = 9/2+  (   g 9/2)  0.87     65.3512      0.0000     -0.1486
 j = 9/2-  (   h 9/2)  0.98    -15.0348      0.9969     -1.4243
 j = 9/2-  (   h 9/2)  0.97      6.5780      0.0043     -1.1740
 j = 9/2-  (   h 9/2)  0.96     18.9289      0.0002     -0.5993
 j = 9/2-  (   h 9/2)  0.95     31.7101      0.0000     -0.4099
 j = 9/2-  (   h 9/2)  0.90     37.0613      0.0000     -0.0615
 j = 9/2-  (   h 9/2)  0.95     44.5438      0.0000     -0.2641
 j = 9/2-  (   h 9/2)  0.88     60.3055      0.0000     -0.1834
 j =11/2+  (   i11/2)  0.98     -4.2703      0.9131     -1.3614
 j =11/2+  (   i11/2)  0.97     14.0072      0.0008     -0.9357
 j =11/2+  (   i11/2)  0.97     25.9423      0.0001     -0.5364
 j =11/2+  (   i11/2)  0.84     33.5507      0.0000     -0.0383
 j =11/2+  (   i11/2)  0.95     38.8846      0.0000     -0.3350
 j =11/2+  (   i11/2)  0.92     51.6315      0.0000     -0.2086
 j =11/2+  (   i11/2)  0.79     65.1259      0.0000     -0.1406
 j =11/2-  (   h11/2)  0.98    -19.8487      0.9982     -1.4773
 j =11/2-  (   h11/2)  0.98      4.2837      0.0076     -1.1563
 j =11/2-  (   h11/2)  0.96     17.5686      0.0002     -0.5894
 j =11/2-  (   h11/2)  0.95     30.1457      0.0000     -0.4075
 j =11/2-  (   h11/2)  0.90     36.6853      0.0000     -0.0614
 j =11/2-  (   h11/2)  0.95     43.4430      0.0000     -0.2616
 j =11/2-  (   h11/2)  0.88     59.6686      0.0000     -0.1833
 j =13/2+  (   i13/2)  0.98    -10.3941      0.9928     -1.3955
 j =13/2+  (   i13/2)  0.97     11.5571      0.0012     -0.9470
 j =13/2+  (   i13/2)  0.97     24.4054      0.0001     -0.5186
 j =13/2+  (   i13/2)  0.83     33.0646      0.0000     -0.0380
 j =13/2+  (   i13/2)  0.94     37.2202      0.0000     -0.3319
 j =13/2+  (   i13/2)  0.91     50.3411      0.0000     -0.2067
 j =13/2+  (   i13/2)  0.79     63.9505      0.0000     -0.1394
 j =13/2-  (   j13/2)  0.98      6.0567      0.0061     -1.3177
 j =13/2-  (   j13/2)  0.97     20.7672      0.0002     -0.7012
 j =13/2-  (   j13/2)  0.95     33.6763      0.0000     -0.4571
 j =13/2-  (   j13/2)  0.87     35.0412      0.0000     -0.0540
 j =13/2-  (   j13/2)  0.92     44.8962      0.0000     -0.2639
 j =13/2-  (   j13/2)  0.84     58.8847      0.0000     -0.1707
 j =15/2+  (   k15/2)  0.98     15.3365      0.0011     -1.1885
 j =15/2+  (   k15/2)  0.96     28.1780      0.0001     -0.5788
 j =15/2+  (   k15/2)  0.80     32.0006      0.0000     -0.0341
 j =15/2+  (   k15/2)  0.92     41.3205      0.0000     -0.3718
 j =15/2+  (   k15/2)  0.84     53.6641      0.0000     -0.2233
 j =15/2+  (   k15/2)  0.71     61.2283      0.0000     -0.1317
 j =15/2-  (   j15/2)  0.98     -1.1060      0.1665     -1.3047
 j =15/2-  (   j15/2)  0.96     18.4234      0.0003     -0.7451
 j =15/2-  (   j15/2)  0.95     31.0859      0.0000     -0.4502
 j =15/2-  (   j15/2)  0.86     34.2617      0.0000     -0.0535
 j =15/2-  (   j15/2)  0.92     43.5730      0.0000     -0.2628
 j =15/2-  (   j15/2)  0.83     57.1702      0.0000     -0.1696
 j =17/2+  (   k17/2)  0.98      7.9494      0.0034     -1.1985
 j =17/2+  (   k17/2)  0.95     24.9762      0.0001     -0.5958
 j =17/2+  (   k17/2)  0.80     31.4111      0.0000     -0.0338
 j =17/2+  (   k17/2)  0.91     38.3305      0.0000     -0.3680
 j =17/2+  (   k17/2)  0.84     52.0528      0.0000     -0.2221
 j =17/2+  (   k17/2)  0.70     59.3957      0.0000     -0.1305
 j =17/2-  (   l17/2)  0.97     23.7290      0.0004     -1.0350
 j =17/2-  (   l17/2)  0.81     32.0949      0.0000     -0.0484
 j =17/2-  (   l17/2)  0.94     35.8375      0.0000     -0.4932
 j =17/2-  (   l17/2)  0.87     48.5917      0.0000     -0.2941
 j =17/2-  (   l17/2)  0.73     57.8791      0.0000     -0.1776
 j =19/2+  (   m19/2)  0.76     31.4909      0.0000     -0.0327
 j =19/2+  (   m19/2)  0.96     31.8037      0.0002     -0.8886
 j =19/2+  (   m19/2)  0.90     43.3269      0.0000     -0.4182
 j =19/2+  (   m19/2)  0.79     56.7437      0.0000     -0.2428
 j =19/2+  (   m19/2)  0.62     59.7353      0.0000     -0.1332
 j =19/2-  (   l19/2)  0.97     16.5273      0.0008     -1.0550
 j =19/2-  (   l19/2)  0.81     31.3867      0.0000     -0.0479
 j =19/2-  (   l19/2)  0.92     31.7878      0.0001     -0.4963
 j =19/2-  (   l19/2)  0.86     45.4980      0.0000     -0.2927
 j =19/2-  (   l19/2)  0.72     55.2495      0.0000     -0.1748
 j =21/2+  (   m21/2)  0.95     24.8495      0.0003     -0.9095
 j =21/2+  (   m21/2)  0.75     30.9619      0.0000     -0.0325
 j =21/2+  (   m21/2)  0.87     38.7665      0.0000     -0.4173
 j =21/2+  (   m21/2)  0.77     52.9532      0.0000     -0.2420
 j =21/2+  (   m21/2)  0.60     56.7031      0.0000     -0.1305
 j =21/2-  (   n21/2)  0.79     33.7991      0.0000     -0.0491
 j =21/2-  (   n21/2)  0.93     39.4979      0.0001     -0.7487
 j =21/2-  (   n21/2)  0.84     50.7953      0.0000     -0.3473
 j =21/2-  (   n21/2)  0.69     58.0112      0.0000     -0.1843
 j =23/2+  (   o23/2)  0.74     34.2826      0.0000     -0.0343
 j =23/2+  (   o23/2)  0.90     47.2814      0.0000     -0.6252
 j =23/2+  (   o23/2)  0.74     59.0476      0.0000     -0.2963
 j =23/2+  (   o23/2)  0.61     59.3870      0.0000     -0.1390
 j =23/2-  (   n23/2)  0.78     32.7530      0.0000     -0.0483
 j =23/2-  (   n23/2)  0.92     32.8992      0.0001     -0.7661
 j =23/2-  (   n23/2)  0.80     45.9512      0.0000     -0.3485
 j =23/2-  (   n23/2)  0.66     53.2396      0.0000     -0.1797
 j =25/2+  (   o25/2)  0.73     33.5216      0.0000     -0.0340
 j =25/2+  (   o25/2)  0.88     40.9523      0.0001     -0.6406
 j =25/2+  (   o25/2)  0.69     53.4442      0.0000     -0.2957
 j =25/2+  (   o25/2)  0.61     55.0746      0.0000     -0.1352
 j =25/2-  (   P25/2)  0.77     37.4923      0.0000     -0.0550
 j =25/2-  (   P25/2)  0.86     55.3680      0.0000     -0.5191
 j =25/2-  (   P25/2)  0.64     58.9924      0.0000     -0.2209
 j =27/2+  (   q27/2)  0.73     38.9172      0.0000     -0.0398
 j =27/2+  (   q27/2)  0.62     61.4560      0.0000     -0.1679
 j =27/2+  (   q27/2)  0.80     63.1801      0.0000     -0.4278
 j =27/2-  (   P27/2)  0.76     36.4984      0.0000     -0.0543
 j =27/2-  (   P27/2)  0.83     49.0415      0.0000     -0.5323
 j =27/2-  (   P27/2)  0.61     54.1042      0.0000     -0.2160
 j =29/2+  (   q29/2)  0.72     38.2606      0.0000     -0.0395
 j =29/2+  (   q29/2)  0.78     57.0682      0.0000     -0.4368
 j =29/2+  (   q29/2)  0.62     57.4776      0.0000     -0.1646
 j =29/2-  (   r29/2)  0.80     45.0755      0.0000     -0.0716
 j =29/2-  (   r29/2)  0.79     64.7080      0.0000     -0.3113
 j =31/2+  (   S31/2)  0.77     47.4448      0.0000     -0.0523
 j =31/2+  (   S31/2)  0.77     69.4525      0.0000     -0.2372
 j =31/2-  (   r31/2)  0.79     44.1940      0.0000     -0.0711
 j =31/2-  (   r31/2)  0.78     60.5208      0.0000     -0.3138
 j =33/2+  (   S33/2)  0.76     46.8280      0.0000     -0.0520
 j =33/2+  (   S33/2)  0.76     66.0908      0.0000     -0.2386
 j =33/2-  (   t33/2)  0.98     59.0945      0.0000     -0.1133
 j =35/2+  (   u35/2)  0.98     62.4586      0.0000     -0.0823
 j =35/2-  (   t35/2)  0.98     58.1173      0.0000     -0.1134
 j =37/2+  (   u37/2)  0.98     61.7525      0.0000     -0.0824
 single-particle energies and gaps  in the canonical basis: Proton: 
 ------------------------------------------------------------------
    j pi     (nr,l,j)  smax       Ecan       vvcan       decan
 j = 1/2+  (   s 1/2)  0.78    -51.8035      0.9998      0.9531
 j = 1/2+  (   s 1/2)  0.71    -35.6548      0.9993      1.1544
 j = 1/2+  (   s 1/2)  0.92    -13.4130      0.2355      0.9194
 j = 1/2+  (   s 1/2)  0.88     12.9979      0.0002      0.7828
 j = 1/2+  (   s 1/2)  0.57     13.1375      0.0000      0.0017
 j = 1/2+  (   s 1/2)  0.53     26.6040      0.0000      0.0069
 j = 1/2+  (   s 1/2)  0.64     37.8529      0.0000      0.3382
 j = 1/2+  (   s 1/2)  0.49     47.3531      0.0000      0.0161
 j = 1/2+  (   s 1/2)  0.56     57.8433      0.0000      0.1839
 j = 1/2+  (   s 1/2)  0.74     83.0188      0.0000      0.0733
 j = 1/2-  (   p 1/2)  0.94    -46.9625      0.9998      0.8720
 j = 1/2-  (   p 1/2)  0.91    -25.4710      0.9988      0.7819
 j = 1/2-  (   p 1/2)  0.95     -2.3248      0.0006      0.5547
 j = 1/2-  (   p 1/2)  0.59     13.5407      0.0000      0.0027
 j = 1/2-  (   p 1/2)  0.79     24.5126      0.0000      0.4141
 j = 1/2-  (   p 1/2)  0.52     27.0449      0.0000      0.0107
 j = 1/2-  (   p 1/2)  0.59     47.3160      0.0000      0.0301
 j = 1/2-  (   p 1/2)  0.65     48.7431      0.0000      0.2319
 j = 1/2-  (   p 1/2)  0.71     82.3256      0.0000      0.1063
 j = 3/2+  (   d 3/2)  0.97    -39.3665      0.9998      0.7892
 j = 3/2+  (   d 3/2)  0.95    -15.3896      0.9527      0.6578
 j = 3/2+  (   d 3/2)  0.92      7.8962      0.0001      0.3606
 j = 3/2+  (   d 3/2)  0.57     13.8622      0.0000      0.0015
 j = 3/2+  (   d 3/2)  0.52     27.4476      0.0000      0.0059
 j = 3/2+  (   d 3/2)  0.71     34.1856      0.0000      0.2548
 j = 3/2+  (   d 3/2)  0.52     48.1952      0.0000      0.0151
 j = 3/2+  (   d 3/2)  0.62     62.2688      0.0000      0.1667
 j = 3/2+  (   d 3/2)  0.74     85.6624      0.0000      0.0712
 j = 3/2-  (   p 3/2)  0.93    -47.4015      0.9998      0.8730
 j = 3/2-  (   p 3/2)  0.89    -25.9089      0.9989      0.7812
 j = 3/2-  (   p 3/2)  0.94     -2.4247      0.0006      0.5459
 j = 3/2-  (   p 3/2)  0.59     13.5237      0.0000      0.0027
 j = 3/2-  (   p 3/2)  0.79     24.8873      0.0000      0.4212
 j = 3/2-  (   p 3/2)  0.52     27.0335      0.0000      0.0108
 j = 3/2-  (   p 3/2)  0.59     47.1193      0.0000      0.0300
 j = 3/2-  (   p 3/2)  0.66     49.1463      0.0000      0.2333
 j = 3/2-  (   p 3/2)  0.71     82.2154      0.0000      0.1061
 j = 5/2+  (   d 5/2)  0.96    -40.6588      0.9998      0.7974
 j = 5/2+  (   d 5/2)  0.94    -16.6793      0.9859      0.6532
 j = 5/2+  (   d 5/2)  0.92      7.2079      0.0001      0.3598
 j = 5/2+  (   d 5/2)  0.57     13.8356      0.0000      0.0015
 j = 5/2+  (   d 5/2)  0.52     27.4050      0.0000      0.0059
 j = 5/2+  (   d 5/2)  0.73     34.5101      0.0000      0.2552
 j = 5/2+  (   d 5/2)  0.51     47.9538      0.0000      0.0151
 j = 5/2+  (   d 5/2)  0.63     62.8884      0.0000      0.1666
 j = 5/2+  (   d 5/2)  0.74     85.3911      0.0000      0.0712
 j = 5/2-  (   f 5/2)  0.98    -30.5081      0.9995      0.7230
 j = 5/2-  (   f 5/2)  0.96     -5.2489      0.0010      0.5439
 j = 5/2-  (   f 5/2)  0.60     14.9916      0.0000      0.0023
 j = 5/2-  (   f 5/2)  0.86     19.0124      0.0000      0.2924
 j = 5/2-  (   f 5/2)  0.53     29.2440      0.0000      0.0084
 j = 5/2-  (   f 5/2)  0.66     44.3504      0.0000      0.1748
 j = 5/2-  (   f 5/2)  0.64     49.8519      0.0000      0.0300
 j = 5/2-  (   f 5/2)  0.66     86.7595      0.0000      0.0968
 j = 7/2+  (   g 7/2)  0.98    -20.8108      0.9977      0.6604
 j = 7/2+  (   g 7/2)  0.93      5.2816      0.0001      0.4300
 j = 7/2+  (   g 7/2)  0.57     15.6001      0.0000      0.0012
 j = 7/2+  (   g 7/2)  0.50     29.6939      0.0000      0.0045
 j = 7/2+  (   g 7/2)  0.74     30.8061      0.0000      0.2458
 j = 7/2+  (   g 7/2)  0.56     50.0553      0.0000      0.0143
 j = 7/2+  (   g 7/2)  0.67     56.0062      0.0000      0.1346
 j = 7/2+  (   g 7/2)  0.70     90.9510      0.0000      0.0647
 j = 7/2-  (   f 7/2)  0.97    -32.9460      0.9996      0.7378
 j = 7/2-  (   f 7/2)  0.96     -7.2583      0.0015      0.5304
 j = 7/2-  (   f 7/2)  0.60     14.9725      0.0000      0.0024
 j = 7/2-  (   f 7/2)  0.87     17.6849      0.0000      0.2962
 j = 7/2-  (   f 7/2)  0.53     29.2993      0.0000      0.0085
 j = 7/2-  (   f 7/2)  0.65     43.8612      0.0000      0.1742
 j = 7/2-  (   f 7/2)  0.64     49.5046      0.0000      0.0300
 j = 7/2-  (   f 7/2)  0.66     87.2245      0.0000      0.0972
 j = 9/2+  (   g 9/2)  0.98    -24.5956      0.9990      0.6768
 j = 9/2+  (   g 9/2)  0.94      2.7367      0.0002      0.4171
 j = 9/2+  (   g 9/2)  0.57     15.5724      0.0000      0.0013
 j = 9/2+  (   g 9/2)  0.75     29.0429      0.0000      0.2497
 j = 9/2+  (   g 9/2)  0.50     29.6931      0.0000      0.0046
 j = 9/2+  (   g 9/2)  0.56     49.7104      0.0000      0.0144
 j = 9/2+  (   g 9/2)  0.67     55.0481      0.0000      0.1335
 j = 9/2+  (   g 9/2)  0.70     90.7761      0.0000      0.0649
 j = 9/2-  (   h 9/2)  0.98    -10.6517      0.0079      0.5990
 j = 9/2-  (   h 9/2)  0.88     15.9588      0.0000      0.3248
 j = 9/2-  (   h 9/2)  0.59     17.3619      0.0000      0.0025
 j = 9/2-  (   h 9/2)  0.52     31.1102      0.0000      0.0099
 j = 9/2-  (   h 9/2)  0.65     42.0900      0.0000      0.2012
 j = 9/2-  (   h 9/2)  0.65     50.8327      0.0000      0.0347
 j = 9/2-  (   h 9/2)  0.66     86.2049      0.0000      0.0926
 j =11/2+  (   i11/2)  0.96     -0.1717      0.0004      0.5339
 j =11/2+  (   i11/2)  0.56     18.4419      0.0000      0.0013
 j =11/2+  (   i11/2)  0.81     26.4842      0.0000      0.2466
 j =11/2+  (   i11/2)  0.53     31.9080      0.0000      0.0057
 j =11/2+  (   i11/2)  0.58     51.5566      0.0000      0.0175
 j =11/2+  (   i11/2)  0.66     55.9326      0.0000      0.1608
 j =11/2+  (   i11/2)  0.71     89.3217      0.0000      0.0705
 j =11/2-  (   h11/2)  0.98    -15.8771      0.9759      0.6092
 j =11/2-  (   h11/2)  0.89     12.9792      0.0000      0.3183
 j =11/2-  (   h11/2)  0.59     17.3054      0.0000      0.0027
 j =11/2-  (   h11/2)  0.52     31.0251      0.0000      0.0104
 j =11/2-  (   h11/2)  0.65     39.9516      0.0000      0.2040
 j =11/2-  (   h11/2)  0.66     49.9833      0.0000      0.0351
 j =11/2-  (   h11/2)  0.66     85.1813      0.0000      0.0925
 j =13/2+  (   i13/2)  0.97     -6.8787      0.0014      0.5403
 j =13/2+  (   i13/2)  0.57     18.4068      0.0000      0.0014
 j =13/2+  (   i13/2)  0.83     22.9618      0.0000      0.2447
 j =13/2+  (   i13/2)  0.53     31.8902      0.0000      0.0061
 j =13/2+  (   i13/2)  0.59     50.9866      0.0000      0.0181
 j =13/2+  (   i13/2)  0.67     53.4689      0.0000      0.1626
 j =13/2+  (   i13/2)  0.71     87.6349      0.0000      0.0711
 j =13/2-  (   j13/2)  0.93     10.3875      0.0001      0.4607
 j =13/2-  (   j13/2)  0.58     21.0480      0.0000      0.0025
 j =13/2-  (   j13/2)  0.51     34.2918      0.0000      0.0123
 j =13/2-  (   j13/2)  0.71     37.1182      0.0000      0.1934
 j =13/2-  (   j13/2)  0.69     53.0147      0.0000      0.0423
 j =13/2-  (   j13/2)  0.66     84.2751      0.0000      0.1026
 j =15/2+  (   k15/2)  0.88     21.2002      0.0000      0.3911
 j =15/2+  (   k15/2)  0.55     22.5629      0.0000      0.0013
 j =15/2+  (   k15/2)  0.52     36.1923      0.0000      0.0064
 j =15/2+  (   k15/2)  0.65     48.0744      0.0000      0.1538
 j =15/2+  (   k15/2)  0.65     55.2084      0.0000      0.0223
 j =15/2+  (   k15/2)  0.67     89.4591      0.0000      0.0770
 j =15/2-  (   j15/2)  0.94      2.4667      0.0002      0.4664
 j =15/2-  (   j15/2)  0.59     20.9570      0.0000      0.0028
 j =15/2-  (   j15/2)  0.73     32.8772      0.0000      0.1936
 j =15/2-  (   j15/2)  0.51     34.1019      0.0000      0.0134
 j =15/2-  (   j15/2)  0.70     51.6822      0.0000      0.0429
 j =15/2-  (   j15/2)  0.66     82.0148      0.0000      0.1027
 j =17/2+  (   k17/2)  0.89     12.1731      0.0001      0.3966
 j =17/2+  (   k17/2)  0.56     22.4906      0.0000      0.0014
 j =17/2+  (   k17/2)  0.52     36.0494      0.0000      0.0070
 j =17/2+  (   k17/2)  0.65     43.1895      0.0000      0.1546
 j =17/2+  (   k17/2)  0.66     54.1069      0.0000      0.0229
 j =17/2+  (   k17/2)  0.68     86.9664      0.0000      0.0771
 j =17/2-  (   l17/2)  0.55     26.0526      0.0000      0.0033
 j =17/2-  (   l17/2)  0.82     31.9139      0.0000      0.3242
 j =17/2-  (   l17/2)  0.64     38.4517      0.0000      0.0216
 j =17/2-  (   l17/2)  0.73     54.5226      0.0000      0.0592
 j =17/2-  (   l17/2)  0.67     81.1182      0.0000      0.0855
 j =19/2+  (   m19/2)  0.56     27.9836      0.0000      0.0015
 j =19/2+  (   m19/2)  0.61     41.3730      0.0000      0.0112
 j =19/2+  (   m19/2)  0.74     42.9960      0.0000      0.2642
 j =19/2+  (   m19/2)  0.71     57.9958      0.0000      0.0368
 j =19/2+  (   m19/2)  0.67     87.0752      0.0000      0.0757
 j =19/2-  (   l19/2)  0.83     22.0310      0.0000      0.3288
 j =19/2-  (   l19/2)  0.57     25.8471      0.0000      0.0044
 j =19/2-  (   l19/2)  0.63     37.4502      0.0000      0.0280
 j =19/2-  (   l19/2)  0.73     51.6045      0.0000      0.0570
 j =19/2-  (   l19/2)  0.69     77.4079      0.0000      0.0819
 j =21/2+  (   m21/2)  0.54     27.8630      0.0000      0.0018
 j =21/2+  (   m21/2)  0.75     32.3761      0.0000      0.2679
 j =21/2+  (   m21/2)  0.60     40.6689      0.0000      0.0147
 j =21/2+  (   m21/2)  0.71     55.4826      0.0000      0.0384
 j =21/2+  (   m21/2)  0.70     82.1471      0.0000      0.0719
 j =21/2-  (   n21/2)  0.64     33.0225      0.0000      0.0016
 j =21/2-  (   n21/2)  0.59     48.5272      0.0000      0.0103
 j =21/2-  (   n21/2)  0.66     55.0409      0.0000      0.2133
 j =21/2-  (   n21/2)  0.78     72.8151      0.0000      0.0554
 j =23/2+  (   o23/2)  0.62     35.0953      0.0000      0.0011
 j =23/2+  (   o23/2)  0.63     51.6472      0.0000      0.0053
 j =23/2+  (   o23/2)  0.61     66.4121      0.0000      0.1700
 j =23/2+  (   o23/2)  0.77     74.6931      0.0000      0.0368
 j =23/2-  (   n23/2)  0.64     32.8689      0.0000      0.0021
 j =23/2-  (   n23/2)  0.67     43.5723      0.0000      0.2166
 j =23/2-  (   n23/2)  0.59     47.5741      0.0000      0.0121
 j =23/2-  (   n23/2)  0.80     68.0657      0.0000      0.0540
 j =25/2+  (   o25/2)  0.62     34.9640      0.0000      0.0013
 j =25/2+  (   o25/2)  0.63     51.0115      0.0000      0.0060
 j =25/2+  (   o25/2)  0.61     54.1618      0.0000      0.1728
 j =25/2+  (   o25/2)  0.78     70.5974      0.0000      0.0364
 j =25/2-  (   P25/2)  0.66     41.4912      0.0000      0.0023
 j =25/2-  (   P25/2)  0.79     56.7488      0.0000      0.0298
 j =25/2-  (   P25/2)  0.75     75.1047      0.0000      0.0981
 j =27/2+  (   q27/2)  0.67     43.9559      0.0000      0.0014
 j =27/2+  (   q27/2)  0.80     61.6127      0.0000      0.0138
 j =27/2+  (   q27/2)  0.72     80.3343      0.0000      0.0744
 j =27/2-  (   P27/2)  0.63     41.1672      0.0000      0.0047
 j =27/2-  (   P27/2)  0.76     53.2906      0.0000      0.0507
 j =27/2-  (   P27/2)  0.82     66.6718      0.0000      0.0764
 j =29/2+  (   q29/2)  0.64     43.7280      0.0000      0.0023
 j =29/2+  (   q29/2)  0.80     59.5002      0.0000      0.0231
 j =29/2+  (   q29/2)  0.78     71.9678      0.0000      0.0652
 j =29/2-  (   r29/2)  0.77     52.7958      0.0000      0.0012
 j =29/2-  (   r29/2)  0.77     73.2488      0.0000      0.0339
 j =31/2+  (   S31/2)  0.77     55.5926      0.0000      0.0008
 j =31/2+  (   S31/2)  0.76     78.3763      0.0000      0.0204
 j =31/2-  (   r31/2)  0.76     52.5227      0.0000      0.0013
 j =31/2-  (   r31/2)  0.76     68.5152      0.0000      0.0340
 j =33/2+  (   S33/2)  0.76     55.3689      0.0000      0.0009
 j =33/2+  (   S33/2)  0.75     74.6805      0.0000      0.0204
 j =33/2-  (   t33/2)  0.98     68.4883      0.0000      0.0039
 j =35/2+  (   u35/2)  0.98     71.9887      0.0000      0.0021
 j =35/2-  (   t35/2)  0.98     67.5405      0.0000      0.0039
 j =37/2+  (   u37/2)  0.98     71.2987      0.0000      0.0022
  ****** END CANON **********************************
  ****** BEGIN RESU *********************************
   ****** BEGIN EXPECT *******

                            neutron        proton         total
 particle number           152.000000      80.000000     232.000000
 trace scalar density      144.931555      77.105443     222.036999
 lambda                     -2.274354     -13.986197
 spk                       -20.538702       4.996536
 rms-Radius                  6.025357       5.648171       5.898018
 charge-Radius                              5.704545
 Particle Energ          -3273.287135   -2222.814696   -5496.101831
 Selfconsistency Test.                                     0.000006

 Kinetic Energy           2139.192677     861.283381    3000.476057
 E-scsc                                               -34678.915186
 E-scve                                                29017.883693
 E-vesc                                                    0.000000
 E-veve                                                  234.179502
 E-rearrang.                                             835.498868
 Coulomb direct                                          760.813610
 Pairing Energy            -24.142752      -3.002217     -27.144969
 Sum without E-cm                                      -1692.707293
DE-cm <P**2>/2M            -13.134102      -5.294443     -18.428546
NE-cm <P**2>/2M             10.100608       3.388402      13.489010
 E-cm <P**2>/2M             -3.033494      -1.906041      -4.939535
 Total Energy                                          -1697.646828
 E/A                                                      -7.317443

  ****** END EXPECT *********************************


 quasi-particle properties Neutron:
 ------------------------------------------------------------------
     p/h    l j     [nr,l,j]  smax       Eqp       uu       vv
   1  p   1s 1/2   ( 4s  1/2) 0.82     1.649     0.918     0.082
   2  p   2s 1/2   ( 6s  1/2) 0.48     6.890     0.996     0.004
   3  p   3s 1/2   ( 5s  1/2) 0.67    15.347     0.924     0.076
   4  h   4s 1/2   ( 3s  1/2) 0.90    16.063     0.079     0.921
   5  p   5s 1/2   ( 6s  1/2) 0.56    27.344     1.000     0.000
   6  h   6s 1/2   ( 2s  1/2) 0.87    38.892     0.001     0.999
   7  p   7s 1/2   ( 6s  1/2) 0.54    42.094     0.999     0.001
   8  h   8s 1/2   ( 1s  1/2) 0.91    57.718     0.000     1.000
   9  p   9s 1/2   ( 8s  1/2) 0.60    60.918     1.000     0.000
  10  p  10s 1/2   ( 9s  1/2) 0.64    91.336     1.000     0.000
  11  p   1p 1/2   ( 4p  1/2) 0.62     5.001     0.997     0.003
  12  h   2p 1/2   ( 3p  1/2) 0.97     6.645     0.016     0.984
  13  p   3p 1/2   ( 4p  1/2) 0.68    11.481     0.998     0.002
  14  p   4p 1/2   ( 5p  1/2) 0.69    22.386     0.999     0.001
  15  h   5p 1/2   ( 2p  1/2) 0.95    29.278     0.001     0.999
  16  p   6p 1/2   ( 6p  1/2) 0.62    36.599     1.000     0.000
  17  h   7p 1/2   ( 1p  1/2) 0.96    51.624     0.000     1.000
  18  p   8p 1/2   ( 7p  1/2) 0.65    54.486     1.000     0.000
  19  p   9p 1/2   ( 8p  1/2) 0.64    83.553     1.000     0.000
  20  p   1d 3/2   ( 3d  3/2) 0.85     1.584     0.860     0.140
  21  p   2d 3/2   ( 5d  3/2) 0.49     7.132     0.997     0.003
  22  p   3d 3/2   ( 4d  3/2) 0.72    15.377     0.998     0.002
  23  h   4d 3/2   ( 2d  3/2) 0.97    18.537     0.005     0.995
  24  p   5d 3/2   ( 5d  3/2) 0.61    27.072     1.000     0.000
  25  p   6d 3/2   ( 6d  3/2) 0.55    41.847     0.999     0.001
  26  h   7d 3/2   ( 1d  3/2) 0.98    43.408     0.001     0.999
  27  p   8d 3/2   ( 7d  3/2) 0.62    60.698     1.000     0.000
  28  p   9d 3/2   ( 8d  3/2) 0.64    90.535     1.000     0.000
  29  p   1p 3/2   ( 4p  3/2) 0.61     4.982     0.997     0.003
  30  h   2p 3/2   ( 3p  3/2) 0.96     6.908     0.014     0.986
  31  p   3p 3/2   ( 4p  3/2) 0.67    11.438     0.998     0.002
  32  p   4p 3/2   ( 5p  3/2) 0.68    22.387     0.999     0.001
  33  h   5p 3/2   ( 2p  3/2) 0.93    29.643     0.001     0.999
  34  p   6p 3/2   ( 6p  3/2) 0.61    36.588     1.000     0.000
  35  h   7p 3/2   ( 1p  3/2) 0.95    51.897     0.000     1.000
  36  p   8p 3/2   ( 7p  3/2) 0.64    54.369     1.000     0.000
  37  p   9p 3/2   ( 8p  3/2) 0.64    84.088     1.000     0.000
  38  p   1d 5/2   ( 3d  5/2) 0.79     1.271     0.741     0.259
  39  p   2d 5/2   ( 5d  5/2) 0.51     7.000     0.997     0.003
  40  p   3d 5/2   ( 4d  5/2) 0.71    15.201     0.999     0.001
  41  h   4d 5/2   ( 2d  5/2) 0.96    19.744     0.003     0.997
  42  p   5d 5/2   ( 5d  5/2) 0.59    26.956     1.000     0.000
  43  p   6d 5/2   ( 6d  5/2) 0.53    41.703     1.000     0.000
  44  h   7d 5/2   ( 1d  5/2) 0.97    44.444     0.001     0.999
  45  p   8d 5/2   ( 7d  5/2) 0.60    60.385     1.000     0.000
  46  p   9d 5/2   ( 8d  5/2) 0.64    91.254     1.000     0.000
  47  p   1f 5/2   ( 3f  5/2) 0.70     5.854     0.997     0.003
  48  h   2f 5/2   ( 2f  5/2) 0.98     8.138     0.015     0.985
  49  p   3f 5/2   ( 3f  5/2) 0.64    11.566     0.994     0.006
  50  p   4f 5/2   ( 4f  5/2) 0.73    22.185     0.999     0.001
  51  h   5f 5/2   ( 1f  5/2) 0.98    33.925     0.002     0.998
  52  p   6f 5/2   ( 5f  5/2) 0.66    36.263     0.999     0.001
  53  p   7f 5/2   ( 6f  5/2) 0.67    54.048     1.000     0.000
  54  p   8f 5/2   ( 7f  5/2) 0.64    82.649     1.000     0.000
  55  p   1g 7/2   ( 2g  7/2) 0.86     1.644     0.796     0.204
  56  p   2g 7/2   ( 4g  7/2) 0.49     8.305     0.999     0.001
  57  p   3g 7/2   ( 3g  7/2) 0.75    15.861     1.000     0.000
  58  h   4g 7/2   ( 1g  7/2) 0.98    23.604     0.002     0.998
  59  p   5g 7/2   ( 4g  7/2) 0.65    26.962     0.999     0.001
  60  p   6g 7/2   ( 5g  7/2) 0.58    41.560     1.000     0.000
  61  p   7g 7/2   ( 6g  7/2) 0.64    60.201     1.000     0.000
  62  p   8g 7/2   ( 7g  7/2) 0.64    89.540     1.000     0.000
  63  p   1f 7/2   ( 3f  7/2) 0.74     5.510     0.997     0.003
  64  h   2f 7/2   ( 2f  7/2) 0.95    10.012     0.060     0.940
  65  p   3f 7/2   ( 3f  7/2) 0.58    11.048     0.945     0.055
  66  p   4f 7/2   ( 4f  7/2) 0.73    21.725     0.999     0.001
  67  p   5f 7/2   ( 5f  7/2) 0.63    35.779     0.927     0.073
  68  h   6f 7/2   ( 1f  7/2) 0.94    36.037     0.073     0.927
  69  p   7f 7/2   ( 6f  7/2) 0.66    53.316     1.000     0.000
  70  p   8f 7/2   ( 7f  7/2) 0.64    83.162     1.000     0.000
  71  h   1g 9/2   ( 2g  9/2) 0.89     1.783     0.168     0.832
  72  p   2g 9/2   ( 3g  9/2) 0.52     8.027     0.999     0.001
  73  p   3g 9/2   ( 3g  9/2) 0.74    15.114     1.000     0.000
  74  p   4g 9/2   ( 4g  9/2) 0.67    26.148     0.990     0.010
  75  h   5g 9/2   ( 1g  9/2) 0.98    26.997     0.011     0.989
  76  p   6g 9/2   ( 5g  9/2) 0.59    40.680     1.000     0.000
  77  p   7g 9/2   ( 6g  9/2) 0.63    58.964     1.000     0.000
  78  p   8g 9/2   ( 7g  9/2) 0.64    89.580     1.000     0.000
  79  p   1h 9/2   ( 2h  9/2) 0.82     7.432     0.995     0.005
  80  p   2h 9/2   ( 2h  9/2) 0.47    12.121     0.900     0.100
  81  h   3h 9/2   ( 1h  9/2) 0.93    12.925     0.104     0.896
  82  p   4h 9/2   ( 3h  9/2) 0.76    22.469     1.000     0.000
  83  p   5h 9/2   ( 4h  9/2) 0.69    36.152     1.000     0.000
  84  p   6h 9/2   ( 5h  9/2) 0.69    53.640     1.000     0.000
  85  p   7h 9/2   ( 6h  9/2) 0.64    81.589     1.000     0.000
  86  h   1i11/2   ( 1i 11/2) 0.93     2.410     0.087     0.913
  87  p   2i11/2   ( 2i 11/2) 0.55    10.649     1.000     0.000
  88  p   3i11/2   ( 2i 11/2) 0.76    16.620     0.999     0.001
  89  p   4i11/2   ( 3i 11/2) 0.72    26.921     1.000     0.000
  90  p   5i11/2   ( 4i 11/2) 0.63    41.340     1.000     0.000
  91  p   6i11/2   ( 5i 11/2) 0.66    59.575     1.000     0.000
  92  p   7i11/2   ( 6i 11/2) 0.65    88.472     1.000     0.000
  93  p   1h11/2   ( 2h 11/2) 0.92     6.009     0.993     0.007
  94  p   2h11/2   ( 4h 11/2) 0.52    11.263     0.998     0.002
  95  h   3h11/2   ( 1h 11/2) 0.98    17.644     0.004     0.996
  96  p   4h11/2   ( 3h 11/2) 0.76    21.499     0.999     0.001
  97  p   5h11/2   ( 4h 11/2) 0.70    34.897     1.000     0.000
  98  p   6h11/2   ( 5h 11/2) 0.69    51.815     1.000     0.000
  99  p   7h11/2   ( 6h 11/2) 0.64    80.649     1.000     0.000
 100  h   1i13/2   ( 1i 13/2) 0.97     8.226     0.010     0.990
 101  p   2i13/2   ( 2i 13/2) 0.65    10.205     0.998     0.002
 102  p   3i13/2   ( 2i 13/2) 0.70    15.100     0.998     0.002
 103  p   4i13/2   ( 3i 13/2) 0.74    25.593     1.000     0.000
 104  p   5i13/2   ( 4i 13/2) 0.65    39.834     1.000     0.000
 105  p   6i13/2   ( 5i 13/2) 0.66    57.346     1.000     0.000
 106  p   7i13/2   ( 6i 13/2) 0.64    86.842     1.000     0.000
 107  p   1j13/2   ( 1j 13/2) 0.97     8.092     0.994     0.006
 108  p   2j13/2   ( 2j 13/2) 0.51    14.007     1.000     0.000
 109  p   3j13/2   ( 2j 13/2) 0.78    22.974     1.000     0.000
 110  p   4j13/2   ( 3j 13/2) 0.74    35.721     1.000     0.000
 111  p   5j13/2   ( 4j 13/2) 0.71    52.848     1.000     0.000
 112  p   6j13/2   ( 5j 13/2) 0.64    80.062     1.000     0.000
 113  p   1k15/2   ( 1k 15/2) 0.61    14.695     1.000     0.000
 114  p   2k15/2   ( 1k 15/2) 0.76    18.200     0.999     0.001
 115  p   3k15/2   ( 2k 15/2) 0.78    27.582     1.000     0.000
 116  p   4k15/2   ( 3k 15/2) 0.69    40.854     1.000     0.000
 117  p   5k15/2   ( 4k 15/2) 0.69    58.460     1.000     0.000
 118  p   6k15/2   ( 5k 15/2) 0.65    86.408     1.000     0.000
 119  p   1j15/2   ( 1j 15/2) 0.89     1.738     0.834     0.166
 120  p   2j15/2   ( 2j 15/2) 0.58    13.462     1.000     0.000
 121  p   3j15/2   ( 2j 15/2) 0.76    21.241     1.000     0.000
 122  p   4j15/2   ( 3j 15/2) 0.75    33.827     1.000     0.000
 123  p   5j15/2   ( 4j 15/2) 0.72    50.224     1.000     0.000
 124  p   6j15/2   ( 6j 15/2) 0.64    77.740     1.000     0.000
 125  p   1k17/2   ( 1k 17/2) 0.98     9.976     0.997     0.003
 126  p   2k17/2   ( 3k 17/2) 0.51    15.778     1.000     0.000
 127  p   3k17/2   ( 2k 17/2) 0.79    25.387     1.000     0.000
 128  p   4k17/2   ( 3k 17/2) 0.74    38.491     1.000     0.000
 129  p   5k17/2   ( 4k 17/2) 0.71    55.225     1.000     0.000
 130  p   6k17/2   ( 5k 17/2) 0.64    83.686     1.000     0.000
 131  p   1l17/2   ( 3l 17/2) 0.53    18.659     1.000     0.000
 132  p   2l17/2   ( 1l 17/2) 0.84    25.591     1.000     0.000
 133  p   3l17/2   ( 2l 17/2) 0.77    36.260     1.000     0.000
 134  p   4l17/2   ( 3l 17/2) 0.73    52.214     1.000     0.000
 135  p   5l17/2   ( 5l 17/2) 0.67    77.440     1.000     0.000
 136  p   1m19/2   ( 3m 19/2) 0.56    21.022     1.000     0.000
 137  p   2m19/2   ( 1m 19/2) 0.82    30.656     1.000     0.000
 138  p   3m19/2   ( 2m 19/2) 0.71    41.657     1.000     0.000
 139  p   4m19/2   ( 3m 19/2) 0.71    58.177     1.000     0.000
 140  p   5m19/2   ( 4m 19/2) 0.65    83.701     1.000     0.000
 141  p   1l19/2   ( 1l 19/2) 0.85    17.216     0.999     0.001
 142  p   2l19/2   ( 2l 19/2) 0.51    20.590     1.000     0.000
 143  p   3l19/2   ( 2l 19/2) 0.77    33.092     1.000     0.000
 144  p   4l19/2   ( 3l 19/2) 0.75    47.977     1.000     0.000
 145  p   5l19/2   ( 5l 19/2) 0.69    73.544     1.000     0.000
 146  p   1m21/2   ( 3m 21/2) 0.53    20.777     1.000     0.000
 147  p   2m21/2   ( 1m 21/2) 0.86    26.527     1.000     0.000
 148  p   3m21/2   ( 2m 21/2) 0.79    37.431     1.000     0.000
 149  p   4m21/2   ( 3m 21/2) 0.75    52.999     1.000     0.000
 150  p   5m21/2   ( 5m 21/2) 0.68    78.551     1.000     0.000
 151  p   1n21/2   ( 2n 21/2) 0.60    25.681     1.000     0.000
 152  p   2n21/2   ( 1n 21/2) 0.81    37.958     1.000     0.000
 153  p   3n21/2   ( 2n 21/2) 0.74    52.547     1.000     0.000
 154  p   4n21/2   ( 4n 21/2) 0.67    75.645     1.000     0.000
 155  p   1o23/2   ( 2o 23/2) 0.60    28.101     1.000     0.000
 156  p   2o23/2   ( 1o 23/2) 0.80    41.987     1.000     0.000
 157  p   3o23/2   ( 2o 23/2) 0.72    57.682     1.000     0.000
 158  p   4o23/2   ( 4o 23/2) 0.65    82.055     1.000     0.000
 159  p   1n23/2   ( 2n 23/2) 0.56    25.381     1.000     0.000
 160  p   2n23/2   ( 1n 23/2) 0.83    34.581     1.000     0.000
 161  p   3n23/2   ( 2n 23/2) 0.75    46.587     1.000     0.000
 162  p   4n23/2   ( 4n 23/2) 0.74    67.928     1.000     0.000
 163  p   1o25/2   ( 2o 25/2) 0.58    27.951     1.000     0.000
 164  p   2o25/2   ( 1o 25/2) 0.85    39.907     1.000     0.000
 165  p   3o25/2   ( 2o 25/2) 0.77    51.857     1.000     0.000
 166  p   4o25/2   ( 4o 25/2) 0.72    72.992     1.000     0.000
 167  p   1P25/2   ( 2P 25/2) 0.68    34.275     1.000     0.000
 168  p   2P25/2   ( 1P 25/2) 0.77    51.223     1.000     0.000
 169  p   3P25/2   ( 3P 25/2) 0.71    73.689     1.000     0.000
 170  p   1q27/2   ( 2q 27/2) 0.68    36.908     1.000     0.000
 171  p   2q27/2   ( 1q 27/2) 0.77    55.179     1.000     0.000
 172  p   3q27/2   ( 3q 27/2) 0.69    78.862     1.000     0.000
 173  p   1P27/2   ( 2P 27/2) 0.65    34.045     1.000     0.000
 174  p   2P27/2   ( 1P 27/2) 0.77    48.606     1.000     0.000
 175  p   3P27/2   ( 3P 27/2) 0.77    64.233     1.000     0.000
 176  p   1q29/2   ( 2q 29/2) 0.66    36.742     1.000     0.000
 177  p   2q29/2   ( 1q 29/2) 0.78    53.490     1.000     0.000
 178  p   3q29/2   ( 3q 29/2) 0.74    69.885     1.000     0.000
 179  p   1r29/2   ( 1r 29/2) 0.78    45.404     1.000     0.000
 180  p   2r29/2   ( 2r 29/2) 0.78    69.259     1.000     0.000
 181  p   1S31/2   ( 1S 31/2) 0.78    48.327     1.000     0.000
 182  p   2S31/2   ( 2S 31/2) 0.77    73.482     1.000     0.000
 183  p   1r31/2   ( 1r 31/2) 0.78    45.148     1.000     0.000
 184  p   2r31/2   ( 2r 31/2) 0.77    64.379     1.000     0.000
 185  p   1S33/2   ( 1S 33/2) 0.77    48.130     1.000     0.000
 186  p   2S33/2   ( 2S 33/2) 0.77    69.645     1.000     0.000
 187  p   1t33/2   ( 1t 33/2) 0.98    61.369     1.000     0.000
 188  p   1u35/2   ( 1u 35/2) 0.98    64.733     1.000     0.000
 189  p   1t35/2   ( 1t 35/2) 0.98    60.392     1.000     0.000
 190  p   1u37/2   ( 1u 37/2) 0.98    64.027     1.000     0.000


 quasi-particle properties Proton: 
 ------------------------------------------------------------------
     p/h    l j     [nr,l,j]  smax       Eqp       uu       vv
   1  p   1s 1/2   ( 3s  1/2) 0.80     1.048     0.765     0.235
   2  p   2s 1/2   ( 4s  1/2) 0.90    20.064     0.941     0.059
   3  h   3s 1/2   ( 2s  1/2) 0.80    20.970     0.060     0.940
   4  p   4s 1/2   ( 6s  1/2) 0.51    26.850     1.000     0.000
   5  p   5s 1/2   ( 5s  1/2) 0.73    35.082     1.000     0.000
   6  h   6s 1/2   ( 1s  1/2) 0.89    38.609     0.000     1.000
   7  p   7s 1/2   ( 6s  1/2) 0.62    46.923     1.000     0.000
   8  p   8s 1/2   ( 7s  1/2) 0.55    61.113     1.000     0.000
   9  p   9s 1/2   ( 8s  1/2) 0.61    79.339     1.000     0.000
  11  p   1p 1/2   ( 3p  1/2) 0.96    10.345     0.999     0.001
  12  h   2p 1/2   ( 2p  1/2) 0.91    11.511     0.001     0.999
  13  p   3p 1/2   ( 4p  1/2) 0.70    25.557     1.000     0.000
  14  p   4p 1/2   ( 4p  1/2) 0.63    30.751     1.000     0.000
  15  h   5p 1/2   ( 1p  1/2) 0.94    32.989     0.001     0.999
  16  p   6p 1/2   ( 5p  1/2) 0.73    42.024     1.000     0.000
  17  p   7p 1/2   ( 6p  1/2) 0.66    55.687     1.000     0.000
  18  p   8p 1/2   ( 7p  1/2) 0.66    72.906     1.000     0.000
  20  h   1d 3/2   ( 2d  3/2) 0.93     1.547     0.047     0.953
  21  p   2d 3/2   ( 3d  3/2) 0.96    19.406     1.000     0.000
  22  h   3d 3/2   ( 1d  3/2) 0.96    25.394     0.001     0.999
  23  p   4d 3/2   ( 5d  3/2) 0.50    27.373     1.000     0.000
  24  p   5d 3/2   ( 4d  3/2) 0.75    35.157     1.000     0.000
  25  p   6d 3/2   ( 5d  3/2) 0.66    46.696     1.000     0.000
  26  p   7d 3/2   ( 6d  3/2) 0.58    60.938     1.000     0.000
  27  p   8d 3/2   ( 7d  3/2) 0.63    79.111     1.000     0.000
  29  p   1p 3/2   ( 3p  3/2) 0.94    10.199     0.999     0.001
  30  h   2p 3/2   ( 2p  3/2) 0.89    11.948     0.001     0.999
  31  p   3p 3/2   ( 4p  3/2) 0.69    25.543     1.000     0.000
  32  p   4p 3/2   ( 4p  3/2) 0.62    30.728     1.000     0.000
  33  h   5p 3/2   ( 1p  3/2) 0.92    33.428     0.000     1.000
  34  p   6p 3/2   ( 5p  3/2) 0.72    42.053     1.000     0.000
  35  p   7p 3/2   ( 6p  3/2) 0.64    55.695     1.000     0.000
  36  p   8p 3/2   ( 7p  3/2) 0.65    72.826     1.000     0.000
  38  h   1d 5/2   ( 2d  5/2) 0.93     2.763     0.014     0.986
  39  p   2d 5/2   ( 3d  5/2) 0.95    18.866     1.000     0.000
  40  h   3d 5/2   ( 1d  5/2) 0.95    26.690     0.002     0.998
  41  p   4d 5/2   ( 5d  5/2) 0.51    27.317     0.998     0.002
  42  p   5d 5/2   ( 4d  5/2) 0.74    35.009     1.000     0.000
  43  p   6d 5/2   ( 5d  5/2) 0.64    46.623     1.000     0.000
  44  p   7d 5/2   ( 6d  5/2) 0.56    60.852     1.000     0.000
  45  p   8d 5/2   ( 7d  5/2) 0.61    78.878     1.000     0.000
  47  p   1f 5/2   ( 2f  5/2) 0.97     8.432     0.999     0.001
  48  h   2f 5/2   ( 1f  5/2) 0.98    16.538     0.001     0.999
  49  p   3f 5/2   ( 3f  5/2) 0.81    26.191     1.000     0.000
  50  p   4f 5/2   ( 3f  5/2) 0.52    30.870     1.000     0.000
  51  p   5f 5/2   ( 4f  5/2) 0.75    42.065     1.000     0.000
  52  p   6f 5/2   ( 5f  5/2) 0.68    55.575     1.000     0.000
  53  p   7f 5/2   ( 6f  5/2) 0.68    72.594     1.000     0.000
  55  h   1g 7/2   ( 1g  7/2) 0.98     6.856     0.002     0.998
  56  p   2g 7/2   ( 2g  7/2) 0.98    17.599     1.000     0.000
  57  p   3g 7/2   ( 3g  7/2) 0.50    28.854     1.000     0.000
  58  p   4g 7/2   ( 3g  7/2) 0.77    35.516     1.000     0.000
  59  p   5g 7/2   ( 4g  7/2) 0.70    46.529     1.000     0.000
  60  p   6g 7/2   ( 5g  7/2) 0.61    60.855     1.000     0.000
  61  p   7g 7/2   ( 6g  7/2) 0.64    78.705     1.000     0.000
  63  p   1f 7/2   ( 2f  7/2) 0.96     6.523     0.998     0.002
  64  h   2f 7/2   ( 1f  7/2) 0.97    18.974     0.000     1.000
  65  p   3f 7/2   ( 3f  7/2) 0.85    25.629     1.000     0.000
  66  p   4f 7/2   ( 5f  7/2) 0.53    30.407     1.000     0.000
  67  p   5f 7/2   ( 4f  7/2) 0.75    41.681     1.000     0.000
  68  p   6f 7/2   ( 5f  7/2) 0.67    55.172     1.000     0.000
  69  p   7f 7/2   ( 6f  7/2) 0.66    71.965     1.000     0.000
  71  h   1g 9/2   ( 1g  9/2) 0.98    10.630     0.001     0.999
  72  p   2g 9/2   ( 2g  9/2) 0.97    15.396     1.000     0.000
  73  p   3g 9/2   ( 3g  9/2) 0.54    28.658     1.000     0.000
  74  p   4g 9/2   ( 3g  9/2) 0.76    34.654     1.000     0.000
  75  p   5g 9/2   ( 4g  9/2) 0.72    45.753     1.000     0.000
  76  p   6g 9/2   ( 5g  9/2) 0.62    60.056     1.000     0.000
  77  p   7g 9/2   ( 6g  9/2) 0.64    77.552     1.000     0.000
  79  p   1h 9/2   ( 1h  9/2) 0.98     3.363     0.992     0.008
  80  p   2h 9/2   ( 2h  9/2) 0.96    25.796     1.000     0.000
  81  p   3h 9/2   ( 4h  9/2) 0.53    31.761     1.000     0.000
  82  p   4h 9/2   ( 3h  9/2) 0.78    42.235     1.000     0.000
  83  p   5h 9/2   ( 4h  9/2) 0.72    55.295     1.000     0.000
  84  p   6h 9/2   ( 5h  9/2) 0.70    71.987     1.000     0.000
  86  p   1i11/2   ( 1i 11/2) 0.98    13.492     1.000     0.000
  87  p   2i11/2   ( 2i 11/2) 0.66    31.207     1.000     0.000
  88  p   3i11/2   ( 2i 11/2) 0.71    35.339     1.000     0.000
  89  p   4i11/2   ( 3i 11/2) 0.77    46.262     1.000     0.000
  90  p   5i11/2   ( 4i 11/2) 0.67    60.401     1.000     0.000
  91  p   6i11/2   ( 5i 11/2) 0.67    77.666     1.000     0.000
  93  h   1h11/2   ( 1h 11/2) 0.97     1.986     0.024     0.976
  94  p   2h11/2   ( 2h 11/2) 0.98    23.677     1.000     0.000
  95  p   3h11/2   ( 4h 11/2) 0.54    31.364     1.000     0.000
  96  p   4h11/2   ( 3h 11/2) 0.77    41.327     1.000     0.000
  97  p   5h11/2   ( 4h 11/2) 0.73    54.108     1.000     0.000
  98  p   6h11/2   ( 5h 11/2) 0.69    70.287     1.000     0.000
  99  p   7h11/2   ( 6h 11/2) 0.63    99.926     1.000     0.000
 100  p   1i13/2   ( 1i 13/2) 0.98     7.034     0.999     0.001
 101  p   2i13/2   ( 2i 13/2) 0.84    30.273     1.000     0.000
 102  p   3i13/2   ( 2i 13/2) 0.50    33.861     1.000     0.000
 103  p   4i13/2   ( 3i 13/2) 0.78    45.186     1.000     0.000
 104  p   5i13/2   ( 4i 13/2) 0.69    59.039     1.000     0.000
 105  p   6i13/2   ( 5i 13/2) 0.68    75.586     1.000     0.000
 107  p   1j13/2   ( 1j 13/2) 0.98    23.303     1.000     0.000
 108  p   2j13/2   ( 2j 13/2) 0.54    34.666     1.000     0.000
 109  p   3j13/2   ( 2j 13/2) 0.80    42.507     1.000     0.000
 110  p   4j13/2   ( 3j 13/2) 0.77    54.644     1.000     0.000
 111  p   5j13/2   ( 4j 13/2) 0.73    70.871     1.000     0.000
 112  p   6j13/2   ( 6j 13/2) 0.65    98.399     1.000     0.000
 113  p   1k15/2   ( 1k 15/2) 0.97    32.290     1.000     0.000
 114  p   2k15/2   ( 4k 15/2) 0.51    36.775     1.000     0.000
 115  p   3k15/2   ( 2k 15/2) 0.82    47.379     1.000     0.000
 116  p   4k15/2   ( 3k 15/2) 0.74    59.808     1.000     0.000
 117  p   5k15/2   ( 4k 15/2) 0.71    76.380     1.000     0.000
 119  p   1j15/2   ( 1j 15/2) 0.97    15.984     1.000     0.000
 120  p   2j15/2   ( 2j 15/2) 0.63    34.190     1.000     0.000
 121  p   3j15/2   ( 2j 15/2) 0.74    40.389     1.000     0.000
 122  p   4j15/2   ( 3j 15/2) 0.77    53.055     1.000     0.000
 123  p   5j15/2   ( 4j 15/2) 0.73    68.547     1.000     0.000
 124  p   6j15/2   ( 6j 15/2) 0.65    96.107     1.000     0.000
 125  p   1k17/2   ( 1k 17/2) 0.97    24.837     1.000     0.000
 126  p   2k17/2   ( 4k 17/2) 0.50    36.340     1.000     0.000
 127  p   3k17/2   ( 2k 17/2) 0.81    45.190     1.000     0.000
 128  p   4k17/2   ( 3k 17/2) 0.77    57.578     1.000     0.000
 129  p   5k17/2   ( 4k 17/2) 0.72    73.510     1.000     0.000
 131  p   1l17/2   ( 1l 17/2) 0.72    38.926     1.000     0.000
 132  p   2l17/2   ( 1l 17/2) 0.67    42.635     1.000     0.000
 133  p   3l17/2   ( 2l 17/2) 0.79    55.350     1.000     0.000
 134  p   4l17/2   ( 3l 17/2) 0.75    70.161     1.000     0.000
 135  p   5l17/2   ( 5l 17/2) 0.68    95.156     1.000     0.000
 136  p   1m19/2   ( 3m 19/2) 0.54    41.785     1.000     0.000
 137  p   2m19/2   ( 1m 19/2) 0.89    48.859     1.000     0.000
 138  p   3m19/2   ( 2m 19/2) 0.79    59.859     1.000     0.000
 139  p   4m19/2   ( 3m 19/2) 0.74    75.864     1.000     0.000
 141  p   1l19/2   ( 1l 19/2) 0.97    33.418     1.000     0.000
 142  p   2l19/2   ( 2l 19/2) 0.60    40.285     1.000     0.000
 143  p   3l19/2   ( 2l 19/2) 0.76    52.999     1.000     0.000
 144  p   4l19/2   ( 3l 19/2) 0.75    66.277     1.000     0.000
 145  p   5l19/2   ( 5l 19/2) 0.70    91.415     1.000     0.000
 146  p   1m21/2   ( 1m 21/2) 0.81    40.865     1.000     0.000
 147  p   2m21/2   ( 1m 21/2) 0.54    43.189     1.000     0.000
 148  p   3m21/2   ( 2m 21/2) 0.78    57.027     1.000     0.000
 149  p   4m21/2   ( 3m 21/2) 0.76    71.328     1.000     0.000
 150  p   5m21/2   ( 5m 21/2) 0.69    96.262     1.000     0.000
 151  p   1n21/2   ( 2n 21/2) 0.56    46.655     1.000     0.000
 152  p   2n21/2   ( 1n 21/2) 0.85    56.915     1.000     0.000
 153  p   3n21/2   ( 2n 21/2) 0.76    69.442     1.000     0.000
 154  p   4n21/2   ( 4n 21/2) 0.70    92.717     1.000     0.000
 155  p   1o23/2   ( 3o 23/2) 0.58    48.967     1.000     0.000
 156  p   2o23/2   ( 1o 23/2) 0.85    62.156     1.000     0.000
 157  p   3o23/2   ( 2o 23/2) 0.76    74.554     1.000     0.000
 158  p   4o23/2   ( 4o 23/2) 0.68    98.523     1.000     0.000
 159  p   1n23/2   ( 1n 23/2) 0.65    46.033     1.000     0.000
 160  p   2n23/2   ( 1n 23/2) 0.72    51.909     1.000     0.000
 161  p   3n23/2   ( 2n 23/2) 0.69    65.077     1.000     0.000
 162  p   4n23/2   ( 4n 23/2) 0.76    85.314     1.000     0.000
 163  p   1o25/2   ( 3o 25/2) 0.57    48.759     1.000     0.000
 164  p   2o25/2   ( 1o 25/2) 0.86    58.594     1.000     0.000
 165  p   3o25/2   ( 2o 25/2) 0.74    69.642     1.000     0.000
 166  p   4o25/2   ( 4o 25/2) 0.74    90.078     1.000     0.000
 167  p   1P25/2   ( 2P 25/2) 0.66    55.477     1.000     0.000
 168  p   2P25/2   ( 1P 25/2) 0.79    70.735     1.000     0.000
 169  p   3P25/2   ( 3P 25/2) 0.75    89.091     1.000     0.000
 170  p   1q27/2   ( 2q 27/2) 0.67    57.942     1.000     0.000
 171  p   2q27/2   ( 1q 27/2) 0.80    75.599     1.000     0.000
 172  p   3q27/2   ( 3q 27/2) 0.72    94.321     1.000     0.000
 173  p   1P27/2   ( 1P 27/2) 0.63    55.153     1.000     0.000
 174  p   2P27/2   ( 1P 27/2) 0.76    67.277     1.000     0.000
 175  p   3P27/2   ( 3P 27/2) 0.82    80.658     1.000     0.000
 176  p   1q29/2   ( 2q 29/2) 0.64    57.714     1.000     0.000
 177  p   2q29/2   ( 1q 29/2) 0.80    73.486     1.000     0.000
 178  p   3q29/2   ( 3q 29/2) 0.78    85.954     1.000     0.000
 179  p   1r29/2   ( 1r 29/2) 0.77    66.782     1.000     0.000
 180  p   2r29/2   ( 2r 29/2) 0.77    87.235     1.000     0.000
 181  p   1S31/2   ( 1S 31/2) 0.77    69.579     1.000     0.000
 182  p   2S31/2   ( 2S 31/2) 0.76    92.363     1.000     0.000
 183  p   1r31/2   ( 1r 31/2) 0.76    66.509     1.000     0.000
 184  p   2r31/2   ( 2r 31/2) 0.76    82.501     1.000     0.000
 185  p   1S33/2   ( 1S 33/2) 0.76    69.355     1.000     0.000
 186  p   2S33/2   ( 2S 33/2) 0.75    88.667     1.000     0.000
 187  p   1t33/2   ( 1t 33/2) 0.98    82.474     1.000     0.000
 188  p   1u35/2   ( 1u 35/2) 0.98    85.975     1.000     0.000
 189  p   1t35/2   ( 1t 35/2) 0.98    81.527     1.000     0.000
 190  p   1u37/2   ( 1u 37/2) 0.98    85.285     1.000     0.000
  ****** END RESU ***********************************
