
  ******************************************  
  *           Fortran 77 Code              *  
  *         Spherical H.O. basis            *  
  * Dirac-Hartree-Bogoliubov calculation   *  
  *        with density-dependent          *  
  * meson-exchange or point coupling force *  
  *          and separable pairing         *  
  * -------------------------------------- *  
  *      Niksic, Paar, Vretenar, Ring      *  
  *          18/ 4/2026/01:36:54           *
  *       Hg 202  N = 122  Z =  80
  ******************************************  
  ****** BEGIN READER *******************************
 Number of oscillator shells :    18   20
 Initialization inin,inink   :     0    0
 Nucleus: Hg 202   122  80
 Initial Gap Parameters      :     1.0000    1.0000
 Parameter set               :    DD-ME2    
  ****** END READER *********************************
  ****** BEGIN FORCES *******************************

 NEDF Parameters: DD-ME2    
 AMU   =  939.000
 msig  =  550.124  gsig =    10.5396  Gsig =   -14.2924
 mome  =  783.000  gome =    13.0189  Gome =    10.7647
 mdel  =    0.000  gdel =     0.0000  Gdel =    -0.0000
 mrho  =  763.000  grho =     3.6836  Grho =     0.9076
  
 Density dependence parameters:
           scasca    scavec    vecsca    vecvec
 a    =   1.388148  1.389291  0.000000  0.564700
 b    =   1.094300  0.923975  0.000000  0.000000
 c    =   1.705700  1.462000  0.000000  0.000000
 d    =   0.442067  0.477492  0.000000  0.000000
 dsat =   0.152000
  
 TMR pairing: Tian,Ma,Ring, PRB 676, 44 (2009)
 TMR pairing strength    gl =:  -728.00000 [MeV*fm^3]
 TMR pairing width        a =:     0.64420 [fm]
  ****** END FORCES *********************************
  ****** BEGIN PREP *********************************
  
 hom =                            6.987686
 hb0 =                           20.734000
 b0  =                            2.436070
 with Coulomb force
 With microscopic c.m. correction
  ****** END PREP ***********************************
  potentials read from tape dirhb.wel
  ****** BEGIN ITER *********************************
  1.It. si =    0.0000000  E/A =    0.0000 R =    0.0000  mix = 0.50
  2.It. si =    6.7949547  E/A =   -7.8615 R =    5.5327  mix = 0.50
  3.It. si =    4.5134074  E/A =   -7.8616 R =    5.5327  mix = 0.50
  4.It. si =    2.2598683  E/A =   -7.8614 R =    5.5331  mix = 0.50
  5.It. si =    0.4945981  E/A =   -7.8610 R =    5.5344  mix = 0.50
  6.It. si =    0.1988705  E/A =   -7.8610 R =    5.5350  mix = 0.50
  7.It. si =    0.0333332  E/A =   -7.8609 R =    5.5353  mix = 0.50
  11. L-Iteration: -  -8.65196171  -0.00000000  -8.65195008
  12. L-Iteration:    -8.65195008   0.00000000  -8.65195589
  13. L-Iteration: B  -8.65195589   0.00000000  -8.65195880
  14. L-Iteration:    -8.65195880  -0.00000000  -8.65195735
  15. L-Iteration:    -8.65195735   0.00000000  -8.65195771
  8.It. si =    1.2127390  E/A =   -7.8609 R =    5.5353  mix = 0.50
  11. L-Iteration:    -8.64924318  -0.00000000  -8.64923530
  12. L-Iteration:    -8.64923530   0.00000000  -8.64923793
  13. L-Iteration:    -8.64923793  -0.00000000  -8.64923662
  14. L-Iteration:    -8.64923662   0.00000000  -8.64923749
  15. L-Iteration:    -8.64923749  -0.00000000  -8.64923705
  16. L-Iteration:    -8.64923705   0.00000000  -8.64923732
  17. L-Iteration:    -8.64923732  -0.00000000  -8.64923725
  18. L-Iteration:    -8.64923725   0.00000000  -8.64923730
  9.It. si =    1.2021096  E/A =   -7.8609 R =    5.5353  mix = 0.50
 10.It. si =    0.0319526  E/A =   -7.8608 R =    5.5353  mix = 0.50
 11.It. si =    0.0241616  E/A =   -7.8608 R =    5.5353  mix = 0.50
 12.It. si =    0.0065445  E/A =   -7.8608 R =    5.5353  mix = 0.50
  11. L-Iteration: B  -7.64498951   0.00000000  -7.64946914
  12. L-Iteration:    -7.64946914   0.00000000  -7.64947286
  13. L-Iteration: B  -7.64947286   0.00000000  -7.64947348
  14. L-Iteration:    -7.64947348  -0.00000000  -7.64947307
  15. L-Iteration: B  -7.64947307  -0.00000000  -7.64947296
  16. L-Iteration: B  -7.64947296  -0.00000000  -7.64947291
  17. L-Iteration: B  -7.64947291  -0.00000000  -7.64947289
 13.It. si =    1.0456633  E/A =   -7.8608 R =    5.5353  mix = 0.50
  11. L-Iteration:    -7.68062079   0.00000000  -7.68062111
  12. L-Iteration:    -7.68062111  -0.00000000  -7.68062087
  13. L-Iteration:    -7.68062087   0.00000000  -7.68062097
 14.It. si =    0.9288680  E/A =   -7.8608 R =    5.5353  mix = 0.50
 15.It. si =    0.0013044  E/A =   -7.8608 R =    5.5353  mix = 0.50
 16.It. si =    0.0005878  E/A =   -7.8608 R =    5.5353  mix = 0.50
 17.It. si =    0.0002132  E/A =   -7.8608 R =    5.5353  mix = 0.50
 18.It. si =    0.0000455  E/A =   -7.8608 R =    5.5353  mix = 0.50
 19.It. si =    0.0000107  E/A =   -7.8608 R =    5.5353  mix = 0.50
 20.It. si =    0.0000085  E/A =   -7.8608 R =    5.5353  mix = 0.50
 21.It. si =    0.0000081  E/A =   -7.8608 R =    5.5353  mix = 0.50
 22.It. si =    0.0000080  E/A =   -7.8608 R =    5.5353  mix = 0.50
 23.It. si =    0.4208484  E/A =   -7.8608 R =    5.5353  mix = 0.50
 24.It. si =    0.0000081  E/A =   -7.8608 R =    5.5353  mix = 0.50
  11. L-Iteration: B  -8.21715854  -0.00000000  -8.21715851
  12. L-Iteration: B  -8.21715851  -0.00000000  -8.21715850
 25.It. si =    0.4225153  E/A =   -7.8608 R =    5.5353  mix = 0.50
 26.It. si =    0.0000083  E/A =   -7.8608 R =    5.5353  mix = 0.50
  11. L-Iteration: B  -8.21778579   0.00000000  -8.21778600
 27.It. si =    0.4231203  E/A =   -7.8608 R =    5.5353  mix = 0.50
 28.It. si =    0.4179458  E/A =   -7.8608 R =    5.5353  mix = 0.50
 29.It. si =    0.3733136  E/A =   -7.8608 R =    5.5353  mix = 0.50
 30.It. si =    0.0000163  E/A =   -7.8608 R =    5.5353  mix = 0.50
 31.It. si =    0.0000155  E/A =   -7.8608 R =    5.5353  mix = 0.50
  11. L-Iteration: B  -8.21767848  -0.00000000  -8.21767799
  12. L-Iteration:    -8.21767799  -0.00000000  -8.21767750
  13. L-Iteration: B  -8.21767750  -0.00000000  -8.21766897
  14. L-Iteration:    -8.21766897   0.00000000  -8.21767726
  15. L-Iteration: B  -8.21767726   0.00000000  -8.21767738
  16. L-Iteration: B  -8.21767738   0.00000000  -8.21767744
 32.It. si =    0.4213285  E/A =   -7.8608 R =    5.5353  mix = 0.50
  11. L-Iteration: B  -8.03847823   0.00000000  -8.03847847
 33.It. si =    0.2404082  E/A =   -7.8608 R =    5.5353  mix = 0.50
  11. L-Iteration: B  -8.11223327  -0.00000000  -8.11223320
  12. L-Iteration: B  -8.11223320  -0.00000000  -8.11223312
  13. L-Iteration:    -8.11223312   0.00000000  -8.11223316
  14. L-Iteration:    -8.11223316  -0.00000000  -8.11223313
 34.It. si =    0.3128065  E/A =   -7.8608 R =    5.5353  mix = 0.50
  11. L-Iteration: B  -7.80021494   0.00000005 -14.05021490
  12. L-Iteration:   -14.05021490 -22.00000004  -7.80021496
  13. L-Iteration:    -7.80021496   0.00000005  -7.80021497
  14. L-Iteration:    -7.80021497   0.00000005  -7.85984950
  15. L-Iteration:    -7.85984950   0.00000004  -8.03172298
  16. L-Iteration:    -8.03172298   0.00000001  -8.08098627
  17. L-Iteration:    -8.08098627   0.00000000  -8.09005660
  18. L-Iteration:    -8.09005660   0.00000000  -8.09030088
  19. L-Iteration:    -8.09030088   0.00000000  -8.09030211
  20. L-Iteration:    -8.09030211  -0.00000000  -8.09030177
  21. L-Iteration:    -8.09030177   0.00000000  -8.09030194
  22. L-Iteration:    -8.09030194   0.00000000  -8.09030198
  23. L-Iteration: B  -8.09030198   0.00000000  -8.09030204
  24. L-Iteration:    -8.09030204  -0.00000000  -8.09030202
  25. L-Iteration:    -8.09030202   0.00000000  -8.09030204
 35.It. si =    0.2900873  E/A =   -7.8608 R =    5.5353  mix = 0.50
 36.It. si =    0.2884885  E/A =   -7.8608 R =    5.5353  mix = 0.50
 37.It. si =    0.1133817  E/A =   -7.8608 R =    5.5353  mix = 0.50
 38.It. si =    0.0835961  E/A =   -7.8608 R =    5.5353  mix = 0.50
 39.It. si =    0.0654481  E/A =   -7.8608 R =    5.5353  mix = 0.50
 40.It. si =    0.0138410  E/A =   -7.8608 R =    5.5353  mix = 0.50
 41.It. si =    0.0000177  E/A =   -7.8608 R =    5.5353  mix = 0.50
 42.It. si =    0.0000168  E/A =   -7.8608 R =    5.5353  mix = 0.50
 43.It. si =    0.0000113  E/A =   -7.8608 R =    5.5353  mix = 0.50
 44.It. si =    0.0000119  E/A =   -7.8608 R =    5.5353  mix = 0.50
 45.It. si =    0.0000123  E/A =   -7.8608 R =    5.5353  mix = 0.50
 46.It. si =    0.0000126  E/A =   -7.8608 R =    5.5353  mix = 0.50
 47.It. si =    0.0000129  E/A =   -7.8608 R =    5.5353  mix = 0.50
 48.It. si =    0.0000131  E/A =   -7.8608 R =    5.5353  mix = 0.50
 49.It. si =    0.0000133  E/A =   -7.8608 R =    5.5353  mix = 0.50
 50.It. si =    0.0000135  E/A =   -7.8608 R =    5.5353  mix = 0.50
 51.It. si =    0.0000136  E/A =   -7.8608 R =    5.5353  mix = 0.50
 52.It. si =    0.0000138  E/A =   -7.8608 R =    5.5353  mix = 0.50
 53.It. si =    0.0000139  E/A =   -7.8608 R =    5.5353  mix = 0.50
 54.It. si =    0.0000140  E/A =   -7.8608 R =    5.5353  mix = 0.50
 55.It. si =    0.0000141  E/A =   -7.8608 R =    5.5353  mix = 0.50
 56.It. si =    0.0000142  E/A =   -7.8608 R =    5.5353  mix = 0.50
 57.It. si =    0.0000143  E/A =   -7.8608 R =    5.5353  mix = 0.50
 58.It. si =    0.0000144  E/A =   -7.8608 R =    5.5353  mix = 0.50
 59.It. si =    0.0000145  E/A =   -7.8608 R =    5.5353  mix = 0.50
 60.It. si =    0.0084121  E/A =   -7.8608 R =    5.5353  mix = 0.50
 61.It. si =    0.0000155  E/A =   -7.8608 R =    5.5353  mix = 0.50
 62.It. si =    0.0000155  E/A =   -7.8608 R =    5.5353  mix = 0.50
 63.It. si =    0.0000154  E/A =   -7.8608 R =    5.5353  mix = 0.50
 64.It. si =    0.0000154  E/A =   -7.8608 R =    5.5353  mix = 0.50
 65.It. si =    0.0000155  E/A =   -7.8608 R =    5.5353  mix = 0.50
 66.It. si =    0.0000155  E/A =   -7.8608 R =    5.5353  mix = 0.50
 67.It. si =    0.0000155  E/A =   -7.8608 R =    5.5353  mix = 0.50
 68.It. si =    0.0000156  E/A =   -7.8608 R =    5.5353  mix = 0.50
 69.It. si =    0.0000156  E/A =   -7.8608 R =    5.5353  mix = 0.50
 70.It. si =    0.0000157  E/A =   -7.8608 R =    5.5353  mix = 0.50
 71.It. si =    0.0000158  E/A =   -7.8608 R =    5.5353  mix = 0.50
 72.It. si =    0.0000158  E/A =   -7.8608 R =    5.5353  mix = 0.50
 73.It. si =    0.0000159  E/A =   -7.8608 R =    5.5353  mix = 0.50
 74.It. si =    0.0000160  E/A =   -7.8608 R =    5.5353  mix = 0.50
 75.It. si =    0.0000161  E/A =   -7.8608 R =    5.5353  mix = 0.50
 76.It. si =    0.0000162  E/A =   -7.8608 R =    5.5353  mix = 0.50
 77.It. si =    0.0000163  E/A =   -7.8608 R =    5.5353  mix = 0.50
 78.It. si =    0.0000164  E/A =   -7.8608 R =    5.5353  mix = 0.50
 79.It. si =    0.0000165  E/A =   -7.8608 R =    5.5353  mix = 0.50
 80.It. si =    0.0000166  E/A =   -7.8608 R =    5.5353  mix = 0.50
 81.It. si =    0.0000167  E/A =   -7.8608 R =    5.5353  mix = 0.50
 82.It. si =    0.0000168  E/A =   -7.8608 R =    5.5353  mix = 0.50
 83.It. si =    0.0000169  E/A =   -7.8608 R =    5.5353  mix = 0.50
 84.It. si =    0.0000170  E/A =   -7.8608 R =    5.5353  mix = 0.50
 85.It. si =    0.0000171  E/A =   -7.8608 R =    5.5353  mix = 0.50
 86.It. si =    0.0000172  E/A =   -7.8608 R =    5.5353  mix = 0.50
 87.It. si =    0.0000173  E/A =   -7.8608 R =    5.5353  mix = 0.50
 88.It. si =    0.0000174  E/A =   -7.8608 R =    5.5353  mix = 0.50
 89.It. si =    0.0000175  E/A =   -7.8608 R =    5.5353  mix = 0.50
 90.It. si =    0.0000176  E/A =   -7.8608 R =    5.5353  mix = 0.50
 91.It. si =    0.0000177  E/A =   -7.8608 R =    5.5353  mix = 0.50
 92.It. si =    0.0000178  E/A =   -7.8608 R =    5.5353  mix = 0.50
 93.It. si =    0.0000179  E/A =   -7.8608 R =    5.5353  mix = 0.50
 94.It. si =    0.0000180  E/A =   -7.8608 R =    5.5353  mix = 0.50
 95.It. si =    0.0000181  E/A =   -7.8608 R =    5.5353  mix = 0.50
 96.It. si =    0.0000182  E/A =   -7.8608 R =    5.5353  mix = 0.50
 97.It. si =    0.0000183  E/A =   -7.8608 R =    5.5353  mix = 0.50
 98.It. si =    0.0000185  E/A =   -7.8608 R =    5.5353  mix = 0.50
 99.It. si =    0.0000186  E/A =   -7.8608 R =    5.5353  mix = 0.50
100.It. si =    0.0000187  E/A =   -7.8608 R =    5.5353  mix = 0.50
101.It. si =    0.0000188  E/A =   -7.8608 R =    5.5353  mix = 0.50
102.It. si =    0.0000189  E/A =   -7.8608 R =    5.5353  mix = 0.50
103.It. si =    0.0000190  E/A =   -7.8608 R =    5.5353  mix = 0.50
104.It. si =    0.0000191  E/A =   -7.8608 R =    5.5353  mix = 0.50
105.It. si =    0.0000193  E/A =   -7.8608 R =    5.5353  mix = 0.50
106.It. si =    0.0000194  E/A =   -7.8608 R =    5.5353  mix = 0.50
107.It. si =    0.0000195  E/A =   -7.8608 R =    5.5353  mix = 0.50
108.It. si =    0.0000196  E/A =   -7.8608 R =    5.5353  mix = 0.50
109.It. si =    0.0000197  E/A =   -7.8608 R =    5.5353  mix = 0.50
110.It. si =    0.0000199  E/A =   -7.8608 R =    5.5353  mix = 0.50
111.It. si =    0.0000200  E/A =   -7.8608 R =    5.5353  mix = 0.50
112.It. si =    0.0000201  E/A =   -7.8608 R =    5.5353  mix = 0.50
113.It. si =    0.0000202  E/A =   -7.8608 R =    5.5353  mix = 0.50
114.It. si =    0.0000203  E/A =   -7.8608 R =    5.5353  mix = 0.50
115.It. si =    0.0000205  E/A =   -7.8608 R =    5.5353  mix = 0.50
116.It. si =    0.0000206  E/A =   -7.8608 R =    5.5353  mix = 0.50
117.It. si =    0.0000207  E/A =   -7.8608 R =    5.5353  mix = 0.50
118.It. si =    0.0000208  E/A =   -7.8608 R =    5.5353  mix = 0.50
119.It. si =    0.0000210  E/A =   -7.8608 R =    5.5353  mix = 0.50
120.It. si =    0.0000211  E/A =   -7.8608 R =    5.5353  mix = 0.50
121.It. si =    0.0000212  E/A =   -7.8608 R =    5.5353  mix = 0.50
122.It. si =    0.0000214  E/A =   -7.8608 R =    5.5353  mix = 0.50
123.It. si =    0.0000215  E/A =   -7.8608 R =    5.5353  mix = 0.50
124.It. si =    0.0000216  E/A =   -7.8608 R =    5.5353  mix = 0.50
125.It. si =    0.0000217  E/A =   -7.8608 R =    5.5353  mix = 0.50
126.It. si =    0.0000219  E/A =   -7.8608 R =    5.5353  mix = 0.50
127.It. si =    0.0000220  E/A =   -7.8608 R =    5.5353  mix = 0.50
128.It. si =    0.0000221  E/A =   -7.8608 R =    5.5353  mix = 0.50
129.It. si =    0.0000223  E/A =   -7.8608 R =    5.5353  mix = 0.50
130.It. si =    0.0000224  E/A =   -7.8608 R =    5.5353  mix = 0.50
131.It. si =    0.0000226  E/A =   -7.8608 R =    5.5353  mix = 0.50
132.It. si =    0.0000227  E/A =   -7.8608 R =    5.5353  mix = 0.50
133.It. si =    0.0000228  E/A =   -7.8608 R =    5.5353  mix = 0.50
134.It. si =    0.0000230  E/A =   -7.8608 R =    5.5353  mix = 0.50
135.It. si =    0.0000231  E/A =   -7.8608 R =    5.5353  mix = 0.50
136.It. si =    0.0000232  E/A =   -7.8608 R =    5.5353  mix = 0.50
137.It. si =    0.0000234  E/A =   -7.8608 R =    5.5353  mix = 0.50
138.It. si =    0.0000235  E/A =   -7.8608 R =    5.5353  mix = 0.50
139.It. si =    0.0000237  E/A =   -7.8608 R =    5.5353  mix = 0.50
140.It. si =    0.0000238  E/A =   -7.8608 R =    5.5353  mix = 0.50
141.It. si =    0.0000240  E/A =   -7.8608 R =    5.5353  mix = 0.50
142.It. si =    0.0000241  E/A =   -7.8608 R =    5.5353  mix = 0.50
143.It. si =    0.0000243  E/A =   -7.8608 R =    5.5353  mix = 0.50
144.It. si =    0.0000244  E/A =   -7.8608 R =    5.5353  mix = 0.50
145.It. si =    0.0000246  E/A =   -7.8608 R =    5.5353  mix = 0.50
146.It. si =    0.0000247  E/A =   -7.8608 R =    5.5353  mix = 0.50
147.It. si =    0.0000249  E/A =   -7.8608 R =    5.5353  mix = 0.50
148.It. si =    0.0000250  E/A =   -7.8608 R =    5.5353  mix = 0.50
149.It. si =    0.0000252  E/A =   -7.8608 R =    5.5353  mix = 0.50
150.It. si =    0.0000253  E/A =   -7.8608 R =    5.5353  mix = 0.50
151.It. si =    0.0000255  E/A =   -7.8608 R =    5.5353  mix = 0.50
152.It. si =    0.0000256  E/A =   -7.8608 R =    5.5353  mix = 0.50
153.It. si =    0.0000258  E/A =   -7.8608 R =    5.5353  mix = 0.50
154.It. si =    0.0000259  E/A =   -7.8608 R =    5.5353  mix = 0.50
155.It. si =    0.0000261  E/A =   -7.8608 R =    5.5353  mix = 0.50
156.It. si =    0.0000262  E/A =   -7.8608 R =    5.5353  mix = 0.50
157.It. si =    0.0000264  E/A =   -7.8608 R =    5.5353  mix = 0.50
158.It. si =    0.0000266  E/A =   -7.8608 R =    5.5353  mix = 0.50
159.It. si =    0.0000267  E/A =   -7.8608 R =    5.5353  mix = 0.50
160.It. si =    0.0000269  E/A =   -7.8608 R =    5.5353  mix = 0.50
161.It. si =    0.0000271  E/A =   -7.8608 R =    5.5353  mix = 0.50
162.It. si =    0.0000272  E/A =   -7.8608 R =    5.5353  mix = 0.50
163.It. si =    0.0000274  E/A =   -7.8608 R =    5.5353  mix = 0.50
164.It. si =    0.0000276  E/A =   -7.8608 R =    5.5353  mix = 0.50
165.It. si =    0.0000277  E/A =   -7.8608 R =    5.5353  mix = 0.50
166.It. si =    0.0000279  E/A =   -7.8608 R =    5.5353  mix = 0.50
167.It. si =    0.0000281  E/A =   -7.8608 R =    5.5353  mix = 0.50
168.It. si =    0.0000282  E/A =   -7.8608 R =    5.5353  mix = 0.50
169.It. si =    0.0000284  E/A =   -7.8608 R =    5.5353  mix = 0.50
170.It. si =    0.0000286  E/A =   -7.8608 R =    5.5353  mix = 0.50
171.It. si =    0.0000288  E/A =   -7.8608 R =    5.5353  mix = 0.50
172.It. si =    0.0000289  E/A =   -7.8608 R =    5.5353  mix = 0.50
173.It. si =    0.0000291  E/A =   -7.8608 R =    5.5353  mix = 0.50
174.It. si =    0.0000293  E/A =   -7.8608 R =    5.5353  mix = 0.50
175.It. si =    0.0000295  E/A =   -7.8608 R =    5.5353  mix = 0.50
176.It. si =    0.0000296  E/A =   -7.8608 R =    5.5353  mix = 0.50
177.It. si =    0.0000298  E/A =   -7.8608 R =    5.5353  mix = 0.50
178.It. si =    0.0000300  E/A =   -7.8608 R =    5.5353  mix = 0.50
179.It. si =    0.0000302  E/A =   -7.8608 R =    5.5353  mix = 0.50
180.It. si =    0.0000304  E/A =   -7.8608 R =    5.5353  mix = 0.50
181.It. si =    0.0000306  E/A =   -7.8608 R =    5.5353  mix = 0.50
182.It. si =    0.0000307  E/A =   -7.8608 R =    5.5353  mix = 0.50
183.It. si =    0.0000309  E/A =   -7.8608 R =    5.5353  mix = 0.50
184.It. si =    0.0000311  E/A =   -7.8608 R =    5.5353  mix = 0.50
185.It. si =    0.0000313  E/A =   -7.8608 R =    5.5353  mix = 0.50
186.It. si =    0.0000315  E/A =   -7.8608 R =    5.5353  mix = 0.50
187.It. si =    0.0000317  E/A =   -7.8608 R =    5.5353  mix = 0.50
188.It. si =    0.0000319  E/A =   -7.8608 R =    5.5353  mix = 0.50
189.It. si =    0.0000321  E/A =   -7.8608 R =    5.5353  mix = 0.50
190.It. si =    0.0000323  E/A =   -7.8608 R =    5.5353  mix = 0.50
191.It. si =    0.0000325  E/A =   -7.8608 R =    5.5353  mix = 0.50
192.It. si =    0.0000327  E/A =   -7.8608 R =    5.5353  mix = 0.50
193.It. si =    0.0000329  E/A =   -7.8608 R =    5.5353  mix = 0.50
194.It. si =    0.0000331  E/A =   -7.8608 R =    5.5353  mix = 0.50
195.It. si =    0.0000333  E/A =   -7.8608 R =    5.5353  mix = 0.50
196.It. si =    0.0000335  E/A =   -7.8608 R =    5.5353  mix = 0.50
197.It. si =    0.0000337  E/A =   -7.8608 R =    5.5353  mix = 0.50
198.It. si =    0.0000339  E/A =   -7.8608 R =    5.5353  mix = 0.50
199.It. si =    0.0000341  E/A =   -7.8608 R =    5.5353  mix = 0.50
200.It. si =    0.0000343  E/A =   -7.8608 R =    5.5353  mix = 0.50
201.It. si =    0.0000345  E/A =   -7.8608 R =    5.5353  mix = 0.50
202.It. si =    0.0000347  E/A =   -7.8608 R =    5.5353  mix = 0.50
203.It. si =    0.0000349  E/A =   -7.8608 R =    5.5353  mix = 0.50
204.It. si =    0.0000351  E/A =   -7.8608 R =    5.5353  mix = 0.50
205.It. si =    0.0000353  E/A =   -7.8608 R =    5.5353  mix = 0.50
206.It. si =    0.0000356  E/A =   -7.8608 R =    5.5353  mix = 0.50
207.It. si =    0.0000358  E/A =   -7.8608 R =    5.5353  mix = 0.50
208.It. si =    0.0000360  E/A =   -7.8608 R =    5.5353  mix = 0.50
209.It. si =    0.0000362  E/A =   -7.8608 R =    5.5353  mix = 0.50
210.It. si =    0.0000364  E/A =   -7.8608 R =    5.5353  mix = 0.50
211.It. si =    0.0000367  E/A =   -7.8608 R =    5.5353  mix = 0.50
212.It. si =    0.0000369  E/A =   -7.8608 R =    5.5353  mix = 0.50
213.It. si =    0.0000371  E/A =   -7.8608 R =    5.5353  mix = 0.50
214.It. si =    0.0000373  E/A =   -7.8608 R =    5.5353  mix = 0.50
215.It. si =    0.0000376  E/A =   -7.8608 R =    5.5353  mix = 0.50
216.It. si =    0.0000378  E/A =   -7.8608 R =    5.5353  mix = 0.50
217.It. si =    0.0000380  E/A =   -7.8608 R =    5.5353  mix = 0.50
218.It. si =    0.0000382  E/A =   -7.8608 R =    5.5353  mix = 0.50
219.It. si =    0.0000385  E/A =   -7.8608 R =    5.5353  mix = 0.50
220.It. si =    0.0000387  E/A =   -7.8608 R =    5.5353  mix = 0.50
221.It. si =    0.0000389  E/A =   -7.8608 R =    5.5353  mix = 0.50
222.It. si =    0.0000392  E/A =   -7.8608 R =    5.5353  mix = 0.50
223.It. si =    0.0000394  E/A =   -7.8608 R =    5.5353  mix = 0.50
224.It. si =    0.0000397  E/A =   -7.8608 R =    5.5353  mix = 0.50
225.It. si =    0.0000399  E/A =   -7.8608 R =    5.5353  mix = 0.50
226.It. si =    0.0000401  E/A =   -7.8608 R =    5.5353  mix = 0.50
227.It. si =    0.0000404  E/A =   -7.8608 R =    5.5353  mix = 0.50
228.It. si =    0.0000406  E/A =   -7.8608 R =    5.5353  mix = 0.50
229.It. si =    0.0000409  E/A =   -7.8608 R =    5.5353  mix = 0.50
230.It. si =    0.0000411  E/A =   -7.8608 R =    5.5353  mix = 0.50
231.It. si =    0.0000414  E/A =   -7.8608 R =    5.5353  mix = 0.50
232.It. si =    0.0000416  E/A =   -7.8608 R =    5.5353  mix = 0.50
233.It. si =    0.0000419  E/A =   -7.8608 R =    5.5353  mix = 0.50
234.It. si =    0.0000421  E/A =   -7.8608 R =    5.5353  mix = 0.50
235.It. si =    0.0000424  E/A =   -7.8608 R =    5.5353  mix = 0.50
236.It. si =    0.0000427  E/A =   -7.8608 R =    5.5353  mix = 0.50
237.It. si =    0.0000429  E/A =   -7.8608 R =    5.5353  mix = 0.50
238.It. si =    0.0000432  E/A =   -7.8608 R =    5.5353  mix = 0.50
239.It. si =    0.0000434  E/A =   -7.8608 R =    5.5353  mix = 0.50
240.It. si =    0.0000437  E/A =   -7.8608 R =    5.5353  mix = 0.50
241.It. si =    0.0000440  E/A =   -7.8608 R =    5.5353  mix = 0.50
242.It. si =    0.0000442  E/A =   -7.8608 R =    5.5353  mix = 0.50
243.It. si =    0.0000445  E/A =   -7.8608 R =    5.5353  mix = 0.50
244.It. si =    0.0000448  E/A =   -7.8608 R =    5.5353  mix = 0.50
245.It. si =    0.0000451  E/A =   -7.8608 R =    5.5353  mix = 0.50
246.It. si =    0.0000453  E/A =   -7.8608 R =    5.5353  mix = 0.50
247.It. si =    0.0000456  E/A =   -7.8608 R =    5.5353  mix = 0.50
248.It. si =    0.0000459  E/A =   -7.8608 R =    5.5353  mix = 0.50
249.It. si =    0.0000462  E/A =   -7.8608 R =    5.5353  mix = 0.50
250.It. si =    0.0000464  E/A =   -7.8608 R =    5.5353  mix = 0.50
251.It. si =    0.0000467  E/A =   -7.8608 R =    5.5353  mix = 0.50
252.It. si =    0.0000470  E/A =   -7.8608 R =    5.5353  mix = 0.50
253.It. si =    0.0000473  E/A =   -7.8608 R =    5.5353  mix = 0.50
254.It. si =    0.0000476  E/A =   -7.8608 R =    5.5353  mix = 0.50
255.It. si =    0.0000479  E/A =   -7.8608 R =    5.5353  mix = 0.50
256.It. si =    0.0007727  E/A =   -7.8608 R =    5.5353  mix = 0.50
257.It. si =    0.0000487  E/A =   -7.8608 R =    5.5353  mix = 0.50
258.It. si =    0.0000490  E/A =   -7.8608 R =    5.5353  mix = 0.50
259.It. si =    0.0000492  E/A =   -7.8608 R =    5.5353  mix = 0.50
260.It. si =    0.0000495  E/A =   -7.8608 R =    5.5353  mix = 0.50
261.It. si =    0.0000498  E/A =   -7.8608 R =    5.5353  mix = 0.50
262.It. si =    0.0000501  E/A =   -7.8608 R =    5.5353  mix = 0.50
263.It. si =    0.0000503  E/A =   -7.8608 R =    5.5353  mix = 0.50
264.It. si =    0.0000506  E/A =   -7.8608 R =    5.5353  mix = 0.50
265.It. si =    0.0000509  E/A =   -7.8608 R =    5.5353  mix = 0.50
266.It. si =    0.0000512  E/A =   -7.8608 R =    5.5353  mix = 0.50
267.It. si =    0.0000515  E/A =   -7.8608 R =    5.5353  mix = 0.50
268.It. si =    0.0000518  E/A =   -7.8608 R =    5.5353  mix = 0.50
269.It. si =    0.0000522  E/A =   -7.8608 R =    5.5353  mix = 0.50
270.It. si =    0.0000525  E/A =   -7.8608 R =    5.5353  mix = 0.50
271.It. si =    0.0000528  E/A =   -7.8608 R =    5.5353  mix = 0.50
272.It. si =    0.0000531  E/A =   -7.8608 R =    5.5353  mix = 0.50
273.It. si =    0.0000534  E/A =   -7.8608 R =    5.5353  mix = 0.50
274.It. si =    0.0000538  E/A =   -7.8608 R =    5.5353  mix = 0.50
275.It. si =    0.0000541  E/A =   -7.8608 R =    5.5353  mix = 0.50
276.It. si =    0.0000544  E/A =   -7.8608 R =    5.5353  mix = 0.50
277.It. si =    0.0000547  E/A =   -7.8608 R =    5.5353  mix = 0.50
278.It. si =    0.0000551  E/A =   -7.8608 R =    5.5353  mix = 0.50
279.It. si =    0.0000554  E/A =   -7.8608 R =    5.5353  mix = 0.50
280.It. si =    0.0000557  E/A =   -7.8608 R =    5.5353  mix = 0.50
281.It. si =    0.0000561  E/A =   -7.8608 R =    5.5353  mix = 0.50
282.It. si =    0.0000564  E/A =   -7.8608 R =    5.5353  mix = 0.50
283.It. si =    0.0000568  E/A =   -7.8608 R =    5.5353  mix = 0.50
284.It. si =    0.0000571  E/A =   -7.8608 R =    5.5353  mix = 0.50
285.It. si =    0.0000575  E/A =   -7.8608 R =    5.5353  mix = 0.50
286.It. si =    0.0000578  E/A =   -7.8608 R =    5.5353  mix = 0.50
287.It. si =    0.0000582  E/A =   -7.8608 R =    5.5353  mix = 0.50
288.It. si =    0.0000585  E/A =   -7.8608 R =    5.5353  mix = 0.50
289.It. si =    0.0000589  E/A =   -7.8608 R =    5.5353  mix = 0.50
290.It. si =    0.0000592  E/A =   -7.8608 R =    5.5353  mix = 0.50
291.It. si =    0.0000596  E/A =   -7.8608 R =    5.5353  mix = 0.50
292.It. si =    0.0000600  E/A =   -7.8608 R =    5.5353  mix = 0.50
293.It. si =    0.0000603  E/A =   -7.8608 R =    5.5353  mix = 0.50
294.It. si =    0.0000607  E/A =   -7.8608 R =    5.5353  mix = 0.50
295.It. si =    0.0000611  E/A =   -7.8608 R =    5.5353  mix = 0.50
296.It. si =    0.0000614  E/A =   -7.8608 R =    5.5353  mix = 0.50
297.It. si =    0.0000618  E/A =   -7.8608 R =    5.5353  mix = 0.50
298.It. si =    0.0000622  E/A =   -7.8608 R =    5.5353  mix = 0.50
299.It. si =    0.0000626  E/A =   -7.8608 R =    5.5353  mix = 0.50
300.It. si =    0.0000629  E/A =   -7.8608 R =    5.5353  mix = 0.50
301.It. si =    0.0000633  E/A =   -7.8608 R =    5.5353  mix = 0.50
302.It. si =    0.0000637  E/A =   -7.8608 R =    5.5353  mix = 0.50
303.It. si =    0.0000641  E/A =   -7.8608 R =    5.5353  mix = 0.50
304.It. si =    0.0000645  E/A =   -7.8608 R =    5.5353  mix = 0.50
305.It. si =    0.0000649  E/A =   -7.8608 R =    5.5353  mix = 0.50
306.It. si =    0.0000653  E/A =   -7.8608 R =    5.5353  mix = 0.50
307.It. si =    0.0000657  E/A =   -7.8608 R =    5.5353  mix = 0.50
308.It. si =    0.0000661  E/A =   -7.8608 R =    5.5353  mix = 0.50
309.It. si =    0.0000665  E/A =   -7.8608 R =    5.5353  mix = 0.50
310.It. si =    0.0000669  E/A =   -7.8608 R =    5.5353  mix = 0.50
311.It. si =    0.0000673  E/A =   -7.8608 R =    5.5353  mix = 0.50
312.It. si =    0.0000677  E/A =   -7.8608 R =    5.5353  mix = 0.50
313.It. si =    0.0000681  E/A =   -7.8608 R =    5.5353  mix = 0.50
314.It. si =    0.0000685  E/A =   -7.8608 R =    5.5353  mix = 0.50
315.It. si =    0.0000689  E/A =   -7.8608 R =    5.5353  mix = 0.50
316.It. si =    0.0000694  E/A =   -7.8608 R =    5.5353  mix = 0.50
317.It. si =    0.0000698  E/A =   -7.8608 R =    5.5353  mix = 0.50
318.It. si =    0.0000702  E/A =   -7.8608 R =    5.5353  mix = 0.50
319.It. si =    0.0000706  E/A =   -7.8608 R =    5.5353  mix = 0.50
320.It. si =    0.0000711  E/A =   -7.8608 R =    5.5353  mix = 0.50
321.It. si =    0.0000715  E/A =   -7.8608 R =    5.5353  mix = 0.50
322.It. si =    0.0000719  E/A =   -7.8608 R =    5.5353  mix = 0.50
323.It. si =    0.0000724  E/A =   -7.8608 R =    5.5353  mix = 0.50
324.It. si =    0.0000728  E/A =   -7.8608 R =    5.5353  mix = 0.50
325.It. si =    0.0000732  E/A =   -7.8608 R =    5.5353  mix = 0.50
326.It. si =    0.0000737  E/A =   -7.8608 R =    5.5353  mix = 0.50
327.It. si =    0.0000741  E/A =   -7.8608 R =    5.5353  mix = 0.50
328.It. si =    0.0000746  E/A =   -7.8608 R =    5.5353  mix = 0.50
329.It. si =    0.0000750  E/A =   -7.8608 R =    5.5353  mix = 0.50
330.It. si =    0.0000755  E/A =   -7.8608 R =    5.5353  mix = 0.50
331.It. si =    0.0000760  E/A =   -7.8608 R =    5.5353  mix = 0.50
332.It. si =    0.0000764  E/A =   -7.8608 R =    5.5353  mix = 0.50
333.It. si =    0.0000769  E/A =   -7.8608 R =    5.5353  mix = 0.50
334.It. si =    0.0000774  E/A =   -7.8608 R =    5.5353  mix = 0.50
335.It. si =    0.0000778  E/A =   -7.8608 R =    5.5353  mix = 0.50
336.It. si =    0.0000783  E/A =   -7.8608 R =    5.5353  mix = 0.50
337.It. si =    0.0000788  E/A =   -7.8608 R =    5.5353  mix = 0.50
338.It. si =    0.0000793  E/A =   -7.8608 R =    5.5353  mix = 0.50
339.It. si =    0.0000797  E/A =   -7.8608 R =    5.5353  mix = 0.50
340.It. si =    0.0000802  E/A =   -7.8608 R =    5.5353  mix = 0.50
341.It. si =    0.0000807  E/A =   -7.8608 R =    5.5353  mix = 0.50
342.It. si =    0.0000812  E/A =   -7.8608 R =    5.5353  mix = 0.50
343.It. si =    0.0000817  E/A =   -7.8608 R =    5.5353  mix = 0.50
344.It. si =    0.0000822  E/A =   -7.8608 R =    5.5353  mix = 0.50
345.It. si =    0.0000827  E/A =   -7.8608 R =    5.5353  mix = 0.50
346.It. si =    0.0000832  E/A =   -7.8608 R =    5.5353  mix = 0.50
347.It. si =    0.0000837  E/A =   -7.8608 R =    5.5353  mix = 0.50
348.It. si =    0.0000842  E/A =   -7.8608 R =    5.5353  mix = 0.50
349.It. si =    0.0000847  E/A =   -7.8608 R =    5.5353  mix = 0.50
350.It. si =    0.0000852  E/A =   -7.8608 R =    5.5353  mix = 0.50
351.It. si =    0.0000858  E/A =   -7.8608 R =    5.5353  mix = 0.50
352.It. si =    0.0000863  E/A =   -7.8608 R =    5.5353  mix = 0.50
353.It. si =    0.0000868  E/A =   -7.8608 R =    5.5353  mix = 0.50
354.It. si =    0.0000873  E/A =   -7.8608 R =    5.5353  mix = 0.50
355.It. si =    0.0000879  E/A =   -7.8608 R =    5.5353  mix = 0.50
356.It. si =    0.0000884  E/A =   -7.8608 R =    5.5353  mix = 0.50
357.It. si =    0.0000889  E/A =   -7.8608 R =    5.5353  mix = 0.50
358.It. si =    0.0000895  E/A =   -7.8608 R =    5.5353  mix = 0.50
359.It. si =    0.0000900  E/A =   -7.8608 R =    5.5353  mix = 0.50
360.It. si =    0.0000906  E/A =   -7.8608 R =    5.5353  mix = 0.50
361.It. si =    0.0000911  E/A =   -7.8608 R =    5.5353  mix = 0.50
362.It. si =    0.0000917  E/A =   -7.8608 R =    5.5353  mix = 0.50
363.It. si =    0.0000922  E/A =   -7.8608 R =    5.5353  mix = 0.50
364.It. si =    0.0000928  E/A =   -7.8608 R =    5.5353  mix = 0.50
365.It. si =    0.0000934  E/A =   -7.8608 R =    5.5353  mix = 0.50
366.It. si =    0.0000939  E/A =   -7.8608 R =    5.5353  mix = 0.50
367.It. si =    0.0000945  E/A =   -7.8608 R =    5.5353  mix = 0.50
368.It. si =    0.0000951  E/A =   -7.8608 R =    5.5353  mix = 0.50
369.It. si =    0.0000957  E/A =   -7.8608 R =    5.5353  mix = 0.50
370.It. si =    0.0000962  E/A =   -7.8608 R =    5.5353  mix = 0.50
371.It. si =    0.0000968  E/A =   -7.8608 R =    5.5353  mix = 0.50
372.It. si =    0.0000974  E/A =   -7.8608 R =    5.5353  mix = 0.50
373.It. si =    0.0000980  E/A =   -7.8608 R =    5.5353  mix = 0.50
374.It. si =    0.0000986  E/A =   -7.8608 R =    5.5353  mix = 0.50
375.It. si =    0.0000992  E/A =   -7.8608 R =    5.5353  mix = 0.50
376.It. si =    0.0000998  E/A =   -7.8608 R =    5.5353  mix = 0.50
377.It. si =    0.0001004  E/A =   -7.8608 R =    5.5353  mix = 0.50
378.It. si =    0.0001010  E/A =   -7.8608 R =    5.5353  mix = 0.50
379.It. si =    0.0001017  E/A =   -7.8608 R =    5.5353  mix = 0.50
380.It. si =    0.0001023  E/A =   -7.8608 R =    5.5353  mix = 0.50
381.It. si =    0.0001029  E/A =   -7.8608 R =    5.5353  mix = 0.50
382.It. si =    0.0001035  E/A =   -7.8608 R =    5.5353  mix = 0.50
383.It. si =    0.0001042  E/A =   -7.8608 R =    5.5353  mix = 0.50
384.It. si =    0.0001048  E/A =   -7.8608 R =    5.5353  mix = 0.50
385.It. si =    0.0001054  E/A =   -7.8608 R =    5.5353  mix = 0.50
386.It. si =    0.0001061  E/A =   -7.8608 R =    5.5353  mix = 0.50
387.It. si =    0.0001067  E/A =   -7.8608 R =    5.5353  mix = 0.50
388.It. si =    0.0001074  E/A =   -7.8608 R =    5.5353  mix = 0.50
389.It. si =    0.0001080  E/A =   -7.8608 R =    5.5353  mix = 0.50
390.It. si =    0.0001087  E/A =   -7.8608 R =    5.5353  mix = 0.50
391.It. si =    0.0001093  E/A =   -7.8608 R =    5.5353  mix = 0.50
392.It. si =    0.0001100  E/A =   -7.8608 R =    5.5353  mix = 0.50
393.It. si =    0.0001107  E/A =   -7.8608 R =    5.5353  mix = 0.50
394.It. si =    0.0001113  E/A =   -7.8608 R =    5.5353  mix = 0.50
395.It. si =    0.0001120  E/A =   -7.8608 R =    5.5353  mix = 0.50
396.It. si =    0.0001127  E/A =   -7.8608 R =    5.5353  mix = 0.50
397.It. si =    0.0001134  E/A =   -7.8608 R =    5.5353  mix = 0.50
398.It. si =    0.0001141  E/A =   -7.8608 R =    5.5353  mix = 0.50
399.It. si =    0.0001148  E/A =   -7.8608 R =    5.5353  mix = 0.50
400.It. si =    0.0001155  E/A =   -7.8608 R =    5.5353  mix = 0.50
401.It. si =    0.0001162  E/A =   -7.8608 R =    5.5353  mix = 0.50
402.It. si =    0.0001169  E/A =   -7.8608 R =    5.5353  mix = 0.50
403.It. si =    0.0001176  E/A =   -7.8608 R =    5.5353  mix = 0.50
404.It. si =    0.0001183  E/A =   -7.8608 R =    5.5353  mix = 0.50
405.It. si =    0.0001190  E/A =   -7.8608 R =    5.5353  mix = 0.50
406.It. si =    0.0001197  E/A =   -7.8608 R =    5.5353  mix = 0.50
407.It. si =    0.0001205  E/A =   -7.8608 R =    5.5353  mix = 0.50
408.It. si =    0.0001212  E/A =   -7.8608 R =    5.5353  mix = 0.50
409.It. si =    0.0001219  E/A =   -7.8608 R =    5.5353  mix = 0.50
410.It. si =    0.0001227  E/A =   -7.8608 R =    5.5353  mix = 0.50
411.It. si =    0.0001234  E/A =   -7.8608 R =    5.5353  mix = 0.50
412.It. si =    0.0001242  E/A =   -7.8608 R =    5.5353  mix = 0.50
413.It. si =    0.0001249  E/A =   -7.8608 R =    5.5353  mix = 0.50
414.It. si =    0.0001257  E/A =   -7.8608 R =    5.5353  mix = 0.50
415.It. si =    0.0001265  E/A =   -7.8608 R =    5.5353  mix = 0.50
416.It. si =    0.0001272  E/A =   -7.8608 R =    5.5353  mix = 0.50
417.It. si =    0.0001280  E/A =   -7.8608 R =    5.5353  mix = 0.50
418.It. si =    0.0001288  E/A =   -7.8608 R =    5.5353  mix = 0.50
419.It. si =    0.0001296  E/A =   -7.8608 R =    5.5353  mix = 0.50
420.It. si =    0.0001304  E/A =   -7.8608 R =    5.5353  mix = 0.50
421.It. si =    0.0001312  E/A =   -7.8608 R =    5.5353  mix = 0.50
422.It. si =    0.0001320  E/A =   -7.8608 R =    5.5353  mix = 0.50
423.It. si =    0.0001328  E/A =   -7.8608 R =    5.5353  mix = 0.50
424.It. si =    0.0001336  E/A =   -7.8608 R =    5.5353  mix = 0.50
425.It. si =    0.0001344  E/A =   -7.8608 R =    5.5353  mix = 0.50
426.It. si =    0.0001352  E/A =   -7.8608 R =    5.5353  mix = 0.50
427.It. si =    0.0001360  E/A =   -7.8608 R =    5.5353  mix = 0.50
428.It. si =    0.0001368  E/A =   -7.8608 R =    5.5353  mix = 0.50
429.It. si =    0.0001377  E/A =   -7.8608 R =    5.5353  mix = 0.50
430.It. si =    0.0001385  E/A =   -7.8608 R =    5.5353  mix = 0.50
431.It. si =    0.0001394  E/A =   -7.8608 R =    5.5353  mix = 0.50
432.It. si =    0.0001402  E/A =   -7.8608 R =    5.5353  mix = 0.50
433.It. si =    0.0001411  E/A =   -7.8608 R =    5.5353  mix = 0.50
434.It. si =    0.0001419  E/A =   -7.8608 R =    5.5353  mix = 0.50
435.It. si =    0.0001428  E/A =   -7.8608 R =    5.5353  mix = 0.50
436.It. si =    0.0001436  E/A =   -7.8608 R =    5.5353  mix = 0.50
437.It. si =    0.0001445  E/A =   -7.8608 R =    5.5353  mix = 0.50
438.It. si =    0.0001456  E/A =   -7.8608 R =    5.5353  mix = 0.50
439.It. si =    0.0001464  E/A =   -7.8608 R =    5.5353  mix = 0.50
440.It. si =    0.0001472  E/A =   -7.8608 R =    5.5353  mix = 0.50
441.It. si =    0.0001481  E/A =   -7.8608 R =    5.5353  mix = 0.50
442.It. si =    0.0001490  E/A =   -7.8608 R =    5.5353  mix = 0.50
443.It. si =    0.0001499  E/A =   -7.8608 R =    5.5353  mix = 0.50
444.It. si =    0.0001508  E/A =   -7.8608 R =    5.5353  mix = 0.50
445.It. si =    0.0001517  E/A =   -7.8608 R =    5.5353  mix = 0.50
446.It. si =    0.0001526  E/A =   -7.8608 R =    5.5353  mix = 0.50
447.It. si =    0.0001536  E/A =   -7.8608 R =    5.5353  mix = 0.50
448.It. si =    0.0001545  E/A =   -7.8608 R =    5.5353  mix = 0.50
449.It. si =    0.0001554  E/A =   -7.8608 R =    5.5353  mix = 0.50
450.It. si =    0.0001564  E/A =   -7.8608 R =    5.5353  mix = 0.50
451.It. si =    0.0001573  E/A =   -7.8608 R =    5.5353  mix = 0.50
452.It. si =    0.0001583  E/A =   -7.8608 R =    5.5353  mix = 0.50
453.It. si =    0.0001592  E/A =   -7.8608 R =    5.5353  mix = 0.50
454.It. si =    0.0001602  E/A =   -7.8608 R =    5.5353  mix = 0.50
455.It. si =    0.0001612  E/A =   -7.8608 R =    5.5353  mix = 0.50
456.It. si =    0.0001622  E/A =   -7.8608 R =    5.5353  mix = 0.50
457.It. si =    0.0001632  E/A =   -7.8608 R =    5.5353  mix = 0.50
458.It. si =    0.0001641  E/A =   -7.8608 R =    5.5353  mix = 0.50
459.It. si =    0.0001651  E/A =   -7.8608 R =    5.5353  mix = 0.50
460.It. si =    0.0001661  E/A =   -7.8608 R =    5.5353  mix = 0.50
461.It. si =    0.0001672  E/A =   -7.8608 R =    5.5353  mix = 0.50
462.It. si =    0.0001682  E/A =   -7.8608 R =    5.5353  mix = 0.50
463.It. si =    0.0001692  E/A =   -7.8608 R =    5.5353  mix = 0.50
464.It. si =    0.0001702  E/A =   -7.8608 R =    5.5353  mix = 0.50
465.It. si =    0.0001713  E/A =   -7.8608 R =    5.5353  mix = 0.50
466.It. si =    0.0001723  E/A =   -7.8608 R =    5.5353  mix = 0.50
467.It. si =    0.0001733  E/A =   -7.8608 R =    5.5353  mix = 0.50
468.It. si =    0.0001744  E/A =   -7.8608 R =    5.5353  mix = 0.50
469.It. si =    0.0001755  E/A =   -7.8608 R =    5.5353  mix = 0.50
470.It. si =    0.0001765  E/A =   -7.8608 R =    5.5353  mix = 0.50
471.It. si =    0.0001776  E/A =   -7.8608 R =    5.5353  mix = 0.50
472.It. si =    0.0001787  E/A =   -7.8608 R =    5.5353  mix = 0.50
473.It. si =    0.0001798  E/A =   -7.8608 R =    5.5353  mix = 0.50
474.It. si =    0.0001809  E/A =   -7.8608 R =    5.5353  mix = 0.50
475.It. si =    0.0001820  E/A =   -7.8608 R =    5.5353  mix = 0.50
476.It. si =    0.0001831  E/A =   -7.8608 R =    5.5353  mix = 0.50
477.It. si =    0.0001842  E/A =   -7.8608 R =    5.5353  mix = 0.50
478.It. si =    0.0001853  E/A =   -7.8608 R =    5.5353  mix = 0.50
479.It. si =    0.0001864  E/A =   -7.8608 R =    5.5353  mix = 0.50
480.It. si =    0.0001876  E/A =   -7.8608 R =    5.5353  mix = 0.50
481.It. si =    0.0001887  E/A =   -7.8608 R =    5.5353  mix = 0.50
482.It. si =    0.0001898  E/A =   -7.8608 R =    5.5353  mix = 0.50
483.It. si =    0.0001910  E/A =   -7.8608 R =    5.5353  mix = 0.50
484.It. si =    0.0001921  E/A =   -7.8608 R =    5.5353  mix = 0.50
485.It. si =    0.0001933  E/A =   -7.8608 R =    5.5353  mix = 0.50
486.It. si =    0.0001945  E/A =   -7.8608 R =    5.5353  mix = 0.50
487.It. si =    0.0001957  E/A =   -7.8608 R =    5.5353  mix = 0.50
488.It. si =    0.0001969  E/A =   -7.8608 R =    5.5353  mix = 0.50
489.It. si =    0.0001981  E/A =   -7.8608 R =    5.5353  mix = 0.50
490.It. si =    0.0001993  E/A =   -7.8608 R =    5.5353  mix = 0.50
491.It. si =    0.0002005  E/A =   -7.8608 R =    5.5353  mix = 0.50
492.It. si =    0.0002017  E/A =   -7.8608 R =    5.5353  mix = 0.50
493.It. si =    0.0002029  E/A =   -7.8608 R =    5.5353  mix = 0.50
494.It. si =    0.0002041  E/A =   -7.8608 R =    5.5353  mix = 0.50
495.It. si =    0.0002054  E/A =   -7.8608 R =    5.5353  mix = 0.50
496.It. si =    0.0002066  E/A =   -7.8608 R =    5.5353  mix = 0.50
497.It. si =    0.0002079  E/A =   -7.8608 R =    5.5353  mix = 0.50
498.It. si =    0.0002092  E/A =   -7.8608 R =    5.5353  mix = 0.50
499.It. si =    0.0002104  E/A =   -7.8608 R =    5.5353  mix = 0.50
500.It. si =    0.0002117  E/A =   -7.8608 R =    5.5353  mix = 0.50
 ********************************************************************
 Hg 202: Iteration interrupted aft 500: Iteration co     0.0002129851
 ********************************************************************
  ****** END ITER ***********************************
  ****** BEGIN CANON ********************************
 single-particle energies and gaps  in the canonical basis: Neutron:
 ------------------------------------------------------------------
    j pi     (nr,l,j)  smax       Ecan       vvcan       decan
 j = 1/2+  (   s 1/2)  0.74    -60.3251      0.9999      1.0186
 j = 1/2+  (   s 1/2)  0.68    -41.9666      0.9996      1.3443
 j = 1/2+  (   s 1/2)  0.90    -17.4834      0.9972      1.0851
 j = 1/2+  (   s 1/2)  0.95      2.6328      0.0006      0.4791
 j = 1/2+  (   s 1/2)  0.61      8.4305      0.0000      0.0080
 j = 1/2+  (   s 1/2)  0.94     18.5913      0.0000      0.2775
 j = 1/2+  (   s 1/2)  0.63     29.5979      0.0000      0.0246
 j = 1/2+  (   s 1/2)  0.90     35.5851      0.0000      0.1842
 j = 1/2+  (   s 1/2)  0.65     58.8531      0.0000      0.0891
 j = 1/2+  (   s 1/2)  0.60     92.2174      0.0000      0.0678
 j = 1/2-  (   p 1/2)  0.95    -55.9647      0.9999      0.9849
 j = 1/2-  (   p 1/2)  0.93    -31.2400      0.9995      1.0240
 j = 1/2-  (   p 1/2)  0.97     -7.2070      0.4278      0.8515
 j = 1/2-  (   p 1/2)  0.96     11.0898      0.0002      0.5081
 j = 1/2-  (   p 1/2)  0.70     12.7766      0.0000      0.0094
 j = 1/2-  (   p 1/2)  0.94     25.9290      0.0000      0.2845
 j = 1/2-  (   p 1/2)  0.59     37.6891      0.0000      0.0373
 j = 1/2-  (   p 1/2)  0.84     42.7141      0.0000      0.1904
 j = 1/2-  (   p 1/2)  0.70     82.9884      0.0000      0.1115
 j = 3/2+  (   d 3/2)  0.99    -46.9766      0.9999      0.8485
 j = 3/2+  (   d 3/2)  0.98    -19.8566      0.9989      0.8300
 j = 3/2+  (   d 3/2)  0.97      1.8586      0.0012      0.6248
 j = 3/2+  (   d 3/2)  0.71     10.9626      0.0000      0.0055
 j = 3/2+  (   d 3/2)  0.92     21.2651      0.0001      0.4128
 j = 3/2+  (   d 3/2)  0.56     34.7423      0.0000      0.0195
 j = 3/2+  (   d 3/2)  0.79     37.5455      0.0000      0.2523
 j = 3/2+  (   d 3/2)  0.57     55.5527      0.0000      0.1519
 j = 3/2+  (   d 3/2)  0.77     80.4489      0.0000      0.0785
 j = 3/2-  (   p 3/2)  0.94    -56.2986      0.9999      0.9819
 j = 3/2-  (   p 3/2)  0.92    -31.3417      0.9996      1.0086
 j = 3/2-  (   p 3/2)  0.97     -7.2865      0.4734      0.8406
 j = 3/2-  (   p 3/2)  0.95     11.4084      0.0002      0.5327
 j = 3/2-  (   p 3/2)  0.70     12.8209      0.0000      0.0095
 j = 3/2-  (   p 3/2)  0.93     26.2561      0.0000      0.2859
 j = 3/2-  (   p 3/2)  0.59     37.5762      0.0000      0.0372
 j = 3/2-  (   p 3/2)  0.84     42.5614      0.0000      0.1905
 j = 3/2-  (   p 3/2)  0.70     83.3855      0.0000      0.1121
 j = 5/2+  (   d 5/2)  0.98    -48.1391      0.9999      0.8554
 j = 5/2+  (   d 5/2)  0.98    -21.1384      0.9991      0.8329
 j = 5/2+  (   d 5/2)  0.97      1.4215      0.0012      0.6015
 j = 5/2+  (   d 5/2)  0.71     10.9662      0.0000      0.0055
 j = 5/2+  (   d 5/2)  0.92     22.0724      0.0001      0.4264
 j = 5/2+  (   d 5/2)  0.56     34.5682      0.0000      0.0194
 j = 5/2+  (   d 5/2)  0.79     37.9372      0.0000      0.2530
 j = 5/2+  (   d 5/2)  0.57     55.6907      0.0000      0.1536
 j = 5/2+  (   d 5/2)  0.77     80.1399      0.0000      0.0782
 j = 5/2-  (   f 5/2)  0.98    -36.6730      0.9998      0.7762
 j = 5/2-  (   f 5/2)  0.98     -8.7446      0.9438      0.7332
 j = 5/2-  (   f 5/2)  0.96     10.7351      0.0001      0.3909
 j = 5/2-  (   f 5/2)  0.71     11.4614      0.0000      0.0081
 j = 5/2-  (   f 5/2)  0.90     28.1489      0.0000      0.2936
 j = 5/2-  (   f 5/2)  0.54     34.9809      0.0000      0.0321
 j = 5/2-  (   f 5/2)  0.70     49.2488      0.0000      0.2128
 j = 5/2-  (   f 5/2)  0.75     76.7394      0.0000      0.1068
 j = 7/2+  (   g 7/2)  0.98    -25.3197      0.9996      0.7237
 j = 7/2+  (   g 7/2)  0.97      0.9691      0.0015      0.6415
 j = 7/2+  (   g 7/2)  0.70     11.5174      0.0000      0.0051
 j = 7/2+  (   g 7/2)  0.95     18.6120      0.0000      0.2913
 j = 7/2+  (   g 7/2)  0.58     34.7512      0.0000      0.0183
 j = 7/2+  (   g 7/2)  0.88     36.2843      0.0000      0.1953
 j = 7/2+  (   g 7/2)  0.61     61.9641      0.0000      0.1470
 j = 7/2+  (   g 7/2)  0.77     78.6873      0.0000      0.0765
 j = 7/2-  (   f 7/2)  0.98    -39.1485      0.9998      0.7907
 j = 7/2-  (   f 7/2)  0.98    -10.9223      0.9898      0.7370
 j = 7/2-  (   f 7/2)  0.96      9.6465      0.0001      0.3860
 j = 7/2-  (   f 7/2)  0.71     11.2252      0.0000      0.0079
 j = 7/2-  (   f 7/2)  0.90     28.9630      0.0000      0.2899
 j = 7/2-  (   f 7/2)  0.55     34.3818      0.0000      0.0312
 j = 7/2-  (   f 7/2)  0.69     50.1853      0.0000      0.2110
 j = 7/2-  (   f 7/2)  0.75     76.4442      0.0000      0.1063
 j = 9/2+  (   g 9/2)  0.98    -29.4081      0.9997      0.7519
 j = 9/2+  (   g 9/2)  0.98     -1.6280      0.0030      0.6237
 j = 9/2+  (   g 9/2)  0.70     11.6525      0.0000      0.0052
 j = 9/2+  (   g 9/2)  0.94     17.1658      0.0000      0.2931
 j = 9/2+  (   g 9/2)  0.89     34.6588      0.0000      0.1911
 j = 9/2+  (   g 9/2)  0.58     34.7025      0.0000      0.0185
 j = 9/2+  (   g 9/2)  0.62     62.5116      0.0000      0.1474
 j = 9/2+  (   g 9/2)  0.77     78.5037      0.0000      0.0771
 j = 9/2-  (   h 9/2)  0.97    -13.5447      0.9970      0.6791
 j = 9/2-  (   h 9/2)  0.95     10.1095      0.0002      0.5161
 j = 9/2-  (   h 9/2)  0.70     13.3168      0.0000      0.0063
 j = 9/2-  (   h 9/2)  0.90     27.5798      0.0000      0.2561
 j = 9/2-  (   h 9/2)  0.60     36.8997      0.0000      0.0286
 j = 9/2-  (   h 9/2)  0.80     43.4868      0.0000      0.1421
 j = 9/2-  (   h 9/2)  0.68     81.9106      0.0000      0.0911
 j =11/2+  (   i11/2)  0.98     -1.8256      0.0035      0.6593
 j =11/2+  (   i11/2)  0.71     14.0187      0.0000      0.0042
 j =11/2+  (   i11/2)  0.93     18.7974      0.0000      0.3674
 j =11/2+  (   i11/2)  0.56     36.4734      0.0000      0.0171
 j =11/2+  (   i11/2)  0.82     36.9225      0.0000      0.2236
 j =11/2+  (   i11/2)  0.65     52.3405      0.0000      0.1145
 j =11/2+  (   i11/2)  0.73     85.5103      0.0000      0.0629
 j =11/2-  (   h11/2)  0.98    -19.2963      0.9991      0.7058
 j =11/2-  (   h11/2)  0.96      7.2431      0.0003      0.5031
 j =11/2-  (   h11/2)  0.71     13.3212      0.0000      0.0064
 j =11/2-  (   h11/2)  0.90     25.8998      0.0000      0.2554
 j =11/2-  (   h11/2)  0.60     36.4507      0.0000      0.0288
 j =11/2-  (   h11/2)  0.79     41.5510      0.0000      0.1401
 j =11/2-  (   h11/2)  0.68     81.4261      0.0000      0.0907
 j =13/2+  (   i13/2)  0.98     -9.1698      0.9708      0.6574
 j =13/2+  (   i13/2)  0.71     14.0378      0.0000      0.0043
 j =13/2+  (   i13/2)  0.92     15.9710      0.0001      0.3846
 j =13/2+  (   i13/2)  0.82     34.6098      0.0000      0.2198
 j =13/2+  (   i13/2)  0.55     36.0084      0.0000      0.0171
 j =13/2+  (   i13/2)  0.64     50.5590      0.0000      0.1148
 j =13/2+  (   i13/2)  0.73     83.8316      0.0000      0.0624
 j =13/2-  (   j13/2)  0.97      9.3029      0.0003      0.6084
 j =13/2-  (   j13/2)  0.70     15.3024      0.0000      0.0067
 j =13/2-  (   j13/2)  0.91     27.1966      0.0000      0.2717
 j =13/2-  (   j13/2)  0.57     36.8567      0.0000      0.0298
 j =13/2-  (   j13/2)  0.72     46.7892      0.0000      0.1779
 j =13/2-  (   j13/2)  0.73     79.1903      0.0000      0.0916
 j =15/2+  (   k15/2)  0.69     16.4186      0.0000      0.0047
 j =15/2+  (   k15/2)  0.96     19.3703      0.0001      0.5315
 j =15/2+  (   k15/2)  0.87     36.4486      0.0000      0.2195
 j =15/2+  (   k15/2)  0.57     37.3375      0.0000      0.0182
 j =15/2+  (   k15/2)  0.62     58.5617      0.0000      0.1397
 j =15/2+  (   k15/2)  0.77     79.9081      0.0000      0.0706
 j =15/2-  (   j15/2)  0.97      0.8569      0.0014      0.6112
 j =15/2-  (   j15/2)  0.70     15.3151      0.0000      0.0069
 j =15/2-  (   j15/2)  0.89     23.8272      0.0000      0.2814
 j =15/2-  (   j15/2)  0.56     36.3740      0.0000      0.0301
 j =15/2-  (   j15/2)  0.72     43.8875      0.0000      0.1753
 j =15/2-  (   j15/2)  0.73     76.6114      0.0000      0.0921
 j =17/2+  (   k17/2)  0.96     10.5639      0.0002      0.5397
 j =17/2+  (   k17/2)  0.69     16.4156      0.0000      0.0047
 j =17/2+  (   k17/2)  0.84     31.9717      0.0000      0.2230
 j =17/2+  (   k17/2)  0.57     37.0202      0.0000      0.0184
 j =17/2+  (   k17/2)  0.62     55.0655      0.0000      0.1382
 j =17/2+  (   k17/2)  0.77     77.4159      0.0000      0.0704
 j =17/2-  (   l17/2)  0.69     19.5283      0.0000      0.0070
 j =17/2-  (   l17/2)  0.93     28.9633      0.0000      0.4535
 j =17/2-  (   l17/2)  0.58     40.5165      0.0000      0.0337
 j =17/2-  (   l17/2)  0.79     44.9988      0.0000      0.1782
 j =17/2-  (   l17/2)  0.71     77.9511      0.0000      0.0997
 j =19/2+  (   m19/2)  0.68     21.2839      0.0000      0.0048
 j =19/2+  (   m19/2)  0.89     38.3705      0.0000      0.3802
 j =19/2+  (   m19/2)  0.55     41.5947      0.0000      0.0212
 j =19/2+  (   m19/2)  0.68     54.3464      0.0000      0.1468
 j =19/2+  (   m19/2)  0.74     81.9148      0.0000      0.0728
 j =19/2-  (   l19/2)  0.69     19.4103      0.0000      0.0074
 j =19/2-  (   l19/2)  0.92     19.9928      0.0001      0.4629
 j =19/2-  (   l19/2)  0.56     39.3611      0.0000      0.0345
 j =19/2-  (   l19/2)  0.76     39.9678      0.0000      0.1786
 j =19/2-  (   l19/2)  0.72     73.7184      0.0000      0.0978
 j =21/2+  (   m21/2)  0.68     21.1606      0.0000      0.0050
 j =21/2+  (   m21/2)  0.88     29.3541      0.0000      0.3884
 j =21/2+  (   m21/2)  0.54     40.8057      0.0000      0.0218
 j =21/2+  (   m21/2)  0.65     48.6929      0.0000      0.1468
 j =21/2+  (   m21/2)  0.75     76.7933      0.0000      0.0712
 j =21/2-  (   n21/2)  0.66     25.2930      0.0000      0.0085
 j =21/2-  (   n21/2)  0.56     44.4157      0.0000      0.0466
 j =21/2-  (   n21/2)  0.84     47.2726      0.0000      0.3084
 j =21/2-  (   n21/2)  0.72     76.7225      0.0000      0.1083
 j =23/2+  (   o23/2)  0.65     27.5410      0.0000      0.0057
 j =23/2+  (   o23/2)  0.53     46.6464      0.0000      0.0302
 j =23/2+  (   o23/2)  0.78     57.1121      0.0000      0.2522
 j =23/2+  (   o23/2)  0.74     80.4095      0.0000      0.0883
 j =23/2-  (   n23/2)  0.67     25.1135      0.0000      0.0094
 j =23/2-  (   n23/2)  0.83     38.4423      0.0000      0.3157
 j =23/2-  (   n23/2)  0.52     43.0650      0.0000      0.0500
 j =23/2-  (   n23/2)  0.75     68.5526      0.0000      0.1029
 j =25/2+  (   o25/2)  0.65     27.3853      0.0000      0.0062
 j =25/2+  (   o25/2)  0.51     45.7903      0.0000      0.0320
 j =25/2+  (   o25/2)  0.76     48.0540      0.0000      0.2583
 j =25/2+  (   o25/2)  0.76     72.5955      0.0000      0.0848
 j =25/2-  (   P25/2)  0.77     34.2502      0.0000      0.0074
 j =25/2-  (   P25/2)  0.81     60.2165      0.0000      0.0505
 j =25/2-  (   P25/2)  0.71     65.5214      0.0000      0.2018
 j =27/2+  (   q27/2)  0.77     36.8846      0.0000      0.0049
 j =27/2+  (   q27/2)  0.78     61.8374      0.0000      0.0344
 j =27/2+  (   q27/2)  0.65     73.0129      0.0000      0.1563
 j =27/2-  (   P27/2)  0.77     34.1904      0.0000      0.0075
 j =27/2-  (   P27/2)  0.70     56.6972      0.0000      0.2055
 j =27/2-  (   P27/2)  0.80     57.0868      0.0000      0.0498
 j =29/2+  (   q29/2)  0.77     36.8589      0.0000      0.0049
 j =29/2+  (   q29/2)  0.77     59.6486      0.0000      0.0341
 j =29/2+  (   q29/2)  0.64     65.0169      0.0000      0.1585
 j =29/2-  (   r29/2)  0.78     45.2436      0.0000      0.0109
 j =29/2-  (   r29/2)  0.77     70.1953      0.0000      0.0912
 j =31/2+  (   S31/2)  0.78     48.2513      0.0000      0.0070
 j =31/2+  (   S31/2)  0.77     74.5434      0.0000      0.0635
 j =31/2-  (   r31/2)  0.77     45.0708      0.0000      0.0107
 j =31/2-  (   r31/2)  0.77     65.9745      0.0000      0.0918
 j =33/2+  (   S33/2)  0.77     48.1150      0.0000      0.0070
 j =33/2+  (   S33/2)  0.76     71.3768      0.0000      0.0638
 j =33/2-  (   t33/2)  0.98     61.9475      0.0000      0.0212
 j =35/2+  (   u35/2)  0.98     65.4202      0.0000      0.0139
 j =35/2-  (   t35/2)  0.98     61.2609      0.0000      0.0212
 j =37/2+  (   u37/2)  0.98     64.9491      0.0000      0.0139
 single-particle energies and gaps  in the canonical basis: Proton: 
 ------------------------------------------------------------------
    j pi     (nr,l,j)  smax       Ecan       vvcan       decan
 j = 1/2+  (   s 1/2)  0.88    -50.1180      1.0000      0.0130
 j = 1/2+  (   s 1/2)  0.83    -29.9332      1.0000      0.0147
 j = 1/2+  (   s 1/2)  0.93     -6.9588      0.0000      0.0129
 j = 1/2+  (   s 1/2)  0.77     10.6957      0.0000      0.0029
 j = 1/2+  (   s 1/2)  0.55     14.8426      0.0000      0.0028
 j = 1/2+  (   s 1/2)  0.69     24.2749      0.0000      0.0027
 j = 1/2+  (   s 1/2)  0.52     37.4316      0.0000      0.0029
 j = 1/2+  (   s 1/2)  0.56     52.5322      0.0000      0.0027
 j = 1/2+  (   s 1/2)  0.59     72.3987      0.0000      0.0024
 j = 1/2+  (   s 1/2)  0.64    104.5423      0.0000      0.0025
 j = 1/2-  (   p 1/2)  0.95    -44.1741      1.0000      0.0106
 j = 1/2-  (   p 1/2)  0.93    -20.1512      1.0000      0.0098
 j = 1/2-  (   p 1/2)  0.96      2.8043      0.0000      0.0055
 j = 1/2-  (   p 1/2)  0.50     13.2992      0.0000      0.0006
 j = 1/2-  (   p 1/2)  0.76     20.5812      0.0000      0.0021
 j = 1/2-  (   p 1/2)  0.67     32.1606      0.0000      0.0022
 j = 1/2-  (   p 1/2)  0.60     46.9387      0.0000      0.0021
 j = 1/2-  (   p 1/2)  0.64     65.7669      0.0000      0.0021
 j = 1/2-  (   p 1/2)  0.64     96.5399      0.0000      0.0024
 j = 3/2+  (   d 3/2)  0.97    -35.7546      1.0000      0.0093
 j = 3/2+  (   d 3/2)  0.97     -9.3364      1.0000      0.0081
 j = 3/2+  (   d 3/2)  0.87     10.7329      0.0000      0.0022
 j = 3/2+  (   d 3/2)  0.44     14.9624      0.0000      0.0011
 j = 3/2+  (   d 3/2)  0.72     24.4213      0.0000      0.0013
 j = 3/2+  (   d 3/2)  0.56     37.2254      0.0000      0.0014
 j = 3/2+  (   d 3/2)  0.55     52.4060      0.0000      0.0014
 j = 3/2+  (   d 3/2)  0.60     72.2348      0.0000      0.0015
 j = 3/2+  (   d 3/2)  0.64    103.9479      0.0000      0.0016
 j = 3/2-  (   p 3/2)  0.93    -44.6204      1.0000      0.0106
 j = 3/2-  (   p 3/2)  0.90    -20.3954      1.0000      0.0098
 j = 3/2-  (   p 3/2)  0.95      2.8769      0.0000      0.0053
 j = 3/2-  (   p 3/2)  0.51     13.3243      0.0000      0.0006
 j = 3/2-  (   p 3/2)  0.75     20.6633      0.0000      0.0021
 j = 3/2-  (   p 3/2)  0.65     32.3137      0.0000      0.0022
 j = 3/2-  (   p 3/2)  0.58     47.0401      0.0000      0.0022
 j = 3/2-  (   p 3/2)  0.62     65.7725      0.0000      0.0022
 j = 3/2-  (   p 3/2)  0.64     97.2856      0.0000      0.0025
 j = 5/2+  (   d 5/2)  0.96    -37.2511      1.0000      0.0094
 j = 5/2+  (   d 5/2)  0.95    -10.6339      1.0000      0.0081
 j = 5/2+  (   d 5/2)  0.87     10.4890      0.0000      0.0023
 j = 5/2+  (   d 5/2)  0.47     14.8777      0.0000      0.0010
 j = 5/2+  (   d 5/2)  0.71     24.3892      0.0000      0.0012
 j = 5/2+  (   d 5/2)  0.53     37.3584      0.0000      0.0014
 j = 5/2+  (   d 5/2)  0.54     52.5454      0.0000      0.0014
 j = 5/2+  (   d 5/2)  0.57     72.2271      0.0000      0.0015
 j = 5/2+  (   d 5/2)  0.63    105.3201      0.0000      0.0016
 j = 5/2-  (   f 5/2)  0.98    -25.8814      1.0000      0.0083
 j = 5/2-  (   f 5/2)  0.98      1.0386      0.0000      0.0062
 j = 5/2-  (   f 5/2)  0.54     14.4822      0.0000      0.0005
 j = 5/2-  (   f 5/2)  0.77     20.6547      0.0000      0.0017
 j = 5/2-  (   f 5/2)  0.72     31.9625      0.0000      0.0015
 j = 5/2-  (   f 5/2)  0.63     46.7964      0.0000      0.0013
 j = 5/2-  (   f 5/2)  0.65     65.3917      0.0000      0.0013
 j = 5/2-  (   f 5/2)  0.64     96.0495      0.0000      0.0012
 j = 7/2+  (   g 7/2)  0.98    -15.1210      1.0000      0.0076
 j = 7/2+  (   g 7/2)  0.97     10.1346      0.0000      0.0038
 j = 7/2+  (   g 7/2)  0.48     16.0842      0.0000      0.0005
 j = 7/2+  (   g 7/2)  0.76     25.1136      0.0000      0.0013
 j = 7/2+  (   g 7/2)  0.61     37.0443      0.0000      0.0015
 j = 7/2+  (   g 7/2)  0.54     52.2719      0.0000      0.0013
 j = 7/2+  (   g 7/2)  0.61     71.8411      0.0000      0.0012
 j = 7/2+  (   g 7/2)  0.64    103.5596      0.0000      0.0010
 j = 7/2-  (   f 7/2)  0.98    -28.7599      1.0000      0.0085
 j = 7/2-  (   f 7/2)  0.97     -1.0336      0.0000      0.0061
 j = 7/2-  (   f 7/2)  0.57     14.3086      0.0000      0.0005
 j = 7/2-  (   f 7/2)  0.74     20.0335      0.0000      0.0017
 j = 7/2-  (   f 7/2)  0.71     31.5575      0.0000      0.0014
 j = 7/2-  (   f 7/2)  0.61     46.5485      0.0000      0.0012
 j = 7/2-  (   f 7/2)  0.63     64.9340      0.0000      0.0013
 j = 7/2-  (   f 7/2)  0.63     97.6780      0.0000      0.0013
 j = 9/2+  (   g 9/2)  0.98    -19.6000      1.0000      0.0078
 j = 9/2+  (   g 9/2)  0.98      7.9335      0.0000      0.0040
 j = 9/2+  (   g 9/2)  0.48     15.8699      0.0000      0.0003
 j = 9/2+  (   g 9/2)  0.77     24.3475      0.0000      0.0012
 j = 9/2+  (   g 9/2)  0.64     36.1128      0.0000      0.0015
 j = 9/2+  (   g 9/2)  0.55     51.4205      0.0000      0.0012
 j = 9/2+  (   g 9/2)  0.60     70.6323      0.0000      0.0012
 j = 9/2+  (   g 9/2)  0.63    104.6650      0.0000      0.0010
 j = 9/2-  (   h 9/2)  0.98     -3.9896      0.0000      0.0068
 j = 9/2-  (   h 9/2)  0.72     16.4339      0.0000      0.0009
 j = 9/2-  (   h 9/2)  0.65     20.4872      0.0000      0.0016
 j = 9/2-  (   h 9/2)  0.76     32.0033      0.0000      0.0013
 j = 9/2-  (   h 9/2)  0.67     46.6468      0.0000      0.0014
 j = 9/2-  (   h 9/2)  0.67     64.8091      0.0000      0.0014
 j = 9/2-  (   h 9/2)  0.64     95.5922      0.0000      0.0012
 j =11/2+  (   i11/2)  0.98      6.9651      0.0000      0.0059
 j =11/2+  (   i11/2)  0.49     18.7791      0.0000      0.0001
 j =11/2+  (   i11/2)  0.83     25.8916      0.0000      0.0011
 j =11/2+  (   i11/2)  0.71     36.3502      0.0000      0.0011
 j =11/2+  (   i11/2)  0.60     51.7833      0.0000      0.0011
 j =11/2+  (   i11/2)  0.64     70.7891      0.0000      0.0012
 j =11/2+  (   i11/2)  0.64    102.6782      0.0000      0.0012
 j =11/2-  (   h11/2)  0.98    -10.1041      1.0000      0.0070
 j =11/2-  (   h11/2)  0.88     15.3207      0.0000      0.0017
 j =11/2-  (   h11/2)  0.50     19.2380      0.0000      0.0010
 j =11/2-  (   h11/2)  0.77     30.9996      0.0000      0.0011
 j =11/2-  (   h11/2)  0.69     45.3042      0.0000      0.0013
 j =11/2-  (   h11/2)  0.67     62.7700      0.0000      0.0013
 j =11/2-  (   h11/2)  0.63     95.0059      0.0000      0.0012
 j =13/2+  (   i13/2)  0.98     -0.4960      0.0000      0.0061
 j =13/2+  (   i13/2)  0.49     18.5771      0.0000      0.0002
 j =13/2+  (   i13/2)  0.82     24.1075      0.0000      0.0013
 j =13/2+  (   i13/2)  0.75     34.8833      0.0000      0.0010
 j =13/2+  (   i13/2)  0.64     50.2393      0.0000      0.0010
 j =13/2+  (   i13/2)  0.65     68.3206      0.0000      0.0011
 j =13/2+  (   i13/2)  0.64    100.9060      0.0000      0.0012
 j =13/2-  (   j13/2)  0.97     17.0450      0.0000      0.0044
 j =13/2-  (   j13/2)  0.52     22.1698      0.0000      0.0004
 j =13/2-  (   j13/2)  0.81     32.9059      0.0000      0.0010
 j =13/2-  (   j13/2)  0.74     45.8153      0.0000      0.0011
 j =13/2-  (   j13/2)  0.71     63.4841      0.0000      0.0011
 j =13/2-  (   j13/2)  0.64     93.2833      0.0000      0.0012
 j =15/2+  (   k15/2)  0.49     23.0803      0.0000      0.0004
 j =15/2+  (   k15/2)  0.87     26.7921      0.0000      0.0028
 j =15/2+  (   k15/2)  0.78     37.3057      0.0000      0.0011
 j =15/2+  (   k15/2)  0.67     51.4020      0.0000      0.0010
 j =15/2+  (   k15/2)  0.68     69.2558      0.0000      0.0010
 j =15/2+  (   k15/2)  0.65     99.4855      0.0000      0.0010
 j =15/2-  (   j15/2)  0.97      9.0272      0.0000      0.0051
 j =15/2-  (   j15/2)  0.50     21.7526      0.0000      0.0001
 j =15/2-  (   j15/2)  0.81     30.8834      0.0000      0.0009
 j =15/2-  (   j15/2)  0.76     43.7181      0.0000      0.0009
 j =15/2-  (   j15/2)  0.72     60.7090      0.0000      0.0009
 j =15/2-  (   j15/2)  0.64     90.5847      0.0000      0.0012
 j =17/2+  (   k17/2)  0.97     18.2055      0.0000      0.0039
 j =17/2+  (   k17/2)  0.52     23.6211      0.0000      0.0002
 j =17/2+  (   k17/2)  0.81     34.9447      0.0000      0.0007
 j =17/2+  (   k17/2)  0.74     48.6698      0.0000      0.0008
 j =17/2+  (   k17/2)  0.71     65.6804      0.0000      0.0008
 j =17/2+  (   k17/2)  0.64     96.3745      0.0000      0.0009
 j =17/2-  (   l17/2)  0.55     27.1560      0.0000      0.0001
 j =17/2-  (   l17/2)  0.88     34.8584      0.0000      0.0019
 j =17/2-  (   l17/2)  0.78     46.1283      0.0000      0.0013
 j =17/2-  (   l17/2)  0.73     63.0201      0.0000      0.0012
 j =17/2-  (   l17/2)  0.65     89.7622      0.0000      0.0009
 j =19/2+  (   m19/2)  0.57     29.2440      0.0000      0.0000
 j =19/2+  (   m19/2)  0.85     40.4061      0.0000      0.0009
 j =19/2+  (   m19/2)  0.72     51.2420      0.0000      0.0013
 j =19/2+  (   m19/2)  0.71     68.8104      0.0000      0.0012
 j =19/2+  (   m19/2)  0.65     96.3095      0.0000      0.0009
 j =19/2-  (   l19/2)  0.82     26.1064      0.0000      0.0014
 j =19/2-  (   l19/2)  0.53     28.6451      0.0000      0.0016
 j =19/2-  (   l19/2)  0.78     43.0740      0.0000      0.0007
 j =19/2-  (   l19/2)  0.76     58.2279      0.0000      0.0009
 j =19/2-  (   l19/2)  0.68     85.1142      0.0000      0.0009
 j =21/2+  (   m21/2)  0.56     29.1337      0.0000      0.0000
 j =21/2+  (   m21/2)  0.91     35.6485      0.0000      0.0019
 j =21/2+  (   m21/2)  0.81     47.0388      0.0000      0.0008
 j =21/2+  (   m21/2)  0.76     63.3381      0.0000      0.0008
 j =21/2+  (   m21/2)  0.67     89.9334      0.0000      0.0008
 j =21/2-  (   n21/2)  0.58     34.4039      0.0000      0.0000
 j =21/2-  (   n21/2)  0.84     48.3726      0.0000      0.0006
 j =21/2-  (   n21/2)  0.75     61.9495      0.0000      0.0012
 j =21/2-  (   n21/2)  0.67     87.4659      0.0000      0.0013
 j =23/2+  (   o23/2)  0.59     36.6428      0.0000      0.0000
 j =23/2+  (   o23/2)  0.82     52.6434      0.0000      0.0002
 j =23/2+  (   o23/2)  0.74     67.3350      0.0000      0.0009
 j =23/2+  (   o23/2)  0.66     93.3618      0.0000      0.0012
 j =23/2-  (   n23/2)  0.57     34.1884      0.0000      0.0001
 j =23/2-  (   n23/2)  0.86     44.6436      0.0000      0.0012
 j =23/2-  (   n23/2)  0.75     56.2311      0.0000      0.0009
 j =23/2-  (   n23/2)  0.74     78.3879      0.0000      0.0010
 j =25/2+  (   o25/2)  0.59     36.5280      0.0000      0.0000
 j =25/2+  (   o25/2)  0.88     50.6071      0.0000      0.0006
 j =25/2+  (   o25/2)  0.78     61.5714      0.0000      0.0009
 j =25/2+  (   o25/2)  0.73     83.2223      0.0000      0.0009
 j =25/2-  (   P25/2)  0.68     43.5428      0.0000      0.0000
 j =25/2-  (   P25/2)  0.79     62.2166      0.0000      0.0003
 j =25/2-  (   P25/2)  0.71     83.3094      0.0000      0.0011
 j =27/2+  (   q27/2)  0.68     46.0100      0.0000      0.0000
 j =27/2+  (   q27/2)  0.79     66.4810      0.0000      0.0001
 j =27/2+  (   q27/2)  0.69     88.5265      0.0000      0.0008
 j =27/2-  (   P27/2)  0.65     43.3225      0.0000      0.0000
 j =27/2-  (   P27/2)  0.80     59.9825      0.0000      0.0004
 j =27/2-  (   P27/2)  0.78     73.6609      0.0000      0.0010
 j =29/2+  (   q29/2)  0.66     45.8345      0.0000      0.0000
 j =29/2+  (   q29/2)  0.80     65.2637      0.0000      0.0002
 j =29/2+  (   q29/2)  0.73     79.6571      0.0000      0.0008
 j =29/2-  (   r29/2)  0.77     55.4920      0.0000      0.0000
 j =29/2-  (   r29/2)  0.76     80.0956      0.0000      0.0004
 j =31/2+  (   S31/2)  0.76     58.2752      0.0000      0.0000
 j =31/2+  (   S31/2)  0.76     84.8187      0.0000      0.0002
 j =31/2-  (   r31/2)  0.76     55.2806      0.0000      0.0000
 j =31/2-  (   r31/2)  0.75     75.9557      0.0000      0.0004
 j =33/2+  (   S33/2)  0.75     58.1006      0.0000      0.0000
 j =33/2+  (   S33/2)  0.75     81.7179      0.0000      0.0002
 j =33/2-  (   t33/2)  0.98     72.5653      0.0000      0.0000
 j =35/2+  (   u35/2)  0.98     75.9302      0.0000      0.0000
 j =35/2-  (   t35/2)  0.98     71.8709      0.0000      0.0000
 j =37/2+  (   u37/2)  0.98     75.4448      0.0000      0.0000
  ****** END CANON **********************************
  ****** BEGIN RESU *********************************
   ****** BEGIN EXPECT *******

                            neutron        proton         total
 particle number           122.000000      80.000000     202.000000
 trace scalar density      116.212653      76.833632     193.046285
 lambda                     -7.331290      -8.004676
 spk                         7.807646       0.057293
 rms-Radius                  5.605051       5.427278       5.535328
 charge-Radius                              5.485922
 Particle Energ          -3123.232340   -1840.074936   -4963.307276
 Selfconsistency Test.                                    -0.000011

 Kinetic Energy           1689.776770     912.071493    2601.848264
 E-scsc                                               -31361.511204
 E-scve                                                26289.834777
 E-vesc                                                    0.000000
 E-veve                                                   95.077720
 E-rearrang.                                             803.949937
 Coulomb direct                                          792.045973
 Pairing Energy             -5.168524      -0.000431      -5.168955
 Sum without E-cm                                      -1587.873424
DE-cm <P**2>/2M            -12.173967      -6.583101     -18.757068
NE-cm <P**2>/2M              8.743547       4.207123      12.950670
 E-cm <P**2>/2M             -3.430420      -2.375978      -5.806398
 Total Energy                                          -1593.679822
 E/A                                                      -7.889504

  ****** END EXPECT *********************************


 quasi-particle properties Neutron:
 ------------------------------------------------------------------
     p/h    l j     [nr,l,j]  smax       Eqp       uu       vv
   1  p   1s 1/2   ( 4s  1/2) 0.80     7.723     0.999     0.001
   2  h   2s 1/2   ( 3s  1/2) 0.94     9.223     0.003     0.997
   3  p   3s 1/2   ( 4s  1/2) 0.50    12.794     1.000     0.000
   4  p   4s 1/2   ( 5s  1/2) 0.68    21.851     1.000     0.000
   5  h   5s 1/2   ( 2s  1/2) 0.86    33.633     0.005     0.995
   6  p   6s 1/2   ( 6s  1/2) 0.53    34.501     0.995     0.005
   7  p   7s 1/2   ( 6s  1/2) 0.55    49.906     1.000     0.000
   8  h   8s 1/2   ( 1s  1/2) 0.90    55.015     0.000     1.000
   9  p   9s 1/2   ( 8s  1/2) 0.59    69.454     1.000     0.000
  11  p   1p 1/2   ( 3p  1/2) 0.74     0.849     0.573     0.427
  12  p   2p 1/2   ( 4p  1/2) 0.57    10.650     1.000     0.000
  13  p   3p 1/2   ( 4p  1/2) 0.71    17.815     0.999     0.001
  14  h   4p 1/2   ( 2p  1/2) 0.95    23.808     0.003     0.997
  15  p   5p 1/2   ( 5p  1/2) 0.68    29.194     0.998     0.002
  16  p   6p 1/2   ( 6p  1/2) 0.61    44.100     1.000     0.000
  17  h   7p 1/2   ( 1p  1/2) 0.96    48.760     0.000     1.000
  18  p   8p 1/2   ( 7p  1/2) 0.65    62.734     1.000     0.000
  19  p   9p 1/2   ( 8p  1/2) 0.64    93.107     1.000     0.000
  20  p   1d 3/2   ( 3d  3/2) 0.90     7.471     0.999     0.001
  21  h   2d 3/2   ( 2d  3/2) 0.96    12.387     0.034     0.966
  22  p   3d 3/2   ( 5d  3/2) 0.45    12.807     0.967     0.033
  23  p   4d 3/2   ( 4d  3/2) 0.72    21.669     1.000     0.000
  24  p   5d 3/2   ( 5d  3/2) 0.59    33.995     1.000     0.000
  25  h   6d 3/2   ( 1d  3/2) 0.98    39.807     0.000     1.000
  26  p   7d 3/2   ( 5d  3/2) 0.54    49.402     1.000     0.000
  27  p   8d 3/2   ( 7d  3/2) 0.62    69.046     1.000     0.000
  29  p   1p 3/2   ( 3p  3/2) 0.70     0.831     0.527     0.473
  30  p   2p 3/2   ( 4p  3/2) 0.55    10.675     1.000     0.000
  31  p   3p 3/2   ( 4p  3/2) 0.71    17.856     0.999     0.001
  32  h   4p 3/2   ( 2p  3/2) 0.93    23.974     0.003     0.997
  33  p   5p 3/2   ( 5p  3/2) 0.66    29.297     0.998     0.002
  34  p   6p 3/2   ( 6p  3/2) 0.59    44.160     1.000     0.000
  35  h   7p 3/2   ( 1p  3/2) 0.95    49.028     0.000     1.000
  36  p   8p 3/2   ( 7p  3/2) 0.63    62.677     1.000     0.000
  37  p   9p 3/2   ( 8p  3/2) 0.64    93.758     1.000     0.000
  38  p   1d 5/2   ( 3d  5/2) 0.90     7.182     0.999     0.001
  39  p   2d 5/2   ( 5d  5/2) 0.49    12.700     0.994     0.006
  40  h   3d 5/2   ( 2d  5/2) 0.96    13.621     0.007     0.993
  41  p   4d 5/2   ( 4d  5/2) 0.71    21.607     1.000     0.000
  42  p   5d 5/2   ( 5d  5/2) 0.57    34.081     1.000     0.000
  43  h   6d 5/2   ( 1d  5/2) 0.97    41.033     0.000     1.000
  44  p   7d 5/2   ( 5d  5/2) 0.54    49.491     1.000     0.000
  45  p   8d 5/2   ( 7d  5/2) 0.59    68.933     1.000     0.000
  47  h   1f 5/2   ( 2f  5/2) 0.96     1.578     0.056     0.944
  48  p   2f 5/2   ( 3f  5/2) 0.64    11.624     1.000     0.000
  49  p   3f 5/2   ( 3f  5/2) 0.70    17.814     1.000     0.000
  50  p   4f 5/2   ( 4f  5/2) 0.72    28.845     0.983     0.017
  51  h   5f 5/2   ( 1f  5/2) 0.97    29.374     0.018     0.982
  52  p   6f 5/2   ( 5f  5/2) 0.65    43.579     1.000     0.000
  53  p   7f 5/2   ( 6f  5/2) 0.67    62.127     1.000     0.000
  54  p   8f 5/2   ( 7f  5/2) 0.64    91.717     1.000     0.000
  55  p   1g 7/2   ( 2g  7/2) 0.96     7.695     0.998     0.002
  56  p   2g 7/2   ( 4g  7/2) 0.48    13.950     1.000     0.000
  57  h   3g 7/2   ( 1g  7/2) 0.98    18.005     0.001     0.999
  58  p   4g 7/2   ( 3g  7/2) 0.75    22.296     1.000     0.000
  59  p   5g 7/2   ( 4g  7/2) 0.63    33.948     1.000     0.000
  60  p   6g 7/2   ( 5g  7/2) 0.57    49.145     1.000     0.000
  61  p   7g 7/2   ( 6g  7/2) 0.64    68.619     1.000     0.000
  62  p   8g 7/2   ( 7g  7/2) 0.64    98.963     1.000     0.000
  63  h   1f 7/2   ( 2f  7/2) 0.98     3.601     0.010     0.990
  64  p   2f 7/2   ( 3f  7/2) 0.67    11.390     1.000     0.000
  65  p   3f 7/2   ( 3f  7/2) 0.67    17.294     1.000     0.000
  66  p   4f 7/2   ( 4f  7/2) 0.72    28.457     0.999     0.001
  67  h   5f 7/2   ( 1f  7/2) 0.98    31.892     0.001     0.999
  68  p   6f 7/2   ( 5f  7/2) 0.63    43.344     1.000     0.000
  69  p   7f 7/2   ( 6f  7/2) 0.65    61.611     1.000     0.000
  70  p   8f 7/2   ( 7f  7/2) 0.63    93.091     1.000     0.000
  71  p   1g 9/2   ( 2g  9/2) 0.98     5.483     0.997     0.003
  72  p   2g 9/2   ( 4g  9/2) 0.50    13.630     1.000     0.000
  73  p   3g 9/2   ( 3g  9/2) 0.74    21.522     0.997     0.003
  74  h   4g 9/2   ( 1g  9/2) 0.98    22.093     0.004     0.996
  75  p   5g 9/2   ( 4g  9/2) 0.66    33.076     1.000     0.000
  76  p   6g 9/2   ( 5g  9/2) 0.57    48.336     1.000     0.000
  77  p   7g 9/2   ( 6g  9/2) 0.62    67.417     1.000     0.000
  78  p   8g 9/2   ( 7g  9/2) 0.63    99.868     1.000     0.000
  79  h   1h 9/2   ( 1h  9/2) 0.97     6.248     0.003     0.997
  80  p   2h 9/2   ( 2h  9/2) 0.75    13.565     1.000     0.000
  81  p   3h 9/2   ( 2h  9/2) 0.60    18.395     1.000     0.000
  82  p   4h 9/2   ( 3h  9/2) 0.76    29.184     1.000     0.000
  83  p   5h 9/2   ( 4h  9/2) 0.68    43.627     1.000     0.000
  84  p   6h 9/2   ( 5h  9/2) 0.68    61.869     1.000     0.000
  85  p   7h 9/2   ( 6h  9/2) 0.64    91.081     1.000     0.000
  86  p   1i11/2   ( 1i 11/2) 0.97     5.376     0.996     0.004
  87  p   2i11/2   ( 2i 11/2) 0.50    16.393     1.000     0.000
  88  p   3i11/2   ( 2i 11/2) 0.78    23.166     1.000     0.000
  89  p   4i11/2   ( 3i 11/2) 0.70    33.760     1.000     0.000
  90  p   5i11/2   ( 4i 11/2) 0.61    48.945     1.000     0.000
  91  p   6i11/2   ( 5i 11/2) 0.65    68.034     1.000     0.000
  92  p   7i11/2   ( 6i 11/2) 0.64    98.431     1.000     0.000
  93  h   1h11/2   ( 1h 11/2) 0.96    11.962     0.045     0.955
  94  p   2h11/2   ( 2h 11/2) 0.86    12.450     0.956     0.044
  95  p   3h11/2   ( 4h 11/2) 0.50    17.190     1.000     0.000
  96  p   4h11/2   ( 3h 11/2) 0.76    28.075     1.000     0.000
  97  p   5h11/2   ( 4h 11/2) 0.69    42.299     1.000     0.000
  98  p   6h11/2   ( 5h 11/2) 0.68    59.833     1.000     0.000
  99  p   7h11/2   ( 6h 11/2) 0.64    90.433     1.000     0.000
 100  h   1i13/2   ( 1i 13/2) 0.96     1.952     0.029     0.971
 101  p   2i13/2   ( 2i 13/2) 0.58    16.080     1.000     0.000
 102  p   3i13/2   ( 2i 13/2) 0.75    21.607     1.000     0.000
 103  p   4i13/2   ( 3i 13/2) 0.74    32.255     1.000     0.000
 104  p   5i13/2   ( 4i 13/2) 0.64    47.331     1.000     0.000
 105  p   6i13/2   ( 5i 13/2) 0.66    65.531     1.000     0.000
 106  p   7i13/2   ( 6i 13/2) 0.64    96.653     1.000     0.000
 107  p   1j13/2   ( 1j 13/2) 0.95    15.574     1.000     0.000
 108  p   2j13/2   ( 4j 13/2) 0.50    20.005     1.000     0.000
 109  p   3j13/2   ( 2j 13/2) 0.79    29.856     1.000     0.000
 110  p   4j13/2   ( 3j 13/2) 0.73    43.062     1.000     0.000
 111  p   5j13/2   ( 4j 13/2) 0.71    60.939     1.000     0.000
 112  p   6j13/2   ( 5j 13/2) 0.64    89.587     1.000     0.000
 113  p   1k15/2   ( 3k 15/2) 0.49    20.809     1.000     0.000
 114  p   2k15/2   ( 1k 15/2) 0.84    25.491     1.000     0.000
 115  p   3k15/2   ( 2k 15/2) 0.76    34.788     1.000     0.000
 116  p   4k15/2   ( 3k 15/2) 0.67    48.562     1.000     0.000
 117  p   5k15/2   ( 4k 15/2) 0.69    66.786     1.000     0.000
 118  p   6k15/2   ( 5k 15/2) 0.65    96.049     1.000     0.000
 119  p   1j15/2   ( 1j 15/2) 0.97     8.013     0.999     0.001
 120  p   2j15/2   ( 2j 15/2) 0.55    19.319     1.000     0.000
 121  p   3j15/2   ( 2j 15/2) 0.77    27.965     1.000     0.000
 122  p   4j15/2   ( 3j 15/2) 0.76    41.022     1.000     0.000
 123  p   5j15/2   ( 4j 15/2) 0.72    58.048     1.000     0.000
 124  p   6j15/2   ( 6j 15/2) 0.64    86.847     1.000     0.000
 125  p   1k17/2   ( 1k 17/2) 0.97    17.116     1.000     0.000
 126  p   2k17/2   ( 3k 17/2) 0.50    21.675     1.000     0.000
 127  p   3k17/2   ( 2k 17/2) 0.79    32.118     1.000     0.000
 128  p   4k17/2   ( 3k 17/2) 0.73    45.918     1.000     0.000
 129  p   5k17/2   ( 4k 17/2) 0.71    63.166     1.000     0.000
 130  p   6k17/2   ( 5k 17/2) 0.64    92.858     1.000     0.000
 131  p   1l17/2   ( 3l 17/2) 0.54    24.707     1.000     0.000
 132  p   2l17/2   ( 1l 17/2) 0.84    32.973     1.000     0.000
 133  p   3l17/2   ( 2l 17/2) 0.75    43.966     1.000     0.000
 134  p   4l17/2   ( 3l 17/2) 0.73    60.687     1.000     0.000
 135  p   5l17/2   ( 5l 17/2) 0.66    86.631     1.000     0.000
 136  p   1m19/2   ( 3m 19/2) 0.56    27.065     1.000     0.000
 137  p   2m19/2   ( 1m 19/2) 0.81    37.808     1.000     0.000
 138  p   3m19/2   ( 2m 19/2) 0.68    49.449     1.000     0.000
 139  p   4m19/2   ( 3m 19/2) 0.69    66.914     1.000     0.000
 140  p   5m19/2   ( 4m 19/2) 0.65    93.344     1.000     0.000
 141  p   1l19/2   ( 1l 19/2) 0.71    23.953     1.000     0.000
 142  p   2l19/2   ( 1l 19/2) 0.68    27.392     1.000     0.000
 143  p   3l19/2   ( 2l 19/2) 0.78    40.240     1.000     0.000
 144  p   4l19/2   ( 3l 19/2) 0.75    55.790     1.000     0.000
 145  p   5l19/2   ( 5l 19/2) 0.69    81.987     1.000     0.000
 146  p   1m21/2   ( 3m 21/2) 0.55    26.935     1.000     0.000
 147  p   2m21/2   ( 1m 21/2) 0.89    34.078     1.000     0.000
 148  p   3m21/2   ( 2m 21/2) 0.80    44.739     1.000     0.000
 149  p   4m21/2   ( 3m 21/2) 0.75    60.992     1.000     0.000
 150  p   5m21/2   ( 5m 21/2) 0.67    87.069     1.000     0.000
 151  p   1n21/2   ( 2n 21/2) 0.60    31.943     1.000     0.000
 152  p   2n21/2   ( 1n 21/2) 0.81    45.365     1.000     0.000
 153  p   3n21/2   ( 2n 21/2) 0.73    60.642     1.000     0.000
 154  p   4n21/2   ( 4n 21/2) 0.66    85.353     1.000     0.000
 155  p   1o23/2   ( 2o 23/2) 0.60    34.432     1.000     0.000
 156  p   2o23/2   ( 1o 23/2) 0.80    49.386     1.000     0.000
 157  p   3o23/2   ( 2o 23/2) 0.72    65.706     1.000     0.000
 158  p   4o23/2   ( 4o 23/2) 0.65    91.857     1.000     0.000
 159  p   1n23/2   ( 2n 23/2) 0.57    31.745     1.000     0.000
 160  p   2n23/2   ( 1n 23/2) 0.85    42.411     1.000     0.000
 161  p   3n23/2   ( 2n 23/2) 0.75    54.381     1.000     0.000
 162  p   4n23/2   ( 4n 23/2) 0.73    76.130     1.000     0.000
 163  p   1o25/2   ( 2o 25/2) 0.59    34.330     1.000     0.000
 164  p   2o25/2   ( 1o 25/2) 0.85    47.724     1.000     0.000
 165  p   3o25/2   ( 2o 25/2) 0.77    59.982     1.000     0.000
 166  p   4o25/2   ( 4o 25/2) 0.72    81.363     1.000     0.000
 167  p   1P25/2   ( 2P 25/2) 0.68    40.921     1.000     0.000
 168  p   2P25/2   ( 1P 25/2) 0.77    58.976     1.000     0.000
 169  p   3P25/2   ( 3P 25/2) 0.70    82.511     1.000     0.000
 170  p   1q27/2   ( 2q 27/2) 0.68    43.636     1.000     0.000
 171  p   2q27/2   ( 1q 27/2) 0.78    63.031     1.000     0.000
 172  p   3q27/2   ( 3q 27/2) 0.69    87.539     1.000     0.000
 173  p   1P27/2   ( 2P 27/2) 0.65    40.740     1.000     0.000
 174  p   2P27/2   ( 1P 27/2) 0.78    56.970     1.000     0.000
 175  p   3P27/2   ( 3P 27/2) 0.76    72.572     1.000     0.000
 176  p   1q29/2   ( 2q 29/2) 0.67    43.498     1.000     0.000
 177  p   2q29/2   ( 1q 29/2) 0.79    61.860     1.000     0.000
 178  p   3q29/2   ( 3q 29/2) 0.73    78.541     1.000     0.000
 179  p   1r29/2   ( 1r 29/2) 0.78    52.575     1.000     0.000
 180  p   2r29/2   ( 2r 29/2) 0.77    77.527     1.000     0.000
 181  p   1S31/2   ( 1S 31/2) 0.78    55.583     1.000     0.000
 182  p   2S31/2   ( 2S 31/2) 0.77    81.875     1.000     0.000
 183  p   1r31/2   ( 1r 31/2) 0.77    52.402     1.000     0.000
 184  p   2r31/2   ( 2r 31/2) 0.77    73.306     1.000     0.000
 185  p   1S33/2   ( 1S 33/2) 0.77    55.446     1.000     0.000
 186  p   2S33/2   ( 2S 33/2) 0.76    78.708     1.000     0.000
 187  p   1t33/2   ( 1t 33/2) 0.98    69.279     1.000     0.000
 188  p   1u35/2   ( 1u 35/2) 0.98    72.751     1.000     0.000
 189  p   1t35/2   ( 1t 35/2) 0.98    68.592     1.000     0.000
 190  p   1u37/2   ( 1u 37/2) 0.98    72.280     1.000     0.000


 quasi-particle properties Proton: 
 ------------------------------------------------------------------
     p/h    l j     [nr,l,j]  smax       Eqp       uu       vv
   1  p   1s 1/2   ( 3s  1/2) 0.93     0.998     1.000     0.000
   2  p   2s 1/2   ( 4s  1/2) 0.76    18.721     1.000     0.000
   3  h   3s 1/2   ( 2s  1/2) 0.83    21.929     0.000     1.000
   4  p   4s 1/2   ( 4s  1/2) 0.55    22.860     1.000     0.000
   5  p   5s 1/2   ( 5s  1/2) 0.69    32.285     1.000     0.000
   6  h   6s 1/2   ( 1s  1/2) 0.88    42.113     0.000     1.000
   7  p   7s 1/2   ( 6s  1/2) 0.52    45.440     1.000     0.000
   8  p   8s 1/2   ( 6s  1/2) 0.56    60.540     1.000     0.000
   9  p   9s 1/2   ( 8s  1/2) 0.59    80.406     1.000     0.000
  11  p   1p 1/2   ( 3p  1/2) 0.96    10.809     1.000     0.000
  12  h   2p 1/2   ( 2p  1/2) 0.93    12.147     0.000     1.000
  13  p   3p 1/2   ( 5p  1/2) 0.50    21.304     1.000     0.000
  14  p   4p 1/2   ( 4p  1/2) 0.76    28.586     1.000     0.000
  15  h   5p 1/2   ( 1p  1/2) 0.95    36.169     0.000     1.000
  16  p   6p 1/2   ( 5p  1/2) 0.67    40.165     1.000     0.000
  17  p   7p 1/2   ( 6p  1/2) 0.60    54.943     1.000     0.000
  18  p   8p 1/2   ( 7p  1/2) 0.64    73.772     1.000     0.000
  20  h   1d 3/2   ( 2d  3/2) 0.97     1.331     0.000     1.000
  21  p   2d 3/2   ( 3d  3/2) 0.87    18.738     1.000     0.000
  22  p   3d 3/2   ( 5d  3/2) 0.44    22.967     1.000     0.000
  23  h   4d 3/2   ( 1d  3/2) 0.97    27.751     0.000     1.000
  24  p   5d 3/2   ( 4d  3/2) 0.72    32.426     1.000     0.000
  25  p   6d 3/2   ( 5d  3/2) 0.56    45.230     1.000     0.000
  26  p   7d 3/2   ( 5d  3/2) 0.55    60.411     1.000     0.000
  27  p   8d 3/2   ( 7d  3/2) 0.60    80.239     1.000     0.000
  29  p   1p 3/2   ( 3p  3/2) 0.95    10.882     1.000     0.000
  30  h   2p 3/2   ( 2p  3/2) 0.90    12.391     0.000     1.000
  31  p   3p 3/2   ( 5p  3/2) 0.51    21.329     1.000     0.000
  32  p   4p 3/2   ( 4p  3/2) 0.75    28.668     1.000     0.000
  33  h   5p 3/2   ( 1p  3/2) 0.93    36.616     0.000     1.000
  34  p   6p 3/2   ( 5p  3/2) 0.65    40.318     1.000     0.000
  35  p   7p 3/2   ( 6p  3/2) 0.58    55.045     1.000     0.000
  36  p   8p 3/2   ( 7p  3/2) 0.62    73.777     1.000     0.000
  38  h   1d 5/2   ( 2d  5/2) 0.95     2.626     0.000     1.000
  39  p   2d 5/2   ( 3d  5/2) 0.87    18.494     1.000     0.000
  40  p   3d 5/2   ( 5d  5/2) 0.47    22.882     1.000     0.000
  41  h   4d 5/2   ( 1d  5/2) 0.96    29.250     0.000     1.000
  42  p   5d 5/2   ( 4d  5/2) 0.71    32.394     1.000     0.000
  43  p   6d 5/2   ( 5d  5/2) 0.53    45.363     1.000     0.000
  44  p   7d 5/2   ( 5d  5/2) 0.54    60.550     1.000     0.000
  45  p   8d 5/2   ( 7d  5/2) 0.57    80.232     1.000     0.000
  47  p   1f 5/2   ( 2f  5/2) 0.98     9.043     1.000     0.000
  48  h   2f 5/2   ( 1f  5/2) 0.98    17.877     0.000     1.000
  49  p   3f 5/2   ( 3f  5/2) 0.54    22.487     1.000     0.000
  50  p   4f 5/2   ( 3f  5/2) 0.77    28.659     1.000     0.000
  51  p   5f 5/2   ( 4f  5/2) 0.72    39.967     1.000     0.000
  52  p   6f 5/2   ( 5f  5/2) 0.63    54.801     1.000     0.000
  53  p   7f 5/2   ( 6f  5/2) 0.65    73.396     1.000     0.000
  55  h   1g 7/2   ( 1g  7/2) 0.98     7.116     0.000     1.000
  56  p   2g 7/2   ( 2g  7/2) 0.97    18.139     1.000     0.000
  57  p   3g 7/2   ( 5g  7/2) 0.48    24.089     1.000     0.000
  58  p   4g 7/2   ( 3g  7/2) 0.76    33.118     1.000     0.000
  59  p   5g 7/2   ( 4g  7/2) 0.61    45.049     1.000     0.000
  60  p   6g 7/2   ( 5g  7/2) 0.54    60.277     1.000     0.000
  61  p   7g 7/2   ( 6g  7/2) 0.61    79.846     1.000     0.000
  63  p   1f 7/2   ( 2f  7/2) 0.97     6.971     1.000     0.000
  64  h   2f 7/2   ( 1f  7/2) 0.98    20.755     0.000     1.000
  65  p   3f 7/2   ( 3f  7/2) 0.57    22.313     1.000     0.000
  66  p   4f 7/2   ( 3f  7/2) 0.74    28.038     1.000     0.000
  67  p   5f 7/2   ( 4f  7/2) 0.71    39.562     1.000     0.000
  68  p   6f 7/2   ( 5f  7/2) 0.61    54.553     1.000     0.000
  69  p   7f 7/2   ( 6f  7/2) 0.63    72.939     1.000     0.000
  71  h   1g 9/2   ( 1g  9/2) 0.98    11.595     0.000     1.000
  72  p   2g 9/2   ( 2g  9/2) 0.98    15.938     1.000     0.000
  73  p   3g 9/2   ( 4g  9/2) 0.48    23.875     1.000     0.000
  74  p   4g 9/2   ( 3g  9/2) 0.77    32.352     1.000     0.000
  75  p   5g 9/2   ( 4g  9/2) 0.64    44.117     1.000     0.000
  76  p   6g 9/2   ( 5g  9/2) 0.55    59.425     1.000     0.000
  77  p   7g 9/2   ( 6g  9/2) 0.60    78.637     1.000     0.000
  79  p   1h 9/2   ( 1h  9/2) 0.98     4.015     1.000     0.000
  80  p   2h 9/2   ( 2h  9/2) 0.72    24.439     1.000     0.000
  81  p   3h 9/2   ( 2h  9/2) 0.65    28.492     1.000     0.000
  82  p   4h 9/2   ( 3h  9/2) 0.76    40.008     1.000     0.000
  83  p   5h 9/2   ( 4h  9/2) 0.67    54.652     1.000     0.000
  84  p   6h 9/2   ( 5h  9/2) 0.67    72.814     1.000     0.000
  86  p   1i11/2   ( 1i 11/2) 0.98    14.970     1.000     0.000
  87  p   2i11/2   ( 4i 11/2) 0.49    26.784     1.000     0.000
  88  p   3i11/2   ( 2i 11/2) 0.83    33.896     1.000     0.000
  89  p   4i11/2   ( 3i 11/2) 0.71    44.355     1.000     0.000
  90  p   5i11/2   ( 4i 11/2) 0.60    59.788     1.000     0.000
  91  p   6i11/2   ( 5i 11/2) 0.64    78.794     1.000     0.000
  93  h   1h11/2   ( 1h 11/2) 0.98     2.099     0.000     1.000
  94  p   2h11/2   ( 2h 11/2) 0.88    23.325     1.000     0.000
  95  p   3h11/2   ( 4h 11/2) 0.50    27.243     1.000     0.000
  96  p   4h11/2   ( 3h 11/2) 0.77    39.004     1.000     0.000
  97  p   5h11/2   ( 4h 11/2) 0.69    53.309     1.000     0.000
  98  p   6h11/2   ( 5h 11/2) 0.67    70.775     1.000     0.000
 100  p   1i13/2   ( 1i 13/2) 0.98     7.509     1.000     0.000
 101  p   2i13/2   ( 2i 13/2) 0.49    26.582     1.000     0.000
 102  p   3i13/2   ( 2i 13/2) 0.82    32.112     1.000     0.000
 103  p   4i13/2   ( 3i 13/2) 0.75    42.888     1.000     0.000
 104  p   5i13/2   ( 4i 13/2) 0.64    58.244     1.000     0.000
 105  p   6i13/2   ( 5i 13/2) 0.65    76.325     1.000     0.000
 107  p   1j13/2   ( 1j 13/2) 0.97    25.050     1.000     0.000
 108  p   2j13/2   ( 4j 13/2) 0.52    30.174     1.000     0.000
 109  p   3j13/2   ( 2j 13/2) 0.81    40.911     1.000     0.000
 110  p   4j13/2   ( 3j 13/2) 0.74    53.820     1.000     0.000
 111  p   5j13/2   ( 4j 13/2) 0.71    71.489     1.000     0.000
 113  p   1k15/2   ( 4k 15/2) 0.49    31.085     1.000     0.000
 114  p   2k15/2   ( 1k 15/2) 0.87    34.797     1.000     0.000
 115  p   3k15/2   ( 2k 15/2) 0.78    45.310     1.000     0.000
 116  p   4k15/2   ( 3k 15/2) 0.67    59.407     1.000     0.000
 117  p   5k15/2   ( 4k 15/2) 0.68    77.260     1.000     0.000
 119  p   1j15/2   ( 1j 15/2) 0.97    17.032     1.000     0.000
 120  p   2j15/2   ( 4j 15/2) 0.50    29.757     1.000     0.000
 121  p   3j15/2   ( 2j 15/2) 0.81    38.888     1.000     0.000
 122  p   4j15/2   ( 3j 15/2) 0.76    51.723     1.000     0.000
 123  p   5j15/2   ( 4j 15/2) 0.72    68.714     1.000     0.000
 124  p   6j15/2   ( 5j 15/2) 0.64    98.589     1.000     0.000
 125  p   1k17/2   ( 1k 17/2) 0.97    26.210     1.000     0.000
 126  p   2k17/2   ( 4k 17/2) 0.52    31.626     1.000     0.000
 127  p   3k17/2   ( 2k 17/2) 0.81    42.949     1.000     0.000
 128  p   4k17/2   ( 3k 17/2) 0.74    56.674     1.000     0.000
 129  p   5k17/2   ( 4k 17/2) 0.71    73.685     1.000     0.000
 131  p   1l17/2   ( 3l 17/2) 0.55    35.161     1.000     0.000
 132  p   2l17/2   ( 1l 17/2) 0.88    42.863     1.000     0.000
 133  p   3l17/2   ( 2l 17/2) 0.78    54.133     1.000     0.000
 134  p   4l17/2   ( 3l 17/2) 0.73    71.025     1.000     0.000
 135  p   5l17/2   ( 5l 17/2) 0.65    97.767     1.000     0.000
 136  p   1m19/2   ( 3m 19/2) 0.57    37.249     1.000     0.000
 137  p   2m19/2   ( 1m 19/2) 0.85    48.411     1.000     0.000
 138  p   3m19/2   ( 2m 19/2) 0.72    59.247     1.000     0.000
 139  p   4m19/2   ( 3m 19/2) 0.71    76.815     1.000     0.000
 141  p   1l19/2   ( 1l 19/2) 0.82    34.111     1.000     0.000
 142  p   2l19/2   ( 1l 19/2) 0.53    36.650     1.000     0.000
 143  p   3l19/2   ( 2l 19/2) 0.78    51.079     1.000     0.000
 144  p   4l19/2   ( 3l 19/2) 0.76    66.233     1.000     0.000
 145  p   5l19/2   ( 5l 19/2) 0.68    93.119     1.000     0.000
 146  p   1m21/2   ( 3m 21/2) 0.56    37.138     1.000     0.000
 147  p   2m21/2   ( 1m 21/2) 0.91    43.653     1.000     0.000
 148  p   3m21/2   ( 2m 21/2) 0.81    55.044     1.000     0.000
 149  p   4m21/2   ( 3m 21/2) 0.76    71.343     1.000     0.000
 150  p   5m21/2   ( 5m 21/2) 0.67    97.938     1.000     0.000
 151  p   1n21/2   ( 3n 21/2) 0.58    42.409     1.000     0.000
 152  p   2n21/2   ( 1n 21/2) 0.84    56.377     1.000     0.000
 153  p   3n21/2   ( 2n 21/2) 0.75    69.954     1.000     0.000
 154  p   4n21/2   ( 4n 21/2) 0.67    95.471     1.000     0.000
 155  p   1o23/2   ( 3o 23/2) 0.59    44.647     1.000     0.000
 156  p   2o23/2   ( 1o 23/2) 0.82    60.648     1.000     0.000
 157  p   3o23/2   ( 2o 23/2) 0.74    75.340     1.000     0.000
 159  p   1n23/2   ( 3n 23/2) 0.57    42.193     1.000     0.000
 160  p   2n23/2   ( 1n 23/2) 0.86    52.648     1.000     0.000
 161  p   3n23/2   ( 2n 23/2) 0.75    64.236     1.000     0.000
 162  p   4n23/2   ( 4n 23/2) 0.74    86.393     1.000     0.000
 163  p   1o25/2   ( 3o 25/2) 0.59    44.533     1.000     0.000
 164  p   2o25/2   ( 1o 25/2) 0.88    58.612     1.000     0.000
 165  p   3o25/2   ( 2o 25/2) 0.78    69.576     1.000     0.000
 166  p   4o25/2   ( 4o 25/2) 0.73    91.227     1.000     0.000
 167  p   1P25/2   ( 2P 25/2) 0.68    51.547     1.000     0.000
 168  p   2P25/2   ( 1P 25/2) 0.79    70.221     1.000     0.000
 169  p   3P25/2   ( 3P 25/2) 0.71    91.314     1.000     0.000
 170  p   1q27/2   ( 2q 27/2) 0.68    54.015     1.000     0.000
 171  p   2q27/2   ( 1q 27/2) 0.79    74.486     1.000     0.000
 172  p   3q27/2   ( 3q 27/2) 0.69    96.531     1.000     0.000
 173  p   1P27/2   ( 2P 27/2) 0.65    51.327     1.000     0.000
 174  p   2P27/2   ( 1P 27/2) 0.80    67.987     1.000     0.000
 175  p   3P27/2   ( 3P 27/2) 0.78    81.666     1.000     0.000
 176  p   1q29/2   ( 2q 29/2) 0.66    53.839     1.000     0.000
 177  p   2q29/2   ( 1q 29/2) 0.80    73.268     1.000     0.000
 178  p   3q29/2   ( 3q 29/2) 0.73    87.662     1.000     0.000
 179  p   1r29/2   ( 1r 29/2) 0.77    63.497     1.000     0.000
 180  p   2r29/2   ( 2r 29/2) 0.76    88.100     1.000     0.000
 181  p   1S31/2   ( 1S 31/2) 0.76    66.280     1.000     0.000
 182  p   2S31/2   ( 2S 31/2) 0.76    92.823     1.000     0.000
 183  p   1r31/2   ( 1r 31/2) 0.76    63.285     1.000     0.000
 184  p   2r31/2   ( 2r 31/2) 0.75    83.960     1.000     0.000
 185  p   1S33/2   ( 1S 33/2) 0.75    66.105     1.000     0.000
 186  p   2S33/2   ( 2S 33/2) 0.75    89.723     1.000     0.000
 187  p   1t33/2   ( 1t 33/2) 0.98    80.570     1.000     0.000
 188  p   1u35/2   ( 1u 35/2) 0.98    83.935     1.000     0.000
 189  p   1t35/2   ( 1t 35/2) 0.98    79.876     1.000     0.000
 190  p   1u37/2   ( 1u 37/2) 0.98    83.449     1.000     0.000
  ****** END RESU ***********************************
