
  ******************************************  
  *           Fortran 77 Code              *  
  *         Spherical H.O. basis            *  
  * Dirac-Hartree-Bogoliubov calculation   *  
  *        with density-dependent          *  
  * meson-exchange or point coupling force *  
  *          and separable pairing         *  
  * -------------------------------------- *  
  *      Niksic, Paar, Vretenar, Ring      *  
  *          18/ 4/2026/01:37:12           *
  *       Hg 240  N = 160  Z =  80
  ******************************************  
  ****** BEGIN READER *******************************
 Number of oscillator shells :    18   20
 Initialization inin,inink   :     0    0
 Nucleus: Hg 240   160  80
 Initial Gap Parameters      :     1.0000    1.0000
 Parameter set               :    DD-ME2    
  ****** END READER *********************************
  ****** BEGIN FORCES *******************************

 NEDF Parameters: DD-ME2    
 AMU   =  939.000
 msig  =  550.124  gsig =    10.5396  Gsig =   -14.2924
 mome  =  783.000  gome =    13.0189  Gome =    10.7647
 mdel  =    0.000  gdel =     0.0000  Gdel =    -0.0000
 mrho  =  763.000  grho =     3.6836  Grho =     0.9076
  
 Density dependence parameters:
           scasca    scavec    vecsca    vecvec
 a    =   1.388148  1.389291  0.000000  0.564700
 b    =   1.094300  0.923975  0.000000  0.000000
 c    =   1.705700  1.462000  0.000000  0.000000
 d    =   0.442067  0.477492  0.000000  0.000000
 dsat =   0.152000
  
 TMR pairing: Tian,Ma,Ring, PRB 676, 44 (2009)
 TMR pairing strength    gl =:  -728.00000 [MeV*fm^3]
 TMR pairing width        a =:     0.64420 [fm]
  ****** END FORCES *********************************
  ****** BEGIN PREP *********************************
  
 hom =                            6.597511
 hb0 =                           20.734000
 b0  =                            2.507070
 with Coulomb force
 With microscopic c.m. correction
  ****** END PREP ***********************************
  potentials read from tape dirhb.wel
  ****** BEGIN ITER *********************************
  1.It. si =    0.0000000  E/A =    0.0000 R =    0.0000  mix = 0.50
  2.It. si =    1.4337953  E/A =   -7.1227 R =    5.9858  mix = 0.50
  3.It. si =    0.7815770  E/A =   -7.1229 R =    5.9871  mix = 0.50
  4.It. si =    0.3645078  E/A =   -7.1230 R =    5.9888  mix = 0.50
  5.It. si =    0.3964413  E/A =   -7.1232 R =    5.9902  mix = 0.50
  6.It. si =    0.1449722  E/A =   -7.1234 R =    5.9928  mix = 0.50
  7.It. si =    0.0222905  E/A =   -7.1234 R =    5.9917  mix = 0.50
  8.It. si =    0.0324884  E/A =   -7.1234 R =    5.9919  mix = 0.50
  9.It. si =    0.0283024  E/A =   -7.1234 R =    5.9920  mix = 0.50
 10.It. si =    0.0132730  E/A =   -7.1234 R =    5.9919  mix = 0.50
 11.It. si =    0.0081725  E/A =   -7.1234 R =    5.9918  mix = 0.50
 12.It. si =    0.0035705  E/A =   -7.1234 R =    5.9918  mix = 0.50
 13.It. si =    0.0037032  E/A =   -7.1234 R =    5.9918  mix = 0.50
 14.It. si =    0.0039262  E/A =   -7.1234 R =    5.9918  mix = 0.50
 15.It. si =    0.0029261  E/A =   -7.1234 R =    5.9919  mix = 0.50
 16.It. si =    0.0018395  E/A =   -7.1234 R =    5.9919  mix = 0.50
 17.It. si =    0.0005985  E/A =   -7.1234 R =    5.9919  mix = 0.50
 18.It. si =    0.0000224  E/A =   -7.1234 R =    5.9919  mix = 0.50
 19.It. si =    0.0000034  E/A =   -7.1234 R =    5.9919  mix = 0.50
 20.It. si =    0.0000067  E/A =   -7.1234 R =    5.9919  mix = 0.50
 21.It. si =    0.0000027  E/A =   -7.1234 R =    5.9919  mix = 0.50
 ********************************************************************
 Hg 240: Iteration converged after  21 steps   si =      0.0000004504
 ********************************************************************
  ****** END ITER ***********************************
  ****** BEGIN CANON ********************************
 single-particle energies and gaps  in the canonical basis: Neutron:
 ------------------------------------------------------------------
    j pi     (nr,l,j)  smax       Ecan       vvcan       decan
 j = 1/2+  (   s 1/2)  0.94    -59.2220      0.9997     -1.9622
 j = 1/2+  (   s 1/2)  0.93    -40.2511      0.9995     -1.6957
 j = 1/2+  (   s 1/2)  0.97    -19.7908      0.9973     -1.8721
 j = 1/2+  (   s 1/2)  0.91     -1.1540      0.2117     -1.1667
 j = 1/2+  (   s 1/2)  0.79      8.4908      0.0011     -0.7096
 j = 1/2+  (   s 1/2)  0.73     20.1056      0.0002     -0.6127
 j = 1/2+  (   s 1/2)  0.81     35.1553      0.0000     -0.4475
 j = 1/2+  (   s 1/2)  0.94     46.3531      0.0000     -0.0762
 j = 1/2+  (   s 1/2)  0.92     49.7178      0.0000     -0.2975
 j = 1/2+  (   s 1/2)  0.93     66.0551      0.0000     -0.1997
 j = 1/2-  (   p 1/2)  0.99    -52.6827      0.9997     -1.8034
 j = 1/2-  (   p 1/2)  0.98    -31.9853      0.9992     -1.7041
 j = 1/2-  (   p 1/2)  0.97     -9.6010      0.9873     -1.7502
 j = 1/2-  (   p 1/2)  0.92      4.8274      0.0038     -0.8422
 j = 1/2-  (   p 1/2)  0.83     14.7864      0.0003     -0.6126
 j = 1/2-  (   p 1/2)  0.81     27.9345      0.0001     -0.4551
 j = 1/2-  (   p 1/2)  0.88     41.7255      0.0000     -0.3178
 j = 1/2-  (   p 1/2)  0.96     49.4831      0.0000     -0.1052
 j = 1/2-  (   p 1/2)  0.94     56.8889      0.0000     -0.2154
 j = 3/2+  (   d 3/2)  0.99    -44.5636      0.9996     -1.6650
 j = 3/2+  (   d 3/2)  0.98    -21.8614      0.9980     -1.7970
 j = 3/2+  (   d 3/2)  0.95     -1.4362      0.3107     -1.3237
 j = 3/2+  (   d 3/2)  0.86      9.1386      0.0010     -0.7010
 j = 3/2+  (   d 3/2)  0.77     20.2614      0.0002     -0.5792
 j = 3/2+  (   d 3/2)  0.80     34.3607      0.0000     -0.3924
 j = 3/2+  (   d 3/2)  0.89     47.4512      0.0000     -0.2566
 j = 3/2+  (   d 3/2)  0.94     49.8127      0.0000     -0.0751
 j = 3/2+  (   d 3/2)  0.93     63.7294      0.0000     -0.1705
 j = 3/2-  (   p 3/2)  0.98    -52.9057      0.9997     -1.8142
 j = 3/2-  (   p 3/2)  0.97    -32.3927      0.9992     -1.7266
 j = 3/2-  (   p 3/2)  0.97     -9.9119      0.9884     -1.7415
 j = 3/2-  (   p 3/2)  0.91      4.7442      0.0038     -0.8377
 j = 3/2-  (   p 3/2)  0.81     14.6905      0.0003     -0.6022
 j = 3/2-  (   p 3/2)  0.80     27.9101      0.0001     -0.4519
 j = 3/2-  (   p 3/2)  0.88     41.7487      0.0000     -0.3162
 j = 3/2-  (   p 3/2)  0.96     49.7944      0.0000     -0.1057
 j = 3/2-  (   p 3/2)  0.94     57.0585      0.0000     -0.2148
 j = 5/2+  (   d 5/2)  0.99    -45.4033      0.9996     -1.6858
 j = 5/2+  (   d 5/2)  0.98    -23.2413      0.9982     -1.8133
 j = 5/2+  (   d 5/2)  0.95     -2.0260      0.5183     -1.3157
 j = 5/2+  (   d 5/2)  0.85      8.9004      0.0010     -0.6941
 j = 5/2+  (   d 5/2)  0.77     19.9196      0.0002     -0.5714
 j = 5/2+  (   d 5/2)  0.79     34.1945      0.0000     -0.3908
 j = 5/2+  (   d 5/2)  0.89     47.3260      0.0000     -0.2547
 j = 5/2+  (   d 5/2)  0.94     50.3608      0.0000     -0.0756
 j = 5/2+  (   d 5/2)  0.93     63.8286      0.0000     -0.1695
 j = 5/2-  (   f 5/2)  0.98    -35.8009      0.9994     -1.5949
 j = 5/2-  (   f 5/2)  0.98    -11.0166      0.9912     -1.7236
 j = 5/2-  (   f 5/2)  0.96      5.4108      0.0047     -1.0225
 j = 5/2-  (   f 5/2)  0.92     15.9669      0.0003     -0.6525
 j = 5/2-  (   f 5/2)  0.90     28.7720      0.0001     -0.4736
 j = 5/2-  (   f 5/2)  0.93     41.2044      0.0000     -0.3105
 j = 5/2-  (   f 5/2)  0.95     48.4476      0.0000     -0.0973
 j = 5/2-  (   f 5/2)  0.95     55.0281      0.0000     -0.2003
 j = 7/2+  (   g 7/2)  0.98    -26.0569      0.9989     -1.6005
 j = 7/2+  (   g 7/2)  0.98     -1.6856      0.4040     -1.4928
 j = 7/2+  (   g 7/2)  0.95     11.4112      0.0008     -0.7589
 j = 7/2+  (   g 7/2)  0.91     22.0331      0.0002     -0.5860
 j = 7/2+  (   g 7/2)  0.92     36.1245      0.0000     -0.3996
 j = 7/2+  (   g 7/2)  0.92     42.0125      0.0000     -0.0625
 j = 7/2+  (   g 7/2)  0.96     48.6455      0.0000     -0.2617
 j = 7/2+  (   g 7/2)  0.91     64.4222      0.0000     -0.1767
 j = 7/2-  (   f 7/2)  0.98    -37.6212      0.9995     -1.6267
 j = 7/2-  (   f 7/2)  0.98    -13.1298      0.9941     -1.7272
 j = 7/2-  (   f 7/2)  0.96      4.5222      0.0061     -1.0229
 j = 7/2-  (   f 7/2)  0.91     15.3020      0.0003     -0.6354
 j = 7/2-  (   f 7/2)  0.90     28.2076      0.0001     -0.4718
 j = 7/2-  (   f 7/2)  0.93     40.8531      0.0000     -0.3093
 j = 7/2-  (   f 7/2)  0.95     48.7666      0.0000     -0.0980
 j = 7/2-  (   f 7/2)  0.95     54.9684      0.0000     -0.1996
 j = 9/2+  (   g 9/2)  0.98    -29.2751      0.9991     -1.6408
 j = 9/2+  (   g 9/2)  0.98     -3.8812      0.8931     -1.4966
 j = 9/2+  (   g 9/2)  0.95     10.6127      0.0009     -0.7722
 j = 9/2+  (   g 9/2)  0.93     21.1314      0.0001     -0.5615
 j = 9/2+  (   g 9/2)  0.93     35.3411      0.0000     -0.3932
 j = 9/2+  (   g 9/2)  0.91     41.4509      0.0000     -0.0615
 j = 9/2+  (   g 9/2)  0.95     48.1346      0.0000     -0.2577
 j = 9/2+  (   g 9/2)  0.91     63.9548      0.0000     -0.1748
 j = 9/2-  (   h 9/2)  0.98    -15.4229      0.9968     -1.5401
 j = 9/2-  (   h 9/2)  0.97      5.9900      0.0064     -1.2917
 j = 9/2-  (   h 9/2)  0.95     17.7844      0.0003     -0.6619
 j = 9/2-  (   h 9/2)  0.94     30.0774      0.0001     -0.4602
 j = 9/2-  (   h 9/2)  0.92     40.2913      0.0000     -0.0827
 j = 9/2-  (   h 9/2)  0.95     42.7967      0.0000     -0.3043
 j = 9/2-  (   h 9/2)  0.92     58.6808      0.0000     -0.2150
 j =11/2+  (   i11/2)  0.98     -4.7751      0.9419     -1.4811
 j =11/2+  (   i11/2)  0.97     13.1907      0.0012     -1.0389
 j =11/2+  (   i11/2)  0.97     24.5806      0.0001     -0.5954
 j =11/2+  (   i11/2)  0.87     36.4062      0.0000     -0.0519
 j =11/2+  (   i11/2)  0.95     37.0013      0.0000     -0.3760
 j =11/2+  (   i11/2)  0.94     49.0224      0.0000     -0.2379
 j =11/2+  (   i11/2)  0.85     65.3480      0.0000     -0.1688
 j =11/2-  (   h11/2)  0.98    -20.0613      0.9981     -1.5997
 j =11/2-  (   h11/2)  0.98      3.7553      0.0119     -1.2720
 j =11/2-  (   h11/2)  0.95     16.4512      0.0003     -0.6492
 j =11/2-  (   h11/2)  0.94     28.5902      0.0001     -0.4582
 j =11/2-  (   h11/2)  0.92     39.8233      0.0000     -0.0825
 j =11/2-  (   h11/2)  0.95     41.6470      0.0000     -0.3013
 j =11/2-  (   h11/2)  0.92     57.9727      0.0000     -0.2147
 j =13/2+  (   i13/2)  0.98    -10.6984      0.9926     -1.5196
 j =13/2+  (   i13/2)  0.97     10.8328      0.0017     -1.0507
 j =13/2+  (   i13/2)  0.97     23.0246      0.0001     -0.5746
 j =13/2+  (   i13/2)  0.95     35.4104      0.0000     -0.3731
 j =13/2+  (   i13/2)  0.87     35.8710      0.0000     -0.0516
 j =13/2+  (   i13/2)  0.94     47.7039      0.0000     -0.2354
 j =13/2+  (   i13/2)  0.85     64.1317      0.0000     -0.1676
 j =13/2-  (   j13/2)  0.98      5.4552      0.0092     -1.4438
 j =13/2-  (   j13/2)  0.98     19.7569      0.0003     -0.7824
 j =13/2-  (   j13/2)  0.96     32.0246      0.0001     -0.5119
 j =13/2-  (   j13/2)  0.90     38.8904      0.0000     -0.0738
 j =13/2-  (   j13/2)  0.95     42.4316      0.0000     -0.2971
 j =13/2-  (   j13/2)  0.89     57.0904      0.0000     -0.1963
 j =15/2+  (   k15/2)  0.98     14.6518      0.0015     -1.3107
 j =15/2+  (   k15/2)  0.97     26.9190      0.0001     -0.6486
 j =15/2+  (   k15/2)  0.84     34.7704      0.0000     -0.0463
 j =15/2+  (   k15/2)  0.94     39.3877      0.0000     -0.4191
 j =15/2+  (   k15/2)  0.89     50.2534      0.0000     -0.2500
 j =15/2+  (   k15/2)  0.79     61.8652      0.0000     -0.1584
 j =15/2-  (   j15/2)  0.98     -1.4937      0.3394     -1.4263
 j =15/2-  (   j15/2)  0.97     17.5221      0.0005     -0.8344
 j =15/2-  (   j15/2)  0.96     29.5567      0.0001     -0.5049
 j =15/2-  (   j15/2)  0.90     37.9074      0.0000     -0.0729
 j =15/2-  (   j15/2)  0.94     41.0163      0.0000     -0.2944
 j =15/2-  (   j15/2)  0.89     55.5497      0.0000     -0.1954
 j =17/2+  (   k17/2)  0.98      7.4726      0.0048     -1.3199
 j =17/2+  (   k17/2)  0.96     23.8667      0.0002     -0.6686
 j =17/2+  (   k17/2)  0.84     34.0359      0.0000     -0.0458
 j =17/2+  (   k17/2)  0.93     36.5233      0.0000     -0.4159
 j =17/2+  (   k17/2)  0.89     48.6016      0.0000     -0.2478
 j =17/2+  (   k17/2)  0.78     60.0958      0.0000     -0.1573
 j =17/2-  (   l17/2)  0.98     22.9057      0.0005     -1.1457
 j =17/2-  (   l17/2)  0.85     34.3974      0.0000     -0.0648
 j =17/2-  (   l17/2)  0.95     34.4160      0.0001     -0.5566
 j =17/2-  (   l17/2)  0.91     45.9199      0.0000     -0.3314
 j =17/2-  (   l17/2)  0.80     57.2157      0.0000     -0.2091
 j =19/2+  (   m19/2)  0.96     30.7984      0.0002     -0.9867
 j =19/2+  (   m19/2)  0.79     33.0620      0.0000     -0.0435
 j =19/2+  (   m19/2)  0.92     41.7512      0.0000     -0.4754
 j =19/2+  (   m19/2)  0.84     53.7085      0.0000     -0.2754
 j =19/2+  (   m19/2)  0.69     60.4070      0.0000     -0.1626
 j =19/2-  (   l19/2)  0.97     15.9429      0.0011     -1.1672
 j =19/2-  (   l19/2)  0.94     30.5181      0.0001     -0.5607
 j =19/2-  (   l19/2)  0.85     33.4934      0.0000     -0.0640
 j =19/2-  (   l19/2)  0.89     42.9932      0.0000     -0.3299
 j =19/2-  (   l19/2)  0.79     54.5730      0.0000     -0.2061
 j =21/2+  (   m21/2)  0.96     24.1157      0.0004     -1.0099
 j =21/2+  (   m21/2)  0.79     32.3786      0.0000     -0.0431
 j =21/2+  (   m21/2)  0.89     37.3350      0.0000     -0.4743
 j =21/2+  (   m21/2)  0.81     50.2041      0.0000     -0.2747
 j =21/2+  (   m21/2)  0.67     57.1690      0.0000     -0.1593
 j =21/2-  (   n21/2)  0.82     35.0098      0.0000     -0.0644
 j =21/2-  (   n21/2)  0.94     38.3416      0.0001     -0.8355
 j =21/2-  (   n21/2)  0.86     48.7367      0.0000     -0.3949
 j =21/2-  (   n21/2)  0.74     57.3718      0.0000     -0.2193
 j =23/2+  (   o23/2)  0.77     35.1284      0.0000     -0.0451
 j =23/2+  (   o23/2)  0.91     45.9071      0.0001     -0.7004
 j =23/2+  (   o23/2)  0.78     56.7866      0.0000     -0.3383
 j =23/2+  (   o23/2)  0.63     59.5176      0.0000     -0.1693
 j =23/2-  (   n23/2)  0.93     32.0136      0.0002     -0.8549
 j =23/2-  (   n23/2)  0.81     33.6789      0.0000     -0.0631
 j =23/2-  (   n23/2)  0.83     44.1716      0.0000     -0.3962
 j =23/2-  (   n23/2)  0.71     52.5883      0.0000     -0.2143
 j =25/2+  (   o25/2)  0.76     34.1631      0.0000     -0.0444
 j =25/2+  (   o25/2)  0.90     39.8727      0.0001     -0.7176
 j =25/2+  (   o25/2)  0.73     51.5481      0.0000     -0.3382
 j =25/2+  (   o25/2)  0.59     54.9354      0.0000     -0.1648
 j =25/2-  (   P25/2)  0.79     37.8954      0.0000     -0.0706
 j =25/2-  (   P25/2)  0.87     53.7169      0.0000     -0.5830
 j =25/2-  (   P25/2)  0.68     58.3199      0.0000     -0.2614
 j =27/2+  (   q27/2)  0.75     39.1433      0.0000     -0.0513
 j =27/2+  (   q27/2)  0.60     61.0514      0.0000     -0.2017
 j =27/2+  (   q27/2)  0.82     61.4201      0.0000     -0.4833
 j =27/2-  (   P27/2)  0.78     36.6922      0.0000     -0.0695
 j =27/2-  (   P27/2)  0.85     47.7513      0.0000     -0.5983
 j =27/2-  (   P27/2)  0.64     53.3262      0.0000     -0.2558
 j =29/2+  (   q29/2)  0.74     38.3401      0.0000     -0.0509
 j =29/2+  (   q29/2)  0.80     55.6368      0.0000     -0.4940
 j =29/2+  (   q29/2)  0.61     56.8707      0.0000     -0.1976
 j =29/2-  (   r29/2)  0.81     44.8999      0.0000     -0.0899
 j =29/2-  (   r29/2)  0.81     63.6156      0.0000     -0.3599
 j =31/2+  (   S31/2)  0.79     47.1946      0.0000     -0.0663
 j =31/2+  (   S31/2)  0.78     68.3894      0.0000     -0.2774
 j =31/2-  (   r31/2)  0.80     43.8933      0.0000     -0.0891
 j =31/2-  (   r31/2)  0.80     59.4320      0.0000     -0.3630
 j =33/2+  (   S33/2)  0.78     46.4828      0.0000     -0.0659
 j =33/2+  (   S33/2)  0.77     64.9854      0.0000     -0.2792
 j =33/2-  (   t33/2)  0.98     58.1924      0.0000     -0.1375
 j =35/2+  (   u35/2)  0.98     61.7454      0.0000     -0.1015
 j =35/2-  (   t35/2)  0.98     57.1555      0.0000     -0.1377
 j =37/2+  (   u37/2)  0.98     60.9740      0.0000     -0.1016
 single-particle energies and gaps  in the canonical basis: Proton: 
 ------------------------------------------------------------------
    j pi     (nr,l,j)  smax       Ecan       vvcan       decan
 j = 1/2+  (   s 1/2)  0.78    -52.5548      0.9998      1.0192
 j = 1/2+  (   s 1/2)  0.71    -36.6576      0.9992      1.2072
 j = 1/2+  (   s 1/2)  0.91    -14.7850      0.2668      0.9586
 j = 1/2+  (   s 1/2)  0.89     11.1987      0.0002      0.8143
 j = 1/2+  (   s 1/2)  0.57     12.9313      0.0000      0.0019
 j = 1/2+  (   s 1/2)  0.52     26.0818      0.0000      0.0075
 j = 1/2+  (   s 1/2)  0.64     35.9077      0.0000      0.3619
 j = 1/2+  (   s 1/2)  0.49     46.3328      0.0000      0.0174
 j = 1/2+  (   s 1/2)  0.56     56.7088      0.0000      0.1993
 j = 1/2+  (   s 1/2)  0.75     81.4868      0.0000      0.0800
 j = 1/2-  (   p 1/2)  0.94    -47.7147      0.9998      0.9319
 j = 1/2-  (   p 1/2)  0.91    -26.6315      0.9987      0.8332
 j = 1/2-  (   p 1/2)  0.95     -3.9171      0.0007      0.5881
 j = 1/2-  (   p 1/2)  0.59     13.3093      0.0000      0.0031
 j = 1/2-  (   p 1/2)  0.79     22.5524      0.0000      0.4400
 j = 1/2-  (   p 1/2)  0.52     26.4812      0.0000      0.0118
 j = 1/2-  (   p 1/2)  0.59     46.2331      0.0000      0.0328
 j = 1/2-  (   p 1/2)  0.66     46.8993      0.0000      0.2504
 j = 1/2-  (   p 1/2)  0.72     80.7196      0.0000      0.1159
 j = 3/2+  (   d 3/2)  0.97    -40.2740      0.9997      0.8468
 j = 3/2+  (   d 3/2)  0.95    -16.6818      0.9464      0.7022
 j = 3/2+  (   d 3/2)  0.92      6.2843      0.0001      0.3891
 j = 3/2+  (   d 3/2)  0.57     13.6534      0.0000      0.0017
 j = 3/2+  (   d 3/2)  0.52     26.9260      0.0000      0.0065
 j = 3/2+  (   d 3/2)  0.72     32.2753      0.0000      0.2749
 j = 3/2+  (   d 3/2)  0.51     47.1644      0.0000      0.0164
 j = 3/2+  (   d 3/2)  0.63     60.3428      0.0000      0.1805
 j = 3/2+  (   d 3/2)  0.74     84.0538      0.0000      0.0778
 j = 3/2-  (   p 3/2)  0.93    -48.1531      0.9998      0.9334
 j = 3/2-  (   p 3/2)  0.89    -27.0872      0.9988      0.8323
 j = 3/2-  (   p 3/2)  0.94     -4.0473      0.0007      0.5788
 j = 3/2-  (   p 3/2)  0.59     13.2911      0.0000      0.0031
 j = 3/2-  (   p 3/2)  0.80     22.8814      0.0000      0.4470
 j = 3/2-  (   p 3/2)  0.52     26.4681      0.0000      0.0119
 j = 3/2-  (   p 3/2)  0.59     46.0400      0.0000      0.0328
 j = 3/2-  (   p 3/2)  0.66     47.2879      0.0000      0.2519
 j = 3/2-  (   p 3/2)  0.72     80.6302      0.0000      0.1158
 j = 5/2+  (   d 5/2)  0.96    -41.5334      0.9997      0.8555
 j = 5/2+  (   d 5/2)  0.94    -17.9671      0.9839      0.6973
 j = 5/2+  (   d 5/2)  0.92      5.5707      0.0001      0.3883
 j = 5/2+  (   d 5/2)  0.57     13.6262      0.0000      0.0017
 j = 5/2+  (   d 5/2)  0.52     26.8858      0.0000      0.0065
 j = 5/2+  (   d 5/2)  0.73     32.4971      0.0000      0.2752
 j = 5/2+  (   d 5/2)  0.51     46.9279      0.0000      0.0164
 j = 5/2+  (   d 5/2)  0.63     60.8978      0.0000      0.1804
 j = 5/2+  (   d 5/2)  0.74     83.8092      0.0000      0.0779
 j = 5/2-  (   f 5/2)  0.98    -31.5961      0.9994      0.7776
 j = 5/2-  (   f 5/2)  0.96     -6.6994      0.0011      0.5818
 j = 5/2-  (   f 5/2)  0.60     14.7474      0.0000      0.0026
 j = 5/2-  (   f 5/2)  0.86     17.3352      0.0000      0.3168
 j = 5/2-  (   f 5/2)  0.53     28.6174      0.0000      0.0093
 j = 5/2-  (   f 5/2)  0.66     42.5656      0.0000      0.1906
 j = 5/2-  (   f 5/2)  0.64     48.6681      0.0000      0.0328
 j = 5/2-  (   f 5/2)  0.66     84.8209      0.0000      0.1054
 j = 7/2+  (   g 7/2)  0.98    -22.0830      0.9973      0.7110
 j = 7/2+  (   g 7/2)  0.93      3.6651      0.0001      0.4620
 j = 7/2+  (   g 7/2)  0.57     15.3802      0.0000      0.0014
 j = 7/2+  (   g 7/2)  0.74     29.0299      0.0000      0.2667
 j = 7/2+  (   g 7/2)  0.50     29.1274      0.0000      0.0050
 j = 7/2+  (   g 7/2)  0.56     48.9860      0.0000      0.0156
 j = 7/2+  (   g 7/2)  0.67     54.2139      0.0000      0.1472
 j = 7/2+  (   g 7/2)  0.70     89.0373      0.0000      0.0710
 j = 7/2-  (   f 7/2)  0.97    -33.9582      0.9995      0.7930
 j = 7/2-  (   f 7/2)  0.95     -8.6754      0.0018      0.5678
 j = 7/2-  (   f 7/2)  0.60     14.7252      0.0000      0.0027
 j = 7/2-  (   f 7/2)  0.87     15.9841      0.0000      0.3206
 j = 7/2-  (   f 7/2)  0.53     28.6616      0.0000      0.0094
 j = 7/2-  (   f 7/2)  0.66     42.0028      0.0000      0.1901
 j = 7/2-  (   f 7/2)  0.64     48.3171      0.0000      0.0329
 j = 7/2-  (   f 7/2)  0.66     85.2169      0.0000      0.1059
 j = 9/2+  (   g 9/2)  0.98    -25.7463      0.9988      0.7279
 j = 9/2+  (   g 9/2)  0.94      1.1751      0.0002      0.4487
 j = 9/2+  (   g 9/2)  0.57     15.3497      0.0000      0.0014
 j = 9/2+  (   g 9/2)  0.76     27.2509      0.0000      0.2707
 j = 9/2+  (   g 9/2)  0.50     29.1206      0.0000      0.0051
 j = 9/2+  (   g 9/2)  0.56     48.6377      0.0000      0.0158
 j = 9/2+  (   g 9/2)  0.67     53.1843      0.0000      0.1461
 j = 9/2+  (   g 9/2)  0.70     88.8084      0.0000      0.0713
 j = 9/2-  (   h 9/2)  0.98    -12.1010      0.0099      0.6447
 j = 9/2-  (   h 9/2)  0.88     14.1892      0.0000      0.3514
 j = 9/2-  (   h 9/2)  0.60     17.0896      0.0000      0.0029
 j = 9/2-  (   h 9/2)  0.52     30.4464      0.0000      0.0111
 j = 9/2-  (   h 9/2)  0.65     40.2211      0.0000      0.2187
 j = 9/2-  (   h 9/2)  0.65     49.6321      0.0000      0.0380
 j = 9/2-  (   h 9/2)  0.66     84.2624      0.0000      0.1011
 j =11/2+  (   i11/2)  0.96     -1.7842      0.0005      0.5751
 j =11/2+  (   i11/2)  0.57     18.1906      0.0000      0.0015
 j =11/2+  (   i11/2)  0.81     24.6316      0.0000      0.2689
 j =11/2+  (   i11/2)  0.53     31.3145      0.0000      0.0064
 j =11/2+  (   i11/2)  0.58     50.4636      0.0000      0.0192
 j =11/2+  (   i11/2)  0.67     53.8402      0.0000      0.1749
 j =11/2+  (   i11/2)  0.71     87.4898      0.0000      0.0774
 j =11/2-  (   h11/2)  0.98    -17.1606      0.9719      0.6553
 j =11/2-  (   h11/2)  0.89     11.2751      0.0000      0.3446
 j =11/2-  (   h11/2)  0.60     17.0265      0.0000      0.0031
 j =11/2-  (   h11/2)  0.52     30.3444      0.0000      0.0117
 j =11/2-  (   h11/2)  0.65     38.0650      0.0000      0.2217
 j =11/2-  (   h11/2)  0.65     48.7863      0.0000      0.0385
 j =11/2-  (   h11/2)  0.67     83.2026      0.0000      0.1009
 j =13/2+  (   i13/2)  0.97     -8.2881      0.0017      0.5815
 j =13/2+  (   i13/2)  0.57     18.1501      0.0000      0.0016
 j =13/2+  (   i13/2)  0.83     21.1875      0.0000      0.2668
 j =13/2+  (   i13/2)  0.53     31.2846      0.0000      0.0069
 j =13/2+  (   i13/2)  0.59     49.8863      0.0000      0.0199
 j =13/2+  (   i13/2)  0.67     51.3598      0.0000      0.1769
 j =13/2+  (   i13/2)  0.71     85.8228      0.0000      0.0780
 j =13/2-  (   j13/2)  0.93      8.6375      0.0001      0.4970
 j =13/2-  (   j13/2)  0.59     20.7230      0.0000      0.0030
 j =13/2-  (   j13/2)  0.51     33.5026      0.0000      0.0141
 j =13/2-  (   j13/2)  0.71     35.2076      0.0000      0.2118
 j =13/2-  (   j13/2)  0.69     51.6601      0.0000      0.0465
 j =13/2-  (   j13/2)  0.66     82.2625      0.0000      0.1114
 j =15/2+  (   k15/2)  0.89     19.3258      0.0000      0.4226
 j =15/2+  (   k15/2)  0.56     22.2645      0.0000      0.0015
 j =15/2+  (   k15/2)  0.52     35.4764      0.0000      0.0074
 j =15/2+  (   k15/2)  0.65     46.1054      0.0000      0.1689
 j =15/2+  (   k15/2)  0.65     53.9451      0.0000      0.0247
 j =15/2+  (   k15/2)  0.68     87.4011      0.0000      0.0844
 j =15/2-  (   j15/2)  0.94      0.9413      0.0002      0.5028
 j =15/2-  (   j15/2)  0.60     20.6195      0.0000      0.0033
 j =15/2-  (   j15/2)  0.73     31.0601      0.0000      0.2121
 j =15/2-  (   j15/2)  0.51     33.2797      0.0000      0.0154
 j =15/2-  (   j15/2)  0.70     50.3363      0.0000      0.0470
 j =15/2-  (   j15/2)  0.67     80.0494      0.0000      0.1116
 j =17/2+  (   k17/2)  0.90     10.5422      0.0001      0.4283
 j =17/2+  (   k17/2)  0.56     22.1829      0.0000      0.0016
 j =17/2+  (   k17/2)  0.52     35.3089      0.0000      0.0080
 j =17/2+  (   k17/2)  0.65     41.3148      0.0000      0.1697
 j =17/2+  (   k17/2)  0.66     52.8364      0.0000      0.0253
 j =17/2+  (   k17/2)  0.68     84.9787      0.0000      0.0845
 j =17/2-  (   l17/2)  0.56     25.6543      0.0000      0.0040
 j =17/2-  (   l17/2)  0.82     29.9413      0.0000      0.3513
 j =17/2-  (   l17/2)  0.63     37.4389      0.0000      0.0252
 j =17/2-  (   l17/2)  0.73     53.0725      0.0000      0.0641
 j =17/2-  (   l17/2)  0.68     79.0780      0.0000      0.0934
 j =19/2+  (   m19/2)  0.55     27.6193      0.0000      0.0018
 j =19/2+  (   m19/2)  0.61     40.4770      0.0000      0.0132
 j =19/2+  (   m19/2)  0.75     40.9109      0.0000      0.2869
 j =19/2+  (   m19/2)  0.71     56.5979      0.0000      0.0403
 j =19/2+  (   m19/2)  0.68     85.0086      0.0000      0.0828
 j =19/2-  (   l19/2)  0.83     20.3040      0.0000      0.3560
 j =19/2-  (   l19/2)  0.65     26.1385      0.0000      0.0016
 j =19/2-  (   l19/2)  0.61     41.0230      0.0000      0.0064
 j =19/2-  (   l19/2)  0.66     53.5710      0.0000      0.1371
 j =19/2-  (   l19/2)  0.81     66.5090      0.0000      0.0425
 j =21/2+  (   m21/2)  0.54     27.4789      0.0000      0.0022
 j =21/2+  (   m21/2)  0.76     30.5437      0.0000      0.2908
 j =21/2+  (   m21/2)  0.60     39.6902      0.0000      0.0173
 j =21/2+  (   m21/2)  0.71     54.0958      0.0000      0.0417
 j =21/2+  (   m21/2)  0.70     80.2708      0.0000      0.0788
 j =21/2-  (   n21/2)  0.64     32.5822      0.0000      0.0019
 j =21/2-  (   n21/2)  0.59     47.4624      0.0000      0.0117
 j =21/2-  (   n21/2)  0.66     52.8422      0.0000      0.2322
 j =21/2-  (   n21/2)  0.79     71.0902      0.0000      0.0608
 j =23/2+  (   o23/2)  0.62     34.6683      0.0000      0.0013
 j =23/2+  (   o23/2)  0.63     50.6654      0.0000      0.0060
 j =23/2+  (   o23/2)  0.61     64.1498      0.0000      0.1857
 j =23/2+  (   o23/2)  0.77     73.0525      0.0000      0.0406
 j =23/2-  (   n23/2)  0.65     32.4102      0.0000      0.0024
 j =23/2-  (   n23/2)  0.67     41.6542      0.0000      0.2357
 j =23/2-  (   n23/2)  0.59     46.4226      0.0000      0.0138
 j =23/2-  (   n23/2)  0.81     66.4326      0.0000      0.0591
 j =25/2+  (   o25/2)  0.62     34.5238      0.0000      0.0015
 j =25/2+  (   o25/2)  0.64     49.9542      0.0000      0.0069
 j =25/2+  (   o25/2)  0.61     52.1794      0.0000      0.1886
 j =25/2+  (   o25/2)  0.79     68.9829      0.0000      0.0399
 j =25/2-  (   P25/2)  0.66     40.9292      0.0000      0.0027
 j =25/2-  (   P25/2)  0.78     55.2595      0.0000      0.0345
 j =25/2-  (   P25/2)  0.75     73.2399      0.0000      0.1058
 j =27/2+  (   q27/2)  0.67     43.4157      0.0000      0.0016
 j =27/2+  (   q27/2)  0.80     60.2621      0.0000      0.0162
 j =27/2+  (   q27/2)  0.73     78.4215      0.0000      0.0810
 j =27/2-  (   P27/2)  0.64     40.5603      0.0000      0.0060
 j =27/2-  (   P27/2)  0.74     51.5896      0.0000      0.0576
 j =27/2-  (   P27/2)  0.82     65.1164      0.0000      0.0811
 j =29/2+  (   q29/2)  0.64     43.1662      0.0000      0.0027
 j =29/2+  (   q29/2)  0.79     57.9235      0.0000      0.0275
 j =29/2+  (   q29/2)  0.79     70.2926      0.0000      0.0695
 j =29/2-  (   r29/2)  0.78     52.0659      0.0000      0.0013
 j =29/2-  (   r29/2)  0.77     71.5009      0.0000      0.0376
 j =31/2+  (   S31/2)  0.77     54.8855      0.0000      0.0009
 j =31/2+  (   S31/2)  0.76     76.7028      0.0000      0.0227
 j =31/2-  (   r31/2)  0.77     51.7701      0.0000      0.0013
 j =31/2-  (   r31/2)  0.76     66.6865      0.0000      0.0377
 j =33/2+  (   S33/2)  0.76     54.6446      0.0000      0.0009
 j =33/2+  (   S33/2)  0.75     72.9053      0.0000      0.0227
 j =33/2-  (   t33/2)  0.98     67.3937      0.0000      0.0043
 j =35/2+  (   u35/2)  0.98     70.9410      0.0000      0.0024
 j =35/2-  (   t35/2)  0.98     66.3812      0.0000      0.0043
 j =37/2+  (   u37/2)  0.98     70.1946      0.0000      0.0024
  ****** END CANON **********************************
  ****** BEGIN RESU *********************************
   ****** BEGIN EXPECT *******

                            neutron        proton         total
 particle number           160.000000      80.000000     240.000000
 trace scalar density      152.618051      77.151287     229.769338
 lambda                     -1.977646     -15.290406
 spk                       -23.206411       5.418442
 rms-Radius                  6.135236       5.694269       5.991854
 charge-Radius                              5.750192
 Particle Energ          -3316.703737   -2310.933348   -5627.637085
 Selfconsistency Test.                                    -0.000004

 Kinetic Energy           2265.914324     848.712076    3114.626400
 E-scsc                                               -35556.629840
 E-scve                                                29734.580294
 E-vesc                                                    0.000000
 E-veve                                                  276.135096
 E-rearrang.                                             840.288327
 Coulomb direct                                          754.638545
 Pairing Energy            -29.504160      -3.468092     -32.972252
 Sum without E-cm                                      -1709.621756
DE-cm <P**2>/2M            -13.350652      -5.035509     -18.386160
NE-cm <P**2>/2M             10.414800       3.226123      13.640922
 E-cm <P**2>/2M             -2.935852      -1.809386      -4.745238
 Total Energy                                          -1714.366995
 E/A                                                      -7.143196

  ****** END EXPECT *********************************


 quasi-particle properties Neutron:
 ------------------------------------------------------------------
     p/h    l j     [nr,l,j]  smax       Eqp       uu       vv
   1  p   1s 1/2   ( 4s  1/2) 0.76     1.300     0.793     0.207
   2  p   2s 1/2   ( 6s  1/2) 0.49     6.429     0.994     0.006
   3  p   3s 1/2   ( 5s  1/2) 0.69    14.757     0.991     0.009
   4  h   4s 1/2   ( 3s  1/2) 0.94    16.630     0.012     0.988
   5  p   5s 1/2   ( 6s  1/2) 0.57    26.555     1.000     0.000
   6  h   6s 1/2   ( 2s  1/2) 0.87    39.238     0.001     0.999
   7  p   7s 1/2   ( 6s  1/2) 0.53    41.164     0.999     0.001
   8  h   8s 1/2   ( 1s  1/2) 0.91    57.659     0.000     1.000
   9  p   9s 1/2   ( 8s  1/2) 0.60    59.783     1.000     0.000
  10  p  10s 1/2   ( 9s  1/2) 0.64    89.890     1.000     0.000
  11  p   1p 1/2   ( 4p  1/2) 0.63     4.535     0.997     0.003
  12  h   2p 1/2   ( 3p  1/2) 0.97     7.300     0.017     0.983
  13  p   3p 1/2   ( 4p  1/2) 0.67    10.882     0.995     0.005
  14  p   4p 1/2   ( 5p  1/2) 0.70    21.665     0.999     0.001
  15  h   5p 1/2   ( 2p  1/2) 0.94    29.654     0.002     0.998
  16  p   6p 1/2   ( 6p  1/2) 0.63    35.718     1.000     0.000
  17  h   7p 1/2   ( 1p  1/2) 0.96    51.642     0.000     1.000
  18  p   8p 1/2   ( 7p  1/2) 0.66    53.412     1.000     0.000
  19  p   9p 1/2   ( 8p  1/2) 0.64    82.174     1.000     0.000
  20  p   1d 3/2   ( 3d  3/2) 0.76     1.349     0.692     0.308
  21  p   2d 3/2   ( 5d  3/2) 0.49     6.694     0.996     0.004
  22  p   3d 3/2   ( 4d  3/2) 0.72    14.763     0.999     0.001
  23  h   4d 3/2   ( 2d  3/2) 0.97    19.014     0.004     0.996
  24  p   5d 3/2   ( 5d  3/2) 0.61    26.307     1.000     0.000
  25  p   6d 3/2   ( 6d  3/2) 0.55    40.940     1.000     0.000
  26  h   7d 3/2   ( 1d  3/2) 0.98    43.588     0.001     0.999
  27  p   8d 3/2   ( 7d  3/2) 0.62    59.578     1.000     0.000
  28  p   9d 3/2   ( 8d  3/2) 0.64    89.118     1.000     0.000
  29  p   1p 3/2   ( 4p  3/2) 0.63     4.509     0.997     0.003
  30  h   2p 3/2   ( 3p  3/2) 0.96     7.574     0.016     0.984
  31  p   3p 3/2   ( 4p  3/2) 0.66    10.833     0.995     0.005
  32  p   4p 3/2   ( 5p  3/2) 0.69    21.657     0.999     0.001
  33  h   5p 3/2   ( 2p  3/2) 0.93    30.032     0.002     0.998
  34  p   6p 3/2   ( 6p  3/2) 0.61    35.701     1.000     0.000
  35  h   7p 3/2   ( 1p  3/2) 0.95    51.922     0.000     1.000
  36  p   8p 3/2   ( 7p  3/2) 0.64    53.291     1.000     0.000
  37  p   9p 3/2   ( 8p  3/2) 0.64    82.699     1.000     0.000
  38  h   1d 5/2   ( 3d  5/2) 0.68     1.262     0.485     0.515
  39  p   2d 5/2   ( 5d  5/2) 0.51     6.560     0.996     0.004
  40  p   3d 5/2   ( 4d  5/2) 0.71    14.574     0.999     0.001
  41  h   4d 5/2   ( 2d  5/2) 0.96    20.220     0.003     0.997
  42  p   5d 5/2   ( 5d  5/2) 0.60    26.170     1.000     0.000
  43  p   6d 5/2   ( 6d  5/2) 0.53    40.776     1.000     0.000
  44  h   7d 5/2   ( 1d  5/2) 0.97    44.598     0.001     0.999
  45  p   8d 5/2   ( 7d  5/2) 0.61    59.251     1.000     0.000
  46  p   9d 5/2   ( 8d  5/2) 0.64    89.794     1.000     0.000
  47  p   1f 5/2   ( 3f  5/2) 0.71     5.358     0.996     0.004
  48  h   2f 5/2   ( 2f  5/2) 0.97     8.735     0.025     0.975
  49  p   3f 5/2   ( 3f  5/2) 0.63    11.012     0.984     0.016
  50  p   4f 5/2   ( 4f  5/2) 0.73    21.495     0.999     0.001
  51  h   5f 5/2   ( 1f  5/2) 0.98    34.284     0.006     0.994
  52  p   6f 5/2   ( 5f  5/2) 0.66    35.419     0.994     0.006
  53  p   7f 5/2   ( 6f  5/2) 0.67    53.005     1.000     0.000
  54  p   8f 5/2   ( 7f  5/2) 0.64    81.330     1.000     0.000
  55  p   1g 7/2   ( 2g  7/2) 0.75     1.486     0.597     0.403
  56  p   2g 7/2   ( 3g  7/2) 0.49     7.857     0.999     0.001
  57  p   3g 7/2   ( 3g  7/2) 0.74    15.230     1.000     0.000
  58  h   4g 7/2   ( 1g  7/2) 0.98    24.142     0.003     0.997
  59  p   5g 7/2   ( 4g  7/2) 0.66    26.209     0.999     0.001
  60  p   6g 7/2   ( 5g  7/2) 0.59    40.675     1.000     0.000
  61  p   7g 7/2   ( 6g  7/2) 0.64    59.098     1.000     0.000
  62  p   8g 7/2   ( 7g  7/2) 0.64    88.177     1.000     0.000
  63  p   1f 7/2   ( 3f  7/2) 0.75     4.979     0.995     0.005
  64  p   2f 7/2   ( 3f  7/2) 0.48    10.250     0.705     0.295
  65  h   3f 7/2   ( 2f  7/2) 0.82    10.829     0.301     0.699
  66  p   4f 7/2   ( 4f  7/2) 0.73    21.024     0.999     0.001
  67  p   5f 7/2   ( 5f  7/2) 0.65    34.918     0.997     0.003
  68  h   6f 7/2   ( 1f  7/2) 0.98    36.310     0.004     0.996
  69  p   7f 7/2   ( 6f  7/2) 0.66    52.254     1.000     0.000
  70  p   8f 7/2   ( 7f  7/2) 0.64    81.762     1.000     0.000
  71  h   1g 9/2   ( 2g  9/2) 0.93     2.359     0.108     0.892
  72  p   2g 9/2   ( 3g  9/2) 0.53     7.575     0.999     0.001
  73  p   3g 9/2   ( 3g  9/2) 0.73    14.475     0.999     0.001
  74  p   4g 9/2   ( 4g  9/2) 0.68    25.396     0.998     0.002
  75  h   5g 9/2   ( 1g  9/2) 0.98    27.403     0.003     0.997
  76  p   6g 9/2   ( 5g  9/2) 0.59    39.776     1.000     0.000
  77  p   7g 9/2   ( 6g  9/2) 0.63    57.851     1.000     0.000
  78  p   8g 9/2   ( 7g  9/2) 0.64    88.120     1.000     0.000
  79  p   1h 9/2   ( 2h  9/2) 0.84     6.828     0.993     0.007
  80  p   2h 9/2   ( 2h  9/2) 0.47    11.604     0.980     0.020
  81  h   3h 9/2   ( 1h  9/2) 0.97    13.575     0.023     0.977
  82  p   4h 9/2   ( 3h  9/2) 0.76    21.746     0.999     0.001
  83  p   5h 9/2   ( 4h  9/2) 0.69    35.287     1.000     0.000
  84  p   6h 9/2   ( 5h  9/2) 0.69    52.586     1.000     0.000
  85  p   7h 9/2   ( 6h  9/2) 0.64    80.279     1.000     0.000
  86  h   1i11/2   ( 1i 11/2) 0.95     3.157     0.059     0.941
  87  p   2i11/2   ( 2i 11/2) 0.57    10.154     1.000     0.000
  88  p   3i11/2   ( 2i 11/2) 0.75    15.942     0.999     0.001
  89  p   4i11/2   ( 3i 11/2) 0.72    26.147     1.000     0.000
  90  p   5i11/2   ( 4i 11/2) 0.63    40.417     1.000     0.000
  91  p   6i11/2   ( 5i 11/2) 0.66    58.444     1.000     0.000
  92  p   7i11/2   ( 6i 11/2) 0.65    87.063     1.000     0.000
  93  p   1h11/2   ( 2h 11/2) 0.92     5.355     0.988     0.012
  94  p   2h11/2   ( 4h 11/2) 0.53    10.760     0.998     0.002
  95  h   3h11/2   ( 1h 11/2) 0.98    18.160     0.006     0.994
  96  p   4h11/2   ( 3h 11/2) 0.76    20.793     0.997     0.003
  97  p   5h11/2   ( 4h 11/2) 0.70    34.032     1.000     0.000
  98  p   6h11/2   ( 5h 11/2) 0.69    50.781     1.000     0.000
  99  p   7h11/2   ( 6h 11/2) 0.64    79.275     1.000     0.000
 100  h   1i13/2   ( 1i 13/2) 0.97     8.824     0.026     0.974
 101  p   2i13/2   ( 2i 13/2) 0.67     9.671     0.983     0.017
 102  p   3i13/2   ( 2i 13/2) 0.68    14.450     0.997     0.003
 103  p   4i13/2   ( 3i 13/2) 0.75    24.858     1.000     0.000
 104  p   5i13/2   ( 4i 13/2) 0.66    38.924     1.000     0.000
 105  p   6i13/2   ( 5i 13/2) 0.67    56.256     1.000     0.000
 106  p   7i13/2   ( 6i 13/2) 0.64    85.410     1.000     0.000
 107  p   1j13/2   ( 1j 13/2) 0.97     7.280     0.991     0.009
 108  p   2j13/2   ( 2j 13/2) 0.52    13.487     1.000     0.000
 109  p   3j13/2   ( 2j 13/2) 0.78    22.211     1.000     0.000
 110  p   4j13/2   ( 3j 13/2) 0.74    34.843     1.000     0.000
 111  p   5j13/2   ( 4j 13/2) 0.72    51.768     1.000     0.000
 112  p   6j13/2   ( 6j 13/2) 0.64    78.675     1.000     0.000
 113  p   1k15/2   ( 1k 15/2) 0.64    14.105     0.999     0.001
 114  p   2k15/2   ( 1k 15/2) 0.73    17.452     0.999     0.001
 115  p   3k15/2   ( 2k 15/2) 0.78    26.780     1.000     0.000
 116  p   4k15/2   ( 3k 15/2) 0.69    39.908     1.000     0.000
 117  p   5k15/2   ( 4k 15/2) 0.69    57.335     1.000     0.000
 118  p   6k15/2   ( 5k 15/2) 0.65    84.927     1.000     0.000
 119  p   1j15/2   ( 1j 15/2) 0.80     1.497     0.661     0.339
 120  p   2j15/2   ( 2j 15/2) 0.59    12.941     1.000     0.000
 121  p   3j15/2   ( 2j 15/2) 0.75    20.496     1.000     0.000
 122  p   4j15/2   ( 3j 15/2) 0.75    32.988     1.000     0.000
 123  p   5j15/2   ( 4j 15/2) 0.72    49.202     1.000     0.000
 124  p   6j15/2   ( 6j 15/2) 0.65    76.392     1.000     0.000
 125  p   1k17/2   ( 1k 17/2) 0.98     9.257     0.995     0.005
 126  p   2k17/2   ( 3k 17/2) 0.51    15.273     1.000     0.000
 127  p   3k17/2   ( 2k 17/2) 0.79    24.639     1.000     0.000
 128  p   4k17/2   ( 3k 17/2) 0.74    37.595     1.000     0.000
 129  p   5k17/2   ( 4k 17/2) 0.71    54.180     1.000     0.000
 130  p   6k17/2   ( 5k 17/2) 0.64    82.278     1.000     0.000
 131  p   1l17/2   ( 3l 17/2) 0.53    18.105     1.000     0.000
 132  p   2l17/2   ( 1l 17/2) 0.83    24.773     1.000     0.000
 133  p   3l17/2   ( 2l 17/2) 0.77    35.355     1.000     0.000
 134  p   4l17/2   ( 3l 17/2) 0.74    51.126     1.000     0.000
 135  p   5l17/2   ( 5l 17/2) 0.67    76.029     1.000     0.000
 136  p   1m19/2   ( 3m 19/2) 0.56    20.477     1.000     0.000
 137  p   2m19/2   ( 1m 19/2) 0.82    29.859     1.000     0.000
 138  p   3m19/2   ( 2m 19/2) 0.71    40.728     1.000     0.000
 139  p   4m19/2   ( 3m 19/2) 0.71    57.045     1.000     0.000
 140  p   5m19/2   ( 4m 19/2) 0.65    82.224     1.000     0.000
 141  p   1l19/2   ( 1l 19/2) 0.87    16.513     0.999     0.001
 142  p   2l19/2   ( 2l 19/2) 0.52    19.957     1.000     0.000
 143  p   3l19/2   ( 2l 19/2) 0.77    32.265     1.000     0.000
 144  p   4l19/2   ( 3l 19/2) 0.75    46.995     1.000     0.000
 145  p   5l19/2   ( 5l 19/2) 0.69    72.266     1.000     0.000
 146  p   1m21/2   ( 3m 21/2) 0.53    20.197     1.000     0.000
 147  p   2m21/2   ( 1m 21/2) 0.85    25.716     1.000     0.000
 148  p   3m21/2   ( 2m 21/2) 0.79    36.597     1.000     0.000
 149  p   4m21/2   ( 3m 21/2) 0.75    51.985     1.000     0.000
 150  p   5m21/2   ( 5m 21/2) 0.68    77.257     1.000     0.000
 151  p   1n21/2   ( 2n 21/2) 0.60    25.079     1.000     0.000
 152  p   2n21/2   ( 1n 21/2) 0.81    37.103     1.000     0.000
 153  p   3n21/2   ( 2n 21/2) 0.74    51.547     1.000     0.000
 154  p   4n21/2   ( 4n 21/2) 0.68    74.249     1.000     0.000
 155  p   1o23/2   ( 2o 23/2) 0.60    27.490     1.000     0.000
 156  p   2o23/2   ( 1o 23/2) 0.80    41.124     1.000     0.000
 157  p   3o23/2   ( 2o 23/2) 0.72    56.684     1.000     0.000
 158  p   4o23/2   ( 4o 23/2) 0.66    80.645     1.000     0.000
 159  p   1n23/2   ( 2n 23/2) 0.56    24.751     1.000     0.000
 160  p   2n23/2   ( 1n 23/2) 0.82    33.679     1.000     0.000
 161  p   3n23/2   ( 2n 23/2) 0.75    45.680     1.000     0.000
 162  p   4n23/2   ( 4n 23/2) 0.74    66.771     1.000     0.000
 163  p   1o25/2   ( 2o 25/2) 0.58    27.323     1.000     0.000
 164  p   2o25/2   ( 1o 25/2) 0.85    38.968     1.000     0.000
 165  p   3o25/2   ( 2o 25/2) 0.77    50.909     1.000     0.000
 166  p   4o25/2   ( 4o 25/2) 0.72    71.830     1.000     0.000
 167  p   1P25/2   ( 2P 25/2) 0.68    33.582     1.000     0.000
 168  p   2P25/2   ( 1P 25/2) 0.77    50.289     1.000     0.000
 169  p   3P25/2   ( 3P 25/2) 0.71    72.495     1.000     0.000
 170  p   1q27/2   ( 2q 27/2) 0.68    36.201     1.000     0.000
 171  p   2q27/2   ( 1q 27/2) 0.77    54.218     1.000     0.000
 172  p   3q27/2   ( 3q 27/2) 0.69    77.690     1.000     0.000
 173  p   1P27/2   ( 2P 27/2) 0.64    33.332     1.000     0.000
 174  p   2P27/2   ( 1P 27/2) 0.77    47.569     1.000     0.000
 175  p   3P27/2   ( 3P 27/2) 0.77    63.205     1.000     0.000
 176  p   1q29/2   ( 2q 29/2) 0.66    36.021     1.000     0.000
 177  p   2q29/2   ( 1q 29/2) 0.78    52.418     1.000     0.000
 178  p   3q29/2   ( 3q 29/2) 0.74    68.815     1.000     0.000
 179  p   1r29/2   ( 1r 29/2) 0.79    44.586     1.000     0.000
 180  p   2r29/2   ( 2r 29/2) 0.78    68.205     1.000     0.000
 181  p   1S31/2   ( 1S 31/2) 0.78    47.491     1.000     0.000
 182  p   2S31/2   ( 2S 31/2) 0.77    72.401     1.000     0.000
 183  p   1r31/2   ( 1r 31/2) 0.78    44.299     1.000     0.000
 184  p   2r31/2   ( 2r 31/2) 0.78    63.235     1.000     0.000
 185  p   1S33/2   ( 1S 33/2) 0.77    47.272     1.000     0.000
 186  p   2S33/2   ( 2S 33/2) 0.77    68.448     1.000     0.000
 187  p   1t33/2   ( 1t 33/2) 0.98    60.385     1.000     0.000
 188  p   1u35/2   ( 1u 35/2) 0.98    63.723     1.000     0.000
 189  p   1t35/2   ( 1t 35/2) 0.98    59.333     1.000     0.000
 190  p   1u37/2   ( 1u 37/2) 0.98    62.952     1.000     0.000


 quasi-particle properties Proton: 
 ------------------------------------------------------------------
     p/h    l j     [nr,l,j]  smax       Eqp       uu       vv
   1  p   1s 1/2   ( 3s  1/2) 0.78     1.050     0.733     0.267
   2  p   2s 1/2   ( 4s  1/2) 0.90    19.988     0.914     0.086
   3  h   3s 1/2   ( 2s  1/2) 0.79    20.763     0.087     0.913
   4  p   4s 1/2   ( 6s  1/2) 0.52    27.801     1.000     0.000
   5  p   5s 1/2   ( 5s  1/2) 0.73    35.544     0.999     0.001
   6  h   6s 1/2   ( 1s  1/2) 0.89    37.982     0.001     0.999
   7  p   7s 1/2   ( 6s  1/2) 0.64    47.133     1.000     0.000
   8  p   8s 1/2   ( 7s  1/2) 0.57    61.118     1.000     0.000
   9  p   9s 1/2   ( 8s  1/2) 0.62    78.966     1.000     0.000
  11  p   1p 1/2   ( 3p  1/2) 0.96    10.163     0.999     0.001
  12  h   2p 1/2   ( 2p  1/2) 0.91    11.371     0.001     0.999
  13  p   3p 1/2   ( 4p  1/2) 0.77    26.153     1.000     0.000
  14  p   4p 1/2   ( 4p  1/2) 0.56    31.216     0.999     0.001
  15  h   5p 1/2   ( 1p  1/2) 0.94    32.440     0.001     0.999
  16  p   6p 1/2   ( 5p  1/2) 0.74    42.366     1.000     0.000
  17  p   7p 1/2   ( 6p  1/2) 0.67    55.716     1.000     0.000
  18  p   8p 1/2   ( 7p  1/2) 0.67    72.597     1.000     0.000
  20  h   1d 3/2   ( 2d  3/2) 0.92     1.555     0.054     0.946
  21  p   2d 3/2   ( 3d  3/2) 0.96    19.266     1.000     0.000
  22  h   3d 3/2   ( 1d  3/2) 0.96    25.000     0.000     1.000
  23  p   4d 3/2   ( 5d  3/2) 0.50    28.337     1.000     0.000
  24  p   5d 3/2   ( 4d  3/2) 0.75    35.581     1.000     0.000
  25  p   6d 3/2   ( 5d  3/2) 0.67    46.914     1.000     0.000
  26  p   7d 3/2   ( 6d  3/2) 0.60    60.936     1.000     0.000
  27  p   8d 3/2   ( 7d  3/2) 0.64    78.731     1.000     0.000
  29  p   1p 3/2   ( 3p  3/2) 0.94     9.998     0.999     0.001
  30  h   2p 3/2   ( 2p  3/2) 0.89    11.824     0.001     0.999
  31  p   3p 3/2   ( 4p  3/2) 0.76    26.126     1.000     0.000
  32  p   4p 3/2   ( 4p  3/2) 0.55    31.189     0.999     0.001
  33  h   5p 3/2   ( 1p  3/2) 0.92    32.879     0.001     0.999
  34  p   6p 3/2   ( 5p  3/2) 0.73    42.386     1.000     0.000
  35  p   7p 3/2   ( 6p  3/2) 0.65    55.718     1.000     0.000
  36  p   8p 3/2   ( 7p  3/2) 0.66    72.512     1.000     0.000
  38  h   1d 5/2   ( 2d  5/2) 0.92     2.758     0.016     0.984
  39  p   2d 5/2   ( 3d  5/2) 0.95    18.689     1.000     0.000
  40  h   3d 5/2   ( 1d  5/2) 0.95    26.264     0.001     0.999
  41  p   4d 5/2   ( 5d  5/2) 0.51    28.277     1.000     0.000
  42  p   5d 5/2   ( 4d  5/2) 0.74    35.416     1.000     0.000
  43  p   6d 5/2   ( 5d  5/2) 0.66    46.823     1.000     0.000
  44  p   7d 5/2   ( 6d  5/2) 0.58    60.834     1.000     0.000
  45  p   8d 5/2   ( 7d  5/2) 0.62    78.481     1.000     0.000
  47  p   1f 5/2   ( 2f  5/2) 0.97     8.298     0.999     0.001
  48  h   2f 5/2   ( 1f  5/2) 0.98    16.325     0.001     0.999
  49  p   3f 5/2   ( 3f  5/2) 0.87    26.539     1.000     0.000
  50  p   4f 5/2   ( 5f  5/2) 0.52    31.482     1.000     0.000
  51  p   5f 5/2   ( 4f  5/2) 0.75    42.435     1.000     0.000
  52  p   6f 5/2   ( 5f  5/2) 0.69    55.608     1.000     0.000
  53  p   7f 5/2   ( 6f  5/2) 0.68    72.298     1.000     0.000
  55  h   1g 7/2   ( 1g  7/2) 0.98     6.829     0.003     0.997
  56  p   2g 7/2   ( 2g  7/2) 0.98    17.364     1.000     0.000
  57  p   3g 7/2   ( 3g  7/2) 0.55    29.786     1.000     0.000
  58  p   4g 7/2   ( 3g  7/2) 0.76    35.854     1.000     0.000
  59  p   5g 7/2   ( 4g  7/2) 0.72    46.797     1.000     0.000
  60  p   6g 7/2   ( 5g  7/2) 0.63    60.869     1.000     0.000
  61  p   7g 7/2   ( 6g  7/2) 0.65    78.341     1.000     0.000
  63  p   1f 7/2   ( 2f  7/2) 0.96     6.421     0.998     0.002
  64  h   2f 7/2   ( 1f  7/2) 0.97    18.685     0.001     0.999
  65  p   3f 7/2   ( 3f  7/2) 0.90    25.846     1.000     0.000
  66  p   4f 7/2   ( 5f  7/2) 0.55    31.097     1.000     0.000
  67  p   5f 7/2   ( 4f  7/2) 0.75    42.045     1.000     0.000
  68  p   6f 7/2   ( 5f  7/2) 0.68    55.189     1.000     0.000
  69  p   7f 7/2   ( 6f  7/2) 0.67    71.658     1.000     0.000
  71  h   1g 9/2   ( 1g  9/2) 0.98    10.480     0.001     0.999
  72  p   2g 9/2   ( 2g  9/2) 0.97    15.192     1.000     0.000
  73  p   3g 9/2   ( 3g  9/2) 0.60    29.543     1.000     0.000
  74  p   4g 9/2   ( 3g  9/2) 0.73    34.978     1.000     0.000
  75  p   5g 9/2   ( 4g  9/2) 0.73    46.049     1.000     0.000
  76  p   6g 9/2   ( 5g  9/2) 0.63    60.070     1.000     0.000
  77  p   7g 9/2   ( 6g  9/2) 0.64    77.194     1.000     0.000
  79  p   1h 9/2   ( 1h  9/2) 0.98     3.231     0.990     0.010
  80  p   2h 9/2   ( 2h  9/2) 0.97    25.630     1.000     0.000
  81  p   3h 9/2   ( 4h  9/2) 0.53    32.639     1.000     0.000
  82  p   4h 9/2   ( 3h  9/2) 0.78    42.570     1.000     0.000
  83  p   5h 9/2   ( 4h  9/2) 0.73    55.338     1.000     0.000
  84  p   6h 9/2   ( 5h  9/2) 0.70    71.710     1.000     0.000
  86  p   1i11/2   ( 1i 11/2) 0.98    13.200     1.000     0.000
  87  p   2i11/2   ( 2i 11/2) 0.76    31.801     1.000     0.000
  88  p   3i11/2   ( 2i 11/2) 0.61    35.639     1.000     0.000
  89  p   4i11/2   ( 3i 11/2) 0.78    46.611     1.000     0.000
  90  p   5i11/2   ( 4i 11/2) 0.69    60.397     1.000     0.000
  91  p   6i11/2   ( 5i 11/2) 0.68    77.317     1.000     0.000
  93  h   1h11/2   ( 1h 11/2) 0.97     1.981     0.028     0.972
  94  p   2h11/2   ( 2h 11/2) 0.98    23.463     1.000     0.000
  95  p   3h11/2   ( 3h 11/2) 0.54    32.282     1.000     0.000
  96  p   4h11/2   ( 3h 11/2) 0.77    41.649     1.000     0.000
  97  p   5h11/2   ( 4h 11/2) 0.73    54.183     1.000     0.000
  98  p   6h11/2   ( 5h 11/2) 0.70    70.053     1.000     0.000
  99  p   7h11/2   ( 6h 11/2) 0.63    99.156     1.000     0.000
 100  p   1i13/2   ( 1i 13/2) 0.98     6.934     0.998     0.002
 101  p   2i13/2   ( 2i 13/2) 0.91    30.481     1.000     0.000
 102  p   3i13/2   ( 4i 13/2) 0.51    34.488     1.000     0.000
 103  p   4i13/2   ( 3i 13/2) 0.78    45.583     1.000     0.000
 104  p   5i13/2   ( 4i 13/2) 0.71    59.063     1.000     0.000
 105  p   6i13/2   ( 5i 13/2) 0.68    75.305     1.000     0.000
 107  p   1j13/2   ( 1j 13/2) 0.98    22.904     1.000     0.000
 108  p   2j13/2   ( 2j 13/2) 0.58    35.523     1.000     0.000
 109  p   3j13/2   ( 2j 13/2) 0.78    42.626     1.000     0.000
 110  p   4j13/2   ( 3j 13/2) 0.77    54.751     1.000     0.000
 111  p   5j13/2   ( 4j 13/2) 0.73    70.594     1.000     0.000
 112  p   6j13/2   ( 6j 13/2) 0.66    97.673     1.000     0.000
 113  p   1k15/2   ( 1k 15/2) 0.98    31.912     1.000     0.000
 114  p   2k15/2   ( 4k 15/2) 0.51    37.681     1.000     0.000
 115  p   3k15/2   ( 2k 15/2) 0.82    47.654     1.000     0.000
 116  p   4k15/2   ( 3k 15/2) 0.75    59.778     1.000     0.000
 117  p   5k15/2   ( 4k 15/2) 0.72    76.061     1.000     0.000
 119  p   1j15/2   ( 1j 15/2) 0.97    15.766     1.000     0.000
 120  p   2j15/2   ( 2j 15/2) 0.69    34.924     1.000     0.000
 121  p   3j15/2   ( 2j 15/2) 0.69    40.547     1.000     0.000
 122  p   4j15/2   ( 3j 15/2) 0.76    53.264     1.000     0.000
 123  p   5j15/2   ( 4j 15/2) 0.73    68.350     1.000     0.000
 124  p   6j15/2   ( 6j 15/2) 0.66    95.431     1.000     0.000
 125  p   1k17/2   ( 1k 17/2) 0.97    24.526     1.000     0.000
 126  p   2k17/2   ( 2k 17/2) 0.51    37.284     1.000     0.000
 127  p   3k17/2   ( 2k 17/2) 0.81    45.405     1.000     0.000
 128  p   4k17/2   ( 3k 17/2) 0.77    57.671     1.000     0.000
 129  p   5k17/2   ( 4k 17/2) 0.73    73.310     1.000     0.000
 131  p   1l17/2   ( 1l 17/2) 0.84    39.204     1.000     0.000
 132  p   2l17/2   ( 1l 17/2) 0.52    42.847     1.000     0.000
 133  p   3l17/2   ( 2l 17/2) 0.79    55.521     1.000     0.000
 134  p   4l17/2   ( 3l 17/2) 0.75    69.870     1.000     0.000
 135  p   5l17/2   ( 5l 17/2) 0.68    94.428     1.000     0.000
 136  p   1m19/2   ( 3m 19/2) 0.53    42.650     1.000     0.000
 137  p   2m19/2   ( 1m 19/2) 0.87    48.676     1.000     0.000
 138  p   3m19/2   ( 2m 19/2) 0.79    59.997     1.000     0.000
 139  p   4m19/2   ( 3m 19/2) 0.74    75.548     1.000     0.000
 141  p   1l19/2   ( 1l 19/2) 0.97    33.059     1.000     0.000
 142  p   2l19/2   ( 2l 19/2) 0.61    41.156     1.000     0.000
 143  p   3l19/2   ( 2l 19/2) 0.75    53.186     1.000     0.000
 144  p   4l19/2   ( 3l 19/2) 0.74    66.154     1.000     0.000
 145  p   5l19/2   ( 5l 19/2) 0.70    90.838     1.000     0.000
 146  p   1m21/2   ( 1m 21/2) 0.92    40.929     1.000     0.000
 147  p   2m21/2   ( 2m 21/2) 0.58    43.648     1.000     0.000
 148  p   3m21/2   ( 2m 21/2) 0.78    57.322     1.000     0.000
 149  p   4m21/2   ( 3m 21/2) 0.76    71.156     1.000     0.000
 150  p   5m21/2   ( 5m 21/2) 0.69    95.675     1.000     0.000
 151  p   1n21/2   ( 2n 21/2) 0.55    47.453     1.000     0.000
 152  p   2n21/2   ( 1n 21/2) 0.83    56.737     1.000     0.000
 153  p   3n21/2   ( 2n 21/2) 0.75    69.304     1.000     0.000
 154  p   4n21/2   ( 4n 21/2) 0.71    92.022     1.000     0.000
 155  p   1o23/2   ( 3o 23/2) 0.58    49.823     1.000     0.000
 156  p   2o23/2   ( 1o 23/2) 0.86    62.167     1.000     0.000
 157  p   3o23/2   ( 2o 23/2) 0.76    74.303     1.000     0.000
 158  p   4o23/2   ( 4o 23/2) 0.69    97.814     1.000     0.000
 159  p   1n23/2   ( 1n 23/2) 0.72    46.592     1.000     0.000
 160  p   2n23/2   ( 1n 23/2) 0.65    51.750     1.000     0.000
 161  p   3n23/2   ( 2n 23/2) 0.68    65.166     1.000     0.000
 162  p   4n23/2   ( 4n 23/2) 0.76    84.875     1.000     0.000
 163  p   1o25/2   ( 3o 25/2) 0.56    49.568     1.000     0.000
 164  p   2o25/2   ( 1o 25/2) 0.84    58.313     1.000     0.000
 165  p   3o25/2   ( 2o 25/2) 0.73    69.672     1.000     0.000
 166  p   4o25/2   ( 4o 25/2) 0.75    89.636     1.000     0.000
 167  p   1P25/2   ( 2P 25/2) 0.66    56.220     1.000     0.000
 168  p   2P25/2   ( 1P 25/2) 0.78    70.550     1.000     0.000
 169  p   3P25/2   ( 3P 25/2) 0.75    88.530     1.000     0.000
 170  p   1q27/2   ( 2q 27/2) 0.67    58.706     1.000     0.000
 171  p   2q27/2   ( 1q 27/2) 0.80    75.553     1.000     0.000
 172  p   3q27/2   ( 3q 27/2) 0.73    93.712     1.000     0.000
 173  p   1P27/2   ( 1P 27/2) 0.64    55.851     1.000     0.000
 174  p   2P27/2   ( 1P 27/2) 0.74    66.880     1.000     0.000
 175  p   3P27/2   ( 3P 27/2) 0.82    80.407     1.000     0.000
 176  p   1q29/2   ( 2q 29/2) 0.64    58.457     1.000     0.000
 177  p   2q29/2   ( 1q 29/2) 0.79    73.214     1.000     0.000
 178  p   3q29/2   ( 3q 29/2) 0.79    85.583     1.000     0.000
 179  p   1r29/2   ( 1r 29/2) 0.78    67.356     1.000     0.000
 180  p   2r29/2   ( 2r 29/2) 0.77    86.791     1.000     0.000
 181  p   1S31/2   ( 1S 31/2) 0.77    70.176     1.000     0.000
 182  p   2S31/2   ( 2S 31/2) 0.76    91.993     1.000     0.000
 183  p   1r31/2   ( 1r 31/2) 0.77    67.060     1.000     0.000
 184  p   2r31/2   ( 2r 31/2) 0.76    81.977     1.000     0.000
 185  p   1S33/2   ( 1S 33/2) 0.76    69.935     1.000     0.000
 186  p   2S33/2   ( 2S 33/2) 0.75    88.196     1.000     0.000
 187  p   1t33/2   ( 1t 33/2) 0.98    82.684     1.000     0.000
 188  p   1u35/2   ( 1u 35/2) 0.98    86.231     1.000     0.000
 189  p   1t35/2   ( 1t 35/2) 0.98    81.672     1.000     0.000
 190  p   1u37/2   ( 1u 37/2) 0.98    85.485     1.000     0.000
  ****** END RESU ***********************************
