
  ******************************************  
  *           Fortran 77 Code              *  
  *         Spherical H.O. basis            *  
  * Dirac-Hartree-Bogoliubov calculation   *  
  *        with density-dependent          *  
  * meson-exchange or point coupling force *  
  *          and separable pairing         *  
  * -------------------------------------- *  
  *      Niksic, Paar, Vretenar, Ring      *  
  *          18/ 4/2026/01:37:06           *
  *       Hg 214  N = 134  Z =  80
  ******************************************  
  ****** BEGIN READER *******************************
 Number of oscillator shells :    18   20
 Initialization inin,inink   :     0    0
 Nucleus: Hg 214   134  80
 Initial Gap Parameters      :     1.0000    1.0000
 Parameter set               :    DD-ME2    
  ****** END READER *********************************
  ****** BEGIN FORCES *******************************

 NEDF Parameters: DD-ME2    
 AMU   =  939.000
 msig  =  550.124  gsig =    10.5396  Gsig =   -14.2924
 mome  =  783.000  gome =    13.0189  Gome =    10.7647
 mdel  =    0.000  gdel =     0.0000  Gdel =    -0.0000
 mrho  =  763.000  grho =     3.6836  Grho =     0.9076
  
 Density dependence parameters:
           scasca    scavec    vecsca    vecvec
 a    =   1.388148  1.389291  0.000000  0.564700
 b    =   1.094300  0.923975  0.000000  0.000000
 c    =   1.705700  1.462000  0.000000  0.000000
 d    =   0.442067  0.477492  0.000000  0.000000
 dsat =   0.152000
  
 TMR pairing: Tian,Ma,Ring, PRB 676, 44 (2009)
 TMR pairing strength    gl =:  -728.00000 [MeV*fm^3]
 TMR pairing width        a =:     0.64420 [fm]
  ****** END FORCES *********************************
  ****** BEGIN PREP *********************************
  
 hom =                            6.854555
 hb0 =                           20.734000
 b0  =                            2.459614
 with Coulomb force
 With microscopic c.m. correction
  ****** END PREP ***********************************
  potentials read from tape dirhb.wel
  ****** BEGIN ITER *********************************
  1.It. si =    0.0000000  E/A =    0.0000 R =    0.0000  mix = 0.50
  2.It. si =    1.9029760  E/A =   -7.6725 R =    5.6666  mix = 0.50
  3.It. si =    1.0864205  E/A =   -7.6732 R =    5.6690  mix = 0.50
  4.It. si =    1.2168652  E/A =   -7.6740 R =    5.6719  mix = 0.50
  5.It. si =    1.0037762  E/A =   -7.6744 R =    5.6739  mix = 0.50
  6.It. si =    0.2424196  E/A =   -7.6756 R =    5.6791  mix = 0.50
  7.It. si =    0.0767194  E/A =   -7.6754 R =    5.6779  mix = 0.50
  8.It. si =    0.0553486  E/A =   -7.6754 R =    5.6775  mix = 0.50
  9.It. si =    0.0087139  E/A =   -7.6755 R =    5.6778  mix = 0.50
 10.It. si =    0.0078351  E/A =   -7.6755 R =    5.6779  mix = 0.50
 11.It. si =    0.0066605  E/A =   -7.6755 R =    5.6779  mix = 0.50
 12.It. si =    0.0022308  E/A =   -7.6755 R =    5.6778  mix = 0.50
 13.It. si =    0.0003464  E/A =   -7.6755 R =    5.6778  mix = 0.50
 14.It. si =    0.0002280  E/A =   -7.6755 R =    5.6778  mix = 0.50
 15.It. si =    0.0003071  E/A =   -7.6755 R =    5.6778  mix = 0.50
 16.It. si =    0.0003088  E/A =   -7.6755 R =    5.6778  mix = 0.50
 17.It. si =    0.0003086  E/A =   -7.6755 R =    5.6778  mix = 0.50
 18.It. si =    0.0001624  E/A =   -7.6755 R =    5.6778  mix = 0.50
 19.It. si =    0.0001738  E/A =   -7.6755 R =    5.6778  mix = 0.50
 20.It. si =    0.0000944  E/A =   -7.6755 R =    5.6778  mix = 0.50
 21.It. si =    0.0000292  E/A =   -7.6755 R =    5.6778  mix = 0.50
 22.It. si =    0.0000087  E/A =   -7.6755 R =    5.6778  mix = 0.50
 23.It. si =    0.0000024  E/A =   -7.6755 R =    5.6778  mix = 0.50
 24.It. si =    0.0000036  E/A =   -7.6755 R =    5.6778  mix = 0.50
 ********************************************************************
 Hg 214: Iteration converged after  24 steps   si =      0.0000005804
 ********************************************************************
  ****** END ITER ***********************************
  ****** BEGIN CANON ********************************
 single-particle energies and gaps  in the canonical basis: Neutron:
 ------------------------------------------------------------------
    j pi     (nr,l,j)  smax       Ecan       vvcan       decan
 j = 1/2+  (   s 1/2)  0.97    -54.4173      0.9999     -1.0452
 j = 1/2+  (   s 1/2)  0.95    -47.1227      0.9997     -1.4883
 j = 1/2+  (   s 1/2)  0.98    -19.8285      0.9981     -1.4711
 j = 1/2+  (   s 1/2)  0.94      0.3071      0.0116     -0.7585
 j = 1/2+  (   s 1/2)  0.89     12.2974      0.0002     -0.4545
 j = 1/2+  (   s 1/2)  0.77     24.4817      0.0000     -0.0210
 j = 1/2+  (   s 1/2)  0.87     25.0631      0.0000     -0.3481
 j = 1/2+  (   s 1/2)  0.89     40.2659      0.0000     -0.2295
 j = 1/2+  (   s 1/2)  0.94     53.6275      0.0000     -0.1382
 j = 1/2+  (   s 1/2)  0.75     82.3700      0.0000     -0.0933
 j = 1/2-  (   p 1/2)  0.97    -50.1928      0.9998     -1.1803
 j = 1/2-  (   p 1/2)  0.95    -35.5964      0.9995     -1.4833
 j = 1/2-  (   p 1/2)  0.97     -8.3327      0.9862     -1.2416
 j = 1/2-  (   p 1/2)  0.94      7.4106      0.0007     -0.5670
 j = 1/2-  (   p 1/2)  0.91     18.9898      0.0001     -0.4141
 j = 1/2-  (   p 1/2)  0.76     23.5544      0.0000     -0.0290
 j = 1/2-  (   p 1/2)  0.90     33.6452      0.0000     -0.2719
 j = 1/2-  (   p 1/2)  0.94     45.5641      0.0000     -0.1632
 j = 1/2-  (   p 1/2)  0.72     78.9583      0.0000     -0.1155
 j = 3/2+  (   d 3/2)  0.98    -44.6463      0.9998     -1.3167
 j = 3/2+  (   d 3/2)  0.98    -21.5500      0.9985     -1.4355
 j = 3/2+  (   d 3/2)  0.97      0.1148      0.0170     -0.8747
 j = 3/2+  (   d 3/2)  0.93     13.0962      0.0002     -0.4814
 j = 3/2+  (   d 3/2)  0.77     23.7503      0.0000     -0.0197
 j = 3/2+  (   d 3/2)  0.91     25.8629      0.0000     -0.3573
 j = 3/2+  (   d 3/2)  0.92     40.6250      0.0000     -0.2272
 j = 3/2+  (   d 3/2)  0.93     53.4464      0.0000     -0.1341
 j = 3/2+  (   d 3/2)  0.76     80.7317      0.0000     -0.0889
 j = 3/2-  (   p 3/2)  0.97    -50.3824      0.9998     -1.1981
 j = 3/2-  (   p 3/2)  0.96    -36.3348      0.9995     -1.4954
 j = 3/2-  (   p 3/2)  0.97     -8.8252      0.9886     -1.2336
 j = 3/2-  (   p 3/2)  0.94      7.2569      0.0007     -0.5644
 j = 3/2-  (   p 3/2)  0.91     18.8392      0.0001     -0.4049
 j = 3/2-  (   p 3/2)  0.76     23.4418      0.0000     -0.0289
 j = 3/2-  (   p 3/2)  0.90     33.5161      0.0000     -0.2697
 j = 3/2-  (   p 3/2)  0.94     45.4550      0.0000     -0.1616
 j = 3/2-  (   p 3/2)  0.72     79.1538      0.0000     -0.1152
 j = 5/2+  (   d 5/2)  0.98    -45.5691      0.9998     -1.3408
 j = 5/2+  (   d 5/2)  0.98    -23.3273      0.9987     -1.4507
 j = 5/2+  (   d 5/2)  0.96     -0.6422      0.0270     -0.8591
 j = 5/2+  (   d 5/2)  0.92     12.5663      0.0002     -0.4708
 j = 5/2+  (   d 5/2)  0.77     23.9356      0.0000     -0.0200
 j = 5/2+  (   d 5/2)  0.90     25.2073      0.0000     -0.3549
 j = 5/2+  (   d 5/2)  0.91     40.2088      0.0000     -0.2266
 j = 5/2+  (   d 5/2)  0.93     53.2817      0.0000     -0.1338
 j = 5/2+  (   d 5/2)  0.75     81.3362      0.0000     -0.0895
 j = 5/2-  (   f 5/2)  0.98    -36.0310      0.9996     -1.3613
 j = 5/2-  (   f 5/2)  0.98     -9.5352      0.9900     -1.2945
 j = 5/2-  (   f 5/2)  0.97      8.0020      0.0009     -0.6650
 j = 5/2-  (   f 5/2)  0.96     20.5309      0.0001     -0.4323
 j = 5/2-  (   f 5/2)  0.78     21.7863      0.0000     -0.0254
 j = 5/2-  (   f 5/2)  0.94     34.8329      0.0000     -0.2800
 j = 5/2-  (   f 5/2)  0.94     46.9906      0.0000     -0.1647
 j = 5/2-  (   f 5/2)  0.77     75.1639      0.0000     -0.1120
 j = 7/2+  (   g 7/2)  0.98    -25.4530      0.9991     -1.3508
 j = 7/2+  (   g 7/2)  0.98     -0.1477      0.0297     -1.0850
 j = 7/2+  (   g 7/2)  0.96     14.9352      0.0002     -0.5322
 j = 7/2+  (   g 7/2)  0.79     21.8352      0.0000     -0.0170
 j = 7/2+  (   g 7/2)  0.96     27.8788      0.0000     -0.3736
 j = 7/2+  (   g 7/2)  0.93     42.1015      0.0000     -0.2276
 j = 7/2+  (   g 7/2)  0.89     56.8168      0.0000     -0.1388
 j = 7/2+  (   g 7/2)  0.80     73.8679      0.0000     -0.0827
 j = 7/2-  (   f 7/2)  0.98    -38.1572      0.9996     -1.3912
 j = 7/2-  (   f 7/2)  0.98    -11.9017      0.9946     -1.2978
 j = 7/2-  (   f 7/2)  0.97      6.9081      0.0011     -0.6682
 j = 7/2-  (   f 7/2)  0.95     19.8000      0.0001     -0.4158
 j = 7/2-  (   f 7/2)  0.78     21.6219      0.0000     -0.0253
 j = 7/2-  (   f 7/2)  0.94     34.0968      0.0000     -0.2774
 j = 7/2-  (   f 7/2)  0.93     46.6055      0.0000     -0.1624
 j = 7/2-  (   f 7/2)  0.77     75.2911      0.0000     -0.1117
 j = 9/2+  (   g 9/2)  0.98    -29.1971      0.9993     -1.4024
 j = 9/2+  (   g 9/2)  0.98     -2.4958      0.2367     -1.0579
 j = 9/2+  (   g 9/2)  0.96     13.6455      0.0002     -0.5294
 j = 9/2+  (   g 9/2)  0.79     22.1678      0.0000     -0.0176
 j = 9/2+  (   g 9/2)  0.96     25.9739      0.0000     -0.3685
 j = 9/2+  (   g 9/2)  0.93     40.7527      0.0000     -0.2265
 j = 9/2+  (   g 9/2)  0.89     56.0600      0.0000     -0.1390
 j = 9/2+  (   g 9/2)  0.80     74.1284      0.0000     -0.0838
 j = 9/2-  (   h 9/2)  0.97    -14.1318      0.9967     -1.2705
 j = 9/2-  (   h 9/2)  0.97      8.1940      0.0016     -0.9083
 j = 9/2-  (   h 9/2)  0.79     20.4340      0.0000     -0.0219
 j = 9/2-  (   h 9/2)  0.96     22.7805      0.0001     -0.4710
 j = 9/2-  (   h 9/2)  0.93     36.6135      0.0000     -0.2954
 j = 9/2-  (   h 9/2)  0.88     50.1398      0.0000     -0.1706
 j = 9/2-  (   h 9/2)  0.81     69.7651      0.0000     -0.1059
 j =11/2+  (   i11/2)  0.98     -2.9300      0.4083     -1.1854
 j =11/2+  (   i11/2)  0.96     16.3277      0.0003     -0.7100
 j =11/2+  (   i11/2)  0.78     20.4193      0.0000     -0.0145
 j =11/2+  (   i11/2)  0.93     30.5718      0.0000     -0.4167
 j =11/2+  (   i11/2)  0.87     44.2576      0.0000     -0.2398
 j =11/2+  (   i11/2)  0.76     60.5876      0.0000     -0.1438
 j =11/2+  (   i11/2)  0.84     65.9745      0.0000     -0.0726
 j =11/2-  (   h11/2)  0.98    -19.4266      0.9984     -1.3175
 j =11/2-  (   h11/2)  0.97      5.6954      0.0025     -0.8937
 j =11/2-  (   h11/2)  0.79     20.3381      0.0000     -0.0221
 j =11/2-  (   h11/2)  0.96     21.2187      0.0001     -0.4621
 j =11/2-  (   h11/2)  0.93     34.7789      0.0000     -0.2921
 j =11/2-  (   h11/2)  0.88     48.9729      0.0000     -0.1693
 j =11/2-  (   h11/2)  0.81     68.8872      0.0000     -0.1057
 j =13/2+  (   i13/2)  0.98     -9.6072      0.9914     -1.2161
 j =13/2+  (   i13/2)  0.96     13.6080      0.0005     -0.7203
 j =13/2+  (   i13/2)  0.78     20.1569      0.0000     -0.0144
 j =13/2+  (   i13/2)  0.93     29.0009      0.0000     -0.4017
 j =13/2+  (   i13/2)  0.86     42.4794      0.0000     -0.2358
 j =13/2+  (   i13/2)  0.75     59.2217      0.0000     -0.1422
 j =13/2+  (   i13/2)  0.84     64.4803      0.0000     -0.0714
 j =13/2-  (   j13/2)  0.98      7.7163      0.0025     -1.0936
 j =13/2-  (   j13/2)  0.78     20.3819      0.0000     -0.0202
 j =13/2-  (   j13/2)  0.95     24.1330      0.0001     -0.5518
 j =13/2-  (   j13/2)  0.88     38.8748      0.0000     -0.3393
 j =13/2-  (   j13/2)  0.76     54.1872      0.0000     -0.1950
 j =13/2-  (   j13/2)  0.85     62.8613      0.0000     -0.0989
 j =15/2+  (   k15/2)  0.97     17.4137      0.0005     -0.9566
 j =15/2+  (   k15/2)  0.76     21.0085      0.0000     -0.0137
 j =15/2+  (   k15/2)  0.92     32.7088      0.0000     -0.4571
 j =15/2+  (   k15/2)  0.80     47.5501      0.0000     -0.2725
 j =15/2+  (   k15/2)  0.84     58.7654      0.0000     -0.0660
 j =15/2+  (   k15/2)  0.61     63.6320      0.0000     -0.1630
 j =15/2-  (   j15/2)  0.98     -0.0019      0.0281     -1.1020
 j =15/2-  (   j15/2)  0.78     20.3035      0.0000     -0.0204
 j =15/2-  (   j15/2)  0.93     21.1580      0.0001     -0.5691
 j =15/2-  (   j15/2)  0.87     36.0896      0.0000     -0.3333
 j =15/2-  (   j15/2)  0.76     52.7163      0.0000     -0.1952
 j =15/2-  (   j15/2)  0.85     61.0856      0.0000     -0.0979
 j =17/2+  (   k17/2)  0.97      9.3406      0.0015     -0.9733
 j =17/2+  (   k17/2)  0.76     20.9346      0.0000     -0.0138
 j =17/2+  (   k17/2)  0.90     28.7897      0.0001     -0.4639
 j =17/2+  (   k17/2)  0.79     44.4382      0.0000     -0.2683
 j =17/2+  (   k17/2)  0.84     57.2831      0.0000     -0.0653
 j =17/2+  (   k17/2)  0.60     61.7735      0.0000     -0.1624
 j =17/2-  (   l17/2)  0.77     22.5247      0.0000     -0.0205
 j =17/2-  (   l17/2)  0.95     26.4815      0.0002     -0.8173
 j =17/2-  (   l17/2)  0.87     40.9403      0.0000     -0.3780
 j =17/2-  (   l17/2)  0.69     57.5330      0.0000     -0.2215
 j =17/2-  (   l17/2)  0.85     58.6058      0.0000     -0.0978
 j =19/2+  (   m19/2)  0.75     23.9496      0.0000     -0.0144
 j =19/2+  (   m19/2)  0.93     35.3011      0.0001     -0.6887
 j =19/2+  (   m19/2)  0.79     49.4921      0.0000     -0.3133
 j =19/2+  (   m19/2)  0.84     57.2925      0.0000     -0.0664
 j =19/2+  (   m19/2)  0.60     65.3647      0.0000     -0.1775
 j =19/2-  (   l19/2)  0.95     18.3732      0.0004     -0.8365
 j =19/2-  (   l19/2)  0.77     22.3848      0.0000     -0.0207
 j =19/2-  (   l19/2)  0.84     36.3318      0.0000     -0.3782
 j =19/2-  (   l19/2)  0.67     53.8752      0.0000     -0.2195
 j =19/2-  (   l19/2)  0.85     56.5030      0.0000     -0.0963
 j =21/2+  (   m21/2)  0.75     23.8487      0.0000     -0.0145
 j =21/2+  (   m21/2)  0.91     27.2752      0.0001     -0.7059
 j =21/2+  (   m21/2)  0.75     44.3216      0.0000     -0.3127
 j =21/2+  (   m21/2)  0.84     55.3653      0.0000     -0.0653
 j =21/2+  (   m21/2)  0.60     60.7581      0.0000     -0.1754
 j =21/2-  (   n21/2)  0.77     26.9454      0.0000     -0.0229
 j =21/2-  (   n21/2)  0.89     43.6866      0.0000     -0.5671
 j =21/2-  (   n21/2)  0.68     58.8428      0.0000     -0.2618
 j =21/2-  (   n21/2)  0.85     59.3640      0.0000     -0.1043
 j =23/2+  (   o23/2)  0.75     28.9003      0.0000     -0.0162
 j =23/2+  (   o23/2)  0.84     52.4740      0.0000     -0.4664
 j =23/2+  (   o23/2)  0.83     59.0613      0.0000     -0.0727
 j =23/2+  (   o23/2)  0.60     66.3899      0.0000     -0.2138
 j =23/2-  (   n23/2)  0.77     26.7784      0.0000     -0.0233
 j =23/2-  (   n23/2)  0.87     35.9511      0.0001     -0.5816
 j =23/2-  (   n23/2)  0.64     52.5674      0.0000     -0.2608
 j =23/2-  (   n23/2)  0.85     55.5494      0.0000     -0.1013
 j =25/2+  (   o25/2)  0.75     28.8150      0.0000     -0.0164
 j =25/2+  (   o25/2)  0.82     44.8201      0.0000     -0.4788
 j =25/2+  (   o25/2)  0.83     56.0623      0.0000     -0.0711
 j =25/2+  (   o25/2)  0.59     59.5700      0.0000     -0.2114
 j =25/2-  (   P25/2)  0.69     36.1664      0.0000     -0.0252
 j =25/2-  (   P25/2)  0.66     59.3203      0.0000     -0.1320
 j =25/2-  (   P25/2)  0.78     61.0298      0.0000     -0.3807
 j =27/2+  (   q27/2)  0.77     36.3713      0.0000     -0.0199
 j =27/2+  (   q27/2)  0.81     63.3441      0.0000     -0.0931
 j =27/2+  (   q27/2)  0.73     68.7124      0.0000     -0.3034
 j =27/2-  (   P27/2)  0.68     35.7026      0.0000     -0.0251
 j =27/2-  (   P27/2)  0.76     53.3419      0.0000     -0.3891
 j =27/2-  (   P27/2)  0.66     55.3501      0.0000     -0.1293
 j =29/2+  (   q29/2)  0.78     36.2976      0.0000     -0.0200
 j =29/2+  (   q29/2)  0.80     60.1376      0.0000     -0.0914
 j =29/2+  (   q29/2)  0.71     61.5385      0.0000     -0.3087
 j =29/2-  (   r29/2)  0.75     45.3651      0.0000     -0.0348
 j =29/2-  (   r29/2)  0.74     67.4776      0.0000     -0.1987
 j =31/2+  (   S31/2)  0.78     47.3296      0.0000     -0.0262
 j =31/2+  (   S31/2)  0.77     73.1324      0.0000     -0.1443
 j =31/2-  (   r31/2)  0.74     44.8151      0.0000     -0.0346
 j =31/2-  (   r31/2)  0.74     63.3739      0.0000     -0.2000
 j =33/2+  (   S33/2)  0.72     47.6059      0.0000     -0.0245
 j =33/2+  (   S33/2)  0.71     68.9000      0.0000     -0.1457
 j =33/2-  (   t33/2)  0.98     60.7460      0.0000     -0.0600
 j =35/2+  (   u35/2)  0.98     64.1727      0.0000     -0.0419
 j =35/2-  (   t35/2)  0.98     59.9421      0.0000     -0.0600
 j =37/2+  (   u37/2)  0.98     63.6086      0.0000     -0.0419
 single-particle energies and gaps  in the canonical basis: Proton: 
 ------------------------------------------------------------------
    j pi     (nr,l,j)  smax       Ecan       vvcan       decan
 j = 1/2+  (   s 1/2)  0.77    -50.1769      0.9998      1.0336
 j = 1/2+  (   s 1/2)  0.72    -34.0327      0.9993      1.2874
 j = 1/2+  (   s 1/2)  0.93    -10.1902      0.3158      0.9780
 j = 1/2+  (   s 1/2)  0.57     13.6260      0.0000      0.0019
 j = 1/2+  (   s 1/2)  0.88     16.7991      0.0002      0.8219
 j = 1/2+  (   s 1/2)  0.53     27.9797      0.0000      0.0071
 j = 1/2+  (   s 1/2)  0.63     42.4356      0.0000      0.3553
 j = 1/2+  (   s 1/2)  0.51     50.0256      0.0000      0.0174
 j = 1/2+  (   s 1/2)  0.55     60.1529      0.0000      0.1918
 j = 1/2+  (   s 1/2)  0.74     87.7106      0.0000      0.0762
 j = 1/2-  (   p 1/2)  0.94    -45.1688      0.9998      0.9490
 j = 1/2-  (   p 1/2)  0.92    -22.4340      0.9987      0.8556
 j = 1/2-  (   p 1/2)  0.95      1.3990      0.0006      0.5803
 j = 1/2-  (   p 1/2)  0.59     14.0414      0.0000      0.0027
 j = 1/2-  (   p 1/2)  0.53     28.4507      0.0000      0.0108
 j = 1/2-  (   p 1/2)  0.78     28.9470      0.0000      0.4322
 j = 1/2-  (   p 1/2)  0.60     50.1099      0.0000      0.0316
 j = 1/2-  (   p 1/2)  0.65     53.4239      0.0000      0.2410
 j = 1/2-  (   p 1/2)  0.71     87.3299      0.0000      0.1105
 j = 3/2+  (   d 3/2)  0.97    -37.1243      0.9997      0.8470
 j = 3/2+  (   d 3/2)  0.96    -11.7398      0.9246      0.7224
 j = 3/2+  (   d 3/2)  0.92     11.8871      0.0001      0.3816
 j = 3/2+  (   d 3/2)  0.57     14.3417      0.0000      0.0016
 j = 3/2+  (   d 3/2)  0.53     28.8336      0.0000      0.0061
 j = 3/2+  (   d 3/2)  0.72     38.2604      0.0000      0.2616
 j = 3/2+  (   d 3/2)  0.53     50.8926      0.0000      0.0162
 j = 3/2+  (   d 3/2)  0.62     66.9395      0.0000      0.1713
 j = 3/2+  (   d 3/2)  0.73     90.8860      0.0000      0.0744
 j = 3/2-  (   p 3/2)  0.93    -45.7062      0.9998      0.9493
 j = 3/2-  (   p 3/2)  0.90    -23.0929      0.9988      0.8583
 j = 3/2-  (   p 3/2)  0.94      1.0468      0.0006      0.5714
 j = 3/2-  (   p 3/2)  0.59     14.0256      0.0000      0.0027
 j = 3/2-  (   p 3/2)  0.53     28.4292      0.0000      0.0109
 j = 3/2-  (   p 3/2)  0.79     29.0228      0.0000      0.4387
 j = 3/2-  (   p 3/2)  0.60     49.8928      0.0000      0.0315
 j = 3/2-  (   p 3/2)  0.65     53.5977      0.0000      0.2419
 j = 3/2-  (   p 3/2)  0.71     87.0083      0.0000      0.1101
 j = 5/2+  (   d 5/2)  0.96    -38.5691      0.9998      0.8553
 j = 5/2+  (   d 5/2)  0.95    -13.2719      0.9831      0.7192
 j = 5/2+  (   d 5/2)  0.92     10.9574      0.0001      0.3818
 j = 5/2+  (   d 5/2)  0.57     14.3096      0.0000      0.0016
 j = 5/2+  (   d 5/2)  0.53     28.7556      0.0000      0.0061
 j = 5/2+  (   d 5/2)  0.73     38.3814      0.0000      0.2618
 j = 5/2+  (   d 5/2)  0.53     50.6126      0.0000      0.0161
 j = 5/2+  (   d 5/2)  0.62     67.1811      0.0000      0.1704
 j = 5/2+  (   d 5/2)  0.73     90.3653      0.0000      0.0741
 j = 5/2-  (   f 5/2)  0.98    -27.7517      0.9995      0.7670
 j = 5/2-  (   f 5/2)  0.96     -1.2500      0.0010      0.5938
 j = 5/2-  (   f 5/2)  0.59     15.5101      0.0000      0.0023
 j = 5/2-  (   f 5/2)  0.86     23.3849      0.0000      0.3133
 j = 5/2-  (   f 5/2)  0.53     30.7311      0.0000      0.0085
 j = 5/2-  (   f 5/2)  0.65     48.4828      0.0000      0.1809
 j = 5/2-  (   f 5/2)  0.64     52.7905      0.0000      0.0313
 j = 5/2-  (   f 5/2)  0.65     92.2631      0.0000      0.0992
 j = 7/2+  (   g 7/2)  0.98    -17.5018      0.9975      0.6973
 j = 7/2+  (   g 7/2)  0.93      9.5576      0.0001      0.4627
 j = 7/2+  (   g 7/2)  0.57     16.0745      0.0000      0.0013
 j = 7/2+  (   g 7/2)  0.51     30.9794      0.0000      0.0047
 j = 7/2+  (   g 7/2)  0.73     35.4114      0.0000      0.2616
 j = 7/2+  (   g 7/2)  0.57     52.5940      0.0000      0.0151
 j = 7/2+  (   g 7/2)  0.66     60.4748      0.0000      0.1412
 j = 7/2+  (   g 7/2)  0.69     96.0527      0.0000      0.0666
 j = 7/2-  (   f 7/2)  0.97    -30.4297      0.9996      0.7840
 j = 7/2-  (   f 7/2)  0.96     -3.4739      0.0017      0.5789
 j = 7/2-  (   f 7/2)  0.59     15.4946      0.0000      0.0024
 j = 7/2-  (   f 7/2)  0.87     21.8254      0.0000      0.3181
 j = 7/2-  (   f 7/2)  0.54     30.7667      0.0000      0.0086
 j = 7/2-  (   f 7/2)  0.65     47.7626      0.0000      0.1801
 j = 7/2-  (   f 7/2)  0.64     52.3889      0.0000      0.0314
 j = 7/2-  (   f 7/2)  0.65     92.2807      0.0000      0.0994
 j = 9/2+  (   g 9/2)  0.98    -21.6460      0.9990      0.7172
 j = 9/2+  (   g 9/2)  0.94      6.8446      0.0002      0.4475
 j = 9/2+  (   g 9/2)  0.57     16.0504      0.0000      0.0013
 j = 9/2+  (   g 9/2)  0.50     30.9599      0.0000      0.0048
 j = 9/2+  (   g 9/2)  0.74     33.4992      0.0000      0.2665
 j = 9/2+  (   g 9/2)  0.57     52.2407      0.0000      0.0152
 j = 9/2+  (   g 9/2)  0.66     59.2259      0.0000      0.1393
 j = 9/2+  (   g 9/2)  0.69     95.4492      0.0000      0.0666
 j = 9/2-  (   h 9/2)  0.98     -6.7969      0.0069      0.6335
 j = 9/2-  (   h 9/2)  0.58     17.9204      0.0000      0.0024
 j = 9/2-  (   h 9/2)  0.87     20.4432      0.0000      0.3409
 j = 9/2-  (   h 9/2)  0.52     32.5259      0.0000      0.0101
 j = 9/2-  (   h 9/2)  0.65     46.9292      0.0000      0.2124
 j = 9/2-  (   h 9/2)  0.65     53.6091      0.0000      0.0359
 j = 9/2-  (   h 9/2)  0.66     91.2537      0.0000      0.0979
 j =11/2+  (   i11/2)  0.96      4.1777      0.0004      0.5647
 j =11/2+  (   i11/2)  0.56     18.9780      0.0000      0.0013
 j =11/2+  (   i11/2)  0.80     30.9305      0.0000      0.2522
 j =11/2+  (   i11/2)  0.54     33.1747      0.0000      0.0059
 j =11/2+  (   i11/2)  0.59     54.0899      0.0000      0.0182
 j =11/2+  (   i11/2)  0.66     61.3611      0.0000      0.1689
 j =11/2+  (   i11/2)  0.70     93.7900      0.0000      0.0730
 j =11/2-  (   h11/2)  0.98    -12.5097      0.9742      0.6457
 j =11/2-  (   h11/2)  0.88     17.3361      0.0000      0.3337
 j =11/2-  (   h11/2)  0.59     17.8702      0.0000      0.0026
 j =11/2-  (   h11/2)  0.52     32.4322      0.0000      0.0106
 j =11/2-  (   h11/2)  0.65     44.7821      0.0000      0.2155
 j =11/2-  (   h11/2)  0.66     52.6986      0.0000      0.0364
 j =11/2-  (   h11/2)  0.66     89.7316      0.0000      0.0973
 j =13/2+  (   i13/2)  0.97     -3.1206      0.0015      0.5725
 j =13/2+  (   i13/2)  0.56     18.9511      0.0000      0.0014
 j =13/2+  (   i13/2)  0.82     27.2706      0.0000      0.2500
 j =13/2+  (   i13/2)  0.54     33.1537      0.0000      0.0063
 j =13/2+  (   i13/2)  0.59     53.5127      0.0000      0.0189
 j =13/2+  (   i13/2)  0.66     58.9322      0.0000      0.1706
 j =13/2+  (   i13/2)  0.71     91.6963      0.0000      0.0734
 j =13/2-  (   j13/2)  0.93     15.1114      0.0001      0.4856
 j =13/2-  (   j13/2)  0.57     21.7212      0.0000      0.0023
 j =13/2-  (   j13/2)  0.52     35.9973      0.0000      0.0117
 j =13/2-  (   j13/2)  0.71     41.5422      0.0000      0.1953
 j =13/2-  (   j13/2)  0.70     56.2554      0.0000      0.0430
 j =13/2-  (   j13/2)  0.65     89.3176      0.0000      0.1076
 j =15/2+  (   k15/2)  0.55     23.2055      0.0000      0.0013
 j =15/2+  (   k15/2)  0.88     26.2285      0.0000      0.4103
 j =15/2+  (   k15/2)  0.51     37.7498      0.0000      0.0062
 j =15/2+  (   k15/2)  0.65     52.5379      0.0000      0.1547
 j =15/2+  (   k15/2)  0.66     58.2004      0.0000      0.0226
 j =15/2+  (   k15/2)  0.66     94.5309      0.0000      0.0784
 j =15/2-  (   j15/2)  0.94      6.5563      0.0002      0.4927
 j =15/2-  (   j15/2)  0.57     21.6478      0.0000      0.0025
 j =15/2-  (   j15/2)  0.53     35.8685      0.0000      0.0125
 j =15/2-  (   j15/2)  0.73     37.1088      0.0000      0.1955
 j =15/2-  (   j15/2)  0.70     54.9097      0.0000      0.0435
 j =15/2-  (   j15/2)  0.65     86.8884      0.0000      0.1077
 j =17/2+  (   k17/2)  0.89     16.5463      0.0001      0.4171
 j =17/2+  (   k17/2)  0.55     23.1460      0.0000      0.0013
 j =17/2+  (   k17/2)  0.51     37.6459      0.0000      0.0066
 j =17/2+  (   k17/2)  0.64     47.4306      0.0000      0.1553
 j =17/2+  (   k17/2)  0.66     57.0974      0.0000      0.0231
 j =17/2+  (   k17/2)  0.66     91.9149      0.0000      0.0782
 j =17/2-  (   l17/2)  0.56     26.8760      0.0000      0.0028
 j =17/2-  (   l17/2)  0.82     37.1457      0.0000      0.3380
 j =17/2-  (   l17/2)  0.65     40.5814      0.0000      0.0191
 j =17/2-  (   l17/2)  0.73     57.9905      0.0000      0.0612
 j =17/2-  (   l17/2)  0.66     86.0280      0.0000      0.0871
 j =19/2+  (   m19/2)  0.57     28.7735      0.0000      0.0014
 j =19/2+  (   m19/2)  0.62     43.2428      0.0000      0.0101
 j =19/2+  (   m19/2)  0.74     48.4644      0.0000      0.2737
 j =19/2+  (   m19/2)  0.70     61.2459      0.0000      0.0371
 j =19/2+  (   m19/2)  0.66     92.0851      0.0000      0.0770
 j =19/2-  (   l19/2)  0.83     26.6556      0.0000      0.3435
 j =19/2-  (   l19/2)  0.55     26.7257      0.0000      0.0035
 j =19/2-  (   l19/2)  0.65     39.7789      0.0000      0.0246
 j =19/2-  (   l19/2)  0.73     54.8948      0.0000      0.0608
 j =19/2-  (   l19/2)  0.68     81.8803      0.0000      0.0828
 j =21/2+  (   m21/2)  0.56     28.6832      0.0000      0.0016
 j =21/2+  (   m21/2)  0.75     37.2506      0.0000      0.2781
 j =21/2+  (   m21/2)  0.62     42.6871      0.0000      0.0129
 j =21/2+  (   m21/2)  0.71     58.7441      0.0000      0.0397
 j =21/2+  (   m21/2)  0.69     86.5532      0.0000      0.0730
 j =21/2-  (   n21/2)  0.63     33.9718      0.0000      0.0016
 j =21/2-  (   n21/2)  0.59     50.8164      0.0000      0.0100
 j =21/2-  (   n21/2)  0.65     60.7131      0.0000      0.2197
 j =21/2-  (   n21/2)  0.77     76.9398      0.0000      0.0562
 j =23/2+  (   o23/2)  0.61     36.0477      0.0000      0.0011
 j =23/2+  (   o23/2)  0.63     53.7523      0.0000      0.0052
 j =23/2+  (   o23/2)  0.61     72.1466      0.0000      0.1737
 j =23/2+  (   o23/2)  0.76     78.5639      0.0000      0.0372
 j =23/2-  (   n23/2)  0.64     33.8413      0.0000      0.0019
 j =23/2-  (   n23/2)  0.66     48.5846      0.0000      0.2235
 j =23/2-  (   n23/2)  0.59     50.0459      0.0000      0.0114
 j =23/2-  (   n23/2)  0.79     71.9116      0.0000      0.0552
 j =25/2+  (   o25/2)  0.61     35.9340      0.0000      0.0013
 j =25/2+  (   o25/2)  0.63     53.2641      0.0000      0.0058
 j =25/2+  (   o25/2)  0.61     59.3040      0.0000      0.1767
 j =25/2+  (   o25/2)  0.77     74.3819      0.0000      0.0369
 j =25/2-  (   P25/2)  0.67     42.7119      0.0000      0.0020
 j =25/2-  (   P25/2)  0.79     60.0280      0.0000      0.0265
 j =25/2-  (   P25/2)  0.73     79.8061      0.0000      0.1030
 j =27/2+  (   q27/2)  0.68     45.1667      0.0000      0.0013
 j =27/2+  (   q27/2)  0.80     64.5350      0.0000      0.0123
 j =27/2+  (   q27/2)  0.70     85.0599      0.0000      0.0761
 j =27/2-  (   P27/2)  0.64     42.4601      0.0000      0.0036
 j =27/2-  (   P27/2)  0.79     57.2803      0.0000      0.0441
 j =27/2-  (   P27/2)  0.80     70.6470      0.0000      0.0854
 j =29/2+  (   q29/2)  0.66     44.9749      0.0000      0.0020
 j =29/2+  (   q29/2)  0.80     62.9818      0.0000      0.0184
 j =29/2+  (   q29/2)  0.75     76.3370      0.0000      0.0703
 j =29/2-  (   r29/2)  0.77     54.3959      0.0000      0.0013
 j =29/2-  (   r29/2)  0.76     77.2810      0.0000      0.0336
 j =31/2+  (   S31/2)  0.76     57.1752      0.0000      0.0009
 j =31/2+  (   S31/2)  0.76     82.1816      0.0000      0.0202
 j =31/2-  (   r31/2)  0.76     54.1623      0.0000      0.0014
 j =31/2-  (   r31/2)  0.75     72.8750      0.0000      0.0337
 j =33/2+  (   S33/2)  0.75     56.9827      0.0000      0.0009
 j =33/2+  (   S33/2)  0.75     78.8211      0.0000      0.0202
 j =33/2-  (   t33/2)  0.98     70.9078      0.0000      0.0039
 j =35/2+  (   u35/2)  0.98     74.3214      0.0000      0.0022
 j =35/2-  (   t35/2)  0.98     70.1110      0.0000      0.0039
 j =37/2+  (   u37/2)  0.98     73.7548      0.0000      0.0022
  ****** END CANON **********************************
  ****** BEGIN RESU *********************************
   ****** BEGIN EXPECT *******

                            neutron        proton         total
 particle number           134.000000      80.000000     214.000000
 trace scalar density      127.681450      76.949253     204.630703
 lambda                     -3.151079     -10.577712
 spk                       -15.209107       5.213375
 rms-Radius                  5.772884       5.514947       5.677831
 charge-Radius                              5.572669
 Particle Energ          -3182.693198   -1998.748071   -5181.441269
 Selfconsistency Test.                                     0.000007

 Kinetic Energy           1862.795670     889.881988    2752.677658
 E-scsc                                               -32687.924162
 E-scve                                                27386.549496
 E-vesc                                                    0.000000
 E-veve                                                  145.592890
 E-rearrang.                                             818.705922
 Coulomb direct                                          779.369347
 Pairing Energy            -15.445076      -3.379523     -18.824599
 Sum without E-cm                                      -1642.559369
DE-cm <P**2>/2M            -12.583197      -6.008993     -18.592190
NE-cm <P**2>/2M              9.378358       3.871593      13.249951
 E-cm <P**2>/2M             -3.204839      -2.137400      -5.342239
 Total Energy                                          -1647.901608
 E/A                                                      -7.700475

  ****** END EXPECT *********************************


 quasi-particle properties Neutron:
 ------------------------------------------------------------------
     p/h    l j     [nr,l,j]  smax       Eqp       uu       vv
   1  p   1s 1/2   ( 4s  1/2) 0.84     2.903     0.989     0.011
   2  p   2s 1/2   ( 6s  1/2) 0.47     8.121     0.998     0.002
   3  h   3s 1/2   ( 3s  1/2) 0.95    14.769     0.013     0.987
   4  p   4s 1/2   ( 5s  1/2) 0.69    16.984     0.990     0.010
   5  p   5s 1/2   ( 6s  1/2) 0.55    29.312     1.000     0.000
   6  h   6s 1/2   ( 2s  1/2) 0.89    38.836     0.000     1.000
   7  p   7s 1/2   ( 6s  1/2) 0.54    44.491     1.000     0.000
   8  h   8s 1/2   ( 1s  1/2) 0.92    58.397     0.000     1.000
   9  p   9s 1/2   ( 8s  1/2) 0.60    63.837     1.000     0.000
  10  p  10s 1/2   ( 9s  1/2) 0.64    95.479     1.000     0.000
  11  h   1p 1/2   ( 3p  1/2) 0.96     4.903     0.021     0.979
  12  p   2p 1/2   ( 4p  1/2) 0.59     6.236     0.992     0.008
  13  p   3p 1/2   ( 4p  1/2) 0.70    13.076     1.000     0.000
  14  p   4p 1/2   ( 5p  1/2) 0.69    24.274     1.000     0.000
  15  h   5p 1/2   ( 2p  1/2) 0.95    28.145     0.001     0.999
  16  p   6p 1/2   ( 6p  1/2) 0.61    38.945     1.000     0.000
  17  h   7p 1/2   ( 1p  1/2) 0.96    51.803     0.000     1.000
  18  p   8p 1/2   ( 7p  1/2) 0.65    57.344     1.000     0.000
  19  p   9p 1/2   ( 8p  1/2) 0.64    87.639     1.000     0.000
  20  p   1d 3/2   ( 3d  3/2) 0.90     2.950     0.984     0.016
  21  p   2d 3/2   ( 5d  3/2) 0.47     8.392     0.998     0.002
  22  h   3d 3/2   ( 2d  3/2) 0.85    16.695     0.247     0.753
  23  p   4d 3/2   ( 4d  3/2) 0.63    17.171     0.755     0.245
  24  p   5d 3/2   ( 5d  3/2) 0.59    29.130     1.000     0.000
  25  h   6d 3/2   ( 1d  3/2) 0.98    43.167     0.001     0.999
  26  p   7d 3/2   ( 5d  3/2) 0.54    44.337     0.999     0.001
  27  p   8d 3/2   ( 7d  3/2) 0.61    63.707     1.000     0.000
  28  p   9d 3/2   ( 8d  3/2) 0.64    94.801     1.000     0.000
  29  h   1p 3/2   ( 3p  3/2) 0.96     5.313     0.026     0.974
  30  p   2p 3/2   ( 4p  3/2) 0.59     6.194     0.985     0.015
  31  p   3p 3/2   ( 4p  3/2) 0.69    12.960     1.000     0.000
  32  p   4p 3/2   ( 5p  3/2) 0.68    24.184     1.000     0.000
  33  h   5p 3/2   ( 2p  3/2) 0.94    28.754     0.001     0.999
  34  p   6p 3/2   ( 6p  3/2) 0.60    38.805     1.000     0.000
  35  h   7p 3/2   ( 1p  3/2) 0.95    52.187     0.000     1.000
  36  p   8p 3/2   ( 7p  3/2) 0.64    57.080     1.000     0.000
  37  p   9p 3/2   ( 8p  3/2) 0.64    87.828     1.000     0.000
  38  p   1d 5/2   ( 3d  5/2) 0.91     2.391     0.974     0.026
  39  p   2d 5/2   ( 5d  5/2) 0.50     8.198     0.999     0.001
  40  p   3d 5/2   ( 4d  5/2) 0.71    16.763     0.986     0.014
  41  h   4d 5/2   ( 2d  5/2) 0.96    18.334     0.016     0.984
  42  p   5d 5/2   ( 5d  5/2) 0.59    28.913     1.000     0.000
  43  p   6d 5/2   ( 5d  5/2) 0.53    44.039     0.982     0.018
  44  h   7d 5/2   ( 1d  5/2) 0.96    44.369     0.019     0.981
  45  p   8d 5/2   ( 7d  5/2) 0.60    63.216     1.000     0.000
  46  p   9d 5/2   ( 8d  5/2) 0.63    95.092     1.000     0.000
  47  h   1f 5/2   ( 2f  5/2) 0.98     6.208     0.011     0.989
  48  p   2f 5/2   ( 3f  5/2) 0.66     7.201     0.999     0.001
  49  p   3f 5/2   ( 3f  5/2) 0.68    13.215     0.999     0.001
  50  p   4f 5/2   ( 4f  5/2) 0.72    24.112     1.000     0.000
  51  h   5f 5/2   ( 1f  5/2) 0.98    33.206     0.001     0.999
  52  p   6f 5/2   ( 5f  5/2) 0.65    38.646     1.000     0.000
  53  p   7f 5/2   ( 6f  5/2) 0.67    56.901     1.000     0.000
  54  p   8f 5/2   ( 7f  5/2) 0.64    86.633     1.000     0.000
  55  p   1g 7/2   ( 2g  7/2) 0.95     3.028     0.971     0.029
  56  p   2g 7/2   ( 4g  7/2) 0.48     9.538     0.999     0.001
  57  p   3g 7/2   ( 3g  7/2) 0.75    17.591     0.999     0.001
  58  h   4g 7/2   ( 1g  7/2) 0.98    22.350     0.002     0.998
  59  p   5g 7/2   ( 4g  7/2) 0.64    29.020     1.000     0.000
  60  p   6g 7/2   ( 5g  7/2) 0.57    44.058     1.000     0.000
  61  p   7g 7/2   ( 6g  7/2) 0.63    63.203     1.000     0.000
  62  p   8g 7/2   ( 7g  7/2) 0.64    93.679     1.000     0.000
  63  p   1f 7/2   ( 3f  7/2) 0.70     6.883     0.999     0.001
  64  h   2f 7/2   ( 2f  7/2) 0.98     8.336     0.007     0.993
  65  p   3f 7/2   ( 3f  7/2) 0.64    12.556     0.998     0.002
  66  p   4f 7/2   ( 4f  7/2) 0.73    23.532     1.000     0.000
  67  h   5f 7/2   ( 1f  7/2) 0.98    35.534     0.001     0.999
  68  p   6f 7/2   ( 5f  7/2) 0.64    38.036     0.999     0.001
  69  p   7f 7/2   ( 6f  7/2) 0.66    55.986     1.000     0.000
  70  p   8f 7/2   ( 7f  7/2) 0.64    86.718     1.000     0.000
  71  p   1g 9/2   ( 2g  9/2) 0.85     1.223     0.764     0.236
  72  p   2g 9/2   ( 3g  9/2) 0.50     9.239     1.000     0.000
  73  p   3g 9/2   ( 3g  9/2) 0.74    16.792     1.000     0.000
  74  h   4g 9/2   ( 1g  9/2) 0.98    26.088     0.001     0.999
  75  p   5g 9/2   ( 4g  9/2) 0.66    28.115     1.000     0.000
  76  p   6g 9/2   ( 5g  9/2) 0.58    43.023     1.000     0.000
  77  p   7g 9/2   ( 6g  9/2) 0.63    61.761     1.000     0.000
  78  p   8g 9/2   ( 7g  9/2) 0.64    93.278     1.000     0.000
  79  p   1h 9/2   ( 2h  9/2) 0.78     8.954     0.996     0.004
  80  h   2h 9/2   ( 1h  9/2) 0.97    11.046     0.012     0.988
  81  p   3h 9/2   ( 2h  9/2) 0.56    13.744     0.995     0.005
  82  p   4h 9/2   ( 3h  9/2) 0.76    24.318     1.000     0.000
  83  p   5h 9/2   ( 4h  9/2) 0.68    38.480     1.000     0.000
  84  p   6h 9/2   ( 5h  9/2) 0.68    56.408     1.000     0.000
  85  p   7h 9/2   ( 6h  9/2) 0.64    85.454     1.000     0.000
  86  p   1i11/2   ( 1i 11/2) 0.75     1.200     0.592     0.408
  87  p   2i11/2   ( 2i 11/2) 0.52    11.936     1.000     0.000
  88  p   3i11/2   ( 2i 11/2) 0.77    18.362     1.000     0.000
  89  p   4i11/2   ( 3i 11/2) 0.71    28.828     1.000     0.000
  90  p   5i11/2   ( 4i 11/2) 0.62    43.701     1.000     0.000
  91  p   6i11/2   ( 5i 11/2) 0.66    62.413     1.000     0.000
  92  p   7i11/2   ( 6i 11/2) 0.64    92.367     1.000     0.000
  93  p   1h11/2   ( 2h 11/2) 0.90     7.706     0.998     0.002
  94  p   2h11/2   ( 4h 11/2) 0.51    12.640     0.998     0.002
  95  h   3h11/2   ( 1h 11/2) 0.98    16.336     0.004     0.996
  96  p   4h11/2   ( 3h 11/2) 0.76    23.295     1.000     0.000
  97  p   5h11/2   ( 4h 11/2) 0.70    37.141     1.000     0.000
  98  p   6h11/2   ( 5h 11/2) 0.69    54.423     1.000     0.000
  99  p   7h11/2   ( 6h 11/2) 0.64    84.086     1.000     0.000
 100  h   1i13/2   ( 1i 13/2) 0.97     6.567     0.009     0.991
 101  p   2i13/2   ( 2i 13/2) 0.61    11.579     1.000     0.000
 102  p   3i13/2   ( 2i 13/2) 0.73    16.817     1.000     0.000
 103  p   4i13/2   ( 3i 13/2) 0.74    27.426     1.000     0.000
 104  p   5i13/2   ( 4i 13/2) 0.65    42.146     1.000     0.000
 105  p   6i13/2   ( 5i 13/2) 0.66    60.065     1.000     0.000
 106  p   7i13/2   ( 6i 13/2) 0.64    90.372     1.000     0.000
 107  p   1j13/2   ( 1j 13/2) 0.96    10.408     0.998     0.002
 108  p   2j13/2   ( 4j 13/2) 0.50    15.423     1.000     0.000
 109  p   3j13/2   ( 2j 13/2) 0.79    24.910     1.000     0.000
 110  p   4j13/2   ( 3j 13/2) 0.73    37.913     1.000     0.000
 111  p   5j13/2   ( 4j 13/2) 0.71    55.475     1.000     0.000
 112  p   6j13/2   ( 5j 13/2) 0.64    83.494     1.000     0.000
 113  p   1k15/2   ( 1k 15/2) 0.51    16.220     1.000     0.000
 114  p   2k15/2   ( 1k 15/2) 0.82    20.364     1.000     0.000
 115  p   3k15/2   ( 2k 15/2) 0.77    29.707     1.000     0.000
 116  p   4k15/2   ( 3k 15/2) 0.68    43.254     1.000     0.000
 117  p   5k15/2   ( 4k 15/2) 0.69    61.226     1.000     0.000
 118  p   6k15/2   ( 5k 15/2) 0.65    89.860     1.000     0.000
 119  p   1j15/2   ( 1j 15/2) 0.96     3.305     0.972     0.028
 120  p   2j15/2   ( 2j 15/2) 0.56    14.819     1.000     0.000
 121  p   3j15/2   ( 2j 15/2) 0.77    23.101     1.000     0.000
 122  p   4j15/2   ( 3j 15/2) 0.75    35.952     1.000     0.000
 123  p   5j15/2   ( 4j 15/2) 0.72    52.735     1.000     0.000
 124  p   6j15/2   ( 6j 15/2) 0.64    80.980     1.000     0.000
 125  p   1k17/2   ( 1k 17/2) 0.97    12.099     0.999     0.001
 126  p   2k17/2   ( 3k 17/2) 0.51    17.149     1.000     0.000
 127  p   3k17/2   ( 2k 17/2) 0.79    27.263     1.000     0.000
 128  p   4k17/2   ( 3k 17/2) 0.73    40.749     1.000     0.000
 129  p   5k17/2   ( 4k 17/2) 0.71    57.795     1.000     0.000
 130  p   6k17/2   ( 5k 17/2) 0.64    86.987     1.000     0.000
 131  p   1l17/2   ( 3l 17/2) 0.54    20.121     1.000     0.000
 132  p   2l17/2   ( 1l 17/2) 0.84    27.828     1.000     0.000
 133  p   3l17/2   ( 2l 17/2) 0.76    38.677     1.000     0.000
 134  p   4l17/2   ( 3l 17/2) 0.73    55.063     1.000     0.000
 135  p   5l17/2   ( 5l 17/2) 0.66    80.671     1.000     0.000
 136  p   1m19/2   ( 3m 19/2) 0.56    22.474     1.000     0.000
 137  p   2m19/2   ( 1m 19/2) 0.81    32.759     1.000     0.000
 138  p   3m19/2   ( 2m 19/2) 0.69    44.128     1.000     0.000
 139  p   4m19/2   ( 3m 19/2) 0.70    61.192     1.000     0.000
 140  p   5m19/2   ( 4m 19/2) 0.65    87.203     1.000     0.000
 141  p   1l19/2   ( 1l 19/2) 0.77    19.120     1.000     0.000
 142  p   2l19/2   ( 1l 19/2) 0.61    22.453     1.000     0.000
 143  p   3l19/2   ( 2l 19/2) 0.78    35.208     1.000     0.000
 144  p   4l19/2   ( 3l 19/2) 0.75    50.466     1.000     0.000
 145  p   5l19/2   ( 5l 19/2) 0.69    76.432     1.000     0.000
 146  p   1m21/2   ( 3m 21/2) 0.54    22.304     1.000     0.000
 147  p   2m21/2   ( 1m 21/2) 0.88    28.852     1.000     0.000
 148  p   3m21/2   ( 2m 21/2) 0.80    39.631     1.000     0.000
 149  p   4m21/2   ( 3m 21/2) 0.75    55.603     1.000     0.000
 150  p   5m21/2   ( 5m 21/2) 0.67    81.476     1.000     0.000
 151  p   1n21/2   ( 2n 21/2) 0.60    27.262     1.000     0.000
 152  p   2n21/2   ( 1n 21/2) 0.81    40.197     1.000     0.000
 153  p   3n21/2   ( 2n 21/2) 0.74    55.206     1.000     0.000
 154  p   4n21/2   ( 4n 21/2) 0.67    79.212     1.000     0.000
 155  p   1o23/2   ( 2o 23/2) 0.60    29.718     1.000     0.000
 156  p   2o23/2   ( 1o 23/2) 0.80    44.222     1.000     0.000
 157  p   3o23/2   ( 2o 23/2) 0.72    60.292     1.000     0.000
 158  p   4o23/2   ( 4o 23/2) 0.65    85.694     1.000     0.000
 159  p   1n23/2   ( 2n 23/2) 0.57    27.026     1.000     0.000
 160  p   2n23/2   ( 1n 23/2) 0.84    37.062     1.000     0.000
 161  p   3n23/2   ( 2n 23/2) 0.75    49.066     1.000     0.000
 162  p   4n23/2   ( 4n 23/2) 0.73    70.677     1.000     0.000
 163  p   1o25/2   ( 2o 25/2) 0.59    29.600     1.000     0.000
 164  p   2o25/2   ( 1o 25/2) 0.85    42.388     1.000     0.000
 165  p   3o25/2   ( 2o 25/2) 0.77    54.505     1.000     0.000
 166  p   4o25/2   ( 4o 25/2) 0.72    75.846     1.000     0.000
 167  p   1P25/2   ( 2P 25/2) 0.68    36.078     1.000     0.000
 168  p   2P25/2   ( 1P 25/2) 0.77    53.655     1.000     0.000
 169  p   3P25/2   ( 3P 25/2) 0.70    76.782     1.000     0.000
 170  p   1q27/2   ( 2q 27/2) 0.68    38.756     1.000     0.000
 171  p   2q27/2   ( 1q 27/2) 0.78    57.668     1.000     0.000
 172  p   3q27/2   ( 3q 27/2) 0.69    81.868     1.000     0.000
 173  p   1P27/2   ( 2P 27/2) 0.65    35.881     1.000     0.000
 174  p   2P27/2   ( 1P 27/2) 0.78    51.383     1.000     0.000
 175  p   3P27/2   ( 3P 27/2) 0.76    67.038     1.000     0.000
 176  p   1q29/2   ( 2q 29/2) 0.66    38.610     1.000     0.000
 177  p   2q29/2   ( 1q 29/2) 0.79    56.281     1.000     0.000
 178  p   3q29/2   ( 3q 29/2) 0.73    72.850     1.000     0.000
 179  p   1r29/2   ( 1r 29/2) 0.78    47.510     1.000     0.000
 180  p   2r29/2   ( 2r 29/2) 0.77    71.994     1.000     0.000
 181  p   1S31/2   ( 1S 31/2) 0.78    50.481     1.000     0.000
 182  p   2S31/2   ( 2S 31/2) 0.77    76.284     1.000     0.000
 183  p   1r31/2   ( 1r 31/2) 0.78    47.308     1.000     0.000
 184  p   2r31/2   ( 2r 31/2) 0.77    67.475     1.000     0.000
 185  p   1S33/2   ( 1S 33/2) 0.77    50.323     1.000     0.000
 186  p   2S33/2   ( 2S 33/2) 0.76    72.823     1.000     0.000
 187  p   1t33/2   ( 1t 33/2) 0.98    63.897     1.000     0.000
 188  p   1u35/2   ( 1u 35/2) 0.98    67.324     1.000     0.000
 189  p   1t35/2   ( 1t 35/2) 0.98    63.093     1.000     0.000
 190  p   1u37/2   ( 1u 37/2) 0.98    66.760     1.000     0.000


 quasi-particle properties Proton: 
 ------------------------------------------------------------------
     p/h    l j     [nr,l,j]  smax       Eqp       uu       vv
   1  p   1s 1/2   ( 3s  1/2) 0.77     1.021     0.684     0.316
   2  p   2s 1/2   ( 4s  1/2) 0.88    19.581     0.994     0.006
   3  h   3s 1/2   ( 2s  1/2) 0.85    22.346     0.011     0.989
   4  p   4s 1/2   ( 6s  1/2) 0.48    24.381     0.995     0.005
   5  p   5s 1/2   ( 5s  1/2) 0.71    33.551     1.000     0.000
   6  h   6s 1/2   ( 1s  1/2) 0.90    40.758     0.000     1.000
   7  p   7s 1/2   ( 6s  1/2) 0.56    46.138     1.000     0.000
   8  p   8s 1/2   ( 6s  1/2) 0.53    60.943     1.000     0.000
   9  p   9s 1/2   ( 8s  1/2) 0.59    80.176     1.000     0.000
  11  p   1p 1/2   ( 3p  1/2) 0.96    10.600     0.999     0.001
  12  h   2p 1/2   ( 2p  1/2) 0.92    11.877     0.001     0.999
  13  p   3p 1/2   ( 4p  1/2) 0.56    23.298     1.000     0.000
  14  p   4p 1/2   ( 4p  1/2) 0.73    29.576     1.000     0.000
  15  h   5p 1/2   ( 1p  1/2) 0.94    34.614     0.000     1.000
  16  p   6p 1/2   ( 5p  1/2) 0.70    40.998     1.000     0.000
  17  p   7p 1/2   ( 6p  1/2) 0.62    55.454     1.000     0.000
  18  p   8p 1/2   ( 7p  1/2) 0.64    73.649     1.000     0.000
  20  h   1d 3/2   ( 2d  3/2) 0.92     1.367     0.075     0.925
  21  p   2d 3/2   ( 3d  3/2) 0.93    19.379     1.000     0.000
  22  p   3d 3/2   ( 5d  3/2) 0.48    24.787     1.000     0.000
  23  h   4d 3/2   ( 1d  3/2) 0.97    26.561     0.001     0.999
  24  p   5d 3/2   ( 4d  3/2) 0.74    33.746     1.000     0.000
  25  p   6d 3/2   ( 5d  3/2) 0.60    45.988     1.000     0.000
  26  p   7d 3/2   ( 6d  3/2) 0.53    60.832     1.000     0.000
  27  p   8d 3/2   ( 7d  3/2) 0.61    80.024     1.000     0.000
  29  p   1p 3/2   ( 3p  3/2) 0.95    10.268     0.999     0.001
  30  h   2p 3/2   ( 2p  3/2) 0.90    12.537     0.001     0.999
  31  p   3p 3/2   ( 4p  3/2) 0.56    23.266     1.000     0.000
  32  p   4p 3/2   ( 4p  3/2) 0.73    29.462     1.000     0.000
  33  h   5p 3/2   ( 1p  3/2) 0.93    35.149     0.000     1.000
  34  p   6p 3/2   ( 5p  3/2) 0.69    40.932     1.000     0.000
  35  p   7p 3/2   ( 6p  3/2) 0.61    55.335     1.000     0.000
  36  p   8p 3/2   ( 7p  3/2) 0.63    73.417     1.000     0.000
  38  h   1d 5/2   ( 2d  5/2) 0.94     2.783     0.017     0.983
  39  p   2d 5/2   ( 3d  5/2) 0.94    18.752     1.000     0.000
  40  p   3d 5/2   ( 5d  5/2) 0.50    24.665     1.000     0.000
  41  h   4d 5/2   ( 1d  5/2) 0.96    28.009     0.001     0.999
  42  p   5d 5/2   ( 4d  5/2) 0.73    33.512     1.000     0.000
  43  p   6d 5/2   ( 5d  5/2) 0.59    45.798     1.000     0.000
  44  p   7d 5/2   ( 6d  5/2) 0.52    60.586     1.000     0.000
  45  p   8d 5/2   ( 7d  5/2) 0.59    79.599     1.000     0.000
  47  p   1f 5/2   ( 2f  5/2) 0.98     8.943     0.999     0.001
  48  h   2f 5/2   ( 1f  5/2) 0.98    17.191     0.001     0.999
  49  p   3f 5/2   ( 3f  5/2) 0.63    24.388     1.000     0.000
  50  p   4f 5/2   ( 3f  5/2) 0.71    29.641     1.000     0.000
  51  p   5f 5/2   ( 4f  5/2) 0.73    40.973     1.000     0.000
  52  p   6f 5/2   ( 5f  5/2) 0.64    55.348     1.000     0.000
  53  p   7f 5/2   ( 6f  5/2) 0.66    73.286     1.000     0.000
  55  h   1g 7/2   ( 1g  7/2) 0.98     6.958     0.003     0.997
  56  p   2g 7/2   ( 2g  7/2) 0.98    18.055     1.000     0.000
  57  p   3g 7/2   ( 4g  7/2) 0.48    26.168     1.000     0.000
  58  p   4g 7/2   ( 3g  7/2) 0.78    34.322     1.000     0.000
  59  p   5g 7/2   ( 4g  7/2) 0.65    45.767     1.000     0.000
  60  p   6g 7/2   ( 5g  7/2) 0.57    60.692     1.000     0.000
  61  p   7g 7/2   ( 6g  7/2) 0.62    79.558     1.000     0.000
  63  p   1f 7/2   ( 2f  7/2) 0.97     6.855     0.998     0.002
  64  h   2f 7/2   ( 1f  7/2) 0.97    19.867     0.000     1.000
  65  p   3f 7/2   ( 3f  7/2) 0.69    24.074     1.000     0.000
  66  p   4f 7/2   ( 3f  7/2) 0.66    28.901     1.000     0.000
  67  p   5f 7/2   ( 4f  7/2) 0.73    40.440     1.000     0.000
  68  p   6f 7/2   ( 5f  7/2) 0.64    54.774     1.000     0.000
  69  p   7f 7/2   ( 6f  7/2) 0.65    72.439     1.000     0.000
  71  h   1g 9/2   ( 1g  9/2) 0.98    11.091     0.001     0.999
  72  p   2g 9/2   ( 2g  9/2) 0.98    15.817     1.000     0.000
  73  p   3g 9/2   ( 4g  9/2) 0.48    25.999     1.000     0.000
  74  p   4g 9/2   ( 3g  9/2) 0.78    33.486     1.000     0.000
  75  p   5g 9/2   ( 4g  9/2) 0.67    44.839     1.000     0.000
  76  p   6g 9/2   ( 5g  9/2) 0.58    59.700     1.000     0.000
  77  p   7g 9/2   ( 6g  9/2) 0.62    78.160     1.000     0.000
  79  p   1h 9/2   ( 1h  9/2) 0.98     3.797     0.993     0.007
  80  p   2h 9/2   ( 2h  9/2) 0.87    25.479     1.000     0.000
  81  p   3h 9/2   ( 4h  9/2) 0.48    29.626     1.000     0.000
  82  p   4h 9/2   ( 3h  9/2) 0.77    41.030     1.000     0.000
  83  p   5h 9/2   ( 4h  9/2) 0.69    55.021     1.000     0.000
  84  p   6h 9/2   ( 5h  9/2) 0.68    72.547     1.000     0.000
  86  p   1i11/2   ( 1i 11/2) 0.98    14.364     1.000     0.000
  87  p   2i11/2   ( 2i 11/2) 0.48    28.844     1.000     0.000
  88  p   3i11/2   ( 2i 11/2) 0.82    34.603     1.000     0.000
  89  p   4i11/2   ( 3i 11/2) 0.74    45.150     1.000     0.000
  90  p   5i11/2   ( 4i 11/2) 0.63    60.115     1.000     0.000
  91  p   6i11/2   ( 5i 11/2) 0.66    78.340     1.000     0.000
  93  h   1h11/2   ( 1h 11/2) 0.97     2.037     0.026     0.974
  94  p   2h11/2   ( 2h 11/2) 0.95    23.776     1.000     0.000
  95  p   3h11/2   ( 4h 11/2) 0.53    28.896     1.000     0.000
  96  p   4h11/2   ( 3h 11/2) 0.78    40.120     1.000     0.000
  97  p   5h11/2   ( 4h 11/2) 0.71    53.708     1.000     0.000
  98  p   6h11/2   ( 5h 11/2) 0.68    70.629     1.000     0.000
 100  p   1i13/2   ( 1i 13/2) 0.98     7.378     0.999     0.001
 101  p   2i13/2   ( 2i 13/2) 0.60    28.503     1.000     0.000
 102  p   3i13/2   ( 2i 13/2) 0.76    32.761     1.000     0.000
 103  p   4i13/2   ( 3i 13/2) 0.77    43.900     1.000     0.000
 104  p   5i13/2   ( 4i 13/2) 0.66    58.674     1.000     0.000
 105  p   6i13/2   ( 5i 13/2) 0.66    76.080     1.000     0.000
 107  p   1j13/2   ( 1j 13/2) 0.98    24.380     1.000     0.000
 108  p   2j13/2   ( 4j 13/2) 0.51    32.137     1.000     0.000
 109  p   3j13/2   ( 2j 13/2) 0.82    41.742     1.000     0.000
 110  p   4j13/2   ( 3j 13/2) 0.75    54.167     1.000     0.000
 111  p   5j13/2   ( 4j 13/2) 0.72    71.252     1.000     0.000
 113  p   1k15/2   ( 1k 15/2) 0.77    32.492     1.000     0.000
 114  p   2k15/2   ( 1k 15/2) 0.61    34.914     1.000     0.000
 115  p   3k15/2   ( 2k 15/2) 0.80    46.271     1.000     0.000
 116  p   4k15/2   ( 3k 15/2) 0.70    59.623     1.000     0.000
 117  p   5k15/2   ( 4k 15/2) 0.70    76.901     1.000     0.000
 119  p   1j15/2   ( 1j 15/2) 0.97    16.639     1.000     0.000
 120  p   2j15/2   ( 2j 15/2) 0.53    31.773     1.000     0.000
 121  p   3j15/2   ( 2j 15/2) 0.80    39.664     1.000     0.000
 122  p   4j15/2   ( 3j 15/2) 0.77    52.301     1.000     0.000
 123  p   5j15/2   ( 4j 15/2) 0.72    68.722     1.000     0.000
 124  p   6j15/2   ( 6j 15/2) 0.64    97.605     1.000     0.000
 125  p   1k17/2   ( 1k 17/2) 0.97    25.695     1.000     0.000
 126  p   2k17/2   ( 4k 17/2) 0.52    33.680     1.000     0.000
 127  p   3k17/2   ( 2k 17/2) 0.81    44.074     1.000     0.000
 128  p   4k17/2   ( 3k 17/2) 0.76    57.100     1.000     0.000
 129  p   5k17/2   ( 4k 17/2) 0.72    73.669     1.000     0.000
 131  p   1l17/2   ( 3l 17/2) 0.52    37.030     1.000     0.000
 132  p   2l17/2   ( 1l 17/2) 0.85    42.746     1.000     0.000
 133  p   3l17/2   ( 2l 17/2) 0.79    54.652     1.000     0.000
 134  p   4l17/2   ( 3l 17/2) 0.74    70.696     1.000     0.000
 135  p   5l17/2   ( 5l 17/2) 0.66    96.639     1.000     0.000
 136  p   1m19/2   ( 3m 19/2) 0.56    39.254     1.000     0.000
 137  p   2m19/2   ( 1m 19/2) 0.88    48.848     1.000     0.000
 138  p   3m19/2   ( 2m 19/2) 0.76    59.447     1.000     0.000
 139  p   4m19/2   ( 3m 19/2) 0.72    76.453     1.000     0.000
 141  p   1l19/2   ( 1l 19/2) 0.96    34.197     1.000     0.000
 142  p   2l19/2   ( 2l 19/2) 0.58    37.953     1.000     0.000
 143  p   3l19/2   ( 2l 19/2) 0.77    52.021     1.000     0.000
 144  p   4l19/2   ( 3l 19/2) 0.75    66.306     1.000     0.000
 145  p   5l19/2   ( 5l 19/2) 0.69    92.474     1.000     0.000
 146  p   1m21/2   ( 3m 21/2) 0.54    39.048     1.000     0.000
 147  p   2m21/2   ( 1m 21/2) 0.87    43.323     1.000     0.000
 148  p   3m21/2   ( 2m 21/2) 0.80    55.927     1.000     0.000
 149  p   4m21/2   ( 3m 21/2) 0.76    71.425     1.000     0.000
 150  p   5m21/2   ( 5m 21/2) 0.68    97.296     1.000     0.000
 151  p   1n21/2   ( 2n 21/2) 0.58    44.295     1.000     0.000
 152  p   2n21/2   ( 1n 21/2) 0.85    56.813     1.000     0.000
 153  p   3n21/2   ( 2n 21/2) 0.76    69.711     1.000     0.000
 154  p   4n21/2   ( 4n 21/2) 0.68    94.317     1.000     0.000
 155  p   1o23/2   ( 3o 23/2) 0.59    46.543     1.000     0.000
 156  p   2o23/2   ( 1o 23/2) 0.84    61.482     1.000     0.000
 157  p   3o23/2   ( 2o 23/2) 0.75    75.032     1.000     0.000
 159  p   1n23/2   ( 3n 23/2) 0.56    43.982     1.000     0.000
 160  p   2n23/2   ( 1n 23/2) 0.83    52.407     1.000     0.000
 161  p   3n23/2   ( 2n 23/2) 0.72    64.605     1.000     0.000
 162  p   4n23/2   ( 4n 23/2) 0.74    86.018     1.000     0.000
 163  p   1o25/2   ( 3o 25/2) 0.58    46.403     1.000     0.000
 164  p   2o25/2   ( 1o 25/2) 0.88    58.836     1.000     0.000
 165  p   3o25/2   ( 2o 25/2) 0.77    69.533     1.000     0.000
 166  p   4o25/2   ( 4o 25/2) 0.73    90.827     1.000     0.000
 167  p   1P25/2   ( 2P 25/2) 0.67    53.290     1.000     0.000
 168  p   2P25/2   ( 1P 25/2) 0.79    70.606     1.000     0.000
 169  p   3P25/2   ( 3P 25/2) 0.73    90.384     1.000     0.000
 170  p   1q27/2   ( 2q 27/2) 0.68    55.744     1.000     0.000
 171  p   2q27/2   ( 1q 27/2) 0.80    75.113     1.000     0.000
 172  p   3q27/2   ( 3q 27/2) 0.70    95.638     1.000     0.000
 173  p   1P27/2   ( 2P 27/2) 0.64    53.038     1.000     0.000
 174  p   2P27/2   ( 1P 27/2) 0.79    67.858     1.000     0.000
 175  p   3P27/2   ( 3P 27/2) 0.80    81.225     1.000     0.000
 176  p   1q29/2   ( 2q 29/2) 0.66    55.553     1.000     0.000
 177  p   2q29/2   ( 1q 29/2) 0.80    73.560     1.000     0.000
 178  p   3q29/2   ( 3q 29/2) 0.75    86.915     1.000     0.000
 179  p   1r29/2   ( 1r 29/2) 0.77    64.974     1.000     0.000
 180  p   2r29/2   ( 2r 29/2) 0.76    87.859     1.000     0.000
 181  p   1S31/2   ( 1S 31/2) 0.76    67.753     1.000     0.000
 182  p   2S31/2   ( 2S 31/2) 0.76    92.759     1.000     0.000
 183  p   1r31/2   ( 1r 31/2) 0.76    64.740     1.000     0.000
 184  p   2r31/2   ( 2r 31/2) 0.75    83.453     1.000     0.000
 185  p   1S33/2   ( 1S 33/2) 0.75    67.560     1.000     0.000
 186  p   2S33/2   ( 2S 33/2) 0.75    89.399     1.000     0.000
 187  p   1t33/2   ( 1t 33/2) 0.98    81.486     1.000     0.000
 188  p   1u35/2   ( 1u 35/2) 0.98    84.899     1.000     0.000
 189  p   1t35/2   ( 1t 35/2) 0.98    80.689     1.000     0.000
 190  p   1u37/2   ( 1u 37/2) 0.98    84.333     1.000     0.000
  ****** END RESU ***********************************
