
  ******************************************  
  *           Fortran 77 Code              *  
  *         Spherical H.O. basis            *  
  * Dirac-Hartree-Bogoliubov calculation   *  
  *        with density-dependent          *  
  * meson-exchange or point coupling force *  
  *          and separable pairing         *  
  * -------------------------------------- *  
  *      Niksic, Paar, Vretenar, Ring      *  
  *          18/ 4/2026/01:37:14           *
  *       Hg 246  N = 166  Z =  80
  ******************************************  
  ****** BEGIN READER *******************************
 Number of oscillator shells :    18   20
 Initialization inin,inink   :     0    0
 Nucleus: Hg 246   166  80
 Initial Gap Parameters      :     1.0000    1.0000
 Parameter set               :    DD-ME2    
  ****** END READER *********************************
  ****** BEGIN FORCES *******************************

 NEDF Parameters: DD-ME2    
 AMU   =  939.000
 msig  =  550.124  gsig =    10.5396  Gsig =   -14.2924
 mome  =  783.000  gome =    13.0189  Gome =    10.7647
 mdel  =    0.000  gdel =     0.0000  Gdel =    -0.0000
 mrho  =  763.000  grho =     3.6836  Grho =     0.9076
  
 Density dependence parameters:
           scasca    scavec    vecsca    vecvec
 a    =   1.388148  1.389291  0.000000  0.564700
 b    =   1.094300  0.923975  0.000000  0.000000
 c    =   1.705700  1.462000  0.000000  0.000000
 d    =   0.442067  0.477492  0.000000  0.000000
 dsat =   0.152000
  
 TMR pairing: Tian,Ma,Ring, PRB 676, 44 (2009)
 TMR pairing strength    gl =:  -728.00000 [MeV*fm^3]
 TMR pairing width        a =:     0.64420 [fm]
  ****** END FORCES *********************************
  ****** BEGIN PREP *********************************
  
 hom =                            6.543430
 hb0 =                           20.734000
 b0  =                            2.517409
 with Coulomb force
 With microscopic c.m. correction
  ****** END PREP ***********************************
  potentials read from tape dirhb.wel
  ****** BEGIN ITER *********************************
  1.It. si =    0.0000000  E/A =    0.0000 R =    0.0000  mix = 0.50
  2.It. si =    1.4392291  E/A =   -6.9964 R =    6.0525  mix = 0.50
  3.It. si =    0.7656270  E/A =   -6.9964 R =    6.0538  mix = 0.50
  4.It. si =    0.3894255  E/A =   -6.9962 R =    6.0553  mix = 0.50
  5.It. si =    0.4490238  E/A =   -6.9961 R =    6.0566  mix = 0.50
  6.It. si =    0.1476476  E/A =   -6.9959 R =    6.0589  mix = 0.50
  7.It. si =    0.0203536  E/A =   -6.9960 R =    6.0579  mix = 0.50
  8.It. si =    0.0156144  E/A =   -6.9960 R =    6.0580  mix = 0.50
  9.It. si =    0.0231984  E/A =   -6.9960 R =    6.0582  mix = 0.50
 10.It. si =    0.0103442  E/A =   -6.9960 R =    6.0581  mix = 0.50
 11.It. si =    0.0063733  E/A =   -6.9960 R =    6.0581  mix = 0.50
 12.It. si =    0.0031424  E/A =   -6.9960 R =    6.0581  mix = 0.50
 13.It. si =    0.0033796  E/A =   -6.9960 R =    6.0581  mix = 0.50
 14.It. si =    0.0035865  E/A =   -6.9960 R =    6.0581  mix = 0.50
 15.It. si =    0.0034893  E/A =   -6.9960 R =    6.0581  mix = 0.50
 16.It. si =    0.0001854  E/A =   -6.9960 R =    6.0581  mix = 0.50
 17.It. si =    0.0000217  E/A =   -6.9960 R =    6.0581  mix = 0.50
 18.It. si =    0.0000163  E/A =   -6.9960 R =    6.0581  mix = 0.50
 19.It. si =    0.0000061  E/A =   -6.9960 R =    6.0581  mix = 0.50
 20.It. si =    0.0000033  E/A =   -6.9960 R =    6.0581  mix = 0.50
 ********************************************************************
 Hg 246: Iteration converged after  20 steps   si =      0.0000007553
 ********************************************************************
  ****** END ITER ***********************************
  ****** BEGIN CANON ********************************
 single-particle energies and gaps  in the canonical basis: Neutron:
 ------------------------------------------------------------------
    j pi     (nr,l,j)  smax       Ecan       vvcan       decan
 j = 1/2+  (   s 1/2)  0.93    -58.9604      0.9997     -1.9201
 j = 1/2+  (   s 1/2)  0.91    -40.2661      0.9995     -1.7001
 j = 1/2+  (   s 1/2)  0.97    -19.9490      0.9974     -1.8628
 j = 1/2+  (   s 1/2)  0.91     -1.4213      0.3395     -1.1711
 j = 1/2+  (   s 1/2)  0.78      8.0196      0.0013     -0.7204
 j = 1/2+  (   s 1/2)  0.72     19.5059      0.0002     -0.6277
 j = 1/2+  (   s 1/2)  0.79     34.5067      0.0000     -0.4638
 j = 1/2+  (   s 1/2)  0.94     47.2692      0.0000     -0.0823
 j = 1/2+  (   s 1/2)  0.91     49.0878      0.0000     -0.3100
 j = 1/2+  (   s 1/2)  0.94     64.9430      0.0000     -0.2078
 j = 1/2-  (   p 1/2)  0.99    -52.5019      0.9997     -1.7604
 j = 1/2-  (   p 1/2)  0.97    -31.9730      0.9992     -1.6771
 j = 1/2-  (   p 1/2)  0.97     -9.8870      0.9888     -1.7395
 j = 1/2-  (   p 1/2)  0.91      4.4338      0.0044     -0.8393
 j = 1/2-  (   p 1/2)  0.81     14.2240      0.0004     -0.6135
 j = 1/2-  (   p 1/2)  0.79     27.2226      0.0001     -0.4638
 j = 1/2-  (   p 1/2)  0.87     41.1574      0.0000     -0.3286
 j = 1/2-  (   p 1/2)  0.96     50.3745      0.0000     -0.1130
 j = 1/2-  (   p 1/2)  0.94     55.9030      0.0000     -0.2232
 j = 3/2+  (   d 3/2)  0.99    -44.4543      0.9996     -1.6234
 j = 3/2+  (   d 3/2)  0.98    -22.0549      0.9981     -1.7777
 j = 3/2+  (   d 3/2)  0.95     -1.6902      0.4516     -1.3148
 j = 3/2+  (   d 3/2)  0.85      8.6628      0.0011     -0.6955
 j = 3/2+  (   d 3/2)  0.75     19.6091      0.0002     -0.5831
 j = 3/2+  (   d 3/2)  0.78     33.5288      0.0000     -0.3965
 j = 3/2+  (   d 3/2)  0.88     46.7521      0.0000     -0.2631
 j = 3/2+  (   d 3/2)  0.95     51.4429      0.0000     -0.0816
 j = 3/2+  (   d 3/2)  0.93     62.2970      0.0000     -0.1743
 j = 3/2-  (   p 3/2)  0.98    -52.7082      0.9997     -1.7698
 j = 3/2-  (   p 3/2)  0.97    -32.3984      0.9992     -1.7000
 j = 3/2-  (   p 3/2)  0.97    -10.2114      0.9897     -1.7313
 j = 3/2-  (   p 3/2)  0.90      4.3418      0.0045     -0.8348
 j = 3/2-  (   p 3/2)  0.80     14.1192      0.0004     -0.6033
 j = 3/2-  (   p 3/2)  0.78     27.1893      0.0001     -0.4606
 j = 3/2-  (   p 3/2)  0.87     41.1825      0.0000     -0.3272
 j = 3/2-  (   p 3/2)  0.96     50.6560      0.0000     -0.1134
 j = 3/2-  (   p 3/2)  0.94     56.0638      0.0000     -0.2228
 j = 5/2+  (   d 5/2)  0.99    -45.2462      0.9996     -1.6429
 j = 5/2+  (   d 5/2)  0.98    -23.4379      0.9983     -1.7926
 j = 5/2+  (   d 5/2)  0.95     -2.2910      0.6693     -1.3141
 j = 5/2+  (   d 5/2)  0.84      8.4778      0.0011     -0.6892
 j = 5/2+  (   d 5/2)  0.75     19.3104      0.0002     -0.5725
 j = 5/2+  (   d 5/2)  0.77     33.3635      0.0000     -0.3937
 j = 5/2+  (   d 5/2)  0.87     46.6002      0.0000     -0.2605
 j = 5/2+  (   d 5/2)  0.95     51.8433      0.0000     -0.0818
 j = 5/2+  (   d 5/2)  0.93     62.3664      0.0000     -0.1730
 j = 5/2-  (   f 5/2)  0.98    -35.8434      0.9995     -1.5588
 j = 5/2-  (   f 5/2)  0.98    -11.2950      0.9921     -1.7097
 j = 5/2-  (   f 5/2)  0.96      5.0214      0.0054     -1.0170
 j = 5/2-  (   f 5/2)  0.91     15.3597      0.0004     -0.6508
 j = 5/2-  (   f 5/2)  0.89     27.9431      0.0001     -0.4772
 j = 5/2-  (   f 5/2)  0.92     40.4391      0.0000     -0.3167
 j = 5/2-  (   f 5/2)  0.95     50.4858      0.0000     -0.1055
 j = 5/2-  (   f 5/2)  0.95     53.2600      0.0000     -0.2017
 j = 7/2+  (   g 7/2)  0.98    -26.2740      0.9990     -1.5740
 j = 7/2+  (   g 7/2)  0.98     -1.9788      0.5539     -1.4798
 j = 7/2+  (   g 7/2)  0.94     10.9412      0.0009     -0.7569
 j = 7/2+  (   g 7/2)  0.90     21.3504      0.0002     -0.5879
 j = 7/2+  (   g 7/2)  0.91     35.1870      0.0000     -0.4029
 j = 7/2+  (   g 7/2)  0.93     43.8113      0.0000     -0.0683
 j = 7/2+  (   g 7/2)  0.95     47.6026      0.0000     -0.2664
 j = 7/2+  (   g 7/2)  0.93     63.2529      0.0000     -0.1801
 j = 7/2-  (   f 7/2)  0.98    -37.5790      0.9995     -1.5898
 j = 7/2-  (   f 7/2)  0.98    -13.4006      0.9946     -1.7136
 j = 7/2-  (   f 7/2)  0.95      4.1373      0.0071     -1.0173
 j = 7/2-  (   f 7/2)  0.90     14.6794      0.0004     -0.6340
 j = 7/2-  (   f 7/2)  0.88     27.3669      0.0001     -0.4754
 j = 7/2-  (   f 7/2)  0.92     40.0543      0.0000     -0.3154
 j = 7/2-  (   f 7/2)  0.95     50.8434      0.0000     -0.1062
 j = 7/2-  (   f 7/2)  0.95     53.1314      0.0000     -0.2010
 j = 9/2+  (   g 9/2)  0.98    -29.3720      0.9991     -1.6117
 j = 9/2+  (   g 9/2)  0.98     -4.1680      0.9224     -1.4884
 j = 9/2+  (   g 9/2)  0.95     10.1528      0.0010     -0.7708
 j = 9/2+  (   g 9/2)  0.92     20.5199      0.0002     -0.5616
 j = 9/2+  (   g 9/2)  0.92     34.4003      0.0000     -0.3960
 j = 9/2+  (   g 9/2)  0.92     43.1658      0.0000     -0.0672
 j = 9/2+  (   g 9/2)  0.95     47.0418      0.0000     -0.2620
 j = 9/2+  (   g 9/2)  0.92     62.7986      0.0000     -0.1779
 j = 9/2-  (   h 9/2)  0.98    -15.7458      0.9970     -1.5218
 j = 9/2-  (   h 9/2)  0.97      5.5985      0.0073     -1.2814
 j = 9/2-  (   h 9/2)  0.95     17.1581      0.0003     -0.6602
 j = 9/2-  (   h 9/2)  0.93     29.2104      0.0001     -0.4634
 j = 9/2-  (   h 9/2)  0.95     41.7873      0.0000     -0.3091
 j = 9/2-  (   h 9/2)  0.93     42.0272      0.0000     -0.0904
 j = 9/2-  (   h 9/2)  0.93     57.3767      0.0000     -0.2186
 j =11/2+  (   i11/2)  0.98     -5.1683      0.9581     -1.4659
 j =11/2+  (   i11/2)  0.97     12.6828      0.0013     -1.0367
 j =11/2+  (   i11/2)  0.96     23.8534      0.0001     -0.5952
 j =11/2+  (   i11/2)  0.95     36.0145      0.0000     -0.3789
 j =11/2+  (   i11/2)  0.89     37.8371      0.0000     -0.0570
 j =11/2+  (   i11/2)  0.95     47.7625      0.0000     -0.2416
 j =11/2+  (   i11/2)  0.87     64.7356      0.0000     -0.1738
 j =11/2-  (   h11/2)  0.98    -20.2525      0.9982     -1.5826
 j =11/2-  (   h11/2)  0.98      3.3988      0.0140     -1.2608
 j =11/2-  (   h11/2)  0.95     15.8447      0.0003     -0.6469
 j =11/2-  (   h11/2)  0.94     27.7594      0.0001     -0.4616
 j =11/2-  (   h11/2)  0.95     40.6280      0.0000     -0.3060
 j =11/2-  (   h11/2)  0.93     41.5371      0.0000     -0.0902
 j =11/2-  (   h11/2)  0.93     56.6471      0.0000     -0.2182
 j =13/2+  (   i13/2)  0.98    -10.9508      0.9933     -1.5065
 j =13/2+  (   i13/2)  0.97     10.3748      0.0018     -1.0465
 j =13/2+  (   i13/2)  0.96     22.3007      0.0001     -0.5740
 j =13/2+  (   i13/2)  0.95     34.4674      0.0000     -0.3760
 j =13/2+  (   i13/2)  0.88     37.2783      0.0000     -0.0567
 j =13/2+  (   i13/2)  0.94     46.4448      0.0000     -0.2389
 j =13/2+  (   i13/2)  0.87     63.5275      0.0000     -0.1727
 j =13/2-  (   j13/2)  0.98      5.0096      0.0106     -1.4314
 j =13/2-  (   j13/2)  0.98     19.1675      0.0004     -0.7847
 j =13/2-  (   j13/2)  0.96     31.1360      0.0001     -0.5142
 j =13/2-  (   j13/2)  0.92     40.6187      0.0000     -0.0810
 j =13/2-  (   j13/2)  0.95     41.3162      0.0000     -0.3004
 j =13/2-  (   j13/2)  0.92     55.6904      0.0000     -0.1990
 j =15/2+  (   k15/2)  0.98     14.1830      0.0017     -1.3037
 j =15/2+  (   k15/2)  0.97     26.2084      0.0001     -0.6520
 j =15/2+  (   k15/2)  0.86     36.0608      0.0000     -0.0508
 j =15/2+  (   k15/2)  0.95     38.3617      0.0000     -0.4224
 j =15/2+  (   k15/2)  0.91     48.6988      0.0000     -0.2521
 j =15/2+  (   k15/2)  0.82     61.4828      0.0000     -0.1636
 j =15/2-  (   j15/2)  0.98     -1.7981      0.4929     -1.4147
 j =15/2-  (   j15/2)  0.97     16.9781      0.0005     -0.8364
 j =15/2-  (   j15/2)  0.96     28.7514      0.0001     -0.5071
 j =15/2-  (   j15/2)  0.92     39.5563      0.0000     -0.0800
 j =15/2-  (   j15/2)  0.95     39.8715      0.0000     -0.2971
 j =15/2-  (   j15/2)  0.91     54.2528      0.0000     -0.1980
 j =17/2+  (   k17/2)  0.98      7.1097      0.0053     -1.3126
 j =17/2+  (   k17/2)  0.96     23.2362      0.0002     -0.6720
 j =17/2+  (   k17/2)  0.86     35.2689      0.0000     -0.0503
 j =17/2+  (   k17/2)  0.94     35.5835      0.0000     -0.4195
 j =17/2+  (   k17/2)  0.90     47.0400      0.0000     -0.2495
 j =17/2+  (   k17/2)  0.81     59.7893      0.0000     -0.1625
 j =17/2-  (   l17/2)  0.98     22.3874      0.0006     -1.1417
 j =17/2-  (   l17/2)  0.96     33.6241      0.0001     -0.5614
 j =17/2-  (   l17/2)  0.87     35.4582      0.0000     -0.0707
 j =17/2-  (   l17/2)  0.92     44.6169      0.0000     -0.3346
 j =17/2-  (   l17/2)  0.83     56.3828      0.0000     -0.2139
 j =19/2+  (   m19/2)  0.97     30.2015      0.0002     -0.9847
 j =19/2+  (   m19/2)  0.81     33.7683      0.0000     -0.0474
 j =19/2+  (   m19/2)  0.92     40.8951      0.0000     -0.4810
 j =19/2+  (   m19/2)  0.86     52.2029      0.0000     -0.2789
 j =19/2+  (   m19/2)  0.72     60.2174      0.0000     -0.1691
 j =19/2-  (   l19/2)  0.97     15.5243      0.0011     -1.1630
 j =19/2-  (   l19/2)  0.94     29.8105      0.0001     -0.5656
 j =19/2-  (   l19/2)  0.86     34.4673      0.0000     -0.0697
 j =19/2-  (   l19/2)  0.90     41.7831      0.0000     -0.3329
 j =19/2-  (   l19/2)  0.81     53.8111      0.0000     -0.2110
 j =21/2+  (   m21/2)  0.96     23.6226      0.0004     -1.0080
 j =21/2+  (   m21/2)  0.80     33.0095      0.0000     -0.0468
 j =21/2+  (   m21/2)  0.90     36.5556      0.0000     -0.4800
 j =21/2+  (   m21/2)  0.83     48.8404      0.0000     -0.2782
 j =21/2+  (   m21/2)  0.70     56.9779      0.0000     -0.1658
 j =21/2-  (   n21/2)  0.83     35.4699      0.0000     -0.0695
 j =21/2-  (   n21/2)  0.95     37.6737      0.0001     -0.8356
 j =21/2-  (   n21/2)  0.88     47.7129      0.0000     -0.4001
 j =21/2-  (   n21/2)  0.76     56.7073      0.0000     -0.2261
 j =23/2+  (   o23/2)  0.78     35.4217      0.0000     -0.0487
 j =23/2+  (   o23/2)  0.92     45.1397      0.0001     -0.7019
 j =23/2+  (   o23/2)  0.79     55.6416      0.0000     -0.3434
 j =23/2+  (   o23/2)  0.65     59.2317      0.0000     -0.1765
 j =23/2-  (   n23/2)  0.93     31.4434      0.0002     -0.8552
 j =23/2-  (   n23/2)  0.82     34.0124      0.0000     -0.0679
 j =23/2-  (   n23/2)  0.84     43.2600      0.0000     -0.4014
 j =23/2-  (   n23/2)  0.73     52.0005      0.0000     -0.2212
 j =25/2+  (   o25/2)  0.77     34.3623      0.0000     -0.0479
 j =25/2+  (   o25/2)  0.90     39.2082      0.0001     -0.7193
 j =25/2+  (   o25/2)  0.75     50.5579      0.0000     -0.3435
 j =25/2+  (   o25/2)  0.62     54.5951      0.0000     -0.1718
 j =25/2-  (   P25/2)  0.80     37.9679      0.0000     -0.0754
 j =25/2-  (   P25/2)  0.88     52.8133      0.0000     -0.5851
 j =25/2-  (   P25/2)  0.70     57.7833      0.0000     -0.2690
 j =27/2+  (   q27/2)  0.76     39.1409      0.0000     -0.0550
 j =27/2+  (   q27/2)  0.83     60.4383      0.0000     -0.4863
 j =27/2+  (   q27/2)  0.61     60.6505      0.0000     -0.2090
 j =27/2-  (   P27/2)  0.79     36.6648      0.0000     -0.0742
 j =27/2-  (   P27/2)  0.86     46.9789      0.0000     -0.6007
 j =27/2-  (   P27/2)  0.66     52.7639      0.0000     -0.2633
 j =29/2+  (   q29/2)  0.75     38.2641      0.0000     -0.0545
 j =29/2+  (   q29/2)  0.81     54.7757      0.0000     -0.4974
 j =29/2+  (   q29/2)  0.60     56.3866      0.0000     -0.2047
 j =29/2-  (   r29/2)  0.82     44.5858      0.0000     -0.0948
 j =29/2-  (   r29/2)  0.81     62.9074      0.0000     -0.3659
 j =31/2+  (   S31/2)  0.79     46.9515      0.0000     -0.0704
 j =31/2+  (   S31/2)  0.79     67.6841      0.0000     -0.2835
 j =31/2-  (   r31/2)  0.81     43.5199      0.0000     -0.0939
 j =31/2-  (   r31/2)  0.80     58.7021      0.0000     -0.3692
 j =33/2+  (   S33/2)  0.78     46.1869      0.0000     -0.0699
 j =33/2+  (   S33/2)  0.78     64.2364      0.0000     -0.2854
 j =33/2-  (   t33/2)  0.98     57.7014      0.0000     -0.1433
 j =35/2+  (   u35/2)  0.98     61.2309      0.0000     -0.1063
 j =35/2-  (   t35/2)  0.98     56.6151      0.0000     -0.1435
 j =37/2+  (   u37/2)  0.98     60.4163      0.0000     -0.1064
 single-particle energies and gaps  in the canonical basis: Proton: 
 ------------------------------------------------------------------
    j pi     (nr,l,j)  smax       Ecan       vvcan       decan
 j = 1/2+  (   s 1/2)  0.78    -53.0642      0.9998      1.0523
 j = 1/2+  (   s 1/2)  0.71    -37.4229      0.9992      1.2354
 j = 1/2+  (   s 1/2)  0.91    -15.7817      0.2798      0.9778
 j = 1/2+  (   s 1/2)  0.89      9.9344      0.0003      0.8291
 j = 1/2+  (   s 1/2)  0.56     12.7773      0.0000      0.0020
 j = 1/2+  (   s 1/2)  0.52     25.6748      0.0000      0.0079
 j = 1/2+  (   s 1/2)  0.64     34.5857      0.0000      0.3748
 j = 1/2+  (   s 1/2)  0.49     45.5623      0.0000      0.0180
 j = 1/2+  (   s 1/2)  0.57     55.8533      0.0000      0.2078
 j = 1/2+  (   s 1/2)  0.75     80.2187      0.0000      0.0835
 j = 1/2-  (   p 1/2)  0.94    -48.2961      0.9998      0.9641
 j = 1/2-  (   p 1/2)  0.91    -27.4770      0.9985      0.8608
 j = 1/2-  (   p 1/2)  0.94     -5.0239      0.0007      0.6059
 j = 1/2-  (   p 1/2)  0.59     13.1355      0.0000      0.0033
 j = 1/2-  (   p 1/2)  0.80     21.2332      0.0000      0.4541
 j = 1/2-  (   p 1/2)  0.51     26.0498      0.0000      0.0124
 j = 1/2-  (   p 1/2)  0.58     45.4149      0.0000      0.0342
 j = 1/2-  (   p 1/2)  0.66     45.6459      0.0000      0.2607
 j = 1/2-  (   p 1/2)  0.72     79.4409      0.0000      0.1212
 j = 3/2+  (   d 3/2)  0.96    -40.9899      0.9997      0.8768
 j = 3/2+  (   d 3/2)  0.95    -17.6278      0.9415      0.7263
 j = 3/2+  (   d 3/2)  0.92      5.1528      0.0001      0.4058
 j = 3/2+  (   d 3/2)  0.57     13.4983      0.0000      0.0018
 j = 3/2+  (   d 3/2)  0.51     26.5226      0.0000      0.0068
 j = 3/2+  (   d 3/2)  0.72     31.0145      0.0000      0.2864
 j = 3/2+  (   d 3/2)  0.51     46.3891      0.0000      0.0170
 j = 3/2+  (   d 3/2)  0.63     59.0300      0.0000      0.1882
 j = 3/2+  (   d 3/2)  0.74     82.7482      0.0000      0.0815
 j = 3/2-  (   p 3/2)  0.92    -48.7288      0.9998      0.9656
 j = 3/2-  (   p 3/2)  0.89    -27.9402      0.9987      0.8601
 j = 3/2-  (   p 3/2)  0.94     -5.1739      0.0007      0.5966
 j = 3/2-  (   p 3/2)  0.59     13.1165      0.0000      0.0033
 j = 3/2-  (   p 3/2)  0.80     21.5165      0.0000      0.4610
 j = 3/2-  (   p 3/2)  0.51     26.0357      0.0000      0.0125
 j = 3/2-  (   p 3/2)  0.58     45.2250      0.0000      0.0341
 j = 3/2-  (   p 3/2)  0.66     46.0085      0.0000      0.2623
 j = 3/2-  (   p 3/2)  0.72     79.3571      0.0000      0.1211
 j = 5/2+  (   d 5/2)  0.95    -42.2170      0.9997      0.8855
 j = 5/2+  (   d 5/2)  0.93    -18.9006      0.9823      0.7213
 j = 5/2+  (   d 5/2)  0.92      4.4300      0.0001      0.4050
 j = 5/2+  (   d 5/2)  0.57     13.4708      0.0000      0.0018
 j = 5/2+  (   d 5/2)  0.51     26.4834      0.0000      0.0069
 j = 5/2+  (   d 5/2)  0.73     31.1755      0.0000      0.2869
 j = 5/2+  (   d 5/2)  0.51     46.1565      0.0000      0.0170
 j = 5/2+  (   d 5/2)  0.63     59.5316      0.0000      0.1881
 j = 5/2+  (   d 5/2)  0.74     82.5091      0.0000      0.0815
 j = 5/2-  (   f 5/2)  0.98    -32.4519      0.9994      0.8050
 j = 5/2-  (   f 5/2)  0.96     -7.7513      0.0013      0.6027
 j = 5/2-  (   f 5/2)  0.60     14.5641      0.0000      0.0028
 j = 5/2-  (   f 5/2)  0.86     16.1675      0.0000      0.3312
 j = 5/2-  (   f 5/2)  0.53     28.1424      0.0000      0.0099
 j = 5/2-  (   f 5/2)  0.66     41.3634      0.0000      0.1999
 j = 5/2-  (   f 5/2)  0.63     47.7713      0.0000      0.0343
 j = 5/2-  (   f 5/2)  0.67     83.3580      0.0000      0.1104
 j = 7/2+  (   g 7/2)  0.98    -23.0712      0.9971      0.7360
 j = 7/2+  (   g 7/2)  0.94      2.5119      0.0002      0.4799
 j = 7/2+  (   g 7/2)  0.57     15.2172      0.0000      0.0015
 j = 7/2+  (   g 7/2)  0.74     27.8044      0.0000      0.2788
 j = 7/2+  (   g 7/2)  0.50     28.6918      0.0000      0.0053
 j = 7/2+  (   g 7/2)  0.55     48.1775      0.0000      0.0163
 j = 7/2+  (   g 7/2)  0.67     53.0184      0.0000      0.1547
 j = 7/2+  (   g 7/2)  0.70     87.5286      0.0000      0.0747
 j = 7/2-  (   f 7/2)  0.97    -34.7502      0.9995      0.8204
 j = 7/2-  (   f 7/2)  0.95     -9.6942      0.0020      0.5886
 j = 7/2-  (   f 7/2)  0.60     14.5393      0.0000      0.0029
 j = 7/2-  (   f 7/2)  0.87     14.8138      0.0000      0.3351
 j = 7/2-  (   f 7/2)  0.53     28.1783      0.0000      0.0100
 j = 7/2-  (   f 7/2)  0.66     40.7777      0.0000      0.1996
 j = 7/2-  (   f 7/2)  0.64     47.4180      0.0000      0.0344
 j = 7/2-  (   f 7/2)  0.66     83.7019      0.0000      0.1110
 j = 9/2+  (   g 9/2)  0.98    -26.6409      0.9987      0.7530
 j = 9/2+  (   g 9/2)  0.94      0.0726      0.0002      0.4664
 j = 9/2+  (   g 9/2)  0.57     15.1846      0.0000      0.0015
 j = 9/2+  (   g 9/2)  0.76     26.0276      0.0000      0.2830
 j = 9/2+  (   g 9/2)  0.50     28.6806      0.0000      0.0054
 j = 9/2+  (   g 9/2)  0.56     47.8278      0.0000      0.0165
 j = 9/2+  (   g 9/2)  0.68     51.9755      0.0000      0.1537
 j = 9/2+  (   g 9/2)  0.70     87.2657      0.0000      0.0750
 j = 9/2-  (   h 9/2)  0.98    -13.2073      0.0115      0.6672
 j = 9/2-  (   h 9/2)  0.88     12.9511      0.0000      0.3665
 j = 9/2-  (   h 9/2)  0.60     16.8871      0.0000      0.0031
 j = 9/2-  (   h 9/2)  0.52     29.9461      0.0000      0.0118
 j = 9/2-  (   h 9/2)  0.65     38.9424      0.0000      0.2288
 j = 9/2-  (   h 9/2)  0.65     48.7296      0.0000      0.0398
 j = 9/2-  (   h 9/2)  0.67     82.7903      0.0000      0.1060
 j =11/2+  (   i11/2)  0.96     -2.9930      0.0005      0.5955
 j =11/2+  (   i11/2)  0.57     18.0064      0.0000      0.0016
 j =11/2+  (   i11/2)  0.81     23.3353      0.0000      0.2812
 j =11/2+  (   i11/2)  0.53     30.8642      0.0000      0.0068
 j =11/2+  (   i11/2)  0.58     49.6471      0.0000      0.0201
 j =11/2+  (   i11/2)  0.67     52.4471      0.0000      0.1833
 j =11/2+  (   i11/2)  0.71     86.0385      0.0000      0.0812
 j =11/2-  (   h11/2)  0.98    -18.1480      0.9705      0.6780
 j =11/2-  (   h11/2)  0.89     10.0953      0.0000      0.3593
 j =11/2-  (   h11/2)  0.60     16.8188      0.0000      0.0034
 j =11/2-  (   h11/2)  0.52     29.8333      0.0000      0.0125
 j =11/2-  (   h11/2)  0.65     36.8004      0.0000      0.2321
 j =11/2-  (   h11/2)  0.65     47.8898      0.0000      0.0402
 j =11/2-  (   h11/2)  0.67     81.7268      0.0000      0.1059
 j =13/2+  (   i13/2)  0.97     -9.3598      0.0019      0.6020
 j =13/2+  (   i13/2)  0.57     17.9617      0.0000      0.0017
 j =13/2+  (   i13/2)  0.83     19.9608      0.0000      0.2789
 j =13/2+  (   i13/2)  0.53     30.8255      0.0000      0.0073
 j =13/2+  (   i13/2)  0.58     49.0658      0.0000      0.0209
 j =13/2+  (   i13/2)  0.67     49.9896      0.0000      0.1855
 j =13/2+  (   i13/2)  0.71     84.3993      0.0000      0.0820
 j =13/2-  (   j13/2)  0.93      7.3450      0.0001      0.5153
 j =13/2-  (   j13/2)  0.59     20.4856      0.0000      0.0033
 j =13/2-  (   j13/2)  0.51     32.9272      0.0000      0.0152
 j =13/2-  (   j13/2)  0.71     33.8587      0.0000      0.2218
 j =13/2-  (   j13/2)  0.69     50.6788      0.0000      0.0487
 j =13/2-  (   j13/2)  0.67     80.7792      0.0000      0.1166
 j =15/2+  (   k15/2)  0.89     17.9585      0.0000      0.4388
 j =15/2+  (   k15/2)  0.56     22.0482      0.0000      0.0016
 j =15/2+  (   k15/2)  0.52     34.9569      0.0000      0.0079
 j =15/2+  (   k15/2)  0.65     44.7100      0.0000      0.1771
 j =15/2+  (   k15/2)  0.65     53.0370      0.0000      0.0260
 j =15/2+  (   k15/2)  0.68     85.8806      0.0000      0.0886
 j =15/2-  (   j15/2)  0.94     -0.2066      0.0003      0.5210
 j =15/2-  (   j15/2)  0.60     20.3731      0.0000      0.0037
 j =15/2-  (   j15/2)  0.73     29.7925      0.0000      0.2220
 j =15/2-  (   j15/2)  0.51     32.6856      0.0000      0.0166
 j =15/2-  (   j15/2)  0.69     49.3713      0.0000      0.0491
 j =15/2-  (   j15/2)  0.67     78.6210      0.0000      0.1168
 j =17/2+  (   k17/2)  0.90      9.3255      0.0001      0.4445
 j =17/2+  (   k17/2)  0.57     21.9598      0.0000      0.0017
 j =17/2+  (   k17/2)  0.52     34.7752      0.0000      0.0086
 j =17/2+  (   k17/2)  0.65     40.0024      0.0000      0.1779
 j =17/2+  (   k17/2)  0.66     51.9308      0.0000      0.0265
 j =17/2+  (   k17/2)  0.68     83.5328      0.0000      0.0887
 j =17/2-  (   l17/2)  0.64     25.9527      0.0000      0.0016
 j =17/2-  (   l17/2)  0.82     28.5150      0.0000      0.3654
 j =17/2-  (   l17/2)  0.61     40.8392      0.0000      0.0064
 j =17/2-  (   l17/2)  0.65     57.2060      0.0000      0.1427
 j =17/2-  (   l17/2)  0.81     67.4331      0.0000      0.0445
 j =19/2+  (   m19/2)  0.55     27.3555      0.0000      0.0020
 j =19/2+  (   m19/2)  0.75     39.4153      0.0000      0.2990
 j =19/2+  (   m19/2)  0.60     39.8369      0.0000      0.0144
 j =19/2+  (   m19/2)  0.71     55.6099      0.0000      0.0422
 j =19/2+  (   m19/2)  0.68     83.4986      0.0000      0.0865
 j =19/2-  (   l19/2)  0.83     19.0247      0.0000      0.3702
 j =19/2-  (   l19/2)  0.65     25.8736      0.0000      0.0018
 j =19/2-  (   l19/2)  0.62     40.3950      0.0000      0.0068
 j =19/2-  (   l19/2)  0.66     52.2218      0.0000      0.1439
 j =19/2-  (   l19/2)  0.81     65.3300      0.0000      0.0446
 j =21/2+  (   m21/2)  0.55     27.2001      0.0000      0.0025
 j =21/2+  (   m21/2)  0.76     29.1964      0.0000      0.3029
 j =21/2+  (   m21/2)  0.59     38.9938      0.0000      0.0190
 j =21/2+  (   m21/2)  0.71     53.1221      0.0000      0.0433
 j =21/2+  (   m21/2)  0.71     78.9193      0.0000      0.0823
 j =21/2-  (   n21/2)  0.65     32.2644      0.0000      0.0021
 j =21/2-  (   n21/2)  0.58     46.7091      0.0000      0.0125
 j =21/2-  (   n21/2)  0.66     51.2770      0.0000      0.2424
 j =21/2-  (   n21/2)  0.79     69.8450      0.0000      0.0636
 j =23/2+  (   o23/2)  0.62     34.3601      0.0000      0.0014
 j =23/2+  (   o23/2)  0.63     49.9686      0.0000      0.0064
 j =23/2+  (   o23/2)  0.61     62.5499      0.0000      0.1943
 j =23/2+  (   o23/2)  0.78     71.8717      0.0000      0.0425
 j =23/2-  (   n23/2)  0.65     32.0791      0.0000      0.0027
 j =23/2-  (   n23/2)  0.67     40.2532      0.0000      0.2459
 j =23/2-  (   n23/2)  0.59     45.6112      0.0000      0.0149
 j =23/2-  (   n23/2)  0.81     65.2622      0.0000      0.0616
 j =25/2+  (   o25/2)  0.62     34.2060      0.0000      0.0017
 j =25/2+  (   o25/2)  0.64     49.2060      0.0000      0.0075
 j =25/2+  (   o25/2)  0.61     50.7377      0.0000      0.1972
 j =25/2+  (   o25/2)  0.79     67.8285      0.0000      0.0418
 j =25/2-  (   P25/2)  0.65     40.5248      0.0000      0.0030
 j =25/2-  (   P25/2)  0.78     54.2124      0.0000      0.0376
 j =25/2-  (   P25/2)  0.76     71.9127      0.0000      0.1096
 j =27/2+  (   q27/2)  0.67     43.0268      0.0000      0.0017
 j =27/2+  (   q27/2)  0.79     59.3090      0.0000      0.0177
 j =27/2+  (   q27/2)  0.74     77.0669      0.0000      0.0844
 j =27/2-  (   P27/2)  0.66     40.1179      0.0000      0.0070
 j =27/2-  (   P27/2)  0.72     50.3916      0.0000      0.0618
 j =27/2-  (   P27/2)  0.83     63.9904      0.0000      0.0830
 j =29/2+  (   q29/2)  0.63     42.7602      0.0000      0.0030
 j =29/2+  (   q29/2)  0.78     56.8069      0.0000      0.0306
 j =29/2+  (   q29/2)  0.80     69.0910      0.0000      0.0713
 j =29/2-  (   r29/2)  0.78     51.5448      0.0000      0.0013
 j =29/2-  (   r29/2)  0.77     70.2711      0.0000      0.0396
 j =31/2+  (   S31/2)  0.77     54.3790      0.0000      0.0009
 j =31/2+  (   S31/2)  0.76     75.5244      0.0000      0.0239
 j =31/2-  (   r31/2)  0.77     51.2334      0.0000      0.0014
 j =31/2-  (   r31/2)  0.77     65.3963      0.0000      0.0398
 j =33/2+  (   S33/2)  0.76     54.1264      0.0000      0.0010
 j =33/2+  (   S33/2)  0.75     71.6551      0.0000      0.0240
 j =33/2-  (   t33/2)  0.98     66.6181      0.0000      0.0045
 j =35/2+  (   u35/2)  0.98     70.1959      0.0000      0.0025
 j =35/2-  (   t35/2)  0.98     65.5626      0.0000      0.0045
 j =37/2+  (   u37/2)  0.98     69.4123      0.0000      0.0025
  ****** END CANON **********************************
  ****** BEGIN RESU *********************************
   ****** BEGIN EXPECT *******

                            neutron        proton         total
 particle number           166.000000      80.000000     246.000000
 trace scalar density      158.378931      77.182847     235.561778
 lambda                     -1.818238     -16.261346
 spk                       -23.413678       5.648568
 rms-Radius                  6.210700       5.728446       6.058083
 charge-Radius                              5.784037
 Particle Energ          -3356.551592   -2378.336677   -5734.888270
 Selfconsistency Test.                                    -0.000004

 Kinetic Energy           2362.312547     839.930728    3202.243275
 E-scsc                                               -36258.645862
 E-scve                                                30308.408145
 E-vesc                                                    0.000000
 E-veve                                                  309.922214
 E-rearrang.                                             843.290481
 Coulomb direct                                          750.104492
 Pairing Energy            -29.317954      -3.727279     -33.045233
 Sum without E-cm                                      -1721.012969
DE-cm <P**2>/2M            -13.510733      -4.856902     -18.367635
NE-cm <P**2>/2M             10.584183       3.110646      13.694828
 E-cm <P**2>/2M             -2.926550      -1.746256      -4.672807
 Total Energy                                          -1725.685775
 E/A                                                      -7.014983

  ****** END EXPECT *********************************


 quasi-particle properties Neutron:
 ------------------------------------------------------------------
     p/h    l j     [nr,l,j]  smax       Eqp       uu       vv
   1  p   1s 1/2   ( 4s  1/2) 0.70     1.145     0.665     0.335
   2  p   2s 1/2   ( 6s  1/2) 0.49     6.154     0.994     0.006
   3  p   3s 1/2   ( 5s  1/2) 0.70    14.372     0.996     0.004
   4  h   4s 1/2   ( 3s  1/2) 0.94    16.967     0.007     0.993
   5  p   5s 1/2   ( 6s  1/2) 0.57    26.048     1.000     0.000
   6  h   6s 1/2   ( 2s  1/2) 0.87    39.402     0.002     0.998
   7  p   7s 1/2   ( 6s  1/2) 0.53    40.556     0.999     0.001
   8  h   8s 1/2   ( 1s  1/2) 0.91    57.536     0.000     1.000
   9  p   9s 1/2   ( 8s  1/2) 0.61    59.021     1.000     0.000
  10  p  10s 1/2   ( 9s  1/2) 0.64    88.911     1.000     0.000
  11  p   1p 1/2   ( 4p  1/2) 0.64     4.253     0.997     0.003
  12  h   2p 1/2   ( 3p  1/2) 0.96     7.674     0.018     0.982
  13  p   3p 1/2   ( 4p  1/2) 0.66    10.515     0.992     0.008
  14  p   4p 1/2   ( 5p  1/2) 0.70    21.209     0.999     0.001
  15  h   5p 1/2   ( 2p  1/2) 0.94    29.857     0.002     0.998
  16  p   6p 1/2   ( 6p  1/2) 0.63    35.149     1.000     0.000
  17  h   7p 1/2   ( 1p  1/2) 0.96    51.614     0.000     1.000
  18  p   8p 1/2   ( 7p  1/2) 0.66    52.697     1.000     0.000
  19  p   9p 1/2   ( 8p  1/2) 0.64    81.253     1.000     0.000
  20  p   1d 3/2   ( 3d  3/2) 0.68     1.257     0.552     0.448
  21  p   2d 3/2   ( 5d  3/2) 0.49     6.430     0.995     0.005
  22  p   3d 3/2   ( 4d  3/2) 0.72    14.377     0.999     0.001
  23  h   4d 3/2   ( 2d  3/2) 0.97    19.300     0.003     0.997
  24  p   5d 3/2   ( 5d  3/2) 0.61    25.812     1.000     0.000
  25  p   6d 3/2   ( 6d  3/2) 0.55    40.345     1.000     0.000
  26  h   7d 3/2   ( 1d  3/2) 0.98    43.701     0.001     0.999
  27  p   8d 3/2   ( 7d  3/2) 0.62    58.823     1.000     0.000
  28  p   9d 3/2   ( 8d  3/2) 0.64    88.155     1.000     0.000
  29  p   1p 3/2   ( 4p  3/2) 0.64     4.221     0.997     0.003
  30  h   2p 3/2   ( 3p  3/2) 0.96     7.959     0.018     0.982
  31  p   3p 3/2   ( 4p  3/2) 0.65    10.458     0.991     0.009
  32  p   4p 3/2   ( 5p  3/2) 0.69    21.192     0.999     0.001
  33  h   5p 3/2   ( 2p  3/2) 0.93    30.242     0.002     0.998
  34  p   6p 3/2   ( 6p  3/2) 0.61    35.121     0.999     0.001
  35  h   7p 3/2   ( 1p  3/2) 0.95    51.892     0.000     1.000
  36  p   8p 3/2   ( 7p  3/2) 0.65    52.568     1.000     0.000
  37  p   9p 3/2   ( 8p  3/2) 0.64    81.749     1.000     0.000
  38  h   1d 5/2   ( 3d  5/2) 0.77     1.343     0.334     0.666
  39  p   2d 5/2   ( 5d  5/2) 0.51     6.296     0.995     0.005
  40  p   3d 5/2   ( 4d  5/2) 0.71    14.181     0.999     0.001
  41  h   4d 5/2   ( 2d  5/2) 0.96    20.498     0.003     0.997
  42  p   5d 5/2   ( 5d  5/2) 0.60    25.664     1.000     0.000
  43  p   6d 5/2   ( 6d  5/2) 0.54    40.166     1.000     0.000
  44  h   7d 5/2   ( 1d  5/2) 0.97    44.678     0.001     0.999
  45  p   8d 5/2   ( 7d  5/2) 0.61    58.484     1.000     0.000
  46  p   9d 5/2   ( 8d  5/2) 0.64    88.785     1.000     0.000
  47  p   1f 5/2   ( 3f  5/2) 0.72     5.048     0.995     0.005
  48  h   2f 5/2   ( 2f  5/2) 0.96     9.095     0.040     0.960
  49  p   3f 5/2   ( 3f  5/2) 0.61    10.669     0.967     0.033
  50  p   4f 5/2   ( 4f  5/2) 0.73    21.047     0.999     0.001
  51  h   5f 5/2   ( 1f  5/2) 0.95    34.521     0.064     0.936
  52  p   6f 5/2   ( 5f  5/2) 0.64    34.874     0.937     0.063
  53  p   7f 5/2   ( 6f  5/2) 0.67    52.297     1.000     0.000
  54  p   8f 5/2   ( 7f  5/2) 0.64    80.419     1.000     0.000
  55  h   1g 7/2   ( 2g  7/2) 0.73     1.456     0.447     0.553
  56  p   2g 7/2   ( 3g  7/2) 0.50     7.586     0.999     0.001
  57  p   3g 7/2   ( 3g  7/2) 0.74    14.826     0.999     0.001
  58  h   4g 7/2   ( 1g  7/2) 0.98    24.518     0.004     0.996
  59  p   5g 7/2   ( 4g  7/2) 0.66    25.714     0.997     0.003
  60  p   6g 7/2   ( 5g  7/2) 0.59    40.082     1.000     0.000
  61  p   7g 7/2   ( 6g  7/2) 0.64    58.341     1.000     0.000
  62  p   8g 7/2   ( 7g  7/2) 0.64    87.215     1.000     0.000
  63  p   1f 7/2   ( 3f  7/2) 0.77     4.647     0.994     0.006
  64  p   2f 7/2   ( 3f  7/2) 0.54    10.000     0.936     0.064
  65  h   3f 7/2   ( 2f  7/2) 0.94    11.080     0.069     0.931
  66  p   4f 7/2   ( 4f  7/2) 0.73    20.575     0.999     0.001
  67  p   5f 7/2   ( 5f  7/2) 0.65    34.345     0.999     0.001
  68  h   6f 7/2   ( 1f  7/2) 0.98    36.493     0.002     0.998
  69  p   7f 7/2   ( 6f  7/2) 0.66    51.540     1.000     0.000
  70  p   8f 7/2   ( 7f  7/2) 0.64    80.798     1.000     0.000
  71  h   1g 9/2   ( 2g  9/2) 0.94     2.700     0.078     0.922
  72  p   2g 9/2   ( 3g  9/2) 0.54     7.302     0.999     0.001
  73  p   3g 9/2   ( 3g  9/2) 0.73    14.072     0.999     0.001
  74  p   4g 9/2   ( 4g  9/2) 0.68    24.908     0.999     0.001
  75  h   5g 9/2   ( 1g  9/2) 0.98    27.676     0.002     0.998
  76  p   6g 9/2   ( 5g  9/2) 0.60    39.179     1.000     0.000
  77  p   7g 9/2   ( 6g  9/2) 0.64    57.101     1.000     0.000
  78  p   8g 9/2   ( 7g  9/2) 0.64    87.113     1.000     0.000
  79  p   1h 9/2   ( 2h  9/2) 0.85     6.433     0.993     0.007
  80  p   2h 9/2   ( 4h  9/2) 0.47    11.264     0.990     0.010
  81  h   3h 9/2   ( 1h  9/2) 0.97    14.040     0.014     0.986
  82  p   4h 9/2   ( 3h  9/2) 0.76    21.276     0.999     0.001
  83  p   5h 9/2   ( 4h  9/2) 0.69    34.711     1.000     0.000
  84  p   6h 9/2   ( 5h  9/2) 0.69    51.868     1.000     0.000
  85  p   7h 9/2   ( 6h  9/2) 0.64    79.352     1.000     0.000
  86  h   1i11/2   ( 1i 11/2) 0.96     3.648     0.043     0.957
  87  p   2i11/2   ( 2i 11/2) 0.58     9.848     0.999     0.001
  88  p   3i11/2   ( 2i 11/2) 0.74    15.504     0.999     0.001
  89  p   4i11/2   ( 3i 11/2) 0.72    25.639     1.000     0.000
  90  p   5i11/2   ( 4i 11/2) 0.64    39.799     1.000     0.000
  91  p   6i11/2   ( 5i 11/2) 0.66    57.673     1.000     0.000
  92  p   7i11/2   ( 6i 11/2) 0.65    86.067     1.000     0.000
  93  p   1h11/2   ( 2h 11/2) 0.93     4.927     0.986     0.014
  94  p   2h11/2   ( 4h 11/2) 0.53    10.452     0.998     0.002
  95  h   3h11/2   ( 1h 11/2) 0.98    18.504     0.009     0.991
  96  p   4h11/2   ( 3h 11/2) 0.75    20.341     0.994     0.006
  97  p   5h11/2   ( 4h 11/2) 0.70    33.464     1.000     0.000
  98  p   6h11/2   ( 5h 11/2) 0.69    50.087     1.000     0.000
  99  p   7h11/2   ( 6h 11/2) 0.64    78.333     1.000     0.000
 100  h   1i13/2   ( 1i 13/2) 0.78     9.155     0.354     0.646
 101  p   2i13/2   ( 2i 13/2) 0.53     9.399     0.654     0.346
 102  p   3i13/2   ( 2i 13/2) 0.66    14.039     0.997     0.003
 103  p   4i13/2   ( 3i 13/2) 0.75    24.384     1.000     0.000
 104  p   5i13/2   ( 4i 13/2) 0.66    38.324     1.000     0.000
 105  p   6i13/2   ( 5i 13/2) 0.67    55.521     1.000     0.000
 106  p   7i13/2   ( 6i 13/2) 0.64    84.426     1.000     0.000
 107  p   1j13/2   ( 1j 13/2) 0.97     6.721     0.990     0.010
 108  p   2j13/2   ( 2j 13/2) 0.53    13.165     1.000     0.000
 109  p   3j13/2   ( 2j 13/2) 0.78    21.711     1.000     0.000
 110  p   4j13/2   ( 3j 13/2) 0.74    34.257     1.000     0.000
 111  p   5j13/2   ( 4j 13/2) 0.72    51.034     1.000     0.000
 112  p   6j13/2   ( 6j 13/2) 0.65    77.705     1.000     0.000
 113  p   1k15/2   ( 1k 15/2) 0.67    13.723     0.999     0.001
 114  p   2k15/2   ( 1k 15/2) 0.71    16.971     0.999     0.001
 115  p   3k15/2   ( 2k 15/2) 0.78    26.253     1.000     0.000
 116  p   4k15/2   ( 3k 15/2) 0.70    39.273     1.000     0.000
 117  p   5k15/2   ( 4k 15/2) 0.70    56.568     1.000     0.000
 118  p   6k15/2   ( 5k 15/2) 0.65    83.891     1.000     0.000
 119  p   1j15/2   ( 1j 15/2) 0.70     1.408     0.507     0.493
 120  p   2j15/2   ( 2j 15/2) 0.60    12.619     1.000     0.000
 121  p   3j15/2   ( 2j 15/2) 0.74    20.016     1.000     0.000
 122  p   4j15/2   ( 3j 15/2) 0.75    32.438     1.000     0.000
 123  p   5j15/2   ( 4j 15/2) 0.72    48.518     1.000     0.000
 124  p   6j15/2   ( 6j 15/2) 0.65    75.473     1.000     0.000
 125  p   1k17/2   ( 1k 17/2) 0.98     8.765     0.995     0.005
 126  p   2k17/2   ( 3k 17/2) 0.51    14.961     1.000     0.000
 127  p   3k17/2   ( 2k 17/2) 0.79    24.154     1.000     0.000
 128  p   4k17/2   ( 3k 17/2) 0.74    37.003     1.000     0.000
 129  p   5k17/2   ( 4k 17/2) 0.71    53.479     1.000     0.000
 130  p   6k17/2   ( 5k 17/2) 0.64    81.318     1.000     0.000
 131  p   1l17/2   ( 3l 17/2) 0.52    17.760     1.000     0.000
 132  p   2l17/2   ( 1l 17/2) 0.83    24.242     1.000     0.000
 133  p   3l17/2   ( 2l 17/2) 0.78    34.757     1.000     0.000
 134  p   4l17/2   ( 3l 17/2) 0.74    50.391     1.000     0.000
 135  p   5l17/2   ( 5l 17/2) 0.67    75.045     1.000     0.000
 136  p   1m19/2   ( 3m 19/2) 0.56    20.139     1.000     0.000
 137  p   2m19/2   ( 1m 19/2) 0.82    29.345     1.000     0.000
 138  p   3m19/2   ( 2m 19/2) 0.72    40.118     1.000     0.000
 139  p   4m19/2   ( 3m 19/2) 0.71    56.286     1.000     0.000
 140  p   5m19/2   ( 5m 19/2) 0.65    81.196     1.000     0.000
 141  p   1l19/2   ( 1l 19/2) 0.88    16.047     0.999     0.001
 142  p   2l19/2   ( 2l 19/2) 0.53    19.552     1.000     0.000
 143  p   3l19/2   ( 2l 19/2) 0.77    31.723     1.000     0.000
 144  p   4l19/2   ( 3l 19/2) 0.74    46.338     1.000     0.000
 145  p   5l19/2   ( 5l 19/2) 0.69    71.402     1.000     0.000
 146  p   1m21/2   ( 3m 21/2) 0.52    19.833     1.000     0.000
 147  p   2m21/2   ( 1m 21/2) 0.85    25.181     1.000     0.000
 148  p   3m21/2   ( 2m 21/2) 0.79    36.046     1.000     0.000
 149  p   4m21/2   ( 3m 21/2) 0.75    51.304     1.000     0.000
 150  p   5m21/2   ( 5m 21/2) 0.68    76.382     1.000     0.000
 151  p   1n21/2   ( 2n 21/2) 0.60    24.701     1.000     0.000
 152  p   2n21/2   ( 1n 21/2) 0.81    36.546     1.000     0.000
 153  p   3n21/2   ( 2n 21/2) 0.74    50.890     1.000     0.000
 154  p   4n21/2   ( 4n 21/2) 0.68    73.296     1.000     0.000
 155  p   1o23/2   ( 2o 23/2) 0.60    27.104     1.000     0.000
 156  p   2o23/2   ( 1o 23/2) 0.80    40.561     1.000     0.000
 157  p   3o23/2   ( 2o 23/2) 0.72    56.027     1.000     0.000
 158  p   4o23/2   ( 4o 23/2) 0.66    79.692     1.000     0.000
 159  p   1n23/2   ( 2n 23/2) 0.56    24.353     1.000     0.000
 160  p   2n23/2   ( 1n 23/2) 0.82    33.083     1.000     0.000
 161  p   3n23/2   ( 2n 23/2) 0.74    45.074     1.000     0.000
 162  p   4n23/2   ( 4n 23/2) 0.74    65.986     1.000     0.000
 163  p   1o25/2   ( 2o 25/2) 0.58    26.926     1.000     0.000
 164  p   2o25/2   ( 1o 25/2) 0.85    38.350     1.000     0.000
 165  p   3o25/2   ( 2o 25/2) 0.77    50.270     1.000     0.000
 166  p   4o25/2   ( 4o 25/2) 0.72    71.038     1.000     0.000
 167  p   1P25/2   ( 2P 25/2) 0.68    33.137     1.000     0.000
 168  p   2P25/2   ( 1P 25/2) 0.77    49.672     1.000     0.000
 169  p   3P25/2   ( 3P 25/2) 0.71    71.703     1.000     0.000
 170  p   1q27/2   ( 2q 27/2) 0.68    35.746     1.000     0.000
 171  p   2q27/2   ( 1q 27/2) 0.77    53.581     1.000     0.000
 172  p   3q27/2   ( 3q 27/2) 0.69    76.910     1.000     0.000
 173  p   1P27/2   ( 2P 27/2) 0.64    32.874     1.000     0.000
 174  p   2P27/2   ( 1P 27/2) 0.77    46.881     1.000     0.000
 175  p   3P27/2   ( 3P 27/2) 0.77    62.502     1.000     0.000
 176  p   1q29/2   ( 2q 29/2) 0.66    35.557     1.000     0.000
 177  p   2q29/2   ( 1q 29/2) 0.78    51.706     1.000     0.000
 178  p   3q29/2   ( 3q 29/2) 0.74    68.082     1.000     0.000
 179  p   1r29/2   ( 1r 29/2) 0.79    44.052     1.000     0.000
 180  p   2r29/2   ( 2r 29/2) 0.78    67.500     1.000     0.000
 181  p   1S31/2   ( 1S 31/2) 0.78    46.944     1.000     0.000
 182  p   2S31/2   ( 2S 31/2) 0.77    71.674     1.000     0.000
 183  p   1r31/2   ( 1r 31/2) 0.78    43.744     1.000     0.000
 184  p   2r31/2   ( 2r 31/2) 0.78    62.462     1.000     0.000
 185  p   1S33/2   ( 1S 33/2) 0.78    46.709     1.000     0.000
 186  p   2S33/2   ( 2S 33/2) 0.77    67.640     1.000     0.000
 187  p   1t33/2   ( 1t 33/2) 0.98    59.730     1.000     0.000
 188  p   1u35/2   ( 1u 35/2) 0.98    63.049     1.000     0.000
 189  p   1t35/2   ( 1t 35/2) 0.98    58.628     1.000     0.000
 190  p   1u37/2   ( 1u 37/2) 0.98    62.235     1.000     0.000


 quasi-particle properties Proton: 
 ------------------------------------------------------------------
     p/h    l j     [nr,l,j]  smax       Eqp       uu       vv
   1  p   1s 1/2   ( 3s  1/2) 0.77     1.056     0.720     0.280
   2  p   2s 1/2   ( 4s  1/2) 0.88    19.945     0.871     0.129
   3  h   3s 1/2   ( 2s  1/2) 0.77    20.597     0.130     0.870
   4  p   4s 1/2   ( 6s  1/2) 0.52    28.519     1.000     0.000
   5  p   5s 1/2   ( 5s  1/2) 0.73    35.899     0.999     0.001
   6  h   6s 1/2   ( 1s  1/2) 0.88    37.501     0.001     0.999
   7  p   7s 1/2   ( 6s  1/2) 0.65    47.327     1.000     0.000
   8  p   8s 1/2   ( 7s  1/2) 0.58    61.153     1.000     0.000
   9  p   9s 1/2   ( 8s  1/2) 0.62    78.718     1.000     0.000
  11  p   1p 1/2   ( 3p  1/2) 0.95    10.081     0.999     0.001
  12  h   2p 1/2   ( 2p  1/2) 0.91    11.248     0.002     0.998
  13  p   3p 1/2   ( 4p  1/2) 0.81    26.550     1.000     0.000
  14  p   4p 1/2   ( 6p  1/2) 0.51    31.644     0.994     0.006
  15  h   5p 1/2   ( 1p  1/2) 0.93    32.053     0.006     0.994
  16  p   6p 1/2   ( 5p  1/2) 0.74    42.657     1.000     0.000
  17  p   7p 1/2   ( 6p  1/2) 0.67    55.783     1.000     0.000
  18  p   8p 1/2   ( 7p  1/2) 0.67    72.407     1.000     0.000
  20  h   1d 3/2   ( 2d  3/2) 0.92     1.545     0.059     0.941
  21  p   2d 3/2   ( 3d  3/2) 0.96    19.204     1.000     0.000
  22  h   3d 3/2   ( 1d  3/2) 0.96    24.746     0.000     1.000
  23  p   4d 3/2   ( 4d  3/2) 0.51    29.058     1.000     0.000
  24  p   5d 3/2   ( 4d  3/2) 0.74    35.918     1.000     0.000
  25  p   6d 3/2   ( 5d  3/2) 0.69    47.122     1.000     0.000
  26  p   7d 3/2   ( 6d  3/2) 0.61    60.979     1.000     0.000
  27  p   8d 3/2   ( 7d  3/2) 0.64    78.488     1.000     0.000
  29  p   1p 3/2   ( 3p  3/2) 0.94     9.902     0.999     0.001
  30  h   2p 3/2   ( 2p  3/2) 0.88    11.709     0.002     0.998
  31  p   3p 3/2   ( 4p  3/2) 0.80    26.512     1.000     0.000
  32  p   4p 3/2   ( 6p  3/2) 0.52    31.614     0.998     0.002
  33  h   5p 3/2   ( 1p  3/2) 0.92    32.485     0.002     0.998
  34  p   6p 3/2   ( 5p  3/2) 0.73    42.669     1.000     0.000
  35  p   7p 3/2   ( 6p  3/2) 0.66    55.775     1.000     0.000
  36  p   8p 3/2   ( 7p  3/2) 0.66    72.314     1.000     0.000
  38  h   1d 5/2   ( 2d  5/2) 0.92     2.729     0.018     0.982
  39  p   2d 5/2   ( 3d  5/2) 0.95    18.609     1.000     0.000
  40  h   3d 5/2   ( 1d  5/2) 0.95    25.977     0.000     1.000
  41  p   4d 5/2   ( 4d  5/2) 0.51    28.994     1.000     0.000
  42  p   5d 5/2   ( 4d  5/2) 0.73    35.743     1.000     0.000
  43  p   6d 5/2   ( 5d  5/2) 0.68    47.023     1.000     0.000
  44  p   7d 5/2   ( 6d  5/2) 0.59    60.865     1.000     0.000
  45  p   8d 5/2   ( 7d  5/2) 0.62    78.228     1.000     0.000
  47  p   1f 5/2   ( 2f  5/2) 0.97     8.223     0.999     0.001
  48  h   2f 5/2   ( 1f  5/2) 0.98    16.211     0.001     0.999
  49  p   3f 5/2   ( 3f  5/2) 0.90    26.754     1.000     0.000
  50  p   4f 5/2   ( 5f  5/2) 0.53    32.016     1.000     0.000
  51  p   5f 5/2   ( 4f  5/2) 0.75    42.736     1.000     0.000
  52  p   6f 5/2   ( 5f  5/2) 0.70    55.677     1.000     0.000
  53  p   7f 5/2   ( 6f  5/2) 0.68    72.115     1.000     0.000
  55  h   1g 7/2   ( 1g  7/2) 0.98     6.849     0.003     0.997
  56  p   2g 7/2   ( 2g  7/2) 0.98    17.225     1.000     0.000
  57  p   3g 7/2   ( 3g  7/2) 0.58    30.465     1.000     0.000
  58  p   4g 7/2   ( 3g  7/2) 0.74    36.136     1.000     0.000
  59  p   5g 7/2   ( 4g  7/2) 0.73    47.036     1.000     0.000
  60  p   6g 7/2   ( 5g  7/2) 0.64    60.916     1.000     0.000
  61  p   7g 7/2   ( 6g  7/2) 0.66    78.104     1.000     0.000
  63  p   1f 7/2   ( 2f  7/2) 0.96     6.376     0.998     0.002
  64  h   2f 7/2   ( 1f  7/2) 0.97    18.507     0.001     0.999
  65  p   3f 7/2   ( 3f  7/2) 0.92    25.985     1.000     0.000
  66  p   4f 7/2   ( 5f  7/2) 0.56    31.681     1.000     0.000
  67  p   5f 7/2   ( 4f  7/2) 0.75    42.347     1.000     0.000
  68  p   6f 7/2   ( 5f  7/2) 0.69    55.255     1.000     0.000
  69  p   7f 7/2   ( 6f  7/2) 0.67    71.476     1.000     0.000
  71  h   1g 9/2   ( 1g  9/2) 0.98    10.406     0.001     0.999
  72  p   2g 9/2   ( 2g  9/2) 0.97    15.083     1.000     0.000
  73  p   3g 9/2   ( 3g  9/2) 0.64    30.177     1.000     0.000
  74  p   4g 9/2   ( 3g  9/2) 0.70    35.269     1.000     0.000
  75  p   5g 9/2   ( 4g  9/2) 0.73    46.313     1.000     0.000
  76  p   6g 9/2   ( 5g  9/2) 0.64    60.127     1.000     0.000
  77  p   7g 9/2   ( 6g  9/2) 0.65    76.975     1.000     0.000
  79  p   1h 9/2   ( 1h  9/2) 0.98     3.105     0.988     0.012
  80  p   2h 9/2   ( 2h  9/2) 0.97    25.525     1.000     0.000
  81  p   3h 9/2   ( 4h  9/2) 0.53    33.313     1.000     0.000
  82  p   4h 9/2   ( 3h  9/2) 0.77    42.838     1.000     0.000
  83  p   5h 9/2   ( 4h  9/2) 0.73    55.415     1.000     0.000
  84  p   6h 9/2   ( 5h  9/2) 0.70    71.538     1.000     0.000
  85  p   7h 9/2   ( 6h  9/2) 0.64    99.572     1.000     0.000
  86  p   1i11/2   ( 1i 11/2) 0.98    12.976     1.000     0.000
  87  p   2i11/2   ( 2i 11/2) 0.83    32.146     1.000     0.000
  88  p   3i11/2   ( 2i 11/2) 0.52    35.987     1.000     0.000
  89  p   4i11/2   ( 3i 11/2) 0.78    46.899     1.000     0.000
  90  p   5i11/2   ( 4i 11/2) 0.70    60.434     1.000     0.000
  91  p   6i11/2   ( 5i 11/2) 0.69    77.095     1.000     0.000
  93  h   1h11/2   ( 1h 11/2) 0.97     2.005     0.029     0.971
  94  p   2h11/2   ( 2h 11/2) 0.98    23.346     1.000     0.000
  95  p   3h11/2   ( 3h 11/2) 0.56    32.972     1.000     0.000
  96  p   4h11/2   ( 3h 11/2) 0.76    41.915     1.000     0.000
  97  p   5h11/2   ( 4h 11/2) 0.74    54.293     1.000     0.000
  98  p   6h11/2   ( 5h 11/2) 0.70    69.922     1.000     0.000
  99  p   7h11/2   ( 7h 11/2) 0.63    98.630     1.000     0.000
 100  p   1i13/2   ( 1i 13/2) 0.98     6.837     0.998     0.002
 101  p   2i13/2   ( 2i 13/2) 0.94    30.576     1.000     0.000
 102  p   3i13/2   ( 4i 13/2) 0.52    35.062     1.000     0.000
 103  p   4i13/2   ( 3i 13/2) 0.78    45.905     1.000     0.000
 104  p   5i13/2   ( 4i 13/2) 0.71    59.130     1.000     0.000
 105  p   6i13/2   ( 5i 13/2) 0.69    75.140     1.000     0.000
 107  p   1j13/2   ( 1j 13/2) 0.98    22.624     1.000     0.000
 108  p   2j13/2   ( 2j 13/2) 0.61    36.147     1.000     0.000
 109  p   3j13/2   ( 2j 13/2) 0.75    42.746     1.000     0.000
 110  p   4j13/2   ( 3j 13/2) 0.77    54.877     1.000     0.000
 111  p   5j13/2   ( 4j 13/2) 0.73    70.426     1.000     0.000
 112  p   6j13/2   ( 6j 13/2) 0.66    97.154     1.000     0.000
 113  p   1k15/2   ( 1k 15/2) 0.98    31.649     1.000     0.000
 114  p   2k15/2   ( 4k 15/2) 0.51    38.377     1.000     0.000
 115  p   3k15/2   ( 2k 15/2) 0.82    47.868     1.000     0.000
 116  p   4k15/2   ( 3k 15/2) 0.76    59.805     1.000     0.000
 117  p   5k15/2   ( 4k 15/2) 0.72    75.862     1.000     0.000
 119  p   1j15/2   ( 1j 15/2) 0.97    15.597     1.000     0.000
 120  p   2j15/2   ( 2j 15/2) 0.74    35.434     1.000     0.000
 121  p   3j15/2   ( 2j 15/2) 0.64    40.738     1.000     0.000
 122  p   4j15/2   ( 3j 15/2) 0.76    53.466     1.000     0.000
 123  p   5j15/2   ( 4j 15/2) 0.73    68.251     1.000     0.000
 124  p   6j15/2   ( 6j 15/2) 0.66    94.971     1.000     0.000
 125  p   1k17/2   ( 1k 17/2) 0.97    24.303     1.000     0.000
 126  p   2k17/2   ( 2k 17/2) 0.53    37.986     1.000     0.000
 127  p   3k17/2   ( 2k 17/2) 0.80    45.586     1.000     0.000
 128  p   4k17/2   ( 3k 17/2) 0.77    57.797     1.000     0.000
 129  p   5k17/2   ( 4k 17/2) 0.73    73.207     1.000     0.000
 131  p   1l17/2   ( 1l 17/2) 0.90    39.291     1.000     0.000
 132  p   2l17/2   ( 3l 17/2) 0.52    43.180     1.000     0.000
 133  p   3l17/2   ( 2l 17/2) 0.79    55.679     1.000     0.000
 134  p   4l17/2   ( 3l 17/2) 0.75    69.701     1.000     0.000
 135  p   5l17/2   ( 5l 17/2) 0.69    93.909     1.000     0.000
 136  p   1m19/2   ( 3m 19/2) 0.51    43.283     1.000     0.000
 137  p   2m19/2   ( 1m 19/2) 0.85    48.596     1.000     0.000
 138  p   3m19/2   ( 2m 19/2) 0.79    60.151     1.000     0.000
 139  p   4m19/2   ( 3m 19/2) 0.74    75.361     1.000     0.000
 140  p   5m19/2   ( 5m 19/2) 0.67    99.942     1.000     0.000
 141  p   1l19/2   ( 1l 19/2) 0.97    32.810     1.000     0.000
 142  p   2l19/2   ( 2l 19/2) 0.62    41.811     1.000     0.000
 143  p   3l19/2   ( 2l 19/2) 0.74    53.355     1.000     0.000
 144  p   4l19/2   ( 3l 19/2) 0.74    66.117     1.000     0.000
 145  p   5l19/2   ( 5l 19/2) 0.71    90.454     1.000     0.000
 146  p   1m21/2   ( 1m 21/2) 0.95    40.840     1.000     0.000
 147  p   2m21/2   ( 2m 21/2) 0.59    44.166     1.000     0.000
 148  p   3m21/2   ( 2m 21/2) 0.77    57.567     1.000     0.000
 149  p   4m21/2   ( 3m 21/2) 0.76    71.078     1.000     0.000
 150  p   5m21/2   ( 5m 21/2) 0.70    95.283     1.000     0.000
 151  p   1n21/2   ( 2n 21/2) 0.55    48.049     1.000     0.000
 152  p   2n21/2   ( 1n 21/2) 0.82    56.662     1.000     0.000
 153  p   3n21/2   ( 2n 21/2) 0.75    69.264     1.000     0.000
 154  p   4n21/2   ( 4n 21/2) 0.71    91.541     1.000     0.000
 155  p   1o23/2   ( 2o 23/2) 0.57    50.469     1.000     0.000
 156  p   2o23/2   ( 1o 23/2) 0.86    62.212     1.000     0.000
 157  p   3o23/2   ( 2o 23/2) 0.76    74.192     1.000     0.000
 158  p   4o23/2   ( 4o 23/2) 0.69    97.331     1.000     0.000
 159  p   1n23/2   ( 1n 23/2) 0.78    46.951     1.000     0.000
 160  p   2n23/2   ( 2n 23/2) 0.64    51.748     1.000     0.000
 161  p   3n23/2   ( 2n 23/2) 0.67    65.268     1.000     0.000
 162  p   4n23/2   ( 4n 23/2) 0.77    84.584     1.000     0.000
 163  p   1o25/2   ( 3o 25/2) 0.56    50.172     1.000     0.000
 164  p   2o25/2   ( 1o 25/2) 0.82    58.154     1.000     0.000
 165  p   3o25/2   ( 2o 25/2) 0.72    69.744     1.000     0.000
 166  p   4o25/2   ( 4o 25/2) 0.75    89.338     1.000     0.000
 167  p   1P25/2   ( 2P 25/2) 0.65    56.786     1.000     0.000
 168  p   2P25/2   ( 1P 25/2) 0.78    70.474     1.000     0.000
 169  p   3P25/2   ( 3P 25/2) 0.76    88.174     1.000     0.000
 170  p   1q27/2   ( 2q 27/2) 0.67    59.288     1.000     0.000
 171  p   2q27/2   ( 1q 27/2) 0.79    75.570     1.000     0.000
 172  p   3q27/2   ( 3q 27/2) 0.74    93.328     1.000     0.000
 173  p   1P27/2   ( 1P 27/2) 0.66    56.379     1.000     0.000
 174  p   2P27/2   ( 1P 27/2) 0.72    66.653     1.000     0.000
 175  p   3P27/2   ( 3P 27/2) 0.83    80.252     1.000     0.000
 176  p   1q29/2   ( 2q 29/2) 0.63    59.022     1.000     0.000
 177  p   2q29/2   ( 1q 29/2) 0.78    73.068     1.000     0.000
 178  p   3q29/2   ( 3q 29/2) 0.80    85.352     1.000     0.000
 179  p   1r29/2   ( 1r 29/2) 0.78    67.806     1.000     0.000
 180  p   2r29/2   ( 2r 29/2) 0.77    86.532     1.000     0.000
 181  p   1S31/2   ( 1S 31/2) 0.77    70.640     1.000     0.000
 182  p   2S31/2   ( 2S 31/2) 0.76    91.786     1.000     0.000
 183  p   1r31/2   ( 1r 31/2) 0.77    67.495     1.000     0.000
 184  p   2r31/2   ( 2r 31/2) 0.77    81.658     1.000     0.000
 185  p   1S33/2   ( 1S 33/2) 0.76    70.388     1.000     0.000
 186  p   2S33/2   ( 2S 33/2) 0.75    87.916     1.000     0.000
 187  p   1t33/2   ( 1t 33/2) 0.98    82.879     1.000     0.000
 188  p   1u35/2   ( 1u 35/2) 0.98    86.457     1.000     0.000
 189  p   1t35/2   ( 1t 35/2) 0.98    81.824     1.000     0.000
 190  p   1u37/2   ( 1u 37/2) 0.98    85.674     1.000     0.000
  ****** END RESU ***********************************
