
  ******************************************  
  *           Fortran 77 Code              *  
  *         Spherical H.O. basis            *  
  * Dirac-Hartree-Bogoliubov calculation   *  
  *        with density-dependent          *  
  * meson-exchange or point coupling force *  
  *          and separable pairing         *  
  * -------------------------------------- *  
  *      Niksic, Paar, Vretenar, Ring      *  
  *          18/ 4/2026/01:37:01           *
  *       Hg 204  N = 124  Z =  80
  ******************************************  
  ****** BEGIN READER *******************************
 Number of oscillator shells :    18   20
 Initialization inin,inink   :     0    0
 Nucleus: Hg 204   124  80
 Initial Gap Parameters      :     1.0000    1.0000
 Parameter set               :    DD-ME2    
  ****** END READER *********************************
  ****** BEGIN FORCES *******************************

 NEDF Parameters: DD-ME2    
 AMU   =  939.000
 msig  =  550.124  gsig =    10.5396  Gsig =   -14.2924
 mome  =  783.000  gome =    13.0189  Gome =    10.7647
 mdel  =    0.000  gdel =     0.0000  Gdel =    -0.0000
 mrho  =  763.000  grho =     3.6836  Grho =     0.9076
  
 Density dependence parameters:
           scasca    scavec    vecsca    vecvec
 a    =   1.388148  1.389291  0.000000  0.564700
 b    =   1.094300  0.923975  0.000000  0.000000
 c    =   1.705700  1.462000  0.000000  0.000000
 d    =   0.442067  0.477492  0.000000  0.000000
 dsat =   0.152000
  
 TMR pairing: Tian,Ma,Ring, PRB 676, 44 (2009)
 TMR pairing strength    gl =:  -728.00000 [MeV*fm^3]
 TMR pairing width        a =:     0.64420 [fm]
  ****** END FORCES *********************************
  ****** BEGIN PREP *********************************
  
 hom =                            6.964776
 hb0 =                           20.734000
 b0  =                            2.440074
 with Coulomb force
 With microscopic c.m. correction
  ****** END PREP ***********************************
  potentials read from tape dirhb.wel
  ****** BEGIN ITER *********************************
  1.It. si =    0.0000000  E/A =    0.0000 R =    0.0000  mix = 0.50
  2.It. si =    7.6715666  E/A =   -7.8558 R =    5.5503  mix = 0.50
  3.It. si =    5.3389508  E/A =   -7.8557 R =    5.5502  mix = 0.50
  4.It. si =    2.8167079  E/A =   -7.8554 R =    5.5504  mix = 0.50
  5.It. si =    0.6261500  E/A =   -7.8548 R =    5.5517  mix = 0.50
  6.It. si =    0.2365980  E/A =   -7.8548 R =    5.5523  mix = 0.50
  7.It. si =    0.0226678  E/A =   -7.8547 R =    5.5527  mix = 0.50
  8.It. si =    0.0120776  E/A =   -7.8547 R =    5.5527  mix = 0.50
  9.It. si =    0.0325182  E/A =   -7.8546 R =    5.5527  mix = 0.50
 10.It. si =    0.0206545  E/A =   -7.8546 R =    5.5527  mix = 0.50
 11.It. si =    0.0060384  E/A =   -7.8546 R =    5.5527  mix = 0.50
 12.It. si =    0.0051822  E/A =   -7.8546 R =    5.5527  mix = 0.50
 13.It. si =    0.0052898  E/A =   -7.8546 R =    5.5527  mix = 0.50
 14.It. si =    0.0055667  E/A =   -7.8546 R =    5.5527  mix = 0.50
 15.It. si =    0.0058578  E/A =   -7.8546 R =    5.5527  mix = 0.50
 16.It. si =    0.0061636  E/A =   -7.8546 R =    5.5527  mix = 0.50
 17.It. si =    0.0064847  E/A =   -7.8546 R =    5.5527  mix = 0.50
 18.It. si =    0.0068221  E/A =   -7.8545 R =    5.5527  mix = 0.50
 19.It. si =    0.0071765  E/A =   -7.8545 R =    5.5527  mix = 0.50
 20.It. si =    0.0075488  E/A =   -7.8545 R =    5.5527  mix = 0.50
 21.It. si =    0.0079398  E/A =   -7.8545 R =    5.5527  mix = 0.50
 22.It. si =    0.0083504  E/A =   -7.8545 R =    5.5527  mix = 0.50
 23.It. si =    0.0087815  E/A =   -7.8545 R =    5.5527  mix = 0.50
 24.It. si =    0.0092340  E/A =   -7.8545 R =    5.5527  mix = 0.50
 25.It. si =    0.0097088  E/A =   -7.8545 R =    5.5527  mix = 0.50
 26.It. si =    0.0102068  E/A =   -7.8545 R =    5.5527  mix = 0.50
 27.It. si =    0.0107290  E/A =   -7.8545 R =    5.5527  mix = 0.50
 28.It. si =    0.0112763  E/A =   -7.8545 R =    5.5527  mix = 0.50
 29.It. si =    0.0118497  E/A =   -7.8545 R =    5.5527  mix = 0.50
 30.It. si =    0.0124500  E/A =   -7.8545 R =    5.5527  mix = 0.50
 31.It. si =    0.0130782  E/A =   -7.8545 R =    5.5527  mix = 0.50
 32.It. si =    0.0137352  E/A =   -7.8545 R =    5.5527  mix = 0.50
 33.It. si =    0.0144217  E/A =   -7.8545 R =    5.5527  mix = 0.50
 34.It. si =    0.0159741  E/A =   -7.8545 R =    5.5527  mix = 0.50
 35.It. si =    0.0177254  E/A =   -7.8545 R =    5.5527  mix = 0.50
 36.It. si =    0.0196393  E/A =   -7.8545 R =    5.5527  mix = 0.50
 37.It. si =    0.0217316  E/A =   -7.8545 R =    5.5527  mix = 0.50
 38.It. si =    0.0240192  E/A =   -7.8545 R =    5.5527  mix = 0.50
 39.It. si =    0.0265198  E/A =   -7.8545 R =    5.5527  mix = 0.50
 40.It. si =    0.0292518  E/A =   -7.8545 R =    5.5527  mix = 0.50
 41.It. si =    0.0322345  E/A =   -7.8545 R =    5.5526  mix = 0.50
 42.It. si =    0.0354879  E/A =   -7.8545 R =    5.5526  mix = 0.50
 43.It. si =    0.0390323  E/A =   -7.8545 R =    5.5526  mix = 0.50
 44.It. si =    0.0428887  E/A =   -7.8545 R =    5.5526  mix = 0.50
 45.It. si =    0.0470778  E/A =   -7.8545 R =    5.5526  mix = 0.50
 46.It. si =    0.0516202  E/A =   -7.8545 R =    5.5526  mix = 0.50
 47.It. si =    0.0565361  E/A =   -7.8545 R =    5.5526  mix = 0.50
 48.It. si =    0.0618442  E/A =   -7.8545 R =    5.5526  mix = 0.50
 49.It. si =    0.0675620  E/A =   -7.8545 R =    5.5526  mix = 0.50
 50.It. si =    0.0737045  E/A =   -7.8545 R =    5.5526  mix = 0.50
 51.It. si =    0.0802838  E/A =   -7.8545 R =    5.5526  mix = 0.50
 52.It. si =    0.0873082  E/A =   -7.8545 R =    5.5526  mix = 0.50
 53.It. si =    0.0947818  E/A =   -7.8545 R =    5.5526  mix = 0.50
 54.It. si =    0.1027029  E/A =   -7.8545 R =    5.5526  mix = 0.50
 55.It. si =    0.1110636  E/A =   -7.8545 R =    5.5526  mix = 0.50
 56.It. si =    0.1198489  E/A =   -7.8545 R =    5.5526  mix = 0.50
 57.It. si =    0.1290358  E/A =   -7.8545 R =    5.5525  mix = 0.50
 58.It. si =    0.1385925  E/A =   -7.8545 R =    5.5525  mix = 0.50
 59.It. si =    0.1484778  E/A =   -7.8545 R =    5.5525  mix = 0.50
 60.It. si =    0.1586411  E/A =   -7.8546 R =    5.5525  mix = 0.50
 61.It. si =    0.1690220  E/A =   -7.8546 R =    5.5525  mix = 0.50
 62.It. si =    0.1795504  E/A =   -7.8546 R =    5.5525  mix = 0.50
 63.It. si =    0.1901474  E/A =   -7.8546 R =    5.5525  mix = 0.50
 64.It. si =    0.2007262  E/A =   -7.8546 R =    5.5525  mix = 0.50
 65.It. si =    0.2111929  E/A =   -7.8546 R =    5.5524  mix = 0.50
 66.It. si =    0.2214489  E/A =   -7.8546 R =    5.5524  mix = 0.50
 67.It. si =    0.2313921  E/A =   -7.8546 R =    5.5524  mix = 0.50
 68.It. si =    0.2409198  E/A =   -7.8546 R =    5.5524  mix = 0.50
 69.It. si =    0.2499306  E/A =   -7.8546 R =    5.5524  mix = 0.50
 70.It. si =    0.2583270  E/A =   -7.8546 R =    5.5523  mix = 0.50
 71.It. si =    0.2660179  E/A =   -7.8546 R =    5.5523  mix = 0.50
 72.It. si =    0.2729208  E/A =   -7.8546 R =    5.5523  mix = 0.50
 73.It. si =    0.2789638  E/A =   -7.8546 R =    5.5523  mix = 0.50
 74.It. si =    0.2840869  E/A =   -7.8546 R =    5.5523  mix = 0.50
 75.It. si =    0.2882441  E/A =   -7.8546 R =    5.5523  mix = 0.50
 76.It. si =    0.3541923  E/A =   -7.8545 R =    5.5525  mix = 0.50
 77.It. si =    0.3655977  E/A =   -7.8545 R =    5.5525  mix = 0.50
 78.It. si =    0.3172965  E/A =   -7.8545 R =    5.5526  mix = 0.50
 79.It. si =    0.1612774  E/A =   -7.8546 R =    5.5525  mix = 0.50
 80.It. si =    0.0615012  E/A =   -7.8546 R =    5.5525  mix = 0.50
 81.It. si =    0.0541188  E/A =   -7.8546 R =    5.5525  mix = 0.50
 82.It. si =    0.0531741  E/A =   -7.8555 R =    5.5518  mix = 0.50
 83.It. si =    0.2947441  E/A =   -7.8545 R =    5.5525  mix = 0.50
 84.It. si =    0.3069834  E/A =   -7.8545 R =    5.5525  mix = 0.50
 85.It. si =    0.1414516  E/A =   -7.8546 R =    5.5525  mix = 0.50
 86.It. si =    0.0622124  E/A =   -7.8546 R =    5.5525  mix = 0.50
 87.It. si =    0.0707457  E/A =   -7.8546 R =    5.5524  mix = 0.50
 88.It. si =    0.0404893  E/A =   -7.8548 R =    5.5521  mix = 0.50
 89.It. si =    0.0466307  E/A =   -7.8555 R =    5.5518  mix = 0.50
 90.It. si =    0.0343955  E/A =   -7.8554 R =    5.5518  mix = 0.50
 91.It. si =    0.0389536  E/A =   -7.8549 R =    5.5521  mix = 0.50
 92.It. si =    0.0318119  E/A =   -7.8549 R =    5.5521  mix = 0.50
 93.It. si =    0.0166234  E/A =   -7.8551 R =    5.5520  mix = 0.50
 94.It. si =    0.0168360  E/A =   -7.8551 R =    5.5520  mix = 0.50
 95.It. si =    0.0057788  E/A =   -7.8551 R =    5.5520  mix = 0.50
 96.It. si =    0.0052895  E/A =   -7.8551 R =    5.5520  mix = 0.50
 97.It. si =    0.0019806  E/A =   -7.8552 R =    5.5520  mix = 0.50
 98.It. si =    0.0010655  E/A =   -7.8552 R =    5.5520  mix = 0.50
 99.It. si =    0.0006206  E/A =   -7.8552 R =    5.5519  mix = 0.50
100.It. si =    0.0001658  E/A =   -7.8552 R =    5.5519  mix = 0.50
101.It. si =    0.0000523  E/A =   -7.8552 R =    5.5519  mix = 0.50
102.It. si =    0.0000385  E/A =   -7.8552 R =    5.5519  mix = 0.50
103.It. si =    0.0000078  E/A =   -7.8552 R =    5.5519  mix = 0.50
104.It. si =    0.0000028  E/A =   -7.8552 R =    5.5519  mix = 0.50
105.It. si =    0.0000020  E/A =   -7.8552 R =    5.5519  mix = 0.50
106.It. si =    0.0000017  E/A =   -7.8552 R =    5.5519  mix = 0.50
 ********************************************************************
 Hg 204: Iteration converged after 106 steps   si =      0.0000000675
 ********************************************************************
  ****** END ITER ***********************************
  ****** BEGIN CANON ********************************
 single-particle energies and gaps  in the canonical basis: Neutron:
 ------------------------------------------------------------------
    j pi     (nr,l,j)  smax       Ecan       vvcan       decan
 j = 1/2+  (   s 1/2)  0.74    -60.1315      0.9999      0.8321
 j = 1/2+  (   s 1/2)  0.69    -43.2020      0.9998      1.1265
 j = 1/2+  (   s 1/2)  0.91    -18.6279      0.9985      0.8909
 j = 1/2+  (   s 1/2)  0.96      2.0261      0.0004      0.3906
 j = 1/2+  (   s 1/2)  0.61      8.4982      0.0000      0.0068
 j = 1/2+  (   s 1/2)  0.95     17.9917      0.0000      0.2274
 j = 1/2+  (   s 1/2)  0.63     29.6606      0.0000      0.0210
 j = 1/2+  (   s 1/2)  0.90     34.9497      0.0000      0.1521
 j = 1/2+  (   s 1/2)  0.65     58.8210      0.0000      0.0750
 j = 1/2+  (   s 1/2)  0.60     92.2642      0.0000      0.0558
 j = 1/2-  (   p 1/2)  0.94    -55.7603      0.9999      0.8067
 j = 1/2-  (   p 1/2)  0.93    -31.2332      0.9997      0.8401
 j = 1/2-  (   p 1/2)  0.97     -7.3843      0.6161      0.7079
 j = 1/2-  (   p 1/2)  0.96     10.7744      0.0001      0.4227
 j = 1/2-  (   p 1/2)  0.70     12.9274      0.0000      0.0081
 j = 1/2-  (   p 1/2)  0.94     25.5548      0.0000      0.2361
 j = 1/2-  (   p 1/2)  0.59     37.8856      0.0000      0.0320
 j = 1/2-  (   p 1/2)  0.85     42.4489      0.0000      0.1594
 j = 1/2-  (   p 1/2)  0.69     83.3908      0.0000      0.0934
 j = 3/2+  (   d 3/2)  0.99    -46.7772      0.9999      0.6950
 j = 3/2+  (   d 3/2)  0.98    -19.6895      0.9993      0.6794
 j = 3/2+  (   d 3/2)  0.97      1.8698      0.0008      0.5127
 j = 3/2+  (   d 3/2)  0.71     11.0277      0.0000      0.0047
 j = 3/2+  (   d 3/2)  0.92     21.3134      0.0000      0.3459
 j = 3/2+  (   d 3/2)  0.56     34.8073      0.0000      0.0167
 j = 3/2+  (   d 3/2)  0.79     37.5490      0.0000      0.2116
 j = 3/2+  (   d 3/2)  0.58     55.3515      0.0000      0.1277
 j = 3/2+  (   d 3/2)  0.77     80.7386      0.0000      0.0660
 j = 3/2-  (   p 3/2)  0.94    -56.2020      0.9999      0.8051
 j = 3/2-  (   p 3/2)  0.92    -31.7247      0.9997      0.8324
 j = 3/2-  (   p 3/2)  0.97     -7.7634      0.8072      0.7041
 j = 3/2-  (   p 3/2)  0.96     10.7763      0.0001      0.4369
 j = 3/2-  (   p 3/2)  0.70     12.8671      0.0000      0.0080
 j = 3/2-  (   p 3/2)  0.94     25.6804      0.0000      0.2361
 j = 3/2-  (   p 3/2)  0.59     37.6331      0.0000      0.0317
 j = 3/2-  (   p 3/2)  0.85     42.1825      0.0000      0.1588
 j = 3/2-  (   p 3/2)  0.69     83.3169      0.0000      0.0934
 j = 5/2+  (   d 5/2)  0.98    -48.0117      0.9999      0.7010
 j = 5/2+  (   d 5/2)  0.98    -21.2433      0.9994      0.6824
 j = 5/2+  (   d 5/2)  0.97      1.0825      0.0009      0.4981
 j = 5/2+  (   d 5/2)  0.71     11.0552      0.0000      0.0047
 j = 5/2+  (   d 5/2)  0.92     21.5319      0.0000      0.3547
 j = 5/2+  (   d 5/2)  0.56     34.6814      0.0000      0.0167
 j = 5/2+  (   d 5/2)  0.79     37.3658      0.0000      0.2107
 j = 5/2+  (   d 5/2)  0.58     55.0837      0.0000      0.1288
 j = 5/2+  (   d 5/2)  0.77     80.2190      0.0000      0.0659
 j = 5/2-  (   f 5/2)  0.98    -36.5467      0.9999      0.6363
 j = 5/2-  (   f 5/2)  0.98     -8.7141      0.9636      0.6058
 j = 5/2-  (   f 5/2)  0.96     10.6350      0.0001      0.3178
 j = 5/2-  (   f 5/2)  0.71     11.5028      0.0000      0.0069
 j = 5/2-  (   f 5/2)  0.91     28.0304      0.0000      0.2421
 j = 5/2-  (   f 5/2)  0.54     35.0654      0.0000      0.0274
 j = 5/2-  (   f 5/2)  0.71     49.7195      0.0000      0.1790
 j = 5/2-  (   f 5/2)  0.75     76.9652      0.0000      0.0897
 j = 7/2+  (   g 7/2)  0.98    -25.2664      0.9997      0.5934
 j = 7/2+  (   g 7/2)  0.97      0.8637      0.0011      0.5323
 j = 7/2+  (   g 7/2)  0.59      9.7352      0.0000      0.0063
 j = 7/2+  (   g 7/2)  0.95     18.4083      0.0000      0.2407
 j = 7/2+  (   g 7/2)  0.61     28.9499      0.0000      0.0214
 j = 7/2+  (   g 7/2)  0.89     35.6632      0.0000      0.1590
 j = 7/2+  (   g 7/2)  0.68     57.4014      0.0000      0.0706
 j = 7/2+  (   g 7/2)  0.64     92.0701      0.0000      0.1087
 j = 7/2-  (   f 7/2)  0.98    -39.0326      0.9999      0.6472
 j = 7/2-  (   f 7/2)  0.98    -10.9890      0.9936      0.6092
 j = 7/2-  (   f 7/2)  0.96      9.3655      0.0001      0.3167
 j = 7/2-  (   f 7/2)  0.71     11.2363      0.0000      0.0067
 j = 7/2-  (   f 7/2)  0.90     28.4362      0.0000      0.2392
 j = 7/2-  (   f 7/2)  0.54     34.4196      0.0000      0.0266
 j = 7/2-  (   f 7/2)  0.69     49.8116      0.0000      0.1762
 j = 7/2-  (   f 7/2)  0.75     76.2239      0.0000      0.0891
 j = 9/2+  (   g 9/2)  0.98    -29.3301      0.9998      0.6158
 j = 9/2+  (   g 9/2)  0.98     -1.7341      0.0022      0.5178
 j = 9/2+  (   g 9/2)  0.59      9.7769      0.0000      0.0065
 j = 9/2+  (   g 9/2)  0.95     16.9038      0.0000      0.2424
 j = 9/2+  (   g 9/2)  0.61     29.0199      0.0000      0.0217
 j = 9/2+  (   g 9/2)  0.89     33.8784      0.0000      0.1564
 j = 9/2+  (   g 9/2)  0.68     56.5048      0.0000      0.0697
 j = 9/2+  (   g 9/2)  0.63     92.0124      0.0000      0.1100
 j = 9/2-  (   h 9/2)  0.97    -13.5591      0.9981      0.5573
 j = 9/2-  (   h 9/2)  0.95      9.9312      0.0002      0.4289
 j = 9/2-  (   h 9/2)  0.70     13.4008      0.0000      0.0054
 j = 9/2-  (   h 9/2)  0.91     27.2747      0.0000      0.2130
 j = 9/2-  (   h 9/2)  0.61     37.0989      0.0000      0.0245
 j = 9/2-  (   h 9/2)  0.80     42.8647      0.0000      0.1175
 j = 9/2-  (   h 9/2)  0.67     82.2925      0.0000      0.0745
 j =11/2+  (   i11/2)  0.98     -1.9075      0.0026      0.5427
 j =11/2+  (   i11/2)  0.59     11.4637      0.0000      0.0063
 j =11/2+  (   i11/2)  0.93     18.5830      0.0000      0.3047
 j =11/2+  (   i11/2)  0.59     29.6591      0.0000      0.0209
 j =11/2+  (   i11/2)  0.83     36.5352      0.0000      0.1867
 j =11/2+  (   i11/2)  0.69     56.5939      0.0000      0.0705
 j =11/2+  (   i11/2)  0.63     90.6047      0.0000      0.0687
 j =11/2-  (   h11/2)  0.98    -19.2552      0.9994      0.5787
 j =11/2-  (   h11/2)  0.96      7.0772      0.0002      0.4183
 j =11/2-  (   h11/2)  0.70     13.3844      0.0000      0.0054
 j =11/2-  (   h11/2)  0.90     25.6089      0.0000      0.2127
 j =11/2-  (   h11/2)  0.61     36.6091      0.0000      0.0246
 j =11/2-  (   h11/2)  0.80     40.8943      0.0000      0.1160
 j =11/2-  (   h11/2)  0.67     81.2579      0.0000      0.0742
 j =13/2+  (   i13/2)  0.98     -9.1675      0.9819      0.5402
 j =13/2+  (   i13/2)  0.59     11.3519      0.0000      0.0066
 j =13/2+  (   i13/2)  0.92     15.7517      0.0000      0.3195
 j =13/2+  (   i13/2)  0.59     29.3352      0.0000      0.0215
 j =13/2+  (   i13/2)  0.82     34.2763      0.0000      0.1836
 j =13/2+  (   i13/2)  0.69     54.6794      0.0000      0.0694
 j =13/2+  (   i13/2)  0.63     88.7757      0.0000      0.0690
 j =13/2-  (   j13/2)  0.97      9.1694      0.0002      0.5028
 j =13/2-  (   j13/2)  0.70     15.2857      0.0000      0.0057
 j =13/2-  (   j13/2)  0.91     26.8736      0.0000      0.2241
 j =13/2-  (   j13/2)  0.57     36.8673      0.0000      0.0254
 j =13/2-  (   j13/2)  0.73     46.4298      0.0000      0.1489
 j =13/2-  (   j13/2)  0.73     79.0111      0.0000      0.0767
 j =15/2+  (   k15/2)  0.58     15.0311      0.0000      0.0063
 j =15/2+  (   k15/2)  0.96     19.1737      0.0001      0.4402
 j =15/2+  (   k15/2)  0.62     31.9914      0.0000      0.0239
 j =15/2+  (   k15/2)  0.87     36.0266      0.0000      0.1810
 j =15/2+  (   k15/2)  0.71     56.9597      0.0000      0.0754
 j =15/2+  (   k15/2)  0.64     87.9380      0.0000      0.0912
 j =15/2-  (   j15/2)  0.97      0.8237      0.0010      0.5045
 j =15/2-  (   j15/2)  0.70     15.3009      0.0000      0.0059
 j =15/2-  (   j15/2)  0.90     23.5277      0.0000      0.2325
 j =15/2-  (   j15/2)  0.56     36.3731      0.0000      0.0257
 j =15/2-  (   j15/2)  0.73     43.5174      0.0000      0.1468
 j =15/2-  (   j15/2)  0.73     76.4547      0.0000      0.0773
 j =17/2+  (   k17/2)  0.96     10.4925      0.0002      0.4466
 j =17/2+  (   k17/2)  0.58     14.8584      0.0000      0.0068
 j =17/2+  (   k17/2)  0.61     31.4914      0.0000      0.0253
 j =17/2+  (   k17/2)  0.85     31.5859      0.0000      0.1841
 j =17/2+  (   k17/2)  0.72     54.2309      0.0000      0.0731
 j =17/2+  (   k17/2)  0.63     85.0705      0.0000      0.0905
 j =17/2-  (   l17/2)  0.68     19.5018      0.0000      0.0060
 j =17/2-  (   l17/2)  0.93     28.7027      0.0000      0.3762
 j =17/2-  (   l17/2)  0.58     40.5606      0.0000      0.0287
 j =17/2-  (   l17/2)  0.80     44.4981      0.0000      0.1474
 j =17/2-  (   l17/2)  0.70     77.7780      0.0000      0.0833
 j =19/2+  (   m19/2)  0.68     21.2512      0.0000      0.0040
 j =19/2+  (   m19/2)  0.89     38.0558      0.0000      0.3159
 j =19/2+  (   m19/2)  0.55     41.6110      0.0000      0.0180
 j =19/2+  (   m19/2)  0.69     53.6781      0.0000      0.1216
 j =19/2+  (   m19/2)  0.73     81.9407      0.0000      0.0609
 j =19/2-  (   l19/2)  0.69     19.3794      0.0000      0.0063
 j =19/2-  (   l19/2)  0.93     19.8700      0.0001      0.3838
 j =19/2-  (   l19/2)  0.56     39.3627      0.0000      0.0293
 j =19/2-  (   l19/2)  0.77     39.5081      0.0000      0.1478
 j =19/2-  (   l19/2)  0.72     73.5208      0.0000      0.0817
 j =21/2+  (   m21/2)  0.69     21.1251      0.0000      0.0043
 j =21/2+  (   m21/2)  0.88     29.1779      0.0000      0.3226
 j =21/2+  (   m21/2)  0.53     40.7928      0.0000      0.0185
 j =21/2+  (   m21/2)  0.66     48.1170      0.0000      0.1217
 j =21/2+  (   m21/2)  0.75     76.7383      0.0000      0.0595
 j =21/2-  (   n21/2)  0.66     25.2175      0.0000      0.0072
 j =21/2-  (   n21/2)  0.56     44.3130      0.0000      0.0396
 j =21/2-  (   n21/2)  0.84     46.8811      0.0000      0.2566
 j =21/2-  (   n21/2)  0.72     76.4971      0.0000      0.0898
 j =23/2+  (   o23/2)  0.65     27.4574      0.0000      0.0049
 j =23/2+  (   o23/2)  0.53     46.5337      0.0000      0.0257
 j =23/2+  (   o23/2)  0.78     56.6471      0.0000      0.2100
 j =23/2+  (   o23/2)  0.74     80.2472      0.0000      0.0738
 j =23/2-  (   n23/2)  0.67     25.0363      0.0000      0.0080
 j =23/2-  (   n23/2)  0.83     38.1950      0.0000      0.2625
 j =23/2-  (   n23/2)  0.52     42.9425      0.0000      0.0424
 j =23/2-  (   n23/2)  0.75     68.3453      0.0000      0.0853
 j =25/2+  (   o25/2)  0.65     27.3012      0.0000      0.0053
 j =25/2+  (   o25/2)  0.50     45.6590      0.0000      0.0272
 j =25/2+  (   o25/2)  0.77     47.7448      0.0000      0.2151
 j =25/2+  (   o25/2)  0.76     72.4381      0.0000      0.0708
 j =25/2-  (   P25/2)  0.77     34.1411      0.0000      0.0063
 j =25/2-  (   P25/2)  0.81     60.1341      0.0000      0.0427
 j =25/2-  (   P25/2)  0.71     65.1298      0.0000      0.1685
 j =27/2+  (   q27/2)  0.68     36.1829      0.0000      0.0057
 j =27/2+  (   q27/2)  0.78     55.4963      0.0000      0.0452
 j =27/2+  (   q27/2)  0.69     79.9439      0.0000      0.1144
 j =27/2-  (   P27/2)  0.77     34.0765      0.0000      0.0064
 j =27/2-  (   P27/2)  0.70     56.4034      0.0000      0.1716
 j =27/2-  (   P27/2)  0.81     56.9719      0.0000      0.0421
 j =29/2+  (   q29/2)  0.67     36.0443      0.0000      0.0064
 j =29/2+  (   q29/2)  0.79     54.2903      0.0000      0.0520
 j =29/2+  (   q29/2)  0.73     71.0033      0.0000      0.1083
 j =29/2-  (   r29/2)  0.78     45.0902      0.0000      0.0094
 j =29/2-  (   r29/2)  0.77     69.9658      0.0000      0.0768
 j =31/2+  (   S31/2)  0.78     48.0917      0.0000      0.0060
 j =31/2+  (   S31/2)  0.77     74.3032      0.0000      0.0537
 j =31/2-  (   r31/2)  0.77     44.9117      0.0000      0.0092
 j =31/2-  (   r31/2)  0.77     65.7143      0.0000      0.0773
 j =33/2+  (   S33/2)  0.77     47.9514      0.0000      0.0060
 j =33/2+  (   S33/2)  0.76     71.0984      0.0000      0.0539
 j =33/2-  (   t33/2)  0.98     61.7406      0.0000      0.0181
 j =35/2+  (   u35/2)  0.98     65.2053      0.0000      0.0119
 j =35/2-  (   t35/2)  0.98     61.0334      0.0000      0.0181
 j =37/2+  (   u37/2)  0.98     64.7171      0.0000      0.0119
 single-particle energies and gaps  in the canonical basis: Proton: 
 ------------------------------------------------------------------
    j pi     (nr,l,j)  smax       Ecan       vvcan       decan
 j = 1/2+  (   s 1/2)  0.76    -49.3214      0.9999      0.9275
 j = 1/2+  (   s 1/2)  0.71    -32.4184      0.9994      1.2101
 j = 1/2+  (   s 1/2)  0.94     -7.9302      0.2630      0.9186
 j = 1/2+  (   s 1/2)  0.57     13.9381      0.0000      0.0018
 j = 1/2+  (   s 1/2)  0.88     19.4169      0.0002      0.7779
 j = 1/2+  (   s 1/2)  0.54     28.8559      0.0000      0.0066
 j = 1/2+  (   s 1/2)  0.62     44.9592      0.0000      0.3212
 j = 1/2+  (   s 1/2)  0.53     51.7350      0.0000      0.0163
 j = 1/2+  (   s 1/2)  0.54     60.1874      0.0000      0.1711
 j = 1/2+  (   s 1/2)  0.73     90.4065      0.0000      0.0684
 j = 1/2-  (   p 1/2)  0.94    -44.2939      0.9999      0.8534
 j = 1/2-  (   p 1/2)  0.92    -20.5113      0.9990      0.7762
 j = 1/2-  (   p 1/2)  0.95      3.9181      0.0005      0.5281
 j = 1/2-  (   p 1/2)  0.59     14.3258      0.0000      0.0024
 j = 1/2-  (   p 1/2)  0.53     29.2435      0.0000      0.0097
 j = 1/2-  (   p 1/2)  0.77     31.8985      0.0000      0.3946
 j = 1/2-  (   p 1/2)  0.60     51.7796      0.0000      0.0286
 j = 1/2-  (   p 1/2)  0.64     55.6344      0.0000      0.2149
 j = 1/2-  (   p 1/2)  0.70     89.8734      0.0000      0.0980
 j = 3/2+  (   d 3/2)  0.97    -35.8935      0.9998      0.7561
 j = 3/2+  (   d 3/2)  0.97     -9.5834      0.9356      0.6530
 j = 3/2+  (   d 3/2)  0.92     14.2585      0.0001      0.3388
 j = 3/2+  (   d 3/2)  0.58     14.6384      0.0000      0.0015
 j = 3/2+  (   d 3/2)  0.53     29.6644      0.0000      0.0056
 j = 3/2+  (   d 3/2)  0.72     40.6633      0.0000      0.2317
 j = 3/2+  (   d 3/2)  0.55     52.5915      0.0000      0.0149
 j = 3/2+  (   d 3/2)  0.62     69.2114      0.0000      0.1525
 j = 3/2+  (   d 3/2)  0.72     93.6997      0.0000      0.0663
 j = 3/2-  (   p 3/2)  0.93    -44.8450      0.9999      0.8527
 j = 3/2-  (   p 3/2)  0.90    -21.1063      0.9991      0.7791
 j = 3/2-  (   p 3/2)  0.95      3.6375      0.0005      0.5202
 j = 3/2-  (   p 3/2)  0.59     14.3099      0.0000      0.0025
 j = 3/2-  (   p 3/2)  0.53     29.2245      0.0000      0.0098
 j = 3/2-  (   p 3/2)  0.78     32.0378      0.0000      0.4013
 j = 3/2-  (   p 3/2)  0.60     51.5557      0.0000      0.0286
 j = 3/2-  (   p 3/2)  0.64     55.7444      0.0000      0.2153
 j = 3/2-  (   p 3/2)  0.70     89.5143      0.0000      0.0974
 j = 5/2+  (   d 5/2)  0.96    -37.4372      0.9998      0.7634
 j = 5/2+  (   d 5/2)  0.95    -11.1108      0.9860      0.6502
 j = 5/2+  (   d 5/2)  0.92     13.4302      0.0001      0.3394
 j = 5/2+  (   d 5/2)  0.57     14.6018      0.0000      0.0015
 j = 5/2+  (   d 5/2)  0.53     29.5763      0.0000      0.0055
 j = 5/2+  (   d 5/2)  0.73     41.0550      0.0000      0.2319
 j = 5/2+  (   d 5/2)  0.54     52.2936      0.0000      0.0149
 j = 5/2+  (   d 5/2)  0.62     69.5387      0.0000      0.1516
 j = 5/2+  (   d 5/2)  0.72     93.1517      0.0000      0.0660
 j = 5/2-  (   f 5/2)  0.98    -26.0851      0.9996      0.6813
 j = 5/2-  (   f 5/2)  0.97      1.1183      0.0008      0.5350
 j = 5/2-  (   f 5/2)  0.59     15.8145      0.0000      0.0021
 j = 5/2-  (   f 5/2)  0.86     25.7735      0.0000      0.2774
 j = 5/2-  (   f 5/2)  0.54     31.6213      0.0000      0.0076
 j = 5/2-  (   f 5/2)  0.65     50.5765      0.0000      0.1587
 j = 5/2-  (   f 5/2)  0.65     54.6450      0.0000      0.0282
 j = 5/2-  (   f 5/2)  0.65     95.3036      0.0000      0.0874
 j = 7/2+  (   g 7/2)  0.98    -15.3986      0.9980      0.6186
 j = 7/2+  (   g 7/2)  0.93     12.1090      0.0001      0.4136
 j = 7/2+  (   g 7/2)  0.51     15.9635      0.0000      0.0020
 j = 7/2+  (   g 7/2)  0.58     27.8263      0.0000      0.0133
 j = 7/2+  (   g 7/2)  0.72     37.8896      0.0000      0.2311
 j = 7/2+  (   g 7/2)  0.67     46.5932      0.0000      0.0296
 j = 7/2+  (   g 7/2)  0.65     70.3469      0.0000      0.0800
 j = 7/2+  (   g 7/2)  0.63    103.5129      0.0000      0.0773
 j = 7/2-  (   f 7/2)  0.98    -28.9668      0.9997      0.6973
 j = 7/2-  (   f 7/2)  0.96     -1.1757      0.0013      0.5209
 j = 7/2-  (   f 7/2)  0.59     15.8026      0.0000      0.0021
 j = 7/2-  (   f 7/2)  0.86     24.3047      0.0000      0.2823
 j = 7/2-  (   f 7/2)  0.54     31.6779      0.0000      0.0077
 j = 7/2-  (   f 7/2)  0.64     50.0163      0.0000      0.1576
 j = 7/2-  (   f 7/2)  0.65     54.2529      0.0000      0.0283
 j = 7/2-  (   f 7/2)  0.64     95.5595      0.0000      0.0875
 j = 9/2+  (   g 9/2)  0.98    -19.8483      0.9992      0.6376
 j = 9/2+  (   g 9/2)  0.93      9.2754      0.0001      0.3992
 j = 9/2+  (   g 9/2)  0.51     15.9444      0.0000      0.0021
 j = 9/2+  (   g 9/2)  0.58     27.6421      0.0000      0.0139
 j = 9/2+  (   g 9/2)  0.74     36.0524      0.0000      0.2358
 j = 9/2+  (   g 9/2)  0.67     46.2344      0.0000      0.0299
 j = 9/2+  (   g 9/2)  0.65     68.9124      0.0000      0.0762
 j = 9/2+  (   g 9/2)  0.63    103.6632      0.0000      0.0783
 j = 9/2-  (   h 9/2)  0.98     -4.2980      0.0046      0.5635
 j = 9/2-  (   h 9/2)  0.58     18.2335      0.0000      0.0021
 j = 9/2-  (   h 9/2)  0.86     23.1089      0.0000      0.2999
 j = 9/2-  (   h 9/2)  0.52     33.3667      0.0000      0.0089
 j = 9/2-  (   h 9/2)  0.65     49.5154      0.0000      0.1873
 j = 9/2-  (   h 9/2)  0.66     55.3502      0.0000      0.0319
 j = 9/2-  (   h 9/2)  0.66     94.2199      0.0000      0.0862
 j =11/2+  (   i11/2)  0.96      7.0002      0.0003      0.5025
 j =11/2+  (   i11/2)  0.56     19.2835      0.0000      0.0012
 j =11/2+  (   i11/2)  0.80     33.5449      0.0000      0.2189
 j =11/2+  (   i11/2)  0.54     33.9357      0.0000      0.0052
 j =11/2+  (   i11/2)  0.59     55.6744      0.0000      0.0163
 j =11/2+  (   i11/2)  0.65     64.3045      0.0000      0.1485
 j =11/2+  (   i11/2)  0.70     96.6485      0.0000      0.0641
 j =11/2-  (   h11/2)  0.98    -10.4010      0.9801      0.5747
 j =11/2-  (   h11/2)  0.58     18.1836      0.0000      0.0023
 j =11/2-  (   h11/2)  0.88     19.8653      0.0000      0.2940
 j =11/2-  (   h11/2)  0.52     33.2746      0.0000      0.0093
 j =11/2-  (   h11/2)  0.64     47.4435      0.0000      0.1899
 j =11/2-  (   h11/2)  0.66     54.3941      0.0000      0.0322
 j =11/2-  (   h11/2)  0.66     92.7592      0.0000      0.0856
 j =13/2+  (   i13/2)  0.97     -0.7362      0.0011      0.5099
 j =13/2+  (   i13/2)  0.56     19.2598      0.0000      0.0013
 j =13/2+  (   i13/2)  0.82     29.7304      0.0000      0.2174
 j =13/2+  (   i13/2)  0.54     33.9193      0.0000      0.0056
 j =13/2+  (   i13/2)  0.60     55.0858      0.0000      0.0168
 j =13/2+  (   i13/2)  0.66     61.8550      0.0000      0.1497
 j =13/2+  (   i13/2)  0.70     94.4658      0.0000      0.0643
 j =13/2-  (   j13/2)  0.93     18.1522      0.0001      0.4311
 j =13/2-  (   j13/2)  0.56     22.0895      0.0000      0.0020
 j =13/2-  (   j13/2)  0.53     36.9651      0.0000      0.0099
 j =13/2-  (   j13/2)  0.71     44.1407      0.0000      0.1689
 j =13/2-  (   j13/2)  0.70     58.2380      0.0000      0.0376
 j =13/2-  (   j13/2)  0.64     92.4574      0.0000      0.0945
 j =15/2+  (   k15/2)  0.55     23.5673      0.0000      0.0011
 j =15/2+  (   k15/2)  0.88     29.4295      0.0000      0.3632
 j =15/2+  (   k15/2)  0.51     38.6376      0.0000      0.0053
 j =15/2+  (   k15/2)  0.64     55.1455      0.0000      0.1337
 j =15/2+  (   k15/2)  0.66     59.9991      0.0000      0.0198
 j =15/2+  (   k15/2)  0.65     97.7620      0.0000      0.0678
 j =15/2-  (   j15/2)  0.94      9.1594      0.0002      0.4381
 j =15/2-  (   j15/2)  0.57     22.0195      0.0000      0.0021
 j =15/2-  (   j15/2)  0.54     36.8476      0.0000      0.0106
 j =15/2-  (   j15/2)  0.72     39.5137      0.0000      0.1691
 j =15/2-  (   j15/2)  0.70     56.8343      0.0000      0.0380
 j =15/2-  (   j15/2)  0.65     89.8646      0.0000      0.0943
 j =17/2+  (   k17/2)  0.89     19.3275      0.0000      0.3698
 j =17/2+  (   k17/2)  0.55     23.5109      0.0000      0.0012
 j =17/2+  (   k17/2)  0.50     38.5356      0.0000      0.0057
 j =17/2+  (   k17/2)  0.64     49.8242      0.0000      0.1343
 j =17/2+  (   k17/2)  0.66     58.8575      0.0000      0.0202
 j =17/2+  (   k17/2)  0.66     94.9134      0.0000      0.0674
 j =17/2-  (   l17/2)  0.57     27.3223      0.0000      0.0023
 j =17/2-  (   l17/2)  0.81     40.4418      0.0000      0.2979
 j =17/2-  (   l17/2)  0.65     41.7222      0.0000      0.0156
 j =17/2-  (   l17/2)  0.72     60.0637      0.0000      0.0537
 j =17/2-  (   l17/2)  0.65     89.1480      0.0000      0.0759
 j =19/2+  (   m19/2)  0.57     29.2186      0.0000      0.0012
 j =19/2+  (   m19/2)  0.62     44.2481      0.0000      0.0085
 j =19/2+  (   m19/2)  0.74     51.8793      0.0000      0.2403
 j =19/2+  (   m19/2)  0.70     63.1380      0.0000      0.0323
 j =19/2+  (   m19/2)  0.66     95.2304      0.0000      0.0672
 j =19/2-  (   l19/2)  0.55     27.1923      0.0000      0.0028
 j =19/2-  (   l19/2)  0.82     29.5909      0.0000      0.3032
 j =19/2-  (   l19/2)  0.65     41.0081      0.0000      0.0199
 j =19/2-  (   l19/2)  0.74     56.8803      0.0000      0.0542
 j =19/2-  (   l19/2)  0.68     84.5075      0.0000      0.0718
 j =21/2+  (   m21/2)  0.56     29.1393      0.0000      0.0013
 j =21/2+  (   m21/2)  0.75     40.3264      0.0000      0.2445
 j =21/2+  (   m21/2)  0.62     43.7500      0.0000      0.0106
 j =21/2+  (   m21/2)  0.71     60.6651      0.0000      0.0348
 j =21/2+  (   m21/2)  0.69     89.1489      0.0000      0.0635
 j =21/2-  (   n21/2)  0.63     34.5049      0.0000      0.0014
 j =21/2-  (   n21/2)  0.58     52.0745      0.0000      0.0088
 j =21/2-  (   n21/2)  0.65     64.2063      0.0000      0.1922
 j =21/2-  (   n21/2)  0.77     79.4328      0.0000      0.0490
 j =23/2+  (   o23/2)  0.59     36.5249      0.0000      0.0013
 j =23/2+  (   o23/2)  0.82     52.3371      0.0000      0.0205
 j =23/2+  (   o23/2)  0.74     66.8292      0.0000      0.0710
 j =23/2+  (   o23/2)  0.66     92.7236      0.0000      0.0979
 j =23/2-  (   n23/2)  0.63     34.3798      0.0000      0.0016
 j =23/2-  (   n23/2)  0.59     51.3939      0.0000      0.0098
 j =23/2-  (   n23/2)  0.66     51.7116      0.0000      0.1958
 j =23/2-  (   n23/2)  0.78     74.1995      0.0000      0.0482
 j =25/2+  (   o25/2)  0.61     36.4867      0.0000      0.0011
 j =25/2+  (   o25/2)  0.63     54.4935      0.0000      0.0050
 j =25/2+  (   o25/2)  0.61     62.4945      0.0000      0.1540
 j =25/2+  (   o25/2)  0.76     76.6204      0.0000      0.0322
 j =25/2-  (   P25/2)  0.68     43.3978      0.0000      0.0017
 j =25/2-  (   P25/2)  0.79     61.8292      0.0000      0.0215
 j =25/2-  (   P25/2)  0.72     82.6968      0.0000      0.0908
 j =27/2+  (   q27/2)  0.68     45.8633      0.0000      0.0011
 j =27/2+  (   q27/2)  0.79     66.1340      0.0000      0.0102
 j =27/2+  (   q27/2)  0.70     87.9167      0.0000      0.0661
 j =27/2-  (   P27/2)  0.65     43.1733      0.0000      0.0028
 j =27/2-  (   P27/2)  0.80     59.5249      0.0000      0.0341
 j =27/2-  (   P27/2)  0.78     73.1873      0.0000      0.0785
 j =29/2+  (   q29/2)  0.66     45.6860      0.0000      0.0016
 j =29/2+  (   q29/2)  0.80     64.8660      0.0000      0.0139
 j =29/2+  (   q29/2)  0.73     79.1278      0.0000      0.0627
 j =29/2-  (   r29/2)  0.77     55.2994      0.0000      0.0012
 j =29/2-  (   r29/2)  0.76     79.6002      0.0000      0.0289
 j =31/2+  (   S31/2)  0.76     58.0833      0.0000      0.0008
 j =31/2+  (   S31/2)  0.76     84.3527      0.0000      0.0174
 j =31/2-  (   r31/2)  0.76     55.0840      0.0000      0.0013
 j =31/2-  (   r31/2)  0.75     75.4345      0.0000      0.0290
 j =33/2+  (   S33/2)  0.75     57.9056      0.0000      0.0008
 j =33/2+  (   S33/2)  0.75     81.2193      0.0000      0.0174
 j =33/2-  (   t33/2)  0.98     72.2723      0.0000      0.0035
 j =35/2+  (   u35/2)  0.98     75.6471      0.0000      0.0020
 j =35/2-  (   t35/2)  0.98     71.5601      0.0000      0.0035
 j =37/2+  (   u37/2)  0.98     75.1468      0.0000      0.0020
  ****** END CANON **********************************
  ****** BEGIN RESU *********************************
   ****** BEGIN EXPECT *******

                            neutron        proton         total
 particle number           124.000000      80.000000     204.000000
 trace scalar density      118.121750      76.838261     194.960011
 lambda                     -7.215241      -8.424749
 spk                         6.475405       4.606248
 rms-Radius                  5.627335       5.433035       5.551949
 charge-Radius                              5.491618
 Particle Energ          -3141.405390   -1862.291765   -5003.697155
 Selfconsistency Test.                                    -0.000000

 Kinetic Energy           1709.913276     905.504915    2615.418191
 E-scsc                                               -31592.486262
 E-scve                                                26487.096892
 E-vesc                                                    0.000000
 E-veve                                                  102.503896
 E-rearrang.                                             804.129204
 Coulomb direct                                          791.263199
 Pairing Energy             -3.540419      -2.709507      -6.249926
 Sum without E-cm                                      -1602.454009
DE-cm <P**2>/2M            -12.220803      -6.490304     -18.711107
NE-cm <P**2>/2M              8.799727       4.191347      12.991074
 E-cm <P**2>/2M             -3.421076      -2.298957      -5.720033
 Total Energy                                          -1608.174043
 E/A                                                      -7.883206

  ****** END EXPECT *********************************


 quasi-particle properties Neutron:
 ------------------------------------------------------------------
     p/h    l j     [nr,l,j]  smax       Eqp       uu       vv
   1  p   1s 1/2   ( 4s  1/2) 0.83     7.299     1.000     0.000
   2  h   2s 1/2   ( 3s  1/2) 0.96    10.219     0.002     0.998
   3  p   3s 1/2   ( 4s  1/2) 0.47    12.457     0.999     0.001
   4  p   4s 1/2   ( 5s  1/2) 0.69    21.456     1.000     0.000
   5  p   5s 1/2   ( 6s  1/2) 0.54    34.057     0.997     0.003
   6  h   6s 1/2   ( 2s  1/2) 0.89    34.801     0.003     0.997
   7  p   7s 1/2   ( 6s  1/2) 0.55    49.468     1.000     0.000
   8  h   8s 1/2   ( 1s  1/2) 0.92    55.355     0.000     1.000
   9  p   9s 1/2   ( 8s  1/2) 0.59    69.073     1.000     0.000
  11  h   1p 1/2   ( 3p  1/2) 0.77     0.721     0.384     0.616
  12  p   2p 1/2   ( 4p  1/2) 0.57    10.480     1.000     0.000
  13  p   3p 1/2   ( 4p  1/2) 0.71    17.578     1.000     0.000
  14  h   4p 1/2   ( 2p  1/2) 0.95    23.907     0.002     0.998
  15  p   5p 1/2   ( 5p  1/2) 0.68    28.944     0.999     0.001
  16  p   6p 1/2   ( 6p  1/2) 0.61    43.853     1.000     0.000
  17  h   7p 1/2   ( 1p  1/2) 0.96    48.673     0.000     1.000
  18  p   8p 1/2   ( 7p  1/2) 0.64    62.522     1.000     0.000
  19  p   9p 1/2   ( 8p  1/2) 0.64    93.301     1.000     0.000
  20  p   1d 3/2   ( 3d  3/2) 0.89     7.358     0.999     0.001
  21  h   2d 3/2   ( 2d  3/2) 0.96    12.327     0.034     0.966
  22  p   3d 3/2   ( 5d  3/2) 0.46    12.690     0.967     0.033
  23  p   4d 3/2   ( 4d  3/2) 0.72    21.539     1.000     0.000
  24  p   5d 3/2   ( 5d  3/2) 0.58    33.848     1.000     0.000
  25  h   6d 3/2   ( 1d  3/2) 0.98    39.722     0.000     1.000
  26  p   7d 3/2   ( 5d  3/2) 0.54    49.282     1.000     0.000
  27  p   8d 3/2   ( 7d  3/2) 0.61    68.925     1.000     0.000
  29  h   1p 3/2   ( 3p  3/2) 0.87     0.886     0.193     0.807
  30  p   2p 3/2   ( 4p  3/2) 0.57    10.447     1.000     0.000
  31  p   3p 3/2   ( 4p  3/2) 0.70    17.472     1.000     0.000
  32  h   4p 3/2   ( 2p  3/2) 0.94    24.445     0.002     0.998
  33  p   5p 3/2   ( 5p  3/2) 0.68    28.869     0.998     0.002
  34  p   6p 3/2   ( 6p  3/2) 0.60    43.704     1.000     0.000
  35  h   7p 3/2   ( 1p  3/2) 0.95    49.067     0.000     1.000
  36  p   8p 3/2   ( 7p  3/2) 0.64    62.243     1.000     0.000
  37  p   9p 3/2   ( 8p  3/2) 0.64    93.423     1.000     0.000
  38  p   1d 5/2   ( 3d  5/2) 0.91     6.868     0.999     0.001
  39  p   2d 5/2   ( 5d  5/2) 0.49    12.493     0.998     0.002
  40  h   3d 5/2   ( 2d  5/2) 0.97    13.832     0.003     0.997
  41  p   4d 5/2   ( 4d  5/2) 0.71    21.307     1.000     0.000
  42  p   5d 5/2   ( 5d  5/2) 0.58    33.697     1.000     0.000
  43  h   6d 5/2   ( 1d  5/2) 0.97    41.018     0.000     1.000
  44  p   7d 5/2   ( 5d  5/2) 0.54    49.053     1.000     0.000
  45  p   8d 5/2   ( 7d  5/2) 0.60    68.482     1.000     0.000
  47  h   1f 5/2   ( 2f  5/2) 0.96     1.603     0.036     0.964
  48  p   2f 5/2   ( 3f  5/2) 0.64    11.490     1.000     0.000
  49  p   3f 5/2   ( 3f  5/2) 0.70    17.703     1.000     0.000
  50  p   4f 5/2   ( 4f  5/2) 0.72    28.730     0.992     0.008
  51  h   5f 5/2   ( 1f  5/2) 0.98    29.356     0.009     0.991
  52  p   6f 5/2   ( 5f  5/2) 0.64    43.504     1.000     0.000
  53  p   7f 5/2   ( 6f  5/2) 0.67    62.030     1.000     0.000
  54  p   8f 5/2   ( 7f  5/2) 0.64    92.139     1.000     0.000
  55  p   1g 7/2   ( 2g  7/2) 0.96     7.491     0.999     0.001
  56  p   2g 7/2   ( 4g  7/2) 0.48    13.799     1.000     0.000
  57  h   3g 7/2   ( 1g  7/2) 0.98    18.062     0.001     0.999
  58  p   4g 7/2   ( 3g  7/2) 0.75    22.123     1.000     0.000
  59  p   5g 7/2   ( 4g  7/2) 0.63    33.754     1.000     0.000
  60  p   6g 7/2   ( 5g  7/2) 0.56    49.008     1.000     0.000
  61  p   7g 7/2   ( 6g  7/2) 0.63    68.443     1.000     0.000
  62  p   8g 7/2   ( 7g  7/2) 0.64    99.308     1.000     0.000
  63  h   1f 7/2   ( 2f  7/2) 0.98     3.754     0.006     0.994
  64  p   2f 7/2   ( 3f  7/2) 0.68    11.214     1.000     0.000
  65  p   3f 7/2   ( 3f  7/2) 0.66    17.064     1.000     0.000
  66  p   4f 7/2   ( 4f  7/2) 0.72    28.186     1.000     0.000
  67  h   5f 7/2   ( 1f  7/2) 0.98    31.892     0.000     1.000
  68  p   6f 7/2   ( 5f  7/2) 0.64    42.979     1.000     0.000
  69  p   7f 7/2   ( 6f  7/2) 0.65    61.192     1.000     0.000
  70  p   8f 7/2   ( 7f  7/2) 0.64    92.494     1.000     0.000
  71  p   1g 9/2   ( 2g  9/2) 0.98     5.266     0.998     0.002
  72  p   2g 9/2   ( 4g  9/2) 0.50    13.479     1.000     0.000
  73  p   3g 9/2   ( 3g  9/2) 0.75    21.314     0.999     0.001
  74  h   4g 9/2   ( 1g  9/2) 0.98    22.125     0.001     0.999
  75  p   5g 9/2   ( 4g  9/2) 0.66    32.831     1.000     0.000
  76  p   6g 9/2   ( 5g  9/2) 0.58    48.013     1.000     0.000
  77  p   7g 9/2   ( 6g  9/2) 0.62    67.024     1.000     0.000
  78  p   8g 9/2   ( 7g  9/2) 0.63    99.233     1.000     0.000
  79  h   1h 9/2   ( 1h  9/2) 0.97     6.367     0.002     0.998
  80  p   2h 9/2   ( 2h  9/2) 0.76    13.374     1.000     0.000
  81  p   3h 9/2   ( 2h  9/2) 0.59    18.199     1.000     0.000
  82  p   4h 9/2   ( 3h  9/2) 0.76    28.945     1.000     0.000
  83  p   5h 9/2   ( 4h  9/2) 0.68    43.385     1.000     0.000
  84  p   6h 9/2   ( 5h  9/2) 0.68    61.577     1.000     0.000
  85  p   7h 9/2   ( 6h  9/2) 0.64    91.093     1.000     0.000
  86  p   1i11/2   ( 1i 11/2) 0.97     5.170     0.997     0.003
  87  p   2i11/2   ( 2i 11/2) 0.51    16.230     1.000     0.000
  88  p   3i11/2   ( 2i 11/2) 0.78    22.949     1.000     0.000
  89  p   4i11/2   ( 3i 11/2) 0.70    33.513     1.000     0.000
  90  p   5i11/2   ( 4i 11/2) 0.61    48.652     1.000     0.000
  91  p   6i11/2   ( 5i 11/2) 0.65    67.667     1.000     0.000
  92  p   7i11/2   ( 6i 11/2) 0.64    98.171     1.000     0.000
  93  h   1h11/2   ( 1h 11/2) 0.90    12.015     0.160     0.840
  94  p   2h11/2   ( 2h 11/2) 0.81    12.247     0.841     0.159
  95  p   3h11/2   ( 4h 11/2) 0.50    17.009     1.000     0.000
  96  p   4h11/2   ( 3h 11/2) 0.76    27.853     1.000     0.000
  97  p   5h11/2   ( 4h 11/2) 0.69    42.023     1.000     0.000
  98  p   6h11/2   ( 5h 11/2) 0.68    59.518     1.000     0.000
  99  p   7h11/2   ( 6h 11/2) 0.64    89.878     1.000     0.000
 100  h   1i13/2   ( 1i 13/2) 0.97     2.025     0.018     0.982
 101  p   2i13/2   ( 2i 13/2) 0.59    15.904     1.000     0.000
 102  p   3i13/2   ( 2i 13/2) 0.74    21.378     1.000     0.000
 103  p   4i13/2   ( 3i 13/2) 0.74    32.013     1.000     0.000
 104  p   5i13/2   ( 4i 13/2) 0.65    47.044     1.000     0.000
 105  p   6i13/2   ( 5i 13/2) 0.66    65.201     1.000     0.000
 106  p   7i13/2   ( 6i 13/2) 0.64    96.157     1.000     0.000
 107  p   1j13/2   ( 1j 13/2) 0.95    15.334     1.000     0.000
 108  p   2j13/2   ( 4j 13/2) 0.50    19.828     1.000     0.000
 109  p   3j13/2   ( 2j 13/2) 0.79    29.622     1.000     0.000
 110  p   4j13/2   ( 3j 13/2) 0.73    42.791     1.000     0.000
 111  p   5j13/2   ( 4j 13/2) 0.71    60.602     1.000     0.000
 112  p   6j13/2   ( 5j 13/2) 0.64    89.143     1.000     0.000
 113  p   1k15/2   ( 3k 15/2) 0.48    20.627     1.000     0.000
 114  p   2k15/2   ( 1k 15/2) 0.84    25.236     1.000     0.000
 115  p   3k15/2   ( 2k 15/2) 0.76    34.536     1.000     0.000
 116  p   4k15/2   ( 3k 15/2) 0.67    48.270     1.000     0.000
 117  p   5k15/2   ( 4k 15/2) 0.69    66.450     1.000     0.000
 118  p   6k15/2   ( 5k 15/2) 0.65    95.559     1.000     0.000
 119  p   1j15/2   ( 1j 15/2) 0.98     7.853     0.999     0.001
 120  p   2j15/2   ( 2j 15/2) 0.55    19.148     1.000     0.000
 121  p   3j15/2   ( 2j 15/2) 0.77    27.719     1.000     0.000
 122  p   4j15/2   ( 3j 15/2) 0.76    40.745     1.000     0.000
 123  p   5j15/2   ( 4j 15/2) 0.72    57.723     1.000     0.000
 124  p   6j15/2   ( 6j 15/2) 0.64    86.443     1.000     0.000
 125  p   1k17/2   ( 1k 17/2) 0.97    16.921     1.000     0.000
 126  p   2k17/2   ( 3k 17/2) 0.50    21.507     1.000     0.000
 127  p   3k17/2   ( 2k 17/2) 0.79    31.885     1.000     0.000
 128  p   4k17/2   ( 3k 17/2) 0.73    45.625     1.000     0.000
 129  p   5k17/2   ( 4k 17/2) 0.71    62.827     1.000     0.000
 130  p   6k17/2   ( 5k 17/2) 0.64    92.425     1.000     0.000
 131  p   1l17/2   ( 3l 17/2) 0.54    24.520     1.000     0.000
 132  p   2l17/2   ( 1l 17/2) 0.84    32.702     1.000     0.000
 133  p   3l17/2   ( 2l 17/2) 0.75    43.676     1.000     0.000
 134  p   4l17/2   ( 3l 17/2) 0.73    60.346     1.000     0.000
 135  p   5l17/2   ( 5l 17/2) 0.66    86.217     1.000     0.000
 136  p   1m19/2   ( 3m 19/2) 0.56    26.878     1.000     0.000
 137  p   2m19/2   ( 1m 19/2) 0.81    37.544     1.000     0.000
 138  p   3m19/2   ( 2m 19/2) 0.68    49.148     1.000     0.000
 139  p   4m19/2   ( 3m 19/2) 0.70    66.541     1.000     0.000
 140  p   5m19/2   ( 4m 19/2) 0.65    92.912     1.000     0.000
 141  p   1l19/2   ( 1l 19/2) 0.72    23.745     1.000     0.000
 142  p   2l19/2   ( 1l 19/2) 0.67    27.190     1.000     0.000
 143  p   3l19/2   ( 2l 19/2) 0.78    39.985     1.000     0.000
 144  p   4l19/2   ( 3l 19/2) 0.75    55.479     1.000     0.000
 145  p   5l19/2   ( 5l 19/2) 0.69    81.566     1.000     0.000
 146  p   1m21/2   ( 3m 21/2) 0.55    26.741     1.000     0.000
 147  p   2m21/2   ( 1m 21/2) 0.89    33.825     1.000     0.000
 148  p   3m21/2   ( 2m 21/2) 0.80    44.484     1.000     0.000
 149  p   4m21/2   ( 3m 21/2) 0.75    60.684     1.000     0.000
 150  p   5m21/2   ( 5m 21/2) 0.68    86.638     1.000     0.000
 151  p   1n21/2   ( 2n 21/2) 0.60    31.740     1.000     0.000
 152  p   2n21/2   ( 1n 21/2) 0.81    45.079     1.000     0.000
 153  p   3n21/2   ( 2n 21/2) 0.73    60.316     1.000     0.000
 154  p   4n21/2   ( 4n 21/2) 0.66    84.904     1.000     0.000
 155  p   1o23/2   ( 2o 23/2) 0.60    34.223     1.000     0.000
 156  p   2o23/2   ( 1o 23/2) 0.80    49.099     1.000     0.000
 157  p   3o23/2   ( 2o 23/2) 0.72    65.383     1.000     0.000
 158  p   4o23/2   ( 4o 23/2) 0.65    91.384     1.000     0.000
 159  p   1n23/2   ( 2n 23/2) 0.57    31.536     1.000     0.000
 160  p   2n23/2   ( 1n 23/2) 0.85    42.119     1.000     0.000
 161  p   3n23/2   ( 2n 23/2) 0.75    54.112     1.000     0.000
 162  p   4n23/2   ( 4n 23/2) 0.73    75.778     1.000     0.000
 163  p   1o25/2   ( 2o 25/2) 0.59    34.119     1.000     0.000
 164  p   2o25/2   ( 1o 25/2) 0.85    47.419     1.000     0.000
 165  p   3o25/2   ( 2o 25/2) 0.77    59.687     1.000     0.000
 166  p   4o25/2   ( 4o 25/2) 0.72    81.025     1.000     0.000
 167  p   1P25/2   ( 2P 25/2) 0.68    40.689     1.000     0.000
 168  p   2P25/2   ( 1P 25/2) 0.77    58.665     1.000     0.000
 169  p   3P25/2   ( 3P 25/2) 0.70    82.119     1.000     0.000
 170  p   1q27/2   ( 2q 27/2) 0.68    43.398     1.000     0.000
 171  p   2q27/2   ( 1q 27/2) 0.78    62.712     1.000     0.000
 172  p   3q27/2   ( 3q 27/2) 0.69    87.159     1.000     0.000
 173  p   1P27/2   ( 2P 27/2) 0.65    40.506     1.000     0.000
 174  p   2P27/2   ( 1P 27/2) 0.78    56.623     1.000     0.000
 175  p   3P27/2   ( 3P 27/2) 0.76    72.278     1.000     0.000
 176  p   1q29/2   ( 2q 29/2) 0.67    43.260     1.000     0.000
 177  p   2q29/2   ( 1q 29/2) 0.79    61.506     1.000     0.000
 178  p   3q29/2   ( 3q 29/2) 0.73    78.219     1.000     0.000
 179  p   1r29/2   ( 1r 29/2) 0.78    52.305     1.000     0.000
 180  p   2r29/2   ( 2r 29/2) 0.77    77.181     1.000     0.000
 181  p   1S31/2   ( 1S 31/2) 0.78    55.307     1.000     0.000
 182  p   2S31/2   ( 2S 31/2) 0.77    81.518     1.000     0.000
 183  p   1r31/2   ( 1r 31/2) 0.77    52.127     1.000     0.000
 184  p   2r31/2   ( 2r 31/2) 0.77    72.930     1.000     0.000
 185  p   1S33/2   ( 1S 33/2) 0.77    55.167     1.000     0.000
 186  p   2S33/2   ( 2S 33/2) 0.76    78.314     1.000     0.000
 187  p   1t33/2   ( 1t 33/2) 0.98    68.956     1.000     0.000
 188  p   1u35/2   ( 1u 35/2) 0.98    72.421     1.000     0.000
 189  p   1t35/2   ( 1t 35/2) 0.98    68.249     1.000     0.000
 190  p   1u37/2   ( 1u 37/2) 0.98    71.932     1.000     0.000


 quasi-particle properties Proton: 
 ------------------------------------------------------------------
     p/h    l j     [nr,l,j]  smax       Eqp       uu       vv
   1  p   1s 1/2   ( 3s  1/2) 0.80     1.009     0.737     0.263
   2  p   2s 1/2   ( 4s  1/2) 0.80    18.821     0.998     0.002
   3  h   3s 1/2   ( 2s  1/2) 0.77    22.662     0.177     0.823
   4  p   4s 1/2   ( 4s  1/2) 0.47    23.099     0.826     0.174
   5  p   5s 1/2   ( 5s  1/2) 0.69    32.474     0.999     0.001
   6  h   6s 1/2   ( 1s  1/2) 0.90    42.196     0.000     1.000
   7  p   7s 1/2   ( 6s  1/2) 0.52    45.540     1.000     0.000
   8  p   8s 1/2   ( 6s  1/2) 0.55    60.698     1.000     0.000
   9  p   9s 1/2   ( 8s  1/2) 0.58    80.513     1.000     0.000
  11  p   1p 1/2   ( 3p  1/2) 0.96    10.742     1.000     0.000
  12  h   2p 1/2   ( 2p  1/2) 0.93    12.093     0.001     0.999
  13  p   3p 1/2   ( 5p  1/2) 0.50    21.627     1.000     0.000
  14  p   4p 1/2   ( 4p  1/2) 0.75    28.762     1.000     0.000
  15  h   5p 1/2   ( 1p  1/2) 0.95    35.898     0.000     1.000
  16  p   6p 1/2   ( 5p  1/2) 0.68    40.324     1.000     0.000
  17  p   7p 1/2   ( 6p  1/2) 0.59    55.155     1.000     0.000
  18  p   8p 1/2   ( 7p  1/2) 0.63    73.945     1.000     0.000
  20  h   1d 3/2   ( 2d  3/2) 0.93     1.328     0.064     0.936
  21  p   2d 3/2   ( 3d  3/2) 0.88    18.921     1.000     0.000
  22  p   3d 3/2   ( 5d  3/2) 0.45    23.268     1.000     0.000
  23  h   4d 3/2   ( 1d  3/2) 0.97    27.480     0.000     1.000
  24  p   5d 3/2   ( 4d  3/2) 0.72    32.690     1.000     0.000
  25  p   6d 3/2   ( 5d  3/2) 0.56    45.418     1.000     0.000
  26  p   7d 3/2   ( 5d  3/2) 0.55    60.623     1.000     0.000
  27  p   8d 3/2   ( 7d  3/2) 0.59    80.401     1.000     0.000
  29  p   1p 3/2   ( 3p  3/2) 0.95    10.468     1.000     0.000
  30  h   2p 3/2   ( 2p  3/2) 0.91    12.692     0.001     0.999
  31  p   3p 3/2   ( 5p  3/2) 0.51    21.608     1.000     0.000
  32  p   4p 3/2   ( 4p  3/2) 0.75    28.667     1.000     0.000
  33  h   5p 3/2   ( 1p  3/2) 0.94    36.444     0.000     1.000
  34  p   6p 3/2   ( 5p  3/2) 0.67    40.274     1.000     0.000
  35  p   7p 3/2   ( 6p  3/2) 0.58    55.029     1.000     0.000
  36  p   8p 3/2   ( 7p  3/2) 0.62    73.702     1.000     0.000
  38  h   1d 5/2   ( 2d  5/2) 0.94     2.758     0.014     0.986
  39  p   2d 5/2   ( 3d  5/2) 0.89    18.455     1.000     0.000
  40  p   3d 5/2   ( 5d  5/2) 0.48    23.101     1.000     0.000
  41  h   4d 5/2   ( 1d  5/2) 0.96    29.026     0.001     0.999
  42  p   5d 5/2   ( 4d  5/2) 0.72    32.487     1.000     0.000
  43  p   6d 5/2   ( 5d  5/2) 0.55    45.295     1.000     0.000
  44  p   7d 5/2   ( 5d  5/2) 0.54    60.427     1.000     0.000
  45  p   8d 5/2   ( 7d  5/2) 0.58    80.023     1.000     0.000
  47  p   1f 5/2   ( 2f  5/2) 0.98     9.112     0.999     0.001
  48  h   2f 5/2   ( 1f  5/2) 0.98    17.674     0.000     1.000
  49  p   3f 5/2   ( 3f  5/2) 0.55    22.813     1.000     0.000
  50  p   4f 5/2   ( 3f  5/2) 0.76    28.874     1.000     0.000
  51  p   5f 5/2   ( 4f  5/2) 0.71    40.188     1.000     0.000
  52  p   6f 5/2   ( 5f  5/2) 0.62    55.011     1.000     0.000
  53  p   7f 5/2   ( 6f  5/2) 0.65    73.536     1.000     0.000
  55  h   1g 7/2   ( 1g  7/2) 0.98     7.001     0.002     0.998
  56  p   2g 7/2   ( 2g  7/2) 0.97    18.141     1.000     0.000
  57  p   3g 7/2   ( 5g  7/2) 0.48    24.421     1.000     0.000
  58  p   4g 7/2   ( 3g  7/2) 0.76    33.332     1.000     0.000
  59  p   5g 7/2   ( 4g  7/2) 0.61    45.194     1.000     0.000
  60  p   6g 7/2   ( 5g  7/2) 0.54    60.427     1.000     0.000
  61  p   7g 7/2   ( 6g  7/2) 0.61    79.910     1.000     0.000
  63  p   1f 7/2   ( 2f  7/2) 0.97     6.972     0.999     0.001
  64  h   2f 7/2   ( 1f  7/2) 0.98    20.554     0.000     1.000
  65  p   3f 7/2   ( 3f  7/2) 0.59    22.606     1.000     0.000
  66  p   4f 7/2   ( 3f  7/2) 0.73    28.135     1.000     0.000
  67  p   5f 7/2   ( 4f  7/2) 0.72    39.648     1.000     0.000
  68  p   6f 7/2   ( 5f  7/2) 0.62    54.493     1.000     0.000
  69  p   7f 7/2   ( 6f  7/2) 0.63    72.746     1.000     0.000
  71  h   1g 9/2   ( 1g  9/2) 0.98    11.440     0.001     0.999
  72  p   2g 9/2   ( 2g  9/2) 0.98    15.918     1.000     0.000
  73  p   3g 9/2   ( 4g  9/2) 0.48    24.218     1.000     0.000
  74  p   4g 9/2   ( 3g  9/2) 0.77    32.532     1.000     0.000
  75  p   5g 9/2   ( 4g  9/2) 0.64    44.225     1.000     0.000
  76  p   6g 9/2   ( 5g  9/2) 0.55    59.424     1.000     0.000
  77  p   7g 9/2   ( 6g  9/2) 0.60    78.500     1.000     0.000
  79  p   1h 9/2   ( 1h  9/2) 0.98     4.118     0.995     0.005
  80  p   2h 9/2   ( 2h  9/2) 0.75    24.640     1.000     0.000
  81  p   3h 9/2   ( 2h  9/2) 0.62    28.638     1.000     0.000
  82  p   4h 9/2   ( 3h  9/2) 0.77    40.158     1.000     0.000
  83  p   5h 9/2   ( 4h  9/2) 0.67    54.724     1.000     0.000
  84  p   6h 9/2   ( 5h  9/2) 0.67    72.791     1.000     0.000
  86  p   1i11/2   ( 1i 11/2) 0.98    14.966     1.000     0.000
  87  p   2i11/2   ( 4i 11/2) 0.49    27.120     1.000     0.000
  88  p   3i11/2   ( 2i 11/2) 0.83    34.016     1.000     0.000
  89  p   4i11/2   ( 3i 11/2) 0.72    44.469     1.000     0.000
  90  p   5i11/2   ( 4i 11/2) 0.61    59.829     1.000     0.000
  91  p   6i11/2   ( 5i 11/2) 0.64    78.703     1.000     0.000
  93  h   1h11/2   ( 1h 11/2) 0.97     2.058     0.020     0.980
  94  p   2h11/2   ( 2h 11/2) 0.90    23.410     1.000     0.000
  95  p   3h11/2   ( 4h 11/2) 0.51    27.478     1.000     0.000
  96  p   4h11/2   ( 3h 11/2) 0.77    39.176     1.000     0.000
  97  p   5h11/2   ( 4h 11/2) 0.69    53.363     1.000     0.000
  98  p   6h11/2   ( 5h 11/2) 0.67    70.749     1.000     0.000
 100  p   1i13/2   ( 1i 13/2) 0.98     7.596     0.999     0.001
 101  p   2i13/2   ( 2i 13/2) 0.50    26.898     1.000     0.000
 102  p   3i13/2   ( 2i 13/2) 0.81    32.194     1.000     0.000
 103  p   4i13/2   ( 3i 13/2) 0.75    43.026     1.000     0.000
 104  p   5i13/2   ( 4i 13/2) 0.64    58.298     1.000     0.000
 105  p   6i13/2   ( 5i 13/2) 0.65    76.280     1.000     0.000
 107  p   1j13/2   ( 1j 13/2) 0.97    25.000     1.000     0.000
 108  p   2j13/2   ( 4j 13/2) 0.52    30.490     1.000     0.000
 109  p   3j13/2   ( 2j 13/2) 0.82    41.057     1.000     0.000
 110  p   4j13/2   ( 3j 13/2) 0.74    53.870     1.000     0.000
 111  p   5j13/2   ( 4j 13/2) 0.71    71.437     1.000     0.000
 113  p   1k15/2   ( 1k 15/2) 0.49    31.368     1.000     0.000
 114  p   2k15/2   ( 1k 15/2) 0.85    34.780     1.000     0.000
 115  p   3k15/2   ( 2k 15/2) 0.78    45.471     1.000     0.000
 116  p   4k15/2   ( 3k 15/2) 0.67    59.447     1.000     0.000
 117  p   5k15/2   ( 4k 15/2) 0.69    77.203     1.000     0.000
 119  p   1j15/2   ( 1j 15/2) 0.97    17.058     1.000     0.000
 120  p   2j15/2   ( 3j 15/2) 0.50    30.084     1.000     0.000
 121  p   3j15/2   ( 2j 15/2) 0.81    38.997     1.000     0.000
 122  p   4j15/2   ( 3j 15/2) 0.76    51.788     1.000     0.000
 123  p   5j15/2   ( 4j 15/2) 0.72    68.686     1.000     0.000
 124  p   6j15/2   ( 5j 15/2) 0.64    98.430     1.000     0.000
 125  p   1k17/2   ( 1k 17/2) 0.97    26.199     1.000     0.000
 126  p   2k17/2   ( 4k 17/2) 0.52    31.956     1.000     0.000
 127  p   3k17/2   ( 2k 17/2) 0.81    43.126     1.000     0.000
 128  p   4k17/2   ( 3k 17/2) 0.74    56.721     1.000     0.000
 129  p   5k17/2   ( 4k 17/2) 0.71    73.648     1.000     0.000
 131  p   1l17/2   ( 3l 17/2) 0.54    35.465     1.000     0.000
 132  p   2l17/2   ( 1l 17/2) 0.88    42.840     1.000     0.000
 133  p   3l17/2   ( 2l 17/2) 0.78    54.205     1.000     0.000
 134  p   4l17/2   ( 3l 17/2) 0.73    70.980     1.000     0.000
 135  p   5l17/2   ( 5l 17/2) 0.65    97.593     1.000     0.000
 136  p   1m19/2   ( 3m 19/2) 0.57    37.570     1.000     0.000
 137  p   2m19/2   ( 1m 19/2) 0.86    48.473     1.000     0.000
 138  p   3m19/2   ( 2m 19/2) 0.73    59.256     1.000     0.000
 139  p   4m19/2   ( 3m 19/2) 0.71    76.746     1.000     0.000
 141  p   1l19/2   ( 1l 19/2) 0.85    34.218     1.000     0.000
 142  p   2l19/2   ( 2l 19/2) 0.53    36.820     1.000     0.000
 143  p   3l19/2   ( 2l 19/2) 0.78    51.221     1.000     0.000
 144  p   4l19/2   ( 3l 19/2) 0.76    66.230     1.000     0.000
 145  p   5l19/2   ( 5l 19/2) 0.68    92.946     1.000     0.000
 146  p   1m21/2   ( 3m 21/2) 0.56    37.449     1.000     0.000
 147  p   2m21/2   ( 1m 21/2) 0.91    43.630     1.000     0.000
 148  p   3m21/2   ( 2m 21/2) 0.81    55.178     1.000     0.000
 149  p   4m21/2   ( 3m 21/2) 0.76    71.352     1.000     0.000
 150  p   5m21/2   ( 5m 21/2) 0.67    97.762     1.000     0.000
 151  p   1n21/2   ( 2n 21/2) 0.58    42.709     1.000     0.000
 152  p   2n21/2   ( 1n 21/2) 0.84    56.428     1.000     0.000
 153  p   3n21/2   ( 2n 21/2) 0.75    69.880     1.000     0.000
 154  p   4n21/2   ( 4n 21/2) 0.67    95.285     1.000     0.000
 155  p   1o23/2   ( 3o 23/2) 0.59    44.950     1.000     0.000
 156  p   2o23/2   ( 1o 23/2) 0.82    60.762     1.000     0.000
 157  p   3o23/2   ( 2o 23/2) 0.74    75.254     1.000     0.000
 159  p   1n23/2   ( 3n 23/2) 0.57    42.482     1.000     0.000
 160  p   2n23/2   ( 1n 23/2) 0.86    52.618     1.000     0.000
 161  p   3n23/2   ( 2n 23/2) 0.74    64.295     1.000     0.000
 162  p   4n23/2   ( 4n 23/2) 0.74    86.313     1.000     0.000
 163  p   1o25/2   ( 3o 25/2) 0.59    44.831     1.000     0.000
 164  p   2o25/2   ( 1o 25/2) 0.88    58.647     1.000     0.000
 165  p   3o25/2   ( 2o 25/2) 0.78    69.566     1.000     0.000
 166  p   4o25/2   ( 4o 25/2) 0.73    91.160     1.000     0.000
 167  p   1P25/2   ( 2P 25/2) 0.68    51.823     1.000     0.000
 168  p   2P25/2   ( 1P 25/2) 0.79    70.254     1.000     0.000
 169  p   3P25/2   ( 3P 25/2) 0.72    91.122     1.000     0.000
 170  p   1q27/2   ( 2q 27/2) 0.68    54.288     1.000     0.000
 171  p   2q27/2   ( 1q 27/2) 0.79    74.559     1.000     0.000
 172  p   3q27/2   ( 3q 27/2) 0.70    96.341     1.000     0.000
 173  p   1P27/2   ( 2P 27/2) 0.65    51.598     1.000     0.000
 174  p   2P27/2   ( 1P 27/2) 0.80    67.950     1.000     0.000
 175  p   3P27/2   ( 3P 27/2) 0.78    81.612     1.000     0.000
 176  p   1q29/2   ( 2q 29/2) 0.66    54.111     1.000     0.000
 177  p   2q29/2   ( 1q 29/2) 0.80    73.291     1.000     0.000
 178  p   3q29/2   ( 3q 29/2) 0.73    87.553     1.000     0.000
 179  p   1r29/2   ( 1r 29/2) 0.77    63.724     1.000     0.000
 180  p   2r29/2   ( 2r 29/2) 0.76    88.025     1.000     0.000
 181  p   1S31/2   ( 1S 31/2) 0.76    66.508     1.000     0.000
 182  p   2S31/2   ( 2S 31/2) 0.76    92.777     1.000     0.000
 183  p   1r31/2   ( 1r 31/2) 0.76    63.509     1.000     0.000
 184  p   2r31/2   ( 2r 31/2) 0.75    83.859     1.000     0.000
 185  p   1S33/2   ( 1S 33/2) 0.75    66.330     1.000     0.000
 186  p   2S33/2   ( 2S 33/2) 0.75    89.644     1.000     0.000
 187  p   1t33/2   ( 1t 33/2) 0.98    80.697     1.000     0.000
 188  p   1u35/2   ( 1u 35/2) 0.98    84.072     1.000     0.000
 189  p   1t35/2   ( 1t 35/2) 0.98    79.985     1.000     0.000
 190  p   1u37/2   ( 1u 37/2) 0.98    83.572     1.000     0.000
  ****** END RESU ***********************************
