
  ******************************************  
  *           Fortran 77 Code              *  
  *         Spherical H.O. basis            *  
  * Dirac-Hartree-Bogoliubov calculation   *  
  *        with density-dependent          *  
  * meson-exchange or point coupling force *  
  *          and separable pairing         *  
  * -------------------------------------- *  
  *      Niksic, Paar, Vretenar, Ring      *  
  *          18/ 4/2026/01:37:14           *
  *       Hg 248  N = 168  Z =  80
  ******************************************  
  ****** BEGIN READER *******************************
 Number of oscillator shells :    18   20
 Initialization inin,inink   :     0    0
 Nucleus: Hg 248   168  80
 Initial Gap Parameters      :     1.0000    1.0000
 Parameter set               :    DD-ME2    
  ****** END READER *********************************
  ****** BEGIN FORCES *******************************

 NEDF Parameters: DD-ME2    
 AMU   =  939.000
 msig  =  550.124  gsig =    10.5396  Gsig =   -14.2924
 mome  =  783.000  gome =    13.0189  Gome =    10.7647
 mdel  =    0.000  gdel =     0.0000  Gdel =    -0.0000
 mrho  =  763.000  grho =     3.6836  Grho =     0.9076
  
 Density dependence parameters:
           scasca    scavec    vecsca    vecvec
 a    =   1.388148  1.389291  0.000000  0.564700
 b    =   1.094300  0.923975  0.000000  0.000000
 c    =   1.705700  1.462000  0.000000  0.000000
 d    =   0.442067  0.477492  0.000000  0.000000
 dsat =   0.152000
  
 TMR pairing: Tian,Ma,Ring, PRB 676, 44 (2009)
 TMR pairing strength    gl =:  -728.00000 [MeV*fm^3]
 TMR pairing width        a =:     0.64420 [fm]
  ****** END FORCES *********************************
  ****** BEGIN PREP *********************************
  
 hom =                            6.525793
 hb0 =                           20.734000
 b0  =                            2.520809
 with Coulomb force
 With microscopic c.m. correction
  ****** END PREP ***********************************
  potentials read from tape dirhb.wel
  ****** BEGIN ITER *********************************
  1.It. si =    0.0000000  E/A =    0.0000 R =    0.0000  mix = 0.50
  2.It. si =    1.4342143  E/A =   -6.9549 R =    6.0739  mix = 0.50
  3.It. si =    0.7614636  E/A =   -6.9547 R =    6.0752  mix = 0.50
  4.It. si =    0.4001623  E/A =   -6.9545 R =    6.0767  mix = 0.50
  5.It. si =    0.4586785  E/A =   -6.9543 R =    6.0779  mix = 0.50
  6.It. si =    0.1423075  E/A =   -6.9540 R =    6.0801  mix = 0.50
  7.It. si =    0.0202805  E/A =   -6.9541 R =    6.0792  mix = 0.50
  8.It. si =    0.0133510  E/A =   -6.9541 R =    6.0793  mix = 0.50
  9.It. si =    0.0203082  E/A =   -6.9540 R =    6.0794  mix = 0.50
 10.It. si =    0.0089384  E/A =   -6.9540 R =    6.0794  mix = 0.50
 11.It. si =    0.0057620  E/A =   -6.9541 R =    6.0794  mix = 0.50
 12.It. si =    0.0030640  E/A =   -6.9541 R =    6.0793  mix = 0.50
 13.It. si =    0.0034845  E/A =   -6.9541 R =    6.0794  mix = 0.50
 14.It. si =    0.0036520  E/A =   -6.9541 R =    6.0794  mix = 0.50
 15.It. si =    0.0034996  E/A =   -6.9541 R =    6.0794  mix = 0.50
 16.It. si =    0.0001955  E/A =   -6.9541 R =    6.0794  mix = 0.50
 17.It. si =    0.0000411  E/A =   -6.9541 R =    6.0794  mix = 0.50
 18.It. si =    0.0000286  E/A =   -6.9541 R =    6.0794  mix = 0.50
 19.It. si =    0.0000075  E/A =   -6.9541 R =    6.0794  mix = 0.50
 20.It. si =    0.0000041  E/A =   -6.9541 R =    6.0794  mix = 0.50
 21.It. si =    0.0000019  E/A =   -6.9541 R =    6.0794  mix = 0.50
 ********************************************************************
 Hg 248: Iteration converged after  21 steps   si =      0.0000005923
 ********************************************************************
  ****** END ITER ***********************************
  ****** BEGIN CANON ********************************
 single-particle energies and gaps  in the canonical basis: Neutron:
 ------------------------------------------------------------------
    j pi     (nr,l,j)  smax       Ecan       vvcan       decan
 j = 1/2+  (   s 1/2)  0.92    -58.8585      0.9997     -1.8782
 j = 1/2+  (   s 1/2)  0.91    -40.2890      0.9995     -1.6771
 j = 1/2+  (   s 1/2)  0.97    -19.9907      0.9975     -1.8306
 j = 1/2+  (   s 1/2)  0.91     -1.5038      0.3880     -1.1546
 j = 1/2+  (   s 1/2)  0.78      7.8775      0.0014     -0.7129
 j = 1/2+  (   s 1/2)  0.71     19.3227      0.0002     -0.6226
 j = 1/2+  (   s 1/2)  0.79     34.3054      0.0000     -0.4618
 j = 1/2+  (   s 1/2)  0.95     47.5275      0.0000     -0.0829
 j = 1/2+  (   s 1/2)  0.91     48.8840      0.0000     -0.3091
 j = 1/2+  (   s 1/2)  0.94     64.5863      0.0000     -0.2071
 j = 1/2-  (   p 1/2)  0.99    -52.4455      0.9997     -1.7216
 j = 1/2-  (   p 1/2)  0.97    -31.9723      0.9993     -1.6429
 j = 1/2-  (   p 1/2)  0.97     -9.9750      0.9895     -1.7088
 j = 1/2-  (   p 1/2)  0.91      4.3125      0.0045     -0.8256
 j = 1/2-  (   p 1/2)  0.81     14.0486      0.0004     -0.6044
 j = 1/2-  (   p 1/2)  0.79     27.0051      0.0001     -0.4595
 j = 1/2-  (   p 1/2)  0.87     40.9786      0.0000     -0.3271
 j = 1/2-  (   p 1/2)  0.96     50.6134      0.0000     -0.1137
 j = 1/2-  (   p 1/2)  0.94     55.6046      0.0000     -0.2223
 j = 3/2+  (   d 3/2)  0.99    -44.4299      0.9997     -1.5874
 j = 3/2+  (   d 3/2)  0.98    -22.1164      0.9982     -1.7434
 j = 3/2+  (   d 3/2)  0.95     -1.7708      0.5007     -1.2919
 j = 3/2+  (   d 3/2)  0.84      8.5174      0.0011     -0.6830
 j = 3/2+  (   d 3/2)  0.74     19.4073      0.0002     -0.5752
 j = 3/2+  (   d 3/2)  0.77     33.2716      0.0000     -0.3917
 j = 3/2+  (   d 3/2)  0.87     46.5347      0.0000     -0.2611
 j = 3/2+  (   d 3/2)  0.95     51.9029      0.0000     -0.0824
 j = 3/2+  (   d 3/2)  0.93     61.8568      0.0000     -0.1728
 j = 3/2-  (   p 3/2)  0.98    -52.6463      0.9997     -1.7305
 j = 3/2-  (   p 3/2)  0.97    -32.4017      0.9993     -1.6653
 j = 3/2-  (   p 3/2)  0.97    -10.3046      0.9904     -1.7008
 j = 3/2-  (   p 3/2)  0.90      4.2174      0.0046     -0.8211
 j = 3/2-  (   p 3/2)  0.79     13.9402      0.0004     -0.5945
 j = 3/2-  (   p 3/2)  0.78     26.9685      0.0001     -0.4564
 j = 3/2-  (   p 3/2)  0.86     41.0027      0.0000     -0.3257
 j = 3/2-  (   p 3/2)  0.96     50.8809      0.0000     -0.1141
 j = 3/2-  (   p 3/2)  0.94     55.7610      0.0000     -0.2219
 j = 5/2+  (   d 5/2)  0.99    -45.2055      0.9997     -1.6062
 j = 5/2+  (   d 5/2)  0.98    -23.4973      0.9984     -1.7576
 j = 5/2+  (   d 5/2)  0.95     -2.3753      0.7122     -1.2934
 j = 5/2+  (   d 5/2)  0.84      8.3497      0.0011     -0.6770
 j = 5/2+  (   d 5/2)  0.75     19.1218      0.0002     -0.5639
 j = 5/2+  (   d 5/2)  0.77     33.1061      0.0000     -0.3886
 j = 5/2+  (   d 5/2)  0.87     46.3747      0.0000     -0.2584
 j = 5/2+  (   d 5/2)  0.95     52.2513      0.0000     -0.0825
 j = 5/2+  (   d 5/2)  0.93     61.9190      0.0000     -0.1715
 j = 5/2-  (   f 5/2)  0.98    -35.8680      0.9995     -1.5249
 j = 5/2-  (   f 5/2)  0.98    -11.3858      0.9926     -1.6783
 j = 5/2-  (   f 5/2)  0.96      4.8980      0.0055     -0.9997
 j = 5/2-  (   f 5/2)  0.90     15.1680      0.0004     -0.6402
 j = 5/2-  (   f 5/2)  0.88     27.6845      0.0001     -0.4710
 j = 5/2-  (   f 5/2)  0.92     40.2011      0.0000     -0.3137
 j = 5/2-  (   f 5/2)  0.96     51.0896      0.0000     -0.1064
 j = 5/2-  (   f 5/2)  0.95     52.7052      0.0000     -0.1991
 j = 7/2+  (   g 7/2)  0.98    -26.3532      0.9990     -1.5417
 j = 7/2+  (   g 7/2)  0.97     -2.0748      0.6029     -1.4531
 j = 7/2+  (   g 7/2)  0.94     10.7942      0.0009     -0.7449
 j = 7/2+  (   g 7/2)  0.90     21.1372      0.0002     -0.5794
 j = 7/2+  (   g 7/2)  0.91     34.8927      0.0000     -0.3977
 j = 7/2+  (   g 7/2)  0.93     44.3723      0.0000     -0.0692
 j = 7/2+  (   g 7/2)  0.95     47.2839      0.0000     -0.2638
 j = 7/2+  (   g 7/2)  0.93     62.8367      0.0000     -0.1783
 j = 7/2-  (   f 7/2)  0.98    -37.5752      0.9995     -1.5551
 j = 7/2-  (   f 7/2)  0.98    -13.4864      0.9949     -1.6824
 j = 7/2-  (   f 7/2)  0.95      4.0165      0.0073     -0.9999
 j = 7/2-  (   f 7/2)  0.90     14.4846      0.0004     -0.6236
 j = 7/2-  (   f 7/2)  0.88     27.1060      0.0001     -0.4693
 j = 7/2-  (   f 7/2)  0.91     39.8072      0.0000     -0.3125
 j = 7/2-  (   f 7/2)  0.95     51.4570      0.0000     -0.1071
 j = 7/2-  (   f 7/2)  0.95     52.5565      0.0000     -0.1983
 j = 9/2+  (   g 9/2)  0.98    -29.4105      0.9992     -1.5782
 j = 9/2+  (   g 9/2)  0.98     -4.2617      0.9312     -1.4627
 j = 9/2+  (   g 9/2)  0.95     10.0081      0.0010     -0.7587
 j = 9/2+  (   g 9/2)  0.92     20.3254      0.0002     -0.5529
 j = 9/2+  (   g 9/2)  0.92     34.1054      0.0000     -0.3908
 j = 9/2+  (   g 9/2)  0.93     43.7109      0.0000     -0.0680
 j = 9/2+  (   g 9/2)  0.95     46.7097      0.0000     -0.2594
 j = 9/2+  (   g 9/2)  0.93     62.3881      0.0000     -0.1761
 j = 9/2-  (   h 9/2)  0.98    -15.8586      0.9972     -1.4925
 j = 9/2-  (   h 9/2)  0.97      5.4726      0.0074     -1.2586
 j = 9/2-  (   h 9/2)  0.95     16.9615      0.0003     -0.6496
 j = 9/2-  (   h 9/2)  0.93     28.9410      0.0001     -0.4574
 j = 9/2-  (   h 9/2)  0.95     41.4784      0.0000     -0.3059
 j = 9/2-  (   h 9/2)  0.94     42.5613      0.0000     -0.0915
 j = 9/2-  (   h 9/2)  0.94     56.9293      0.0000     -0.2163
 j =11/2+  (   i11/2)  0.98     -5.3018      0.9631     -1.4381
 j =11/2+  (   i11/2)  0.97     12.5207      0.0013     -1.0203
 j =11/2+  (   i11/2)  0.96     23.6248      0.0001     -0.5860
 j =11/2+  (   i11/2)  0.95     35.7086      0.0000     -0.3741
 j =11/2+  (   i11/2)  0.89     38.2838      0.0000     -0.0578
 j =11/2+  (   i11/2)  0.95     47.3948      0.0000     -0.2392
 j =11/2+  (   i11/2)  0.88     64.4754      0.0000     -0.1726
 j =11/2-  (   h11/2)  0.98    -20.3217      0.9983     -1.5527
 j =11/2-  (   h11/2)  0.98      3.2845      0.0144     -1.2380
 j =11/2-  (   h11/2)  0.95     15.6560      0.0003     -0.6364
 j =11/2-  (   h11/2)  0.93     27.5011      0.0001     -0.4556
 j =11/2-  (   h11/2)  0.95     40.3187      0.0000     -0.3028
 j =11/2-  (   h11/2)  0.94     42.0658      0.0000     -0.0913
 j =11/2-  (   h11/2)  0.93     56.1970      0.0000     -0.2159
 j =13/2+  (   i13/2)  0.98    -11.0393      0.9938     -1.4788
 j =13/2+  (   i13/2)  0.97     10.2292      0.0018     -1.0292
 j =13/2+  (   i13/2)  0.96     22.0758      0.0001     -0.5651
 j =13/2+  (   i13/2)  0.95     34.1760      0.0000     -0.3712
 j =13/2+  (   i13/2)  0.89     37.7175      0.0000     -0.0575
 j =13/2+  (   i13/2)  0.95     46.0786      0.0000     -0.2365
 j =13/2+  (   i13/2)  0.87     63.2747      0.0000     -0.1715
 j =13/2-  (   j13/2)  0.98      4.8617      0.0109     -1.4049
 j =13/2-  (   j13/2)  0.98     18.9802      0.0003     -0.7735
 j =13/2-  (   j13/2)  0.97     30.8573      0.0001     -0.5071
 j =13/2-  (   j13/2)  0.95     40.9876      0.0000     -0.2970
 j =13/2-  (   j13/2)  0.92     41.1350      0.0000     -0.0820
 j =13/2-  (   j13/2)  0.92     55.2239      0.0000     -0.1967
 j =15/2+  (   k15/2)  0.98     14.0309      0.0016     -1.2809
 j =15/2+  (   k15/2)  0.97     25.9818      0.0001     -0.6429
 j =15/2+  (   k15/2)  0.86     36.4600      0.0000     -0.0515
 j =15/2+  (   k15/2)  0.95     38.0429      0.0000     -0.4170
 j =15/2+  (   k15/2)  0.91     48.2433      0.0000     -0.2491
 j =15/2+  (   k15/2)  0.83     61.3002      0.0000     -0.1626
 j =15/2-  (   j15/2)  0.98     -1.9023      0.5477     -1.3888
 j =15/2-  (   j15/2)  0.97     16.8057      0.0005     -0.8241
 j =15/2-  (   j15/2)  0.96     28.5008      0.0001     -0.4999
 j =15/2-  (   j15/2)  0.95     39.5373      0.0000     -0.2935
 j =15/2-  (   j15/2)  0.92     39.9036      0.0000     -0.0808
 j =15/2-  (   j15/2)  0.92     53.8185      0.0000     -0.1958
 j =17/2+  (   k17/2)  0.98      6.9878      0.0053     -1.2897
 j =17/2+  (   k17/2)  0.96     23.0362      0.0002     -0.6627
 j =17/2+  (   k17/2)  0.94     35.2925      0.0000     -0.4142
 j =17/2+  (   k17/2)  0.86     35.6511      0.0000     -0.0510
 j =17/2+  (   k17/2)  0.91     46.5852      0.0000     -0.2464
 j =17/2+  (   k17/2)  0.82     59.6334      0.0000     -0.1615
 j =17/2-  (   l17/2)  0.98     22.2208      0.0005     -1.1225
 j =17/2-  (   l17/2)  0.96     33.3720      0.0001     -0.5541
 j =17/2-  (   l17/2)  0.87     35.7867      0.0000     -0.0715
 j =17/2-  (   l17/2)  0.92     44.2254      0.0000     -0.3306
 j =17/2-  (   l17/2)  0.83     56.0838      0.0000     -0.2121
 j =19/2+  (   m19/2)  0.97     30.0102      0.0002     -0.9686
 j =19/2+  (   m19/2)  0.81     33.9892      0.0000     -0.0479
 j =19/2+  (   m19/2)  0.93     40.6238      0.0000     -0.4752
 j =19/2+  (   m19/2)  0.86     51.7451      0.0000     -0.2758
 j =19/2+  (   m19/2)  0.73     60.1198      0.0000     -0.1685
 j =19/2-  (   l19/2)  0.97     15.3855      0.0011     -1.1435
 j =19/2-  (   l19/2)  0.94     29.5853      0.0001     -0.5583
 j =19/2-  (   l19/2)  0.87     34.7701      0.0000     -0.0704
 j =19/2-  (   l19/2)  0.91     41.4187      0.0000     -0.3288
 j =19/2-  (   l19/2)  0.82     53.5417      0.0000     -0.2092
 j =21/2+  (   m21/2)  0.96     23.4606      0.0004     -0.9915
 j =21/2+  (   m21/2)  0.81     33.2071      0.0000     -0.0473
 j =21/2+  (   m21/2)  0.90     36.3077      0.0000     -0.4742
 j =21/2+  (   m21/2)  0.84     48.4234      0.0000     -0.2750
 j =21/2+  (   m21/2)  0.71     56.8893      0.0000     -0.1652
 j =21/2-  (   n21/2)  0.84     35.6145      0.0000     -0.0700
 j =21/2-  (   n21/2)  0.95     37.4593      0.0001     -0.8225
 j =21/2-  (   n21/2)  0.88     47.3919      0.0000     -0.3955
 j =21/2-  (   n21/2)  0.77     56.4816      0.0000     -0.2246
 j =23/2+  (   o23/2)  0.79     35.5147      0.0000     -0.0491
 j =23/2+  (   o23/2)  0.92     44.8933      0.0001     -0.6914
 j =23/2+  (   o23/2)  0.80     55.2802      0.0000     -0.3396
 j =23/2+  (   o23/2)  0.66     59.1281      0.0000     -0.1760
 j =23/2-  (   n23/2)  0.94     31.2570      0.0002     -0.8419
 j =23/2-  (   n23/2)  0.83     34.1168      0.0000     -0.0684
 j =23/2-  (   n23/2)  0.84     42.9714      0.0000     -0.3968
 j =23/2-  (   n23/2)  0.74     51.8025      0.0000     -0.2199
 j =25/2+  (   o25/2)  0.78     34.4246      0.0000     -0.0483
 j =25/2+  (   o25/2)  0.90     38.9917      0.0001     -0.7085
 j =25/2+  (   o25/2)  0.75     50.2420      0.0000     -0.3397
 j =25/2+  (   o25/2)  0.63     54.4771      0.0000     -0.1713
 j =25/2-  (   P25/2)  0.81     37.9908      0.0000     -0.0758
 j =25/2-  (   P25/2)  0.88     52.5227      0.0000     -0.5766
 j =25/2-  (   P25/2)  0.70     57.6077      0.0000     -0.2671
 j =27/2+  (   q27/2)  0.76     39.1397      0.0000     -0.0554
 j =27/2+  (   q27/2)  0.84     60.1214      0.0000     -0.4797
 j =27/2+  (   q27/2)  0.61     60.5190      0.0000     -0.2080
 j =27/2-  (   P27/2)  0.79     36.6545      0.0000     -0.0745
 j =27/2-  (   P27/2)  0.86     46.7275      0.0000     -0.5921
 j =27/2-  (   P27/2)  0.67     52.5794      0.0000     -0.2615
 j =29/2+  (   q29/2)  0.75     38.2383      0.0000     -0.0548
 j =29/2+  (   q29/2)  0.81     54.4955      0.0000     -0.4907
 j =29/2+  (   q29/2)  0.60     56.2274      0.0000     -0.2038
 j =29/2-  (   r29/2)  0.82     44.5194      0.0000     -0.0949
 j =29/2-  (   r29/2)  0.82     62.6765      0.0000     -0.3620
 j =31/2+  (   S31/2)  0.80     46.8723      0.0000     -0.0706
 j =31/2+  (   S31/2)  0.79     67.4540      0.0000     -0.2810
 j =31/2-  (   r31/2)  0.81     43.4314      0.0000     -0.0940
 j =31/2-  (   r31/2)  0.81     58.4642      0.0000     -0.3653
 j =33/2+  (   S33/2)  0.79     46.0903      0.0000     -0.0701
 j =33/2+  (   S33/2)  0.78     63.9927      0.0000     -0.2829
 j =33/2-  (   t33/2)  0.98     57.5413      0.0000     -0.1428
 j =35/2+  (   u35/2)  0.98     61.0632      0.0000     -0.1062
 j =35/2-  (   t35/2)  0.98     56.4397      0.0000     -0.1431
 j =37/2+  (   u37/2)  0.98     60.2352      0.0000     -0.1063
 single-particle energies and gaps  in the canonical basis: Proton: 
 ------------------------------------------------------------------
    j pi     (nr,l,j)  smax       Ecan       vvcan       decan
 j = 1/2+  (   s 1/2)  0.78    -53.2278      0.9998      1.0613
 j = 1/2+  (   s 1/2)  0.71    -37.6794      0.9991      1.2437
 j = 1/2+  (   s 1/2)  0.91    -16.1088      0.2825      0.9832
 j = 1/2+  (   s 1/2)  0.89      9.5270      0.0003      0.8332
 j = 1/2+  (   s 1/2)  0.56     12.7263      0.0000      0.0020
 j = 1/2+  (   s 1/2)  0.52     25.5371      0.0000      0.0080
 j = 1/2+  (   s 1/2)  0.64     34.1674      0.0000      0.3785
 j = 1/2+  (   s 1/2)  0.49     45.3055      0.0000      0.0182
 j = 1/2+  (   s 1/2)  0.57     55.5713      0.0000      0.2102
 j = 1/2+  (   s 1/2)  0.75     79.7783      0.0000      0.0845
 j = 1/2-  (   p 1/2)  0.93    -48.4938      0.9998      0.9733
 j = 1/2-  (   p 1/2)  0.91    -27.7553      0.9985      0.8688
 j = 1/2-  (   p 1/2)  0.94     -5.3784      0.0007      0.6110
 j = 1/2-  (   p 1/2)  0.59     13.0776      0.0000      0.0034
 j = 1/2-  (   p 1/2)  0.80     20.8185      0.0000      0.4582
 j = 1/2-  (   p 1/2)  0.51     25.9052      0.0000      0.0126
 j = 1/2-  (   p 1/2)  0.58     45.1421      0.0000      0.0345
 j = 1/2-  (   p 1/2)  0.66     45.2509      0.0000      0.2637
 j = 1/2-  (   p 1/2)  0.72     79.0049      0.0000      0.1226
 j = 3/2+  (   d 3/2)  0.96    -41.2347      0.9997      0.8852
 j = 3/2+  (   d 3/2)  0.95    -17.9399      0.9398      0.7333
 j = 3/2+  (   d 3/2)  0.92      4.7887      0.0001      0.4107
 j = 3/2+  (   d 3/2)  0.57     13.4470      0.0000      0.0018
 j = 3/2+  (   d 3/2)  0.51     26.3866      0.0000      0.0069
 j = 3/2+  (   d 3/2)  0.72     30.6215      0.0000      0.2899
 j = 3/2+  (   d 3/2)  0.51     46.1311      0.0000      0.0172
 j = 3/2+  (   d 3/2)  0.63     58.6170      0.0000      0.1905
 j = 3/2+  (   d 3/2)  0.74     82.2984      0.0000      0.0825
 j = 3/2-  (   p 3/2)  0.92    -48.9236      0.9998      0.9747
 j = 3/2-  (   p 3/2)  0.88    -28.2201      0.9986      0.8681
 j = 3/2-  (   p 3/2)  0.94     -5.5348      0.0007      0.6018
 j = 3/2-  (   p 3/2)  0.59     13.0584      0.0000      0.0034
 j = 3/2-  (   p 3/2)  0.81     21.0844      0.0000      0.4650
 j = 3/2-  (   p 3/2)  0.51     25.8907      0.0000      0.0127
 j = 3/2-  (   p 3/2)  0.58     44.9534      0.0000      0.0345
 j = 3/2-  (   p 3/2)  0.67     45.6018      0.0000      0.2653
 j = 3/2-  (   p 3/2)  0.72     78.9209      0.0000      0.1226
 j = 5/2+  (   d 5/2)  0.95    -42.4499      0.9997      0.8938
 j = 5/2+  (   d 5/2)  0.93    -19.2070      0.9818      0.7282
 j = 5/2+  (   d 5/2)  0.92      4.0645      0.0001      0.4101
 j = 5/2+  (   d 5/2)  0.57     13.4193      0.0000      0.0018
 j = 5/2+  (   d 5/2)  0.51     26.3476      0.0000      0.0070
 j = 5/2+  (   d 5/2)  0.73     30.7645      0.0000      0.2904
 j = 5/2+  (   d 5/2)  0.51     45.8999      0.0000      0.0172
 j = 5/2+  (   d 5/2)  0.63     59.0997      0.0000      0.1904
 j = 5/2+  (   d 5/2)  0.74     82.0588      0.0000      0.0826
 j = 5/2-  (   f 5/2)  0.98    -32.7436      0.9994      0.8125
 j = 5/2-  (   f 5/2)  0.96     -8.0962      0.0013      0.6088
 j = 5/2-  (   f 5/2)  0.60     14.5031      0.0000      0.0029
 j = 5/2-  (   f 5/2)  0.86     15.7932      0.0000      0.3355
 j = 5/2-  (   f 5/2)  0.53     27.9841      0.0000      0.0100
 j = 5/2-  (   f 5/2)  0.66     40.9846      0.0000      0.2027
 j = 5/2-  (   f 5/2)  0.63     47.4725      0.0000      0.0347
 j = 5/2-  (   f 5/2)  0.67     82.8708      0.0000      0.1118
 j = 7/2+  (   g 7/2)  0.98    -23.4057      0.9971      0.7427
 j = 7/2+  (   g 7/2)  0.94      2.1375      0.0002      0.4851
 j = 7/2+  (   g 7/2)  0.57     15.1633      0.0000      0.0015
 j = 7/2+  (   g 7/2)  0.74     27.4135      0.0000      0.2825
 j = 7/2+  (   g 7/2)  0.50     28.5455      0.0000      0.0054
 j = 7/2+  (   g 7/2)  0.55     47.9080      0.0000      0.0165
 j = 7/2+  (   g 7/2)  0.67     52.6440      0.0000      0.1570
 j = 7/2+  (   g 7/2)  0.71     87.0159      0.0000      0.0758
 j = 7/2-  (   f 7/2)  0.97    -35.0198      0.9995      0.8279
 j = 7/2-  (   f 7/2)  0.95    -10.0269      0.0020      0.5946
 j = 7/2-  (   f 7/2)  0.87     14.4412      0.0000      0.3395
 j = 7/2-  (   f 7/2)  0.61     14.4774      0.0000      0.0030
 j = 7/2-  (   f 7/2)  0.53     28.0173      0.0000      0.0102
 j = 7/2-  (   f 7/2)  0.66     40.3961      0.0000      0.2025
 j = 7/2-  (   f 7/2)  0.63     47.1186      0.0000      0.0347
 j = 7/2-  (   f 7/2)  0.66     83.1976      0.0000      0.1124
 j = 9/2+  (   g 9/2)  0.98    -26.9443      0.9987      0.7597
 j = 9/2+  (   g 9/2)  0.94     -0.2839      0.0002      0.4716
 j = 9/2+  (   g 9/2)  0.57     15.1300      0.0000      0.0016
 j = 9/2+  (   g 9/2)  0.76     25.6397      0.0000      0.2867
 j = 9/2+  (   g 9/2)  0.50     28.5330      0.0000      0.0055
 j = 9/2+  (   g 9/2)  0.56     47.5581      0.0000      0.0167
 j = 9/2+  (   g 9/2)  0.68     51.6031      0.0000      0.1559
 j = 9/2+  (   g 9/2)  0.71     86.7433      0.0000      0.0761
 j = 9/2-  (   h 9/2)  0.98    -13.5788      0.0121      0.6732
 j = 9/2-  (   h 9/2)  0.88     12.5534      0.0000      0.3710
 j = 9/2-  (   h 9/2)  0.60     16.8200      0.0000      0.0032
 j = 9/2-  (   h 9/2)  0.52     29.7797      0.0000      0.0121
 j = 9/2-  (   h 9/2)  0.65     38.5365      0.0000      0.2318
 j = 9/2-  (   h 9/2)  0.65     48.4296      0.0000      0.0403
 j = 9/2-  (   h 9/2)  0.67     82.2986      0.0000      0.1075
 j =11/2+  (   i11/2)  0.96     -3.3953      0.0005      0.6009
 j =11/2+  (   i11/2)  0.57     17.9459      0.0000      0.0016
 j =11/2+  (   i11/2)  0.81     22.9197      0.0000      0.2848
 j =11/2+  (   i11/2)  0.53     30.7139      0.0000      0.0070
 j =11/2+  (   i11/2)  0.58     49.3764      0.0000      0.0203
 j =11/2+  (   i11/2)  0.67     52.0115      0.0000      0.1858
 j =11/2+  (   i11/2)  0.71     85.5444      0.0000      0.0823
 j =11/2-  (   h11/2)  0.98    -18.4811      0.9704      0.6840
 j =11/2-  (   h11/2)  0.89      9.7181      0.0000      0.3636
 j =11/2-  (   h11/2)  0.60     16.7500      0.0000      0.0035
 j =11/2-  (   h11/2)  0.52     29.6638      0.0000      0.0128
 j =11/2-  (   h11/2)  0.65     36.4027      0.0000      0.2351
 j =11/2-  (   h11/2)  0.65     47.5926      0.0000      0.0407
 j =11/2-  (   h11/2)  0.67     81.2385      0.0000      0.1074
 j =13/2+  (   i13/2)  0.97     -9.7192      0.0019      0.6074
 j =13/2+  (   i13/2)  0.57     17.8998      0.0000      0.0017
 j =13/2+  (   i13/2)  0.83     19.5695      0.0000      0.2824
 j =13/2+  (   i13/2)  0.53     30.6724      0.0000      0.0075
 j =13/2+  (   i13/2)  0.58     48.7940      0.0000      0.0211
 j =13/2+  (   i13/2)  0.67     49.5663      0.0000      0.1881
 j =13/2+  (   i13/2)  0.71     83.9171      0.0000      0.0831
 j =13/2-  (   j13/2)  0.93      6.9181      0.0001      0.5203
 j =13/2-  (   j13/2)  0.60     20.4076      0.0000      0.0034
 j =13/2-  (   j13/2)  0.51     32.7386      0.0000      0.0156
 j =13/2-  (   j13/2)  0.71     33.4248      0.0000      0.2247
 j =13/2-  (   j13/2)  0.69     50.3580      0.0000      0.0493
 j =13/2-  (   j13/2)  0.67     80.2904      0.0000      0.1181
 j =15/2+  (   k15/2)  0.89     17.5100      0.0000      0.4432
 j =15/2+  (   k15/2)  0.56     21.9774      0.0000      0.0016
 j =15/2+  (   k15/2)  0.52     34.7869      0.0000      0.0081
 j =15/2+  (   k15/2)  0.65     44.2610      0.0000      0.1794
 j =15/2+  (   k15/2)  0.65     52.7409      0.0000      0.0263
 j =15/2+  (   k15/2)  0.68     85.3787      0.0000      0.0898
 j =15/2-  (   j15/2)  0.94     -0.5894      0.0003      0.5260
 j =15/2-  (   j15/2)  0.60     20.2922      0.0000      0.0038
 j =15/2-  (   j15/2)  0.73     29.3870      0.0000      0.2249
 j =15/2-  (   j15/2)  0.51     32.4919      0.0000      0.0170
 j =15/2-  (   j15/2)  0.69     49.0575      0.0000      0.0497
 j =15/2-  (   j15/2)  0.67     78.1531      0.0000      0.1184
 j =17/2+  (   k17/2)  0.90      8.9216      0.0001      0.4489
 j =17/2+  (   k17/2)  0.57     21.8869      0.0000      0.0018
 j =17/2+  (   k17/2)  0.52     34.6013      0.0000      0.0088
 j =17/2+  (   k17/2)  0.65     39.5827      0.0000      0.1802
 j =17/2+  (   k17/2)  0.66     51.6368      0.0000      0.0269
 j =17/2+  (   k17/2)  0.68     83.0585      0.0000      0.0900
 j =17/2-  (   l17/2)  0.64     25.8679      0.0000      0.0017
 j =17/2-  (   l17/2)  0.82     28.0494      0.0000      0.3693
 j =17/2-  (   l17/2)  0.61     40.6424      0.0000      0.0065
 j =17/2-  (   l17/2)  0.65     56.7392      0.0000      0.1446
 j =17/2-  (   l17/2)  0.81     67.0291      0.0000      0.0451
 j =19/2+  (   m19/2)  0.55     27.2694      0.0000      0.0020
 j =19/2+  (   m19/2)  0.75     38.9297      0.0000      0.3023
 j =19/2+  (   m19/2)  0.60     39.6294      0.0000      0.0148
 j =19/2+  (   m19/2)  0.71     55.2909      0.0000      0.0427
 j =19/2+  (   m19/2)  0.68     83.0030      0.0000      0.0875
 j =19/2-  (   l19/2)  0.83     18.6017      0.0000      0.3741
 j =19/2-  (   l19/2)  0.65     25.7869      0.0000      0.0018
 j =19/2-  (   l19/2)  0.62     40.1920      0.0000      0.0069
 j =19/2-  (   l19/2)  0.66     51.7903      0.0000      0.1458
 j =19/2-  (   l19/2)  0.82     64.9426      0.0000      0.0452
 j =21/2+  (   m21/2)  0.55     27.1090      0.0000      0.0026
 j =21/2+  (   m21/2)  0.76     28.7530      0.0000      0.3063
 j =21/2+  (   m21/2)  0.59     38.7686      0.0000      0.0196
 j =21/2+  (   m21/2)  0.71     52.8091      0.0000      0.0437
 j =21/2+  (   m21/2)  0.71     78.4788      0.0000      0.0833
 j =21/2-  (   n21/2)  0.65     32.1608      0.0000      0.0021
 j =21/2-  (   n21/2)  0.58     46.4662      0.0000      0.0128
 j =21/2-  (   n21/2)  0.66     50.7712      0.0000      0.2452
 j =21/2-  (   n21/2)  0.79     69.4378      0.0000      0.0643
 j =23/2+  (   o23/2)  0.62     34.2596      0.0000      0.0014
 j =23/2+  (   o23/2)  0.63     49.7437      0.0000      0.0065
 j =23/2+  (   o23/2)  0.61     62.0345      0.0000      0.1967
 j =23/2+  (   o23/2)  0.78     71.4862      0.0000      0.0431
 j =23/2-  (   n23/2)  0.65     31.9712      0.0000      0.0028
 j =23/2-  (   n23/2)  0.67     39.7940      0.0000      0.2488
 j =23/2-  (   n23/2)  0.59     45.3502      0.0000      0.0152
 j =23/2-  (   n23/2)  0.81     64.8811      0.0000      0.0623
 j =25/2+  (   o25/2)  0.62     34.1024      0.0000      0.0017
 j =25/2+  (   o25/2)  0.64     48.9649      0.0000      0.0076
 j =25/2+  (   o25/2)  0.61     50.2661      0.0000      0.1997
 j =25/2+  (   o25/2)  0.79     67.4531      0.0000      0.0423
 j =25/2-  (   P25/2)  0.65     40.3933      0.0000      0.0031
 j =25/2-  (   P25/2)  0.78     53.8762      0.0000      0.0385
 j =25/2-  (   P25/2)  0.76     71.4828      0.0000      0.1105
 j =27/2+  (   q27/2)  0.67     42.9002      0.0000      0.0018
 j =27/2+  (   q27/2)  0.79     59.0025      0.0000      0.0182
 j =27/2+  (   q27/2)  0.74     76.6292      0.0000      0.0854
 j =27/2-  (   P27/2)  0.66     39.9728      0.0000      0.0074
 j =27/2-  (   P27/2)  0.72     50.0062      0.0000      0.0631
 j =27/2-  (   P27/2)  0.83     63.6227      0.0000      0.0834
 j =29/2+  (   q29/2)  0.63     42.6278      0.0000      0.0031
 j =29/2+  (   q29/2)  0.78     56.4467      0.0000      0.0316
 j =29/2+  (   q29/2)  0.80     68.7003      0.0000      0.0717
 j =29/2-  (   r29/2)  0.78     51.3761      0.0000      0.0013
 j =29/2-  (   r29/2)  0.77     69.8758      0.0000      0.0402
 j =31/2+  (   S31/2)  0.77     54.2146      0.0000      0.0009
 j =31/2+  (   S31/2)  0.76     75.1456      0.0000      0.0243
 j =31/2-  (   r31/2)  0.77     51.0599      0.0000      0.0014
 j =31/2-  (   r31/2)  0.77     64.9808      0.0000      0.0404
 j =33/2+  (   S33/2)  0.76     53.9584      0.0000      0.0010
 j =33/2+  (   S33/2)  0.75     71.2532      0.0000      0.0244
 j =33/2-  (   t33/2)  0.98     66.3680      0.0000      0.0046
 j =35/2+  (   u35/2)  0.98     69.9551      0.0000      0.0025
 j =35/2-  (   t35/2)  0.98     65.2992      0.0000      0.0046
 j =37/2+  (   u37/2)  0.98     69.1601      0.0000      0.0025
  ****** END CANON **********************************
  ****** BEGIN RESU *********************************
   ****** BEGIN EXPECT *******

                            neutron        proton         total
 particle number           168.000000      80.000000     248.000000
 trace scalar density      160.298304      77.192803     237.491106
 lambda                     -1.769083     -16.583794
 spk                       -23.117708       5.714372
 rms-Radius                  6.234588       5.739741       6.079362
 charge-Radius                              5.795224
 Particle Energ          -3371.348523   -2401.037112   -5772.385634
 Selfconsistency Test.                                    -0.000003

 Kinetic Energy           2394.506847     837.099055    3231.605902
 E-scsc                                               -36501.106002
 E-scve                                                30506.828322
 E-vesc                                                    0.000000
 E-veve                                                  321.612992
 E-rearrang.                                             844.108835
 Coulomb direct                                          748.614503
 Pairing Energy            -28.360379      -3.801902     -32.162281
 Sum without E-cm                                      -1724.606563
DE-cm <P**2>/2M            -13.563272      -4.800099     -18.363371
NE-cm <P**2>/2M             10.627380       3.073358      13.700738
 E-cm <P**2>/2M             -2.935893      -1.726740      -4.662633
 Total Energy                                          -1729.269197
 E/A                                                      -6.972860

  ****** END EXPECT *********************************


 quasi-particle properties Neutron:
 ------------------------------------------------------------------
     p/h    l j     [nr,l,j]  smax       Eqp       uu       vv
   1  p   1s 1/2   ( 4s  1/2) 0.67     1.103     0.617     0.383
   2  p   2s 1/2   ( 6s  1/2) 0.50     6.067     0.994     0.006
   3  p   3s 1/2   ( 5s  1/2) 0.70    14.249     0.997     0.003
   4  h   4s 1/2   ( 3s  1/2) 0.94    17.069     0.006     0.994
   5  p   5s 1/2   ( 6s  1/2) 0.57    25.886     1.000     0.000
   6  h   6s 1/2   ( 2s  1/2) 0.87    39.448     0.002     0.998
   7  p   7s 1/2   ( 6s  1/2) 0.53    40.361     0.999     0.001
   8  h   8s 1/2   ( 1s  1/2) 0.91    57.490     0.000     1.000
   9  p   9s 1/2   ( 8s  1/2) 0.61    58.775     1.000     0.000
  10  p  10s 1/2   ( 9s  1/2) 0.64    88.595     1.000     0.000
  11  p   1p 1/2   ( 4p  1/2) 0.65     4.164     0.997     0.003
  12  h   2p 1/2   ( 3p  1/2) 0.96     7.786     0.018     0.982
  13  p   3p 1/2   ( 4p  1/2) 0.66    10.399     0.991     0.009
  14  p   4p 1/2   ( 5p  1/2) 0.70    21.064     0.999     0.001
  15  h   5p 1/2   ( 2p  1/2) 0.94    29.919     0.002     0.998
  16  p   6p 1/2   ( 6p  1/2) 0.63    34.968     1.000     0.000
  17  h   7p 1/2   ( 1p  1/2) 0.95    51.605     0.001     0.999
  18  p   8p 1/2   ( 7p  1/2) 0.66    52.467     1.000     0.000
  19  p   9p 1/2   ( 8p  1/2) 0.64    80.959     1.000     0.000
  20  p   1d 3/2   ( 3d  3/2) 0.65     1.233     0.503     0.497
  21  p   2d 3/2   ( 5d  3/2) 0.49     6.346     0.995     0.005
  22  p   3d 3/2   ( 4d  3/2) 0.72    14.254     0.999     0.001
  23  h   4d 3/2   ( 2d  3/2) 0.97    19.390     0.003     0.997
  24  p   5d 3/2   ( 5d  3/2) 0.61    25.653     1.000     0.000
  25  p   6d 3/2   ( 6d  3/2) 0.55    40.154     1.000     0.000
  26  h   7d 3/2   ( 1d  3/2) 0.97    43.741     0.001     0.999
  27  p   8d 3/2   ( 7d  3/2) 0.62    58.579     1.000     0.000
  28  p   9d 3/2   ( 8d  3/2) 0.64    87.845     1.000     0.000
  29  p   1p 3/2   ( 4p  3/2) 0.64     4.129     0.997     0.003
  30  h   2p 3/2   ( 3p  3/2) 0.96     8.075     0.019     0.981
  31  p   3p 3/2   ( 4p  3/2) 0.65    10.340     0.990     0.010
  32  p   4p 3/2   ( 5p  3/2) 0.69    21.044     0.999     0.001
  33  h   5p 3/2   ( 2p  3/2) 0.92    30.305     0.002     0.998
  34  p   6p 3/2   ( 6p  3/2) 0.62    34.935     0.999     0.001
  35  h   7p 3/2   ( 1p  3/2) 0.95    51.882     0.001     0.999
  36  p   8p 3/2   ( 7p  3/2) 0.65    52.334     1.000     0.000
  37  p   9p 3/2   ( 8p  3/2) 0.64    81.441     1.000     0.000
  38  h   1d 5/2   ( 3d  5/2) 0.79     1.375     0.291     0.709
  39  p   2d 5/2   ( 5d  5/2) 0.51     6.212     0.995     0.005
  40  p   3d 5/2   ( 4d  5/2) 0.71    14.056     0.999     0.001
  41  h   4d 5/2   ( 2d  5/2) 0.96    20.585     0.003     0.997
  42  p   5d 5/2   ( 5d  5/2) 0.61    25.502     1.000     0.000
  43  p   6d 5/2   ( 6d  5/2) 0.54    39.970     1.000     0.000
  44  h   7d 5/2   ( 1d  5/2) 0.97    44.706     0.001     0.999
  45  p   8d 5/2   ( 7d  5/2) 0.61    58.237     1.000     0.000
  46  p   9d 5/2   ( 8d  5/2) 0.64    88.456     1.000     0.000
  47  p   1f 5/2   ( 3f  5/2) 0.73     4.948     0.995     0.005
  48  h   2f 5/2   ( 2f  5/2) 0.96     9.205     0.050     0.950
  49  p   3f 5/2   ( 3f  5/2) 0.60    10.560     0.957     0.043
  50  p   4f 5/2   ( 4f  5/2) 0.73    20.903     0.999     0.001
  51  h   5f 5/2   ( 1f  5/2) 0.77    34.563     0.385     0.615
  52  p   6f 5/2   ( 5f  5/2) 0.52    34.738     0.616     0.384
  53  p   7f 5/2   ( 6f  5/2) 0.68    52.068     1.000     0.000
  54  p   8f 5/2   ( 7f  5/2) 0.64    80.123     1.000     0.000
  55  h   1g 7/2   ( 2g  7/2) 0.76     1.453     0.398     0.602
  56  p   2g 7/2   ( 3g  7/2) 0.50     7.500     0.999     0.001
  57  p   3g 7/2   ( 3g  7/2) 0.74    14.697     0.999     0.001
  58  h   4g 7/2   ( 1g  7/2) 0.98    24.644     0.006     0.994
  59  p   5g 7/2   ( 4g  7/2) 0.66    25.555     0.995     0.005
  60  p   6g 7/2   ( 5g  7/2) 0.59    39.890     1.000     0.000
  61  p   7g 7/2   ( 6g  7/2) 0.64    58.095     1.000     0.000
  62  p   8g 7/2   ( 7g  7/2) 0.64    86.898     1.000     0.000
  63  p   1f 7/2   ( 3f  7/2) 0.77     4.540     0.994     0.006
  64  p   2f 7/2   ( 3f  7/2) 0.55     9.901     0.956     0.044
  65  h   3f 7/2   ( 2f  7/2) 0.95    11.176     0.048     0.952
  66  p   4f 7/2   ( 4f  7/2) 0.73    20.431     0.999     0.001
  67  p   5f 7/2   ( 5f  7/2) 0.66    34.162     0.999     0.001
  68  h   6f 7/2   ( 1f  7/2) 0.98    36.556     0.002     0.998
  69  p   7f 7/2   ( 6f  7/2) 0.66    51.310     1.000     0.000
  70  p   8f 7/2   ( 7f  7/2) 0.64    80.485     1.000     0.000
  71  h   1g 9/2   ( 2g  9/2) 0.95     2.802     0.070     0.930
  72  p   2g 9/2   ( 3g  9/2) 0.54     7.215     0.999     0.001
  73  p   3g 9/2   ( 3g  9/2) 0.73    13.943     0.999     0.001
  74  p   4g 9/2   ( 4g  9/2) 0.68    24.752     0.999     0.001
  75  h   5g 9/2   ( 1g  9/2) 0.98    27.767     0.002     0.998
  76  p   6g 9/2   ( 5g  9/2) 0.60    38.987     1.000     0.000
  77  p   7g 9/2   ( 6g  9/2) 0.64    56.858     1.000     0.000
  78  p   8g 9/2   ( 7g  9/2) 0.64    86.786     1.000     0.000
  79  p   1h 9/2   ( 2h  9/2) 0.85     6.305     0.993     0.007
  80  p   2h 9/2   ( 4h  9/2) 0.48    11.155     0.992     0.008
  81  h   3h 9/2   ( 1h  9/2) 0.97    14.194     0.012     0.988
  82  p   4h 9/2   ( 3h  9/2) 0.76    21.125     0.999     0.001
  83  p   5h 9/2   ( 4h  9/2) 0.70    34.524     1.000     0.000
  84  p   6h 9/2   ( 5h  9/2) 0.69    51.635     1.000     0.000
  85  p   7h 9/2   ( 6h  9/2) 0.64    79.047     1.000     0.000
  86  h   1i11/2   ( 1i 11/2) 0.96     3.805     0.038     0.962
  87  p   2i11/2   ( 2i 11/2) 0.58     9.750     0.999     0.001
  88  p   3i11/2   ( 2i 11/2) 0.74    15.363     0.999     0.001
  89  p   4i11/2   ( 3i 11/2) 0.72    25.475     1.000     0.000
  90  p   5i11/2   ( 4i 11/2) 0.64    39.600     1.000     0.000
  91  p   6i11/2   ( 5i 11/2) 0.66    57.423     1.000     0.000
  92  p   7i11/2   ( 6i 11/2) 0.65    85.739     1.000     0.000
  93  p   1h11/2   ( 2h 11/2) 0.93     4.787     0.986     0.014
  94  p   2h11/2   ( 4h 11/2) 0.53    10.355     0.999     0.001
  95  h   3h11/2   ( 1h 11/2) 0.98    18.617     0.010     0.990
  96  p   4h11/2   ( 3h 11/2) 0.75    20.197     0.993     0.007
  97  p   5h11/2   ( 4h 11/2) 0.71    33.281     1.000     0.000
  98  p   6h11/2   ( 5h 11/2) 0.69    49.862     1.000     0.000
  99  p   7h11/2   ( 6h 11/2) 0.64    78.028     1.000     0.000
 100  p   1i13/2   ( 2i 13/2) 0.64     9.144     0.792     0.208
 101  h   2i13/2   ( 1i 13/2) 0.87     9.431     0.216     0.784
 102  p   3i13/2   ( 2i 13/2) 0.66    13.908     0.996     0.004
 103  p   4i13/2   ( 3i 13/2) 0.75    24.232     1.000     0.000
 104  p   5i13/2   ( 4i 13/2) 0.66    38.131     1.000     0.000
 105  p   6i13/2   ( 5i 13/2) 0.67    55.284     1.000     0.000
 106  p   7i13/2   ( 6i 13/2) 0.64    84.107     1.000     0.000
 107  p   1j13/2   ( 1j 13/2) 0.97     6.535     0.989     0.011
 108  p   2j13/2   ( 2j 13/2) 0.53    13.062     1.000     0.000
 109  p   3j13/2   ( 2j 13/2) 0.77    21.549     1.000     0.000
 110  p   4j13/2   ( 3j 13/2) 0.74    34.067     1.000     0.000
 111  p   5j13/2   ( 4j 13/2) 0.72    50.797     1.000     0.000
 112  p   6j13/2   ( 6j 13/2) 0.65    77.388     1.000     0.000
 113  p   1k15/2   ( 1k 15/2) 0.68    13.599     0.999     0.001
 114  p   2k15/2   ( 1k 15/2) 0.70    16.818     0.999     0.001
 115  p   3k15/2   ( 2k 15/2) 0.78    26.084     1.000     0.000
 116  p   4k15/2   ( 3k 15/2) 0.70    39.068     1.000     0.000
 117  p   5k15/2   ( 4k 15/2) 0.70    56.320     1.000     0.000
 118  p   6k15/2   ( 5k 15/2) 0.65    83.553     1.000     0.000
 119  h   1j15/2   ( 1j 15/2) 0.73     1.389     0.452     0.548
 120  p   2j15/2   ( 2j 15/2) 0.60    12.517     1.000     0.000
 121  p   3j15/2   ( 2j 15/2) 0.74    19.863     1.000     0.000
 122  p   4j15/2   ( 3j 15/2) 0.75    32.262     1.000     0.000
 123  p   5j15/2   ( 4j 15/2) 0.72    48.298     1.000     0.000
 124  p   6j15/2   ( 6j 15/2) 0.65    75.175     1.000     0.000
 125  p   1k17/2   ( 1k 17/2) 0.98     8.601     0.995     0.005
 126  p   2k17/2   ( 3k 17/2) 0.51    14.862     1.000     0.000
 127  p   3k17/2   ( 2k 17/2) 0.79    23.999     1.000     0.000
 128  p   4k17/2   ( 3k 17/2) 0.74    36.813     1.000     0.000
 129  p   5k17/2   ( 4k 17/2) 0.71    53.253     1.000     0.000
 130  p   6k17/2   ( 5k 17/2) 0.64    81.008     1.000     0.000
 131  p   1l17/2   ( 3l 17/2) 0.52    17.651     1.000     0.000
 132  p   2l17/2   ( 1l 17/2) 0.83    24.072     1.000     0.000
 133  p   3l17/2   ( 2l 17/2) 0.78    34.564     1.000     0.000
 134  p   4l17/2   ( 3l 17/2) 0.74    50.153     1.000     0.000
 135  p   5l17/2   ( 5l 17/2) 0.67    74.724     1.000     0.000
 136  p   1m19/2   ( 3m 19/2) 0.56    20.032     1.000     0.000
 137  p   2m19/2   ( 1m 19/2) 0.82    29.181     1.000     0.000
 138  p   3m19/2   ( 2m 19/2) 0.72    39.921     1.000     0.000
 139  p   4m19/2   ( 3m 19/2) 0.71    56.041     1.000     0.000
 140  p   5m19/2   ( 5m 19/2) 0.65    80.861     1.000     0.000
 141  p   1l19/2   ( 1l 19/2) 0.89    15.895     0.999     0.001
 142  p   2l19/2   ( 2l 19/2) 0.53    19.422     1.000     0.000
 143  p   3l19/2   ( 2l 19/2) 0.77    31.549     1.000     0.000
 144  p   4l19/2   ( 3l 19/2) 0.74    46.126     1.000     0.000
 145  p   5l19/2   ( 5l 19/2) 0.69    71.124     1.000     0.000
 146  p   1m21/2   ( 3m 21/2) 0.52    19.717     1.000     0.000
 147  p   2m21/2   ( 1m 21/2) 0.85    25.007     1.000     0.000
 148  p   3m21/2   ( 2m 21/2) 0.79    35.869     1.000     0.000
 149  p   4m21/2   ( 3m 21/2) 0.75    51.084     1.000     0.000
 150  p   5m21/2   ( 5m 21/2) 0.68    76.100     1.000     0.000
 151  p   1n21/2   ( 2n 21/2) 0.60    24.581     1.000     0.000
 152  p   2n21/2   ( 1n 21/2) 0.81    36.369     1.000     0.000
 153  p   3n21/2   ( 2n 21/2) 0.74    50.679     1.000     0.000
 154  p   4n21/2   ( 4n 21/2) 0.68    72.987     1.000     0.000
 155  p   1o23/2   ( 2o 23/2) 0.60    26.981     1.000     0.000
 156  p   2o23/2   ( 1o 23/2) 0.80    40.381     1.000     0.000
 157  p   3o23/2   ( 2o 23/2) 0.72    55.816     1.000     0.000
 158  p   4o23/2   ( 4o 23/2) 0.66    79.385     1.000     0.000
 159  p   1n23/2   ( 2n 23/2) 0.56    24.226     1.000     0.000
 160  p   2n23/2   ( 1n 23/2) 0.82    32.891     1.000     0.000
 161  p   3n23/2   ( 2n 23/2) 0.74    44.877     1.000     0.000
 162  p   4n23/2   ( 4n 23/2) 0.74    65.732     1.000     0.000
 163  p   1o25/2   ( 2o 25/2) 0.58    26.799     1.000     0.000
 164  p   2o25/2   ( 1o 25/2) 0.85    38.152     1.000     0.000
 165  p   3o25/2   ( 2o 25/2) 0.77    50.063     1.000     0.000
 166  p   4o25/2   ( 4o 25/2) 0.72    70.781     1.000     0.000
 167  p   1P25/2   ( 2P 25/2) 0.68    32.996     1.000     0.000
 168  p   2P25/2   ( 1P 25/2) 0.77    49.474     1.000     0.000
 169  p   3P25/2   ( 3P 25/2) 0.71    71.449     1.000     0.000
 170  p   1q27/2   ( 2q 27/2) 0.68    35.601     1.000     0.000
 171  p   2q27/2   ( 1q 27/2) 0.77    53.376     1.000     0.000
 172  p   3q27/2   ( 3q 27/2) 0.69    76.661     1.000     0.000
 173  p   1P27/2   ( 2P 27/2) 0.64    32.728     1.000     0.000
 174  p   2P27/2   ( 1P 27/2) 0.77    46.660     1.000     0.000
 175  p   3P27/2   ( 3P 27/2) 0.77    62.272     1.000     0.000
 176  p   1q29/2   ( 2q 29/2) 0.66    35.408     1.000     0.000
 177  p   2q29/2   ( 1q 29/2) 0.78    51.478     1.000     0.000
 178  p   3q29/2   ( 3q 29/2) 0.74    67.843     1.000     0.000
 179  p   1r29/2   ( 1r 29/2) 0.79    43.881     1.000     0.000
 180  p   2r29/2   ( 2r 29/2) 0.78    67.273     1.000     0.000
 181  p   1S31/2   ( 1S 31/2) 0.78    46.768     1.000     0.000
 182  p   2S31/2   ( 2S 31/2) 0.77    71.440     1.000     0.000
 183  p   1r31/2   ( 1r 31/2) 0.78    43.566     1.000     0.000
 184  p   2r31/2   ( 2r 31/2) 0.78    62.212     1.000     0.000
 185  p   1S33/2   ( 1S 33/2) 0.78    46.528     1.000     0.000
 186  p   2S33/2   ( 2S 33/2) 0.77    67.379     1.000     0.000
 187  p   1t33/2   ( 1t 33/2) 0.98    59.519     1.000     0.000
 188  p   1u35/2   ( 1u 35/2) 0.98    62.832     1.000     0.000
 189  p   1t35/2   ( 1t 35/2) 0.98    58.401     1.000     0.000
 190  p   1u37/2   ( 1u 37/2) 0.98    62.004     1.000     0.000


 quasi-particle properties Proton: 
 ------------------------------------------------------------------
     p/h    l j     [nr,l,j]  smax       Eqp       uu       vv
   1  p   1s 1/2   ( 3s  1/2) 0.77     1.059     0.718     0.282
   2  p   2s 1/2   ( 4s  1/2) 0.87    19.933     0.848     0.152
   3  h   3s 1/2   ( 2s  1/2) 0.76    20.542     0.152     0.848
   4  p   4s 1/2   ( 6s  1/2) 0.52    28.759     1.000     0.000
   5  p   5s 1/2   ( 5s  1/2) 0.73    36.019     0.999     0.001
   6  h   6s 1/2   ( 1s  1/2) 0.88    37.341     0.001     0.999
   7  p   7s 1/2   ( 6s  1/2) 0.66    47.398     1.000     0.000
   8  p   8s 1/2   ( 7s  1/2) 0.58    61.172     1.000     0.000
   9  p   9s 1/2   ( 8s  1/2) 0.62    78.642     1.000     0.000
  11  p   1p 1/2   ( 3p  1/2) 0.95    10.063     0.999     0.001
  12  h   2p 1/2   ( 2p  1/2) 0.90    11.205     0.002     0.998
  13  p   3p 1/2   ( 4p  1/2) 0.82    26.675     1.000     0.000
  14  p   4p 1/2   ( 6p  1/2) 0.50    31.797     0.947     0.053
  15  h   5p 1/2   ( 1p  1/2) 0.91    31.933     0.053     0.947
  16  p   6p 1/2   ( 5p  1/2) 0.74    42.760     1.000     0.000
  17  p   7p 1/2   ( 6p  1/2) 0.68    55.814     1.000     0.000
  18  p   8p 1/2   ( 7p  1/2) 0.67    72.351     1.000     0.000
  20  h   1d 3/2   ( 2d  3/2) 0.92     1.539     0.060     0.940
  21  p   2d 3/2   ( 3d  3/2) 0.96    19.191     1.000     0.000
  22  h   3d 3/2   ( 1d  3/2) 0.96    24.669     0.000     1.000
  23  p   4d 3/2   ( 4d  3/2) 0.52    29.297     1.000     0.000
  24  p   5d 3/2   ( 4d  3/2) 0.74    36.035     1.000     0.000
  25  p   6d 3/2   ( 5d  3/2) 0.69    47.199     1.000     0.000
  26  p   7d 3/2   ( 6d  3/2) 0.61    61.001     1.000     0.000
  27  p   8d 3/2   ( 7d  3/2) 0.64    78.415     1.000     0.000
  29  p   1p 3/2   ( 3p  3/2) 0.94     9.880     0.999     0.001
  30  h   2p 3/2   ( 2p  3/2) 0.88    11.668     0.002     0.998
  31  p   3p 3/2   ( 4p  3/2) 0.82    26.632     1.000     0.000
  32  p   4p 3/2   ( 6p  3/2) 0.53    31.769     0.997     0.003
  33  h   5p 3/2   ( 1p  3/2) 0.92    32.358     0.003     0.997
  34  p   6p 3/2   ( 5p  3/2) 0.73    42.769     1.000     0.000
  35  p   7p 3/2   ( 6p  3/2) 0.67    55.802     1.000     0.000
  36  p   8p 3/2   ( 7p  3/2) 0.66    72.254     1.000     0.000
  38  h   1d 5/2   ( 2d  5/2) 0.92     2.715     0.018     0.982
  39  p   2d 5/2   ( 3d  5/2) 0.95    18.592     1.000     0.000
  40  h   3d 5/2   ( 1d  5/2) 0.95    25.887     0.000     1.000
  41  p   4d 5/2   ( 4d  5/2) 0.52    29.231     1.000     0.000
  42  p   5d 5/2   ( 4d  5/2) 0.73    35.856     1.000     0.000
  43  p   6d 5/2   ( 5d  5/2) 0.68    47.098     1.000     0.000
  44  p   7d 5/2   ( 6d  5/2) 0.60    60.883     1.000     0.000
  45  p   8d 5/2   ( 7d  5/2) 0.63    78.152     1.000     0.000
  47  p   1f 5/2   ( 2f  5/2) 0.97     8.202     0.999     0.001
  48  h   2f 5/2   ( 1f  5/2) 0.98    16.181     0.001     0.999
  49  p   3f 5/2   ( 3f  5/2) 0.91    26.820     1.000     0.000
  50  p   4f 5/2   ( 5f  5/2) 0.54    32.206     1.000     0.000
  51  p   5f 5/2   ( 4f  5/2) 0.75    42.841     1.000     0.000
  52  p   6f 5/2   ( 5f  5/2) 0.70    55.708     1.000     0.000
  53  p   7f 5/2   ( 6f  5/2) 0.69    72.062     1.000     0.000
  55  h   1g 7/2   ( 1g  7/2) 0.98     6.862     0.003     0.997
  56  p   2g 7/2   ( 2g  7/2) 0.98    17.185     1.000     0.000
  57  p   3g 7/2   ( 3g  7/2) 0.60    30.687     1.000     0.000
  58  p   4g 7/2   ( 3g  7/2) 0.73    36.236     1.000     0.000
  59  p   5g 7/2   ( 4g  7/2) 0.73    47.122     1.000     0.000
  60  p   6g 7/2   ( 5g  7/2) 0.64    60.939     1.000     0.000
  61  p   7g 7/2   ( 6g  7/2) 0.66    78.032     1.000     0.000
  63  p   1f 7/2   ( 2f  7/2) 0.96     6.366     0.998     0.002
  64  h   2f 7/2   ( 1f  7/2) 0.97    18.455     0.001     0.999
  65  p   3f 7/2   ( 3f  7/2) 0.92    26.030     1.000     0.000
  66  p   4f 7/2   ( 5f  7/2) 0.56    31.885     1.000     0.000
  67  p   5f 7/2   ( 4f  7/2) 0.75    42.453     1.000     0.000
  68  p   6f 7/2   ( 5f  7/2) 0.69    55.286     1.000     0.000
  69  p   7f 7/2   ( 6f  7/2) 0.67    71.424     1.000     0.000
  71  h   1g 9/2   ( 1g  9/2) 0.98    10.388     0.001     0.999
  72  p   2g 9/2   ( 2g  9/2) 0.97    15.054     1.000     0.000
  73  p   3g 9/2   ( 3g  9/2) 0.66    30.382     1.000     0.000
  74  p   4g 9/2   ( 3g  9/2) 0.68    35.375     1.000     0.000
  75  p   5g 9/2   ( 4g  9/2) 0.74    46.408     1.000     0.000
  76  p   6g 9/2   ( 5g  9/2) 0.65    60.154     1.000     0.000
  77  p   7g 9/2   ( 6g  9/2) 0.65    76.911     1.000     0.000
  79  p   1h 9/2   ( 1h  9/2) 0.98     3.059     0.988     0.012
  80  p   2h 9/2   ( 2h  9/2) 0.98    25.494     1.000     0.000
  81  p   3h 9/2   ( 3h  9/2) 0.54    33.539     1.000     0.000
  82  p   4h 9/2   ( 3h  9/2) 0.77    42.931     1.000     0.000
  83  p   5h 9/2   ( 4h  9/2) 0.73    55.450     1.000     0.000
  84  p   6h 9/2   ( 5h  9/2) 0.70    71.488     1.000     0.000
  85  p   7h 9/2   ( 7h  9/2) 0.64    99.404     1.000     0.000
  86  p   1i11/2   ( 1i 11/2) 0.98    12.901     0.999     0.001
  87  p   2i11/2   ( 2i 11/2) 0.85    32.243     1.000     0.000
  88  p   3i11/2   ( 2i 11/2) 0.49    36.126     1.000     0.000
  89  p   4i11/2   ( 3i 11/2) 0.78    47.000     1.000     0.000
  90  p   5i11/2   ( 4i 11/2) 0.70    60.455     1.000     0.000
  91  p   6i11/2   ( 5i 11/2) 0.69    77.029     1.000     0.000
  93  h   1h11/2   ( 1h 11/2) 0.97     2.017     0.030     0.970
  94  p   2h11/2   ( 2h 11/2) 0.98    23.315     1.000     0.000
  95  p   3h11/2   ( 3h 11/2) 0.57    33.202     1.000     0.000
  96  p   4h11/2   ( 3h 11/2) 0.76    42.008     1.000     0.000
  97  p   5h11/2   ( 4h 11/2) 0.74    54.339     1.000     0.000
  98  p   6h11/2   ( 5h 11/2) 0.70    69.886     1.000     0.000
  99  p   7h11/2   ( 7h 11/2) 0.63    98.464     1.000     0.000
 100  p   1i13/2   ( 1i 13/2) 0.98     6.801     0.998     0.002
 101  p   2i13/2   ( 2i 13/2) 0.94    30.602     1.000     0.000
 102  p   3i13/2   ( 4i 13/2) 0.53    35.267     1.000     0.000
 103  p   4i13/2   ( 3i 13/2) 0.78    46.016     1.000     0.000
 104  p   5i13/2   ( 4i 13/2) 0.72    59.161     1.000     0.000
 105  p   6i13/2   ( 5i 13/2) 0.69    75.093     1.000     0.000
 107  p   1j13/2   ( 1j 13/2) 0.98    22.534     1.000     0.000
 108  p   2j13/2   ( 2j 13/2) 0.63    36.351     1.000     0.000
 109  p   3j13/2   ( 2j 13/2) 0.75    42.794     1.000     0.000
 110  p   4j13/2   ( 3j 13/2) 0.77    54.928     1.000     0.000
 111  p   5j13/2   ( 4j 13/2) 0.73    70.379     1.000     0.000
 112  p   6j13/2   ( 6j 13/2) 0.66    96.986     1.000     0.000
 113  p   1k15/2   ( 1k 15/2) 0.98    31.567     1.000     0.000
 114  p   2k15/2   ( 3k 15/2) 0.51    38.611     1.000     0.000
 115  p   3k15/2   ( 2k 15/2) 0.82    47.941     1.000     0.000
 116  p   4k15/2   ( 3k 15/2) 0.76    59.824     1.000     0.000
 117  p   5k15/2   ( 4k 15/2) 0.72    75.804     1.000     0.000
 119  p   1j15/2   ( 1j 15/2) 0.97    15.540     1.000     0.000
 120  p   2j15/2   ( 2j 15/2) 0.75    35.597     1.000     0.000
 121  p   3j15/2   ( 2j 15/2) 0.62    40.817     1.000     0.000
 122  p   4j15/2   ( 3j 15/2) 0.76    53.541     1.000     0.000
 123  p   5j15/2   ( 4j 15/2) 0.73    68.227     1.000     0.000
 124  p   6j15/2   ( 6j 15/2) 0.66    94.825     1.000     0.000
 125  p   1k17/2   ( 1k 17/2) 0.97    24.230     1.000     0.000
 126  p   2k17/2   ( 2k 17/2) 0.54    38.218     1.000     0.000
 127  p   3k17/2   ( 2k 17/2) 0.79    45.651     1.000     0.000
 128  p   4k17/2   ( 3k 17/2) 0.78    57.849     1.000     0.000
 129  p   5k17/2   ( 4k 17/2) 0.73    73.182     1.000     0.000
 131  p   1l17/2   ( 1l 17/2) 0.91    39.302     1.000     0.000
 132  p   2l17/2   ( 3l 17/2) 0.53    43.317     1.000     0.000
 133  p   3l17/2   ( 2l 17/2) 0.78    55.737     1.000     0.000
 134  p   4l17/2   ( 3l 17/2) 0.75    69.654     1.000     0.000
 135  p   5l17/2   ( 5l 17/2) 0.69    93.743     1.000     0.000
 136  p   1m19/2   ( 3m 19/2) 0.51    43.489     1.000     0.000
 137  p   2m19/2   ( 1m 19/2) 0.84    48.582     1.000     0.000
 138  p   3m19/2   ( 2m 19/2) 0.79    60.211     1.000     0.000
 139  p   4m19/2   ( 3m 19/2) 0.74    75.308     1.000     0.000
 140  p   5m19/2   ( 5m 19/2) 0.67    99.760     1.000     0.000
 141  p   1l19/2   ( 1l 19/2) 0.97    32.731     1.000     0.000
 142  p   2l19/2   ( 2l 19/2) 0.62    42.030     1.000     0.000
 143  p   3l19/2   ( 2l 19/2) 0.74    53.417     1.000     0.000
 144  p   4l19/2   ( 3l 19/2) 0.74    66.114     1.000     0.000
 145  p   5l19/2   ( 5l 19/2) 0.71    90.336     1.000     0.000
 146  p   1m21/2   ( 1m 21/2) 0.96    40.798     1.000     0.000
 147  p   2m21/2   ( 2m 21/2) 0.59    44.358     1.000     0.000
 148  p   3m21/2   ( 2m 21/2) 0.77    57.654     1.000     0.000
 149  p   4m21/2   ( 3m 21/2) 0.76    71.062     1.000     0.000
 150  p   5m21/2   ( 5m 21/2) 0.70    95.161     1.000     0.000
 151  p   1n21/2   ( 1n 21/2) 0.55    48.248     1.000     0.000
 152  p   2n21/2   ( 1n 21/2) 0.82    56.648     1.000     0.000
 153  p   3n21/2   ( 2n 21/2) 0.75    69.262     1.000     0.000
 154  p   4n21/2   ( 4n 21/2) 0.71    91.388     1.000     0.000
 155  p   1o23/2   ( 2o 23/2) 0.57    50.686     1.000     0.000
 156  p   2o23/2   ( 1o 23/2) 0.86    62.234     1.000     0.000
 157  p   3o23/2   ( 2o 23/2) 0.76    74.169     1.000     0.000
 158  p   4o23/2   ( 4o 23/2) 0.70    97.179     1.000     0.000
 159  p   1n23/2   ( 1n 23/2) 0.80    47.057     1.000     0.000
 160  p   2n23/2   ( 2n 23/2) 0.65    51.771     1.000     0.000
 161  p   3n23/2   ( 2n 23/2) 0.67    65.309     1.000     0.000
 162  p   4n23/2   ( 4n 23/2) 0.77    84.494     1.000     0.000
 163  p   1o25/2   ( 3o 25/2) 0.55    50.373     1.000     0.000
 164  p   2o25/2   ( 1o 25/2) 0.82    58.110     1.000     0.000
 165  p   3o25/2   ( 2o 25/2) 0.71    69.777     1.000     0.000
 166  p   4o25/2   ( 4o 25/2) 0.75    89.246     1.000     0.000
 167  p   1P25/2   ( 2P 25/2) 0.65    56.977     1.000     0.000
 168  p   2P25/2   ( 1P 25/2) 0.78    70.460     1.000     0.000
 169  p   3P25/2   ( 3P 25/2) 0.76    88.067     1.000     0.000
 170  p   1q27/2   ( 2q 27/2) 0.67    59.484     1.000     0.000
 171  p   2q27/2   ( 1q 27/2) 0.79    75.586     1.000     0.000
 172  p   3q27/2   ( 3q 27/2) 0.74    93.213     1.000     0.000
 173  p   1P27/2   ( 1P 27/2) 0.66    56.557     1.000     0.000
 174  p   2P27/2   ( 1P 27/2) 0.72    66.590     1.000     0.000
 175  p   3P27/2   ( 3P 27/2) 0.83    80.207     1.000     0.000
 176  p   1q29/2   ( 2q 29/2) 0.63    59.212     1.000     0.000
 177  p   2q29/2   ( 1q 29/2) 0.78    73.031     1.000     0.000
 178  p   3q29/2   ( 3q 29/2) 0.80    85.284     1.000     0.000
 179  p   1r29/2   ( 1r 29/2) 0.78    67.960     1.000     0.000
 180  p   2r29/2   ( 2r 29/2) 0.77    86.460     1.000     0.000
 181  p   1S31/2   ( 1S 31/2) 0.77    70.798     1.000     0.000
 182  p   2S31/2   ( 2S 31/2) 0.76    91.729     1.000     0.000
 183  p   1r31/2   ( 1r 31/2) 0.77    67.644     1.000     0.000
 184  p   2r31/2   ( 2r 31/2) 0.77    81.565     1.000     0.000
 185  p   1S33/2   ( 1S 33/2) 0.76    70.542     1.000     0.000
 186  p   2S33/2   ( 2S 33/2) 0.75    87.837     1.000     0.000
 187  p   1t33/2   ( 1t 33/2) 0.98    82.952     1.000     0.000
 188  p   1u35/2   ( 1u 35/2) 0.98    86.539     1.000     0.000
 189  p   1t35/2   ( 1t 35/2) 0.98    81.883     1.000     0.000
 190  p   1u37/2   ( 1u 37/2) 0.98    85.744     1.000     0.000
  ****** END RESU ***********************************
