
  ******************************************  
  *           Fortran 77 Code              *  
  *         Spherical H.O. basis            *  
  * Dirac-Hartree-Bogoliubov calculation   *  
  *        with density-dependent          *  
  * meson-exchange or point coupling force *  
  *          and separable pairing         *  
  * -------------------------------------- *  
  *      Niksic, Paar, Vretenar, Ring      *  
  *          18/ 4/2026/01:51:56           *
  *       Pb 184  N = 102  Z =  82
  ******************************************  
  ****** BEGIN READER *******************************
 Number of oscillator shells :    18   20
 Initialization inin,inink   :     1    1
 Nucleus: Pb 184   102  82
 Initial Gap Parameters      :     1.0000    1.0000
 Parameter set               :    DD-PC1    
  ****** END READER *********************************
  ****** BEGIN FORCES *******************************

 NEDF Parameters: DD-PC1    
           scasca    scavec    vecsca    vecvec
 GG   =   1.000000  1.000000  1.000000  1.000000
 DD   =  -0.814900  0.000000  0.000000  0.000000
  
 Density dependence parameters:
           scasca    scavec    vecsca    vecvec
 a    = -10.046200  5.919500  0.000000  0.000000
 b    =  -9.150400  8.863700  0.000000  1.836000
 c    =  -6.427300  0.000000  0.000000  0.000000
 d    =   1.372400  0.658400  0.000000  0.640300
 dsat =   0.152000
  
 TMR pairing: Tian,Ma,Ring, PRB 676, 44 (2009)
 TMR pairing strength    gl =:  -728.00000 [MeV*fm^3]
 TMR pairing width        a =:     0.64420 [fm]
  ****** END FORCES *********************************
  ****** BEGIN PREP *********************************
  
 hom =                            7.208495
 hb0 =                           20.734000
 b0  =                            2.398470
 with Coulomb force
 With microscopic c.m. correction
  ****** END PREP ***********************************
  ****** BEGIN ITER *********************************
  1.It. si =    0.0000000  E/A =    0.0000 R =    0.0000  mix = 0.50
  2.It. si =  113.2564782  E/A =   -7.6403 R =    5.5294  mix = 0.50
  3.It. si =   46.5823118  E/A =   -7.6809 R =    5.4945  mix = 0.50
  4.It. si =   18.2277490  E/A =   -7.7151 R =    5.4529  mix = 0.50
  5.It. si =   22.1458611  E/A =   -7.7361 R =    5.4187  mix = 0.50
  6.It. si =   13.8402099  E/A =   -7.7439 R =    5.3904  mix = 0.50
  7.It. si =    3.7767796  E/A =   -7.7472 R =    5.3555  mix = 0.50
  8.It. si =    1.6376222  E/A =   -7.7470 R =    5.3570  mix = 0.50
  9.It. si =    1.0347418  E/A =   -7.7468 R =    5.3590  mix = 0.50
 10.It. si =    0.5383109  E/A =   -7.7468 R =    5.3585  mix = 0.50
 11.It. si =    0.0716035  E/A =   -7.7469 R =    5.3576  mix = 0.50
 12.It. si =    0.0537666  E/A =   -7.7469 R =    5.3572  mix = 0.50
 13.It. si =    0.0483998  E/A =   -7.7470 R =    5.3568  mix = 0.50
 14.It. si =    0.0214828  E/A =   -7.7469 R =    5.3570  mix = 0.50
 15.It. si =    0.0134322  E/A =   -7.7469 R =    5.3571  mix = 0.50
 16.It. si =    0.0321731  E/A =   -7.7469 R =    5.3571  mix = 0.50
 17.It. si =    0.0364548  E/A =   -7.7469 R =    5.3571  mix = 0.50
 18.It. si =    0.0993791  E/A =   -7.7469 R =    5.3571  mix = 0.50
 19.It. si =    0.0005132  E/A =   -7.7469 R =    5.3571  mix = 0.50
 20.It. si =    0.0001478  E/A =   -7.7469 R =    5.3571  mix = 0.50
 21.It. si =    0.0000236  E/A =   -7.7469 R =    5.3571  mix = 0.50
 22.It. si =    0.0000312  E/A =   -7.7469 R =    5.3571  mix = 0.50
 23.It. si =    0.0000160  E/A =   -7.7469 R =    5.3571  mix = 0.50
 24.It. si =    0.0000096  E/A =   -7.7469 R =    5.3571  mix = 0.50
 25.It. si =    0.0000039  E/A =   -7.7469 R =    5.3571  mix = 0.50
 26.It. si =    0.0000026  E/A =   -7.7469 R =    5.3571  mix = 0.50
 ********************************************************************
 Pb 184: Iteration converged after  26 steps   si =      0.0000007820
 ********************************************************************
  ****** END ITER ***********************************
  ****** BEGIN CANON ********************************
 single-particle energies and gaps  in the canonical basis: Neutron:
 ------------------------------------------------------------------
    j pi     (nr,l,j)  smax       Ecan       vvcan       decan
 j = 1/2+  (   s 1/2)  0.99    -60.7127      0.9997      1.7773
 j = 1/2+  (   s 1/2)  0.98    -45.5899      0.9994      1.6956
 j = 1/2+  (   s 1/2)  0.98    -19.0911      0.9926      1.6135
 j = 1/2+  (   s 1/2)  0.94      4.8179      0.0006      0.7285
 j = 1/2+  (   s 1/2)  0.71      9.8513      0.0000      0.0039
 j = 1/2+  (   s 1/2)  0.89     23.6493      0.0000      0.4268
 j = 1/2+  (   s 1/2)  0.59     31.9270      0.0000      0.0127
 j = 1/2+  (   s 1/2)  0.74     42.1961      0.0000      0.2474
 j = 1/2+  (   s 1/2)  0.60     59.0468      0.0000      0.1313
 j = 1/2+  (   s 1/2)  0.77     81.5817      0.0000      0.0623
 j = 1/2-  (   p 1/2)  0.99    -55.0784      0.9996      1.8054
 j = 1/2-  (   p 1/2)  0.98    -32.1659      0.9986      1.7060
 j = 1/2-  (   p 1/2)  0.97     -7.0372      0.0396      1.1716
 j = 1/2-  (   p 1/2)  0.72     10.3433      0.0000      0.0065
 j = 1/2-  (   p 1/2)  0.92     14.7448      0.0002      0.6114
 j = 1/2-  (   p 1/2)  0.83     32.2436      0.0000      0.3766
 j = 1/2-  (   p 1/2)  0.56     32.7753      0.0000      0.0241
 j = 1/2-  (   p 1/2)  0.64     50.6833      0.0000      0.2101
 j = 1/2-  (   p 1/2)  0.75     80.7279      0.0000      0.1126
 j = 3/2+  (   d 3/2)  0.99    -46.2589      0.9995      1.7071
 j = 3/2+  (   d 3/2)  0.98    -19.7398      0.9935      1.6195
 j = 3/2+  (   d 3/2)  0.95      4.0220      0.0009      0.8388
 j = 3/2+  (   d 3/2)  0.67      9.0845      0.0000      0.0043
 j = 3/2+  (   d 3/2)  0.86     24.4768      0.0001      0.4950
 j = 3/2+  (   d 3/2)  0.63     30.8897      0.0000      0.0125
 j = 3/2+  (   d 3/2)  0.66     44.2554      0.0000      0.2996
 j = 3/2+  (   d 3/2)  0.61     66.7996      0.0000      0.1733
 j = 3/2+  (   d 3/2)  0.80     73.4478      0.0000      0.0681
 j = 3/2-  (   p 3/2)  0.99    -55.4717      0.9996      1.8189
 j = 3/2-  (   p 3/2)  0.98    -33.1535      0.9986      1.7281
 j = 3/2-  (   p 3/2)  0.97     -7.8234      0.0675      1.1471
 j = 3/2-  (   p 3/2)  0.72     10.4312      0.0000      0.0066
 j = 3/2-  (   p 3/2)  0.92     14.1677      0.0002      0.6123
 j = 3/2-  (   p 3/2)  0.83     31.5123      0.0000      0.3726
 j = 3/2-  (   p 3/2)  0.56     32.8059      0.0000      0.0244
 j = 3/2-  (   p 3/2)  0.64     49.9163      0.0000      0.2098
 j = 3/2-  (   p 3/2)  0.75     80.2532      0.0000      0.1130
 j = 5/2+  (   d 5/2)  0.99    -47.5066      0.9995      1.7324
 j = 5/2+  (   d 5/2)  0.98    -21.6387      0.9953      1.6344
 j = 5/2+  (   d 5/2)  0.95      3.0700      0.0010      0.8213
 j = 5/2+  (   d 5/2)  0.67      9.0955      0.0000      0.0043
 j = 5/2+  (   d 5/2)  0.86     24.0286      0.0001      0.4898
 j = 5/2+  (   d 5/2)  0.63     30.8249      0.0000      0.0126
 j = 5/2+  (   d 5/2)  0.66     43.4121      0.0000      0.2958
 j = 5/2+  (   d 5/2)  0.61     66.2586      0.0000      0.1728
 j = 5/2+  (   d 5/2)  0.80     72.8563      0.0000      0.0678
 j = 5/2-  (   f 5/2)  0.98    -35.9643      0.9990      1.6399
 j = 5/2-  (   f 5/2)  0.98     -8.3082      0.1319      1.3726
 j = 5/2-  (   f 5/2)  0.71     10.4474      0.0000      0.0065
 j = 5/2-  (   f 5/2)  0.92     14.5302      0.0002      0.6240
 j = 5/2-  (   f 5/2)  0.59     32.2340      0.0000      0.0232
 j = 5/2-  (   f 5/2)  0.81     32.8143      0.0000      0.3941
 j = 5/2-  (   f 5/2)  0.61     54.4122      0.0000      0.2272
 j = 5/2-  (   f 5/2)  0.78     76.2134      0.0000      0.1143
 j = 7/2+  (   g 7/2)  0.98    -24.5406      0.9973      1.5288
 j = 7/2+  (   g 7/2)  0.95      2.3383      0.0021      1.1181
 j = 7/2+  (   g 7/2)  0.66     10.1612      0.0000      0.0040
 j = 7/2+  (   g 7/2)  0.86     25.0023      0.0001      0.5250
 j = 7/2+  (   g 7/2)  0.64     31.3398      0.0000      0.0121
 j = 7/2+  (   g 7/2)  0.66     44.3415      0.0000      0.2991
 j = 7/2+  (   g 7/2)  0.62     67.4745      0.0000      0.1695
 j = 7/2+  (   g 7/2)  0.80     72.2673      0.0000      0.0659
 j = 7/2-  (   f 7/2)  0.98    -38.6411      0.9991      1.6880
 j = 7/2-  (   f 7/2)  0.98    -10.7797      0.7930      1.3524
 j = 7/2-  (   f 7/2)  0.71     10.4481      0.0000      0.0065
 j = 7/2-  (   f 7/2)  0.92     13.2968      0.0002      0.6274
 j = 7/2-  (   f 7/2)  0.59     32.0731      0.0000      0.0232
 j = 7/2-  (   f 7/2)  0.81     32.0817      0.0000      0.3828
 j = 7/2-  (   f 7/2)  0.60     53.7390      0.0000      0.2250
 j = 7/2-  (   f 7/2)  0.78     75.5947      0.0000      0.1139
 j = 9/2+  (   g 9/2)  0.98    -28.8651      0.9983      1.5975
 j = 9/2+  (   g 9/2)  0.96     -0.5477      0.0033      1.0726
 j = 9/2+  (   g 9/2)  0.67     10.2510      0.0000      0.0041
 j = 9/2+  (   g 9/2)  0.86     23.3655      0.0001      0.5291
 j = 9/2+  (   g 9/2)  0.64     31.3398      0.0000      0.0122
 j = 9/2+  (   g 9/2)  0.66     42.6908      0.0000      0.2919
 j = 9/2+  (   g 9/2)  0.62     66.9210      0.0000      0.1691
 j = 9/2+  (   g 9/2)  0.80     71.9069      0.0000      0.0663
 j = 9/2-  (   h 9/2)  0.98    -12.7826      0.9515      1.4179
 j = 9/2-  (   h 9/2)  0.69     11.6282      0.0000      0.0055
 j = 9/2-  (   h 9/2)  0.90     13.1229      0.0003      0.8436
 j = 9/2-  (   h 9/2)  0.61     32.1625      0.0000      0.0210
 j = 9/2-  (   h 9/2)  0.74     34.9278      0.0000      0.4423
 j = 9/2-  (   h 9/2)  0.64     56.0244      0.0000      0.2341
 j = 9/2-  (   h 9/2)  0.79     74.2732      0.0000      0.1027
 j =11/2+  (   i11/2)  0.97     -1.0359      0.0056      1.3168
 j =11/2+  (   i11/2)  0.65     12.2334      0.0000      0.0039
 j =11/2+  (   i11/2)  0.86     23.3594      0.0001      0.5960
 j =11/2+  (   i11/2)  0.64     32.4189      0.0000      0.0122
 j =11/2+  (   i11/2)  0.61     45.7733      0.0000      0.3604
 j =11/2+  (   i11/2)  0.61     68.8337      0.0000      0.1888
 j =11/2+  (   i11/2)  0.80     70.5334      0.0000      0.0628
 j =11/2-  (   h11/2)  0.98    -18.8675      0.9935      1.4791
 j =11/2-  (   h11/2)  0.91      9.9685      0.0004      0.8131
 j =11/2-  (   h11/2)  0.69     11.5697      0.0000      0.0055
 j =11/2-  (   h11/2)  0.61     31.8965      0.0000      0.0210
 j =11/2-  (   h11/2)  0.74     33.2684      0.0000      0.4408
 j =11/2-  (   h11/2)  0.64     54.2688      0.0000      0.2275
 j =11/2-  (   h11/2)  0.79     73.2546      0.0000      0.1019
 j =13/2+  (   i13/2)  0.97     -8.8676      0.2135      1.3357
 j =13/2+  (   i13/2)  0.66     12.3693      0.0000      0.0041
 j =13/2+  (   i13/2)  0.86     20.2885      0.0001      0.6019
 j =13/2+  (   i13/2)  0.64     32.4975      0.0000      0.0126
 j =13/2+  (   i13/2)  0.62     43.0121      0.0000      0.3569
 j =13/2+  (   i13/2)  0.61     66.1412      0.0000      0.1892
 j =13/2+  (   i13/2)  0.80     69.8375      0.0000      0.0633
 j =13/2-  (   j13/2)  0.95     10.2954      0.0008      1.1532
 j =13/2-  (   j13/2)  0.67     14.3797      0.0000      0.0059
 j =13/2-  (   j13/2)  0.80     33.6662      0.0000      0.4554
 j =13/2-  (   j13/2)  0.61     33.7881      0.0000      0.0227
 j =13/2-  (   j13/2)  0.65     59.3149      0.0000      0.2798
 j =13/2-  (   j13/2)  0.79     71.6385      0.0000      0.1098
 j =15/2+  (   k15/2)  0.64     15.6840      0.0000      0.0042
 j =15/2+  (   k15/2)  0.92     21.2863      0.0003      0.9789
 j =15/2+  (   k15/2)  0.64     34.8621      0.0000      0.0135
 j =15/2+  (   k15/2)  0.71     44.2709      0.0000      0.3628
 j =15/2+  (   k15/2)  0.79     69.3916      0.0000      0.0681
 j =15/2+  (   k15/2)  0.62     71.2614      0.0000      0.2102
 j =15/2-  (   j15/2)  0.95      1.1890      0.0028      1.1732
 j =15/2-  (   j15/2)  0.67     14.3681      0.0000      0.0061
 j =15/2-  (   j15/2)  0.80     29.8992      0.0000      0.4590
 j =15/2-  (   j15/2)  0.62     33.6442      0.0000      0.0234
 j =15/2-  (   j15/2)  0.64     56.5102      0.0000      0.2770
 j =15/2-  (   j15/2)  0.80     69.5639      0.0000      0.1093
 j =17/2+  (   k17/2)  0.91     11.2450      0.0006      0.9996
 j =17/2+  (   k17/2)  0.64     15.6661      0.0000      0.0043
 j =17/2+  (   k17/2)  0.64     34.7988      0.0000      0.0138
 j =17/2+  (   k17/2)  0.70     39.6834      0.0000      0.3643
 j =17/2+  (   k17/2)  0.79     67.7893      0.0000      0.0678
 j =17/2+  (   k17/2)  0.62     67.9954      0.0000      0.2075
 j =17/2-  (   l17/2)  0.68     19.3311      0.0000      0.0058
 j =17/2-  (   l17/2)  0.86     32.0196      0.0001      0.8130
 j =17/2-  (   l17/2)  0.56     38.2038      0.0000      0.0264
 j =17/2-  (   l17/2)  0.63     54.9636      0.0000      0.2864
 j =17/2-  (   l17/2)  0.77     74.7647      0.0000      0.1206
 j =19/2+  (   m19/2)  0.66     21.1605      0.0000      0.0040
 j =19/2+  (   m19/2)  0.58     39.7988      0.0000      0.0161
 j =19/2+  (   m19/2)  0.80     42.7365      0.0000      0.6600
 j =19/2+  (   m19/2)  0.64     66.5781      0.0000      0.2334
 j =19/2+  (   m19/2)  0.79     74.9238      0.0000      0.0771
 j =19/2-  (   l19/2)  0.68     19.2674      0.0000      0.0061
 j =19/2-  (   l19/2)  0.86     21.3739      0.0002      0.8303
 j =19/2-  (   l19/2)  0.57     37.7727      0.0000      0.0273
 j =19/2-  (   l19/2)  0.63     50.0039      0.0000      0.2873
 j =19/2-  (   l19/2)  0.78     71.4883      0.0000      0.1181
 j =21/2+  (   m21/2)  0.65     21.0922      0.0000      0.0042
 j =21/2+  (   m21/2)  0.80     31.7250      0.0001      0.6742
 j =21/2+  (   m21/2)  0.59     39.5375      0.0000      0.0166
 j =21/2+  (   m21/2)  0.63     60.6130      0.0000      0.2336
 j =21/2+  (   m21/2)  0.79     71.8454      0.0000      0.0756
 j =21/2-  (   n21/2)  0.71     27.0483      0.0000      0.0037
 j =21/2-  (   n21/2)  0.75     49.8633      0.0000      0.0278
 j =21/2-  (   n21/2)  0.73     54.0017      0.0000      0.5257
 j =21/2-  (   n21/2)  0.59     68.4864      0.0000      0.1683
 j =23/2+  (   o23/2)  0.64     28.1768      0.0000      0.0045
 j =23/2+  (   o23/2)  0.57     46.8335      0.0000      0.0237
 j =23/2+  (   o23/2)  0.64     65.4301      0.0000      0.4195
 j =23/2+  (   o23/2)  0.76     77.5603      0.0000      0.1091
 j =23/2-  (   n23/2)  0.71     27.0515      0.0000      0.0038
 j =23/2-  (   n23/2)  0.72     42.4918      0.0000      0.5381
 j =23/2-  (   n23/2)  0.75     48.8854      0.0000      0.0276
 j =23/2-  (   n23/2)  0.58     62.8185      0.0000      0.1663
 j =25/2+  (   o25/2)  0.63     28.0753      0.0000      0.0049
 j =25/2+  (   o25/2)  0.58     46.4755      0.0000      0.0249
 j =25/2+  (   o25/2)  0.64     53.2934      0.0000      0.4289
 j =25/2+  (   o25/2)  0.77     72.3280      0.0000      0.1067
 j =25/2-  (   P25/2)  0.77     35.2883      0.0000      0.0047
 j =25/2-  (   P25/2)  0.75     58.4519      0.0000      0.0458
 j =25/2-  (   P25/2)  0.61     70.8141      0.0000      0.3027
 j =27/2+  (   q27/2)  0.77     38.0701      0.0000      0.0031
 j =27/2+  (   q27/2)  0.72     60.7933      0.0000      0.0288
 j =27/2+  (   q27/2)  0.61     77.8412      0.0000      0.2167
 j =27/2-  (   P27/2)  0.77     35.2817      0.0000      0.0047
 j =27/2-  (   P27/2)  0.75     56.8560      0.0000      0.0455
 j =27/2-  (   P27/2)  0.61     60.7864      0.0000      0.3074
 j =29/2+  (   q29/2)  0.77     38.0763      0.0000      0.0031
 j =29/2+  (   q29/2)  0.71     59.7232      0.0000      0.0287
 j =29/2+  (   q29/2)  0.61     69.2935      0.0000      0.2193
 j =29/2-  (   r29/2)  0.77     46.7555      0.0000      0.0070
 j =29/2-  (   r29/2)  0.77     72.7595      0.0000      0.1019
 j =31/2+  (   S31/2)  0.77     49.8054      0.0000      0.0045
 j =31/2+  (   S31/2)  0.77     77.3254      0.0000      0.0646
 j =31/2-  (   r31/2)  0.76     46.6252      0.0000      0.0070
 j =31/2-  (   r31/2)  0.76     69.1833      0.0000      0.1023
 j =33/2+  (   S33/2)  0.76     49.6983      0.0000      0.0046
 j =33/2+  (   S33/2)  0.76     74.7799      0.0000      0.0648
 j =33/2-  (   t33/2)  0.98     64.1674      0.0000      0.0165
 j =35/2+  (   u35/2)  0.98     67.6615      0.0000      0.0100
 j =35/2-  (   t35/2)  0.98     63.7143      0.0000      0.0165
 j =37/2+  (   u37/2)  0.98     67.3721      0.0000      0.0100
 single-particle energies and gaps  in the canonical basis: Proton: 
 ------------------------------------------------------------------
    j pi     (nr,l,j)  smax       Ecan       vvcan       decan
 j = 1/2+  (   s 1/2)  0.91    -45.9340      1.0000     -0.0000
 j = 1/2+  (   s 1/2)  0.87    -26.0271      1.0000     -0.0000
 j = 1/2+  (   s 1/2)  0.94     -2.1898      1.0000     -0.0000
 j = 1/2+  (   s 1/2)  0.45     12.8020      0.0000     -0.0000
 j = 1/2+  (   s 1/2)  0.77     18.5660      0.0000     -0.0000
 j = 1/2+  (   s 1/2)  0.60     27.4018      0.0000     -0.0000
 j = 1/2+  (   s 1/2)  0.57     41.4920      0.0000     -0.0000
 j = 1/2+  (   s 1/2)  0.59     57.9952      0.0000     -0.0000
 j = 1/2+  (   s 1/2)  0.54     78.8041      0.0000     -0.0000
 j = 1/2+  (   s 1/2)  0.63    114.4247      0.0000     -0.0000
 j = 1/2-  (   p 1/2)  0.95    -39.1795      1.0000     -0.0000
 j = 1/2-  (   p 1/2)  0.94    -14.7152      1.0000     -0.0000
 j = 1/2-  (   p 1/2)  0.95      8.3900      0.0000     -0.0000
 j = 1/2-  (   p 1/2)  0.49     14.4437      0.0000     -0.0000
 j = 1/2-  (   p 1/2)  0.73     23.9115      0.0000     -0.0000
 j = 1/2-  (   p 1/2)  0.58     36.4433      0.0000     -0.0000
 j = 1/2-  (   p 1/2)  0.54     51.9895      0.0000     -0.0000
 j = 1/2-  (   p 1/2)  0.59     72.0907      0.0000     -0.0000
 j = 1/2-  (   p 1/2)  0.63    106.3136      0.0000     -0.0000
 j = 3/2+  (   d 3/2)  0.97    -30.4556      1.0000     -0.0000
 j = 3/2+  (   d 3/2)  0.97     -3.6432      1.0000     -0.0000
 j = 3/2+  (   d 3/2)  0.50     13.5664      0.0000     -0.0000
 j = 3/2+  (   d 3/2)  0.79     18.3971      0.0000     -0.0000
 j = 3/2+  (   d 3/2)  0.66     27.2205      0.0000     -0.0000
 j = 3/2+  (   d 3/2)  0.57     41.2790      0.0000     -0.0000
 j = 3/2+  (   d 3/2)  0.60     57.6436      0.0000     -0.0000
 j = 3/2+  (   d 3/2)  0.56     78.4348      0.0000     -0.0000
 j = 3/2+  (   d 3/2)  0.63    113.2016      0.0000     -0.0000
 j = 3/2-  (   p 3/2)  0.94    -39.7910      1.0000     -0.0000
 j = 3/2-  (   p 3/2)  0.92    -15.6962      1.0000     -0.0000
 j = 3/2-  (   p 3/2)  0.95      7.7731      0.0000     -0.0000
 j = 3/2-  (   p 3/2)  0.49     14.3653      0.0000     -0.0000
 j = 3/2-  (   p 3/2)  0.74     23.6484      0.0000     -0.0000
 j = 3/2-  (   p 3/2)  0.59     36.1168      0.0000     -0.0000
 j = 3/2-  (   p 3/2)  0.53     51.5014      0.0000     -0.0000
 j = 3/2-  (   p 3/2)  0.60     71.4704      0.0000     -0.0000
 j = 3/2-  (   p 3/2)  0.63    105.5096      0.0000     -0.0000
 j = 5/2+  (   d 5/2)  0.97    -32.0316      1.0000     -0.0000
 j = 5/2+  (   d 5/2)  0.95     -5.4569      1.0000     -0.0000
 j = 5/2+  (   d 5/2)  0.54     13.4451      0.0000     -0.0000
 j = 5/2+  (   d 5/2)  0.77     17.9253      0.0000     -0.0000
 j = 5/2+  (   d 5/2)  0.66     26.8293      0.0000     -0.0000
 j = 5/2+  (   d 5/2)  0.56     40.9605      0.0000     -0.0000
 j = 5/2+  (   d 5/2)  0.59     57.0396      0.0000     -0.0000
 j = 5/2+  (   d 5/2)  0.56     77.6419      0.0000     -0.0000
 j = 5/2+  (   d 5/2)  0.63    112.4104      0.0000     -0.0000
 j = 5/2-  (   f 5/2)  0.98    -20.3316      1.0000     -0.0000
 j = 5/2-  (   f 5/2)  0.98      6.7237      0.0000     -0.0000
 j = 5/2-  (   f 5/2)  0.49     15.6935      0.0000     -0.0000
 j = 5/2-  (   f 5/2)  0.77     24.4767      0.0000     -0.0000
 j = 5/2-  (   f 5/2)  0.64     35.9507      0.0000     -0.0000
 j = 5/2-  (   f 5/2)  0.57     51.3928      0.0000     -0.0000
 j = 5/2-  (   f 5/2)  0.62     71.3324      0.0000     -0.0000
 j = 5/2-  (   f 5/2)  0.64    104.0518      0.0000     -0.0000
 j = 7/2+  (   g 7/2)  0.98     -9.3403      1.0000     -0.0000
 j = 7/2+  (   g 7/2)  0.78     14.8646      0.0000     -0.0000
 j = 7/2+  (   g 7/2)  0.59     17.8362      0.0000     -0.0000
 j = 7/2+  (   g 7/2)  0.71     27.7588      0.0000     -0.0000
 j = 7/2+  (   g 7/2)  0.56     41.3158      0.0000     -0.0000
 j = 7/2+  (   g 7/2)  0.59     57.1250      0.0000     -0.0000
 j = 7/2+  (   g 7/2)  0.59     77.6693      0.0000     -0.0000
 j = 7/2+  (   g 7/2)  0.64    111.2055      0.0000     -0.0000
 j = 7/2-  (   f 7/2)  0.98    -23.2668      1.0000     -0.0000
 j = 7/2-  (   f 7/2)  0.97      4.3813      0.0000     -0.0000
 j = 7/2-  (   f 7/2)  0.48     15.5853      0.0000     -0.0000
 j = 7/2-  (   f 7/2)  0.78     23.8681      0.0000     -0.0000
 j = 7/2-  (   f 7/2)  0.65     35.3059      0.0000     -0.0000
 j = 7/2-  (   f 7/2)  0.57     50.7124      0.0000     -0.0000
 j = 7/2-  (   f 7/2)  0.62     70.2939      0.0000     -0.0000
 j = 7/2-  (   f 7/2)  0.64    103.5258      0.0000     -0.0000
 j = 9/2+  (   g 9/2)  0.98    -13.9178      1.0000     -0.0000
 j = 9/2+  (   g 9/2)  0.93     13.2905      0.0000     -0.0000
 j = 9/2+  (   g 9/2)  0.47     17.0368      0.0000     -0.0000
 j = 9/2+  (   g 9/2)  0.73     27.0144      0.0000     -0.0000
 j = 9/2+  (   g 9/2)  0.54     40.3554      0.0000     -0.0000
 j = 9/2+  (   g 9/2)  0.56     55.9982      0.0000     -0.0000
 j = 9/2+  (   g 9/2)  0.58     76.2057      0.0000     -0.0000
 j = 9/2+  (   g 9/2)  0.63    110.6502      0.0000     -0.0000
 j = 9/2-  (   h 9/2)  0.98      1.9912      0.0000     -0.0000
 j = 9/2-  (   h 9/2)  0.49     18.2650      0.0000     -0.0000
 j = 9/2-  (   h 9/2)  0.84     24.7410      0.0000     -0.0000
 j = 9/2-  (   h 9/2)  0.73     35.0831      0.0000     -0.0000
 j = 9/2-  (   h 9/2)  0.62     51.1883      0.0000     -0.0000
 j = 9/2-  (   h 9/2)  0.65     70.5580      0.0000     -0.0000
 j = 9/2-  (   h 9/2)  0.64    102.5036      0.0000     -0.0000
 j =11/2+  (   i11/2)  0.98     13.0436      0.0000     -0.0000
 j =11/2+  (   i11/2)  0.51     19.7964      0.0000     -0.0000
 j =11/2+  (   i11/2)  0.78     29.5379      0.0000     -0.0000
 j =11/2+  (   i11/2)  0.63     40.3342      0.0000     -0.0000
 j =11/2+  (   i11/2)  0.56     56.0303      0.0000     -0.0000
 j =11/2+  (   i11/2)  0.62     76.5178      0.0000     -0.0000
 j =11/2+  (   i11/2)  0.64    109.5548      0.0000     -0.0000
 j =11/2-  (   h11/2)  0.98     -4.3011      1.0000     -0.0000
 j =11/2-  (   h11/2)  0.51     18.0851      0.0000     -0.0000
 j =11/2-  (   h11/2)  0.82     23.0166      0.0000     -0.0000
 j =11/2-  (   h11/2)  0.76     33.8681      0.0000     -0.0000
 j =11/2-  (   h11/2)  0.64     49.7731      0.0000     -0.0000
 j =11/2-  (   h11/2)  0.65     68.3517      0.0000     -0.0000
 j =11/2-  (   h11/2)  0.64    101.2790      0.0000     -0.0000
 j =13/2+  (   i13/2)  0.98      5.3672      0.0000     -0.0000
 j =13/2+  (   i13/2)  0.50     19.6885      0.0000     -0.0000
 j =13/2+  (   i13/2)  0.82     28.3798      0.0000     -0.0000
 j =13/2+  (   i13/2)  0.69     38.5870      0.0000     -0.0000
 j =13/2+  (   i13/2)  0.59     54.3646      0.0000     -0.0000
 j =13/2+  (   i13/2)  0.63     73.8512      0.0000     -0.0000
 j =13/2+  (   i13/2)  0.64    107.5668      0.0000     -0.0000
 j =13/2-  (   j13/2)  0.68     22.0084      0.0000     -0.0000
 j =13/2-  (   j13/2)  0.70     24.3156      0.0000     -0.0000
 j =13/2-  (   j13/2)  0.78     36.2829      0.0000     -0.0000
 j =13/2-  (   j13/2)  0.69     50.7125      0.0000     -0.0000
 j =13/2-  (   j13/2)  0.69     68.5750      0.0000     -0.0000
 j =13/2-  (   j13/2)  0.65     99.8553      0.0000     -0.0000
 j =15/2+  (   k15/2)  0.54     24.3315      0.0000     -0.0000
 j =15/2+  (   k15/2)  0.91     31.9799      0.0000     -0.0000
 j =15/2+  (   k15/2)  0.72     40.4976      0.0000     -0.0000
 j =15/2+  (   k15/2)  0.60     56.2405      0.0000     -0.0000
 j =15/2+  (   k15/2)  0.66     74.9078      0.0000     -0.0000
 j =15/2+  (   k15/2)  0.65    105.8392      0.0000     -0.0000
 j =15/2-  (   j15/2)  0.97     14.9489      0.0000     -0.0000
 j =15/2-  (   j15/2)  0.53     22.8735      0.0000     -0.0000
 j =15/2-  (   j15/2)  0.80     34.7343      0.0000     -0.0000
 j =15/2-  (   j15/2)  0.73     48.4992      0.0000     -0.0000
 j =15/2-  (   j15/2)  0.71     65.6545      0.0000     -0.0000
 j =15/2-  (   j15/2)  0.64     96.9000      0.0000     -0.0000
 j =17/2+  (   k17/2)  0.79     23.5401      0.0000     -0.0000
 j =17/2+  (   k17/2)  0.57     25.2248      0.0000     -0.0000
 j =17/2+  (   k17/2)  0.78     37.8623      0.0000     -0.0000
 j =17/2+  (   k17/2)  0.68     53.6604      0.0000     -0.0000
 j =17/2+  (   k17/2)  0.69     71.1422      0.0000     -0.0000
 j =17/2+  (   k17/2)  0.64    102.4733      0.0000     -0.0000
 j =17/2-  (   l17/2)  0.57     28.4353      0.0000     -0.0000
 j =17/2-  (   l17/2)  0.87     39.6485      0.0000     -0.0000
 j =17/2-  (   l17/2)  0.74     50.1445      0.0000     -0.0000
 j =17/2-  (   l17/2)  0.71     68.7260      0.0000     -0.0000
 j =17/2-  (   l17/2)  0.65     96.0736      0.0000     -0.0000
 j =19/2+  (   m19/2)  0.58     30.4087      0.0000     -0.0000
 j =19/2+  (   m19/2)  0.78     44.0304      0.0000     -0.0000
 j =19/2+  (   m19/2)  0.66     56.0691      0.0000     -0.0000
 j =19/2+  (   m19/2)  0.69     74.0503      0.0000     -0.0000
 j =19/2+  (   m19/2)  0.65    103.1988      0.0000     -0.0000
 j =19/2-  (   l19/2)  0.56     28.2905      0.0000     -0.0000
 j =19/2-  (   l19/2)  0.89     33.4893      0.0000     -0.0000
 j =19/2-  (   l19/2)  0.79     46.2972      0.0000     -0.0000
 j =19/2-  (   l19/2)  0.75     63.9036      0.0000     -0.0000
 j =19/2-  (   l19/2)  0.66     91.4112      0.0000     -0.0000
 j =21/2+  (   m21/2)  0.58     30.3571      0.0000     -0.0000
 j =21/2+  (   m21/2)  0.91     40.8278      0.0000     -0.0000
 j =21/2+  (   m21/2)  0.81     50.5797      0.0000     -0.0000
 j =21/2+  (   m21/2)  0.74     68.4482      0.0000     -0.0000
 j =21/2+  (   m21/2)  0.65     96.8404      0.0000     -0.0000
 j =21/2-  (   n21/2)  0.60     35.7686      0.0000     -0.0000
 j =21/2-  (   n21/2)  0.82     52.4275      0.0000     -0.0000
 j =21/2-  (   n21/2)  0.74     67.2170      0.0000     -0.0000
 j =21/2-  (   n21/2)  0.66     94.1661      0.0000     -0.0000
 j =23/2+  (   o23/2)  0.60     38.0005      0.0000     -0.0000
 j =23/2+  (   o23/2)  0.79     55.9256      0.0000     -0.0000
 j =23/2+  (   o23/2)  0.72     73.0004      0.0000     -0.0000
 j =23/2+  (   o23/2)  0.65     99.7763      0.0000     -0.0000
 j =23/2-  (   n23/2)  0.59     35.6427      0.0000     -0.0000
 j =23/2-  (   n23/2)  0.88     49.9710      0.0000     -0.0000
 j =23/2-  (   n23/2)  0.77     60.4080      0.0000     -0.0000
 j =23/2-  (   n23/2)  0.73     84.8788      0.0000     -0.0000
 j =25/2+  (   o25/2)  0.60     37.9161      0.0000     -0.0000
 j =25/2+  (   o25/2)  0.85     54.7875      0.0000     -0.0000
 j =25/2+  (   o25/2)  0.78     66.8293      0.0000     -0.0000
 j =25/2+  (   o25/2)  0.72     89.1399      0.0000     -0.0000
 j =25/2-  (   P25/2)  0.69     45.1586      0.0000     -0.0000
 j =25/2-  (   P25/2)  0.79     66.6826      0.0000     -0.0000
 j =25/2-  (   P25/2)  0.69     89.3301      0.0000     -0.0000
 j =27/2+  (   q27/2)  0.69     47.6398      0.0000     -0.0000
 j =27/2+  (   q27/2)  0.79     70.3652      0.0000     -0.0000
 j =27/2+  (   q27/2)  0.67     94.7313      0.0000     -0.0000
 j =27/2-  (   P27/2)  0.66     44.9743      0.0000     -0.0000
 j =27/2-  (   P27/2)  0.81     65.3194      0.0000     -0.0000
 j =27/2-  (   P27/2)  0.74     79.0623      0.0000     -0.0000
 j =29/2+  (   q29/2)  0.67     47.4788      0.0000     -0.0000
 j =29/2+  (   q29/2)  0.79     69.6964      0.0000     -0.0000
 j =29/2+  (   q29/2)  0.69     85.7894      0.0000     -0.0000
 j =29/2-  (   r29/2)  0.76     57.5764      0.0000     -0.0000
 j =29/2-  (   r29/2)  0.76     85.7001      0.0000     -0.0000
 j =31/2+  (   S31/2)  0.76     60.3520      0.0000     -0.0000
 j =31/2+  (   S31/2)  0.76     90.0813      0.0000     -0.0000
 j =31/2-  (   r31/2)  0.75     57.3992      0.0000     -0.0000
 j =31/2-  (   r31/2)  0.75     82.1183      0.0000     -0.0000
 j =33/2+  (   S33/2)  0.75     60.2035      0.0000     -0.0000
 j =33/2+  (   S33/2)  0.75     87.5200      0.0000     -0.0000
 j =33/2-  (   t33/2)  0.98     75.7676      0.0000     -0.0000
 j =35/2+  (   u35/2)  0.98     78.9871      0.0000     -0.0000
 j =35/2-  (   t35/2)  0.98     75.2793      0.0000     -0.0000
 j =37/2+  (   u37/2)  0.98     78.6618      0.0000     -0.0000
  ****** END CANON **********************************
  ****** BEGIN RESU *********************************
   ****** BEGIN EXPECT *******

                            neutron        proton         total
 particle number           102.000000      82.000000     184.000000
 trace scalar density       97.341766      78.725024     176.066790
 lambda                     -9.801488      -0.307105
 spk                        12.782133      -0.000022
 rms-Radius                  5.376729       5.332541       5.357082
 charge-Radius                              5.392216
 Particle Energ          -2914.521832   -1413.005657   -4327.527489
 Selfconsistency Test.                                    -0.000003

 Kinetic Energy           1385.526968    1001.682288    2387.209256
 E-scsc                                               -28168.040450
 E-scve                                                23499.778157
 E-vesc                                                    0.000000
 E-veve                                                   24.340671
 E-rearrang.                                             878.433910
 Coulomb direct                                          847.336296
 Pairing Energy            -16.059251      -0.000000     -16.059251
 Sum without E-cm                                      -1425.435321
DE-cm <P**2>/2M            -10.832321      -7.703036     -18.535357
NE-cm <P**2>/2M              7.667436       4.991199      12.658635
 E-cm <P**2>/2M             -3.164885      -2.711837      -5.876722
 Total Energy                                          -1431.312043
 E/A                                                      -7.778870

  ****** END EXPECT *********************************


 quasi-particle properties Neutron:
 ------------------------------------------------------------------
     p/h    l j     [nr,l,j]  smax       Eqp       uu       vv
   1  h   1s 1/2   ( 3s  1/2) 0.96     8.758     0.008     0.992
   2  p   2s 1/2   ( 4s  1/2) 0.78    10.883     1.000     0.000
   3  p   3s 1/2   ( 4s  1/2) 0.56    15.615     0.999     0.001
   4  p   4s 1/2   ( 5s  1/2) 0.70    24.569     1.000     0.000
   5  h   5s 1/2   ( 2s  1/2) 0.92    33.719     0.001     0.999
   6  p   6s 1/2   ( 6s  1/2) 0.55    37.917     0.999     0.001
   7  h   7s 1/2   ( 1s  1/2) 0.94    53.714     0.012     0.988
   8  p   8s 1/2   ( 6s  1/2) 0.55    53.807     0.988     0.012
   9  p   9s 1/2   ( 8s  1/2) 0.60    73.628     1.000     0.000
  11  p   1p 1/2   ( 3p  1/2) 0.96     2.903     0.960     0.040
  12  p   2p 1/2   ( 4p  1/2) 0.54    13.395     1.000     0.000
  13  p   3p 1/2   ( 4p  1/2) 0.70    21.167     0.930     0.070
  14  h   4p 1/2   ( 2p  1/2) 0.92    21.660     0.072     0.928
  15  p   5p 1/2   ( 5p  1/2) 0.69    32.737     1.000     0.000
  16  h   6p 1/2   ( 1p  1/2) 0.97    46.120     0.004     0.996
  17  p   7p 1/2   ( 6p  1/2) 0.62    47.940     0.996     0.004
  18  p   8p 1/2   ( 7p  1/2) 0.65    67.076     1.000     0.000
  19  p   9p 1/2   ( 8p  1/2) 0.64    98.599     1.000     0.000
  20  h   1d 3/2   ( 2d  3/2) 0.97     9.743     0.012     0.988
  21  p   2d 3/2   ( 3d  3/2) 0.85    11.186     0.995     0.005
  22  p   3d 3/2   ( 3d  3/2) 0.46    15.721     0.999     0.001
  23  p   4d 3/2   ( 4d  3/2) 0.72    24.725     1.000     0.000
  24  h   5d 3/2   ( 1d  3/2) 0.98    36.804     0.005     0.995
  25  p   6d 3/2   ( 5d  3/2) 0.58    37.870     0.995     0.005
  26  p   7d 3/2   ( 5d  3/2) 0.55    53.595     1.000     0.000
  27  p   8d 3/2   ( 7d  3/2) 0.62    73.476     1.000     0.000
  29  p   1p 3/2   ( 3p  3/2) 0.94     2.229     0.932     0.068
  30  p   2p 3/2   ( 4p  3/2) 0.56    13.318     1.000     0.000
  31  p   3p 3/2   ( 4p  3/2) 0.72    20.906     0.995     0.005
  32  h   4p 3/2   ( 2p  3/2) 0.94    22.546     0.007     0.993
  33  p   5p 3/2   ( 5p  3/2) 0.70    32.418     1.000     0.000
  34  h   6p 3/2   ( 1p  3/2) 0.95    46.579     0.016     0.984
  35  p   7p 3/2   ( 6p  3/2) 0.62    47.503     0.985     0.015
  36  p   8p 3/2   ( 7p  3/2) 0.65    66.484     1.000     0.000
  37  p   9p 3/2   ( 8p  3/2) 0.64    97.835     1.000     0.000
  38  p   1d 5/2   ( 3d  5/2) 0.88    10.717     0.984     0.016
  39  h   2d 5/2   ( 2d  5/2) 0.96    11.519     0.021     0.979
  40  p   3d 5/2   ( 5d  5/2) 0.46    15.456     0.998     0.002
  41  p   4d 5/2   ( 4d  5/2) 0.72    24.393     1.000     0.000
  42  p   5d 5/2   ( 5d  5/2) 0.59    37.531     0.988     0.012
  43  h   6d 5/2   ( 1d  5/2) 0.97    38.187     0.013     0.987
  44  p   7d 5/2   ( 6d  5/2) 0.54    53.046     1.000     0.000
  45  p   8d 5/2   ( 7d  5/2) 0.62    72.706     1.000     0.000
  47  p   1f 5/2   ( 2f  5/2) 0.91     2.000     0.868     0.132
  48  p   2f 5/2   ( 3f  5/2) 0.57    14.716     1.000     0.000
  49  p   3f 5/2   ( 3f  5/2) 0.74    21.656     1.000     0.000
  50  h   4f 5/2   ( 1f  5/2) 0.98    26.216     0.002     0.998
  51  p   5f 5/2   ( 4f  5/2) 0.73    32.519     1.000     0.000
  52  p   6f 5/2   ( 5f  5/2) 0.65    47.610     1.000     0.000
  53  p   7f 5/2   ( 6f  5/2) 0.67    66.634     1.000     0.000
  54  p   8f 5/2   ( 7f  5/2) 0.64    96.882     1.000     0.000
  55  p   1g 7/2   ( 2g  7/2) 0.96    11.056     0.993     0.007
  56  h   2g 7/2   ( 1g  7/2) 0.97    14.825     0.013     0.987
  57  p   3g 7/2   ( 4g  7/2) 0.48    16.714     0.995     0.005
  58  p   4g 7/2   ( 3g  7/2) 0.74    25.694     1.000     0.000
  59  p   5g 7/2   ( 4g  7/2) 0.62    38.117     1.000     0.000
  60  p   6g 7/2   ( 5g  7/2) 0.57    53.377     1.000     0.000
  61  p   7g 7/2   ( 6g  7/2) 0.63    73.102     1.000     0.000
  63  h   1f 7/2   ( 2f  7/2) 0.87     1.648     0.207     0.793
  64  p   2f 7/2   ( 3f  7/2) 0.59    14.554     1.000     0.000
  65  p   3f 7/2   ( 3f  7/2) 0.73    21.034     1.000     0.000
  66  h   4f 7/2   ( 1f  7/2) 0.98    28.901     0.003     0.997
  67  p   5f 7/2   ( 4f  7/2) 0.73    31.972     0.998     0.002
  68  p   6f 7/2   ( 5f  7/2) 0.65    47.027     1.000     0.000
  69  p   7f 7/2   ( 6f  7/2) 0.66    65.644     1.000     0.000
  70  p   8f 7/2   ( 7f  7/2) 0.64    96.318     1.000     0.000
  71  p   1g 9/2   ( 2g  9/2) 0.97     8.761     0.996     0.004
  72  p   2g 9/2   ( 4g  9/2) 0.50    16.393     0.998     0.002
  73  h   3g 9/2   ( 1g  9/2) 0.98    19.138     0.004     0.996
  74  p   4g 9/2   ( 3g  9/2) 0.74    24.978     0.999     0.001
  75  p   5g 9/2   ( 4g  9/2) 0.65    37.203     1.000     0.000
  76  p   6g 9/2   ( 5g  9/2) 0.58    52.423     1.000     0.000
  77  p   7g 9/2   ( 6g  9/2) 0.63    71.731     1.000     0.000
  79  h   1h 9/2   ( 1h  9/2) 0.95     3.297     0.049     0.951
  80  p   2h 9/2   ( 2h  9/2) 0.67    16.997     1.000     0.000
  81  p   3h 9/2   ( 2h  9/2) 0.69    21.744     1.000     0.000
  82  p   4h 9/2   ( 3h  9/2) 0.76    32.467     1.000     0.000
  83  p   5h 9/2   ( 4h  9/2) 0.67    47.831     1.000     0.000
  84  p   6h 9/2   ( 5h  9/2) 0.68    66.320     1.000     0.000
  85  p   7h 9/2   ( 6h  9/2) 0.64    96.055     1.000     0.000
  86  p   1i11/2   ( 1i 11/2) 0.97     8.620     0.994     0.006
  87  p   2i11/2   ( 4i 11/2) 0.50    19.409     1.000     0.000
  88  p   3i11/2   ( 2i 11/2) 0.79    27.136     1.000     0.000
  89  p   4i11/2   ( 3i 11/2) 0.71    37.407     1.000     0.000
  90  p   5i11/2   ( 4i 11/2) 0.62    52.857     1.000     0.000
  91  p   6i11/2   ( 5i 11/2) 0.65    72.508     1.000     0.000
  93  h   1h11/2   ( 1h 11/2) 0.98     9.180     0.007     0.993
  94  p   2h11/2   ( 2h 11/2) 0.82    16.241     1.000     0.000
  95  p   3h11/2   ( 2h 11/2) 0.53    20.286     1.000     0.000
  96  p   4h11/2   ( 3h 11/2) 0.76    31.366     1.000     0.000
  97  p   5h11/2   ( 4h 11/2) 0.70    46.519     1.000     0.000
  98  p   6h11/2   ( 5h 11/2) 0.68    64.274     1.000     0.000
  99  p   7h11/2   ( 6h 11/2) 0.64    94.843     1.000     0.000
 100  p   1i13/2   ( 1i 13/2) 0.86     1.624     0.787     0.213
 101  p   2i13/2   ( 2i 13/2) 0.49    19.244     1.000     0.000
 102  p   3i13/2   ( 2i 13/2) 0.80    25.778     1.000     0.000
 103  p   4i13/2   ( 3i 13/2) 0.75    35.810     1.000     0.000
 104  p   5i13/2   ( 4i 13/2) 0.65    51.319     1.000     0.000
 105  p   6i13/2   ( 5i 13/2) 0.66    69.971     1.000     0.000
 107  p   1j13/2   ( 1j 13/2) 0.95    18.898     0.999     0.001
 108  p   2j13/2   ( 4j 13/2) 0.51    22.922     1.000     0.000
 109  p   3j13/2   ( 2j 13/2) 0.79    33.883     1.000     0.000
 110  p   4j13/2   ( 3j 13/2) 0.73    47.408     1.000     0.000
 111  p   5j13/2   ( 4j 13/2) 0.71    64.873     1.000     0.000
 112  p   6j13/2   ( 5j 13/2) 0.64    94.344     1.000     0.000
 113  p   1k15/2   ( 3k 15/2) 0.50    23.966     1.000     0.000
 114  p   2k15/2   ( 1k 15/2) 0.88    28.858     1.000     0.000
 115  p   3k15/2   ( 2k 15/2) 0.76    38.325     1.000     0.000
 116  p   4k15/2   ( 3k 15/2) 0.66    53.176     1.000     0.000
 117  p   5k15/2   ( 4k 15/2) 0.69    71.182     1.000     0.000
 119  p   1j15/2   ( 1j 15/2) 0.97    10.837     0.997     0.003
 120  p   2j15/2   ( 3j 15/2) 0.52    22.376     1.000     0.000
 121  p   3j15/2   ( 2j 15/2) 0.78    32.295     1.000     0.000
 122  p   4j15/2   ( 3j 15/2) 0.76    45.399     1.000     0.000
 123  p   5j15/2   ( 4j 15/2) 0.72    62.120     1.000     0.000
 124  p   6j15/2   ( 6j 15/2) 0.65    91.420     1.000     0.000
 125  p   1k17/2   ( 1k 17/2) 0.97    20.171     0.999     0.001
 126  p   2k17/2   ( 3k 17/2) 0.51    24.572     1.000     0.000
 127  p   3k17/2   ( 2k 17/2) 0.78    35.994     1.000     0.000
 128  p   4k17/2   ( 3k 17/2) 0.72    50.758     1.000     0.000
 129  p   5k17/2   ( 4k 17/2) 0.71    67.695     1.000     0.000
 130  p   6k17/2   ( 5k 17/2) 0.64    97.250     1.000     0.000
 131  p   1l17/2   ( 3l 17/2) 0.56    27.915     1.000     0.000
 132  p   2l17/2   ( 1l 17/2) 0.87    36.796     1.000     0.000
 133  p   3l17/2   ( 2l 17/2) 0.76    47.486     1.000     0.000
 134  p   4l17/2   ( 3l 17/2) 0.73    65.352     1.000     0.000
 135  p   5l17/2   ( 5l 17/2) 0.65    91.175     1.000     0.000
 136  p   1m19/2   ( 3m 19/2) 0.57    30.258     1.000     0.000
 137  p   2m19/2   ( 1m 19/2) 0.81    41.811     1.000     0.000
 138  p   3m19/2   ( 2m 19/2) 0.70    53.266     1.000     0.000
 139  p   4m19/2   ( 3m 19/2) 0.70    70.968     1.000     0.000
 140  p   5m19/2   ( 4m 19/2) 0.65    98.471     1.000     0.000
 141  p   1l19/2   ( 1l 19/2) 0.67    27.386     1.000     0.000
 142  p   2l19/2   ( 1l 19/2) 0.71    30.374     1.000     0.000
 143  p   3l19/2   ( 2l 19/2) 0.77    44.077     1.000     0.000
 144  p   4l19/2   ( 3l 19/2) 0.75    60.778     1.000     0.000
 145  p   5l19/2   ( 5l 19/2) 0.68    86.656     1.000     0.000
 146  p   1m21/2   ( 3m 21/2) 0.57    30.193     1.000     0.000
 147  p   2m21/2   ( 1m 21/2) 0.90    37.826     1.000     0.000
 148  p   3m21/2   ( 2m 21/2) 0.80    48.302     1.000     0.000
 149  p   4m21/2   ( 3m 21/2) 0.75    65.581     1.000     0.000
 150  p   5m21/2   ( 5m 21/2) 0.67    92.345     1.000     0.000
 151  p   1n21/2   ( 2n 21/2) 0.60    35.277     1.000     0.000
 152  p   2n21/2   ( 1n 21/2) 0.82    49.897     1.000     0.000
 153  p   3n21/2   ( 2n 21/2) 0.74    64.228     1.000     0.000
 154  p   4n21/2   ( 4n 21/2) 0.67    90.100     1.000     0.000
 155  p   1o23/2   ( 2o 23/2) 0.60    37.808     1.000     0.000
 156  p   2o23/2   ( 1o 23/2) 0.79    53.817     1.000     0.000
 157  p   3o23/2   ( 2o 23/2) 0.73    69.963     1.000     0.000
 158  p   4o23/2   ( 4o 23/2) 0.66    96.031     1.000     0.000
 159  p   1n23/2   ( 2n 23/2) 0.57    35.133     1.000     0.000
 160  p   2n23/2   ( 1n 23/2) 0.86    46.948     1.000     0.000
 161  p   3n23/2   ( 2n 23/2) 0.75    57.789     1.000     0.000
 162  p   4n23/2   ( 4n 23/2) 0.74    81.090     1.000     0.000
 163  p   1o25/2   ( 2o 25/2) 0.59    37.735     1.000     0.000
 164  p   2o25/2   ( 1o 25/2) 0.85    52.394     1.000     0.000
 165  p   3o25/2   ( 2o 25/2) 0.78    63.925     1.000     0.000
 166  p   4o25/2   ( 4o 25/2) 0.73    85.659     1.000     0.000
 167  p   1P25/2   ( 2P 25/2) 0.68    44.509     1.000     0.000
 168  p   2P25/2   ( 1P 25/2) 0.78    63.978     1.000     0.000
 169  p   3P25/2   ( 3P 25/2) 0.70    85.957     1.000     0.000
 170  p   1q27/2   ( 2q 27/2) 0.68    47.270     1.000     0.000
 171  p   2q27/2   ( 1q 27/2) 0.78    67.974     1.000     0.000
 172  p   3q27/2   ( 3q 27/2) 0.69    91.394     1.000     0.000
 173  p   1P27/2   ( 2P 27/2) 0.65    44.340     1.000     0.000
 174  p   2P27/2   ( 1P 27/2) 0.79    62.473     1.000     0.000
 175  p   3P27/2   ( 3P 27/2) 0.76    75.889     1.000     0.000
 176  p   1q29/2   ( 2q 29/2) 0.66    47.133     1.000     0.000
 177  p   2q29/2   ( 1q 29/2) 0.79    67.264     1.000     0.000
 178  p   3q29/2   ( 3q 29/2) 0.71    82.540     1.000     0.000
 179  p   1r29/2   ( 1r 29/2) 0.77    56.557     1.000     0.000
 180  p   2r29/2   ( 2r 29/2) 0.77    82.561     1.000     0.000
 181  p   1S31/2   ( 1S 31/2) 0.77    59.607     1.000     0.000
 182  p   2S31/2   ( 2S 31/2) 0.77    87.127     1.000     0.000
 183  p   1r31/2   ( 1r 31/2) 0.76    56.427     1.000     0.000
 184  p   2r31/2   ( 2r 31/2) 0.76    78.985     1.000     0.000
 185  p   1S33/2   ( 1S 33/2) 0.76    59.500     1.000     0.000
 186  p   2S33/2   ( 2S 33/2) 0.76    84.581     1.000     0.000
 187  p   1t33/2   ( 1t 33/2) 0.98    73.969     1.000     0.000
 188  p   1u35/2   ( 1u 35/2) 0.98    77.463     1.000     0.000
 189  p   1t35/2   ( 1t 35/2) 0.98    73.516     1.000     0.000
 190  p   1u37/2   ( 1u 37/2) 0.98    77.174     1.000     0.000


 quasi-particle properties Proton: 
 ------------------------------------------------------------------
     p/h    l j     [nr,l,j]  smax       Eqp       uu       vv
   1  h   1s 1/2   ( 3s  1/2) 0.94     1.883     0.000     1.000
   2  p   2s 1/2   ( 7s  1/2) 0.45    13.109     1.000     0.000
   3  p   3s 1/2   ( 4s  1/2) 0.77    18.873     1.000     0.000
   4  h   4s 1/2   ( 2s  1/2) 0.87    25.720     0.000     1.000
   5  p   5s 1/2   ( 5s  1/2) 0.60    27.709     1.000     0.000
   6  p   6s 1/2   ( 5s  1/2) 0.57    41.799     1.000     0.000
   7  h   7s 1/2   ( 1s  1/2) 0.91    45.627     0.000     1.000
   8  p   8s 1/2   ( 6s  1/2) 0.59    58.302     1.000     0.000
   9  p   9s 1/2   ( 7s  1/2) 0.54    79.111     1.000     0.000
  11  p   1p 1/2   ( 3p  1/2) 0.95     8.697     1.000     0.000
  12  h   2p 1/2   ( 2p  1/2) 0.94    14.408     0.000     1.000
  13  p   3p 1/2   ( 5p  1/2) 0.49    14.751     1.000     0.000
  14  p   4p 1/2   ( 4p  1/2) 0.73    24.219     1.000     0.000
  15  p   5p 1/2   ( 5p  1/2) 0.58    36.750     1.000     0.000
  16  h   6p 1/2   ( 1p  1/2) 0.95    38.872     0.000     1.000
  17  p   7p 1/2   ( 5p  1/2) 0.54    52.297     1.000     0.000
  18  p   8p 1/2   ( 7p  1/2) 0.59    72.398     1.000     0.000
  20  h   1d 3/2   ( 2d  3/2) 0.97     3.336     0.000     1.000
  21  p   2d 3/2   ( 3d  3/2) 0.50    13.873     1.000     0.000
  22  p   3d 3/2   ( 3d  3/2) 0.79    18.704     1.000     0.000
  23  p   4d 3/2   ( 4d  3/2) 0.66    27.528     1.000     0.000
  24  h   5d 3/2   ( 1d  3/2) 0.97    30.148     0.000     1.000
  25  p   6d 3/2   ( 4d  3/2) 0.57    41.586     1.000     0.000
  26  p   7d 3/2   ( 5d  3/2) 0.60    57.951     1.000     0.000
  27  p   8d 3/2   ( 7d  3/2) 0.56    78.742     1.000     0.000
  29  p   1p 3/2   ( 3p  3/2) 0.95     8.080     1.000     0.000
  30  p   2p 3/2   ( 5p  3/2) 0.49    14.672     1.000     0.000
  31  h   3p 3/2   ( 2p  3/2) 0.92    15.389     0.000     1.000
  32  p   4p 3/2   ( 4p  3/2) 0.74    23.955     1.000     0.000
  33  p   5p 3/2   ( 5p  3/2) 0.59    36.424     1.000     0.000
  34  h   6p 3/2   ( 1p  3/2) 0.94    39.484     0.000     1.000
  35  p   7p 3/2   ( 5p  3/2) 0.53    51.808     1.000     0.000
  36  p   8p 3/2   ( 7p  3/2) 0.60    71.778     1.000     0.000
  38  h   1d 5/2   ( 2d  5/2) 0.95     5.150     0.000     1.000
  39  p   2d 5/2   ( 3d  5/2) 0.54    13.752     1.000     0.000
  40  p   3d 5/2   ( 3d  5/2) 0.77    18.232     1.000     0.000
  41  p   4d 5/2   ( 4d  5/2) 0.66    27.136     1.000     0.000
  42  h   5d 5/2   ( 1d  5/2) 0.97    31.725     0.000     1.000
  43  p   6d 5/2   ( 4d  5/2) 0.56    41.268     1.000     0.000
  44  p   7d 5/2   ( 5d  5/2) 0.59    57.347     1.000     0.000
  45  p   8d 5/2   ( 7d  5/2) 0.56    77.949     1.000     0.000
  47  p   1f 5/2   ( 2f  5/2) 0.98     7.031     1.000     0.000
  48  p   2f 5/2   ( 5f  5/2) 0.49    16.001     1.000     0.000
  49  h   3f 5/2   ( 1f  5/2) 0.98    20.025     0.000     1.000
  50  p   4f 5/2   ( 3f  5/2) 0.77    24.784     1.000     0.000
  51  p   5f 5/2   ( 4f  5/2) 0.64    36.258     1.000     0.000
  52  p   6f 5/2   ( 5f  5/2) 0.57    51.700     1.000     0.000
  53  p   7f 5/2   ( 6f  5/2) 0.62    71.640     1.000     0.000
  55  h   1g 7/2   ( 1g  7/2) 0.98     9.033     0.000     1.000
  56  p   2g 7/2   ( 2g  7/2) 0.78    15.172     1.000     0.000
  57  p   3g 7/2   ( 2g  7/2) 0.59    18.143     1.000     0.000
  58  p   4g 7/2   ( 3g  7/2) 0.71    28.066     1.000     0.000
  59  p   5g 7/2   ( 3g  7/2) 0.56    41.623     1.000     0.000
  60  p   6g 7/2   ( 4g  7/2) 0.59    57.432     1.000     0.000
  61  p   7g 7/2   ( 6g  7/2) 0.59    77.976     1.000     0.000
  63  p   1f 7/2   ( 2f  7/2) 0.97     4.688     1.000     0.000
  64  p   2f 7/2   ( 5f  7/2) 0.48    15.892     1.000     0.000
  65  h   3f 7/2   ( 1f  7/2) 0.98    22.960     0.000     1.000
  66  p   4f 7/2   ( 3f  7/2) 0.78    24.175     1.000     0.000
  67  p   5f 7/2   ( 4f  7/2) 0.65    35.613     1.000     0.000
  68  p   6f 7/2   ( 5f  7/2) 0.57    51.020     1.000     0.000
  69  p   7f 7/2   ( 6f  7/2) 0.62    70.601     1.000     0.000
  71  p   1g 9/2   ( 2g  9/2) 0.93    13.598     1.000     0.000
  72  h   2g 9/2   ( 1g  9/2) 0.98    13.611     0.000     1.000
  73  p   3g 9/2   ( 6g  9/2) 0.47    17.344     1.000     0.000
  74  p   4g 9/2   ( 3g  9/2) 0.73    27.322     1.000     0.000
  75  p   5g 9/2   ( 4g  9/2) 0.54    40.663     1.000     0.000
  76  p   6g 9/2   ( 4g  9/2) 0.56    56.305     1.000     0.000
  77  p   7g 9/2   ( 6g  9/2) 0.58    76.513     1.000     0.000
  79  p   1h 9/2   ( 1h  9/2) 0.98     2.298     1.000     0.000
  80  p   2h 9/2   ( 4h  9/2) 0.49    18.572     1.000     0.000
  81  p   3h 9/2   ( 2h  9/2) 0.84    25.048     1.000     0.000
  82  p   4h 9/2   ( 3h  9/2) 0.73    35.390     1.000     0.000
  83  p   5h 9/2   ( 4h  9/2) 0.62    51.495     1.000     0.000
  84  p   6h 9/2   ( 5h  9/2) 0.65    70.865     1.000     0.000
  86  p   1i11/2   ( 1i 11/2) 0.98    13.351     1.000     0.000
  87  p   2i11/2   ( 4i 11/2) 0.51    20.104     1.000     0.000
  88  p   3i11/2   ( 2i 11/2) 0.78    29.845     1.000     0.000
  89  p   4i11/2   ( 3i 11/2) 0.63    40.641     1.000     0.000
  90  p   5i11/2   ( 4i 11/2) 0.56    56.337     1.000     0.000
  91  p   6i11/2   ( 5i 11/2) 0.62    76.825     1.000     0.000
  93  h   1h11/2   ( 1h 11/2) 0.98     3.994     0.000     1.000
  94  p   2h11/2   ( 2h 11/2) 0.51    18.392     1.000     0.000
  95  p   3h11/2   ( 2h 11/2) 0.82    23.324     1.000     0.000
  96  p   4h11/2   ( 3h 11/2) 0.76    34.175     1.000     0.000
  97  p   5h11/2   ( 4h 11/2) 0.64    50.080     1.000     0.000
  98  p   6h11/2   ( 5h 11/2) 0.65    68.659     1.000     0.000
 100  p   1i13/2   ( 1i 13/2) 0.98     5.674     1.000     0.000
 101  p   2i13/2   ( 4i 13/2) 0.50    19.996     1.000     0.000
 102  p   3i13/2   ( 2i 13/2) 0.82    28.687     1.000     0.000
 103  p   4i13/2   ( 3i 13/2) 0.69    38.894     1.000     0.000
 104  p   5i13/2   ( 4i 13/2) 0.59    54.672     1.000     0.000
 105  p   6i13/2   ( 5i 13/2) 0.63    74.158     1.000     0.000
 107  p   1j13/2   ( 1j 13/2) 0.68    22.315     1.000     0.000
 108  p   2j13/2   ( 1j 13/2) 0.70    24.623     1.000     0.000
 109  p   3j13/2   ( 2j 13/2) 0.78    36.590     1.000     0.000
 110  p   4j13/2   ( 3j 13/2) 0.69    51.020     1.000     0.000
 111  p   5j13/2   ( 4j 13/2) 0.69    68.882     1.000     0.000
 113  p   1k15/2   ( 4k 15/2) 0.54    24.639     1.000     0.000
 114  p   2k15/2   ( 1k 15/2) 0.91    32.287     1.000     0.000
 115  p   3k15/2   ( 2k 15/2) 0.72    40.805     1.000     0.000
 116  p   4k15/2   ( 3k 15/2) 0.60    56.548     1.000     0.000
 117  p   5k15/2   ( 4k 15/2) 0.66    75.215     1.000     0.000
 119  p   1j15/2   ( 1j 15/2) 0.97    15.256     1.000     0.000
 120  p   2j15/2   ( 4j 15/2) 0.53    23.181     1.000     0.000
 121  p   3j15/2   ( 2j 15/2) 0.80    35.041     1.000     0.000
 122  p   4j15/2   ( 3j 15/2) 0.73    48.806     1.000     0.000
 123  p   5j15/2   ( 4j 15/2) 0.71    65.962     1.000     0.000
 124  p   6j15/2   ( 5j 15/2) 0.64    97.207     1.000     0.000
 125  p   1k17/2   ( 1k 17/2) 0.79    23.847     1.000     0.000
 126  p   2k17/2   ( 1k 17/2) 0.57    25.532     1.000     0.000
 127  p   3k17/2   ( 2k 17/2) 0.78    38.169     1.000     0.000
 128  p   4k17/2   ( 3k 17/2) 0.68    53.968     1.000     0.000
 129  p   5k17/2   ( 4k 17/2) 0.69    71.449     1.000     0.000
 131  p   1l17/2   ( 3l 17/2) 0.57    28.742     1.000     0.000
 132  p   2l17/2   ( 1l 17/2) 0.87    39.956     1.000     0.000
 133  p   3l17/2   ( 2l 17/2) 0.74    50.452     1.000     0.000
 134  p   4l17/2   ( 3l 17/2) 0.71    69.033     1.000     0.000
 135  p   5l17/2   ( 4l 17/2) 0.65    96.381     1.000     0.000
 136  p   1m19/2   ( 3m 19/2) 0.58    30.716     1.000     0.000
 137  p   2m19/2   ( 1m 19/2) 0.78    44.338     1.000     0.000
 138  p   3m19/2   ( 2m 19/2) 0.66    56.376     1.000     0.000
 139  p   4m19/2   ( 3m 19/2) 0.69    74.357     1.000     0.000
 141  p   1l19/2   ( 3l 19/2) 0.56    28.598     1.000     0.000
 142  p   2l19/2   ( 1l 19/2) 0.89    33.796     1.000     0.000
 143  p   3l19/2   ( 2l 19/2) 0.79    46.604     1.000     0.000
 144  p   4l19/2   ( 3l 19/2) 0.75    64.211     1.000     0.000
 145  p   5l19/2   ( 5l 19/2) 0.66    91.718     1.000     0.000
 146  p   1m21/2   ( 3m 21/2) 0.58    30.664     1.000     0.000
 147  p   2m21/2   ( 1m 21/2) 0.91    41.135     1.000     0.000
 148  p   3m21/2   ( 2m 21/2) 0.81    50.887     1.000     0.000
 149  p   4m21/2   ( 3m 21/2) 0.74    68.755     1.000     0.000
 150  p   5m21/2   ( 4m 21/2) 0.65    97.148     1.000     0.000
 151  p   1n21/2   ( 3n 21/2) 0.60    36.076     1.000     0.000
 152  p   2n21/2   ( 1n 21/2) 0.82    52.735     1.000     0.000
 153  p   3n21/2   ( 2n 21/2) 0.74    67.524     1.000     0.000
 154  p   4n21/2   ( 4n 21/2) 0.66    94.473     1.000     0.000
 155  p   1o23/2   ( 3o 23/2) 0.60    38.308     1.000     0.000
 156  p   2o23/2   ( 1o 23/2) 0.79    56.233     1.000     0.000
 157  p   3o23/2   ( 2o 23/2) 0.72    73.308     1.000     0.000
 159  p   1n23/2   ( 3n 23/2) 0.59    35.950     1.000     0.000
 160  p   2n23/2   ( 1n 23/2) 0.88    50.278     1.000     0.000
 161  p   3n23/2   ( 2n 23/2) 0.77    60.715     1.000     0.000
 162  p   4n23/2   ( 4n 23/2) 0.73    85.186     1.000     0.000
 163  p   1o25/2   ( 3o 25/2) 0.60    38.223     1.000     0.000
 164  p   2o25/2   ( 1o 25/2) 0.85    55.095     1.000     0.000
 165  p   3o25/2   ( 2o 25/2) 0.78    67.136     1.000     0.000
 166  p   4o25/2   ( 4o 25/2) 0.72    89.447     1.000     0.000
 167  p   1P25/2   ( 2P 25/2) 0.69    45.466     1.000     0.000
 168  p   2P25/2   ( 1P 25/2) 0.79    66.990     1.000     0.000
 169  p   3P25/2   ( 3P 25/2) 0.69    89.637     1.000     0.000
 170  p   1q27/2   ( 2q 27/2) 0.69    47.947     1.000     0.000
 171  p   2q27/2   ( 1q 27/2) 0.79    70.672     1.000     0.000
 172  p   3q27/2   ( 3q 27/2) 0.67    95.038     1.000     0.000
 173  p   1P27/2   ( 2P 27/2) 0.66    45.281     1.000     0.000
 174  p   2P27/2   ( 1P 27/2) 0.81    65.627     1.000     0.000
 175  p   3P27/2   ( 3P 27/2) 0.74    79.369     1.000     0.000
 176  p   1q29/2   ( 2q 29/2) 0.67    47.786     1.000     0.000
 177  p   2q29/2   ( 1q 29/2) 0.79    70.004     1.000     0.000
 178  p   3q29/2   ( 3q 29/2) 0.69    86.097     1.000     0.000
 179  p   1r29/2   ( 1r 29/2) 0.76    57.883     1.000     0.000
 180  p   2r29/2   ( 2r 29/2) 0.76    86.007     1.000     0.000
 181  p   1S31/2   ( 1S 31/2) 0.76    60.659     1.000     0.000
 182  p   2S31/2   ( 2S 31/2) 0.76    90.388     1.000     0.000
 183  p   1r31/2   ( 1r 31/2) 0.75    57.706     1.000     0.000
 184  p   2r31/2   ( 2r 31/2) 0.75    82.425     1.000     0.000
 185  p   1S33/2   ( 1S 33/2) 0.75    60.511     1.000     0.000
 186  p   2S33/2   ( 2S 33/2) 0.75    87.827     1.000     0.000
 187  p   1t33/2   ( 1t 33/2) 0.98    76.075     1.000     0.000
 188  p   1u35/2   ( 1u 35/2) 0.98    79.294     1.000     0.000
 189  p   1t35/2   ( 1t 35/2) 0.98    75.586     1.000     0.000
 190  p   1u37/2   ( 1u 37/2) 0.98    78.969     1.000     0.000
  ****** END RESU ***********************************
