
  ******************************************  
  *           Fortran 77 Code              *  
  *         Spherical H.O. basis            *  
  * Dirac-Hartree-Bogoliubov calculation   *  
  *        with density-dependent          *  
  * meson-exchange or point coupling force *  
  *          and separable pairing         *  
  * -------------------------------------- *  
  *      Niksic, Paar, Vretenar, Ring      *  
  *          18/ 4/2026/01:52:14           *
  *       Pb 232  N = 150  Z =  82
  ******************************************  
  ****** BEGIN READER *******************************
 Number of oscillator shells :    18   20
 Initialization inin,inink   :     1    1
 Nucleus: Pb 232   150  82
 Initial Gap Parameters      :     1.0000    1.0000
 Parameter set               :    DD-PC1    
  ****** END READER *********************************
  ****** BEGIN FORCES *******************************

 NEDF Parameters: DD-PC1    
           scasca    scavec    vecsca    vecvec
 GG   =   1.000000  1.000000  1.000000  1.000000
 DD   =  -0.814900  0.000000  0.000000  0.000000
  
 Density dependence parameters:
           scasca    scavec    vecsca    vecvec
 a    = -10.046200  5.919500  0.000000  0.000000
 b    =  -9.150400  8.863700  0.000000  1.836000
 c    =  -6.427300  0.000000  0.000000  0.000000
 d    =   1.372400  0.658400  0.000000  0.640300
 dsat =   0.152000
  
 TMR pairing: Tian,Ma,Ring, PRB 676, 44 (2009)
 TMR pairing strength    gl =:  -728.00000 [MeV*fm^3]
 TMR pairing width        a =:     0.64420 [fm]
  ****** END FORCES *********************************
  ****** BEGIN PREP *********************************
  
 hom =                            6.672489
 hb0 =                           20.734000
 b0  =                            2.492945
 with Coulomb force
 With microscopic c.m. correction
  ****** END PREP ***********************************
  ****** BEGIN ITER *********************************
  1.It. si =    0.0000000  E/A =    0.0000 R =    0.0000  mix = 0.50
  2.It. si =   98.9588745  E/A =   -7.3351 R =    6.0061  mix = 0.50
  3.It. si =   49.0039396  E/A =   -7.3681 R =    5.9792  mix = 0.50
  4.It. si =   12.3947460  E/A =   -7.3876 R =    5.9476  mix = 0.50
  5.It. si =   15.6139690  E/A =   -7.4033 R =    5.9192  mix = 0.50
  6.It. si =   12.7285228  E/A =   -7.4081 R =    5.9022  mix = 0.50
  7.It. si =    1.1706923  E/A =   -7.4113 R =    5.8724  mix = 0.50
  8.It. si =    0.8259190  E/A =   -7.4114 R =    5.8695  mix = 0.50
  9.It. si =    0.3215840  E/A =   -7.4111 R =    5.8687  mix = 0.50
 10.It. si =    0.6357536  E/A =   -7.4111 R =    5.8693  mix = 0.50
 11.It. si =    0.5687910  E/A =   -7.4111 R =    5.8692  mix = 0.50
 12.It. si =    0.1193554  E/A =   -7.4110 R =    5.8682  mix = 0.50
 13.It. si =    0.1028854  E/A =   -7.4110 R =    5.8673  mix = 0.50
 14.It. si =    0.0517107  E/A =   -7.4109 R =    5.8665  mix = 0.50
 15.It. si =    0.0269548  E/A =   -7.4109 R =    5.8660  mix = 0.50
 16.It. si =    0.0381835  E/A =   -7.4109 R =    5.8658  mix = 0.50
 17.It. si =    0.0171500  E/A =   -7.4109 R =    5.8658  mix = 0.50
 18.It. si =    0.0155873  E/A =   -7.4108 R =    5.8658  mix = 0.50
 19.It. si =    0.0776553  E/A =   -7.4108 R =    5.8655  mix = 0.50
 20.It. si =    0.0536258  E/A =   -7.4108 R =    5.8655  mix = 0.50
 21.It. si =    0.0327467  E/A =   -7.4108 R =    5.8655  mix = 0.50
 22.It. si =    0.0166683  E/A =   -7.4108 R =    5.8656  mix = 0.50
 23.It. si =    0.0066978  E/A =   -7.4108 R =    5.8656  mix = 0.50
 24.It. si =    0.0060453  E/A =   -7.4108 R =    5.8656  mix = 0.50
 25.It. si =    0.0572689  E/A =   -7.4108 R =    5.8654  mix = 0.50
 26.It. si =    0.0353091  E/A =   -7.4108 R =    5.8654  mix = 0.50
 27.It. si =    0.0055167  E/A =   -7.4108 R =    5.8655  mix = 0.50
 28.It. si =    0.0064449  E/A =   -7.4108 R =    5.8654  mix = 0.50
 29.It. si =    0.0392741  E/A =   -7.4108 R =    5.8653  mix = 0.50
 30.It. si =    0.0206771  E/A =   -7.4108 R =    5.8653  mix = 0.50
 31.It. si =    0.0146259  E/A =   -7.4108 R =    5.8653  mix = 0.50
 32.It. si =    0.0094191  E/A =   -7.4108 R =    5.8653  mix = 0.50
 33.It. si =    0.0054579  E/A =   -7.4108 R =    5.8653  mix = 0.50
 34.It. si =    0.0027394  E/A =   -7.4108 R =    5.8653  mix = 0.50
 35.It. si =    0.0012175  E/A =   -7.4108 R =    5.8653  mix = 0.50
 36.It. si =    0.0012182  E/A =   -7.4108 R =    5.8653  mix = 0.50
 37.It. si =    0.0010083  E/A =   -7.4108 R =    5.8653  mix = 0.50
 38.It. si =    0.0010234  E/A =   -7.4108 R =    5.8653  mix = 0.50
 39.It. si =    0.0010283  E/A =   -7.4108 R =    5.8653  mix = 0.50
 40.It. si =    0.0071232  E/A =   -7.4108 R =    5.8653  mix = 0.50
 41.It. si =    0.0053142  E/A =   -7.4108 R =    5.8653  mix = 0.50
 42.It. si =    0.0036261  E/A =   -7.4108 R =    5.8653  mix = 0.50
 43.It. si =    0.0022799  E/A =   -7.4108 R =    5.8653  mix = 0.50
 44.It. si =    0.0013162  E/A =   -7.4108 R =    5.8653  mix = 0.50
 45.It. si =    0.0007395  E/A =   -7.4108 R =    5.8653  mix = 0.50
 46.It. si =    0.0005535  E/A =   -7.4108 R =    5.8653  mix = 0.50
 47.It. si =    0.0044173  E/A =   -7.4108 R =    5.8653  mix = 0.50
 48.It. si =    0.0010070  E/A =   -7.4108 R =    5.8653  mix = 0.50
 49.It. si =    0.0002695  E/A =   -7.4108 R =    5.8653  mix = 0.50
 50.It. si =    0.0014819  E/A =   -7.4108 R =    5.8653  mix = 0.50
 51.It. si =    0.0014970  E/A =   -7.4108 R =    5.8653  mix = 0.50
 52.It. si =    0.0048800  E/A =   -7.4108 R =    5.8653  mix = 0.50
 53.It. si =    0.0000685  E/A =   -7.4108 R =    5.8653  mix = 0.50
 54.It. si =    0.0000098  E/A =   -7.4108 R =    5.8653  mix = 0.50
 55.It. si =    0.0000024  E/A =   -7.4108 R =    5.8653  mix = 0.50
 56.It. si =    0.0000032  E/A =   -7.4108 R =    5.8653  mix = 0.50
 ********************************************************************
 Pb 232: Iteration converged after  56 steps   si =      0.0000004136
 ********************************************************************
  ****** END ITER ***********************************
  ****** BEGIN CANON ********************************
 single-particle energies and gaps  in the canonical basis: Neutron:
 ------------------------------------------------------------------
    j pi     (nr,l,j)  smax       Ecan       vvcan       decan
 j = 1/2+  (   s 1/2)  0.96    -53.4609      0.9998      1.3289
 j = 1/2+  (   s 1/2)  0.95    -46.6888      0.9997      1.6355
 j = 1/2+  (   s 1/2)  0.98    -21.9594      0.9980      1.6988
 j = 1/2+  (   s 1/2)  0.96     -0.3884      0.0310      0.9213
 j = 1/2+  (   s 1/2)  0.93     11.3137      0.0003      0.5157
 j = 1/2+  (   s 1/2)  0.78     23.2436      0.0000      0.0242
 j = 1/2+  (   s 1/2)  0.91     23.7234      0.0001      0.4208
 j = 1/2+  (   s 1/2)  0.92     39.2891      0.0000      0.2856
 j = 1/2+  (   s 1/2)  0.93     54.9800      0.0000      0.1806
 j = 1/2+  (   s 1/2)  0.78     74.4835      0.0000      0.1117
 j = 1/2-  (   p 1/2)  0.99    -50.2842      0.9998      1.4983
 j = 1/2-  (   p 1/2)  0.97    -34.1899      0.9994      1.5683
 j = 1/2-  (   p 1/2)  0.98     -9.6919      0.9887      1.4759
 j = 1/2-  (   p 1/2)  0.96      7.6420      0.0010      0.6616
 j = 1/2-  (   p 1/2)  0.94     18.1547      0.0001      0.4504
 j = 1/2-  (   p 1/2)  0.92     32.7977      0.0000      0.3154
 j = 1/2-  (   p 1/2)  0.86     33.1641      0.0000      0.0363
 j = 1/2-  (   p 1/2)  0.94     45.6306      0.0000      0.1946
 j = 1/2-  (   p 1/2)  0.85     62.1650      0.0000      0.1320
 j = 3/2+  (   d 3/2)  0.99    -44.0908      0.9997      1.5290
 j = 3/2+  (   d 3/2)  0.98    -22.3456      0.9983      1.6244
 j = 3/2+  (   d 3/2)  0.97     -0.3815      0.0385      1.0428
 j = 3/2+  (   d 3/2)  0.94     12.6683      0.0003      0.5391
 j = 3/2+  (   d 3/2)  0.78     22.8471      0.0000      0.0223
 j = 3/2+  (   d 3/2)  0.93     24.7801      0.0001      0.4124
 j = 3/2+  (   d 3/2)  0.92     39.4976      0.0000      0.2656
 j = 3/2+  (   d 3/2)  0.93     52.9406      0.0000      0.1588
 j = 3/2+  (   d 3/2)  0.77     76.1654      0.0000      0.1030
 j = 3/2-  (   p 3/2)  0.99    -50.3928      0.9998      1.5045
 j = 3/2-  (   p 3/2)  0.97    -35.0320      0.9994      1.5758
 j = 3/2-  (   p 3/2)  0.98    -10.6057      0.9911      1.4788
 j = 3/2-  (   p 3/2)  0.96      7.2800      0.0011      0.6649
 j = 3/2-  (   p 3/2)  0.94     17.8776      0.0001      0.4409
 j = 3/2-  (   p 3/2)  0.92     32.5007      0.0000      0.3142
 j = 3/2-  (   p 3/2)  0.86     32.9709      0.0000      0.0361
 j = 3/2-  (   p 3/2)  0.94     45.3882      0.0000      0.1935
 j = 3/2-  (   p 3/2)  0.84     61.8658      0.0000      0.1315
 j = 5/2+  (   d 5/2)  0.99    -44.8424      0.9997      1.5485
 j = 5/2+  (   d 5/2)  0.98    -24.0023      0.9985      1.6481
 j = 5/2+  (   d 5/2)  0.97     -1.2512      0.0761      1.0196
 j = 5/2+  (   d 5/2)  0.94     12.0863      0.0003      0.5320
 j = 5/2+  (   d 5/2)  0.78     23.0320      0.0000      0.0227
 j = 5/2+  (   d 5/2)  0.93     23.8199      0.0001      0.4094
 j = 5/2+  (   d 5/2)  0.92     38.8560      0.0000      0.2656
 j = 5/2+  (   d 5/2)  0.93     52.5114      0.0000      0.1594
 j = 5/2+  (   d 5/2)  0.77     75.9614      0.0000      0.1035
 j = 5/2-  (   f 5/2)  0.98    -35.7572      0.9995      1.5057
 j = 5/2-  (   f 5/2)  0.98    -11.1498      0.9918      1.5128
 j = 5/2-  (   f 5/2)  0.97      7.9517      0.0014      0.7980
 j = 5/2-  (   f 5/2)  0.96     19.8653      0.0001      0.4853
 j = 5/2-  (   f 5/2)  0.83     30.6399      0.0000      0.0318
 j = 5/2-  (   f 5/2)  0.94     33.8968      0.0000      0.3312
 j = 5/2-  (   f 5/2)  0.92     46.9398      0.0000      0.1973
 j = 5/2-  (   f 5/2)  0.79     59.8889      0.0000      0.1245
 j = 7/2+  (   g 7/2)  0.98    -26.1160      0.9990      1.5021
 j = 7/2+  (   g 7/2)  0.98     -1.3830      0.1183      1.2681
 j = 7/2+  (   g 7/2)  0.97     14.8985      0.0003      0.6056
 j = 7/2+  (   g 7/2)  0.79     20.8242      0.0000      0.0193
 j = 7/2+  (   g 7/2)  0.96     26.3748      0.0001      0.4302
 j = 7/2+  (   g 7/2)  0.92     41.2515      0.0000      0.2753
 j = 7/2+  (   g 7/2)  0.85     57.3351      0.0000      0.1734
 j = 7/2+  (   g 7/2)  0.82     67.5966      0.0000      0.0944
 j = 7/2-  (   f 7/2)  0.98    -37.4928      0.9995      1.5361
 j = 7/2-  (   f 7/2)  0.98    -13.4518      0.9949      1.5221
 j = 7/2-  (   f 7/2)  0.97      6.9523      0.0016      0.7926
 j = 7/2-  (   f 7/2)  0.96     19.2695      0.0001      0.4709
 j = 7/2-  (   f 7/2)  0.83     30.4118      0.0000      0.0318
 j = 7/2-  (   f 7/2)  0.94     33.0603      0.0000      0.3283
 j = 7/2-  (   f 7/2)  0.92     46.3848      0.0000      0.1959
 j = 7/2-  (   f 7/2)  0.79     59.3551      0.0000      0.1239
 j = 9/2+  (   g 9/2)  0.98    -29.3140      0.9991      1.5536
 j = 9/2+  (   g 9/2)  0.98     -3.7814      0.7921      1.2505
 j = 9/2+  (   g 9/2)  0.96     13.9746      0.0003      0.6119
 j = 9/2+  (   g 9/2)  0.79     20.7270      0.0000      0.0194
 j = 9/2+  (   g 9/2)  0.96     25.2076      0.0001      0.4131
 j = 9/2+  (   g 9/2)  0.92     40.3983      0.0000      0.2722
 j = 9/2+  (   g 9/2)  0.84     56.6908      0.0000      0.1722
 j = 9/2+  (   g 9/2)  0.82     66.7868      0.0000      0.0936
 j = 9/2-  (   h 9/2)  0.98    -15.5975      0.9969      1.4237
 j = 9/2-  (   h 9/2)  0.97      7.4099      0.0027      1.0696
 j = 9/2-  (   h 9/2)  0.96     22.2771      0.0001      0.5235
 j = 9/2-  (   h 9/2)  0.77     26.5705      0.0000      0.0264
 j = 9/2-  (   h 9/2)  0.92     35.4157      0.0000      0.3374
 j = 9/2-  (   h 9/2)  0.84     50.8854      0.0000      0.2107
 j = 9/2-  (   h 9/2)  0.66     56.2407      0.0000      0.1186
 j =11/2+  (   i11/2)  0.98     -4.9943      0.9222      1.3408
 j =11/2+  (   i11/2)  0.95     16.0138      0.0005      0.8401
 j =11/2+  (   i11/2)  0.78     19.4587      0.0000      0.0161
 j =11/2+  (   i11/2)  0.92     29.7673      0.0001      0.4620
 j =11/2+  (   i11/2)  0.85     43.0027      0.0000      0.2723
 j =11/2+  (   i11/2)  0.84     60.3360      0.0000      0.0804
 j =11/2+  (   i11/2)  0.72     60.4246      0.0000      0.1717
 j =11/2-  (   h11/2)  0.98    -20.2663      0.9982      1.4874
 j =11/2-  (   h11/2)  0.97      4.8671      0.0044      1.0364
 j =11/2-  (   h11/2)  0.95     20.9477      0.0001      0.5200
 j =11/2-  (   h11/2)  0.77     26.3415      0.0000      0.0264
 j =11/2-  (   h11/2)  0.92     33.7148      0.0000      0.3310
 j =11/2-  (   h11/2)  0.84     50.1737      0.0000      0.2098
 j =11/2-  (   h11/2)  0.66     55.6612      0.0000      0.1184
 j =13/2+  (   i13/2)  0.98    -11.0982      0.9930      1.3915
 j =13/2+  (   i13/2)  0.95     13.3307      0.0007      0.8292
 j =13/2+  (   i13/2)  0.78     19.2988      0.0000      0.0161
 j =13/2+  (   i13/2)  0.91     28.4179      0.0001      0.4507
 j =13/2+  (   i13/2)  0.84     41.2205      0.0000      0.2667
 j =13/2+  (   i13/2)  0.71     59.3475      0.0000      0.1701
 j =13/2+  (   i13/2)  0.84     59.4048      0.0000      0.0795
 j =13/2-  (   j13/2)  0.98      5.3996      0.0058      1.2667
 j =13/2-  (   j13/2)  0.94     23.8358      0.0001      0.6260
 j =13/2-  (   j13/2)  0.73     25.5908      0.0000      0.0232
 j =13/2-  (   j13/2)  0.86     37.4718      0.0000      0.3831
 j =13/2-  (   j13/2)  0.74     52.8349      0.0000      0.2241
 j =13/2-  (   j13/2)  0.62     53.3360      0.0000      0.1090
 j =15/2+  (   k15/2)  0.97     15.1963      0.0010      1.1296
 j =15/2+  (   k15/2)  0.76     20.3087      0.0000      0.0153
 j =15/2+  (   k15/2)  0.91     31.9889      0.0001      0.5055
 j =15/2+  (   k15/2)  0.77     46.2978      0.0000      0.3086
 j =15/2+  (   k15/2)  0.84     55.7460      0.0000      0.0730
 j =15/2+  (   k15/2)  0.58     61.5304      0.0000      0.1863
 j =15/2-  (   j15/2)  0.98     -1.9867      0.2128      1.2747
 j =15/2-  (   j15/2)  0.92     21.3492      0.0002      0.6470
 j =15/2-  (   j15/2)  0.72     25.3760      0.0000      0.0232
 j =15/2-  (   j15/2)  0.85     34.9677      0.0000      0.3747
 j =15/2-  (   j15/2)  0.74     51.4911      0.0000      0.2250
 j =15/2-  (   j15/2)  0.62     51.9230      0.0000      0.1079
 j =17/2+  (   k17/2)  0.97      7.0493      0.0033      1.1458
 j =17/2+  (   k17/2)  0.76     20.2139      0.0000      0.0154
 j =17/2+  (   k17/2)  0.89     28.8552      0.0001      0.5152
 j =17/2+  (   k17/2)  0.77     43.5985      0.0000      0.3033
 j =17/2+  (   k17/2)  0.84     54.3790      0.0000      0.0721
 j =17/2+  (   k17/2)  0.58     59.9035      0.0000      0.1863
 j =17/2-  (   l17/2)  0.95     24.4371      0.0003      0.9768
 j =17/2-  (   l17/2)  0.68     26.0311      0.0000      0.0221
 j =17/2-  (   l17/2)  0.86     39.7658      0.0000      0.4148
 j =17/2-  (   l17/2)  0.65     50.9627      0.0000      0.1085
 j =17/2-  (   l17/2)  0.67     56.1350      0.0000      0.2498
 j =19/2+  (   m19/2)  0.75     23.2658      0.0000      0.0160
 j =19/2+  (   m19/2)  0.92     33.4616      0.0001      0.8317
 j =19/2+  (   m19/2)  0.77     47.8391      0.0000      0.3437
 j =19/2+  (   m19/2)  0.83     54.6136      0.0000      0.0734
 j =19/2+  (   m19/2)  0.60     63.3895      0.0000      0.1971
 j =19/2-  (   l19/2)  0.94     15.9078      0.0007      0.9970
 j =19/2-  (   l19/2)  0.67     25.7554      0.0000      0.0220
 j =19/2-  (   l19/2)  0.83     36.0422      0.0000      0.4166
 j =19/2-  (   l19/2)  0.65     49.4557      0.0000      0.1072
 j =19/2-  (   l19/2)  0.66     53.0838      0.0000      0.2471
 j =21/2+  (   m21/2)  0.75     23.1776      0.0000      0.0161
 j =21/2+  (   m21/2)  0.90     24.7723      0.0002      0.8505
 j =21/2+  (   m21/2)  0.74     43.6264      0.0000      0.3439
 j =21/2+  (   m21/2)  0.83     53.1023      0.0000      0.0725
 j =21/2+  (   m21/2)  0.60     59.6583      0.0000      0.1948
 j =21/2-  (   n21/2)  0.68     29.5908      0.0000      0.0234
 j =21/2-  (   n21/2)  0.87     41.9637      0.0001      0.6869
 j =21/2-  (   n21/2)  0.66     53.3067      0.0000      0.1148
 j =21/2-  (   n21/2)  0.66     56.9660      0.0000      0.2889
 j =23/2+  (   o23/2)  0.75     28.0926      0.0000      0.0180
 j =23/2+  (   o23/2)  0.82     50.9984      0.0000      0.5683
 j =23/2+  (   o23/2)  0.83     56.7383      0.0000      0.0791
 j =23/2+  (   o23/2)  0.60     64.2888      0.0000      0.2378
 j =23/2-  (   n23/2)  0.67     29.2789      0.0000      0.0233
 j =23/2-  (   n23/2)  0.86     33.5368      0.0001      0.7026
 j =23/2-  (   n23/2)  0.66     50.4200      0.0000      0.1122
 j =23/2-  (   n23/2)  0.62     51.6979      0.0000      0.2886
 j =25/2+  (   o25/2)  0.75     28.0087      0.0000      0.0182
 j =25/2+  (   o25/2)  0.80     42.4927      0.0000      0.5825
 j =25/2+  (   o25/2)  0.82     54.2272      0.0000      0.0775
 j =25/2+  (   o25/2)  0.60     58.3196      0.0000      0.2355
 j =25/2-  (   P25/2)  0.68     35.0227      0.0000      0.0278
 j =25/2-  (   P25/2)  0.66     56.9429      0.0000      0.1450
 j =25/2-  (   P25/2)  0.76     59.7712      0.0000      0.4667
 j =27/2+  (   q27/2)  0.77     35.3839      0.0000      0.0221
 j =27/2+  (   q27/2)  0.80     60.6620      0.0000      0.1023
 j =27/2+  (   q27/2)  0.70     67.5882      0.0000      0.3729
 j =27/2-  (   P27/2)  0.68     34.6204      0.0000      0.0277
 j =27/2-  (   P27/2)  0.74     51.1073      0.0000      0.4769
 j =27/2-  (   P27/2)  0.66     53.4848      0.0000      0.1422
 j =29/2+  (   q29/2)  0.77     35.3276      0.0000      0.0222
 j =29/2+  (   q29/2)  0.79     57.8793      0.0000      0.1006
 j =29/2+  (   q29/2)  0.68     59.4806      0.0000      0.3794
 j =29/2-  (   r29/2)  0.73     43.9279      0.0000      0.0385
 j =29/2-  (   r29/2)  0.72     66.1924      0.0000      0.2371
 j =31/2+  (   S31/2)  0.70     46.5510      0.0000      0.0274
 j =31/2+  (   S31/2)  0.70     70.7637      0.0000      0.1712
 j =31/2-  (   r31/2)  0.72     43.4724      0.0000      0.0383
 j =31/2-  (   r31/2)  0.71     61.7978      0.0000      0.2387
 j =33/2+  (   S33/2)  0.70     46.2319      0.0000      0.0274
 j =33/2+  (   S33/2)  0.69     67.4077      0.0000      0.1720
 j =33/2-  (   t33/2)  0.98     59.4229      0.0000      0.0675
 j =35/2+  (   u35/2)  0.98     62.7202      0.0000      0.0469
 j =35/2-  (   t35/2)  0.98     58.6589      0.0000      0.0676
 j =37/2+  (   u37/2)  0.98     62.2007      0.0000      0.0469
 single-particle energies and gaps  in the canonical basis: Proton: 
 ------------------------------------------------------------------
    j pi     (nr,l,j)  smax       Ecan       vvcan       decan
 j = 1/2+  (   s 1/2)  0.89    -50.9821      1.0000     -0.0000
 j = 1/2+  (   s 1/2)  0.83    -33.9426      1.0000     -0.0000
 j = 1/2+  (   s 1/2)  0.91    -12.3932      1.0000     -0.0000
 j = 1/2+  (   s 1/2)  0.92      8.7221      0.0000     -0.0000
 j = 1/2+  (   s 1/2)  0.50     13.4540      0.0000     -0.0000
 j = 1/2+  (   s 1/2)  0.73     22.2986      0.0000     -0.0000
 j = 1/2+  (   s 1/2)  0.60     34.5374      0.0000     -0.0000
 j = 1/2+  (   s 1/2)  0.54     48.8692      0.0000     -0.0000
 j = 1/2+  (   s 1/2)  0.61     66.9194      0.0000     -0.0000
 j = 1/2+  (   s 1/2)  0.63     98.3711      0.0000     -0.0000
 j = 1/2-  (   p 1/2)  0.93    -45.3961      1.0000     -0.0000
 j = 1/2-  (   p 1/2)  0.90    -24.0069      1.0000     -0.0000
 j = 1/2-  (   p 1/2)  0.95     -1.5373      0.0000     -0.0000
 j = 1/2-  (   p 1/2)  0.56     12.8323      0.0000     -0.0000
 j = 1/2-  (   p 1/2)  0.75     18.7121      0.0000     -0.0000
 j = 1/2-  (   p 1/2)  0.73     29.4239      0.0000     -0.0000
 j = 1/2-  (   p 1/2)  0.64     43.6660      0.0000     -0.0000
 j = 1/2-  (   p 1/2)  0.65     60.7236      0.0000     -0.0000
 j = 1/2-  (   p 1/2)  0.64     90.9421      0.0000     -0.0000
 j = 3/2+  (   d 3/2)  0.96    -38.0812      1.0000     -0.0000
 j = 3/2+  (   d 3/2)  0.95    -14.0361      1.0000     -0.0000
 j = 3/2+  (   d 3/2)  0.96      8.0704      0.0000     -0.0000
 j = 3/2+  (   d 3/2)  0.49     13.9389      0.0000     -0.0000
 j = 3/2+  (   d 3/2)  0.75     22.5872      0.0000     -0.0000
 j = 3/2+  (   d 3/2)  0.63     34.3982      0.0000     -0.0000
 j = 3/2+  (   d 3/2)  0.57     48.7714      0.0000     -0.0000
 j = 3/2+  (   d 3/2)  0.62     66.7795      0.0000     -0.0000
 j = 3/2+  (   d 3/2)  0.64     97.7954      0.0000     -0.0000
 j = 3/2-  (   p 3/2)  0.92    -45.8685      1.0000     -0.0000
 j = 3/2-  (   p 3/2)  0.88    -24.8261      1.0000     -0.0000
 j = 3/2-  (   p 3/2)  0.94     -2.2603      0.0000     -0.0000
 j = 3/2-  (   p 3/2)  0.58     12.7579      0.0000     -0.0000
 j = 3/2-  (   p 3/2)  0.74     18.3942      0.0000     -0.0000
 j = 3/2-  (   p 3/2)  0.73     29.1854      0.0000     -0.0000
 j = 3/2-  (   p 3/2)  0.65     43.3421      0.0000     -0.0000
 j = 3/2-  (   p 3/2)  0.65     60.2781      0.0000     -0.0000
 j = 3/2-  (   p 3/2)  0.63     90.5544      0.0000     -0.0000
 j = 5/2+  (   d 5/2)  0.95    -39.2738      1.0000     -0.0000
 j = 5/2+  (   d 5/2)  0.93    -15.5314      1.0000     -0.0000
 j = 5/2+  (   d 5/2)  0.96      7.2742      0.0000     -0.0000
 j = 5/2+  (   d 5/2)  0.50     13.8415      0.0000     -0.0000
 j = 5/2+  (   d 5/2)  0.75     22.2633      0.0000     -0.0000
 j = 5/2+  (   d 5/2)  0.64     34.0076      0.0000     -0.0000
 j = 5/2+  (   d 5/2)  0.57     48.2442      0.0000     -0.0000
 j = 5/2+  (   d 5/2)  0.62     66.0754      0.0000     -0.0000
 j = 5/2+  (   d 5/2)  0.63     97.1831      0.0000     -0.0000
 j = 5/2-  (   f 5/2)  0.98    -29.4560      1.0000     -0.0000
 j = 5/2-  (   f 5/2)  0.97     -4.0921      0.0000     -0.0000
 j = 5/2-  (   f 5/2)  0.66     13.8999      0.0000     -0.0000
 j = 5/2-  (   f 5/2)  0.71     18.3992      0.0000     -0.0000
 j = 5/2-  (   f 5/2)  0.76     29.1785      0.0000     -0.0000
 j = 5/2-  (   f 5/2)  0.68     43.3872      0.0000     -0.0000
 j = 5/2-  (   f 5/2)  0.68     60.1501      0.0000     -0.0000
 j = 5/2-  (   f 5/2)  0.64     89.5019      0.0000     -0.0000
 j = 7/2+  (   g 7/2)  0.98    -19.9142      1.0000     -0.0000
 j = 7/2+  (   g 7/2)  0.98      5.5093      0.0000     -0.0000
 j = 7/2+  (   g 7/2)  0.48     15.4775      0.0000     -0.0000
 j = 7/2+  (   g 7/2)  0.79     23.2605      0.0000     -0.0000
 j = 7/2+  (   g 7/2)  0.70     33.9081      0.0000     -0.0000
 j = 7/2+  (   g 7/2)  0.62     48.3200      0.0000     -0.0000
 j = 7/2+  (   g 7/2)  0.65     66.0591      0.0000     -0.0000
 j = 7/2+  (   g 7/2)  0.64     96.0338      0.0000     -0.0000
 j = 7/2-  (   f 7/2)  0.97    -31.6903      1.0000     -0.0000
 j = 7/2-  (   f 7/2)  0.96     -6.1813      0.0000     -0.0000
 j = 7/2-  (   f 7/2)  0.72     13.6269      0.0000     -0.0000
 j = 7/2-  (   f 7/2)  0.64     17.7179      0.0000     -0.0000
 j = 7/2-  (   f 7/2)  0.76     28.7753      0.0000     -0.0000
 j = 7/2-  (   f 7/2)  0.68     42.7522      0.0000     -0.0000
 j = 7/2-  (   f 7/2)  0.67     59.2199      0.0000     -0.0000
 j = 7/2-  (   f 7/2)  0.64     88.7626      0.0000     -0.0000
 j = 9/2+  (   g 9/2)  0.98    -23.4498      1.0000     -0.0000
 j = 9/2+  (   g 9/2)  0.97      3.1089      0.0000     -0.0000
 j = 9/2+  (   g 9/2)  0.47     15.3734      0.0000     -0.0000
 j = 9/2+  (   g 9/2)  0.79     22.5371      0.0000     -0.0000
 j = 9/2+  (   g 9/2)  0.71     33.1640      0.0000     -0.0000
 j = 9/2+  (   g 9/2)  0.62     47.5286      0.0000     -0.0000
 j = 9/2+  (   g 9/2)  0.65     64.8729      0.0000     -0.0000
 j = 9/2+  (   g 9/2)  0.64     95.2461      0.0000     -0.0000
 j = 9/2-  (   h 9/2)  0.98     -9.8112      0.0000     -0.0000
 j = 9/2-  (   h 9/2)  0.94     14.1557      0.0000     -0.0000
 j = 9/2-  (   h 9/2)  0.51     18.2965      0.0000     -0.0000
 j = 9/2-  (   h 9/2)  0.78     29.5123      0.0000     -0.0000
 j = 9/2-  (   h 9/2)  0.72     43.0867      0.0000     -0.0000
 j = 9/2-  (   h 9/2)  0.70     59.2997      0.0000     -0.0000
 j = 9/2-  (   h 9/2)  0.64     87.6068      0.0000     -0.0000
 j =11/2+  (   i11/2)  0.97      0.4970      0.0000     -0.0000
 j =11/2+  (   i11/2)  0.48     18.2459      0.0000     -0.0000
 j =11/2+  (   i11/2)  0.83     23.2930      0.0000     -0.0000
 j =11/2+  (   i11/2)  0.78     33.1584      0.0000     -0.0000
 j =11/2+  (   i11/2)  0.67     47.9926      0.0000     -0.0000
 j =11/2+  (   i11/2)  0.68     65.1011      0.0000     -0.0000
 j =11/2+  (   i11/2)  0.64     93.9844      0.0000     -0.0000
 j =11/2-  (   h11/2)  0.98    -14.7926      1.0000     -0.0000
 j =11/2-  (   h11/2)  0.97     12.0424      0.0000     -0.0000
 j =11/2-  (   h11/2)  0.53     17.8692      0.0000     -0.0000
 j =11/2-  (   h11/2)  0.78     28.7286      0.0000     -0.0000
 j =11/2-  (   h11/2)  0.73     41.9184      0.0000     -0.0000
 j =11/2-  (   h11/2)  0.70     57.7640      0.0000     -0.0000
 j =11/2-  (   h11/2)  0.64     86.5991      0.0000     -0.0000
 j =13/2+  (   i13/2)  0.98     -5.9087      0.0000     -0.0000
 j =13/2+  (   i13/2)  0.61     17.9500      0.0000     -0.0000
 j =13/2+  (   i13/2)  0.75     21.4465      0.0000     -0.0000
 j =13/2+  (   i13/2)  0.78     32.0862      0.0000     -0.0000
 j =13/2+  (   i13/2)  0.70     46.6889      0.0000     -0.0000
 j =13/2+  (   i13/2)  0.68     63.0629      0.0000     -0.0000
 j =13/2+  (   i13/2)  0.64     92.6256      0.0000     -0.0000
 j =13/2-  (   j13/2)  0.97     10.6597      0.0000     -0.0000
 j =13/2-  (   j13/2)  0.52     21.3472      0.0000     -0.0000
 j =13/2-  (   j13/2)  0.83     30.5108      0.0000     -0.0000
 j =13/2-  (   j13/2)  0.78     42.0462      0.0000     -0.0000
 j =13/2-  (   j13/2)  0.74     58.2281      0.0000     -0.0000
 j =13/2-  (   j13/2)  0.65     85.2469      0.0000     -0.0000
 j =15/2+  (   k15/2)  0.96     20.1613      0.0000     -0.0000
 j =15/2+  (   k15/2)  0.52     23.1949      0.0000     -0.0000
 j =15/2+  (   k15/2)  0.81     34.7748      0.0000     -0.0000
 j =15/2+  (   k15/2)  0.74     47.6404      0.0000     -0.0000
 j =15/2+  (   k15/2)  0.72     63.5715      0.0000     -0.0000
 j =15/2+  (   k15/2)  0.65     91.1943      0.0000     -0.0000
 j =15/2-  (   j15/2)  0.97      3.1439      0.0000     -0.0000
 j =15/2-  (   j15/2)  0.51     21.1329      0.0000     -0.0000
 j =15/2-  (   j15/2)  0.82     28.7529      0.0000     -0.0000
 j =15/2-  (   j15/2)  0.78     40.4417      0.0000     -0.0000
 j =15/2-  (   j15/2)  0.74     56.0056      0.0000     -0.0000
 j =15/2-  (   j15/2)  0.65     83.0599      0.0000     -0.0000
 j =17/2+  (   k17/2)  0.96     12.1829      0.0000     -0.0000
 j =17/2+  (   k17/2)  0.53     22.8609      0.0000     -0.0000
 j =17/2+  (   k17/2)  0.81     33.2581      0.0000     -0.0000
 j =17/2+  (   k17/2)  0.77     45.5337      0.0000     -0.0000
 j =17/2+  (   k17/2)  0.73     60.9457      0.0000     -0.0000
 j =17/2+  (   k17/2)  0.64     88.4966      0.0000     -0.0000
 j =17/2-  (   l17/2)  0.53     26.1606      0.0000     -0.0000
 j =17/2-  (   l17/2)  0.82     30.1766      0.0000     -0.0000
 j =17/2-  (   l17/2)  0.79     42.6880      0.0000     -0.0000
 j =17/2-  (   l17/2)  0.76     58.0948      0.0000     -0.0000
 j =17/2-  (   l17/2)  0.68     81.7026      0.0000     -0.0000
 j =19/2+  (   m19/2)  0.57     28.3614      0.0000     -0.0000
 j =19/2+  (   m19/2)  0.91     37.2152      0.0000     -0.0000
 j =19/2+  (   m19/2)  0.79     46.9904      0.0000     -0.0000
 j =19/2+  (   m19/2)  0.74     63.7185      0.0000     -0.0000
 j =19/2+  (   m19/2)  0.65     87.9405      0.0000     -0.0000
 j =19/2-  (   l19/2)  0.96     21.0367      0.0000     -0.0000
 j =19/2-  (   l19/2)  0.57     26.7581      0.0000     -0.0000
 j =19/2-  (   l19/2)  0.76     40.9320      0.0000     -0.0000
 j =19/2-  (   l19/2)  0.76     54.5574      0.0000     -0.0000
 j =19/2-  (   l19/2)  0.70     78.3018      0.0000     -0.0000
 j =21/2+  (   m21/2)  0.56     28.0831      0.0000     -0.0000
 j =21/2+  (   m21/2)  0.78     30.2743      0.0000     -0.0000
 j =21/2+  (   m21/2)  0.78     44.3198      0.0000     -0.0000
 j =21/2+  (   m21/2)  0.76     59.6668      0.0000     -0.0000
 j =21/2+  (   m21/2)  0.68     83.5642      0.0000     -0.0000
 j =21/2-  (   n21/2)  0.58     33.2702      0.0000     -0.0000
 j =21/2-  (   n21/2)  0.87     45.6455      0.0000     -0.0000
 j =21/2-  (   n21/2)  0.76     56.7767      0.0000     -0.0000
 j =21/2-  (   n21/2)  0.70     80.0507      0.0000     -0.0000
 j =23/2+  (   o23/2)  0.59     35.4289      0.0000     -0.0000
 j =23/2+  (   o23/2)  0.85     50.5125      0.0000     -0.0000
 j =23/2+  (   o23/2)  0.76     62.4020      0.0000     -0.0000
 j =23/2+  (   o23/2)  0.69     85.8140      0.0000     -0.0000
 j =23/2-  (   n23/2)  0.57     32.8853      0.0000     -0.0000
 j =23/2-  (   n23/2)  0.79     39.9549      0.0000     -0.0000
 j =23/2-  (   n23/2)  0.68     52.3995      0.0000     -0.0000
 j =23/2-  (   n23/2)  0.75     73.4414      0.0000     -0.0000
 j =25/2+  (   o25/2)  0.59     35.2876      0.0000     -0.0000
 j =25/2+  (   o25/2)  0.88     47.0768      0.0000     -0.0000
 j =25/2+  (   o25/2)  0.74     56.7048      0.0000     -0.0000
 j =25/2+  (   o25/2)  0.74     77.9807      0.0000     -0.0000
 j =25/2-  (   P25/2)  0.67     42.0436      0.0000     -0.0000
 j =25/2-  (   P25/2)  0.80     59.6724      0.0000     -0.0000
 j =25/2-  (   P25/2)  0.73     76.3662      0.0000     -0.0000
 j =27/2+  (   q27/2)  0.68     44.3903      0.0000     -0.0000
 j =27/2+  (   q27/2)  0.80     64.1041      0.0000     -0.0000
 j =27/2+  (   q27/2)  0.70     81.9942      0.0000     -0.0000
 j =27/2-  (   P27/2)  0.63     41.7786      0.0000     -0.0000
 j =27/2-  (   P27/2)  0.78     56.2811      0.0000     -0.0000
 j =27/2-  (   P27/2)  0.82     67.4915      0.0000     -0.0000
 j =29/2+  (   q29/2)  0.65     44.1833      0.0000     -0.0000
 j =29/2+  (   q29/2)  0.81     62.4592      0.0000     -0.0000
 j =29/2+  (   q29/2)  0.77     72.9091      0.0000     -0.0000
 j =29/2-  (   r29/2)  0.76     53.5201      0.0000     -0.0000
 j =29/2-  (   r29/2)  0.75     76.0527      0.0000     -0.0000
 j =31/2+  (   S31/2)  0.76     56.1610      0.0000     -0.0000
 j =31/2+  (   S31/2)  0.75     81.0714      0.0000     -0.0000
 j =31/2-  (   r31/2)  0.74     53.2943      0.0000     -0.0000
 j =31/2-  (   r31/2)  0.74     71.4461      0.0000     -0.0000
 j =33/2+  (   S33/2)  0.75     55.9707      0.0000     -0.0000
 j =33/2+  (   S33/2)  0.74     77.5975      0.0000     -0.0000
 j =33/2-  (   t33/2)  0.98     69.9049      0.0000     -0.0000
 j =35/2+  (   u35/2)  0.98     73.1469      0.0000     -0.0000
 j =35/2-  (   t35/2)  0.98     69.1427      0.0000     -0.0000
 j =37/2+  (   u37/2)  0.98     72.6197      0.0000     -0.0000
  ****** END CANON **********************************
  ****** BEGIN RESU *********************************
   ****** BEGIN EXPECT *******

                            neutron        proton         total
 particle number           150.000000      82.000000     232.000000
 trace scalar density      143.100046      79.043120     222.143166
 lambda                     -2.881296     -11.323224
 spk                        18.005942      -0.000120
 rms-Radius                  5.980842       5.647836       5.865302
 charge-Radius                              5.704214
 Particle Energ          -3326.174793   -2155.102146   -5481.276939
 Selfconsistency Test.                                     0.000000

 Kinetic Energy           2173.391914     908.782130    3082.174044
 E-scsc                                               -34573.244717
 E-scve                                                28791.089973
 E-vesc                                                    0.000000
 E-veve                                                  202.211092
 E-rearrang.                                             998.024734
 Coulomb direct                                          799.205793
 Pairing Energy            -20.744212      -0.000000     -20.744212
 Sum without E-cm                                      -1719.308027
DE-cm <P**2>/2M            -13.069946      -5.492082     -18.562028
NE-cm <P**2>/2M              9.857078       3.469496      13.326574
 E-cm <P**2>/2M             -3.212868      -2.022586      -5.235454
 Total Energy                                          -1724.543481
 E/A                                                      -7.433377

  ****** END EXPECT *********************************


 quasi-particle properties Neutron:
 ------------------------------------------------------------------
     p/h    l j     [nr,l,j]  smax       Eqp       uu       vv
   1  p   1s 1/2   ( 4s  1/2) 0.88     2.297     0.971     0.029
   2  p   2s 1/2   ( 6s  1/2) 0.49     7.261     0.998     0.002
   3  p   3s 1/2   ( 5s  1/2) 0.70    15.689     0.980     0.020
   4  h   4s 1/2   ( 3s  1/2) 0.94    17.179     0.023     0.977
   5  p   5s 1/2   ( 6s  1/2) 0.59    27.867     1.000     0.000
   6  h   6s 1/2   ( 2s  1/2) 0.90    39.555     0.001     0.999
   7  p   7s 1/2   ( 7s  1/2) 0.54    42.353     0.999     0.001
   8  h   8s 1/2   ( 1s  1/2) 0.93    56.893     0.000     1.000
   9  p   9s 1/2   ( 8s  1/2) 0.62    60.981     1.000     0.000
  10  p  10s 1/2   ( 9s  1/2) 0.64    91.034     1.000     0.000
  11  p   1p 1/2   ( 4p  1/2) 0.58     5.889     0.967     0.033
  12  h   2p 1/2   ( 3p  1/2) 0.95     6.374     0.045     0.955
  13  p   3p 1/2   ( 4p  1/2) 0.71    12.482     0.999     0.001
  14  p   4p 1/2   ( 5p  1/2) 0.71    23.026     0.999     0.001
  15  h   5p 1/2   ( 2p  1/2) 0.94    28.937     0.001     0.999
  16  p   6p 1/2   ( 6p  1/2) 0.63    37.204     1.000     0.000
  17  h   7p 1/2   ( 1p  1/2) 0.96    50.443     0.000     1.000
  18  p   8p 1/2   ( 7p  1/2) 0.66    54.969     1.000     0.000
  19  p   9p 1/2   ( 8p  1/2) 0.64    83.960     1.000     0.000
  20  p   1d 3/2   ( 3d  3/2) 0.91     2.445     0.963     0.037
  21  p   2d 3/2   ( 5d  3/2) 0.49     7.713     0.998     0.002
  22  p   3d 3/2   ( 4d  3/2) 0.72    16.152     0.993     0.007
  23  h   4d 3/2   ( 2d  3/2) 0.96    18.332     0.009     0.991
  24  p   5d 3/2   ( 5d  3/2) 0.60    28.045     1.000     0.000
  25  h   6d 3/2   ( 1d  3/2) 0.90    42.432     0.156     0.844
  26  p   7d 3/2   ( 6d  3/2) 0.50    42.634     0.844     0.156
  27  p   8d 3/2   ( 7d  3/2) 0.62    61.189     1.000     0.000
  28  p   9d 3/2   ( 8d  3/2) 0.64    91.291     1.000     0.000
  29  p   1p 3/2   ( 4p  3/2) 0.60     5.812     0.997     0.003
  30  h   2p 3/2   ( 3p  3/2) 0.96     7.113     0.012     0.988
  31  p   3p 3/2   ( 4p  3/2) 0.70    12.217     0.999     0.001
  32  p   4p 3/2   ( 5p  3/2) 0.71    22.783     0.999     0.001
  33  h   5p 3/2   ( 2p  3/2) 0.93    29.701     0.001     0.999
  34  p   6p 3/2   ( 6p  3/2) 0.64    36.883     1.000     0.000
  35  h   7p 3/2   ( 1p  3/2) 0.95    50.771     0.000     1.000
  36  p   8p 3/2   ( 7p  3/2) 0.66    54.529     1.000     0.000
  37  p   9p 3/2   ( 8p  3/2) 0.64    83.648     1.000     0.000
  38  p   1d 5/2   ( 3d  5/2) 0.91     1.794     0.925     0.075
  39  p   2d 5/2   ( 5d  5/2) 0.51     7.519     0.998     0.002
  40  p   3d 5/2   ( 4d  5/2) 0.72    15.809     0.998     0.002
  41  h   4d 5/2   ( 2d  5/2) 0.95    19.759     0.004     0.996
  42  p   5d 5/2   ( 5d  5/2) 0.62    27.658     1.000     0.000
  43  p   6d 5/2   ( 6d  5/2) 0.56    42.039     0.997     0.003
  44  h   7d 5/2   ( 1d  5/2) 0.96    43.436     0.004     0.996
  45  p   8d 5/2   ( 7d  5/2) 0.62    60.457     1.000     0.000
  46  p   9d 5/2   ( 8d  5/2) 0.64    90.730     1.000     0.000
  47  p   1f 5/2   ( 3f  5/2) 0.66     6.939     0.999     0.001
  48  h   2f 5/2   ( 2f  5/2) 0.98     8.004     0.010     0.990
  49  p   3f 5/2   ( 3f  5/2) 0.69    12.503     0.997     0.003
  50  p   4f 5/2   ( 4f  5/2) 0.74    22.784     0.999     0.001
  51  h   5f 5/2   ( 1f  5/2) 0.98    33.298     0.001     0.999
  52  p   6f 5/2   ( 5f  5/2) 0.66    37.066     1.000     0.000
  53  p   7f 5/2   ( 6f  5/2) 0.67    54.612     1.000     0.000
  54  p   8f 5/2   ( 7f  5/2) 0.64    83.326     1.000     0.000
  55  p   1g 7/2   ( 2g  7/2) 0.92     1.907     0.882     0.118
  56  p   2g 7/2   ( 4g  7/2) 0.49     8.973     0.999     0.001
  57  p   3g 7/2   ( 3g  7/2) 0.75    16.846     1.000     0.000
  58  h   4g 7/2   ( 1g  7/2) 0.98    23.289     0.002     0.998
  59  p   5g 7/2   ( 4g  7/2) 0.66    27.769     1.000     0.000
  60  p   6g 7/2   ( 5g  7/2) 0.60    42.096     1.000     0.000
  61  p   7g 7/2   ( 6g  7/2) 0.65    60.570     1.000     0.000
  62  p   8g 7/2   ( 7g  7/2) 0.64    89.924     1.000     0.000
  63  p   1f 7/2   ( 3f  7/2) 0.70     6.696     0.999     0.001
  64  h   2f 7/2   ( 2f  7/2) 0.96    10.056     0.016     0.984
  65  p   3f 7/2   ( 3f  7/2) 0.65    11.897     0.989     0.011
  66  p   4f 7/2   ( 4f  7/2) 0.74    22.308     0.999     0.001
  67  h   5f 7/2   ( 1f  7/2) 0.98    35.242     0.004     0.996
  68  p   6f 7/2   ( 5f  7/2) 0.67    36.381     0.997     0.003
  69  p   7f 7/2   ( 6f  7/2) 0.67    53.611     1.000     0.000
  70  p   8f 7/2   ( 7f  7/2) 0.64    82.559     1.000     0.000
  71  h   1g 9/2   ( 2g  9/2) 0.87     1.514     0.208     0.792
  72  p   2g 9/2   ( 3g  9/2) 0.50     8.776     0.999     0.001
  73  p   3g 9/2   ( 3g  9/2) 0.75    16.192     1.000     0.000
  74  h   4g 9/2   ( 1g  9/2) 0.97    26.489     0.018     0.982
  75  p   5g 9/2   ( 4g  9/2) 0.67    27.066     0.983     0.017
  76  p   6g 9/2   ( 5g  9/2) 0.60    41.234     1.000     0.000
  77  p   7g 9/2   ( 6g  9/2) 0.64    59.308     1.000     0.000
  78  p   8g 9/2   ( 7g  9/2) 0.64    89.066     1.000     0.000
  79  p   1h 9/2   ( 2h  9/2) 0.83     8.500     0.996     0.004
  80  p   2h 9/2   ( 2h  9/2) 0.38    12.506     0.627     0.373
  81  h   3h 9/2   ( 1h  9/2) 0.77    12.978     0.377     0.623
  82  p   4h 9/2   ( 3h  9/2) 0.76    23.171     1.000     0.000
  83  p   5h 9/2   ( 4h  9/2) 0.70    37.000     1.000     0.000
  84  p   6h 9/2   ( 5h  9/2) 0.70    53.936     1.000     0.000
  85  p   7h 9/2   ( 6h  9/2) 0.64    81.604     1.000     0.000
  86  h   1i11/2   ( 1i 11/2) 0.94     2.498     0.078     0.922
  87  p   2i11/2   ( 2i 11/2) 0.51    11.547     1.000     0.000
  88  p   3i11/2   ( 2i 11/2) 0.79    17.646     1.000     0.000
  89  p   4i11/2   ( 3i 11/2) 0.73    27.414     1.000     0.000
  90  p   5i11/2   ( 4i 11/2) 0.64    41.977     1.000     0.000
  91  p   6i11/2   ( 5i 11/2) 0.67    60.040     1.000     0.000
  92  p   7i11/2   ( 6i 11/2) 0.65    88.253     1.000     0.000
  93  p   1h11/2   ( 2h 11/2) 0.93     7.029     0.996     0.004
  94  p   2h11/2   ( 4h 11/2) 0.52    11.736     0.999     0.001
  95  h   3h11/2   ( 1h 11/2) 0.98    17.455     0.004     0.996
  96  p   4h11/2   ( 3h 11/2) 0.76    22.302     0.999     0.001
  97  p   5h11/2   ( 4h 11/2) 0.71    35.830     1.000     0.000
  98  p   6h11/2   ( 5h 11/2) 0.69    52.318     1.000     0.000
  99  p   7h11/2   ( 6h 11/2) 0.64    80.541     1.000     0.000
 100  h   1i13/2   ( 1i 13/2) 0.98     8.327     0.008     0.992
 101  p   2i13/2   ( 2i 13/2) 0.59    11.276     1.000     0.000
 102  p   3i13/2   ( 2i 13/2) 0.75    16.123     0.999     0.001
 103  p   4i13/2   ( 3i 13/2) 0.76    26.111     1.000     0.000
 104  p   5i13/2   ( 4i 13/2) 0.66    40.558     1.000     0.000
 105  p   6i13/2   ( 5i 13/2) 0.67    57.908     1.000     0.000
 106  p   7i13/2   ( 6i 13/2) 0.64    86.896     1.000     0.000
 107  p   1j13/2   ( 1j 13/2) 0.97     8.087     0.994     0.006
 108  p   2j13/2   ( 3j 13/2) 0.51    14.691     1.000     0.000
 109  p   3j13/2   ( 2j 13/2) 0.79    24.099     1.000     0.000
 110  p   4j13/2   ( 3j 13/2) 0.75    36.352     1.000     0.000
 111  p   5j13/2   ( 4j 13/2) 0.72    53.109     1.000     0.000
 112  p   6j13/2   ( 5j 13/2) 0.64    80.204     1.000     0.000
 113  p   1k15/2   ( 1k 15/2) 0.64    15.479     1.000     0.000
 114  p   2k15/2   ( 1k 15/2) 0.74    18.355     0.999     0.001
 115  p   3k15/2   ( 2k 15/2) 0.78    28.317     1.000     0.000
 116  p   4k15/2   ( 3k 15/2) 0.70    41.744     1.000     0.000
 117  p   5k15/2   ( 4k 15/2) 0.70    58.578     1.000     0.000
 118  p   6k15/2   ( 5k 15/2) 0.65    86.544     1.000     0.000
 119  p   1j15/2   ( 1j 15/2) 0.87     1.550     0.787     0.213
 120  p   2j15/2   ( 2j 15/2) 0.54    14.349     1.000     0.000
 121  p   3j15/2   ( 2j 15/2) 0.79    22.656     1.000     0.000
 122  p   4j15/2   ( 3j 15/2) 0.76    34.555     1.000     0.000
 123  p   5j15/2   ( 4j 15/2) 0.72    50.601     1.000     0.000
 124  p   6j15/2   ( 6j 15/2) 0.65    78.045     1.000     0.000
 125  p   1k17/2   ( 1k 17/2) 0.97     9.760     0.997     0.003
 126  p   2k17/2   ( 3k 17/2) 0.52    16.415     1.000     0.000
 127  p   3k17/2   ( 2k 17/2) 0.79    26.649     1.000     0.000
 128  p   4k17/2   ( 3k 17/2) 0.74    39.636     1.000     0.000
 129  p   5k17/2   ( 4k 17/2) 0.71    55.623     1.000     0.000
 130  p   6k17/2   ( 5k 17/2) 0.64    83.813     1.000     0.000
 131  p   1l17/2   ( 3l 17/2) 0.54    19.473     1.000     0.000
 132  p   2l17/2   ( 1l 17/2) 0.86    26.193     1.000     0.000
 133  p   3l17/2   ( 2l 17/2) 0.78    36.652     1.000     0.000
 134  p   4l17/2   ( 3l 17/2) 0.74    52.907     1.000     0.000
 135  p   5l17/2   ( 5l 17/2) 0.67    77.255     1.000     0.000
 136  p   1m19/2   ( 3m 19/2) 0.57    21.763     1.000     0.000
 137  p   2m19/2   ( 1m 19/2) 0.84    31.662     1.000     0.000
 138  p   3m19/2   ( 2m 19/2) 0.73    41.900     1.000     0.000
 139  p   4m19/2   ( 3m 19/2) 0.72    58.677     1.000     0.000
 140  p   5m19/2   ( 4m 19/2) 0.65    83.553     1.000     0.000
 141  p   1l19/2   ( 1l 19/2) 0.91    17.607     0.999     0.001
 142  p   2l19/2   ( 2l 19/2) 0.57    20.754     1.000     0.000
 143  p   3l19/2   ( 2l 19/2) 0.76    34.115     1.000     0.000
 144  p   4l19/2   ( 3l 19/2) 0.75    49.119     1.000     0.000
 145  p   5l19/2   ( 5l 19/2) 0.68    73.699     1.000     0.000
 146  p   1m21/2   ( 3m 21/2) 0.55    21.579     1.000     0.000
 147  p   2m21/2   ( 1m 21/2) 0.87    26.676     1.000     0.000
 148  p   3m21/2   ( 2m 21/2) 0.79    37.917     1.000     0.000
 149  p   4m21/2   ( 3m 21/2) 0.75    54.025     1.000     0.000
 150  p   5m21/2   ( 5m 21/2) 0.67    79.073     1.000     0.000
 151  p   1n21/2   ( 2n 21/2) 0.59    26.418     1.000     0.000
 152  p   2n21/2   ( 1n 21/2) 0.83    39.223     1.000     0.000
 153  p   3n21/2   ( 2n 21/2) 0.75    52.469     1.000     0.000
 154  p   4n21/2   ( 4n 21/2) 0.68    75.949     1.000     0.000
 155  p   1o23/2   ( 2o 23/2) 0.60    28.795     1.000     0.000
 156  p   2o23/2   ( 1o 23/2) 0.80    43.238     1.000     0.000
 157  p   3o23/2   ( 2o 23/2) 0.73    57.902     1.000     0.000
 158  p   4o23/2   ( 4o 23/2) 0.66    82.194     1.000     0.000
 159  p   1n23/2   ( 3n 23/2) 0.55    26.152     1.000     0.000
 160  p   2n23/2   ( 1n 23/2) 0.84    35.351     1.000     0.000
 161  p   3n23/2   ( 2n 23/2) 0.73    46.548     1.000     0.000
 162  p   4n23/2   ( 4n 23/2) 0.74    68.961     1.000     0.000
 163  p   1o25/2   ( 2o 25/2) 0.58    28.676     1.000     0.000
 164  p   2o25/2   ( 1o 25/2) 0.86    41.109     1.000     0.000
 165  p   3o25/2   ( 2o 25/2) 0.77    51.608     1.000     0.000
 166  p   4o25/2   ( 4o 25/2) 0.73    73.618     1.000     0.000
 167  p   1P25/2   ( 2P 25/2) 0.68    35.011     1.000     0.000
 168  p   2P25/2   ( 1P 25/2) 0.78    52.547     1.000     0.000
 169  p   3P25/2   ( 3P 25/2) 0.71    73.343     1.000     0.000
 170  p   1q27/2   ( 2q 27/2) 0.68    37.596     1.000     0.000
 171  p   2q27/2   ( 1q 27/2) 0.78    56.477     1.000     0.000
 172  p   3q27/2   ( 3q 27/2) 0.69    78.611     1.000     0.000
 173  p   1P27/2   ( 2P 27/2) 0.64    34.820     1.000     0.000
 174  p   2P27/2   ( 1P 27/2) 0.78    49.966     1.000     0.000
 175  p   3P27/2   ( 3P 27/2) 0.79    63.488     1.000     0.000
 176  p   1q29/2   ( 2q 29/2) 0.66    37.446     1.000     0.000
 177  p   2q29/2   ( 1q 29/2) 0.79    55.069     1.000     0.000
 178  p   3q29/2   ( 3q 29/2) 0.74    69.113     1.000     0.000
 179  p   1r29/2   ( 1r 29/2) 0.78    46.193     1.000     0.000
 180  p   2r29/2   ( 2r 29/2) 0.77    70.036     1.000     0.000
 181  p   1S31/2   ( 1S 31/2) 0.77    49.048     1.000     0.000
 182  p   2S31/2   ( 2S 31/2) 0.77    74.404     1.000     0.000
 183  p   1r31/2   ( 1r 31/2) 0.77    46.014     1.000     0.000
 184  p   2r31/2   ( 2r 31/2) 0.76    65.294     1.000     0.000
 185  p   1S33/2   ( 1S 33/2) 0.76    48.903     1.000     0.000
 186  p   2S33/2   ( 2S 33/2) 0.76    70.819     1.000     0.000
 187  p   1t33/2   ( 1t 33/2) 0.98    62.304     1.000     0.000
 188  p   1u35/2   ( 1u 35/2) 0.98    65.602     1.000     0.000
 189  p   1t35/2   ( 1t 35/2) 0.98    61.540     1.000     0.000
 190  p   1u37/2   ( 1u 37/2) 0.98    65.082     1.000     0.000


 quasi-particle properties Proton: 
 ------------------------------------------------------------------
     p/h    l j     [nr,l,j]  smax       Eqp       uu       vv
   1  h   1s 1/2   ( 3s  1/2) 0.91     1.070     0.000     1.000
   2  p   2s 1/2   ( 4s  1/2) 0.92    20.045     1.000     0.000
   3  h   3s 1/2   ( 2s  1/2) 0.83    22.619     0.000     1.000
   4  p   4s 1/2   ( 6s  1/2) 0.50    24.777     1.000     0.000
   5  p   5s 1/2   ( 5s  1/2) 0.73    33.622     1.000     0.000
   6  h   6s 1/2   ( 1s  1/2) 0.89    39.659     0.000     1.000
   7  p   7s 1/2   ( 6s  1/2) 0.60    45.861     1.000     0.000
   8  p   8s 1/2   ( 7s  1/2) 0.54    60.192     1.000     0.000
   9  p   9s 1/2   ( 8s  1/2) 0.61    78.243     1.000     0.000
  11  p   1p 1/2   ( 3p  1/2) 0.95     9.786     1.000     0.000
  12  h   2p 1/2   ( 2p  1/2) 0.90    12.684     0.000     1.000
  13  p   3p 1/2   ( 4p  1/2) 0.56    24.156     1.000     0.000
  14  p   4p 1/2   ( 4p  1/2) 0.75    30.035     1.000     0.000
  15  h   5p 1/2   ( 1p  1/2) 0.93    34.073     0.000     1.000
  16  p   6p 1/2   ( 5p  1/2) 0.73    40.747     1.000     0.000
  17  p   7p 1/2   ( 6p  1/2) 0.64    54.989     1.000     0.000
  18  p   8p 1/2   ( 7p  1/2) 0.65    72.047     1.000     0.000
  20  h   1d 3/2   ( 2d  3/2) 0.95     2.713     0.000     1.000
  21  p   2d 3/2   ( 3d  3/2) 0.96    19.394     1.000     0.000
  22  p   3d 3/2   ( 5d  3/2) 0.49    25.262     1.000     0.000
  23  h   4d 3/2   ( 1d  3/2) 0.96    26.758     0.000     1.000
  24  p   5d 3/2   ( 4d  3/2) 0.75    33.910     1.000     0.000
  25  p   6d 3/2   ( 5d  3/2) 0.63    45.721     1.000     0.000
  26  p   7d 3/2   ( 6d  3/2) 0.57    60.095     1.000     0.000
  27  p   8d 3/2   ( 7d  3/2) 0.62    78.103     1.000     0.000
  29  p   1p 3/2   ( 3p  3/2) 0.94     9.063     1.000     0.000
  30  h   2p 3/2   ( 2p  3/2) 0.88    13.503     0.000     1.000
  31  p   3p 3/2   ( 4p  3/2) 0.58    24.081     1.000     0.000
  32  p   4p 3/2   ( 4p  3/2) 0.74    29.717     1.000     0.000
  33  h   5p 3/2   ( 1p  3/2) 0.92    34.545     0.000     1.000
  34  p   6p 3/2   ( 5p  3/2) 0.73    40.509     1.000     0.000
  35  p   7p 3/2   ( 6p  3/2) 0.65    54.665     1.000     0.000
  36  p   8p 3/2   ( 7p  3/2) 0.65    71.601     1.000     0.000
  38  h   1d 5/2   ( 2d  5/2) 0.93     4.208     0.000     1.000
  39  p   2d 5/2   ( 3d  5/2) 0.96    18.597     1.000     0.000
  40  p   3d 5/2   ( 5d  5/2) 0.50    25.165     1.000     0.000
  41  h   4d 5/2   ( 1d  5/2) 0.95    27.951     0.000     1.000
  42  p   5d 5/2   ( 4d  5/2) 0.75    33.587     1.000     0.000
  43  p   6d 5/2   ( 5d  5/2) 0.64    45.331     1.000     0.000
  44  p   7d 5/2   ( 6d  5/2) 0.57    59.567     1.000     0.000
  45  p   8d 5/2   ( 7d  5/2) 0.62    77.399     1.000     0.000
  47  p   1f 5/2   ( 2f  5/2) 0.97     7.231     1.000     0.000
  48  h   2f 5/2   ( 1f  5/2) 0.98    18.133     0.000     1.000
  49  p   3f 5/2   ( 3f  5/2) 0.66    25.223     1.000     0.000
  50  p   4f 5/2   ( 3f  5/2) 0.71    29.722     1.000     0.000
  51  p   5f 5/2   ( 4f  5/2) 0.76    40.502     1.000     0.000
  52  p   6f 5/2   ( 5f  5/2) 0.68    54.710     1.000     0.000
  53  p   7f 5/2   ( 6f  5/2) 0.68    71.473     1.000     0.000
  55  h   1g 7/2   ( 1g  7/2) 0.98     8.591     0.000     1.000
  56  p   2g 7/2   ( 2g  7/2) 0.98    16.833     1.000     0.000
  57  p   3g 7/2   ( 5g  7/2) 0.48    26.801     1.000     0.000
  58  p   4g 7/2   ( 3g  7/2) 0.79    34.584     1.000     0.000
  59  p   5g 7/2   ( 4g  7/2) 0.70    45.231     1.000     0.000
  60  p   6g 7/2   ( 5g  7/2) 0.62    59.643     1.000     0.000
  61  p   7g 7/2   ( 6g  7/2) 0.65    77.382     1.000     0.000
  63  p   1f 7/2   ( 2f  7/2) 0.96     5.142     1.000     0.000
  64  h   2f 7/2   ( 1f  7/2) 0.97    20.367     0.000     1.000
  65  p   3f 7/2   ( 3f  7/2) 0.72    24.950     1.000     0.000
  66  p   4f 7/2   ( 3f  7/2) 0.64    29.041     1.000     0.000
  67  p   5f 7/2   ( 4f  7/2) 0.76    40.098     1.000     0.000
  68  p   6f 7/2   ( 5f  7/2) 0.68    54.075     1.000     0.000
  69  p   7f 7/2   ( 6f  7/2) 0.67    70.543     1.000     0.000
  71  h   1g 9/2   ( 1g  9/2) 0.98    12.127     0.000     1.000
  72  p   2g 9/2   ( 2g  9/2) 0.97    14.432     1.000     0.000
  73  p   3g 9/2   ( 4g  9/2) 0.47    26.697     1.000     0.000
  74  p   4g 9/2   ( 3g  9/2) 0.79    33.860     1.000     0.000
  75  p   5g 9/2   ( 4g  9/2) 0.71    44.487     1.000     0.000
  76  p   6g 9/2   ( 5g  9/2) 0.62    58.852     1.000     0.000
  77  p   7g 9/2   ( 6g  9/2) 0.65    76.196     1.000     0.000
  79  p   1h 9/2   ( 1h  9/2) 0.98     1.512     1.000     0.000
  80  p   2h 9/2   ( 2h  9/2) 0.94    25.479     1.000     0.000
  81  p   3h 9/2   ( 4h  9/2) 0.51    29.620     1.000     0.000
  82  p   4h 9/2   ( 3h  9/2) 0.78    40.836     1.000     0.000
  83  p   5h 9/2   ( 4h  9/2) 0.72    54.410     1.000     0.000
  84  p   6h 9/2   ( 5h  9/2) 0.70    70.623     1.000     0.000
  85  p   7h 9/2   ( 6h  9/2) 0.64    98.930     1.000     0.000
  86  p   1i11/2   ( 1i 11/2) 0.97    11.820     1.000     0.000
  87  p   2i11/2   ( 2i 11/2) 0.48    29.569     1.000     0.000
  88  p   3i11/2   ( 2i 11/2) 0.83    34.616     1.000     0.000
  89  p   4i11/2   ( 3i 11/2) 0.78    44.482     1.000     0.000
  90  p   5i11/2   ( 4i 11/2) 0.67    59.316     1.000     0.000
  91  p   6i11/2   ( 5i 11/2) 0.68    76.424     1.000     0.000
  93  h   1h11/2   ( 1h 11/2) 0.98     3.469     0.000     1.000
  94  p   2h11/2   ( 2h 11/2) 0.97    23.366     1.000     0.000
  95  p   3h11/2   ( 4h 11/2) 0.53    29.192     1.000     0.000
  96  p   4h11/2   ( 3h 11/2) 0.78    40.052     1.000     0.000
  97  p   5h11/2   ( 4h 11/2) 0.73    53.242     1.000     0.000
  98  p   6h11/2   ( 5h 11/2) 0.70    69.087     1.000     0.000
  99  p   7h11/2   ( 6h 11/2) 0.64    97.922     1.000     0.000
 100  p   1i13/2   ( 1i 13/2) 0.98     5.415     1.000     0.000
 101  p   2i13/2   ( 2i 13/2) 0.61    29.273     1.000     0.000
 102  p   3i13/2   ( 2i 13/2) 0.75    32.770     1.000     0.000
 103  p   4i13/2   ( 3i 13/2) 0.78    43.409     1.000     0.000
 104  p   5i13/2   ( 4i 13/2) 0.70    58.012     1.000     0.000
 105  p   6i13/2   ( 5i 13/2) 0.68    74.386     1.000     0.000
 107  p   1j13/2   ( 1j 13/2) 0.97    21.983     1.000     0.000
 108  p   2j13/2   ( 4j 13/2) 0.52    32.670     1.000     0.000
 109  p   3j13/2   ( 2j 13/2) 0.83    41.834     1.000     0.000
 110  p   4j13/2   ( 3j 13/2) 0.78    53.369     1.000     0.000
 111  p   5j13/2   ( 4j 13/2) 0.74    69.551     1.000     0.000
 112  p   6j13/2   ( 6j 13/2) 0.65    96.570     1.000     0.000
 113  p   1k15/2   ( 1k 15/2) 0.96    31.485     1.000     0.000
 114  p   2k15/2   ( 4k 15/2) 0.52    34.518     1.000     0.000
 115  p   3k15/2   ( 2k 15/2) 0.81    46.098     1.000     0.000
 116  p   4k15/2   ( 3k 15/2) 0.74    58.964     1.000     0.000
 117  p   5k15/2   ( 4k 15/2) 0.72    74.895     1.000     0.000
 119  p   1j15/2   ( 1j 15/2) 0.97    14.467     1.000     0.000
 120  p   2j15/2   ( 2j 15/2) 0.51    32.456     1.000     0.000
 121  p   3j15/2   ( 2j 15/2) 0.82    40.076     1.000     0.000
 122  p   4j15/2   ( 3j 15/2) 0.78    51.765     1.000     0.000
 123  p   5j15/2   ( 4j 15/2) 0.74    67.329     1.000     0.000
 124  p   6j15/2   ( 6j 15/2) 0.65    94.383     1.000     0.000
 125  p   1k17/2   ( 1k 17/2) 0.96    23.506     1.000     0.000
 126  p   2k17/2   ( 4k 17/2) 0.53    34.184     1.000     0.000
 127  p   3k17/2   ( 2k 17/2) 0.81    44.581     1.000     0.000
 128  p   4k17/2   ( 3k 17/2) 0.77    56.857     1.000     0.000
 129  p   5k17/2   ( 4k 17/2) 0.73    72.269     1.000     0.000
 130  p   6k17/2   ( 5k 17/2) 0.64    99.820     1.000     0.000
 131  p   1l17/2   ( 1l 17/2) 0.53    37.484     1.000     0.000
 132  p   2l17/2   ( 1l 17/2) 0.82    41.500     1.000     0.000
 133  p   3l17/2   ( 2l 17/2) 0.79    54.011     1.000     0.000
 134  p   4l17/2   ( 3l 17/2) 0.76    69.418     1.000     0.000
 135  p   5l17/2   ( 5l 17/2) 0.68    93.026     1.000     0.000
 136  p   1m19/2   ( 3m 19/2) 0.57    39.685     1.000     0.000
 137  p   2m19/2   ( 1m 19/2) 0.91    48.538     1.000     0.000
 138  p   3m19/2   ( 2m 19/2) 0.79    58.314     1.000     0.000
 139  p   4m19/2   ( 3m 19/2) 0.74    75.042     1.000     0.000
 140  p   5m19/2   ( 5m 19/2) 0.65    99.264     1.000     0.000
 141  p   1l19/2   ( 1l 19/2) 0.96    32.360     1.000     0.000
 142  p   2l19/2   ( 2l 19/2) 0.57    38.081     1.000     0.000
 143  p   3l19/2   ( 2l 19/2) 0.76    52.255     1.000     0.000
 144  p   4l19/2   ( 3l 19/2) 0.76    65.881     1.000     0.000
 145  p   5l19/2   ( 5l 19/2) 0.70    89.625     1.000     0.000
 146  p   1m21/2   ( 1m 21/2) 0.56    39.406     1.000     0.000
 147  p   2m21/2   ( 1m 21/2) 0.78    41.598     1.000     0.000
 148  p   3m21/2   ( 2m 21/2) 0.78    55.643     1.000     0.000
 149  p   4m21/2   ( 3m 21/2) 0.76    70.990     1.000     0.000
 150  p   5m21/2   ( 5m 21/2) 0.68    94.887     1.000     0.000
 151  p   1n21/2   ( 3n 21/2) 0.58    44.593     1.000     0.000
 152  p   2n21/2   ( 1n 21/2) 0.87    56.969     1.000     0.000
 153  p   3n21/2   ( 2n 21/2) 0.76    68.100     1.000     0.000
 154  p   4n21/2   ( 4n 21/2) 0.70    91.374     1.000     0.000
 155  p   1o23/2   ( 3o 23/2) 0.59    46.752     1.000     0.000
 156  p   2o23/2   ( 1o 23/2) 0.85    61.836     1.000     0.000
 157  p   3o23/2   ( 2o 23/2) 0.76    73.725     1.000     0.000
 158  p   4o23/2   ( 4o 23/2) 0.69    97.137     1.000     0.000
 159  p   1n23/2   ( 3n 23/2) 0.57    44.209     1.000     0.000
 160  p   2n23/2   ( 1n 23/2) 0.79    51.278     1.000     0.000
 161  p   3n23/2   ( 2n 23/2) 0.68    63.723     1.000     0.000
 162  p   4n23/2   ( 4n 23/2) 0.75    84.765     1.000     0.000
 163  p   1o25/2   ( 3o 25/2) 0.59    46.611     1.000     0.000
 164  p   2o25/2   ( 1o 25/2) 0.88    58.400     1.000     0.000
 165  p   3o25/2   ( 2o 25/2) 0.74    68.028     1.000     0.000
 166  p   4o25/2   ( 4o 25/2) 0.74    89.304     1.000     0.000
 167  p   1P25/2   ( 2P 25/2) 0.67    53.367     1.000     0.000
 168  p   2P25/2   ( 1P 25/2) 0.80    70.996     1.000     0.000
 169  p   3P25/2   ( 3P 25/2) 0.73    87.689     1.000     0.000
 170  p   1q27/2   ( 2q 27/2) 0.68    55.713     1.000     0.000
 171  p   2q27/2   ( 1q 27/2) 0.80    75.427     1.000     0.000
 172  p   3q27/2   ( 3q 27/2) 0.70    93.317     1.000     0.000
 173  p   1P27/2   ( 2P 27/2) 0.63    53.102     1.000     0.000
 174  p   2P27/2   ( 1P 27/2) 0.78    67.604     1.000     0.000
 175  p   3P27/2   ( 3P 27/2) 0.82    78.815     1.000     0.000
 176  p   1q29/2   ( 2q 29/2) 0.65    55.507     1.000     0.000
 177  p   2q29/2   ( 1q 29/2) 0.81    73.782     1.000     0.000
 178  p   3q29/2   ( 3q 29/2) 0.77    84.232     1.000     0.000
 179  p   1r29/2   ( 1r 29/2) 0.76    64.843     1.000     0.000
 180  p   2r29/2   ( 2r 29/2) 0.75    87.376     1.000     0.000
 181  p   1S31/2   ( 1S 31/2) 0.76    67.484     1.000     0.000
 182  p   2S31/2   ( 2S 31/2) 0.75    92.395     1.000     0.000
 183  p   1r31/2   ( 1r 31/2) 0.74    64.618     1.000     0.000
 184  p   2r31/2   ( 2r 31/2) 0.74    82.769     1.000     0.000
 185  p   1S33/2   ( 1S 33/2) 0.75    67.294     1.000     0.000
 186  p   2S33/2   ( 2S 33/2) 0.74    88.921     1.000     0.000
 187  p   1t33/2   ( 1t 33/2) 0.98    81.228     1.000     0.000
 188  p   1u35/2   ( 1u 35/2) 0.98    84.470     1.000     0.000
 189  p   1t35/2   ( 1t 35/2) 0.98    80.466     1.000     0.000
 190  p   1u37/2   ( 1u 37/2) 0.98    83.943     1.000     0.000
  ****** END RESU ***********************************
