
  ******************************************  
  *           Fortran 77 Code              *  
  *         Spherical H.O. basis            *  
  * Dirac-Hartree-Bogoliubov calculation   *  
  *        with density-dependent          *  
  * meson-exchange or point coupling force *  
  *          and separable pairing         *  
  * -------------------------------------- *  
  *      Niksic, Paar, Vretenar, Ring      *  
  *          18/ 4/2026/01:52:24           *
  *       Pb 252  N = 170  Z =  82
  ******************************************  
  ****** BEGIN READER *******************************
 Number of oscillator shells :    18   20
 Initialization inin,inink   :     1    1
 Nucleus: Pb 252   170  82
 Initial Gap Parameters      :     1.0000    1.0000
 Parameter set               :    DD-PC1    
  ****** END READER *********************************
  ****** BEGIN FORCES *******************************

 NEDF Parameters: DD-PC1    
           scasca    scavec    vecsca    vecvec
 GG   =   1.000000  1.000000  1.000000  1.000000
 DD   =  -0.814900  0.000000  0.000000  0.000000
  
 Density dependence parameters:
           scasca    scavec    vecsca    vecvec
 a    = -10.046200  5.919500  0.000000  0.000000
 b    =  -9.150400  8.863700  0.000000  1.836000
 c    =  -6.427300  0.000000  0.000000  0.000000
 d    =   1.372400  0.658400  0.000000  0.640300
 dsat =   0.152000
  
 TMR pairing: Tian,Ma,Ring, PRB 676, 44 (2009)
 TMR pairing strength    gl =:  -728.00000 [MeV*fm^3]
 TMR pairing width        a =:     0.64420 [fm]
  ****** END FORCES *********************************
  ****** BEGIN PREP *********************************
  
 hom =                            6.491081
 hb0 =                           20.734000
 b0  =                            2.527540
 with Coulomb force
 With microscopic c.m. correction
  ****** END PREP ***********************************
  ****** BEGIN ITER *********************************
  1.It. si =    0.0000000  E/A =    0.0000 R =    0.0000  mix = 0.50
  2.It. si =  125.9692482  E/A =   -6.9965 R =    6.2031  mix = 0.50
  3.It. si =   67.0755203  E/A =   -7.0021 R =    6.1804  mix = 0.50
  4.It. si =   15.1514479  E/A =   -7.0073 R =    6.1551  mix = 0.50
  5.It. si =   11.9594787  E/A =   -7.0167 R =    6.1288  mix = 0.50
  6.It. si =   11.7231109  E/A =   -7.0190 R =    6.1142  mix = 0.50
  7.It. si =    4.0823081  E/A =   -7.0213 R =    6.0976  mix = 0.50
  8.It. si =    1.2981408  E/A =   -7.0216 R =    6.0890  mix = 0.50
  9.It. si =    0.3470475  E/A =   -7.0223 R =    6.0852  mix = 0.50
 10.It. si =    0.0714426  E/A =   -7.0223 R =    6.0852  mix = 0.50
 11.It. si =    0.2730946  E/A =   -7.0225 R =    6.0851  mix = 0.50
 12.It. si =    0.3104167  E/A =   -7.0225 R =    6.0850  mix = 0.50
 13.It. si =    0.3228901  E/A =   -7.0225 R =    6.0850  mix = 0.50
 14.It. si =    0.0502207  E/A =   -7.0224 R =    6.0846  mix = 0.50
 15.It. si =    0.0329163  E/A =   -7.0225 R =    6.0840  mix = 0.50
 16.It. si =    0.0127630  E/A =   -7.0225 R =    6.0836  mix = 0.50
 17.It. si =    0.0086347  E/A =   -7.0224 R =    6.0836  mix = 0.50
 18.It. si =    0.0021664  E/A =   -7.0224 R =    6.0837  mix = 0.50
 19.It. si =    0.0054187  E/A =   -7.0223 R =    6.0836  mix = 0.50
 20.It. si =    0.0064714  E/A =   -7.0223 R =    6.0836  mix = 0.50
 21.It. si =    0.0026749  E/A =   -7.0223 R =    6.0836  mix = 0.50
 22.It. si =    0.0006690  E/A =   -7.0223 R =    6.0836  mix = 0.50
 23.It. si =    0.0001457  E/A =   -7.0223 R =    6.0836  mix = 0.50
 24.It. si =    0.0000248  E/A =   -7.0223 R =    6.0836  mix = 0.50
 25.It. si =    0.0000055  E/A =   -7.0223 R =    6.0836  mix = 0.50
 ********************************************************************
 Pb 252: Iteration converged after  25 steps   si =      0.0000009211
 ********************************************************************
  ****** END ITER ***********************************
  ****** BEGIN CANON ********************************
 single-particle energies and gaps  in the canonical basis: Neutron:
 ------------------------------------------------------------------
    j pi     (nr,l,j)  smax       Ecan       vvcan       decan
 j = 1/2+  (   s 1/2)  0.80    -56.9958      0.9997      1.8088
 j = 1/2+  (   s 1/2)  0.79    -41.9579      0.9996      1.6641
 j = 1/2+  (   s 1/2)  0.97    -21.2283      0.9983      1.5885
 j = 1/2+  (   s 1/2)  0.95     -1.3993      0.1938      1.0532
 j = 1/2+  (   s 1/2)  0.89      9.1160      0.0007      0.6200
 j = 1/2+  (   s 1/2)  0.87     20.6201      0.0001      0.5218
 j = 1/2+  (   s 1/2)  0.88     36.3197      0.0000      0.0469
 j = 1/2+  (   s 1/2)  0.91     36.6488      0.0000      0.3938
 j = 1/2+  (   s 1/2)  0.95     51.9867      0.0000      0.2579
 j = 1/2+  (   s 1/2)  0.86     63.7155      0.0000      0.1631
 j = 1/2-  (   p 1/2)  0.95    -52.3330      0.9997      1.6994
 j = 1/2-  (   p 1/2)  0.94    -31.5271      0.9993      1.5457
 j = 1/2-  (   p 1/2)  0.97    -10.3482      0.9919      1.4848
 j = 1/2-  (   p 1/2)  0.95      5.7150      0.0021      0.7274
 j = 1/2-  (   p 1/2)  0.91     15.2716      0.0002      0.4929
 j = 1/2-  (   p 1/2)  0.91     29.2949      0.0000      0.3855
 j = 1/2-  (   p 1/2)  0.91     37.3959      0.0000      0.0637
 j = 1/2-  (   p 1/2)  0.95     43.4932      0.0000      0.2678
 j = 1/2-  (   p 1/2)  0.91     59.6841      0.0000      0.1882
 j = 3/2+  (   d 3/2)  0.99    -44.6434      0.9997      1.5359
 j = 3/2+  (   d 3/2)  0.98    -22.0655      0.9985      1.5479
 j = 3/2+  (   d 3/2)  0.96     -1.4766      0.2319      1.1622
 j = 3/2+  (   d 3/2)  0.92     10.0100      0.0006      0.5923
 j = 3/2+  (   d 3/2)  0.87     20.9448      0.0001      0.4743
 j = 3/2+  (   d 3/2)  0.89     35.6254      0.0000      0.3302
 j = 3/2+  (   d 3/2)  0.89     38.3625      0.0000      0.0455
 j = 3/2+  (   d 3/2)  0.95     48.8722      0.0000      0.2107
 j = 3/2+  (   d 3/2)  0.89     65.6440      0.0000      0.1447
 j = 3/2-  (   p 3/2)  0.95    -52.5248      0.9997      1.7021
 j = 3/2-  (   p 3/2)  0.94    -32.0795      0.9993      1.5589
 j = 3/2-  (   p 3/2)  0.97    -10.9995      0.9930      1.4831
 j = 3/2-  (   p 3/2)  0.95      5.4552      0.0022      0.7286
 j = 3/2-  (   p 3/2)  0.90     15.0417      0.0002      0.4847
 j = 3/2-  (   p 3/2)  0.90     29.0996      0.0000      0.3846
 j = 3/2-  (   p 3/2)  0.91     37.2988      0.0000      0.0636
 j = 3/2-  (   p 3/2)  0.95     43.3137      0.0000      0.2669
 j = 3/2-  (   p 3/2)  0.91     59.5771      0.0000      0.1881
 j = 5/2+  (   d 5/2)  0.98    -45.3252      0.9997      1.5495
 j = 5/2+  (   d 5/2)  0.97    -23.3991      0.9986      1.5624
 j = 5/2+  (   d 5/2)  0.96     -2.2058      0.4960      1.1522
 j = 5/2+  (   d 5/2)  0.92      9.7265      0.0006      0.5938
 j = 5/2+  (   d 5/2)  0.87     20.3191      0.0001      0.4655
 j = 5/2+  (   d 5/2)  0.89     35.2594      0.0000      0.3293
 j = 5/2+  (   d 5/2)  0.89     38.3394      0.0000      0.0456
 j = 5/2+  (   d 5/2)  0.95     48.5795      0.0000      0.2099
 j = 5/2+  (   d 5/2)  0.89     65.3769      0.0000      0.1445
 j = 5/2-  (   f 5/2)  0.98    -36.1522      0.9996      1.4125
 j = 5/2-  (   f 5/2)  0.98    -12.0019      0.9945      1.4657
 j = 5/2-  (   f 5/2)  0.97      6.1655      0.0029      0.9027
 j = 5/2-  (   f 5/2)  0.96     16.9515      0.0002      0.5468
 j = 5/2-  (   f 5/2)  0.96     30.1465      0.0000      0.4035
 j = 5/2-  (   f 5/2)  0.91     36.9863      0.0000      0.0586
 j = 5/2-  (   f 5/2)  0.96     42.6680      0.0000      0.2566
 j = 5/2-  (   f 5/2)  0.90     57.7936      0.0000      0.1711
 j = 7/2+  (   g 7/2)  0.98    -26.9484      0.9992      1.3755
 j = 7/2+  (   g 7/2)  0.98     -2.5720      0.6347      1.2757
 j = 7/2+  (   g 7/2)  0.97     12.6271      0.0005      0.6475
 j = 7/2+  (   g 7/2)  0.97     22.8068      0.0001      0.4850
 j = 7/2+  (   g 7/2)  0.85     32.9063      0.0000      0.0374
 j = 7/2+  (   g 7/2)  0.95     38.2077      0.0000      0.3513
 j = 7/2+  (   g 7/2)  0.92     51.3806      0.0000      0.2217
 j = 7/2+  (   g 7/2)  0.80     61.2744      0.0000      0.1386
 j = 7/2-  (   f 7/2)  0.98    -37.6564      0.9996      1.4388
 j = 7/2-  (   f 7/2)  0.98    -14.0368      0.9962      1.4722
 j = 7/2-  (   f 7/2)  0.97      5.2984      0.0035      0.8934
 j = 7/2-  (   f 7/2)  0.96     16.4874      0.0002      0.5404
 j = 7/2-  (   f 7/2)  0.96     29.4102      0.0000      0.4005
 j = 7/2-  (   f 7/2)  0.91     36.8014      0.0000      0.0586
 j = 7/2-  (   f 7/2)  0.96     42.2007      0.0000      0.2553
 j = 7/2-  (   f 7/2)  0.90     57.4707      0.0000      0.1708
 j = 9/2+  (   g 9/2)  0.98    -29.7026      0.9993      1.4105
 j = 9/2+  (   g 9/2)  0.98     -4.8422      0.9496      1.2790
 j = 9/2+  (   g 9/2)  0.97     11.8810      0.0005      0.6596
 j = 9/2+  (   g 9/2)  0.97     22.4123      0.0001      0.4628
 j = 9/2+  (   g 9/2)  0.84     32.1786      0.0000      0.0364
 j = 9/2+  (   g 9/2)  0.95     37.6374      0.0000      0.3453
 j = 9/2+  (   g 9/2)  0.91     50.9370      0.0000      0.2189
 j = 9/2+  (   g 9/2)  0.79     60.2557      0.0000      0.1354
 j = 9/2-  (   h 9/2)  0.98    -16.8353      0.9980      1.3104
 j = 9/2-  (   h 9/2)  0.98      5.6846      0.0048      1.1080
 j = 9/2-  (   h 9/2)  0.97     18.5657      0.0002      0.5324
 j = 9/2-  (   h 9/2)  0.85     31.0415      0.0000      0.0486
 j = 9/2-  (   h 9/2)  0.96     31.2712      0.0000      0.3811
 j = 9/2-  (   h 9/2)  0.92     46.5786      0.0000      0.2683
 j = 9/2-  (   h 9/2)  0.80     57.0568      0.0000      0.1742
 j =11/2+  (   i11/2)  0.98     -6.5220      0.9803      1.2473
 j =11/2+  (   i11/2)  0.97     13.5753      0.0008      0.8980
 j =11/2+  (   i11/2)  0.96     25.3022      0.0001      0.4744
 j =11/2+  (   i11/2)  0.79     28.9041      0.0000      0.0308
 j =11/2+  (   i11/2)  0.94     38.0169      0.0000      0.3029
 j =11/2+  (   i11/2)  0.87     53.7168      0.0000      0.2046
 j =11/2+  (   i11/2)  0.70     59.9813      0.0000      0.1274
 j =11/2-  (   h11/2)  0.98    -21.0052      0.9987      1.3705
 j =11/2-  (   h11/2)  0.98      3.3627      0.0090      1.0749
 j =11/2-  (   h11/2)  0.96     17.4653      0.0002      0.5298
 j =11/2-  (   h11/2)  0.96     29.7783      0.0000      0.3749
 j =11/2-  (   h11/2)  0.85     30.6787      0.0000      0.0485
 j =11/2-  (   h11/2)  0.92     46.0296      0.0000      0.2676
 j =11/2-  (   h11/2)  0.80     56.3423      0.0000      0.1741
 j =13/2+  (   i13/2)  0.98    -12.0868      0.9957      1.2972
 j =13/2+  (   i13/2)  0.97     11.1957      0.0011      0.8827
 j =13/2+  (   i13/2)  0.96     24.0185      0.0001      0.4643
 j =13/2+  (   i13/2)  0.78     28.5482      0.0000      0.0307
 j =13/2+  (   i13/2)  0.93     36.4183      0.0000      0.2991
 j =13/2+  (   i13/2)  0.87     52.7234      0.0000      0.2027
 j =13/2+  (   i13/2)  0.69     59.2641      0.0000      0.1268
 j =13/2-  (   j13/2)  0.98      3.6521      0.0103      1.2123
 j =13/2-  (   j13/2)  0.96     20.7359      0.0002      0.6647
 j =13/2-  (   j13/2)  0.84     31.2078      0.0000      0.0440
 j =13/2-  (   j13/2)  0.93     32.4546      0.0000      0.4148
 j =13/2-  (   j13/2)  0.90     44.0239      0.0000      0.2395
 j =13/2-  (   j13/2)  0.79     56.8656      0.0000      0.1538
 j =15/2+  (   k15/2)  0.98     13.2465      0.0013      1.1144
 j =15/2+  (   k15/2)  0.95     27.8321      0.0001      0.5266
 j =15/2+  (   k15/2)  0.78     29.4708      0.0000      0.0282
 j =15/2+  (   k15/2)  0.89     40.3056      0.0000      0.3420
 j =15/2+  (   k15/2)  0.79     52.5996      0.0000      0.2046
 j =15/2+  (   k15/2)  0.65     57.4731      0.0000      0.1140
 j =15/2-  (   j15/2)  0.98     -3.1945      0.8144      1.2110
 j =15/2-  (   j15/2)  0.95     18.6223      0.0003      0.6981
 j =15/2-  (   j15/2)  0.93     30.3581      0.0000      0.4036
 j =15/2-  (   j15/2)  0.83     30.7516      0.0000      0.0437
 j =15/2-  (   j15/2)  0.89     42.9528      0.0000      0.2391
 j =15/2-  (   j15/2)  0.78     55.2776      0.0000      0.1521
 j =17/2+  (   k17/2)  0.97      5.6187      0.0051      1.1223
 j =17/2+  (   k17/2)  0.94     25.2842      0.0001      0.5443
 j =17/2+  (   k17/2)  0.77     29.0775      0.0000      0.0280
 j =17/2+  (   k17/2)  0.88     37.7608      0.0000      0.3358
 j =17/2+  (   k17/2)  0.79     51.4827      0.0000      0.2048
 j =17/2+  (   k17/2)  0.64     55.7466      0.0000      0.1127
 j =17/2-  (   l17/2)  0.97     21.9953      0.0004      0.9797
 j =17/2-  (   l17/2)  0.78     29.4295      0.0000      0.0398
 j =17/2-  (   l17/2)  0.93     35.1224      0.0000      0.4398
 j =17/2-  (   l17/2)  0.83     48.4599      0.0000      0.2744
 j =17/2-  (   l17/2)  0.66     54.1063      0.0000      0.1564
 j =19/2+  (   m19/2)  0.72     29.2227      0.0000      0.0272
 j =19/2+  (   m19/2)  0.95     30.4077      0.0002      0.8477
 j =19/2+  (   m19/2)  0.87     42.3269      0.0000      0.3704
 j =19/2+  (   m19/2)  0.62     55.4477      0.0000      0.1156
 j =19/2+  (   m19/2)  0.74     56.5195      0.0000      0.2242
 j =19/2-  (   l19/2)  0.96     14.1582      0.0009      0.9964
 j =19/2-  (   l19/2)  0.77     28.8920      0.0000      0.0395
 j =19/2-  (   l19/2)  0.90     31.8029      0.0000      0.4450
 j =19/2-  (   l19/2)  0.81     45.8447      0.0000      0.2716
 j =19/2-  (   l19/2)  0.65     52.2248      0.0000      0.1545
 j =21/2+  (   m21/2)  0.94     22.5662      0.0003      0.8661
 j =21/2+  (   m21/2)  0.72     28.8602      0.0000      0.0271
 j =21/2+  (   m21/2)  0.85     38.4544      0.0000      0.3710
 j =21/2+  (   m21/2)  0.72     53.2987      0.0000      0.2225
 j =21/2+  (   m21/2)  0.62     53.3656      0.0000      0.1136
 j =21/2-  (   n21/2)  0.77     31.7998      0.0000      0.0411
 j =21/2-  (   n21/2)  0.92     38.3198      0.0001      0.7158
 j =21/2-  (   n21/2)  0.80     49.7785      0.0000      0.3088
 j =21/2-  (   n21/2)  0.64     55.3386      0.0000      0.1604
 j =23/2+  (   o23/2)  0.72     32.6491      0.0000      0.0289
 j =23/2+  (   o23/2)  0.88     46.3859      0.0000      0.5995
 j =23/2+  (   o23/2)  0.62     56.4297      0.0000      0.1193
 j =23/2+  (   o23/2)  0.69     57.7587      0.0000      0.2640
 j =23/2-  (   n23/2)  0.90     30.8043      0.0001      0.7311
 j =23/2-  (   n23/2)  0.76     31.1061      0.0000      0.0407
 j =23/2-  (   n23/2)  0.76     45.5269      0.0000      0.3103
 j =23/2-  (   n23/2)  0.62     51.4278      0.0000      0.1564
 j =25/2+  (   o25/2)  0.72     32.1042      0.0000      0.0286
 j =25/2+  (   o25/2)  0.86     39.0376      0.0001      0.6138
 j =25/2+  (   o25/2)  0.65     52.6228      0.0000      0.2635
 j =25/2+  (   o25/2)  0.62     52.8728      0.0000      0.1163
 j =25/2-  (   P25/2)  0.75     35.8611      0.0000      0.0463
 j =25/2-  (   P25/2)  0.83     54.7650      0.0000      0.5001
 j =25/2-  (   P25/2)  0.61     56.4311      0.0000      0.1917
 j =27/2+  (   q27/2)  0.71     37.4043      0.0000      0.0337
 j =27/2+  (   q27/2)  0.63     58.6266      0.0000      0.1449
 j =27/2+  (   q27/2)  0.77     62.7048      0.0000      0.4127
 j =27/2-  (   P27/2)  0.74     35.0535      0.0000      0.0459
 j =27/2-  (   P27/2)  0.80     47.2683      0.0000      0.5126
 j =27/2-  (   P27/2)  0.61     52.0912      0.0000      0.1875
 j =29/2+  (   q29/2)  0.70     36.8636      0.0000      0.0335
 j =29/2+  (   q29/2)  0.63     55.1349      0.0000      0.1421
 j =29/2+  (   q29/2)  0.75     55.4598      0.0000      0.4214
 j =29/2-  (   r29/2)  0.77     43.3693      0.0000      0.0610
 j =29/2-  (   r29/2)  0.77     63.5813      0.0000      0.2913
 j =31/2+  (   S31/2)  0.75     45.7906      0.0000      0.0447
 j =31/2+  (   S31/2)  0.74     68.2489      0.0000      0.2195
 j =31/2-  (   r31/2)  0.76     42.6453      0.0000      0.0606
 j =31/2-  (   r31/2)  0.76     59.0233      0.0000      0.2937
 j =33/2+  (   S33/2)  0.74     45.2778      0.0000      0.0445
 j =33/2+  (   S33/2)  0.73     64.6698      0.0000      0.2208
 j =33/2-  (   t33/2)  0.98     57.7642      0.0000      0.0993
 j =35/2+  (   u35/2)  0.98     61.0068      0.0000      0.0716
 j =35/2-  (   t35/2)  0.99     56.8445      0.0000      0.0994
 j =37/2+  (   u37/2)  0.98     60.3638      0.0000      0.0716
 single-particle energies and gaps  in the canonical basis: Proton: 
 ------------------------------------------------------------------
    j pi     (nr,l,j)  smax       Ecan       vvcan       decan
 j = 1/2+  (   s 1/2)  0.84    -52.2699      0.9998      1.0488
 j = 1/2+  (   s 1/2)  0.76    -36.1631      0.9993      1.1281
 j = 1/2+  (   s 1/2)  0.89    -15.6413      0.7835      0.9449
 j = 1/2+  (   s 1/2)  0.88     10.6457      0.0002      0.7587
 j = 1/2+  (   s 1/2)  0.55     13.0378      0.0000      0.0016
 j = 1/2+  (   s 1/2)  0.51     25.7945      0.0000      0.0067
 j = 1/2+  (   s 1/2)  0.66     36.4024      0.0000      0.3565
 j = 1/2+  (   s 1/2)  0.49     45.6793      0.0000      0.0147
 j = 1/2+  (   s 1/2)  0.56     59.0299      0.0000      0.1989
 j = 1/2+  (   s 1/2)  0.76     79.4888      0.0000      0.0746
 j = 1/2-  (   p 1/2)  0.96    -46.9948      0.9998      0.9376
 j = 1/2-  (   p 1/2)  0.92    -27.1443      0.9988      0.8345
 j = 1/2-  (   p 1/2)  0.93     -4.2854      0.0008      0.5913
 j = 1/2-  (   p 1/2)  0.58     13.4922      0.0000      0.0025
 j = 1/2-  (   p 1/2)  0.78     22.7106      0.0000      0.4368
 j = 1/2-  (   p 1/2)  0.52     26.6097      0.0000      0.0104
 j = 1/2-  (   p 1/2)  0.57     45.8880      0.0000      0.0288
 j = 1/2-  (   p 1/2)  0.66     48.2415      0.0000      0.2514
 j = 1/2-  (   p 1/2)  0.72     79.6229      0.0000      0.1135
 j = 3/2+  (   d 3/2)  0.96    -40.5258      0.9997      0.9142
 j = 3/2+  (   d 3/2)  0.94    -17.3358      0.9797      0.6900
 j = 3/2+  (   d 3/2)  0.91      6.3889      0.0001      0.3862
 j = 3/2+  (   d 3/2)  0.56     13.7613      0.0000      0.0014
 j = 3/2+  (   d 3/2)  0.51     26.6433      0.0000      0.0057
 j = 3/2+  (   d 3/2)  0.69     32.9969      0.0000      0.2762
 j = 3/2+  (   d 3/2)  0.49     46.4829      0.0000      0.0138
 j = 3/2+  (   d 3/2)  0.61     62.0575      0.0000      0.1813
 j = 3/2+  (   d 3/2)  0.75     81.7224      0.0000      0.0721
 j = 3/2-  (   p 3/2)  0.95    -47.3323      0.9998      0.9451
 j = 3/2-  (   p 3/2)  0.91    -27.8121      0.9990      0.8320
 j = 3/2-  (   p 3/2)  0.93     -4.8714      0.0008      0.5849
 j = 3/2-  (   p 3/2)  0.58     13.4789      0.0000      0.0025
 j = 3/2-  (   p 3/2)  0.79     22.3294      0.0000      0.4399
 j = 3/2-  (   p 3/2)  0.52     26.6028      0.0000      0.0105
 j = 3/2-  (   p 3/2)  0.57     45.7234      0.0000      0.0289
 j = 3/2-  (   p 3/2)  0.67     48.0341      0.0000      0.2517
 j = 3/2-  (   p 3/2)  0.72     79.3384      0.0000      0.1135
 j = 5/2+  (   d 5/2)  0.95    -41.5165      0.9997      0.9269
 j = 5/2+  (   d 5/2)  0.93    -18.6492      0.9915      0.6840
 j = 5/2+  (   d 5/2)  0.90      5.4746      0.0001      0.3837
 j = 5/2+  (   d 5/2)  0.56     13.7401      0.0000      0.0014
 j = 5/2+  (   d 5/2)  0.51     26.6050      0.0000      0.0058
 j = 5/2+  (   d 5/2)  0.70     32.5530      0.0000      0.2767
 j = 5/2+  (   d 5/2)  0.49     46.2742      0.0000      0.0139
 j = 5/2+  (   d 5/2)  0.61     61.7479      0.0000      0.1807
 j = 5/2+  (   d 5/2)  0.75     81.2136      0.0000      0.0721
 j = 5/2-  (   f 5/2)  0.97    -32.4560      0.9994      0.8675
 j = 5/2-  (   f 5/2)  0.95     -7.5739      0.0015      0.5797
 j = 5/2-  (   f 5/2)  0.59     14.9201      0.0000      0.0021
 j = 5/2-  (   f 5/2)  0.85     17.4821      0.0000      0.3087
 j = 5/2-  (   f 5/2)  0.52     28.8287      0.0000      0.0080
 j = 5/2-  (   f 5/2)  0.67     43.0223      0.0000      0.1861
 j = 5/2-  (   f 5/2)  0.62     48.3545      0.0000      0.0290
 j = 5/2-  (   f 5/2)  0.67     83.3107      0.0000      0.1039
 j = 7/2+  (   g 7/2)  0.98    -23.4009      0.9978      0.7996
 j = 7/2+  (   g 7/2)  0.93      2.6383      0.0002      0.4762
 j = 7/2+  (   g 7/2)  0.56     15.5086      0.0000      0.0012
 j = 7/2+  (   g 7/2)  0.50     29.1349      0.0000      0.0043
 j = 7/2+  (   g 7/2)  0.73     29.2551      0.0000      0.2637
 j = 7/2+  (   g 7/2)  0.54     48.6002      0.0000      0.0134
 j = 7/2+  (   g 7/2)  0.67     54.2769      0.0000      0.1388
 j = 7/2+  (   g 7/2)  0.70     87.1964      0.0000      0.0667
 j = 7/2-  (   f 7/2)  0.96    -34.4199      0.9995      0.8861
 j = 7/2-  (   f 7/2)  0.94     -9.5025      0.0026      0.5642
 j = 7/2-  (   f 7/2)  0.59     14.9019      0.0000      0.0022
 j = 7/2-  (   f 7/2)  0.86     16.2375      0.0000      0.3105
 j = 7/2-  (   f 7/2)  0.52     28.8619      0.0000      0.0082
 j = 7/2-  (   f 7/2)  0.66     42.1148      0.0000      0.1861
 j = 7/2-  (   f 7/2)  0.63     48.0202      0.0000      0.0292
 j = 7/2-  (   f 7/2)  0.66     82.9574      0.0000      0.1042
 j = 9/2+  (   g 9/2)  0.98    -26.5670      0.9988      0.8170
 j = 9/2+  (   g 9/2)  0.93      0.1836      0.0002      0.4628
 j = 9/2+  (   g 9/2)  0.56     15.4869      0.0000      0.0012
 j = 9/2+  (   g 9/2)  0.75     27.6894      0.0000      0.2666
 j = 9/2+  (   g 9/2)  0.50     29.1529      0.0000      0.0044
 j = 9/2+  (   g 9/2)  0.54     48.3096      0.0000      0.0135
 j = 9/2+  (   g 9/2)  0.67     53.2051      0.0000      0.1384
 j = 9/2+  (   g 9/2)  0.70     86.6650      0.0000      0.0669
 j = 9/2-  (   h 9/2)  0.98    -13.7169      0.0648      0.7209
 j = 9/2-  (   h 9/2)  0.87     13.2543      0.0000      0.3791
 j = 9/2-  (   h 9/2)  0.58     17.3029      0.0000      0.0023
 j = 9/2-  (   h 9/2)  0.52     30.9427      0.0000      0.0092
 j = 9/2-  (   h 9/2)  0.66     39.8161      0.0000      0.2168
 j = 9/2-  (   h 9/2)  0.65     49.7038      0.0000      0.0350
 j = 9/2-  (   h 9/2)  0.66     82.3291      0.0000      0.0955
 j =11/2+  (   i11/2)  0.96     -3.5514      0.0008      0.6401
 j =11/2+  (   i11/2)  0.55     18.3299      0.0000      0.0012
 j =11/2+  (   i11/2)  0.78     24.1657      0.0000      0.3024
 j =11/2+  (   i11/2)  0.53     31.5453      0.0000      0.0054
 j =11/2+  (   i11/2)  0.57     50.4025      0.0000      0.0169
 j =11/2+  (   i11/2)  0.67     52.7100      0.0000      0.1733
 j =11/2+  (   i11/2)  0.71     85.8681      0.0000      0.0745
 j =11/2-  (   h11/2)  0.98    -18.2457      0.9878      0.7324
 j =11/2-  (   h11/2)  0.88     10.4044      0.0001      0.3721
 j =11/2-  (   h11/2)  0.58     17.2522      0.0000      0.0024
 j =11/2-  (   h11/2)  0.52     30.8940      0.0000      0.0096
 j =11/2-  (   h11/2)  0.65     37.9558      0.0000      0.2195
 j =11/2-  (   h11/2)  0.65     48.9734      0.0000      0.0351
 j =11/2-  (   h11/2)  0.66     81.5150      0.0000      0.0955
 j =13/2+  (   i13/2)  0.97     -9.5950      0.0035      0.6448
 j =13/2+  (   i13/2)  0.56     18.3011      0.0000      0.0013
 j =13/2+  (   i13/2)  0.81     20.9364      0.0000      0.3014
 j =13/2+  (   i13/2)  0.53     31.6101      0.0000      0.0058
 j =13/2+  (   i13/2)  0.58     49.9583      0.0000      0.0176
 j =13/2+  (   i13/2)  0.67     50.3955      0.0000      0.1760
 j =13/2+  (   i13/2)  0.71     84.7426      0.0000      0.0754
 j =13/2-  (   j13/2)  0.93      6.9265      0.0002      0.5520
 j =13/2-  (   j13/2)  0.57     20.9079      0.0000      0.0024
 j =13/2-  (   j13/2)  0.50     33.9676      0.0000      0.0130
 j =13/2-  (   j13/2)  0.67     35.1000      0.0000      0.2416
 j =13/2-  (   j13/2)  0.69     51.4089      0.0000      0.0466
 j =13/2-  (   j13/2)  0.67     79.9997      0.0000      0.1112
 j =15/2+  (   k15/2)  0.87     17.7759      0.0001      0.4684
 j =15/2+  (   k15/2)  0.54     22.3624      0.0000      0.0012
 j =15/2+  (   k15/2)  0.54     35.5939      0.0000      0.0070
 j =15/2+  (   k15/2)  0.66     46.6837      0.0000      0.1932
 j =15/2+  (   k15/2)  0.64     53.6027      0.0000      0.0238
 j =15/2+  (   k15/2)  0.69     84.7896      0.0000      0.0872
 j =15/2-  (   j15/2)  0.94     -0.4586      0.0004      0.5557
 j =15/2-  (   j15/2)  0.57     20.8294      0.0000      0.0027
 j =15/2-  (   j15/2)  0.70     31.4157      0.0000      0.2432
 j =15/2-  (   j15/2)  0.50     33.8381      0.0000      0.0143
 j =15/2-  (   j15/2)  0.69     50.1929      0.0000      0.0476
 j =15/2-  (   j15/2)  0.68     78.2499      0.0000      0.1116
 j =17/2+  (   k17/2)  0.89      9.1234      0.0001      0.4726
 j =17/2+  (   k17/2)  0.55     22.3002      0.0000      0.0013
 j =17/2+  (   k17/2)  0.54     35.5182      0.0000      0.0076
 j =17/2+  (   k17/2)  0.66     42.5700      0.0000      0.1950
 j =17/2+  (   k17/2)  0.64     52.6315      0.0000      0.0247
 j =17/2+  (   k17/2)  0.70     82.6905      0.0000      0.0877
 j =17/2-  (   l17/2)  0.63     26.1831      0.0000      0.0015
 j =17/2-  (   l17/2)  0.80     28.5982      0.0000      0.3884
 j =17/2-  (   l17/2)  0.59     41.7353      0.0000      0.0051
 j =17/2-  (   l17/2)  0.64     59.4876      0.0000      0.1556
 j =17/2-  (   l17/2)  0.79     66.2940      0.0000      0.0416
 j =19/2+  (   m19/2)  0.56     27.6870      0.0000      0.0014
 j =19/2+  (   m19/2)  0.72     39.8835      0.0000      0.3171
 j =19/2+  (   m19/2)  0.61     41.1364      0.0000      0.0121
 j =19/2+  (   m19/2)  0.71     56.9195      0.0000      0.0430
 j =19/2+  (   m19/2)  0.69     82.5579      0.0000      0.0935
 j =19/2-  (   l19/2)  0.82     18.8588      0.0000      0.3922
 j =19/2-  (   l19/2)  0.63     26.1253      0.0000      0.0016
 j =19/2-  (   l19/2)  0.60     41.4144      0.0000      0.0054
 j =19/2-  (   l19/2)  0.65     55.3138      0.0000      0.1580
 j =19/2-  (   l19/2)  0.80     64.4453      0.0000      0.0418
 j =21/2+  (   m21/2)  0.55     27.5853      0.0000      0.0016
 j =21/2+  (   m21/2)  0.74     29.2327      0.0000      0.3202
 j =21/2+  (   m21/2)  0.61     40.6132      0.0000      0.0157
 j =21/2+  (   m21/2)  0.72     54.6133      0.0000      0.0454
 j =21/2+  (   m21/2)  0.71     78.8042      0.0000      0.0901
 j =21/2-  (   n21/2)  0.63     32.5835      0.0000      0.0018
 j =21/2-  (   n21/2)  0.60     48.3982      0.0000      0.0098
 j =21/2-  (   n21/2)  0.64     52.0993      0.0000      0.2569
 j =21/2-  (   n21/2)  0.78     69.9035      0.0000      0.0645
 j =23/2+  (   o23/2)  0.61     34.5672      0.0000      0.0013
 j =23/2+  (   o23/2)  0.64     51.3323      0.0000      0.0046
 j =23/2+  (   o23/2)  0.61     63.4599      0.0000      0.2045
 j =23/2+  (   o23/2)  0.76     72.4195      0.0000      0.0416
 j =23/2-  (   n23/2)  0.63     32.4660      0.0000      0.0023
 j =23/2-  (   n23/2)  0.65     40.6045      0.0000      0.2603
 j =23/2-  (   n23/2)  0.61     47.5515      0.0000      0.0117
 j =23/2-  (   n23/2)  0.80     65.9774      0.0000      0.0637
 j =25/2+  (   o25/2)  0.61     34.4560      0.0000      0.0015
 j =25/2+  (   o25/2)  0.64     50.7949      0.0000      0.0053
 j =25/2+  (   o25/2)  0.61     50.9822      0.0000      0.2076
 j =25/2+  (   o25/2)  0.77     68.8891      0.0000      0.0415
 j =25/2-  (   P25/2)  0.66     40.9017      0.0000      0.0027
 j =25/2-  (   P25/2)  0.80     56.6113      0.0000      0.0357
 j =25/2-  (   P25/2)  0.76     71.9451      0.0000      0.1134
 j =27/2+  (   q27/2)  0.67     43.2305      0.0000      0.0017
 j =27/2+  (   q27/2)  0.80     61.4698      0.0000      0.0142
 j =27/2+  (   q27/2)  0.72     77.4661      0.0000      0.0879
 j =27/2-  (   P27/2)  0.77     41.3688      0.0000      0.0007
 j =27/2-  (   P27/2)  0.62     56.4043      0.0000      0.1399
 j =27/2-  (   P27/2)  0.70     58.6740      0.0000      0.0122
 j =29/2+  (   q29/2)  0.64     42.9898      0.0000      0.0030
 j =29/2+  (   q29/2)  0.80     59.0987      0.0000      0.0310
 j =29/2+  (   q29/2)  0.80     68.8690      0.0000      0.0710
 j =29/2-  (   r29/2)  0.76     52.0356      0.0000      0.0013
 j =29/2-  (   r29/2)  0.75     72.2755      0.0000      0.0378
 j =31/2+  (   S31/2)  0.76     54.6595      0.0000      0.0009
 j =31/2+  (   S31/2)  0.75     77.5355      0.0000      0.0223
 j =31/2-  (   r31/2)  0.75     51.7806      0.0000      0.0015
 j =31/2-  (   r31/2)  0.74     67.3119      0.0000      0.0378
 j =33/2+  (   S33/2)  0.74     54.4445      0.0000      0.0011
 j =33/2+  (   S33/2)  0.74     73.7112      0.0000      0.0223
 j =33/2-  (   t33/2)  0.98     67.6774      0.0000      0.0039
 j =35/2+  (   u35/2)  0.98     70.9770      0.0000      0.0021
 j =35/2-  (   t35/2)  0.99     66.7764      0.0000      0.0039
 j =37/2+  (   u37/2)  0.98     70.3400      0.0000      0.0021
  ****** END CANON **********************************
  ****** BEGIN RESU *********************************
   ****** BEGIN EXPECT *******

                            neutron        proton         total
 particle number           170.000000      82.000000     252.000000
 trace scalar density      162.299271      79.159646     241.458917
 lambda                     -2.215034     -14.990896
 spk                        19.489443       5.851712
 rms-Radius                  6.224636       5.780128       6.083560
 charge-Radius                              5.835227
 Particle Energ          -3472.173895   -2387.613414   -5859.787309
 Selfconsistency Test.                                     0.000008

 Kinetic Energy           2530.830248     880.179786    3411.010034
 E-scsc                                               -36974.146490
 E-scve                                                30731.694127
 E-vesc                                                    0.000000
 E-veve                                                  306.463998
 E-rearrang.                                            1039.874936
 Coulomb direct                                          780.652221
 Pairing Energy            -21.359433      -3.935008     -25.294441
 Sum without E-cm                                      -1769.620550
DE-cm <P**2>/2M            -13.717219      -4.864190     -18.581409
NE-cm <P**2>/2M             10.506602       3.083398      13.590000
 E-cm <P**2>/2M             -3.210617      -1.780792      -4.991410
 Total Energy                                          -1774.611960
 E/A                                                      -7.042111

  ****** END EXPECT *********************************


 quasi-particle properties Neutron:
 ------------------------------------------------------------------
     p/h    l j     [nr,l,j]  smax       Eqp       uu       vv
   1  p   1s 1/2   ( 4s  1/2) 0.82     1.233     0.809     0.191
   2  p   2s 1/2   ( 6s  1/2) 0.50     6.273     0.996     0.004
   3  p   3s 1/2   ( 5s  1/2) 0.71    14.442     0.999     0.001
   4  h   4s 1/2   ( 3s  1/2) 0.94    18.127     0.003     0.997
   5  p   5s 1/2   ( 6s  1/2) 0.60    26.115     1.000     0.000
   6  h   6s 1/2   ( 2s  1/2) 0.86    39.544     0.017     0.983
   7  p   7s 1/2   ( 7s  1/2) 0.55    40.196     0.984     0.016
   8  h   8s 1/2   ( 1s  1/2) 0.91    55.994     0.000     1.000
   9  p   9s 1/2   ( 8s  1/2) 0.62    58.287     1.000     0.000
  10  p  10s 1/2   ( 9s  1/2) 0.64    87.382     1.000     0.000
  11  p   1p 1/2   ( 4p  1/2) 0.63     4.920     0.999     0.001
  12  h   2p 1/2   ( 3p  1/2) 0.96     7.862     0.011     0.989
  13  p   3p 1/2   ( 4p  1/2) 0.69    11.002     0.996     0.004
  14  p   4p 1/2   ( 5p  1/2) 0.71    21.297     0.999     0.001
  15  h   5p 1/2   ( 2p  1/2) 0.93    29.603     0.001     0.999
  16  p   6p 1/2   ( 6p  1/2) 0.64    35.073     1.000     0.000
  17  h   7p 1/2   ( 1p  1/2) 0.95    50.290     0.000     1.000
  18  p   8p 1/2   ( 7p  1/2) 0.66    52.275     1.000     0.000
  19  p   9p 1/2   ( 8p  1/2) 0.64    80.235     1.000     0.000
  20  p   1d 3/2   ( 3d  3/2) 0.83     1.310     0.770     0.230
  21  p   2d 3/2   ( 5d  3/2) 0.50     6.734     0.997     0.003
  22  p   3d 3/2   ( 4d  3/2) 0.72    14.801     1.000     0.000
  23  h   4d 3/2   ( 2d  3/2) 0.96    19.446     0.002     0.998
  24  p   5d 3/2   ( 5d  3/2) 0.62    26.179     1.000     0.000
  25  p   6d 3/2   ( 6d  3/2) 0.56    40.284     1.000     0.000
  26  h   7d 3/2   ( 1d  3/2) 0.97    42.926     0.001     0.999
  27  p   8d 3/2   ( 7d  3/2) 0.63    58.358     1.000     0.000
  28  p   9d 3/2   ( 8d  3/2) 0.64    87.241     1.000     0.000
  29  p   1p 3/2   ( 4p  3/2) 0.64     4.844     0.999     0.001
  30  h   2p 3/2   ( 3p  3/2) 0.96     8.450     0.012     0.988
  31  p   3p 3/2   ( 4p  3/2) 0.68    10.810     0.994     0.006
  32  p   4p 3/2   ( 5p  3/2) 0.71    21.144     0.999     0.001
  33  h   5p 3/2   ( 2p  3/2) 0.91    30.170     0.001     0.999
  34  p   6p 3/2   ( 6p  3/2) 0.64    34.842     1.000     0.000
  35  h   7p 3/2   ( 1p  3/2) 0.94    50.519     0.000     1.000
  36  p   8p 3/2   ( 7p  3/2) 0.66    51.947     1.000     0.000
  37  p   9p 3/2   ( 8p  3/2) 0.64    80.146     1.000     0.000
  38  p   1d 5/2   ( 3d  5/2) 0.67     1.117     0.506     0.494
  39  p   2d 5/2   ( 5d  5/2) 0.51     6.588     0.997     0.003
  40  p   3d 5/2   ( 4d  5/2) 0.72    14.516     1.000     0.000
  41  h   4d 5/2   ( 2d  5/2) 0.95    20.671     0.002     0.998
  42  p   5d 5/2   ( 5d  5/2) 0.62    25.894     0.999     0.001
  43  p   6d 5/2   ( 6d  5/2) 0.56    39.871     1.000     0.000
  44  h   7d 5/2   ( 1d  5/2) 0.96    43.715     0.001     0.999
  45  p   8d 5/2   ( 7d  5/2) 0.62    57.792     1.000     0.000
  46  p   9d 5/2   ( 8d  5/2) 0.64    87.056     1.000     0.000
  47  p   1f 5/2   ( 3f  5/2) 0.71     5.839     0.998     0.002
  48  h   2f 5/2   ( 2f  5/2) 0.97     9.519     0.026     0.974
  49  p   3f 5/2   ( 3f  5/2) 0.64    11.051     0.979     0.021
  50  p   4f 5/2   ( 4f  5/2) 0.74    21.189     0.999     0.001
  51  h   5f 5/2   ( 1f  5/2) 0.98    34.307     0.008     0.992
  52  p   6f 5/2   ( 5f  5/2) 0.67    35.011     0.992     0.008
  53  p   7f 5/2   ( 6f  5/2) 0.68    51.978     1.000     0.000
  54  p   8f 5/2   ( 7f  5/2) 0.64    79.654     1.000     0.000
  55  h   1g 7/2   ( 2g  7/2) 0.78     1.305     0.366     0.634
  56  p   2g 7/2   ( 3g  7/2) 0.49     8.002     0.999     0.001
  57  p   3g 7/2   ( 3g  7/2) 0.75    15.370     1.000     0.000
  58  h   4g 7/2   ( 1g  7/2) 0.98    24.774     0.008     0.992
  59  p   5g 7/2   ( 4g  7/2) 0.67    25.885     0.993     0.007
  60  p   6g 7/2   ( 5g  7/2) 0.61    39.933     1.000     0.000
  61  p   7g 7/2   ( 6g  7/2) 0.65    57.860     1.000     0.000
  62  p   8g 7/2   ( 7g  7/2) 0.64    86.259     1.000     0.000
  63  p   1f 7/2   ( 3f  7/2) 0.75     5.544     0.997     0.003
  64  p   2f 7/2   ( 3f  7/2) 0.59    10.428     0.960     0.040
  65  h   3f 7/2   ( 2f  7/2) 0.95    11.450     0.043     0.957
  66  p   4f 7/2   ( 4f  7/2) 0.74    20.779     0.999     0.001
  67  p   5f 7/2   ( 5f  7/2) 0.67    34.404     0.999     0.001
  68  h   6f 7/2   ( 1f  7/2) 0.97    35.974     0.002     0.998
  69  p   7f 7/2   ( 6f  7/2) 0.67    51.134     1.000     0.000
  70  p   8f 7/2   ( 7f  7/2) 0.64    79.299     1.000     0.000
  71  h   1g 9/2   ( 2g  9/2) 0.95     2.849     0.051     0.949
  72  p   2g 9/2   ( 3g  9/2) 0.52     7.822     0.999     0.001
  73  p   3g 9/2   ( 3g  9/2) 0.74    14.742     1.000     0.000
  74  p   4g 9/2   ( 4g  9/2) 0.69    25.236     0.998     0.002
  75  h   5g 9/2   ( 1g  9/2) 0.98    27.596     0.003     0.997
  76  p   6g 9/2   ( 5g  9/2) 0.61    39.136     1.000     0.000
  77  p   7g 9/2   ( 6g  9/2) 0.64    56.713     1.000     0.000
  78  p   8g 9/2   ( 7g  9/2) 0.64    85.741     1.000     0.000
  79  p   1h 9/2   ( 2h  9/2) 0.88     6.946     0.995     0.005
  80  p   2h 9/2   ( 4h  9/2) 0.49    11.316     0.996     0.004
  81  h   3h 9/2   ( 1h  9/2) 0.98    14.695     0.007     0.993
  82  p   4h 9/2   ( 3h  9/2) 0.76    21.527     1.000     0.000
  83  p   5h 9/2   ( 4h  9/2) 0.71    34.833     1.000     0.000
  84  p   6h 9/2   ( 5h  9/2) 0.70    51.288     1.000     0.000
  85  p   7h 9/2   ( 6h  9/2) 0.64    78.286     1.000     0.000
  86  h   1i11/2   ( 1i 11/2) 0.97     4.477     0.020     0.980
  87  p   2i11/2   ( 2i 11/2) 0.55    10.461     1.000     0.000
  88  p   3i11/2   ( 2i 11/2) 0.77    15.900     0.999     0.001
  89  p   4i11/2   ( 3i 11/2) 0.74    25.582     1.000     0.000
  90  p   5i11/2   ( 4i 11/2) 0.65    39.763     1.000     0.000
  91  p   6i11/2   ( 5i 11/2) 0.67    57.181     1.000     0.000
  92  p   7i11/2   ( 6i 11/2) 0.65    84.690     1.000     0.000
  93  p   1h11/2   ( 2h 11/2) 0.95     5.290     0.991     0.009
  94  p   2h11/2   ( 4h 11/2) 0.54    10.612     0.999     0.001
  95  h   3h11/2   ( 1h 11/2) 0.98    18.844     0.004     0.996
  96  p   4h11/2   ( 3h 11/2) 0.76    20.764     0.998     0.002
  97  p   5h11/2   ( 4h 11/2) 0.71    33.749     1.000     0.000
  98  p   6h11/2   ( 5h 11/2) 0.69    49.810     1.000     0.000
  99  p   7h11/2   ( 6h 11/2) 0.64    77.434     1.000     0.000
 100  h   1i13/2   ( 1i 13/2) 0.87     9.899     0.207     0.793
 101  p   2i13/2   ( 2i 13/2) 0.58    10.125     0.800     0.200
 102  p   3i13/2   ( 2i 13/2) 0.70    14.403     0.997     0.003
 103  p   4i13/2   ( 3i 13/2) 0.76    24.447     1.000     0.000
 104  p   5i13/2   ( 4i 13/2) 0.67    38.446     1.000     0.000
 105  p   6i13/2   ( 5i 13/2) 0.67    55.267     1.000     0.000
 106  p   7i13/2   ( 6i 13/2) 0.64    83.551     1.000     0.000
 107  p   1j13/2   ( 1j 13/2) 0.97     5.801     0.990     0.010
 108  p   2j13/2   ( 2j 13/2) 0.52    13.560     1.000     0.000
 109  p   3j13/2   ( 2j 13/2) 0.79    22.260     1.000     0.000
 110  p   4j13/2   ( 3j 13/2) 0.76    34.149     1.000     0.000
 111  p   5j13/2   ( 4j 13/2) 0.72    50.550     1.000     0.000
 112  p   6j13/2   ( 6j 13/2) 0.65    76.652     1.000     0.000
 113  p   1k15/2   ( 1k 15/2) 0.79    13.908     0.999     0.001
 114  p   2k15/2   ( 1k 15/2) 0.58    16.524     0.999     0.001
 115  p   3k15/2   ( 2k 15/2) 0.79    26.485     1.000     0.000
 116  p   4k15/2   ( 3k 15/2) 0.71    39.357     1.000     0.000
 117  p   5k15/2   ( 4k 15/2) 0.71    55.854     1.000     0.000
 118  p   6k15/2   ( 5k 15/2) 0.65    82.875     1.000     0.000
 119  h   1j15/2   ( 1j 15/2) 0.88     1.555     0.186     0.814
 120  p   2j15/2   ( 2j 15/2) 0.56    13.224     1.000     0.000
 121  p   3j15/2   ( 2j 15/2) 0.78    20.819     1.000     0.000
 122  p   4j15/2   ( 3j 15/2) 0.76    32.487     1.000     0.000
 123  p   5j15/2   ( 4j 15/2) 0.72    48.219     1.000     0.000
 124  p   6j15/2   ( 6j 15/2) 0.65    74.881     1.000     0.000
 125  p   1k17/2   ( 1k 17/2) 0.98     7.736     0.995     0.005
 126  p   2k17/2   ( 3k 17/2) 0.52    15.305     1.000     0.000
 127  p   3k17/2   ( 2k 17/2) 0.79    24.946     1.000     0.000
 128  p   4k17/2   ( 3k 17/2) 0.74    37.368     1.000     0.000
 129  p   5k17/2   ( 4k 17/2) 0.71    53.095     1.000     0.000
 130  p   6k17/2   ( 5k 17/2) 0.64    80.595     1.000     0.000
 131  p   1l17/2   ( 3l 17/2) 0.53    18.214     1.000     0.000
 132  p   2l17/2   ( 1l 17/2) 0.84    24.046     1.000     0.000
 133  p   3l17/2   ( 2l 17/2) 0.78    34.546     1.000     0.000
 134  p   4l17/2   ( 3l 17/2) 0.74    50.144     1.000     0.000
 135  p   5l17/2   ( 5l 17/2) 0.68    73.889     1.000     0.000
 136  p   1m19/2   ( 3m 19/2) 0.56    20.533     1.000     0.000
 137  p   2m19/2   ( 1m 19/2) 0.85    29.701     1.000     0.000
 138  p   3m19/2   ( 2m 19/2) 0.74    39.623     1.000     0.000
 139  p   4m19/2   ( 3m 19/2) 0.72    55.921     1.000     0.000
 140  p   5m19/2   ( 5m 19/2) 0.65    79.947     1.000     0.000
 141  p   1l19/2   ( 1l 19/2) 0.95    15.603     0.999     0.001
 142  p   2l19/2   ( 2l 19/2) 0.58    19.367     1.000     0.000
 143  p   3l19/2   ( 2l 19/2) 0.76    32.249     1.000     0.000
 144  p   4l19/2   ( 3l 19/2) 0.75    46.609     1.000     0.000
 145  p   5l19/2   ( 5l 19/2) 0.69    70.754     1.000     0.000
 146  p   1m21/2   ( 3m 21/2) 0.53    20.246     1.000     0.000
 147  p   2m21/2   ( 1m 21/2) 0.84    24.499     1.000     0.000
 148  p   3m21/2   ( 2m 21/2) 0.78    36.008     1.000     0.000
 149  p   4m21/2   ( 3m 21/2) 0.75    51.545     1.000     0.000
 150  p   5m21/2   ( 5m 21/2) 0.67    75.976     1.000     0.000
 151  p   1n21/2   ( 2n 21/2) 0.59    25.063     1.000     0.000
 152  p   2n21/2   ( 1n 21/2) 0.83    37.113     1.000     0.000
 153  p   3n21/2   ( 2n 21/2) 0.75    50.042     1.000     0.000
 154  p   4n21/2   ( 4n 21/2) 0.68    72.492     1.000     0.000
 155  p   1o23/2   ( 2o 23/2) 0.60    27.400     1.000     0.000
 156  p   2o23/2   ( 1o 23/2) 0.81    41.201     1.000     0.000
 157  p   3o23/2   ( 2o 23/2) 0.73    55.398     1.000     0.000
 158  p   4o23/2   ( 4o 23/2) 0.66    78.799     1.000     0.000
 159  p   1n23/2   ( 1n 23/2) 0.55    24.722     1.000     0.000
 160  p   2n23/2   ( 1n 23/2) 0.82    32.953     1.000     0.000
 161  p   3n23/2   ( 2n 23/2) 0.72    44.400     1.000     0.000
 162  p   4n23/2   ( 4n 23/2) 0.74    66.160     1.000     0.000
 163  p   1o25/2   ( 2o 25/2) 0.58    27.251     1.000     0.000
 164  p   2o25/2   ( 1o 25/2) 0.86    38.754     1.000     0.000
 165  p   3o25/2   ( 2o 25/2) 0.76    49.192     1.000     0.000
 166  p   4o25/2   ( 4o 25/2) 0.73    70.885     1.000     0.000
 167  p   1P25/2   ( 2P 25/2) 0.68    33.440     1.000     0.000
 168  p   2P25/2   ( 1P 25/2) 0.78    50.232     1.000     0.000
 169  p   3P25/2   ( 3P 25/2) 0.71    70.516     1.000     0.000
 170  p   1q27/2   ( 2q 27/2) 0.68    35.975     1.000     0.000
 171  p   2q27/2   ( 1q 27/2) 0.78    54.158     1.000     0.000
 172  p   3q27/2   ( 3q 27/2) 0.70    75.796     1.000     0.000
 173  p   1P27/2   ( 2P 27/2) 0.64    33.226     1.000     0.000
 174  p   2P27/2   ( 1P 27/2) 0.78    47.243     1.000     0.000
 175  p   3P27/2   ( 3P 27/2) 0.79    60.974     1.000     0.000
 176  p   1q29/2   ( 2q 29/2) 0.66    35.813     1.000     0.000
 177  p   2q29/2   ( 1q 29/2) 0.79    52.413     1.000     0.000
 178  p   3q29/2   ( 3q 29/2) 0.75    66.330     1.000     0.000
 179  p   1r29/2   ( 1r 29/2) 0.78    44.323     1.000     0.000
 180  p   2r29/2   ( 2r 29/2) 0.77    67.378     1.000     0.000
 181  p   1S31/2   ( 1S 31/2) 0.78    47.124     1.000     0.000
 182  p   2S31/2   ( 2S 31/2) 0.77    71.696     1.000     0.000
 183  p   1r31/2   ( 1r 31/2) 0.77    44.107     1.000     0.000
 184  p   2r31/2   ( 2r 31/2) 0.76    62.239     1.000     0.000
 185  p   1S33/2   ( 1S 33/2) 0.77    46.952     1.000     0.000
 186  p   2S33/2   ( 2S 33/2) 0.76    67.717     1.000     0.000
 187  p   1t33/2   ( 1t 33/2) 0.98    59.979     1.000     0.000
 188  p   1u35/2   ( 1u 35/2) 0.98    63.222     1.000     0.000
 189  p   1t35/2   ( 1t 35/2) 0.99    59.060     1.000     0.000
 190  p   1u37/2   ( 1u 37/2) 0.98    62.579     1.000     0.000


 quasi-particle properties Proton: 
 ------------------------------------------------------------------
     p/h    l j     [nr,l,j]  smax       Eqp       uu       vv
   1  h   1s 1/2   ( 3s  1/2) 0.80     1.125     0.217     0.783
   2  p   2s 1/2   ( 4s  1/2) 0.90    20.505     0.908     0.092
   3  h   3s 1/2   ( 2s  1/2) 0.76    21.238     0.093     0.907
   4  p   4s 1/2   ( 6s  1/2) 0.51    27.704     1.000     0.000
   5  p   5s 1/2   ( 5s  1/2) 0.74    35.598     0.999     0.001
   6  h   6s 1/2   ( 1s  1/2) 0.87    37.335     0.001     0.999
   7  p   7s 1/2   ( 6s  1/2) 0.66    46.958     1.000     0.000
   8  p   8s 1/2   ( 7s  1/2) 0.59    60.750     1.000     0.000
   9  p   9s 1/2   ( 8s  1/2) 0.63    77.798     1.000     0.000
  11  p   1p 1/2   ( 3p  1/2) 0.94     9.834     0.999     0.001
  12  h   2p 1/2   ( 2p  1/2) 0.88    11.857     0.001     0.999
  13  p   3p 1/2   ( 4p  1/2) 0.71    26.826     1.000     0.000
  14  p   4p 1/2   ( 4p  1/2) 0.63    31.383     0.997     0.003
  15  h   5p 1/2   ( 1p  1/2) 0.92    32.345     0.003     0.997
  16  p   6p 1/2   ( 5p  1/2) 0.75    42.133     1.000     0.000
  17  p   7p 1/2   ( 6p  1/2) 0.68    55.652     1.000     0.000
  18  p   8p 1/2   ( 7p  1/2) 0.68    71.691     1.000     0.000
  20  h   1d 3/2   ( 2d  3/2) 0.93     2.416     0.020     0.980
  21  p   2d 3/2   ( 3d  3/2) 0.96    19.625     1.000     0.000
  22  h   3d 3/2   ( 1d  3/2) 0.95    25.579     0.000     1.000
  23  p   4d 3/2   ( 5d  3/2) 0.49    28.308     1.000     0.000
  24  p   5d 3/2   ( 4d  3/2) 0.76    35.809     1.000     0.000
  25  p   6d 3/2   ( 5d  3/2) 0.69    46.758     1.000     0.000
  26  p   7d 3/2   ( 6d  3/2) 0.62    60.618     1.000     0.000
  27  p   8d 3/2   ( 7d  3/2) 0.65    77.614     1.000     0.000
  29  p   1p 3/2   ( 3p  3/2) 0.93     9.301     0.999     0.001
  30  h   2p 3/2   ( 2p  3/2) 0.86    12.488     0.001     0.999
  31  p   3p 3/2   ( 4p  3/2) 0.73    26.716     1.000     0.000
  32  p   4p 3/2   ( 4p  3/2) 0.61    31.170     0.999     0.001
  33  h   5p 3/2   ( 1p  3/2) 0.91    32.717     0.001     0.999
  34  p   6p 3/2   ( 5p  3/2) 0.75    42.002     1.000     0.000
  35  p   7p 3/2   ( 6p  3/2) 0.68    55.432     1.000     0.000
  36  p   8p 3/2   ( 7p  3/2) 0.67    71.377     1.000     0.000
  37  p   9p 3/2   ( 8p  3/2) 0.63    99.982     1.000     0.000
  38  h   1d 5/2   ( 2d  5/2) 0.91     3.667     0.009     0.991
  39  p   2d 5/2   ( 3d  5/2) 0.96    18.895     1.000     0.000
  40  h   3d 5/2   ( 1d  5/2) 0.94    26.596     0.000     1.000
  41  p   4d 5/2   ( 5d  5/2) 0.50    28.248     1.000     0.000
  42  p   5d 5/2   ( 4d  5/2) 0.76    35.522     1.000     0.000
  43  p   6d 5/2   ( 5d  5/2) 0.69    46.484     1.000     0.000
  44  p   7d 5/2   ( 6d  5/2) 0.62    60.259     1.000     0.000
  45  p   8d 5/2   ( 7d  5/2) 0.64    77.093     1.000     0.000
  47  p   1f 5/2   ( 2f  5/2) 0.96     7.265     0.998     0.002
  48  h   2f 5/2   ( 1f  5/2) 0.97    17.487     0.001     0.999
  49  p   3f 5/2   ( 3f  5/2) 0.85    27.319     1.000     0.000
  50  p   4f 5/2   ( 5f  5/2) 0.49    31.303     1.000     0.000
  51  p   5f 5/2   ( 4f  5/2) 0.77    42.149     1.000     0.000
  52  p   6f 5/2   ( 5f  5/2) 0.71    55.472     1.000     0.000
  53  p   7f 5/2   ( 6f  5/2) 0.69    71.265     1.000     0.000
  54  p   8f 5/2   ( 7f  5/2) 0.64    98.947     1.000     0.000
  55  h   1g 7/2   ( 1g  7/2) 0.98     8.447     0.002     0.998
  56  p   2g 7/2   ( 2g  7/2) 0.97    16.653     1.000     0.000
  57  p   3g 7/2   ( 3g  7/2) 0.50    29.887     1.000     0.000
  58  p   4g 7/2   ( 3g  7/2) 0.79    36.176     1.000     0.000
  59  p   5g 7/2   ( 4g  7/2) 0.74    46.347     1.000     0.000
  60  p   6g 7/2   ( 5g  7/2) 0.66    60.390     1.000     0.000
  61  p   7g 7/2   ( 6g  7/2) 0.67    77.073     1.000     0.000
  63  p   1f 7/2   ( 2f  7/2) 0.95     5.410     0.997     0.003
  64  h   2f 7/2   ( 1f  7/2) 0.96    19.449     0.001     0.999
  65  p   3f 7/2   ( 3f  7/2) 0.89    26.751     1.000     0.000
  66  p   4f 7/2   ( 5f  7/2) 0.53    30.904     1.000     0.000
  67  p   5f 7/2   ( 4f  7/2) 0.76    41.829     1.000     0.000
  68  p   6f 7/2   ( 5f  7/2) 0.71    54.939     1.000     0.000
  69  p   7f 7/2   ( 6f  7/2) 0.69    70.517     1.000     0.000
  70  p   8f 7/2   ( 7f  7/2) 0.63    98.630     1.000     0.000
  71  h   1g 9/2   ( 1g  9/2) 0.97    11.604     0.001     0.999
  72  p   2g 9/2   ( 2g  9/2) 0.97    14.431     1.000     0.000
  73  p   3g 9/2   ( 3g  9/2) 0.53    29.760     1.000     0.000
  74  p   4g 9/2   ( 3g  9/2) 0.78    35.401     1.000     0.000
  75  p   5g 9/2   ( 4g  9/2) 0.75    45.752     1.000     0.000
  76  p   6g 9/2   ( 5g  9/2) 0.66    59.707     1.000     0.000
  77  p   7g 9/2   ( 6g  9/2) 0.66    76.035     1.000     0.000
  79  p   1h 9/2   ( 1h  9/2) 0.95     1.460     0.935     0.065
  80  p   2h 9/2   ( 2h  9/2) 0.97    25.610     1.000     0.000
  81  p   3h 9/2   ( 4h  9/2) 0.52    32.394     1.000     0.000
  82  p   4h 9/2   ( 3h  9/2) 0.78    42.525     1.000     0.000
  83  p   5h 9/2   ( 4h  9/2) 0.75    55.094     1.000     0.000
  84  p   6h 9/2   ( 5h  9/2) 0.72    70.537     1.000     0.000
  85  p   7h 9/2   ( 7h  9/2) 0.64    97.505     1.000     0.000
  86  p   1i11/2   ( 1i 11/2) 0.97    11.266     0.999     0.001
  87  p   2i11/2   ( 2i 11/2) 0.70    32.207     1.000     0.000
  88  p   3i11/2   ( 2i 11/2) 0.67    35.442     1.000     0.000
  89  p   4i11/2   ( 3i 11/2) 0.79    46.048     1.000     0.000
  90  p   5i11/2   ( 4i 11/2) 0.71    60.075     1.000     0.000
  91  p   6i11/2   ( 5i 11/2) 0.70    76.107     1.000     0.000
  93  h   1h11/2   ( 1h 11/2) 0.97     3.336     0.012     0.988
  94  p   2h11/2   ( 2h 11/2) 0.97    23.367     1.000     0.000
  95  p   3h11/2   ( 3h 11/2) 0.53    32.158     1.000     0.000
  96  p   4h11/2   ( 3h 11/2) 0.78    41.775     1.000     0.000
  97  p   5h11/2   ( 4h 11/2) 0.75    54.069     1.000     0.000
  98  p   6h11/2   ( 5h 11/2) 0.71    69.211     1.000     0.000
  99  p   7h11/2   ( 7h 11/2) 0.64    96.716     1.000     0.000
 100  p   1i13/2   ( 1i 13/2) 0.97     5.378     0.996     0.004
 101  p   2i13/2   ( 2i 13/2) 0.90    31.147     1.000     0.000
 102  p   3i13/2   ( 4i 13/2) 0.48    34.192     1.000     0.000
 103  p   4i13/2   ( 3i 13/2) 0.79    45.204     1.000     0.000
 104  p   5i13/2   ( 4i 13/2) 0.73    58.888     1.000     0.000
 105  p   6i13/2   ( 5i 13/2) 0.70    74.355     1.000     0.000
 107  p   1j13/2   ( 1j 13/2) 0.97    21.222     1.000     0.000
 108  p   2j13/2   ( 2j 13/2) 0.53    35.597     1.000     0.000
 109  p   3j13/2   ( 2j 13/2) 0.81    42.798     1.000     0.000
 110  p   4j13/2   ( 3j 13/2) 0.79    54.207     1.000     0.000
 111  p   5j13/2   ( 4j 13/2) 0.74    69.655     1.000     0.000
 112  p   6j13/2   ( 6j 13/2) 0.66    95.108     1.000     0.000
 113  p   1k15/2   ( 1k 15/2) 0.97    30.856     1.000     0.000
 114  p   2k15/2   ( 4k 15/2) 0.53    37.396     1.000     0.000
 115  p   3k15/2   ( 2k 15/2) 0.82    47.714     1.000     0.000
 116  p   4k15/2   ( 3k 15/2) 0.77    59.427     1.000     0.000
 117  p   5k15/2   ( 4k 15/2) 0.74    74.839     1.000     0.000
 119  p   1j15/2   ( 1j 15/2) 0.97    14.157     1.000     0.000
 120  p   2j15/2   ( 2j 15/2) 0.60    35.276     1.000     0.000
 121  p   3j15/2   ( 2j 15/2) 0.76    40.903     1.000     0.000
 122  p   4j15/2   ( 3j 15/2) 0.77    52.942     1.000     0.000
 123  p   5j15/2   ( 4j 15/2) 0.74    67.669     1.000     0.000
 124  p   6j15/2   ( 6j 15/2) 0.67    93.326     1.000     0.000
 125  p   1k17/2   ( 1k 17/2) 0.96    23.013     1.000     0.000
 126  p   2k17/2   ( 4k 17/2) 0.52    37.202     1.000     0.000
 127  p   3k17/2   ( 2k 17/2) 0.82    46.065     1.000     0.000
 128  p   4k17/2   ( 3k 17/2) 0.79    57.577     1.000     0.000
 129  p   5k17/2   ( 4k 17/2) 0.74    72.540     1.000     0.000
 130  p   6k17/2   ( 6k 17/2) 0.65    98.709     1.000     0.000
 131  p   1l17/2   ( 1l 17/2) 0.87    39.204     1.000     0.000
 132  p   2l17/2   ( 2l 17/2) 0.52    42.070     1.000     0.000
 133  p   3l17/2   ( 2l 17/2) 0.79    55.393     1.000     0.000
 134  p   4l17/2   ( 3l 17/2) 0.76    69.296     1.000     0.000
 135  p   5l17/2   ( 5l 17/2) 0.70    91.816     1.000     0.000
 136  p   1m19/2   ( 3m 19/2) 0.55    42.545     1.000     0.000
 137  p   2m19/2   ( 1m 19/2) 0.90    48.651     1.000     0.000
 138  p   3m19/2   ( 2m 19/2) 0.80    59.391     1.000     0.000
 139  p   4m19/2   ( 3m 19/2) 0.75    75.045     1.000     0.000
 140  p   5m19/2   ( 5m 19/2) 0.67    97.817     1.000     0.000
 141  p   1l19/2   ( 1l 19/2) 0.95    31.786     1.000     0.000
 142  p   2l19/2   ( 2l 19/2) 0.58    40.924     1.000     0.000
 143  p   3l19/2   ( 2l 19/2) 0.75    53.773     1.000     0.000
 144  p   4l19/2   ( 3l 19/2) 0.75    66.123     1.000     0.000
 145  p   5l19/2   ( 5l 19/2) 0.71    88.892     1.000     0.000
 146  p   1m21/2   ( 1m 21/2) 0.95    40.351     1.000     0.000
 147  p   2m21/2   ( 2m 21/2) 0.59    42.937     1.000     0.000
 148  p   3m21/2   ( 2m 21/2) 0.76    57.362     1.000     0.000
 149  p   4m21/2   ( 3m 21/2) 0.76    71.314     1.000     0.000
 150  p   5m21/2   ( 5m 21/2) 0.69    94.033     1.000     0.000
 151  p   1n21/2   ( 3n 21/2) 0.57    47.290     1.000     0.000
 152  p   2n21/2   ( 1n 21/2) 0.86    57.308     1.000     0.000
 153  p   3n21/2   ( 2n 21/2) 0.75    68.508     1.000     0.000
 154  p   4n21/2   ( 4n 21/2) 0.71    90.217     1.000     0.000
 155  p   1o23/2   ( 3o 23/2) 0.59    49.484     1.000     0.000
 156  p   2o23/2   ( 1o 23/2) 0.87    62.950     1.000     0.000
 157  p   3o23/2   ( 2o 23/2) 0.77    73.672     1.000     0.000
 158  p   4o23/2   ( 4o 23/2) 0.70    96.039     1.000     0.000
 159  p   1n23/2   ( 1n 23/2) 0.71    46.449     1.000     0.000
 160  p   2n23/2   ( 2n 23/2) 0.66    51.147     1.000     0.000
 161  p   3n23/2   ( 2n 23/2) 0.65    64.959     1.000     0.000
 162  p   4n23/2   ( 4n 23/2) 0.76    84.306     1.000     0.000
 163  p   1o25/2   ( 3o 25/2) 0.58    49.274     1.000     0.000
 164  p   2o25/2   ( 1o 25/2) 0.84    58.305     1.000     0.000
 165  p   3o25/2   ( 2o 25/2) 0.70    68.915     1.000     0.000
 166  p   4o25/2   ( 4o 25/2) 0.75    88.974     1.000     0.000
 167  p   1P25/2   ( 2P 25/2) 0.66    55.893     1.000     0.000
 168  p   2P25/2   ( 1P 25/2) 0.80    71.602     1.000     0.000
 169  p   3P25/2   ( 3P 25/2) 0.76    86.936     1.000     0.000
 170  p   1q27/2   ( 2q 27/2) 0.67    58.221     1.000     0.000
 171  p   2q27/2   ( 1q 27/2) 0.80    76.461     1.000     0.000
 172  p   3q27/2   ( 3q 27/2) 0.72    92.457     1.000     0.000
 173  p   1P27/2   ( 1P 27/2) 0.62    55.554     1.000     0.000
 174  p   2P27/2   ( 1P 27/2) 0.74    67.249     1.000     0.000
 175  p   3P27/2   ( 3P 27/2) 0.83    79.012     1.000     0.000
 176  p   1q29/2   ( 2q 29/2) 0.64    57.981     1.000     0.000
 177  p   2q29/2   ( 1q 29/2) 0.80    74.090     1.000     0.000
 178  p   3q29/2   ( 3q 29/2) 0.80    83.860     1.000     0.000
 179  p   1r29/2   ( 1r 29/2) 0.76    67.026     1.000     0.000
 180  p   2r29/2   ( 2r 29/2) 0.75    87.266     1.000     0.000
 181  p   1S31/2   ( 1S 31/2) 0.76    69.650     1.000     0.000
 182  p   2S31/2   ( 2S 31/2) 0.75    92.526     1.000     0.000
 183  p   1r31/2   ( 1r 31/2) 0.75    66.771     1.000     0.000
 184  p   2r31/2   ( 2r 31/2) 0.74    82.303     1.000     0.000
 185  p   1S33/2   ( 1S 33/2) 0.74    69.435     1.000     0.000
 186  p   2S33/2   ( 2S 33/2) 0.74    88.702     1.000     0.000
 187  p   1t33/2   ( 1t 33/2) 0.98    82.668     1.000     0.000
 188  p   1u35/2   ( 1u 35/2) 0.98    85.968     1.000     0.000
 189  p   1t35/2   ( 1t 35/2) 0.99    81.767     1.000     0.000
 190  p   1u37/2   ( 1u 37/2) 0.98    85.331     1.000     0.000
  ****** END RESU ***********************************
