
  ******************************************  
  *           Fortran 77 Code              *  
  *         Spherical H.O. basis            *  
  * Dirac-Hartree-Bogoliubov calculation   *  
  *        with density-dependent          *  
  * meson-exchange or point coupling force *  
  *          and separable pairing         *  
  * -------------------------------------- *  
  *      Niksic, Paar, Vretenar, Ring      *  
  *          18/ 4/2026/01:52:25           *
  *       Pb 256  N = 174  Z =  82
  ******************************************  
  ****** BEGIN READER *******************************
 Number of oscillator shells :    18   20
 Initialization inin,inink   :     1    1
 Nucleus: Pb 256   174  82
 Initial Gap Parameters      :     1.0000    1.0000
 Parameter set               :    DD-PC1    
  ****** END READER *********************************
  ****** BEGIN FORCES *******************************

 NEDF Parameters: DD-PC1    
           scasca    scavec    vecsca    vecvec
 GG   =   1.000000  1.000000  1.000000  1.000000
 DD   =  -0.814900  0.000000  0.000000  0.000000
  
 Density dependence parameters:
           scasca    scavec    vecsca    vecvec
 a    = -10.046200  5.919500  0.000000  0.000000
 b    =  -9.150400  8.863700  0.000000  1.836000
 c    =  -6.427300  0.000000  0.000000  0.000000
 d    =   1.372400  0.658400  0.000000  0.640300
 dsat =   0.152000
  
 TMR pairing: Tian,Ma,Ring, PRB 676, 44 (2009)
 TMR pairing strength    gl =:  -728.00000 [MeV*fm^3]
 TMR pairing width        a =:     0.64420 [fm]
  ****** END FORCES *********************************
  ****** BEGIN PREP *********************************
  
 hom =                            6.457095
 hb0 =                           20.734000
 b0  =                            2.534183
 with Coulomb force
 With microscopic c.m. correction
  ****** END PREP ***********************************
  ****** BEGIN ITER *********************************
  1.It. si =    0.0000000  E/A =    0.0000 R =    0.0000  mix = 0.50
  2.It. si =  127.3985168  E/A =   -6.9234 R =    6.2435  mix = 0.50
  3.It. si =   66.0038575  E/A =   -6.9278 R =    6.2209  mix = 0.50
  4.It. si =   13.4994698  E/A =   -6.9340 R =    6.1953  mix = 0.50
  5.It. si =   12.6072742  E/A =   -6.9433 R =    6.1689  mix = 0.50
  6.It. si =   11.8015779  E/A =   -6.9453 R =    6.1545  mix = 0.50
  7.It. si =    2.8306871  E/A =   -6.9465 R =    6.1362  mix = 0.50
  8.It. si =    0.6557854  E/A =   -6.9464 R =    6.1287  mix = 0.50
  9.It. si =    0.2950172  E/A =   -6.9466 R =    6.1265  mix = 0.50
 10.It. si =    0.0890741  E/A =   -6.9465 R =    6.1265  mix = 0.50
 11.It. si =    0.1819066  E/A =   -6.9465 R =    6.1264  mix = 0.50
 12.It. si =    0.1596258  E/A =   -6.9465 R =    6.1264  mix = 0.50
 13.It. si =    0.1239422  E/A =   -6.9465 R =    6.1263  mix = 0.50
 14.It. si =    0.0452057  E/A =   -6.9464 R =    6.1253  mix = 0.50
 15.It. si =    0.0447423  E/A =   -6.9464 R =    6.1254  mix = 0.50
 16.It. si =    0.0231009  E/A =   -6.9464 R =    6.1251  mix = 0.50
 17.It. si =    0.0135561  E/A =   -6.9463 R =    6.1249  mix = 0.50
 18.It. si =    0.0042827  E/A =   -6.9463 R =    6.1249  mix = 0.50
 19.It. si =    0.0025575  E/A =   -6.9463 R =    6.1249  mix = 0.50
 20.It. si =    0.0017110  E/A =   -6.9463 R =    6.1249  mix = 0.50
 21.It. si =    0.0021059  E/A =   -6.9462 R =    6.1248  mix = 0.50
 22.It. si =    0.0001780  E/A =   -6.9462 R =    6.1248  mix = 0.50
 23.It. si =    0.0000849  E/A =   -6.9462 R =    6.1248  mix = 0.50
 24.It. si =    0.0000230  E/A =   -6.9462 R =    6.1248  mix = 0.50
 25.It. si =    0.0000098  E/A =   -6.9462 R =    6.1248  mix = 0.50
 26.It. si =    0.0000012  E/A =   -6.9462 R =    6.1248  mix = 0.50
 27.It. si =    0.0000011  E/A =   -6.9462 R =    6.1248  mix = 0.50
 ********************************************************************
 Pb 256: Iteration converged after  27 steps   si =      0.0000002328
 ********************************************************************
  ****** END ITER ***********************************
  ****** BEGIN CANON ********************************
 single-particle energies and gaps  in the canonical basis: Neutron:
 ------------------------------------------------------------------
    j pi     (nr,l,j)  smax       Ecan       vvcan       decan
 j = 1/2+  (   s 1/2)  0.72    -55.7793      0.9998      1.5705
 j = 1/2+  (   s 1/2)  0.71    -43.3379      0.9996      1.6525
 j = 1/2+  (   s 1/2)  0.96    -21.0410      0.9987      1.3950
 j = 1/2+  (   s 1/2)  0.94     -1.6048      0.2833      0.9768
 j = 1/2+  (   s 1/2)  0.88      8.7739      0.0007      0.5925
 j = 1/2+  (   s 1/2)  0.86     20.1234      0.0001      0.4938
 j = 1/2+  (   s 1/2)  0.90     36.1679      0.0000      0.3800
 j = 1/2+  (   s 1/2)  0.89     37.5029      0.0000      0.0479
 j = 1/2+  (   s 1/2)  0.95     51.3906      0.0000      0.2493
 j = 1/2+  (   s 1/2)  0.87     62.9172      0.0000      0.1581
 j = 1/2-  (   p 1/2)  0.93    -52.1557      0.9998      1.5035
 j = 1/2-  (   p 1/2)  0.92    -31.6542      0.9994      1.4162
 j = 1/2-  (   p 1/2)  0.97    -10.4481      0.9939      1.3154
 j = 1/2-  (   p 1/2)  0.95      5.3102      0.0020      0.6623
 j = 1/2-  (   p 1/2)  0.90     14.6652      0.0002      0.4504
 j = 1/2-  (   p 1/2)  0.90     28.6355      0.0000      0.3620
 j = 1/2-  (   p 1/2)  0.92     38.6136      0.0000      0.0649
 j = 1/2-  (   p 1/2)  0.95     43.2361      0.0000      0.2589
 j = 1/2-  (   p 1/2)  0.92     58.9793      0.0000      0.1818
 j = 3/2+  (   d 3/2)  0.98    -44.7659      0.9997      1.3607
 j = 3/2+  (   d 3/2)  0.98    -21.9497      0.9988      1.3523
 j = 3/2+  (   d 3/2)  0.96     -1.6609      0.3178      1.0577
 j = 3/2+  (   d 3/2)  0.91      9.4624      0.0005      0.5383
 j = 3/2+  (   d 3/2)  0.85     20.1617      0.0001      0.4341
 j = 3/2+  (   d 3/2)  0.87     34.7335      0.0000      0.3071
 j = 3/2+  (   d 3/2)  0.91     40.0325      0.0000      0.0469
 j = 3/2+  (   d 3/2)  0.94     48.3130      0.0000      0.2005
 j = 3/2+  (   d 3/2)  0.90     65.2598      0.0000      0.1393
 j = 3/2-  (   p 3/2)  0.92    -52.3777      0.9998      1.5040
 j = 3/2-  (   p 3/2)  0.91    -32.2114      0.9994      1.4267
 j = 3/2-  (   p 3/2)  0.97    -11.0902      0.9948      1.3156
 j = 3/2-  (   p 3/2)  0.94      5.0508      0.0022      0.6637
 j = 3/2-  (   p 3/2)  0.89     14.4299      0.0002      0.4435
 j = 3/2-  (   p 3/2)  0.90     28.4334      0.0000      0.3614
 j = 3/2-  (   p 3/2)  0.92     38.4885      0.0000      0.0648
 j = 3/2-  (   p 3/2)  0.95     43.0385      0.0000      0.2582
 j = 3/2-  (   p 3/2)  0.92     58.8434      0.0000      0.1818
 j = 5/2+  (   d 5/2)  0.98    -45.4812      0.9998      1.3707
 j = 5/2+  (   d 5/2)  0.97    -23.2582      0.9990      1.3620
 j = 5/2+  (   d 5/2)  0.96     -2.3978      0.6464      1.0551
 j = 5/2+  (   d 5/2)  0.91      9.2602      0.0006      0.5421
 j = 5/2+  (   d 5/2)  0.86     19.6053      0.0001      0.4243
 j = 5/2+  (   d 5/2)  0.87     34.4052      0.0000      0.3055
 j = 5/2+  (   d 5/2)  0.91     39.8300      0.0000      0.0467
 j = 5/2+  (   d 5/2)  0.94     48.0040      0.0000      0.1993
 j = 5/2+  (   d 5/2)  0.90     64.9413      0.0000      0.1388
 j = 5/2-  (   f 5/2)  0.98    -36.2208      0.9997      1.2330
 j = 5/2-  (   f 5/2)  0.98    -12.1043      0.9960      1.2772
 j = 5/2-  (   f 5/2)  0.97      5.8281      0.0027      0.8247
 j = 5/2-  (   f 5/2)  0.96     16.3312      0.0002      0.5008
 j = 5/2-  (   f 5/2)  0.95     29.2713      0.0000      0.3736
 j = 5/2-  (   f 5/2)  0.92     39.2045      0.0000      0.0605
 j = 5/2-  (   f 5/2)  0.96     41.8155      0.0000      0.2417
 j = 5/2-  (   f 5/2)  0.92     56.8874      0.0000      0.1617
 j = 7/2+  (   g 7/2)  0.98    -27.0496      0.9994      1.1858
 j = 7/2+  (   g 7/2)  0.98     -2.7866      0.7668      1.1283
 j = 7/2+  (   g 7/2)  0.97     12.1673      0.0004      0.5846
 j = 7/2+  (   g 7/2)  0.96     22.1283      0.0001      0.4423
 j = 7/2+  (   g 7/2)  0.87     34.5255      0.0000      0.0384
 j = 7/2+  (   g 7/2)  0.95     37.4873      0.0000      0.3290
 j = 7/2+  (   g 7/2)  0.94     50.0868      0.0000      0.2074
 j = 7/2+  (   g 7/2)  0.83     61.3694      0.0000      0.1333
 j = 7/2-  (   f 7/2)  0.98    -37.7316      0.9997      1.2541
 j = 7/2-  (   f 7/2)  0.98    -14.1109      0.9972      1.2821
 j = 7/2-  (   f 7/2)  0.97      4.9590      0.0033      0.8171
 j = 7/2-  (   f 7/2)  0.96     15.8737      0.0002      0.4971
 j = 7/2-  (   f 7/2)  0.95     28.5255      0.0000      0.3710
 j = 7/2-  (   f 7/2)  0.92     38.9728      0.0000      0.0605
 j = 7/2-  (   f 7/2)  0.96     41.3268      0.0000      0.2406
 j = 7/2-  (   f 7/2)  0.92     56.5602      0.0000      0.1616
 j = 9/2+  (   g 9/2)  0.98    -29.7606      0.9995      1.2134
 j = 9/2+  (   g 9/2)  0.98     -5.0515      0.9673      1.1326
 j = 9/2+  (   g 9/2)  0.97     11.4019      0.0005      0.5964
 j = 9/2+  (   g 9/2)  0.97     21.7781      0.0001      0.4235
 j = 9/2+  (   g 9/2)  0.86     33.7434      0.0000      0.0375
 j = 9/2+  (   g 9/2)  0.95     36.8731      0.0000      0.3234
 j = 9/2+  (   g 9/2)  0.93     49.5530      0.0000      0.2049
 j = 9/2+  (   g 9/2)  0.82     60.4115      0.0000      0.1305
 j = 9/2-  (   h 9/2)  0.98    -17.0165      0.9986      1.1282
 j = 9/2-  (   h 9/2)  0.98      5.3597      0.0044      0.9893
 j = 9/2-  (   h 9/2)  0.97     17.7386      0.0001      0.4729
 j = 9/2-  (   h 9/2)  0.96     30.2773      0.0000      0.3463
 j = 9/2-  (   h 9/2)  0.87     32.6829      0.0000      0.0503
 j = 9/2-  (   h 9/2)  0.94     45.7779      0.0000      0.2524
 j = 9/2-  (   h 9/2)  0.83     56.8926      0.0000      0.1675
 j =11/2+  (   i11/2)  0.98     -6.7718      0.9874      1.0748
 j =11/2+  (   i11/2)  0.97     13.0800      0.0007      0.8087
 j =11/2+  (   i11/2)  0.97     24.2557      0.0001      0.4228
 j =11/2+  (   i11/2)  0.81     30.1794      0.0000      0.0319
 j =11/2+  (   i11/2)  0.95     36.7698      0.0000      0.2741
 j =11/2+  (   i11/2)  0.90     52.2540      0.0000      0.1890
 j =11/2+  (   i11/2)  0.74     61.3495      0.0000      0.1255
 j =11/2-  (   h11/2)  0.98    -21.1225      0.9990      1.1778
 j =11/2-  (   h11/2)  0.98      3.0707      0.0085      0.9618
 j =11/2-  (   h11/2)  0.96     16.6809      0.0002      0.4715
 j =11/2-  (   h11/2)  0.96     28.8081      0.0000      0.3411
 j =11/2-  (   h11/2)  0.87     32.2332      0.0000      0.0501
 j =11/2-  (   h11/2)  0.93     45.2129      0.0000      0.2520
 j =11/2-  (   h11/2)  0.83     56.1057      0.0000      0.1675
 j =13/2+  (   i13/2)  0.98    -12.2520      0.9970      1.1164
 j =13/2+  (   i13/2)  0.97     10.7594      0.0010      0.7959
 j =13/2+  (   i13/2)  0.96     22.9946      0.0001      0.4146
 j =13/2+  (   i13/2)  0.80     29.7511      0.0000      0.0317
 j =13/2+  (   i13/2)  0.95     35.2225      0.0000      0.2714
 j =13/2+  (   i13/2)  0.90     51.1871      0.0000      0.1872
 j =13/2+  (   i13/2)  0.74     60.5811      0.0000      0.1252
 j =13/2-  (   j13/2)  0.98      3.3422      0.0092      1.0528
 j =13/2-  (   j13/2)  0.97     20.0725      0.0002      0.5975
 j =13/2-  (   j13/2)  0.95     31.3166      0.0000      0.3746
 j =13/2-  (   j13/2)  0.87     33.5815      0.0000      0.0463
 j =13/2-  (   j13/2)  0.92     42.1754      0.0000      0.2167
 j =13/2-  (   j13/2)  0.84     56.7159      0.0000      0.1443
 j =15/2+  (   k15/2)  0.98     12.8839      0.0011      0.9774
 j =15/2+  (   k15/2)  0.78     22.3574      0.0000      0.0266
 j =15/2+  (   k15/2)  0.96     26.8637      0.0001      0.4686
 j =15/2+  (   k15/2)  0.91     39.0801      0.0000      0.3117
 j =15/2+  (   k15/2)  0.84     50.1615      0.0000      0.1849
 j =15/2+  (   k15/2)  0.83     67.9471      0.0000      0.1137
 j =15/2-  (   j15/2)  0.98     -3.4033      0.8927      1.0474
 j =15/2-  (   j15/2)  0.96     18.0269      0.0002      0.6315
 j =15/2-  (   j15/2)  0.94     29.3095      0.0000      0.3644
 j =15/2-  (   j15/2)  0.86     33.0149      0.0000      0.0459
 j =15/2-  (   j15/2)  0.92     41.0843      0.0000      0.2161
 j =15/2-  (   j15/2)  0.83     55.1030      0.0000      0.1429
 j =17/2+  (   k17/2)  0.98      5.3732      0.0043      0.9808
 j =17/2+  (   k17/2)  0.78     22.1213      0.0000      0.0267
 j =17/2+  (   k17/2)  0.95     24.4602      0.0001      0.4875
 j =17/2+  (   k17/2)  0.90     36.5395      0.0000      0.3062
 j =17/2+  (   k17/2)  0.83     49.1058      0.0000      0.1852
 j =17/2+  (   k17/2)  0.83     65.8935      0.0000      0.1123
 j =17/2-  (   l17/2)  0.97     21.4905      0.0003      0.8637
 j =17/2-  (   l17/2)  0.81     30.8652      0.0000      0.0412
 j =17/2-  (   l17/2)  0.94     33.9767      0.0000      0.3918
 j =17/2-  (   l17/2)  0.86     46.7522      0.0000      0.2491
 j =17/2-  (   l17/2)  0.72     54.4610      0.0000      0.1497
 j =19/2+  (   m19/2)  0.95     29.7153      0.0001      0.7506
 j =19/2+  (   m19/2)  0.75     30.1909      0.0000      0.0280
 j =19/2+  (   m19/2)  0.90     41.0085      0.0000      0.3319
 j =19/2+  (   m19/2)  0.79     54.6280      0.0000      0.2035
 j =19/2+  (   m19/2)  0.60     56.7560      0.0000      0.1136
 j =19/2-  (   l19/2)  0.97     13.8523      0.0008      0.8767
 j =19/2-  (   l19/2)  0.80     30.1924      0.0000      0.0408
 j =19/2-  (   l19/2)  0.92     30.7730      0.0000      0.3980
 j =19/2-  (   l19/2)  0.85     44.1418      0.0000      0.2466
 j =19/2-  (   l19/2)  0.71     52.5224      0.0000      0.1480
 j =21/2+  (   m21/2)  0.94     22.1472      0.0003      0.7662
 j =21/2+  (   m21/2)  0.74     29.7498      0.0000      0.0279
 j =21/2+  (   m21/2)  0.87     37.2174      0.0000      0.3328
 j =21/2+  (   m21/2)  0.77     51.4772      0.0000      0.2023
 j =21/2+  (   m21/2)  0.60     54.4535      0.0000      0.1116
 j =21/2-  (   n21/2)  0.80     32.8707      0.0000      0.0422
 j =21/2-  (   n21/2)  0.93     37.4779      0.0001      0.6379
 j =21/2-  (   n21/2)  0.84     47.8299      0.0000      0.2756
 j =21/2-  (   n21/2)  0.70     55.7423      0.0000      0.1523
 j =23/2+  (   o23/2)  0.75     33.5068      0.0000      0.0296
 j =23/2+  (   o23/2)  0.89     45.2981      0.0000      0.5363
 j =23/2+  (   o23/2)  0.74     55.6790      0.0000      0.2369
 j =23/2+  (   o23/2)  0.60     57.4215      0.0000      0.1155
 j =23/2-  (   n23/2)  0.92     30.2581      0.0001      0.6511
 j =23/2-  (   n23/2)  0.79     31.9803      0.0000      0.0416
 j =23/2-  (   n23/2)  0.80     43.8348      0.0000      0.2773
 j =23/2-  (   n23/2)  0.67     51.5937      0.0000      0.1488
 j =25/2+  (   o25/2)  0.74     32.7999      0.0000      0.0293
 j =25/2+  (   o25/2)  0.88     38.3068      0.0000      0.5487
 j =25/2+  (   o25/2)  0.70     50.8724      0.0000      0.2370
 j =25/2+  (   o25/2)  0.61     53.4348      0.0000      0.1125
 j =25/2-  (   P25/2)  0.78     36.4232      0.0000      0.0468
 j =25/2-  (   P25/2)  0.85     53.4130      0.0000      0.4480
 j =25/2-  (   P25/2)  0.64     56.2625      0.0000      0.1804
 j =27/2+  (   q27/2)  0.73     37.7677      0.0000      0.0341
 j =27/2+  (   q27/2)  0.61     58.6765      0.0000      0.1386
 j =27/2+  (   q27/2)  0.79     61.3337      0.0000      0.3726
 j =27/2-  (   P27/2)  0.76     35.4255      0.0000      0.0462
 j =27/2-  (   P27/2)  0.82     46.3523      0.0000      0.4595
 j =27/2-  (   P27/2)  0.60     51.7151      0.0000      0.1764
 j =29/2+  (   q29/2)  0.72     37.1031      0.0000      0.0338
 j =29/2+  (   q29/2)  0.77     54.4721      0.0000      0.3807
 j =29/2+  (   q29/2)  0.61     54.9234      0.0000      0.1358
 j =29/2-  (   r29/2)  0.79     43.3889      0.0000      0.0606
 j =29/2-  (   r29/2)  0.78     62.9343      0.0000      0.2705
 j =31/2+  (   S31/2)  0.76     45.7470      0.0000      0.0447
 j =31/2+  (   S31/2)  0.75     67.6519      0.0000      0.2061
 j =31/2-  (   r31/2)  0.78     42.5667      0.0000      0.0601
 j =31/2-  (   r31/2)  0.77     58.4143      0.0000      0.2727
 j =33/2+  (   S33/2)  0.75     45.1650      0.0000      0.0445
 j =33/2+  (   S33/2)  0.75     64.0759      0.0000      0.2074
 j =33/2-  (   t33/2)  0.98     57.4429      0.0000      0.0968
 j =35/2+  (   u35/2)  0.98     60.6777      0.0000      0.0704
 j =35/2-  (   t35/2)  0.99     56.4911      0.0000      0.0968
 j =37/2+  (   u37/2)  0.98     60.0077      0.0000      0.0705
 single-particle energies and gaps  in the canonical basis: Proton: 
 ------------------------------------------------------------------
    j pi     (nr,l,j)  smax       Ecan       vvcan       decan
 j = 1/2+  (   s 1/2)  0.84    -52.6145      0.9998      1.0623
 j = 1/2+  (   s 1/2)  0.77    -36.6818      0.9993      1.1330
 j = 1/2+  (   s 1/2)  0.89    -16.2891      0.7881      0.9433
 j = 1/2+  (   s 1/2)  0.88      9.7845      0.0002      0.7536
 j = 1/2+  (   s 1/2)  0.55     12.9553      0.0000      0.0017
 j = 1/2+  (   s 1/2)  0.51     25.5903      0.0000      0.0068
 j = 1/2+  (   s 1/2)  0.66     35.5063      0.0000      0.3605
 j = 1/2+  (   s 1/2)  0.49     45.2575      0.0000      0.0149
 j = 1/2+  (   s 1/2)  0.57     58.5088      0.0000      0.2025
 j = 1/2+  (   s 1/2)  0.76     78.8430      0.0000      0.0762
 j = 1/2-  (   p 1/2)  0.96    -47.3559      0.9998      0.9519
 j = 1/2-  (   p 1/2)  0.92    -27.6635      0.9988      0.8457
 j = 1/2-  (   p 1/2)  0.93     -5.0181      0.0008      0.5950
 j = 1/2-  (   p 1/2)  0.58     13.4033      0.0000      0.0025
 j = 1/2-  (   p 1/2)  0.78     21.7687      0.0000      0.4393
 j = 1/2-  (   p 1/2)  0.52     26.3926      0.0000      0.0106
 j = 1/2-  (   p 1/2)  0.57     45.4414      0.0000      0.0294
 j = 1/2-  (   p 1/2)  0.67     47.4115      0.0000      0.2554
 j = 1/2-  (   p 1/2)  0.72     78.9567      0.0000      0.1160
 j = 3/2+  (   d 3/2)  0.96    -40.9302      0.9997      0.9280
 j = 3/2+  (   d 3/2)  0.94    -17.9124      0.9781      0.7011
 j = 3/2+  (   d 3/2)  0.91      5.6627      0.0001      0.3934
 j = 3/2+  (   d 3/2)  0.56     13.6776      0.0000      0.0014
 j = 3/2+  (   d 3/2)  0.51     26.4431      0.0000      0.0059
 j = 3/2+  (   d 3/2)  0.70     32.0865      0.0000      0.2803
 j = 3/2+  (   d 3/2)  0.49     46.0592      0.0000      0.0141
 j = 3/2+  (   d 3/2)  0.61     61.1726      0.0000      0.1842
 j = 3/2+  (   d 3/2)  0.75     81.0643      0.0000      0.0739
 j = 3/2-  (   p 3/2)  0.95    -47.6980      0.9998      0.9593
 j = 3/2-  (   p 3/2)  0.91    -28.3408      0.9989      0.8435
 j = 3/2-  (   p 3/2)  0.93     -5.6116      0.0009      0.5887
 j = 3/2-  (   p 3/2)  0.58     13.3896      0.0000      0.0026
 j = 3/2-  (   p 3/2)  0.79     21.3637      0.0000      0.4423
 j = 3/2-  (   p 3/2)  0.52     26.3841      0.0000      0.0108
 j = 3/2-  (   p 3/2)  0.57     45.2772      0.0000      0.0295
 j = 3/2-  (   p 3/2)  0.67     47.1602      0.0000      0.2556
 j = 3/2-  (   p 3/2)  0.72     78.6589      0.0000      0.1160
 j = 5/2+  (   d 5/2)  0.95    -41.9154      0.9997      0.9405
 j = 5/2+  (   d 5/2)  0.93    -19.2279      0.9910      0.6950
 j = 5/2+  (   d 5/2)  0.90      4.7319      0.0001      0.3911
 j = 5/2+  (   d 5/2)  0.56     13.6562      0.0000      0.0015
 j = 5/2+  (   d 5/2)  0.51     26.4039      0.0000      0.0060
 j = 5/2+  (   d 5/2)  0.71     31.6148      0.0000      0.2809
 j = 5/2+  (   d 5/2)  0.49     45.8511      0.0000      0.0141
 j = 5/2+  (   d 5/2)  0.62     60.8367      0.0000      0.1837
 j = 5/2+  (   d 5/2)  0.75     80.5481      0.0000      0.0738
 j = 5/2-  (   f 5/2)  0.97    -32.9275      0.9994      0.8803
 j = 5/2-  (   f 5/2)  0.95     -8.2175      0.0016      0.5894
 j = 5/2-  (   f 5/2)  0.59     14.8233      0.0000      0.0022
 j = 5/2-  (   f 5/2)  0.85     16.7519      0.0000      0.3160
 j = 5/2-  (   f 5/2)  0.52     28.5747      0.0000      0.0083
 j = 5/2-  (   f 5/2)  0.67     42.2386      0.0000      0.1906
 j = 5/2-  (   f 5/2)  0.62     47.8486      0.0000      0.0297
 j = 5/2-  (   f 5/2)  0.67     82.4381      0.0000      0.1060
 j = 7/2+  (   g 7/2)  0.98    -23.9487      0.9976      0.8117
 j = 7/2+  (   g 7/2)  0.93      1.9311      0.0002      0.4844
 j = 7/2+  (   g 7/2)  0.56     15.4188      0.0000      0.0012
 j = 7/2+  (   g 7/2)  0.73     28.4799      0.0000      0.2700
 j = 7/2+  (   g 7/2)  0.50     28.8957      0.0000      0.0045
 j = 7/2+  (   g 7/2)  0.54     48.1358      0.0000      0.0137
 j = 7/2+  (   g 7/2)  0.67     53.5716      0.0000      0.1427
 j = 7/2+  (   g 7/2)  0.70     86.3149      0.0000      0.0685
 j = 7/2-  (   f 7/2)  0.96    -34.8683      0.9995      0.8988
 j = 7/2-  (   f 7/2)  0.94    -10.1357      0.0027      0.5738
 j = 7/2-  (   f 7/2)  0.59     14.8038      0.0000      0.0023
 j = 7/2-  (   f 7/2)  0.86     15.4784      0.0000      0.3179
 j = 7/2-  (   f 7/2)  0.52     28.6031      0.0000      0.0085
 j = 7/2-  (   f 7/2)  0.66     41.3054      0.0000      0.1907
 j = 7/2-  (   f 7/2)  0.62     47.5118      0.0000      0.0299
 j = 7/2-  (   f 7/2)  0.66     82.0660      0.0000      0.1063
 j = 9/2+  (   g 9/2)  0.97    -27.0716      0.9987      0.8289
 j = 9/2+  (   g 9/2)  0.93     -0.5025      0.0002      0.4710
 j = 9/2+  (   g 9/2)  0.56     15.3959      0.0000      0.0013
 j = 9/2+  (   g 9/2)  0.75     26.8887      0.0000      0.2729
 j = 9/2+  (   g 9/2)  0.50     28.9099      0.0000      0.0045
 j = 9/2+  (   g 9/2)  0.54     47.8419      0.0000      0.0139
 j = 9/2+  (   g 9/2)  0.67     52.4593      0.0000      0.1424
 j = 9/2+  (   g 9/2)  0.70     85.7571      0.0000      0.0687
 j = 9/2-  (   h 9/2)  0.98    -14.3424      0.0658      0.7321
 j = 9/2-  (   h 9/2)  0.87     12.4854      0.0000      0.3861
 j = 9/2-  (   h 9/2)  0.58     17.1949      0.0000      0.0024
 j = 9/2-  (   h 9/2)  0.51     30.6658      0.0000      0.0096
 j = 9/2-  (   h 9/2)  0.66     39.0309      0.0000      0.2220
 j = 9/2-  (   h 9/2)  0.65     49.1733      0.0000      0.0359
 j = 9/2-  (   h 9/2)  0.66     81.4853      0.0000      0.0982
 j =11/2+  (   i11/2)  0.96     -4.2517      0.0008      0.6505
 j =11/2+  (   i11/2)  0.56     18.2276      0.0000      0.0013
 j =11/2+  (   i11/2)  0.78     23.3482      0.0000      0.3084
 j =11/2+  (   i11/2)  0.53     31.2976      0.0000      0.0056
 j =11/2+  (   i11/2)  0.57     49.9290      0.0000      0.0174
 j =11/2+  (   i11/2)  0.67     51.8831      0.0000      0.1776
 j =11/2+  (   i11/2)  0.71     85.0156      0.0000      0.0765
 j =11/2-  (   h11/2)  0.98    -18.8060      0.9869      0.7434
 j =11/2-  (   h11/2)  0.88      9.6595      0.0001      0.3790
 j =11/2-  (   h11/2)  0.58     17.1424      0.0000      0.0025
 j =11/2-  (   h11/2)  0.52     30.6093      0.0000      0.0100
 j =11/2-  (   h11/2)  0.65     37.1492      0.0000      0.2249
 j =11/2-  (   h11/2)  0.65     48.4415      0.0000      0.0361
 j =11/2-  (   h11/2)  0.66     80.6160      0.0000      0.0982
 j =13/2+  (   i13/2)  0.97    -10.2078      0.0036      0.6550
 j =13/2+  (   i13/2)  0.56     18.1969      0.0000      0.0013
 j =13/2+  (   i13/2)  0.81     20.1408      0.0000      0.3073
 j =13/2+  (   i13/2)  0.53     31.3545      0.0000      0.0060
 j =13/2+  (   i13/2)  0.57     49.4789      0.0000      0.0180
 j =13/2+  (   i13/2)  0.67     49.5560      0.0000      0.1803
 j =13/2+  (   i13/2)  0.71     83.8577      0.0000      0.0775
 j =13/2-  (   j13/2)  0.93      6.1574      0.0002      0.5614
 j =13/2-  (   j13/2)  0.57     20.7798      0.0000      0.0025
 j =13/2-  (   j13/2)  0.50     33.6530      0.0000      0.0136
 j =13/2-  (   j13/2)  0.67     34.2418      0.0000      0.2468
 j =13/2-  (   j13/2)  0.69     50.8359      0.0000      0.0478
 j =13/2-  (   j13/2)  0.68     79.1102      0.0000      0.1136
 j =15/2+  (   k15/2)  0.87     16.9444      0.0001      0.4770
 j =15/2+  (   k15/2)  0.54     22.2398      0.0000      0.0013
 j =15/2+  (   k15/2)  0.54     35.3139      0.0000      0.0073
 j =15/2+  (   k15/2)  0.66     45.7746      0.0000      0.1975
 j =15/2+  (   k15/2)  0.63     53.0822      0.0000      0.0245
 j =15/2+  (   k15/2)  0.69     83.8959      0.0000      0.0892
 j =15/2-  (   j15/2)  0.94     -1.1230      0.0004      0.5651
 j =15/2-  (   j15/2)  0.58     20.6970      0.0000      0.0028
 j =15/2-  (   j15/2)  0.70     30.5747      0.0000      0.2483
 j =15/2-  (   j15/2)  0.49     33.5081      0.0000      0.0150
 j =15/2-  (   j15/2)  0.69     49.6209      0.0000      0.0488
 j =15/2-  (   j15/2)  0.68     77.3645      0.0000      0.1141
 j =17/2+  (   k17/2)  0.89      8.4133      0.0001      0.4811
 j =17/2+  (   k17/2)  0.55     22.1746      0.0000      0.0014
 j =17/2+  (   k17/2)  0.54     35.2271      0.0000      0.0079
 j =17/2+  (   k17/2)  0.66     41.6719      0.0000      0.1994
 j =17/2+  (   k17/2)  0.64     52.1030      0.0000      0.0254
 j =17/2+  (   k17/2)  0.70     81.8231      0.0000      0.0898
 j =17/2-  (   l17/2)  0.63     26.0378      0.0000      0.0016
 j =17/2-  (   l17/2)  0.80     27.7141      0.0000      0.3959
 j =17/2-  (   l17/2)  0.60     41.3959      0.0000      0.0053
 j =17/2-  (   l17/2)  0.64     58.5488      0.0000      0.1593
 j =17/2-  (   l17/2)  0.80     65.6209      0.0000      0.0427
 j =19/2+  (   m19/2)  0.56     27.5358      0.0000      0.0015
 j =19/2+  (   m19/2)  0.73     38.9430      0.0000      0.3236
 j =19/2+  (   m19/2)  0.61     40.7773      0.0000      0.0128
 j =19/2+  (   m19/2)  0.71     56.2948      0.0000      0.0441
 j =19/2+  (   m19/2)  0.69     81.6702      0.0000      0.0953
 j =19/2-  (   l19/2)  0.82     18.1052      0.0000      0.3997
 j =19/2-  (   l19/2)  0.63     25.9771      0.0000      0.0017
 j =19/2-  (   l19/2)  0.61     41.0598      0.0000      0.0056
 j =19/2-  (   l19/2)  0.65     54.3872      0.0000      0.1617
 j =19/2-  (   l19/2)  0.80     63.7785      0.0000      0.0429
 j =21/2+  (   m21/2)  0.55     27.4282      0.0000      0.0017
 j =21/2+  (   m21/2)  0.74     28.4288      0.0000      0.3267
 j =21/2+  (   m21/2)  0.61     40.2165      0.0000      0.0168
 j =21/2+  (   m21/2)  0.71     53.9846      0.0000      0.0464
 j =21/2+  (   m21/2)  0.71     77.9619      0.0000      0.0919
 j =21/2-  (   n21/2)  0.63     32.4019      0.0000      0.0019
 j =21/2-  (   n21/2)  0.60     47.9628      0.0000      0.0102
 j =21/2-  (   n21/2)  0.64     51.1084      0.0000      0.2625
 j =21/2-  (   n21/2)  0.78     69.1343      0.0000      0.0660
 j =23/2+  (   o23/2)  0.61     34.3852      0.0000      0.0013
 j =23/2+  (   o23/2)  0.64     50.9377      0.0000      0.0048
 j =23/2+  (   o23/2)  0.61     62.4397      0.0000      0.2093
 j =23/2+  (   o23/2)  0.76     71.6865      0.0000      0.0427
 j =23/2-  (   n23/2)  0.64     32.2785      0.0000      0.0024
 j =23/2-  (   n23/2)  0.65     39.7656      0.0000      0.2658
 j =23/2-  (   n23/2)  0.61     47.0771      0.0000      0.0123
 j =23/2-  (   n23/2)  0.80     65.2284      0.0000      0.0651
 j =25/2+  (   o25/2)  0.61     34.2696      0.0000      0.0015
 j =25/2+  (   o25/2)  0.61     50.1184      0.0000      0.2124
 j =25/2+  (   o25/2)  0.65     50.3695      0.0000      0.0055
 j =25/2+  (   o25/2)  0.77     68.1548      0.0000      0.0425
 j =25/2-  (   P25/2)  0.66     40.6700      0.0000      0.0029
 j =25/2-  (   P25/2)  0.80     55.9628      0.0000      0.0379
 j =25/2-  (   P25/2)  0.76     71.1217      0.0000      0.1150
 j =27/2+  (   q27/2)  0.67     43.0007      0.0000      0.0018
 j =27/2+  (   q27/2)  0.80     60.9072      0.0000      0.0151
 j =27/2+  (   q27/2)  0.72     76.6064      0.0000      0.0897
 j =27/2-  (   P27/2)  0.77     41.1344      0.0000      0.0007
 j =27/2-  (   P27/2)  0.62     55.5289      0.0000      0.1435
 j =27/2-  (   P27/2)  0.70     58.1229      0.0000      0.0125
 j =29/2+  (   q29/2)  0.63     42.7519      0.0000      0.0032
 j =29/2+  (   q29/2)  0.79     58.3914      0.0000      0.0334
 j =29/2+  (   q29/2)  0.81     68.1657      0.0000      0.0712
 j =29/2-  (   r29/2)  0.76     51.7354      0.0000      0.0014
 j =29/2-  (   r29/2)  0.75     71.5141      0.0000      0.0389
 j =31/2+  (   S31/2)  0.76     54.3614      0.0000      0.0010
 j =31/2+  (   S31/2)  0.75     76.8162      0.0000      0.0230
 j =31/2-  (   r31/2)  0.75     51.4732      0.0000      0.0015
 j =31/2-  (   r31/2)  0.74     66.5056      0.0000      0.0389
 j =33/2+  (   S33/2)  0.74     54.1404      0.0000      0.0011
 j =33/2+  (   S33/2)  0.74     72.9395      0.0000      0.0229
 j =33/2-  (   t33/2)  0.98     67.2221      0.0000      0.0040
 j =35/2+  (   u35/2)  0.98     70.5385      0.0000      0.0022
 j =35/2-  (   t35/2)  0.99     66.2926      0.0000      0.0041
 j =37/2+  (   u37/2)  0.98     69.8775      0.0000      0.0022
  ****** END CANON **********************************
  ****** BEGIN RESU *********************************
   ****** BEGIN EXPECT *******

                            neutron        proton         total
 particle number           174.000000      82.000000     256.000000
 trace scalar density      166.145381      79.178404     245.323786
 lambda                     -2.074738     -15.623969
 spk                        17.563097       5.965246
 rms-Radius                  6.271575       5.801142       6.124824
 charge-Radius                              5.856044
 Particle Energ          -3504.879964   -2428.206057   -5933.086021
 Selfconsistency Test.                                    -0.000003

 Kinetic Energy           2588.419123     873.857251    3462.276374
 E-scsc                                               -37429.732131
 E-scve                                                31104.497203
 E-vesc                                                    0.000000
 E-veve                                                  327.817331
 E-rearrang.                                            1043.835487
 Coulomb direct                                          777.818659
 Pairing Energy            -16.853321      -4.061804     -20.915125
 Sum without E-cm                                      -1778.237690
DE-cm <P**2>/2M            -13.789674      -4.753495     -18.543169
NE-cm <P**2>/2M             10.538401       3.014356      13.552758
 E-cm <P**2>/2M             -3.251273      -1.739138      -4.990412
 Total Energy                                          -1783.228102
 E/A                                                      -6.965735

  ****** END EXPECT *********************************


 quasi-particle properties Neutron:
 ------------------------------------------------------------------
     p/h    l j     [nr,l,j]  smax       Eqp       uu       vv
   1  p   1s 1/2   ( 4s  1/2) 0.77     1.020     0.720     0.280
   2  p   2s 1/2   ( 6s  1/2) 0.51     6.065     0.996     0.004
   3  p   3s 1/2   ( 5s  1/2) 0.71    14.178     1.000     0.000
   4  h   4s 1/2   ( 3s  1/2) 0.94    18.388     0.002     0.998
   5  p   5s 1/2   ( 6s  1/2) 0.60    25.768     1.000     0.000
   6  h   6s 1/2   ( 2s  1/2) 0.77    39.658     0.211     0.789
   7  p   7s 1/2   ( 7s  1/2) 0.49    39.814     0.789     0.211
   8  h   8s 1/2   ( 1s  1/2) 0.91    55.963     0.000     1.000
   9  p   9s 1/2   ( 8s  1/2) 0.62    57.797     1.000     0.000
  10  p  10s 1/2   ( 9s  1/2) 0.64    86.867     1.000     0.000
  11  p   1p 1/2   ( 4p  1/2) 0.64     4.700     0.999     0.001
  12  h   2p 1/2   ( 3p  1/2) 0.96     8.149     0.010     0.990
  13  p   3p 1/2   ( 4p  1/2) 0.68    10.696     0.995     0.005
  14  p   4p 1/2   ( 5p  1/2) 0.71    20.962     0.999     0.001
  15  h   5p 1/2   ( 2p  1/2) 0.92    29.741     0.001     0.999
  16  p   6p 1/2   ( 6p  1/2) 0.64    34.673     1.000     0.000
  17  h   7p 1/2   ( 1p  1/2) 0.94    50.292     0.000     1.000
  18  p   8p 1/2   ( 7p  1/2) 0.66    51.788     1.000     0.000
  19  p   9p 1/2   ( 8p  1/2) 0.64    79.707     1.000     0.000
  20  p   1d 3/2   ( 3d  3/2) 0.78     1.093     0.684     0.316
  21  p   2d 3/2   ( 5d  3/2) 0.50     6.534     0.998     0.002
  22  p   3d 3/2   ( 4d  3/2) 0.72    14.525     1.000     0.000
  23  h   4d 3/2   ( 2d  3/2) 0.96    19.636     0.002     0.998
  24  p   5d 3/2   ( 5d  3/2) 0.62    25.820     0.999     0.001
  25  p   6d 3/2   ( 6d  3/2) 0.57    39.853     1.000     0.000
  26  h   7d 3/2   ( 1d  3/2) 0.97    42.999     0.000     1.000
  27  p   8d 3/2   ( 7d  3/2) 0.63    57.844     1.000     0.000
  28  p   9d 3/2   ( 8d  3/2) 0.64    86.637     1.000     0.000
  29  p   1p 3/2   ( 4p  3/2) 0.65     4.618     0.999     0.001
  30  h   2p 3/2   ( 3p  3/2) 0.96     8.741     0.013     0.987
  31  p   3p 3/2   ( 4p  3/2) 0.67    10.499     0.992     0.008
  32  p   4p 3/2   ( 5p  3/2) 0.71    20.802     0.999     0.001
  33  h   5p 3/2   ( 2p  3/2) 0.91    30.319     0.001     0.999
  34  p   6p 3/2   ( 6p  3/2) 0.64    34.430     1.000     0.000
  35  h   7p 3/2   ( 1p  3/2) 0.94    50.531     0.000     1.000
  36  p   8p 3/2   ( 7p  3/2) 0.66    51.448     1.000     0.000
  37  p   9p 3/2   ( 8p  3/2) 0.64    79.572     1.000     0.000
  38  h   1d 5/2   ( 3d  5/2) 0.77     1.078     0.356     0.644
  39  p   2d 5/2   ( 5d  5/2) 0.52     6.389     0.998     0.002
  40  p   3d 5/2   ( 4d  5/2) 0.72    14.236     1.000     0.000
  41  h   4d 5/2   ( 2d  5/2) 0.95    20.869     0.002     0.998
  42  p   5d 5/2   ( 5d  5/2) 0.63    25.532     0.999     0.001
  43  p   6d 5/2   ( 6d  5/2) 0.57    39.436     1.000     0.000
  44  h   7d 5/2   ( 1d  5/2) 0.96    43.789     0.000     1.000
  45  p   8d 5/2   ( 7d  5/2) 0.62    57.274     1.000     0.000
  46  p   9d 5/2   ( 8d  5/2) 0.64    86.419     1.000     0.000
  47  p   1f 5/2   ( 3f  5/2) 0.71     5.602     0.998     0.002
  48  h   2f 5/2   ( 2f  5/2) 0.96     9.776     0.041     0.959
  49  p   3f 5/2   ( 3f  5/2) 0.63    10.776     0.962     0.038
  50  p   4f 5/2   ( 4f  5/2) 0.74    20.891     1.000     0.000
  51  h   5f 5/2   ( 1f  5/2) 0.95    34.452     0.072     0.928
  52  p   6f 5/2   ( 5f  5/2) 0.64    34.637     0.929     0.071
  53  p   7f 5/2   ( 6f  5/2) 0.68    51.502     1.000     0.000
  54  p   8f 5/2   ( 7f  5/2) 0.64    79.089     1.000     0.000
  55  h   1g 7/2   ( 2g  7/2) 0.86     1.317     0.233     0.767
  56  p   2g 7/2   ( 3g  7/2) 0.50     7.798     1.000     0.000
  57  p   3g 7/2   ( 3g  7/2) 0.75    15.070     1.000     0.000
  58  h   4g 7/2   ( 1g  7/2) 0.97    24.999     0.029     0.971
  59  p   5g 7/2   ( 4g  7/2) 0.67    25.539     0.971     0.029
  60  p   6g 7/2   ( 5g  7/2) 0.61    39.541     1.000     0.000
  61  p   7g 7/2   ( 6g  7/2) 0.65    57.372     1.000     0.000
  62  p   8g 7/2   ( 7g  7/2) 0.64    85.707     1.000     0.000
  63  p   1f 7/2   ( 3f  7/2) 0.76     5.281     0.998     0.002
  64  p   2f 7/2   ( 3f  7/2) 0.58    10.160     0.986     0.014
  65  h   3f 7/2   ( 2f  7/2) 0.96    11.694     0.016     0.984
  66  p   4f 7/2   ( 4f  7/2) 0.74    20.469     1.000     0.000
  67  p   5f 7/2   ( 5f  7/2) 0.67    34.011     1.000     0.000
  68  h   6f 7/2   ( 1f  7/2) 0.97    36.109     0.001     0.999
  69  p   7f 7/2   ( 6f  7/2) 0.67    50.653     1.000     0.000
  70  p   8f 7/2   ( 7f  7/2) 0.64    78.717     1.000     0.000
  71  h   1g 9/2   ( 2g  9/2) 0.96     3.109     0.033     0.967
  72  p   2g 9/2   ( 3g  9/2) 0.53     7.615     1.000     0.000
  73  p   3g 9/2   ( 3g  9/2) 0.74    14.431     1.000     0.000
  74  p   4g 9/2   ( 4g  9/2) 0.69    24.870     0.999     0.001
  75  h   5g 9/2   ( 1g  9/2) 0.98    27.788     0.002     0.998
  76  p   6g 9/2   ( 5g  9/2) 0.61    38.723     1.000     0.000
  77  p   7g 9/2   ( 6g  9/2) 0.64    56.210     1.000     0.000
  78  p   8g 9/2   ( 7g  9/2) 0.64    85.160     1.000     0.000
  79  p   1h 9/2   ( 2h  9/2) 0.89     6.608     0.996     0.004
  80  p   2h 9/2   ( 4h  9/2) 0.49    11.060     0.998     0.002
  81  h   3h 9/2   ( 1h  9/2) 0.98    14.995     0.004     0.996
  82  p   4h 9/2   ( 3h  9/2) 0.76    21.195     1.000     0.000
  83  p   5h 9/2   ( 4h  9/2) 0.71    34.419     1.000     0.000
  84  p   6h 9/2   ( 5h  9/2) 0.70    50.798     1.000     0.000
  85  p   7h 9/2   ( 6h  9/2) 0.64    77.780     1.000     0.000
  86  h   1i11/2   ( 1i 11/2) 0.97     4.813     0.013     0.987
  87  p   2i11/2   ( 2i 11/2) 0.56    10.229     1.000     0.000
  88  p   3i11/2   ( 2i 11/2) 0.76    15.551     0.999     0.001
  89  p   4i11/2   ( 3i 11/2) 0.74    25.225     1.000     0.000
  90  p   5i11/2   ( 4i 11/2) 0.65    39.332     1.000     0.000
  91  p   6i11/2   ( 5i 11/2) 0.67    56.633     1.000     0.000
  92  p   7i11/2   ( 6i 11/2) 0.65    84.119     1.000     0.000
  93  p   1h11/2   ( 2h 11/2) 0.95     4.910     0.992     0.008
  94  p   2h11/2   ( 4h 11/2) 0.54    10.384     0.999     0.001
  95  h   3h11/2   ( 1h 11/2) 0.98    19.087     0.003     0.997
  96  p   4h11/2   ( 3h 11/2) 0.76    20.437     0.998     0.002
  97  p   5h11/2   ( 4h 11/2) 0.71    33.327     1.000     0.000
  98  p   6h11/2   ( 5h 11/2) 0.69    49.310     1.000     0.000
  99  p   7h11/2   ( 6h 11/2) 0.64    76.871     1.000     0.000
 100  p   1i13/2   ( 2i 13/2) 0.67     9.794     0.956     0.044
 101  h   2i13/2   ( 1i 13/2) 0.96    10.247     0.050     0.950
 102  p   3i13/2   ( 2i 13/2) 0.69    14.057     0.997     0.003
 103  p   4i13/2   ( 3i 13/2) 0.76    24.109     1.000     0.000
 104  p   5i13/2   ( 4i 13/2) 0.67    38.017     1.000     0.000
 105  p   6i13/2   ( 5i 13/2) 0.67    54.733     1.000     0.000
 106  p   7i13/2   ( 6i 13/2) 0.64    82.924     1.000     0.000
 107  p   1j13/2   ( 1j 13/2) 0.97     5.341     0.991     0.009
 108  p   2j13/2   ( 2j 13/2) 0.52    13.327     1.000     0.000
 109  p   3j13/2   ( 2j 13/2) 0.79    21.893     1.000     0.000
 110  p   4j13/2   ( 3j 13/2) 0.76    33.728     1.000     0.000
 111  p   5j13/2   ( 4j 13/2) 0.72    50.049     1.000     0.000
 112  p   6j13/2   ( 6j 13/2) 0.65    76.019     1.000     0.000
 113  p   1k15/2   ( 1k 15/2) 0.82    13.549     0.999     0.001
 114  p   2k15/2   ( 1k 15/2) 0.54    16.189     1.000     0.000
 115  p   3k15/2   ( 2k 15/2) 0.79    26.120     1.000     0.000
 116  p   4k15/2   ( 3k 15/2) 0.71    38.897     1.000     0.000
 117  p   5k15/2   ( 4k 15/2) 0.71    55.332     1.000     0.000
 118  p   6k15/2   ( 5k 15/2) 0.65    82.194     1.000     0.000
 119  h   1j15/2   ( 1j 15/2) 0.92     1.689     0.107     0.893
 120  p   2j15/2   ( 2j 15/2) 0.57    12.985     1.000     0.000
 121  p   3j15/2   ( 2j 15/2) 0.77    20.437     1.000     0.000
 122  p   4j15/2   ( 3j 15/2) 0.76    32.077     1.000     0.000
 123  p   5j15/2   ( 4j 15/2) 0.72    47.739     1.000     0.000
 124  p   6j15/2   ( 6j 15/2) 0.65    74.247     1.000     0.000
 125  p   1k17/2   ( 1k 17/2) 0.98     7.334     0.996     0.004
 126  p   2k17/2   ( 3k 17/2) 0.52    15.076     1.000     0.000
 127  p   3k17/2   ( 2k 17/2) 0.79    24.586     1.000     0.000
 128  p   4k17/2   ( 3k 17/2) 0.75    36.913     1.000     0.000
 129  p   5k17/2   ( 4k 17/2) 0.71    52.592     1.000     0.000
 130  p   6k17/2   ( 5k 17/2) 0.64    79.943     1.000     0.000
 131  p   1l17/2   ( 3l 17/2) 0.52    17.949     1.000     0.000
 132  p   2l17/2   ( 1l 17/2) 0.84    23.604     1.000     0.000
 133  p   3l17/2   ( 2l 17/2) 0.78    34.128     1.000     0.000
 134  p   4l17/2   ( 3l 17/2) 0.74    49.604     1.000     0.000
 135  p   5l17/2   ( 5l 17/2) 0.68    73.265     1.000     0.000
 136  p   1m19/2   ( 3m 19/2) 0.56    20.281     1.000     0.000
 137  p   2m19/2   ( 1m 19/2) 0.85    29.288     1.000     0.000
 138  p   3m19/2   ( 2m 19/2) 0.75    39.166     1.000     0.000
 139  p   4m19/2   ( 3m 19/2) 0.72    55.363     1.000     0.000
 140  p   5m19/2   ( 5m 19/2) 0.65    79.280     1.000     0.000
 141  p   1l19/2   ( 1l 19/2) 0.95    15.201     0.999     0.001
 142  p   2l19/2   ( 2l 19/2) 0.59    19.097     1.000     0.000
 143  p   3l19/2   ( 2l 19/2) 0.76    31.862     1.000     0.000
 144  p   4l19/2   ( 3l 19/2) 0.75    46.101     1.000     0.000
 145  p   5l19/2   ( 5l 19/2) 0.69    70.157     1.000     0.000
 146  p   1m21/2   ( 1m 21/2) 0.53    19.968     1.000     0.000
 147  p   2m21/2   ( 1m 21/2) 0.83    24.081     1.000     0.000
 148  p   3m21/2   ( 2m 21/2) 0.78    35.623     1.000     0.000
 149  p   4m21/2   ( 3m 21/2) 0.75    51.037     1.000     0.000
 150  p   5m21/2   ( 5m 21/2) 0.67    75.345     1.000     0.000
 151  p   1n21/2   ( 2n 21/2) 0.59    24.787     1.000     0.000
 152  p   2n21/2   ( 1n 21/2) 0.83    36.676     1.000     0.000
 153  p   3n21/2   ( 2n 21/2) 0.75    49.541     1.000     0.000
 154  p   4n21/2   ( 4n 21/2) 0.69    71.814     1.000     0.000
 155  p   1o23/2   ( 2o 23/2) 0.60    27.119     1.000     0.000
 156  p   2o23/2   ( 1o 23/2) 0.81    40.783     1.000     0.000
 157  p   3o23/2   ( 2o 23/2) 0.73    54.883     1.000     0.000
 158  p   4o23/2   ( 4o 23/2) 0.67    78.104     1.000     0.000
 159  p   1n23/2   ( 1n 23/2) 0.55    24.429     1.000     0.000
 160  p   2n23/2   ( 1n 23/2) 0.82    32.483     1.000     0.000
 161  p   3n23/2   ( 2n 23/2) 0.72    43.976     1.000     0.000
 162  p   4n23/2   ( 4n 23/2) 0.74    65.574     1.000     0.000
 163  p   1o25/2   ( 2o 25/2) 0.57    26.962     1.000     0.000
 164  p   2o25/2   ( 1o 25/2) 0.86    38.281     1.000     0.000
 165  p   3o25/2   ( 2o 25/2) 0.76    48.730     1.000     0.000
 166  p   4o25/2   ( 4o 25/2) 0.73    70.312     1.000     0.000
 167  p   1P25/2   ( 2P 25/2) 0.68    33.124     1.000     0.000
 168  p   2P25/2   ( 1P 25/2) 0.78    49.760     1.000     0.000
 169  p   3P25/2   ( 3P 25/2) 0.71    69.917     1.000     0.000
 170  p   1q27/2   ( 2q 27/2) 0.68    35.651     1.000     0.000
 171  p   2q27/2   ( 1q 27/2) 0.78    53.691     1.000     0.000
 172  p   3q27/2   ( 3q 27/2) 0.70    75.201     1.000     0.000
 173  p   1P27/2   ( 2P 27/2) 0.64    32.903     1.000     0.000
 174  p   2P27/2   ( 1P 27/2) 0.78    46.708     1.000     0.000
 175  p   3P27/2   ( 3P 27/2) 0.79    60.482     1.000     0.000
 176  p   1q29/2   ( 2q 29/2) 0.66    35.485     1.000     0.000
 177  p   2q29/2   ( 1q 29/2) 0.79    51.883     1.000     0.000
 178  p   3q29/2   ( 3q 29/2) 0.75    65.799     1.000     0.000
 179  p   1r29/2   ( 1r 29/2) 0.78    43.950     1.000     0.000
 180  p   2r29/2   ( 2r 29/2) 0.77    66.837     1.000     0.000
 181  p   1S31/2   ( 1S 31/2) 0.78    46.743     1.000     0.000
 182  p   2S31/2   ( 2S 31/2) 0.77    71.150     1.000     0.000
 183  p   1r31/2   ( 1r 31/2) 0.77    43.724     1.000     0.000
 184  p   2r31/2   ( 2r 31/2) 0.77    61.648     1.000     0.000
 185  p   1S33/2   ( 1S 33/2) 0.77    46.563     1.000     0.000
 186  p   2S33/2   ( 2S 33/2) 0.76    67.113     1.000     0.000
 187  p   1t33/2   ( 1t 33/2) 0.98    59.518     1.000     0.000
 188  p   1u35/2   ( 1u 35/2) 0.98    62.752     1.000     0.000
 189  p   1t35/2   ( 1t 35/2) 0.99    58.566     1.000     0.000
 190  p   1u37/2   ( 1u 37/2) 0.98    62.082     1.000     0.000


 quasi-particle properties Proton: 
 ------------------------------------------------------------------
     p/h    l j     [nr,l,j]  smax       Eqp       uu       vv
   1  h   1s 1/2   ( 3s  1/2) 0.80     1.134     0.212     0.788
   2  p   2s 1/2   ( 4s  1/2) 0.90    20.475     0.891     0.109
   3  h   3s 1/2   ( 2s  1/2) 0.75    21.134     0.110     0.890
   4  p   4s 1/2   ( 6s  1/2) 0.51    28.206     1.000     0.000
   5  p   5s 1/2   ( 5s  1/2) 0.74    35.880     0.998     0.002
   6  h   6s 1/2   ( 1s  1/2) 0.87    37.042     0.002     0.998
   7  p   7s 1/2   ( 6s  1/2) 0.67    47.102     1.000     0.000
   8  p   8s 1/2   ( 7s  1/2) 0.60    60.820     1.000     0.000
   9  p   9s 1/2   ( 8s  1/2) 0.63    77.698     1.000     0.000
  11  p   1p 1/2   ( 3p  1/2) 0.94     9.782     0.999     0.001
  12  h   2p 1/2   ( 2p  1/2) 0.88    11.755     0.001     0.999
  13  p   3p 1/2   ( 4p  1/2) 0.75    27.173     1.000     0.000
  14  p   4p 1/2   ( 4p  1/2) 0.59    31.604     0.989     0.011
  15  h   5p 1/2   ( 1p  1/2) 0.91    32.065     0.011     0.989
  16  p   6p 1/2   ( 5p  1/2) 0.75    42.355     1.000     0.000
  17  p   7p 1/2   ( 6p  1/2) 0.69    55.736     1.000     0.000
  18  p   8p 1/2   ( 7p  1/2) 0.68    71.618     1.000     0.000
  19  p   9p 1/2   ( 8p  1/2) 0.64    99.866     1.000     0.000
  20  h   1d 3/2   ( 2d  3/2) 0.92     2.367     0.022     0.978
  21  p   2d 3/2   ( 3d  3/2) 0.96    19.594     1.000     0.000
  22  h   3d 3/2   ( 1d  3/2) 0.95    25.349     0.000     1.000
  23  p   4d 3/2   ( 5d  3/2) 0.49    28.819     1.000     0.000
  24  p   5d 3/2   ( 4d  3/2) 0.76    36.072     1.000     0.000
  25  p   6d 3/2   ( 5d  3/2) 0.70    46.902     1.000     0.000
  26  p   7d 3/2   ( 6d  3/2) 0.62    60.683     1.000     0.000
  27  p   8d 3/2   ( 7d  3/2) 0.65    77.508     1.000     0.000
  29  p   1p 3/2   ( 3p  3/2) 0.93     9.241     0.999     0.001
  30  h   2p 3/2   ( 2p  3/2) 0.86    12.396     0.001     0.999
  31  p   3p 3/2   ( 4p  3/2) 0.77    27.041     1.000     0.000
  32  p   4p 3/2   ( 4p  3/2) 0.57    31.398     0.998     0.002
  33  h   5p 3/2   ( 1p  3/2) 0.90    32.439     0.002     0.998
  34  p   6p 3/2   ( 5p  3/2) 0.75    42.220     1.000     0.000
  35  p   7p 3/2   ( 6p  3/2) 0.69    55.506     1.000     0.000
  36  p   8p 3/2   ( 7p  3/2) 0.68    71.295     1.000     0.000
  37  p   9p 3/2   ( 8p  3/2) 0.63    99.696     1.000     0.000
  38  h   1d 5/2   ( 2d  5/2) 0.91     3.618     0.009     0.991
  39  p   2d 5/2   ( 3d  5/2) 0.96    18.841     1.000     0.000
  40  h   3d 5/2   ( 1d  5/2) 0.94    26.359     0.000     1.000
  41  p   4d 5/2   ( 5d  5/2) 0.49    28.756     1.000     0.000
  42  p   5d 5/2   ( 4d  5/2) 0.76    35.774     1.000     0.000
  43  p   6d 5/2   ( 5d  5/2) 0.70    46.626     1.000     0.000
  44  p   7d 5/2   ( 6d  5/2) 0.62    60.322     1.000     0.000
  45  p   8d 5/2   ( 7d  5/2) 0.65    76.984     1.000     0.000
  47  p   1f 5/2   ( 2f  5/2) 0.96     7.256     0.998     0.002
  48  h   2f 5/2   ( 1f  5/2) 0.97    17.326     0.001     0.999
  49  p   3f 5/2   ( 3f  5/2) 0.88    27.519     1.000     0.000
  50  p   4f 5/2   ( 5f  5/2) 0.51    31.638     1.000     0.000
  51  p   5f 5/2   ( 4f  5/2) 0.77    42.408     1.000     0.000
  52  p   6f 5/2   ( 5f  5/2) 0.72    55.560     1.000     0.000
  53  p   7f 5/2   ( 6f  5/2) 0.70    71.205     1.000     0.000
  54  p   8f 5/2   ( 7f  5/2) 0.64    98.681     1.000     0.000
  55  h   1g 7/2   ( 1g  7/2) 0.98     8.363     0.002     0.998
  56  p   2g 7/2   ( 2g  7/2) 0.97    16.593     1.000     0.000
  57  p   3g 7/2   ( 3g  7/2) 0.52    30.385     1.000     0.000
  58  p   4g 7/2   ( 3g  7/2) 0.79    36.376     1.000     0.000
  59  p   5g 7/2   ( 4g  7/2) 0.75    46.531     1.000     0.000
  60  p   6g 7/2   ( 5g  7/2) 0.66    60.487     1.000     0.000
  61  p   7g 7/2   ( 6g  7/2) 0.67    76.994     1.000     0.000
  63  p   1f 7/2   ( 2f  7/2) 0.95     5.410     0.997     0.003
  64  h   2f 7/2   ( 1f  7/2) 0.96    19.265     0.001     0.999
  65  p   3f 7/2   ( 3f  7/2) 0.92    26.875     1.000     0.000
  66  p   4f 7/2   ( 5f  7/2) 0.54    31.279     1.000     0.000
  67  p   5f 7/2   ( 4f  7/2) 0.76    42.075     1.000     0.000
  68  p   6f 7/2   ( 5f  7/2) 0.71    55.020     1.000     0.000
  69  p   7f 7/2   ( 6f  7/2) 0.69    70.456     1.000     0.000
  70  p   8f 7/2   ( 7f  7/2) 0.63    98.340     1.000     0.000
  71  h   1g 9/2   ( 1g  9/2) 0.97    11.477     0.001     0.999
  72  p   2g 9/2   ( 2g  9/2) 0.97    14.384     1.000     0.000
  73  p   3g 9/2   ( 3g  9/2) 0.56    30.241     1.000     0.000
  74  p   4g 9/2   ( 3g  9/2) 0.77    35.580     1.000     0.000
  75  p   5g 9/2   ( 4g  9/2) 0.75    45.938     1.000     0.000
  76  p   6g 9/2   ( 5g  9/2) 0.67    59.792     1.000     0.000
  77  p   7g 9/2   ( 6g  9/2) 0.67    75.946     1.000     0.000
  79  p   1h 9/2   ( 1h  9/2) 0.95     1.472     0.934     0.066
  80  p   2h 9/2   ( 2h  9/2) 0.98    25.551     1.000     0.000
  81  p   3h 9/2   ( 4h  9/2) 0.52    32.879     1.000     0.000
  82  p   4h 9/2   ( 3h  9/2) 0.78    42.757     1.000     0.000
  83  p   5h 9/2   ( 4h  9/2) 0.75    55.175     1.000     0.000
  84  p   6h 9/2   ( 5h  9/2) 0.72    70.497     1.000     0.000
  85  p   7h 9/2   ( 7h  9/2) 0.64    97.292     1.000     0.000
  86  p   1i11/2   ( 1i 11/2) 0.97    11.201     0.999     0.001
  87  p   2i11/2   ( 2i 11/2) 0.76    32.522     1.000     0.000
  88  p   3i11/2   ( 2i 11/2) 0.61    35.619     1.000     0.000
  89  p   4i11/2   ( 3i 11/2) 0.79    46.302     1.000     0.000
  90  p   5i11/2   ( 4i 11/2) 0.72    60.152     1.000     0.000
  91  p   6i11/2   ( 5i 11/2) 0.70    76.016     1.000     0.000
  93  h   1h11/2   ( 1h 11/2) 0.97     3.267     0.013     0.987
  94  p   2h11/2   ( 2h 11/2) 0.97    23.296     1.000     0.000
  95  p   3h11/2   ( 3h 11/2) 0.54    32.651     1.000     0.000
  96  p   4h11/2   ( 3h 11/2) 0.78    41.993     1.000     0.000
  97  p   5h11/2   ( 4h 11/2) 0.75    54.157     1.000     0.000
  98  p   6h11/2   ( 5h 11/2) 0.71    69.174     1.000     0.000
  99  p   7h11/2   ( 7h 11/2) 0.64    96.445     1.000     0.000
 100  p   1i13/2   ( 1i 13/2) 0.97     5.398     0.996     0.004
 101  p   2i13/2   ( 2i 13/2) 0.93    31.242     1.000     0.000
 102  p   3i13/2   ( 4i 13/2) 0.50    34.555     1.000     0.000
 103  p   4i13/2   ( 3i 13/2) 0.79    45.473     1.000     0.000
 104  p   5i13/2   ( 4i 13/2) 0.73    58.970     1.000     0.000
 105  p   6i13/2   ( 5i 13/2) 0.70    74.291     1.000     0.000
 107  p   1j13/2   ( 1j 13/2) 0.97    21.095     1.000     0.000
 108  p   2j13/2   ( 2j 13/2) 0.54    36.061     1.000     0.000
 109  p   3j13/2   ( 2j 13/2) 0.80    42.887     1.000     0.000
 110  p   4j13/2   ( 3j 13/2) 0.78    54.341     1.000     0.000
 111  p   5j13/2   ( 4j 13/2) 0.74    69.624     1.000     0.000
 112  p   6j13/2   ( 6j 13/2) 0.67    94.844     1.000     0.000
 113  p   1k15/2   ( 1k 15/2) 0.97    30.698     1.000     0.000
 114  p   2k15/2   ( 4k 15/2) 0.53    37.890     1.000     0.000
 115  p   3k15/2   ( 2k 15/2) 0.82    47.920     1.000     0.000
 116  p   4k15/2   ( 3k 15/2) 0.78    59.470     1.000     0.000
 117  p   5k15/2   ( 4k 15/2) 0.74    74.794     1.000     0.000
 119  p   1j15/2   ( 1j 15/2) 0.97    14.124     1.000     0.000
 120  p   2j15/2   ( 2j 15/2) 0.63    35.697     1.000     0.000
 121  p   3j15/2   ( 2j 15/2) 0.74    40.978     1.000     0.000
 122  p   4j15/2   ( 3j 15/2) 0.77    53.116     1.000     0.000
 123  p   5j15/2   ( 4j 15/2) 0.74    67.663     1.000     0.000
 124  p   6j15/2   ( 6j 15/2) 0.67    93.067     1.000     0.000
 125  p   1k17/2   ( 1k 17/2) 0.96    22.936     1.000     0.000
 126  p   2k17/2   ( 4k 17/2) 0.51    37.696     1.000     0.000
 127  p   3k17/2   ( 2k 17/2) 0.82    46.221     1.000     0.000
 128  p   4k17/2   ( 3k 17/2) 0.79    57.663     1.000     0.000
 129  p   5k17/2   ( 4k 17/2) 0.74    72.530     1.000     0.000
 130  p   6k17/2   ( 6k 17/2) 0.65    98.439     1.000     0.000
 131  p   1l17/2   ( 1l 17/2) 0.91    39.234     1.000     0.000
 132  p   2l17/2   ( 2l 17/2) 0.54    42.343     1.000     0.000
 133  p   3l17/2   ( 2l 17/2) 0.78    55.576     1.000     0.000
 134  p   4l17/2   ( 3l 17/2) 0.76    69.226     1.000     0.000
 135  p   5l17/2   ( 5l 17/2) 0.70    91.583     1.000     0.000
 136  p   1m19/2   ( 3m 19/2) 0.55    43.002     1.000     0.000
 137  p   2m19/2   ( 1m 19/2) 0.89    48.567     1.000     0.000
 138  p   3m19/2   ( 2m 19/2) 0.80    59.561     1.000     0.000
 139  p   4m19/2   ( 3m 19/2) 0.75    74.976     1.000     0.000
 140  p   5m19/2   ( 5m 19/2) 0.67    97.543     1.000     0.000
 141  p   1l19/2   ( 1l 19/2) 0.95    31.676     1.000     0.000
 142  p   2l19/2   ( 2l 19/2) 0.58    41.392     1.000     0.000
 143  p   3l19/2   ( 2l 19/2) 0.75    53.945     1.000     0.000
 144  p   4l19/2   ( 3l 19/2) 0.75    66.109     1.000     0.000
 145  p   5l19/2   ( 5l 19/2) 0.71    88.693     1.000     0.000
 146  p   1m21/2   ( 1m 21/2) 0.95    40.259     1.000     0.000
 147  p   2m21/2   ( 2m 21/2) 0.58    43.370     1.000     0.000
 148  p   3m21/2   ( 2m 21/2) 0.76    57.599     1.000     0.000
 149  p   4m21/2   ( 3m 21/2) 0.76    71.294     1.000     0.000
 150  p   5m21/2   ( 5m 21/2) 0.70    93.810     1.000     0.000
 151  p   1n21/2   ( 3n 21/2) 0.57    47.717     1.000     0.000
 152  p   2n21/2   ( 1n 21/2) 0.85    57.248     1.000     0.000
 153  p   3n21/2   ( 2n 21/2) 0.74    68.547     1.000     0.000
 154  p   4n21/2   ( 4n 21/2) 0.72    89.965     1.000     0.000
 155  p   1o23/2   ( 3o 23/2) 0.59    49.928     1.000     0.000
 156  p   2o23/2   ( 1o 23/2) 0.87    63.021     1.000     0.000
 157  p   3o23/2   ( 2o 23/2) 0.77    73.617     1.000     0.000
 158  p   4o23/2   ( 4o 23/2) 0.70    95.782     1.000     0.000
 159  p   1n23/2   ( 1n 23/2) 0.74    46.723     1.000     0.000
 160  p   2n23/2   ( 2n 23/2) 0.68    51.155     1.000     0.000
 161  p   3n23/2   ( 2n 23/2) 0.64    65.115     1.000     0.000
 162  p   4n23/2   ( 4n 23/2) 0.76    84.149     1.000     0.000
 163  p   1o25/2   ( 3o 25/2) 0.58    49.698     1.000     0.000
 164  p   2o25/2   ( 1o 25/2) 0.83    58.202     1.000     0.000
 165  p   3o25/2   ( 2o 25/2) 0.69    69.051     1.000     0.000
 166  p   4o25/2   ( 4o 25/2) 0.75    88.838     1.000     0.000
 167  p   1P25/2   ( 2P 25/2) 0.66    56.294     1.000     0.000
 168  p   2P25/2   ( 1P 25/2) 0.80    71.587     1.000     0.000
 169  p   3P25/2   ( 3P 25/2) 0.76    86.746     1.000     0.000
 170  p   1q27/2   ( 2q 27/2) 0.67    58.625     1.000     0.000
 171  p   2q27/2   ( 1q 27/2) 0.80    76.531     1.000     0.000
 172  p   3q27/2   ( 3q 27/2) 0.72    92.230     1.000     0.000
 173  p   1P27/2   ( 1P 27/2) 0.63    55.937     1.000     0.000
 174  p   2P27/2   ( 1P 27/2) 0.73    67.097     1.000     0.000
 175  p   3P27/2   ( 3P 27/2) 0.83    79.019     1.000     0.000
 176  p   1q29/2   ( 2q 29/2) 0.63    58.376     1.000     0.000
 177  p   2q29/2   ( 1q 29/2) 0.79    74.015     1.000     0.000
 178  p   3q29/2   ( 3q 29/2) 0.81    83.790     1.000     0.000
 179  p   1r29/2   ( 1r 29/2) 0.76    67.359     1.000     0.000
 180  p   2r29/2   ( 2r 29/2) 0.75    87.138     1.000     0.000
 181  p   1S31/2   ( 1S 31/2) 0.76    69.985     1.000     0.000
 182  p   2S31/2   ( 2S 31/2) 0.75    92.440     1.000     0.000
 183  p   1r31/2   ( 1r 31/2) 0.75    67.097     1.000     0.000
 184  p   2r31/2   ( 2r 31/2) 0.74    82.130     1.000     0.000
 185  p   1S33/2   ( 1S 33/2) 0.74    69.764     1.000     0.000
 186  p   2S33/2   ( 2S 33/2) 0.74    88.563     1.000     0.000
 187  p   1t33/2   ( 1t 33/2) 0.98    82.846     1.000     0.000
 188  p   1u35/2   ( 1u 35/2) 0.98    86.163     1.000     0.000
 189  p   1t35/2   ( 1t 35/2) 0.99    81.917     1.000     0.000
 190  p   1u37/2   ( 1u 37/2) 0.98    85.501     1.000     0.000
  ****** END RESU ***********************************
