
  ******************************************  
  *           Fortran 77 Code              *  
  *         Spherical H.O. basis            *  
  * Dirac-Hartree-Bogoliubov calculation   *  
  *        with density-dependent          *  
  * meson-exchange or point coupling force *  
  *          and separable pairing         *  
  * -------------------------------------- *  
  *      Niksic, Paar, Vretenar, Ring      *  
  *          18/ 4/2026/01:52:29           *
  *       Pb 266  N = 184  Z =  82
  ******************************************  
  ****** BEGIN READER *******************************
 Number of oscillator shells :    18   20
 Initialization inin,inink   :     1    1
 Nucleus: Pb 266   184  82
 Initial Gap Parameters      :     1.0000    1.0000
 Parameter set               :    DD-PC1    
  ****** END READER *********************************
  ****** BEGIN FORCES *******************************

 NEDF Parameters: DD-PC1    
           scasca    scavec    vecsca    vecvec
 GG   =   1.000000  1.000000  1.000000  1.000000
 DD   =  -0.814900  0.000000  0.000000  0.000000
  
 Density dependence parameters:
           scasca    scavec    vecsca    vecvec
 a    = -10.046200  5.919500  0.000000  0.000000
 b    =  -9.150400  8.863700  0.000000  1.836000
 c    =  -6.427300  0.000000  0.000000  0.000000
 d    =   1.372400  0.658400  0.000000  0.640300
 dsat =   0.152000
  
 TMR pairing: Tian,Ma,Ring, PRB 676, 44 (2009)
 TMR pairing strength    gl =:  -728.00000 [MeV*fm^3]
 TMR pairing width        a =:     0.64420 [fm]
  ****** END FORCES *********************************
  ****** BEGIN PREP *********************************
  
 hom =                            6.375144
 hb0 =                           20.734000
 b0  =                            2.550419
 with Coulomb force
 With microscopic c.m. correction
  ****** END PREP ***********************************
  ****** BEGIN ITER *********************************
  1.It. si =    0.0000000  E/A =    0.0000 R =    0.0000  mix = 0.50
  11. L-Iteration: - -21.49653426   0.00000027 -21.49653436
  2.It. si =  124.4036361  E/A =   -6.7214 R =    6.3481  mix = 0.50
  3.It. si =   57.7772552  E/A =   -6.7255 R =    6.3254  mix = 0.50
  4.It. si =   14.0161103  E/A =   -6.7379 R =    6.2993  mix = 0.50
  5.It. si =   15.6784031  E/A =   -6.7502 R =    6.2728  mix = 0.50
  6.It. si =   10.1930126  E/A =   -6.7539 R =    6.2505  mix = 0.50
  7.It. si =    1.7932785  E/A =   -6.7546 R =    6.2327  mix = 0.50
  8.It. si =    0.9116553  E/A =   -6.7544 R =    6.2328  mix = 0.50
  9.It. si =    0.1835272  E/A =   -6.7543 R =    6.2330  mix = 0.50
 10.It. si =    0.4230636  E/A =   -6.7541 R =    6.2326  mix = 0.50
 11.It. si =    0.3331287  E/A =   -6.7541 R =    6.2323  mix = 0.50
 12.It. si =    0.2276398  E/A =   -6.7539 R =    6.2305  mix = 0.50
 13.It. si =    0.0765634  E/A =   -6.7538 R =    6.2304  mix = 0.50
 14.It. si =    0.0394396  E/A =   -6.7537 R =    6.2298  mix = 0.50
 15.It. si =    0.1057685  E/A =   -6.7537 R =    6.2299  mix = 0.50
 16.It. si =    0.0321644  E/A =   -6.7537 R =    6.2298  mix = 0.50
 17.It. si =    0.0122529  E/A =   -6.7537 R =    6.2297  mix = 0.50
 18.It. si =    0.0157722  E/A =   -6.7537 R =    6.2297  mix = 0.50
 19.It. si =    0.0138794  E/A =   -6.7536 R =    6.2295  mix = 0.50
 20.It. si =    0.0351658  E/A =   -6.7536 R =    6.2293  mix = 0.50
 21.It. si =    0.0344419  E/A =   -6.7536 R =    6.2293  mix = 0.50
 22.It. si =    0.0635992  E/A =   -6.7536 R =    6.2293  mix = 0.50
 23.It. si =    0.0740277  E/A =   -6.7536 R =    6.2293  mix = 0.50
 24.It. si =    0.0004298  E/A =   -6.7536 R =    6.2293  mix = 0.50
 25.It. si =    0.0003973  E/A =   -6.7536 R =    6.2293  mix = 0.50
 26.It. si =    0.0003095  E/A =   -6.7536 R =    6.2293  mix = 0.50
 27.It. si =    0.0002110  E/A =   -6.7536 R =    6.2293  mix = 0.50
 28.It. si =    0.0366650  E/A =   -6.7536 R =    6.2293  mix = 0.50
 29.It. si =    0.0000807  E/A =   -6.7536 R =    6.2293  mix = 0.50
 30.It. si =    0.0000377  E/A =   -6.7536 R =    6.2293  mix = 0.50
 31.It. si =    0.0000104  E/A =   -6.7536 R =    6.2293  mix = 0.50
 32.It. si =    0.0000060  E/A =   -6.7536 R =    6.2293  mix = 0.50
 33.It. si =    0.0000031  E/A =   -6.7536 R =    6.2293  mix = 0.50
 ********************************************************************
 Pb 266: Iteration converged after  33 steps   si =      0.0000007514
 ********************************************************************
  ****** END ITER ***********************************
  ****** BEGIN CANON ********************************
 single-particle energies and gaps  in the canonical basis: Neutron:
 ------------------------------------------------------------------
    j pi     (nr,l,j)  smax       Ecan       vvcan       decan
 j = 1/2+  (   s 1/2)  0.92    -57.9609      1.0000      0.0000
 j = 1/2+  (   s 1/2)  0.88    -41.9644      1.0000      0.0000
 j = 1/2+  (   s 1/2)  0.94    -20.8155      1.0000     -0.0000
 j = 1/2+  (   s 1/2)  0.92     -2.0582      1.0000      0.0000
 j = 1/2+  (   s 1/2)  0.52      3.8144      0.0000      0.0000
 j = 1/2+  (   s 1/2)  0.71     11.8177      0.0000      0.0000
 j = 1/2+  (   s 1/2)  0.60     23.2287      0.0000      0.0000
 j = 1/2+  (   s 1/2)  0.54     37.2154      0.0000      0.0000
 j = 1/2+  (   s 1/2)  0.61     55.0337      0.0000      0.0000
 j = 1/2+  (   s 1/2)  0.64     84.7199      0.0000      0.0000
 j = 1/2-  (   p 1/2)  0.94    -52.0976      1.0000     -0.0000
 j = 1/2-  (   p 1/2)  0.92    -31.8473      1.0000     -0.0000
 j = 1/2-  (   p 1/2)  0.97    -10.5258      1.0000     -0.0000
 j = 1/2-  (   p 1/2)  0.66      2.3810      0.0000      0.0000
 j = 1/2-  (   p 1/2)  0.67      8.2302      0.0000      0.0000
 j = 1/2-  (   p 1/2)  0.71     18.4654      0.0000      0.0000
 j = 1/2-  (   p 1/2)  0.64     32.1041      0.0000      0.0000
 j = 1/2-  (   p 1/2)  0.66     49.0398      0.0000      0.0000
 j = 1/2-  (   p 1/2)  0.64     77.5134      0.0000      0.0000
 j = 3/2+  (   d 3/2)  0.97    -44.8568      1.0000     -0.0000
 j = 3/2+  (   d 3/2)  0.96    -21.8299      1.0000     -0.0000
 j = 3/2+  (   d 3/2)  0.95     -2.0671      1.0000      0.0000
 j = 3/2+  (   d 3/2)  0.51      4.3004      0.0000      0.0000
 j = 3/2+  (   d 3/2)  0.72     12.1051      0.0000      0.0000
 j = 3/2+  (   d 3/2)  0.62     23.2219      0.0000      0.0000
 j = 3/2+  (   d 3/2)  0.56     37.1573      0.0000      0.0000
 j = 3/2+  (   d 3/2)  0.63     54.9737      0.0000      0.0000
 j = 3/2+  (   d 3/2)  0.64     84.0723      0.0000      0.0000
 j = 3/2-  (   p 3/2)  0.94    -52.4440      1.0000     -0.0000
 j = 3/2-  (   p 3/2)  0.91    -32.5928      1.0000     -0.0000
 j = 3/2-  (   p 3/2)  0.96    -11.2469      1.0000     -0.0000
 j = 3/2-  (   p 3/2)  0.68      2.2529      0.0000      0.0000
 j = 3/2-  (   p 3/2)  0.65      7.9452      0.0000      0.0000
 j = 3/2-  (   p 3/2)  0.71     18.2070      0.0000      0.0000
 j = 3/2-  (   p 3/2)  0.64     31.7104      0.0000      0.0000
 j = 3/2-  (   p 3/2)  0.66     48.5399      0.0000      0.0000
 j = 3/2-  (   p 3/2)  0.64     76.8860      0.0000      0.0000
 j = 5/2+  (   d 5/2)  0.96    -45.7319      1.0000     -0.0000
 j = 5/2+  (   d 5/2)  0.95    -23.2281      1.0000     -0.0000
 j = 5/2+  (   d 5/2)  0.96     -2.8976      1.0000      0.0000
 j = 5/2+  (   d 5/2)  0.52      4.1384      0.0000      0.0000
 j = 5/2+  (   d 5/2)  0.72     11.7649      0.0000      0.0000
 j = 5/2+  (   d 5/2)  0.63     22.8629      0.0000      0.0000
 j = 5/2+  (   d 5/2)  0.57     36.6302      0.0000      0.0000
 j = 5/2+  (   d 5/2)  0.62     54.2779      0.0000      0.0000
 j = 5/2+  (   d 5/2)  0.64     83.3812      0.0000      0.0000
 j = 5/2-  (   f 5/2)  0.98    -36.4504      1.0000     -0.0000
 j = 5/2-  (   f 5/2)  0.98    -12.1501      1.0000     -0.0000
 j = 5/2-  (   f 5/2)  0.74      3.2364      0.0000      0.0000
 j = 5/2-  (   f 5/2)  0.62      8.3355      0.0000      0.0000
 j = 5/2-  (   f 5/2)  0.73     18.4547      0.0000      0.0000
 j = 5/2-  (   f 5/2)  0.66     31.9960      0.0000      0.0000
 j = 5/2-  (   f 5/2)  0.67     48.6769      0.0000      0.0000
 j = 5/2-  (   f 5/2)  0.64     76.3526      0.0000      0.0000
 j = 7/2+  (   g 7/2)  0.98    -27.1635      1.0000     -0.0000
 j = 7/2+  (   g 7/2)  0.98     -3.2712      1.0000     -0.0000
 j = 7/2+  (   g 7/2)  0.51      5.5443      0.0000      0.0000
 j = 7/2+  (   g 7/2)  0.75     12.5861      0.0000      0.0000
 j = 7/2+  (   g 7/2)  0.68     22.9572      0.0000      0.0000
 j = 7/2+  (   g 7/2)  0.60     36.9083      0.0000      0.0000
 j = 7/2+  (   g 7/2)  0.64     54.5244      0.0000      0.0000
 j = 7/2+  (   g 7/2)  0.64     82.9596      0.0000      0.0000
 j = 7/2-  (   f 7/2)  0.97    -38.1299      1.0000     -0.0000
 j = 7/2-  (   f 7/2)  0.97    -14.1300      1.0000     -0.0000
 j = 7/2-  (   f 7/2)  0.79      2.8037      0.0000      0.0000
 j = 7/2-  (   f 7/2)  0.55      7.7153      0.0000      0.0000
 j = 7/2-  (   f 7/2)  0.73     17.9426      0.0000      0.0000
 j = 7/2-  (   f 7/2)  0.67     31.2968      0.0000      0.0000
 j = 7/2-  (   f 7/2)  0.67     47.7418      0.0000      0.0000
 j = 7/2-  (   f 7/2)  0.64     75.6823      0.0000      0.0000
 j = 9/2+  (   g 9/2)  0.98    -29.9075      1.0000     -0.0000
 j = 9/2+  (   g 9/2)  0.98     -5.5174      1.0000     -0.0000
 j = 9/2+  (   g 9/2)  0.55      5.3305      0.0000      0.0000
 j = 9/2+  (   g 9/2)  0.74     11.8617      0.0000      0.0000
 j = 9/2+  (   g 9/2)  0.69     22.1831      0.0000      0.0000
 j = 9/2+  (   g 9/2)  0.61     35.9575      0.0000      0.0000
 j = 9/2+  (   g 9/2)  0.64     53.2327      0.0000      0.0000
 j = 9/2+  (   g 9/2)  0.64     82.1375      0.0000      0.0000
 j = 9/2-  (   h 9/2)  0.98    -17.3113      1.0000     -0.0000
 j = 9/2-  (   h 9/2)  0.91      3.9990      0.0000      0.0000
 j = 9/2-  (   h 9/2)  0.51      8.7094      0.0000      0.0000
 j = 9/2-  (   h 9/2)  0.76     18.6270      0.0000      0.0000
 j = 9/2-  (   h 9/2)  0.71     31.6959      0.0000      0.0000
 j = 9/2-  (   h 9/2)  0.70     47.9238      0.0000      0.0000
 j = 9/2-  (   h 9/2)  0.64     75.1019      0.0000      0.0000
 j =11/2+  (   i11/2)  0.98     -7.2584      1.0000     -0.0000
 j =11/2+  (   i11/2)  0.59      7.8935      0.0000      0.0000
 j =11/2+  (   i11/2)  0.75     12.9681      0.0000      0.0000
 j =11/2+  (   i11/2)  0.75     22.6190      0.0000      0.0000
 j =11/2+  (   i11/2)  0.66     36.5409      0.0000      0.0000
 j =11/2+  (   i11/2)  0.67     53.5760      0.0000      0.0000
 j =11/2+  (   i11/2)  0.65     81.2542      0.0000      0.0000
 j =11/2-  (   h11/2)  0.98    -21.3166      1.0000     -0.0000
 j =11/2-  (   h11/2)  0.96      2.1816      0.0000      0.0000
 j =11/2-  (   h11/2)  0.54      8.0780      0.0000      0.0000
 j =11/2-  (   h11/2)  0.75     17.8242      0.0000      0.0000
 j =11/2-  (   h11/2)  0.72     30.4962      0.0000      0.0000
 j =11/2-  (   h11/2)  0.70     46.2919      0.0000      0.0000
 j =11/2-  (   h11/2)  0.64     73.8038      0.0000      0.0000
 j =13/2+  (   i13/2)  0.98    -12.5641      1.0000     -0.0000
 j =13/2+  (   i13/2)  0.72      7.3775      0.0000      0.0000
 j =13/2+  (   i13/2)  0.65     11.4865      0.0000      0.0000
 j =13/2+  (   i13/2)  0.76     21.5220      0.0000      0.0000
 j =13/2+  (   i13/2)  0.68     35.1749      0.0000      0.0000
 j =13/2+  (   i13/2)  0.68     51.6117      0.0000      0.0000
 j =13/2+  (   i13/2)  0.64     79.6036      0.0000      0.0000
 j =13/2-  (   j13/2)  0.98      2.5175      0.0000     -0.0000
 j =13/2-  (   j13/2)  0.53     11.0045      0.0000      0.0000
 j =13/2-  (   j13/2)  0.78     19.2570      0.0000      0.0000
 j =13/2-  (   j13/2)  0.76     30.9864      0.0000      0.0000
 j =13/2-  (   j13/2)  0.73     47.0814      0.0000      0.0000
 j =13/2-  (   j13/2)  0.65     72.8339      0.0000      0.0000
 j =15/2+  (   k15/2)  0.87     10.8871      0.0000      0.0000
 j =15/2+  (   k15/2)  0.47     13.6871      0.0000      0.0000
 j =15/2+  (   k15/2)  0.79     23.4887      0.0000      0.0000
 j =15/2+  (   k15/2)  0.72     36.0566      0.0000      0.0000
 j =15/2+  (   k15/2)  0.71     52.3439      0.0000      0.0000
 j =15/2+  (   k15/2)  0.65     78.8129      0.0000     -0.0000
 j =15/2-  (   j15/2)  0.98     -3.8289      1.0000     -0.0000
 j =15/2-  (   j15/2)  0.59     10.6299      0.0000      0.0000
 j =15/2-  (   j15/2)  0.76     17.7534      0.0000      0.0000
 j =15/2-  (   j15/2)  0.76     29.3400      0.0000      0.0000
 j =15/2-  (   j15/2)  0.72     44.8048      0.0000      0.0000
 j =15/2-  (   j15/2)  0.65     70.7906      0.0000      0.0000
 j =17/2+  (   k17/2)  0.98      4.6679      0.0000     -0.0000
 j =17/2+  (   k17/2)  0.52     12.7630      0.0000      0.0000
 j =17/2+  (   k17/2)  0.79     21.9327      0.0000      0.0000
 j =17/2+  (   k17/2)  0.75     34.0679      0.0000      0.0000
 j =17/2+  (   k17/2)  0.72     49.6380      0.0000      0.0000
 j =17/2+  (   k17/2)  0.64     76.4549      0.0000      0.0000
 j =17/2-  (   l17/2)  0.53     15.5358      0.0000      0.0000
 j =17/2-  (   l17/2)  0.82     20.7797      0.0000      0.0000
 j =17/2-  (   l17/2)  0.78     31.3662      0.0000      0.0000
 j =17/2-  (   l17/2)  0.74     46.5695      0.0000      0.0000
 j =17/2-  (   l17/2)  0.68     70.0303      0.0000     -0.0000
 j =19/2+  (   m19/2)  0.56     17.9148      0.0000      0.0000
 j =19/2+  (   m19/2)  0.85     26.4991      0.0000      0.0000
 j =19/2+  (   m19/2)  0.75     36.3101      0.0000      0.0000
 j =19/2+  (   m19/2)  0.73     52.2404      0.0000      0.0000
 j =19/2+  (   m19/2)  0.66     75.9712      0.0000     -0.0000
 j =19/2-  (   l19/2)  0.96     12.5194      0.0000      0.0000
 j =19/2-  (   l19/2)  0.59     16.7014      0.0000      0.0000
 j =19/2-  (   l19/2)  0.76     29.1417      0.0000      0.0000
 j =19/2-  (   l19/2)  0.75     43.1191      0.0000      0.0000
 j =19/2-  (   l19/2)  0.69     66.9258      0.0000      0.0000
 j =21/2+  (   m21/2)  0.56     17.5310      0.0000      0.0000
 j =21/2+  (   m21/2)  0.81     21.3776      0.0000      0.0000
 j =21/2+  (   m21/2)  0.78     32.9273      0.0000      0.0000
 j =21/2+  (   m21/2)  0.75     48.0239      0.0000      0.0000
 j =21/2+  (   m21/2)  0.68     72.0526      0.0000      0.0000
 j =21/2-  (   n21/2)  0.59     22.3594      0.0000      0.0000
 j =21/2-  (   n21/2)  0.83     33.8330      0.0000      0.0000
 j =21/2-  (   n21/2)  0.75     46.5395      0.0000      0.0000
 j =21/2-  (   n21/2)  0.69     68.4332      0.0000     -0.0000
 j =23/2+  (   o23/2)  0.60     24.6867      0.0000      0.0000
 j =23/2+  (   o23/2)  0.81     37.9862      0.0000      0.0000
 j =23/2+  (   o23/2)  0.74     51.8495      0.0000      0.0000
 j =23/2+  (   o23/2)  0.67     74.6220      0.0000     -0.0000
 j =23/2-  (   n23/2)  0.57     21.9592      0.0000      0.0000
 j =23/2-  (   n23/2)  0.81     29.6338      0.0000      0.0000
 j =23/2-  (   n23/2)  0.72     41.1949      0.0000      0.0000
 j =23/2-  (   n23/2)  0.74     62.3540      0.0000      0.0000
 j =25/2+  (   o25/2)  0.57     24.5085      0.0000      0.0000
 j =25/2+  (   o25/2)  0.86     35.3866      0.0000      0.0000
 j =25/2+  (   o25/2)  0.76     45.9016      0.0000      0.0000
 j =25/2+  (   o25/2)  0.73     67.0981      0.0000      0.0000
 j =25/2-  (   P25/2)  0.67     30.6015      0.0000      0.0000
 j =25/2-  (   P25/2)  0.78     46.8377      0.0000      0.0000
 j =25/2-  (   P25/2)  0.72     66.6285      0.0000     -0.0000
 j =27/2+  (   q27/2)  0.68     33.1156      0.0000      0.0000
 j =27/2+  (   q27/2)  0.78     50.7806      0.0000      0.0000
 j =27/2+  (   q27/2)  0.70     71.9225      0.0000     -0.0000
 j =27/2-  (   P27/2)  0.64     30.3556      0.0000      0.0000
 j =27/2-  (   P27/2)  0.77     43.6894      0.0000      0.0000
 j =27/2-  (   P27/2)  0.79     57.5448      0.0000      0.0000
 j =29/2+  (   q29/2)  0.66     32.9339      0.0000      0.0000
 j =29/2+  (   q29/2)  0.79     48.8416      0.0000      0.0000
 j =29/2+  (   q29/2)  0.76     62.8076      0.0000      0.0000
 j =29/2-  (   r29/2)  0.78     41.2881      0.0000      0.0000
 j =29/2-  (   r29/2)  0.77     63.7355      0.0000      0.0000
 j =31/2+  (   S31/2)  0.78     44.0661      0.0000      0.0000
 j =31/2+  (   S31/2)  0.77     68.0465      0.0000      0.0000
 j =31/2-  (   r31/2)  0.78     41.0273      0.0000      0.0000
 j =31/2-  (   r31/2)  0.77     58.5084      0.0000      0.0000
 j =33/2+  (   S33/2)  0.77     43.8601      0.0000      0.0000
 j =33/2+  (   S33/2)  0.76     63.9234      0.0000      0.0000
 j =33/2-  (   t33/2)  0.98     56.6374      0.0000      0.0000
 j =35/2+  (   u35/2)  0.98     59.8590      0.0000      0.0000
 j =35/2-  (   t35/2)  0.99     55.6047      0.0000      0.0000
 j =37/2+  (   u37/2)  0.98     59.1162      0.0000      0.0000
 single-particle energies and gaps  in the canonical basis: Proton: 
 ------------------------------------------------------------------
    j pi     (nr,l,j)  smax       Ecan       vvcan       decan
 j = 1/2+  (   s 1/2)  0.88    -53.6796      0.9999      0.8164
 j = 1/2+  (   s 1/2)  0.81    -38.2087      0.9996      0.8486
 j = 1/2+  (   s 1/2)  0.90    -17.9024      0.9019      0.6898
 j = 1/2+  (   s 1/2)  0.88      7.5219      0.0001      0.5373
 j = 1/2+  (   s 1/2)  0.55     12.7316      0.0000      0.0013
 j = 1/2+  (   s 1/2)  0.50     25.1404      0.0000      0.0053
 j = 1/2+  (   s 1/2)  0.66     33.3349      0.0000      0.2746
 j = 1/2+  (   s 1/2)  0.49     44.2860      0.0000      0.0117
 j = 1/2+  (   s 1/2)  0.57     57.2240      0.0000      0.1582
 j = 1/2+  (   s 1/2)  0.76     77.8672      0.0000      0.0606
 j = 1/2-  (   p 1/2)  0.96    -48.0728      0.9999      0.7317
 j = 1/2-  (   p 1/2)  0.93    -29.0258      0.9993      0.6582
 j = 1/2-  (   p 1/2)  0.93     -6.7597      0.0005      0.4447
 j = 1/2-  (   p 1/2)  0.58     13.1476      0.0000      0.0021
 j = 1/2-  (   p 1/2)  0.80     19.4828      0.0000      0.3275
 j = 1/2-  (   p 1/2)  0.51     25.8766      0.0000      0.0084
 j = 1/2-  (   p 1/2)  0.57     44.4151      0.0000      0.0234
 j = 1/2-  (   p 1/2)  0.67     45.6385      0.0000      0.1974
 j = 1/2-  (   p 1/2)  0.72     78.0211      0.0000      0.0918
 j = 3/2+  (   d 3/2)  0.96    -41.6959      0.9998      0.7212
 j = 3/2+  (   d 3/2)  0.94    -19.2133      0.9858      0.5465
 j = 3/2+  (   d 3/2)  0.91      3.9545      0.0001      0.3058
 j = 3/2+  (   d 3/2)  0.56     13.4466      0.0000      0.0012
 j = 3/2+  (   d 3/2)  0.51     25.9977      0.0000      0.0046
 j = 3/2+  (   d 3/2)  0.71     29.7116      0.0000      0.2147
 j = 3/2+  (   d 3/2)  0.49     45.0806      0.0000      0.0112
 j = 3/2+  (   d 3/2)  0.63     59.1292      0.0000      0.1418
 j = 3/2+  (   d 3/2)  0.75     80.1486      0.0000      0.0591
 j = 3/2-  (   p 3/2)  0.96    -48.4689      0.9999      0.7361
 j = 3/2-  (   p 3/2)  0.92    -29.8722      0.9994      0.6585
 j = 3/2-  (   p 3/2)  0.93     -7.5145      0.0005      0.4411
 j = 3/2-  (   p 3/2)  0.58     13.1324      0.0000      0.0021
 j = 3/2-  (   p 3/2)  0.80     18.7651      0.0000      0.3292
 j = 3/2-  (   p 3/2)  0.51     25.8561      0.0000      0.0085
 j = 3/2-  (   p 3/2)  0.57     44.2467      0.0000      0.0235
 j = 3/2-  (   p 3/2)  0.68     44.9451      0.0000      0.1971
 j = 3/2-  (   p 3/2)  0.72     77.5153      0.0000      0.0918
 j = 5/2+  (   d 5/2)  0.96    -42.7229      0.9998      0.7293
 j = 5/2+  (   d 5/2)  0.93    -20.6714      0.9947      0.5434
 j = 5/2+  (   d 5/2)  0.91      2.8650      0.0001      0.3046
 j = 5/2+  (   d 5/2)  0.56     13.4221      0.0000      0.0012
 j = 5/2+  (   d 5/2)  0.50     25.9390      0.0000      0.0047
 j = 5/2+  (   d 5/2)  0.72     29.0238      0.0000      0.2150
 j = 5/2+  (   d 5/2)  0.49     44.8605      0.0000      0.0112
 j = 5/2+  (   d 5/2)  0.63     58.4001      0.0000      0.1414
 j = 5/2+  (   d 5/2)  0.75     79.4368      0.0000      0.0590
 j = 5/2-  (   f 5/2)  0.97    -33.7908      0.9996      0.6868
 j = 5/2-  (   f 5/2)  0.95     -9.6100      0.0010      0.4593
 j = 5/2-  (   f 5/2)  0.59     14.5514      0.0000      0.0018
 j = 5/2-  (   f 5/2)  0.85     15.0526      0.0000      0.2498
 j = 5/2-  (   f 5/2)  0.52     27.9681      0.0000      0.0066
 j = 5/2-  (   f 5/2)  0.67     40.1499      0.0000      0.1500
 j = 5/2-  (   f 5/2)  0.62     46.7020      0.0000      0.0238
 j = 5/2-  (   f 5/2)  0.66     80.7575      0.0000      0.0825
 j = 7/2+  (   g 7/2)  0.98    -24.9671      0.9984      0.6349
 j = 7/2+  (   g 7/2)  0.93      0.4017      0.0001      0.3778
 j = 7/2+  (   g 7/2)  0.53     14.8755      0.0000      0.0019
 j = 7/2+  (   g 7/2)  0.55     24.7209      0.0000      0.0143
 j = 7/2+  (   g 7/2)  0.74     26.6670      0.0000      0.2141
 j = 7/2+  (   g 7/2)  0.71     40.8098      0.0000      0.0286
 j = 7/2+  (   g 7/2)  0.69     59.5098      0.0000      0.0736
 j = 7/2+  (   g 7/2)  0.62     87.1243      0.0000      0.0664
 j = 7/2-  (   f 7/2)  0.96    -35.7360      0.9997      0.7005
 j = 7/2-  (   f 7/2)  0.94    -11.6236      0.0017      0.4479
 j = 7/2-  (   f 7/2)  0.86     13.5636      0.0000      0.2513
 j = 7/2-  (   f 7/2)  0.59     14.5279      0.0000      0.0019
 j = 7/2-  (   f 7/2)  0.52     27.9710      0.0000      0.0068
 j = 7/2-  (   f 7/2)  0.66     39.0154      0.0000      0.1504
 j = 7/2-  (   f 7/2)  0.62     46.3442      0.0000      0.0241
 j = 7/2-  (   f 7/2)  0.66     80.1000      0.0000      0.0827
 j = 9/2+  (   g 9/2)  0.98    -28.0358      0.9991      0.6476
 j = 9/2+  (   g 9/2)  0.93     -2.0787      0.0002      0.3681
 j = 9/2+  (   g 9/2)  0.54     14.8372      0.0000      0.0020
 j = 9/2+  (   g 9/2)  0.56     24.5393      0.0000      0.0154
 j = 9/2+  (   g 9/2)  0.75     24.8380      0.0000      0.2163
 j = 9/2+  (   g 9/2)  0.71     40.3860      0.0000      0.0296
 j = 9/2+  (   g 9/2)  0.69     58.3874      0.0000      0.0715
 j = 9/2+  (   g 9/2)  0.62     86.4421      0.0000      0.0669
 j = 9/2-  (   h 9/2)  0.98    -15.5468      0.0363      0.5738
 j = 9/2-  (   h 9/2)  0.87     10.7797      0.0000      0.3020
 j = 9/2-  (   h 9/2)  0.59     16.8849      0.0000      0.0020
 j = 9/2-  (   h 9/2)  0.52     29.9437      0.0000      0.0079
 j = 9/2-  (   h 9/2)  0.66     37.1552      0.0000      0.1764
 j = 9/2-  (   h 9/2)  0.65     47.8967      0.0000      0.0289
 j = 9/2-  (   h 9/2)  0.66     79.7232      0.0000      0.0785
 j =11/2+  (   i11/2)  0.96     -5.6494      0.0005      0.5107
 j =11/2+  (   i11/2)  0.56     17.9391      0.0000      0.0010
 j =11/2+  (   i11/2)  0.79     21.4940      0.0000      0.2427
 j =11/2+  (   i11/2)  0.53     30.6532      0.0000      0.0046
 j =11/2+  (   i11/2)  0.57     48.7539      0.0000      0.0140
 j =11/2+  (   i11/2)  0.67     49.8607      0.0000      0.1410
 j =11/2+  (   i11/2)  0.71     83.2629      0.0000      0.0614
 j =11/2-  (   h11/2)  0.98    -19.8904      0.9904      0.5818
 j =11/2-  (   h11/2)  0.89      7.9443      0.0000      0.2970
 j =11/2-  (   h11/2)  0.59     16.8240      0.0000      0.0021
 j =11/2-  (   h11/2)  0.52     29.8454      0.0000      0.0083
 j =11/2-  (   h11/2)  0.65     35.0387      0.0000      0.1788
 j =11/2-  (   h11/2)  0.65     47.1328      0.0000      0.0291
 j =11/2-  (   h11/2)  0.66     78.4829      0.0000      0.0783
 j =13/2+  (   i13/2)  0.97    -11.4158      0.0021      0.5138
 j =13/2+  (   i13/2)  0.56     17.9017      0.0000      0.0011
 j =13/2+  (   i13/2)  0.81     18.2945      0.0000      0.2421
 j =13/2+  (   i13/2)  0.53     30.6722      0.0000      0.0050
 j =13/2+  (   i13/2)  0.68     47.3059      0.0000      0.1433
 j =13/2+  (   i13/2)  0.57     48.2770      0.0000      0.0146
 j =13/2+  (   i13/2)  0.71     81.7954      0.0000      0.0622
 j =13/2-  (   j13/2)  0.93      4.5728      0.0001      0.4416
 j =13/2-  (   j13/2)  0.58     20.4113      0.0000      0.0022
 j =13/2-  (   j13/2)  0.68     32.2541      0.0000      0.1953
 j =13/2-  (   j13/2)  0.49     32.7928      0.0000      0.0114
 j =13/2-  (   j13/2)  0.68     49.4250      0.0000      0.0382
 j =13/2-  (   j13/2)  0.68     77.1522      0.0000      0.0897
 j =15/2+  (   k15/2)  0.87     15.1844      0.0000      0.3760
 j =15/2+  (   k15/2)  0.55     21.8981      0.0000      0.0011
 j =15/2+  (   k15/2)  0.54     34.5449      0.0000      0.0061
 j =15/2+  (   k15/2)  0.66     43.6208      0.0000      0.1570
 j =15/2+  (   k15/2)  0.63     51.7545      0.0000      0.0198
 j =15/2+  (   k15/2)  0.70     81.8833      0.0000      0.0709
 j =15/2-  (   j15/2)  0.94     -2.4557      0.0002      0.4442
 j =15/2-  (   j15/2)  0.58     20.3137      0.0000      0.0025
 j =15/2-  (   j15/2)  0.70     28.5972      0.0000      0.1966
 j =15/2-  (   j15/2)  0.49     32.5887      0.0000      0.0127
 j =15/2-  (   j15/2)  0.69     48.2015      0.0000      0.0391
 j =15/2-  (   j15/2)  0.68     75.1643      0.0000      0.0899
 j =17/2+  (   k17/2)  0.89      6.9646      0.0001      0.3790
 j =17/2+  (   k17/2)  0.55     21.8215      0.0000      0.0012
 j =17/2+  (   k17/2)  0.54     34.4129      0.0000      0.0067
 j =17/2+  (   k17/2)  0.66     39.5148      0.0000      0.1585
 j =17/2+  (   k17/2)  0.64     50.7540      0.0000      0.0205
 j =17/2+  (   k17/2)  0.70     79.7099      0.0000      0.0712
 j =17/2-  (   l17/2)  0.55     25.2509      0.0000      0.0030
 j =17/2-  (   l17/2)  0.81     25.7969      0.0000      0.3129
 j =17/2-  (   l17/2)  0.63     36.7772      0.0000      0.0233
 j =17/2-  (   l17/2)  0.73     50.7525      0.0000      0.0568
 j =17/2-  (   l17/2)  0.70     73.9325      0.0000      0.0847
 j =19/2+  (   m19/2)  0.55     27.1231      0.0000      0.0013
 j =19/2+  (   m19/2)  0.73     36.8684      0.0000      0.2564
 j =19/2+  (   m19/2)  0.60     39.7625      0.0000      0.0113
 j =19/2+  (   m19/2)  0.71     54.7055      0.0000      0.0353
 j =19/2+  (   m19/2)  0.70     79.6170      0.0000      0.0756
 j =19/2-  (   l19/2)  0.82     16.5469      0.0000      0.3157
 j =19/2-  (   l19/2)  0.58     25.0374      0.0000      0.0042
 j =19/2-  (   l19/2)  0.62     35.7766      0.0000      0.0304
 j =19/2-  (   l19/2)  0.72     48.3040      0.0000      0.0537
 j =19/2-  (   l19/2)  0.71     71.0804      0.0000      0.0823
 j =21/2+  (   m21/2)  0.74     26.7455      0.0000      0.2587
 j =21/2+  (   m21/2)  0.54     26.9951      0.0000      0.0016
 j =21/2+  (   m21/2)  0.60     39.0906      0.0000      0.0149
 j =21/2+  (   m21/2)  0.71     52.4074      0.0000      0.0366
 j =21/2+  (   m21/2)  0.72     75.9505      0.0000      0.0728
 j =21/2-  (   n21/2)  0.63     31.9057      0.0000      0.0016
 j =21/2-  (   n21/2)  0.60     46.7497      0.0000      0.0087
 j =21/2-  (   n21/2)  0.64     48.8791      0.0000      0.2085
 j =21/2-  (   n21/2)  0.79     67.2522      0.0000      0.0527
 j =23/2+  (   o23/2)  0.61     33.9016      0.0000      0.0011
 j =23/2+  (   o23/2)  0.64     49.8386      0.0000      0.0041
 j =23/2+  (   o23/2)  0.61     60.0867      0.0000      0.1667
 j =23/2+  (   o23/2)  0.76     69.8417      0.0000      0.0343
 j =23/2-  (   n23/2)  0.64     31.7595      0.0000      0.0021
 j =23/2-  (   n23/2)  0.65     37.9648      0.0000      0.2110
 j =23/2-  (   n23/2)  0.61     45.7619      0.0000      0.0106
 j =23/2-  (   n23/2)  0.81     63.3907      0.0000      0.0517
 j =25/2+  (   o25/2)  0.61     33.7701      0.0000      0.0013
 j =25/2+  (   o25/2)  0.61     48.2360      0.0000      0.1691
 j =25/2+  (   o25/2)  0.65     49.1817      0.0000      0.0048
 j =25/2+  (   o25/2)  0.78     66.3156      0.0000      0.0341
 j =25/2-  (   P25/2)  0.65     40.0443      0.0000      0.0025
 j =25/2-  (   P25/2)  0.79     54.2485      0.0000      0.0325
 j =25/2-  (   P25/2)  0.77     69.1675      0.0000      0.0896
 j =27/2+  (   q27/2)  0.67     42.3963      0.0000      0.0015
 j =27/2+  (   q27/2)  0.80     59.3799      0.0000      0.0133
 j =27/2+  (   q27/2)  0.74     74.5450      0.0000      0.0708
 j =27/2-  (   P27/2)  0.65     39.6310      0.0000      0.0067
 j =27/2-  (   P27/2)  0.71     49.5963      0.0000      0.0608
 j =27/2-  (   P27/2)  0.84     61.8939      0.0000      0.0587
 j =29/2+  (   q29/2)  0.63     42.1237      0.0000      0.0028
 j =29/2+  (   q29/2)  0.78     56.5790      0.0000      0.0291
 j =29/2+  (   q29/2)  0.81     66.5590      0.0000      0.0546
 j =29/2-  (   r29/2)  0.77     50.9302      0.0000      0.0011
 j =29/2-  (   r29/2)  0.76     69.5709      0.0000      0.0315
 j =31/2+  (   S31/2)  0.76     53.5781      0.0000      0.0008
 j =31/2+  (   S31/2)  0.75     74.9528      0.0000      0.0186
 j =31/2-  (   r31/2)  0.75     50.6442      0.0000      0.0012
 j =31/2-  (   r31/2)  0.74     64.5262      0.0000      0.0315
 j =33/2+  (   S33/2)  0.75     53.3377      0.0000      0.0009
 j =33/2+  (   S33/2)  0.74     70.9988      0.0000      0.0186
 j =33/2-  (   t33/2)  0.98     66.0086      0.0000      0.0033
 j =35/2+  (   u35/2)  0.98     69.3789      0.0000      0.0018
 j =35/2-  (   t35/2)  0.99     65.0072      0.0000      0.0033
 j =37/2+  (   u37/2)  0.98     68.6531      0.0000      0.0018
  ****** END CANON **********************************
  ****** BEGIN RESU *********************************
   ****** BEGIN EXPECT *******

                            neutron        proton         total
 particle number           184.000000      82.000000     266.000000
 trace scalar density      175.784760      79.216831     255.001591
 lambda                     -0.266345     -16.970165
 spk                         0.000002       4.698331
 rms-Radius                  6.395482       5.839077       6.229259
 charge-Radius                              5.893625
 Particle Energ          -3586.416305   -2516.129933   -6102.546238
 Selfconsistency Test.                                    -0.000004

 Kinetic Energy           2701.701021     857.068896    3558.769918
 E-scsc                                               -38463.564045
 E-scve                                                31959.688982
 E-vesc                                                    0.000000
 E-veve                                                  378.265469
 E-rearrang.                                            1044.184719
 Coulomb direct                                          772.859158
 Pairing Energy             -0.000000      -2.477621      -2.477621
 Sum without E-cm                                      -1796.458139
DE-cm <P**2>/2M            -13.860288      -4.497322     -18.357610
NE-cm <P**2>/2M             10.496481       2.847685      13.344166
 E-cm <P**2>/2M             -3.363807      -1.649637      -5.013444
 Total Energy                                          -1801.471582
 E/A                                                      -6.772450

  ****** END EXPECT *********************************


 quasi-particle properties Neutron:
 ------------------------------------------------------------------
     p/h    l j     [nr,l,j]  smax       Eqp       uu       vv
   1  h   1s 1/2   ( 4s  1/2) 0.92     1.792     0.000     1.000
   2  p   2s 1/2   ( 6s  1/2) 0.52     4.081     1.000     0.000
   3  p   3s 1/2   ( 5s  1/2) 0.71    12.084     1.000     0.000
   4  h   4s 1/2   ( 3s  1/2) 0.94    20.549     0.000     1.000
   5  p   5s 1/2   ( 6s  1/2) 0.60    23.495     1.000     0.000
   6  p   6s 1/2   ( 7s  1/2) 0.54    37.482     1.000     0.000
   7  h   7s 1/2   ( 2s  1/2) 0.88    41.698     0.000     1.000
   8  p   8s 1/2   ( 8s  1/2) 0.61    55.300     1.000     0.000
   9  h   9s 1/2   ( 1s  1/2) 0.92    57.695     0.000     1.000
  10  p  10s 1/2   ( 9s  1/2) 0.64    84.986     1.000     0.000
  11  p   1p 1/2   ( 4p  1/2) 0.66     2.647     1.000     0.000
  12  p   2p 1/2   ( 4p  1/2) 0.67     8.497     1.000     0.000
  13  h   3p 1/2   ( 3p  1/2) 0.97    10.259     0.000     1.000
  14  p   4p 1/2   ( 5p  1/2) 0.71    18.732     1.000     0.000
  15  h   5p 1/2   ( 2p  1/2) 0.92    31.581     0.000     1.000
  16  p   6p 1/2   ( 6p  1/2) 0.64    32.370     1.000     0.000
  17  p   7p 1/2   ( 7p  1/2) 0.66    49.306     1.000     0.000
  18  h   8p 1/2   ( 1p  1/2) 0.94    51.831     0.000     1.000
  19  p   9p 1/2   ( 8p  1/2) 0.64    77.780     1.000     0.000
  20  h   1d 3/2   ( 3d  3/2) 0.95     1.801     0.000     1.000
  21  p   2d 3/2   ( 5d  3/2) 0.51     4.567     1.000     0.000
  22  p   3d 3/2   ( 4d  3/2) 0.72    12.371     1.000     0.000
  23  h   4d 3/2   ( 2d  3/2) 0.96    21.564     0.000     1.000
  24  p   5d 3/2   ( 5d  3/2) 0.62    23.488     1.000     0.000
  25  p   6d 3/2   ( 6d  3/2) 0.56    37.424     1.000     0.000
  26  h   7d 3/2   ( 1d  3/2) 0.97    44.590     0.000     1.000
  27  p   8d 3/2   ( 7d  3/2) 0.63    55.240     1.000     0.000
  28  p   9d 3/2   ( 8d  3/2) 0.64    84.339     1.000     0.000
  29  p   1p 3/2   ( 4p  3/2) 0.68     2.519     1.000     0.000
  30  p   2p 3/2   ( 4p  3/2) 0.65     8.212     1.000     0.000
  31  h   3p 3/2   ( 3p  3/2) 0.96    10.981     0.000     1.000
  32  p   4p 3/2   ( 5p  3/2) 0.71    18.473     1.000     0.000
  33  p   5p 3/2   ( 6p  3/2) 0.64    31.977     1.000     0.000
  34  h   6p 3/2   ( 2p  3/2) 0.91    32.326     0.000     1.000
  35  p   7p 3/2   ( 7p  3/2) 0.66    48.806     1.000     0.000
  36  h   8p 3/2   ( 1p  3/2) 0.94    52.178     0.000     1.000
  37  p   9p 3/2   ( 8p  3/2) 0.64    77.152     1.000     0.000
  38  h   1d 5/2   ( 3d  5/2) 0.96     2.631     0.000     1.000
  39  p   2d 5/2   ( 5d  5/2) 0.52     4.405     1.000     0.000
  40  p   3d 5/2   ( 4d  5/2) 0.72    12.031     1.000     0.000
  41  h   4d 5/2   ( 2d  5/2) 0.95    22.962     0.000     1.000
  42  p   5d 5/2   ( 5d  5/2) 0.63    23.129     1.000     0.000
  43  p   6d 5/2   ( 6d  5/2) 0.57    36.897     1.000     0.000
  44  h   7d 5/2   ( 1d  5/2) 0.96    45.466     0.000     1.000
  45  p   8d 5/2   ( 7d  5/2) 0.62    54.544     1.000     0.000
  46  p   9d 5/2   ( 8d  5/2) 0.64    83.647     1.000     0.000
  47  p   1f 5/2   ( 3f  5/2) 0.74     3.503     1.000     0.000
  48  p   2f 5/2   ( 3f  5/2) 0.62     8.602     1.000     0.000
  49  h   3f 5/2   ( 2f  5/2) 0.98    11.884     0.000     1.000
  50  p   4f 5/2   ( 4f  5/2) 0.73    18.721     1.000     0.000
  51  p   5f 5/2   ( 5f  5/2) 0.66    32.262     1.000     0.000
  52  h   6f 5/2   ( 1f  5/2) 0.98    36.184     0.000     1.000
  53  p   7f 5/2   ( 6f  5/2) 0.67    48.943     1.000     0.000
  54  p   8f 5/2   ( 7f  5/2) 0.64    76.619     1.000     0.000
  55  h   1g 7/2   ( 2g  7/2) 0.98     3.005     0.000     1.000
  56  p   2g 7/2   ( 3g  7/2) 0.51     5.811     1.000     0.000
  57  p   3g 7/2   ( 3g  7/2) 0.75    12.852     1.000     0.000
  58  p   4g 7/2   ( 4g  7/2) 0.68    23.224     1.000     0.000
  59  h   5g 7/2   ( 1g  7/2) 0.98    26.897     0.000     1.000
  60  p   6g 7/2   ( 5g  7/2) 0.60    37.175     1.000     0.000
  61  p   7g 7/2   ( 6g  7/2) 0.64    54.791     1.000     0.000
  62  p   8g 7/2   ( 7g  7/2) 0.64    83.226     1.000     0.000
  63  p   1f 7/2   ( 3f  7/2) 0.79     3.070     1.000     0.000
  64  p   2f 7/2   ( 3f  7/2) 0.55     7.982     1.000     0.000
  65  h   3f 7/2   ( 2f  7/2) 0.97    13.864     0.000     1.000
  66  p   4f 7/2   ( 4f  7/2) 0.73    18.209     1.000     0.000
  67  p   5f 7/2   ( 5f  7/2) 0.67    31.563     1.000     0.000
  68  h   6f 7/2   ( 1f  7/2) 0.97    37.864     0.000     1.000
  69  p   7f 7/2   ( 6f  7/2) 0.67    48.008     1.000     0.000
  70  p   8f 7/2   ( 7f  7/2) 0.64    75.949     1.000     0.000
  71  h   1g 9/2   ( 2g  9/2) 0.98     5.251     0.000     1.000
  72  p   2g 9/2   ( 3g  9/2) 0.55     5.597     1.000     0.000
  73  p   3g 9/2   ( 3g  9/2) 0.74    12.128     1.000     0.000
  74  p   4g 9/2   ( 4g  9/2) 0.69    22.449     1.000     0.000
  75  h   5g 9/2   ( 1g  9/2) 0.98    29.641     0.000     1.000
  76  p   6g 9/2   ( 5g  9/2) 0.61    36.224     1.000     0.000
  77  p   7g 9/2   ( 6g  9/2) 0.64    53.499     1.000     0.000
  78  p   8g 9/2   ( 7g  9/2) 0.64    82.404     1.000     0.000
  79  p   1h 9/2   ( 2h  9/2) 0.91     4.265     1.000     0.000
  80  p   2h 9/2   ( 4h  9/2) 0.51     8.976     1.000     0.000
  81  h   3h 9/2   ( 1h  9/2) 0.98    17.045     0.000     1.000
  82  p   4h 9/2   ( 3h  9/2) 0.76    18.893     1.000     0.000
  83  p   5h 9/2   ( 4h  9/2) 0.71    31.962     1.000     0.000
  84  p   6h 9/2   ( 5h  9/2) 0.70    48.190     1.000     0.000
  85  p   7h 9/2   ( 6h  9/2) 0.64    75.368     1.000     0.000
  86  h   1i11/2   ( 1i 11/2) 0.98     6.992     0.000     1.000
  87  p   2i11/2   ( 2i 11/2) 0.59     8.160     1.000     0.000
  88  p   3i11/2   ( 2i 11/2) 0.75    13.234     1.000     0.000
  89  p   4i11/2   ( 3i 11/2) 0.75    22.885     1.000     0.000
  90  p   5i11/2   ( 4i 11/2) 0.66    36.807     1.000     0.000
  91  p   6i11/2   ( 5i 11/2) 0.67    53.842     1.000     0.000
  92  p   7i11/2   ( 6i 11/2) 0.65    81.521     1.000     0.000
  93  p   1h11/2   ( 2h 11/2) 0.96     2.448     1.000     0.000
  94  p   2h11/2   ( 4h 11/2) 0.54     8.344     1.000     0.000
  95  p   3h11/2   ( 3h 11/2) 0.75    18.091     1.000     0.000
  96  h   4h11/2   ( 1h 11/2) 0.98    21.050     0.000     1.000
  97  p   5h11/2   ( 4h 11/2) 0.72    30.763     1.000     0.000
  98  p   6h11/2   ( 5h 11/2) 0.70    46.558     1.000     0.000
  99  p   7h11/2   ( 6h 11/2) 0.64    74.070     1.000     0.000
 100  p   1i13/2   ( 2i 13/2) 0.72     7.644     1.000     0.000
 101  p   2i13/2   ( 2i 13/2) 0.65    11.753     1.000     0.000
 102  h   3i13/2   ( 1i 13/2) 0.98    12.298     0.000     1.000
 103  p   4i13/2   ( 3i 13/2) 0.76    21.788     1.000     0.000
 104  p   5i13/2   ( 4i 13/2) 0.68    35.441     1.000     0.000
 105  p   6i13/2   ( 5i 13/2) 0.68    51.878     1.000     0.000
 106  p   7i13/2   ( 6i 13/2) 0.64    79.870     1.000     0.000
 107  p   1j13/2   ( 1j 13/2) 0.98     2.784     1.000     0.000
 108  p   2j13/2   ( 2j 13/2) 0.53    11.271     1.000     0.000
 109  p   3j13/2   ( 2j 13/2) 0.78    19.523     1.000     0.000
 110  p   4j13/2   ( 3j 13/2) 0.76    31.253     1.000     0.000
 111  p   5j13/2   ( 4j 13/2) 0.73    47.348     1.000     0.000
 112  p   6j13/2   ( 6j 13/2) 0.65    73.100     1.000     0.000
 113  p   1k15/2   ( 1k 15/2) 0.87    11.153     1.000     0.000
 114  p   2k15/2   ( 4k 15/2) 0.47    13.953     1.000     0.000
 115  p   3k15/2   ( 2k 15/2) 0.79    23.755     1.000     0.000
 116  p   4k15/2   ( 3k 15/2) 0.72    36.323     1.000     0.000
 117  p   5k15/2   ( 4k 15/2) 0.71    52.610     1.000     0.000
 118  p   6k15/2   ( 5k 15/2) 0.65    79.079     1.000     0.000
 119  h   1j15/2   ( 1j 15/2) 0.98     3.563     0.000     1.000
 120  p   2j15/2   ( 2j 15/2) 0.59    10.896     1.000     0.000
 121  p   3j15/2   ( 2j 15/2) 0.76    18.020     1.000     0.000
 122  p   4j15/2   ( 3j 15/2) 0.76    29.606     1.000     0.000
 123  p   5j15/2   ( 4j 15/2) 0.72    45.071     1.000     0.000
 124  p   6j15/2   ( 6j 15/2) 0.65    71.057     1.000     0.000
 125  p   1k17/2   ( 1k 17/2) 0.98     4.934     1.000     0.000
 126  p   2k17/2   ( 3k 17/2) 0.52    13.029     1.000     0.000
 127  p   3k17/2   ( 2k 17/2) 0.79    22.199     1.000     0.000
 128  p   4k17/2   ( 3k 17/2) 0.75    34.334     1.000     0.000
 129  p   5k17/2   ( 4k 17/2) 0.72    49.904     1.000     0.000
 130  p   6k17/2   ( 5k 17/2) 0.64    76.721     1.000     0.000
 131  p   1l17/2   ( 1l 17/2) 0.53    15.802     1.000     0.000
 132  p   2l17/2   ( 1l 17/2) 0.82    21.046     1.000     0.000
 133  p   3l17/2   ( 2l 17/2) 0.78    31.633     1.000     0.000
 134  p   4l17/2   ( 3l 17/2) 0.74    46.836     1.000     0.000
 135  p   5l17/2   ( 5l 17/2) 0.68    70.297     1.000     0.000
 136  p   1m19/2   ( 3m 19/2) 0.56    18.181     1.000     0.000
 137  p   2m19/2   ( 1m 19/2) 0.85    26.765     1.000     0.000
 138  p   3m19/2   ( 2m 19/2) 0.75    36.576     1.000     0.000
 139  p   4m19/2   ( 3m 19/2) 0.73    52.507     1.000     0.000
 140  p   5m19/2   ( 5m 19/2) 0.66    76.238     1.000     0.000
 141  p   1l19/2   ( 1l 19/2) 0.96    12.786     1.000     0.000
 142  p   2l19/2   ( 2l 19/2) 0.59    16.968     1.000     0.000
 143  p   3l19/2   ( 2l 19/2) 0.76    29.408     1.000     0.000
 144  p   4l19/2   ( 3l 19/2) 0.75    43.385     1.000     0.000
 145  p   5l19/2   ( 5l 19/2) 0.69    67.192     1.000     0.000
 146  p   1m21/2   ( 1m 21/2) 0.56    17.797     1.000     0.000
 147  p   2m21/2   ( 1m 21/2) 0.81    21.644     1.000     0.000
 148  p   3m21/2   ( 2m 21/2) 0.78    33.194     1.000     0.000
 149  p   4m21/2   ( 3m 21/2) 0.75    48.290     1.000     0.000
 150  p   5m21/2   ( 5m 21/2) 0.68    72.319     1.000     0.000
 151  p   1n21/2   ( 2n 21/2) 0.59    22.626     1.000     0.000
 152  p   2n21/2   ( 1n 21/2) 0.83    34.099     1.000     0.000
 153  p   3n21/2   ( 2n 21/2) 0.75    46.806     1.000     0.000
 154  p   4n21/2   ( 4n 21/2) 0.69    68.700     1.000     0.000
 155  p   1o23/2   ( 2o 23/2) 0.60    24.953     1.000     0.000
 156  p   2o23/2   ( 1o 23/2) 0.81    38.252     1.000     0.000
 157  p   3o23/2   ( 2o 23/2) 0.74    52.116     1.000     0.000
 158  p   4o23/2   ( 4o 23/2) 0.67    74.888     1.000     0.000
 159  p   1n23/2   ( 1n 23/2) 0.57    22.226     1.000     0.000
 160  p   2n23/2   ( 1n 23/2) 0.81    29.900     1.000     0.000
 161  p   3n23/2   ( 2n 23/2) 0.72    41.461     1.000     0.000
 162  p   4n23/2   ( 4n 23/2) 0.74    62.620     1.000     0.000
 163  p   1o25/2   ( 2o 25/2) 0.57    24.775     1.000     0.000
 164  p   2o25/2   ( 1o 25/2) 0.86    35.653     1.000     0.000
 165  p   3o25/2   ( 2o 25/2) 0.76    46.168     1.000     0.000
 166  p   4o25/2   ( 4o 25/2) 0.73    67.364     1.000     0.000
 167  p   1P25/2   ( 2P 25/2) 0.67    30.868     1.000     0.000
 168  p   2P25/2   ( 1P 25/2) 0.78    47.104     1.000     0.000
 169  p   3P25/2   ( 3P 25/2) 0.72    66.895     1.000     0.000
 170  p   1q27/2   ( 2q 27/2) 0.68    33.382     1.000     0.000
 171  p   2q27/2   ( 1q 27/2) 0.78    51.047     1.000     0.000
 172  p   3q27/2   ( 3q 27/2) 0.70    72.189     1.000     0.000
 173  p   1P27/2   ( 2P 27/2) 0.64    30.622     1.000     0.000
 174  p   2P27/2   ( 1P 27/2) 0.77    43.956     1.000     0.000
 175  p   3P27/2   ( 3P 27/2) 0.79    57.811     1.000     0.000
 176  p   1q29/2   ( 2q 29/2) 0.66    33.200     1.000     0.000
 177  p   2q29/2   ( 1q 29/2) 0.79    49.108     1.000     0.000
 178  p   3q29/2   ( 3q 29/2) 0.76    63.074     1.000     0.000
 179  p   1r29/2   ( 1r 29/2) 0.78    41.554     1.000     0.000
 180  p   2r29/2   ( 2r 29/2) 0.77    64.002     1.000     0.000
 181  p   1S31/2   ( 1S 31/2) 0.78    44.332     1.000     0.000
 182  p   2S31/2   ( 2S 31/2) 0.77    68.313     1.000     0.000
 183  p   1r31/2   ( 1r 31/2) 0.78    41.294     1.000     0.000
 184  p   2r31/2   ( 2r 31/2) 0.77    58.775     1.000     0.000
 185  p   1S33/2   ( 1S 33/2) 0.77    44.126     1.000     0.000
 186  p   2S33/2   ( 2S 33/2) 0.76    64.190     1.000     0.000
 187  p   1t33/2   ( 1t 33/2) 0.98    56.904     1.000     0.000
 188  p   1u35/2   ( 1u 35/2) 0.98    60.125     1.000     0.000
 189  p   1t35/2   ( 1t 35/2) 0.99    55.871     1.000     0.000
 190  p   1u37/2   ( 1u 37/2) 0.98    59.383     1.000     0.000


 quasi-particle properties Proton: 
 ------------------------------------------------------------------
     p/h    l j     [nr,l,j]  smax       Eqp       uu       vv
   1  h   1s 1/2   ( 3s  1/2) 0.86     1.146     0.098     0.902
   2  p   2s 1/2   ( 4s  1/2) 0.94    20.208     0.985     0.015
   3  h   3s 1/2   ( 2s  1/2) 0.81    21.270     0.015     0.985
   4  p   4s 1/2   ( 6s  1/2) 0.51    29.191     1.000     0.000
   5  p   5s 1/2   ( 5s  1/2) 0.74    36.303     0.993     0.007
   6  h   6s 1/2   ( 1s  1/2) 0.88    36.730     0.007     0.993
   7  p   7s 1/2   ( 6s  1/2) 0.69    47.258     1.000     0.000
   8  p   8s 1/2   ( 7s  1/2) 0.61    60.856     1.000     0.000
   9  p   9s 1/2   ( 8s  1/2) 0.64    77.388     1.000     0.000
  11  p   1p 1/2   ( 3p  1/2) 0.94     9.535     0.999     0.001
  12  h   2p 1/2   ( 2p  1/2) 0.88    11.704     0.001     0.999
  13  p   3p 1/2   ( 4p  1/2) 0.83    27.623     1.000     0.000
  14  h   4p 1/2   ( 1p  1/2) 0.92    31.479     0.003     0.997
  15  p   5p 1/2   ( 6p  1/2) 0.51    32.087     0.997     0.003
  16  p   6p 1/2   ( 5p  1/2) 0.75    42.728     1.000     0.000
  17  p   7p 1/2   ( 6p  1/2) 0.69    55.826     1.000     0.000
  18  p   8p 1/2   ( 7p  1/2) 0.68    71.411     1.000     0.000
  19  p   9p 1/2   ( 8p  1/2) 0.63    99.805     1.000     0.000
  20  h   1d 3/2   ( 2d  3/2) 0.93     2.282     0.014     0.986
  21  p   2d 3/2   ( 3d  3/2) 0.96    19.351     1.000     0.000
  22  h   3d 3/2   ( 1d  3/2) 0.95    24.762     0.000     1.000
  23  p   4d 3/2   ( 4d  3/2) 0.52    29.808     1.000     0.000
  24  p   5d 3/2   ( 4d  3/2) 0.76    36.450     1.000     0.000
  25  p   6d 3/2   ( 5d  3/2) 0.72    47.086     1.000     0.000
  26  p   7d 3/2   ( 6d  3/2) 0.64    60.709     1.000     0.000
  27  p   8d 3/2   ( 7d  3/2) 0.65    77.195     1.000     0.000
  29  p   1p 3/2   ( 3p  3/2) 0.94     8.851     0.999     0.001
  30  h   2p 3/2   ( 2p  3/2) 0.87    12.497     0.001     0.999
  31  p   3p 3/2   ( 4p  3/2) 0.85    27.371     1.000     0.000
  32  p   4p 3/2   ( 6p  3/2) 0.50    31.831     0.913     0.087
  33  h   5p 3/2   ( 1p  3/2) 0.87    31.938     0.087     0.913
  34  p   6p 3/2   ( 5p  3/2) 0.75    42.507     1.000     0.000
  35  p   7p 3/2   ( 6p  3/2) 0.70    55.467     1.000     0.000
  36  p   8p 3/2   ( 7p  3/2) 0.68    70.947     1.000     0.000
  37  p   9p 3/2   ( 8p  3/2) 0.63    99.155     1.000     0.000
  38  h   1d 5/2   ( 2d  5/2) 0.91     3.682     0.005     0.995
  39  p   2d 5/2   ( 3d  5/2) 0.96    18.444     1.000     0.000
  40  h   3d 5/2   ( 1d  5/2) 0.94    25.822     0.000     1.000
  41  p   4d 5/2   ( 4d  5/2) 0.53    29.724     1.000     0.000
  42  p   5d 5/2   ( 4d  5/2) 0.75    36.079     1.000     0.000
  43  p   6d 5/2   ( 5d  5/2) 0.72    46.744     1.000     0.000
  44  p   7d 5/2   ( 6d  5/2) 0.64    60.253     1.000     0.000
  45  p   8d 5/2   ( 7d  5/2) 0.65    76.553     1.000     0.000
  47  p   1f 5/2   ( 2f  5/2) 0.96     7.198     0.999     0.001
  48  h   2f 5/2   ( 1f  5/2) 0.97    16.835     0.001     0.999
  49  p   3f 5/2   ( 3f  5/2) 0.93    27.642     1.000     0.000
  50  p   4f 5/2   ( 5f  5/2) 0.53    32.371     1.000     0.000
  51  p   5f 5/2   ( 4f  5/2) 0.76    42.815     1.000     0.000
  52  p   6f 5/2   ( 5f  5/2) 0.72    55.593     1.000     0.000
  53  p   7f 5/2   ( 6f  5/2) 0.70    70.949     1.000     0.000
  54  p   8f 5/2   ( 7f  5/2) 0.64    98.227     1.000     0.000
  55  h   1g 7/2   ( 1g  7/2) 0.98     8.022     0.002     0.998
  56  p   2g 7/2   ( 2g  7/2) 0.97    16.416     1.000     0.000
  57  p   3g 7/2   ( 3g  7/2) 0.57    31.311     1.000     0.000
  58  p   4g 7/2   ( 3g  7/2) 0.76    36.636     1.000     0.000
  59  p   5g 7/2   ( 4g  7/2) 0.76    46.837     1.000     0.000
  60  p   6g 7/2   ( 5g  7/2) 0.67    60.549     1.000     0.000
  61  p   7g 7/2   ( 6g  7/2) 0.67    76.698     1.000     0.000
  63  p   1f 7/2   ( 2f  7/2) 0.95     5.261     0.998     0.002
  64  h   2f 7/2   ( 1f  7/2) 0.96    18.779     0.000     1.000
  65  p   3f 7/2   ( 3f  7/2) 0.95    26.754     1.000     0.000
  66  p   4f 7/2   ( 5f  7/2) 0.55    32.055     1.000     0.000
  67  p   5f 7/2   ( 4f  7/2) 0.76    42.393     1.000     0.000
  68  p   6f 7/2   ( 5f  7/2) 0.72    54.976     1.000     0.000
  69  p   7f 7/2   ( 6f  7/2) 0.69    70.120     1.000     0.000
  70  p   8f 7/2   ( 7f  7/2) 0.63    97.567     1.000     0.000
  71  h   1g 9/2   ( 1g  9/2) 0.97    11.084     0.001     0.999
  72  p   2g 9/2   ( 2g  9/2) 0.97    14.166     1.000     0.000
  73  p   3g 9/2   ( 3g  9/2) 0.63    31.085     1.000     0.000
  74  p   4g 9/2   ( 3g  9/2) 0.72    35.748     1.000     0.000
  75  p   5g 9/2   ( 4g  9/2) 0.76    46.162     1.000     0.000
  76  p   6g 9/2   ( 5g  9/2) 0.68    59.748     1.000     0.000
  77  p   7g 9/2   ( 6g  9/2) 0.67    75.540     1.000     0.000
  79  p   1h 9/2   ( 1h  9/2) 0.96     1.530     0.964     0.036
  80  p   2h 9/2   ( 2h  9/2) 0.98    25.305     1.000     0.000
  81  p   3h 9/2   ( 3h  9/2) 0.54    33.835     1.000     0.000
  82  p   4h 9/2   ( 3h  9/2) 0.78    43.065     1.000     0.000
  83  p   5h 9/2   ( 4h  9/2) 0.76    55.218     1.000     0.000
  84  p   6h 9/2   ( 5h  9/2) 0.72    70.286     1.000     0.000
  85  p   7h 9/2   ( 7h  9/2) 0.65    96.864     1.000     0.000
  86  p   1i11/2   ( 1i 11/2) 0.98    11.135     0.999     0.001
  87  p   2i11/2   ( 2i 11/2) 0.87    32.849     1.000     0.000
  88  p   3i11/2   ( 4i 11/2) 0.46    36.085     1.000     0.000
  89  p   4i11/2   ( 3i 11/2) 0.79    46.714     1.000     0.000
  90  p   5i11/2   ( 4i 11/2) 0.73    60.142     1.000     0.000
  91  p   6i11/2   ( 5i 11/2) 0.71    75.680     1.000     0.000
  93  h   1h11/2   ( 1h 11/2) 0.97     2.977     0.010     0.990
  94  p   2h11/2   ( 2h 11/2) 0.97    23.006     1.000     0.000
  95  p   3h11/2   ( 3h 11/2) 0.57    33.595     1.000     0.000
  96  p   4h11/2   ( 3h 11/2) 0.76    42.212     1.000     0.000
  97  p   5h11/2   ( 4h 11/2) 0.76    54.140     1.000     0.000
  98  p   6h11/2   ( 5h 11/2) 0.72    68.861     1.000     0.000
  99  p   7h11/2   ( 7h 11/2) 0.65    95.624     1.000     0.000
 100  p   1i13/2   ( 1i 13/2) 0.98     5.515     0.998     0.002
 101  p   2i13/2   ( 2i 13/2) 0.96    31.135     1.000     0.000
 102  p   3i13/2   ( 4i 13/2) 0.52    35.374     1.000     0.000
 103  p   4i13/2   ( 3i 13/2) 0.78    45.875     1.000     0.000
 104  p   5i13/2   ( 4i 13/2) 0.74    58.916     1.000     0.000
 105  p   6i13/2   ( 5i 13/2) 0.71    73.925     1.000     0.000
 107  p   1j13/2   ( 1j 13/2) 0.97    20.841     1.000     0.000
 108  p   2j13/2   ( 2j 13/2) 0.60    36.903     1.000     0.000
 109  p   3j13/2   ( 2j 13/2) 0.77    42.910     1.000     0.000
 110  p   4j13/2   ( 3j 13/2) 0.78    54.507     1.000     0.000
 111  p   5j13/2   ( 4j 13/2) 0.75    69.374     1.000     0.000
 112  p   6j13/2   ( 6j 13/2) 0.67    94.214     1.000     0.000
 113  p   1k15/2   ( 1k 15/2) 0.97    30.295     1.000     0.000
 114  p   2k15/2   ( 4k 15/2) 0.52    38.861     1.000     0.000
 115  p   3k15/2   ( 2k 15/2) 0.82    48.144     1.000     0.000
 116  p   4k15/2   ( 3k 15/2) 0.78    59.425     1.000     0.000
 117  p   5k15/2   ( 4k 15/2) 0.74    74.528     1.000     0.000
 118  p   6k15/2   ( 6k 15/2) 0.66    99.876     1.000     0.000
 119  p   1j15/2   ( 1j 15/2) 0.97    14.115     1.000     0.000
 120  p   2j15/2   ( 2j 15/2) 0.71    36.376     1.000     0.000
 121  p   3j15/2   ( 2j 15/2) 0.66    41.027     1.000     0.000
 122  p   4j15/2   ( 3j 15/2) 0.76    53.328     1.000     0.000
 123  p   5j15/2   ( 4j 15/2) 0.74    67.444     1.000     0.000
 124  p   6j15/2   ( 6j 15/2) 0.67    92.191     1.000     0.000
 125  p   1k17/2   ( 1k 17/2) 0.96    22.799     1.000     0.000
 126  p   2k17/2   ( 4k 17/2) 0.50    38.645     1.000     0.000
 127  p   3k17/2   ( 2k 17/2) 0.81    46.307     1.000     0.000
 128  p   4k17/2   ( 3k 17/2) 0.79    57.698     1.000     0.000
 129  p   5k17/2   ( 4k 17/2) 0.74    72.316     1.000     0.000
 130  p   6k17/2   ( 6k 17/2) 0.66    97.560     1.000     0.000
 131  p   1l17/2   ( 1l 17/2) 0.96    38.979     1.000     0.000
 132  p   2l17/2   ( 2l 17/2) 0.57    43.004     1.000     0.000
 133  p   3l17/2   ( 2l 17/2) 0.78    55.751     1.000     0.000
 134  p   4l17/2   ( 3l 17/2) 0.76    68.903     1.000     0.000
 135  p   5l17/2   ( 5l 17/2) 0.70    90.940     1.000     0.000
 136  p   1m19/2   ( 3m 19/2) 0.53    43.838     1.000     0.000
 137  p   2m19/2   ( 1m 19/2) 0.86    48.205     1.000     0.000
 138  p   3m19/2   ( 2m 19/2) 0.80    59.770     1.000     0.000
 139  p   4m19/2   ( 3m 19/2) 0.76    74.603     1.000     0.000
 140  p   5m19/2   ( 5m 19/2) 0.68    96.814     1.000     0.000
 141  p   1l19/2   ( 1l 19/2) 0.95    31.428     1.000     0.000
 142  p   2l19/2   ( 2l 19/2) 0.60    42.281     1.000     0.000
 143  p   3l19/2   ( 2l 19/2) 0.74    54.044     1.000     0.000
 144  p   4l19/2   ( 3l 19/2) 0.74    65.900     1.000     0.000
 145  p   5l19/2   ( 5l 19/2) 0.72    88.055     1.000     0.000
 146  p   1m21/2   ( 1m 21/2) 0.95    39.953     1.000     0.000
 147  p   2m21/2   ( 2m 21/2) 0.58    44.258     1.000     0.000
 148  p   3m21/2   ( 2m 21/2) 0.76    57.878     1.000     0.000
 149  p   4m21/2   ( 3m 21/2) 0.76    71.018     1.000     0.000
 150  p   5m21/2   ( 5m 21/2) 0.70    93.122     1.000     0.000
 151  p   1n21/2   ( 3n 21/2) 0.55    48.491     1.000     0.000
 152  p   2n21/2   ( 1n 21/2) 0.83    56.855     1.000     0.000
 153  p   3n21/2   ( 2n 21/2) 0.73    68.454     1.000     0.000
 154  p   4n21/2   ( 4n 21/2) 0.72    89.240     1.000     0.000
 155  p   1o23/2   ( 3o 23/2) 0.58    50.772     1.000     0.000
 156  p   2o23/2   ( 1o 23/2) 0.87    62.849     1.000     0.000
 157  p   3o23/2   ( 2o 23/2) 0.77    73.327     1.000     0.000
 158  p   4o23/2   ( 4o 23/2) 0.71    95.007     1.000     0.000
 159  p   1n23/2   ( 1n 23/2) 0.83    47.047     1.000     0.000
 160  p   2n23/2   ( 2n 23/2) 0.73    51.200     1.000     0.000
 161  p   3n23/2   ( 2n 23/2) 0.63    65.221     1.000     0.000
 162  p   4n23/2   ( 4n 23/2) 0.77    83.582     1.000     0.000
 163  p   1o25/2   ( 3o 25/2) 0.57    50.478     1.000     0.000
 164  p   2o25/2   ( 1o 25/2) 0.80    57.810     1.000     0.000
 165  p   3o25/2   ( 2o 25/2) 0.68    69.175     1.000     0.000
 166  p   4o25/2   ( 4o 25/2) 0.76    88.297     1.000     0.000
 167  p   1P25/2   ( 2P 25/2) 0.65    57.014     1.000     0.000
 168  p   2P25/2   ( 1P 25/2) 0.79    71.219     1.000     0.000
 169  p   3P25/2   ( 3P 25/2) 0.77    86.138     1.000     0.000
 170  p   1q27/2   ( 2q 27/2) 0.67    59.367     1.000     0.000
 171  p   2q27/2   ( 1q 27/2) 0.80    76.350     1.000     0.000
 172  p   3q27/2   ( 3q 27/2) 0.74    91.515     1.000     0.000
 173  p   1P27/2   ( 1P 27/2) 0.65    56.601     1.000     0.000
 174  p   2P27/2   ( 1P 27/2) 0.71    66.567     1.000     0.000
 175  p   3P27/2   ( 3P 27/2) 0.84    78.864     1.000     0.000
 176  p   1q29/2   ( 2q 29/2) 0.63    59.094     1.000     0.000
 177  p   2q29/2   ( 1q 29/2) 0.78    73.549     1.000     0.000
 178  p   3q29/2   ( 3q 29/2) 0.81    83.529     1.000     0.000
 179  p   1r29/2   ( 1r 29/2) 0.77    67.900     1.000     0.000
 180  p   2r29/2   ( 2r 29/2) 0.76    86.541     1.000     0.000
 181  p   1S31/2   ( 1S 31/2) 0.76    70.548     1.000     0.000
 182  p   2S31/2   ( 2S 31/2) 0.75    91.923     1.000     0.000
 183  p   1r31/2   ( 1r 31/2) 0.75    67.614     1.000     0.000
 184  p   2r31/2   ( 2r 31/2) 0.74    81.496     1.000     0.000
 185  p   1S33/2   ( 1S 33/2) 0.75    70.308     1.000     0.000
 186  p   2S33/2   ( 2S 33/2) 0.74    87.969     1.000     0.000
 187  p   1t33/2   ( 1t 33/2) 0.98    82.979     1.000     0.000
 188  p   1u35/2   ( 1u 35/2) 0.98    86.349     1.000     0.000
 189  p   1t35/2   ( 1t 35/2) 0.99    81.977     1.000     0.000
 190  p   1u37/2   ( 1u 37/2) 0.98    85.623     1.000     0.000
  ****** END RESU ***********************************
