
  ******************************************  
  *           Fortran 77 Code              *  
  *         Spherical H.O. basis            *  
  * Dirac-Hartree-Bogoliubov calculation   *  
  *        with density-dependent          *  
  * meson-exchange or point coupling force *  
  *          and separable pairing         *  
  * -------------------------------------- *  
  *      Niksic, Paar, Vretenar, Ring      *  
  *          18/ 4/2026/01:52:12           *
  *       Pb 228  N = 146  Z =  82
  ******************************************  
  ****** BEGIN READER *******************************
 Number of oscillator shells :    18   20
 Initialization inin,inink   :     1    1
 Nucleus: Pb 228   146  82
 Initial Gap Parameters      :     1.0000    1.0000
 Parameter set               :    DD-PC1    
  ****** END READER *********************************
  ****** BEGIN FORCES *******************************

 NEDF Parameters: DD-PC1    
           scasca    scavec    vecsca    vecvec
 GG   =   1.000000  1.000000  1.000000  1.000000
 DD   =  -0.814900  0.000000  0.000000  0.000000
  
 Density dependence parameters:
           scasca    scavec    vecsca    vecvec
 a    = -10.046200  5.919500  0.000000  0.000000
 b    =  -9.150400  8.863700  0.000000  1.836000
 c    =  -6.427300  0.000000  0.000000  0.000000
 d    =   1.372400  0.658400  0.000000  0.640300
 dsat =   0.152000
  
 TMR pairing: Tian,Ma,Ring, PRB 676, 44 (2009)
 TMR pairing strength    gl =:  -728.00000 [MeV*fm^3]
 TMR pairing width        a =:     0.64420 [fm]
  ****** END FORCES *********************************
  ****** BEGIN PREP *********************************
  
 hom =                            6.711283
 hb0 =                           20.734000
 b0  =                            2.485729
 with Coulomb force
 With microscopic c.m. correction
  ****** END PREP ***********************************
  ****** BEGIN ITER *********************************
  1.It. si =    0.0000000  E/A =    0.0000 R =    0.0000  mix = 0.50
  2.It. si =   91.1697090  E/A =   -7.4144 R =    5.9650  mix = 0.50
  3.It. si =   44.0020018  E/A =   -7.4469 R =    5.9371  mix = 0.50
  4.It. si =   11.8267654  E/A =   -7.4662 R =    5.9047  mix = 0.50
  5.It. si =   15.3764289  E/A =   -7.4810 R =    5.8763  mix = 0.50
  6.It. si =   12.2883783  E/A =   -7.4853 R =    5.8594  mix = 0.50
  7.It. si =    2.2680157  E/A =   -7.4882 R =    5.8257  mix = 0.50
  8.It. si =    0.8852563  E/A =   -7.4882 R =    5.8255  mix = 0.50
  9.It. si =    0.3030299  E/A =   -7.4879 R =    5.8246  mix = 0.50
 10.It. si =    0.6169104  E/A =   -7.4879 R =    5.8253  mix = 0.50
 11.It. si =    0.5796607  E/A =   -7.4879 R =    5.8253  mix = 0.50
 12.It. si =    0.0788557  E/A =   -7.4879 R =    5.8241  mix = 0.50
 13.It. si =    0.0773308  E/A =   -7.4879 R =    5.8232  mix = 0.50
 14.It. si =    0.0475544  E/A =   -7.4879 R =    5.8222  mix = 0.50
 15.It. si =    0.0364199  E/A =   -7.4879 R =    5.8223  mix = 0.50
 16.It. si =    0.0277389  E/A =   -7.4879 R =    5.8220  mix = 0.50
 17.It. si =    0.0151974  E/A =   -7.4879 R =    5.8220  mix = 0.50
 18.It. si =    0.0147335  E/A =   -7.4879 R =    5.8220  mix = 0.50
 19.It. si =    0.1810385  E/A =   -7.4879 R =    5.8216  mix = 0.50
 20.It. si =    0.1490760  E/A =   -7.4878 R =    5.8216  mix = 0.50
 21.It. si =    0.1346430  E/A =   -7.4878 R =    5.8216  mix = 0.50
 22.It. si =    0.0096877  E/A =   -7.4878 R =    5.8218  mix = 0.50
 23.It. si =    0.0136400  E/A =   -7.4878 R =    5.8217  mix = 0.50
 24.It. si =    0.0095249  E/A =   -7.4878 R =    5.8217  mix = 0.50
 25.It. si =    0.0171764  E/A =   -7.4878 R =    5.8217  mix = 0.50
 26.It. si =    0.0057093  E/A =   -7.4878 R =    5.8217  mix = 0.50
 27.It. si =    0.0037148  E/A =   -7.4878 R =    5.8217  mix = 0.50
 28.It. si =    0.0024863  E/A =   -7.4878 R =    5.8217  mix = 0.50
 29.It. si =    0.0015150  E/A =   -7.4878 R =    5.8217  mix = 0.50
 30.It. si =    0.0008311  E/A =   -7.4878 R =    5.8217  mix = 0.50
 31.It. si =    0.0003911  E/A =   -7.4878 R =    5.8217  mix = 0.50
 32.It. si =    0.0013269  E/A =   -7.4878 R =    5.8217  mix = 0.50
 33.It. si =    0.0004774  E/A =   -7.4878 R =    5.8217  mix = 0.50
 34.It. si =    0.0000291  E/A =   -7.4878 R =    5.8217  mix = 0.50
 35.It. si =    0.0000094  E/A =   -7.4878 R =    5.8217  mix = 0.50
 36.It. si =    0.0000056  E/A =   -7.4878 R =    5.8217  mix = 0.50
 37.It. si =    0.0000107  E/A =   -7.4878 R =    5.8217  mix = 0.50
 38.It. si =    0.0000070  E/A =   -7.4878 R =    5.8217  mix = 0.50
 39.It. si =    0.0000028  E/A =   -7.4878 R =    5.8217  mix = 0.50
 ********************************************************************
 Pb 228: Iteration converged after  39 steps   si =      0.0000002564
 ********************************************************************
  ****** END ITER ***********************************
  ****** BEGIN CANON ********************************
 single-particle energies and gaps  in the canonical basis: Neutron:
 ------------------------------------------------------------------
    j pi     (nr,l,j)  smax       Ecan       vvcan       decan
 j = 1/2+  (   s 1/2)  0.94    -52.3518      0.9999      1.1583
 j = 1/2+  (   s 1/2)  0.93    -48.2696      0.9997      1.6567
 j = 1/2+  (   s 1/2)  0.98    -21.7007      0.9981      1.6080
 j = 1/2+  (   s 1/2)  0.96     -0.0883      0.0185      0.8593
 j = 1/2+  (   s 1/2)  0.93     12.1222      0.0002      0.4810
 j = 1/2+  (   s 1/2)  0.79     22.4491      0.0000      0.0198
 j = 1/2+  (   s 1/2)  0.92     24.7967      0.0000      0.3823
 j = 1/2+  (   s 1/2)  0.92     40.1257      0.0000      0.2530
 j = 1/2+  (   s 1/2)  0.91     56.0416      0.0000      0.1582
 j = 1/2+  (   s 1/2)  0.79     73.3398      0.0000      0.0947
 j = 1/2-  (   p 1/2)  0.98    -49.4574      0.9998      1.4037
 j = 1/2-  (   p 1/2)  0.97    -35.1369      0.9994      1.5322
 j = 1/2-  (   p 1/2)  0.98     -9.4419      0.9882      1.3893
 j = 1/2-  (   p 1/2)  0.96      8.1387      0.0008      0.6228
 j = 1/2-  (   p 1/2)  0.94     18.9599      0.0001      0.4237
 j = 1/2-  (   p 1/2)  0.78     21.2323      0.0000      0.0261
 j = 1/2-  (   p 1/2)  0.93     33.8038      0.0000      0.2895
 j = 1/2-  (   p 1/2)  0.93     46.7260      0.0000      0.1750
 j = 1/2-  (   p 1/2)  0.77     72.8250      0.0000      0.1195
 j = 3/2+  (   d 3/2)  0.99    -44.2333      0.9997      1.5067
 j = 3/2+  (   d 3/2)  0.98    -22.0962      0.9984      1.5332
 j = 3/2+  (   d 3/2)  0.97     -0.0813      0.0233      0.9731
 j = 3/2+  (   d 3/2)  0.95     13.4824      0.0002      0.5077
 j = 3/2+  (   d 3/2)  0.79     21.9320      0.0000      0.0182
 j = 3/2+  (   d 3/2)  0.94     25.9457      0.0000      0.3801
 j = 3/2+  (   d 3/2)  0.92     40.5584      0.0000      0.2409
 j = 3/2+  (   d 3/2)  0.91     54.9547      0.0000      0.1442
 j = 3/2+  (   d 3/2)  0.78     73.9685      0.0000      0.0881
 j = 3/2-  (   p 3/2)  0.98    -49.4974      0.9998      1.4065
 j = 3/2-  (   p 3/2)  0.97    -36.1147      0.9995      1.5408
 j = 3/2-  (   p 3/2)  0.98    -10.3825      0.9910      1.3937
 j = 3/2-  (   p 3/2)  0.96      7.7641      0.0008      0.6263
 j = 3/2-  (   p 3/2)  0.94     18.7014      0.0001      0.4147
 j = 3/2-  (   p 3/2)  0.78     21.0801      0.0000      0.0260
 j = 3/2-  (   p 3/2)  0.93     33.4977      0.0000      0.2882
 j = 3/2-  (   p 3/2)  0.93     46.4936      0.0000      0.1739
 j = 3/2-  (   p 3/2)  0.77     72.4134      0.0000      0.1190
 j = 5/2+  (   d 5/2)  0.99    -45.0384      0.9997      1.5262
 j = 5/2+  (   d 5/2)  0.98    -23.7946      0.9986      1.5551
 j = 5/2+  (   d 5/2)  0.97     -0.9900      0.0422      0.9507
 j = 5/2+  (   d 5/2)  0.95     12.8728      0.0002      0.5008
 j = 5/2+  (   d 5/2)  0.79     22.1204      0.0000      0.0186
 j = 5/2+  (   d 5/2)  0.94     24.9491      0.0000      0.3776
 j = 5/2+  (   d 5/2)  0.92     39.8844      0.0000      0.2409
 j = 5/2+  (   d 5/2)  0.91     54.4935      0.0000      0.1448
 j = 5/2+  (   d 5/2)  0.78     73.7835      0.0000      0.0887
 j = 5/2-  (   f 5/2)  0.98    -35.8194      0.9995      1.4810
 j = 5/2-  (   f 5/2)  0.98    -10.8421      0.9915      1.4323
 j = 5/2-  (   f 5/2)  0.97      8.4251      0.0010      0.7425
 j = 5/2-  (   f 5/2)  0.79     19.7821      0.0000      0.0230
 j = 5/2-  (   f 5/2)  0.96     20.7016      0.0001      0.4532
 j = 5/2-  (   f 5/2)  0.94     34.8931      0.0000      0.3017
 j = 5/2-  (   f 5/2)  0.90     48.6458      0.0000      0.1792
 j = 5/2-  (   f 5/2)  0.80     68.9095      0.0000      0.1120
 j = 7/2+  (   g 7/2)  0.98    -25.9911      0.9990      1.4507
 j = 7/2+  (   g 7/2)  0.98     -1.1314      0.0711      1.2129
 j = 7/2+  (   g 7/2)  0.97     15.5377      0.0002      0.5743
 j = 7/2+  (   g 7/2)  0.79     20.2074      0.0000      0.0159
 j = 7/2+  (   g 7/2)  0.96     27.5063      0.0000      0.3991
 j = 7/2+  (   g 7/2)  0.91     42.1221      0.0000      0.2485
 j = 7/2+  (   g 7/2)  0.81     59.3535      0.0000      0.1570
 j = 7/2+  (   g 7/2)  0.82     65.5045      0.0000      0.0794
 j = 7/2-  (   f 7/2)  0.98    -37.6348      0.9995      1.5102
 j = 7/2-  (   f 7/2)  0.98    -13.1614      0.9949      1.4403
 j = 7/2-  (   f 7/2)  0.97      7.3799      0.0012      0.7388
 j = 7/2-  (   f 7/2)  0.79     19.6421      0.0000      0.0229
 j = 7/2-  (   f 7/2)  0.96     20.0979      0.0001      0.4390
 j = 7/2-  (   f 7/2)  0.93     34.0281      0.0000      0.2989
 j = 7/2-  (   f 7/2)  0.90     48.0779      0.0000      0.1778
 j = 7/2-  (   f 7/2)  0.80     68.1788      0.0000      0.1114
 j = 9/2+  (   g 9/2)  0.98    -29.2644      0.9992      1.5018
 j = 9/2+  (   g 9/2)  0.98     -3.5574      0.6598      1.1890
 j = 9/2+  (   g 9/2)  0.96     14.4916      0.0003      0.5794
 j = 9/2+  (   g 9/2)  0.79     20.3293      0.0000      0.0163
 j = 9/2+  (   g 9/2)  0.96     26.0520      0.0000      0.3856
 j = 9/2+  (   g 9/2)  0.90     41.1101      0.0000      0.2469
 j = 9/2+  (   g 9/2)  0.82     58.5321      0.0000      0.1567
 j = 9/2+  (   g 9/2)  0.82     65.0468      0.0000      0.0796
 j = 9/2-  (   h 9/2)  0.98    -15.3752      0.9969      1.3636
 j = 9/2-  (   h 9/2)  0.97      7.7707      0.0022      1.0180
 j = 9/2-  (   h 9/2)  0.79     18.7915      0.0000      0.0201
 j = 9/2-  (   h 9/2)  0.95     23.2321      0.0001      0.5002
 j = 9/2-  (   h 9/2)  0.90     36.4719      0.0000      0.3140
 j = 9/2-  (   h 9/2)  0.81     52.4920      0.0000      0.1927
 j = 9/2-  (   h 9/2)  0.84     62.1488      0.0000      0.1035
 j =11/2+  (   i11/2)  0.98     -4.6932      0.8847      1.2759
 j =11/2+  (   i11/2)  0.94     16.5486      0.0004      0.7953
 j =11/2+  (   i11/2)  0.77     18.9655      0.0000      0.0134
 j =11/2+  (   i11/2)  0.90     30.8651      0.0000      0.4394
 j =11/2+  (   i11/2)  0.82     44.4099      0.0000      0.2559
 j =11/2+  (   i11/2)  0.84     57.8464      0.0000      0.0672
 j =11/2+  (   i11/2)  0.66     62.2372      0.0000      0.1588
 j =11/2-  (   h11/2)  0.98    -20.1379      0.9983      1.4216
 j =11/2-  (   h11/2)  0.97      5.2012      0.0035      0.9873
 j =11/2-  (   h11/2)  0.79     18.7133      0.0000      0.0202
 j =11/2-  (   h11/2)  0.94     21.8759      0.0001      0.4989
 j =11/2-  (   h11/2)  0.90     34.7216      0.0000      0.3076
 j =11/2-  (   h11/2)  0.81     51.7350      0.0000      0.1920
 j =11/2-  (   h11/2)  0.84     61.3949      0.0000      0.1033
 j =13/2+  (   i13/2)  0.98    -10.9099      0.9929      1.3226
 j =13/2+  (   i13/2)  0.95     13.8232      0.0005      0.7850
 j =13/2+  (   i13/2)  0.77     18.7974      0.0000      0.0133
 j =13/2+  (   i13/2)  0.89     29.5741      0.0000      0.4309
 j =13/2+  (   i13/2)  0.80     42.6042      0.0000      0.2500
 j =13/2+  (   i13/2)  0.84     56.9030      0.0000      0.0663
 j =13/2+  (   i13/2)  0.65     61.0852      0.0000      0.1573
 j =13/2-  (   j13/2)  0.98      5.7678      0.0044      1.1982
 j =13/2-  (   j13/2)  0.77     19.2457      0.0000      0.0186
 j =13/2-  (   j13/2)  0.93     24.5566      0.0001      0.5906
 j =13/2-  (   j13/2)  0.83     38.8732      0.0000      0.3626
 j =13/2-  (   j13/2)  0.68     55.1118      0.0000      0.2132
 j =13/2-  (   j13/2)  0.85     56.9582      0.0000      0.0942
 j =15/2+  (   k15/2)  0.97     15.6217      0.0008      1.0639
 j =15/2+  (   k15/2)  0.75     19.9796      0.0000      0.0128
 j =15/2+  (   k15/2)  0.90     32.8957      0.0000      0.4739
 j =15/2+  (   k15/2)  0.73     48.3035      0.0000      0.2926
 j =15/2+  (   k15/2)  0.83     53.2833      0.0000      0.0612
 j =15/2+  (   k15/2)  0.59     62.9303      0.0000      0.1739
 j =15/2-  (   j15/2)  0.98     -1.7431      0.1198      1.2070
 j =15/2-  (   j15/2)  0.77     19.1598      0.0000      0.0188
 j =15/2-  (   j15/2)  0.92     21.9885      0.0001      0.6083
 j =15/2-  (   j15/2)  0.83     36.3747      0.0000      0.3550
 j =15/2-  (   j15/2)  0.68     53.6608      0.0000      0.2147
 j =15/2-  (   j15/2)  0.85     55.6057      0.0000      0.0932
 j =17/2+  (   k17/2)  0.96      7.3506      0.0026      1.0799
 j =17/2+  (   k17/2)  0.75     19.8988      0.0000      0.0129
 j =17/2+  (   k17/2)  0.88     29.6560      0.0001      0.4822
 j =17/2+  (   k17/2)  0.73     45.5933      0.0000      0.2876
 j =17/2+  (   k17/2)  0.83     52.0541      0.0000      0.0605
 j =17/2+  (   k17/2)  0.59     61.2337      0.0000      0.1741
 j =17/2-  (   l17/2)  0.76     21.6306      0.0000      0.0190
 j =17/2-  (   l17/2)  0.94     24.9510      0.0003      0.9178
 j =17/2-  (   l17/2)  0.84     40.8176      0.0000      0.3861
 j =17/2-  (   l17/2)  0.84     53.6905      0.0000      0.0932
 j =17/2-  (   l17/2)  0.62     58.1366      0.0000      0.2351
 j =19/2+  (   m19/2)  0.74     23.1424      0.0000      0.0133
 j =19/2+  (   m19/2)  0.91     34.0757      0.0001      0.7796
 j =19/2+  (   m19/2)  0.75     49.1051      0.0000      0.3186
 j =19/2+  (   m19/2)  0.82     53.1121      0.0000      0.0625
 j =19/2+  (   m19/2)  0.61     64.8816      0.0000      0.1818
 j =19/2-  (   l19/2)  0.94     16.2799      0.0006      0.9370
 j =19/2-  (   l19/2)  0.76     21.5396      0.0000      0.0192
 j =19/2-  (   l19/2)  0.82     37.0040      0.0000      0.3876
 j =19/2-  (   l19/2)  0.84     52.1511      0.0000      0.0921
 j =19/2-  (   l19/2)  0.61     54.9634      0.0000      0.2324
 j =21/2+  (   m21/2)  0.74     23.0714      0.0000      0.0135
 j =21/2+  (   m21/2)  0.90     25.2319      0.0002      0.7972
 j =21/2+  (   m21/2)  0.72     44.7816      0.0000      0.3189
 j =21/2+  (   m21/2)  0.82     51.7892      0.0000      0.0618
 j =21/2+  (   m21/2)  0.61     61.0447      0.0000      0.1795
 j =21/2-  (   n21/2)  0.76     26.1717      0.0000      0.0212
 j =21/2-  (   n21/2)  0.87     42.6861      0.0001      0.6418
 j =21/2-  (   n21/2)  0.84     56.3380      0.0000      0.0989
 j =21/2-  (   n21/2)  0.63     58.3176      0.0000      0.2670
 j =23/2+  (   o23/2)  0.75     28.1384      0.0000      0.0150
 j =23/2+  (   o23/2)  0.81     51.8918      0.0000      0.5300
 j =23/2+  (   o23/2)  0.82     56.0936      0.0000      0.0682
 j =23/2+  (   o23/2)  0.60     65.3960      0.0000      0.2178
 j =23/2-  (   n23/2)  0.76     26.0423      0.0000      0.0215
 j =23/2-  (   n23/2)  0.85     34.0960      0.0001      0.6566
 j =23/2-  (   n23/2)  0.60     52.8375      0.0000      0.2664
 j =23/2-  (   n23/2)  0.84     53.4101      0.0000      0.0964
 j =25/2+  (   o25/2)  0.75     28.0707      0.0000      0.0152
 j =25/2+  (   o25/2)  0.79     43.1793      0.0000      0.5433
 j =25/2+  (   o25/2)  0.82     53.7905      0.0000      0.0669
 j =25/2+  (   o25/2)  0.60     59.3013      0.0000      0.2154
 j =25/2-  (   P25/2)  0.68     34.9548      0.0000      0.0233
 j =25/2-  (   P25/2)  0.67     57.1052      0.0000      0.1286
 j =25/2-  (   P25/2)  0.75     60.6576      0.0000      0.4336
 j =27/2+  (   q27/2)  0.77     35.5628      0.0000      0.0184
 j =27/2+  (   q27/2)  0.80     60.6152      0.0000      0.0899
 j =27/2+  (   q27/2)  0.69     68.4457      0.0000      0.3444
 j =27/2-  (   P27/2)  0.69     34.6028      0.0000      0.0232
 j =27/2-  (   P27/2)  0.73     51.8290      0.0000      0.4428
 j =27/2-  (   P27/2)  0.66     53.7860      0.0000      0.1262
 j =29/2+  (   q29/2)  0.77     35.5161      0.0000      0.0185
 j =29/2+  (   q29/2)  0.79     57.9946      0.0000      0.0886
 j =29/2+  (   q29/2)  0.67     60.2372      0.0000      0.3503
 j =29/2-  (   r29/2)  0.72     44.0910      0.0000      0.0327
 j =29/2-  (   r29/2)  0.71     66.6936      0.0000      0.2149
 j =31/2+  (   S31/2)  0.70     46.7463      0.0000      0.0232
 j =31/2+  (   S31/2)  0.69     71.2566      0.0000      0.1538
 j =31/2-  (   r31/2)  0.71     43.6750      0.0000      0.0326
 j =31/2-  (   r31/2)  0.71     62.3548      0.0000      0.2163
 j =33/2+  (   S33/2)  0.71     46.4570      0.0000      0.0231
 j =33/2+  (   S33/2)  0.70     67.9612      0.0000      0.1546
 j =33/2-  (   t33/2)  0.98     59.7722      0.0000      0.0588
 j =35/2+  (   u35/2)  0.98     63.0823      0.0000      0.0405
 j =35/2-  (   t35/2)  0.98     59.0397      0.0000      0.0588
 j =37/2+  (   u37/2)  0.98     62.5871      0.0000      0.0405
 single-particle energies and gaps  in the canonical basis: Proton: 
 ------------------------------------------------------------------
    j pi     (nr,l,j)  smax       Ecan       vvcan       decan
 j = 1/2+  (   s 1/2)  0.89    -50.6591      1.0000     -0.0000
 j = 1/2+  (   s 1/2)  0.83    -33.4941      1.0000     -0.0000
 j = 1/2+  (   s 1/2)  0.92    -11.7120      1.0000     -0.0000
 j = 1/2+  (   s 1/2)  0.90      9.3028      0.0000     -0.0000
 j = 1/2+  (   s 1/2)  0.49     13.6545      0.0000     -0.0000
 j = 1/2+  (   s 1/2)  0.72     22.6322      0.0000     -0.0000
 j = 1/2+  (   s 1/2)  0.59     35.0650      0.0000     -0.0000
 j = 1/2+  (   s 1/2)  0.53     49.5198      0.0000     -0.0000
 j = 1/2+  (   s 1/2)  0.60     67.7807      0.0000     -0.0000
 j = 1/2+  (   s 1/2)  0.63     99.5421      0.0000     -0.0000
 j = 1/2-  (   p 1/2)  0.93    -44.9601      1.0000     -0.0000
 j = 1/2-  (   p 1/2)  0.90    -23.3605      1.0000     -0.0000
 j = 1/2-  (   p 1/2)  0.95     -0.7812      0.0000     -0.0000
 j = 1/2-  (   p 1/2)  0.54     12.9807      0.0000     -0.0000
 j = 1/2-  (   p 1/2)  0.76     19.1809      0.0000     -0.0000
 j = 1/2-  (   p 1/2)  0.72     29.9167      0.0000     -0.0000
 j = 1/2-  (   p 1/2)  0.63     44.2755      0.0000     -0.0000
 j = 1/2-  (   p 1/2)  0.65     61.5628      0.0000     -0.0000
 j = 1/2-  (   p 1/2)  0.63     92.0897      0.0000     -0.0000
 j = 3/2+  (   d 3/2)  0.96    -37.5524      1.0000     -0.0000
 j = 3/2+  (   d 3/2)  0.95    -13.2705      1.0000     -0.0000
 j = 3/2+  (   d 3/2)  0.95      8.7724      0.0000     -0.0000
 j = 3/2+  (   d 3/2)  0.49     14.0901      0.0000     -0.0000
 j = 3/2+  (   d 3/2)  0.74     22.9317      0.0000     -0.0000
 j = 3/2+  (   d 3/2)  0.62     34.9499      0.0000     -0.0000
 j = 3/2+  (   d 3/2)  0.55     49.4326      0.0000     -0.0000
 j = 3/2+  (   d 3/2)  0.62     67.6530      0.0000     -0.0000
 j = 3/2+  (   d 3/2)  0.64     98.9979      0.0000     -0.0000
 j = 3/2-  (   p 3/2)  0.92    -45.4504      1.0000     -0.0000
 j = 3/2-  (   p 3/2)  0.89    -24.2255      1.0000     -0.0000
 j = 3/2-  (   p 3/2)  0.95     -1.5299      0.0000     -0.0000
 j = 3/2-  (   p 3/2)  0.55     12.9118      0.0000     -0.0000
 j = 3/2-  (   p 3/2)  0.75     18.8578      0.0000     -0.0000
 j = 3/2-  (   p 3/2)  0.72     29.6604      0.0000     -0.0000
 j = 3/2-  (   p 3/2)  0.64     43.9387      0.0000     -0.0000
 j = 3/2-  (   p 3/2)  0.65     61.0992      0.0000     -0.0000
 j = 3/2-  (   p 3/2)  0.63     91.6736      0.0000     -0.0000
 j = 5/2+  (   d 5/2)  0.95    -38.7724      1.0000     -0.0000
 j = 5/2+  (   d 5/2)  0.93    -14.8219      1.0000     -0.0000
 j = 5/2+  (   d 5/2)  0.95      7.9730      0.0000     -0.0000
 j = 5/2+  (   d 5/2)  0.50     13.9744      0.0000     -0.0000
 j = 5/2+  (   d 5/2)  0.75     22.6002      0.0000     -0.0000
 j = 5/2+  (   d 5/2)  0.63     34.5412      0.0000     -0.0000
 j = 5/2+  (   d 5/2)  0.56     48.8774      0.0000     -0.0000
 j = 5/2+  (   d 5/2)  0.62     66.9199      0.0000     -0.0000
 j = 5/2+  (   d 5/2)  0.63     98.3348      0.0000     -0.0000
 j = 5/2-  (   f 5/2)  0.98    -28.8295      1.0000     -0.0000
 j = 5/2-  (   f 5/2)  0.97     -3.2691      0.0000     -0.0000
 j = 5/2-  (   f 5/2)  0.62     14.1195      0.0000     -0.0000
 j = 5/2-  (   f 5/2)  0.74     18.9252      0.0000     -0.0000
 j = 5/2-  (   f 5/2)  0.75     29.6344      0.0000     -0.0000
 j = 5/2-  (   f 5/2)  0.67     44.0030      0.0000     -0.0000
 j = 5/2-  (   f 5/2)  0.67     60.9891      0.0000     -0.0000
 j = 5/2-  (   f 5/2)  0.64     90.6545      0.0000     -0.0000
 j = 7/2+  (   g 7/2)  0.98    -19.1858      1.0000     -0.0000
 j = 7/2+  (   g 7/2)  0.98      6.3304      0.0000     -0.0000
 j = 7/2+  (   g 7/2)  0.48     15.5903      0.0000     -0.0000
 j = 7/2+  (   g 7/2)  0.78     23.6619      0.0000     -0.0000
 j = 7/2+  (   g 7/2)  0.68     34.4824      0.0000     -0.0000
 j = 7/2+  (   g 7/2)  0.61     48.9618      0.0000     -0.0000
 j = 7/2+  (   g 7/2)  0.64     66.9238      0.0000     -0.0000
 j = 7/2+  (   g 7/2)  0.64     97.2241      0.0000     -0.0000
 j = 7/2-  (   f 7/2)  0.97    -31.1076      1.0000     -0.0000
 j = 7/2-  (   f 7/2)  0.96     -5.4040      0.0000     -0.0000
 j = 7/2-  (   f 7/2)  0.67     13.8890      0.0000     -0.0000
 j = 7/2-  (   f 7/2)  0.69     18.2007      0.0000     -0.0000
 j = 7/2-  (   f 7/2)  0.75     29.2002      0.0000     -0.0000
 j = 7/2-  (   f 7/2)  0.68     43.3426      0.0000     -0.0000
 j = 7/2-  (   f 7/2)  0.67     60.0173      0.0000     -0.0000
 j = 7/2-  (   f 7/2)  0.64     89.8445      0.0000     -0.0000
 j = 9/2+  (   g 9/2)  0.98    -22.7882      1.0000     -0.0000
 j = 9/2+  (   g 9/2)  0.97      3.9188      0.0000     -0.0000
 j = 9/2+  (   g 9/2)  0.47     15.4846      0.0000     -0.0000
 j = 9/2+  (   g 9/2)  0.79     22.9501      0.0000     -0.0000
 j = 9/2+  (   g 9/2)  0.70     33.7032      0.0000     -0.0000
 j = 9/2+  (   g 9/2)  0.62     48.1319      0.0000     -0.0000
 j = 9/2+  (   g 9/2)  0.64     65.6949      0.0000     -0.0000
 j = 9/2+  (   g 9/2)  0.64     96.3523      0.0000     -0.0000
 j = 9/2-  (   h 9/2)  0.98     -8.9851      0.0000     -0.0000
 j = 9/2-  (   h 9/2)  0.92     14.7999      0.0000     -0.0000
 j = 9/2-  (   h 9/2)  0.50     18.5511      0.0000     -0.0000
 j = 9/2-  (   h 9/2)  0.78     29.9084      0.0000     -0.0000
 j = 9/2-  (   h 9/2)  0.72     43.7249      0.0000     -0.0000
 j = 9/2-  (   h 9/2)  0.70     60.1180      0.0000     -0.0000
 j = 9/2-  (   h 9/2)  0.64     88.7348      0.0000     -0.0000
 j =11/2+  (   i11/2)  0.97      1.4036      0.0000     -0.0000
 j =11/2+  (   i11/2)  0.48     18.3918      0.0000     -0.0000
 j =11/2+  (   i11/2)  0.84     23.8857      0.0000     -0.0000
 j =11/2+  (   i11/2)  0.77     33.6179      0.0000     -0.0000
 j =11/2+  (   i11/2)  0.67     48.5933      0.0000     -0.0000
 j =11/2+  (   i11/2)  0.68     65.9485      0.0000     -0.0000
 j =11/2+  (   i11/2)  0.64     95.1372      0.0000     -0.0000
 j =11/2-  (   h11/2)  0.98    -14.0591      1.0000     -0.0000
 j =11/2-  (   h11/2)  0.97     12.8022      0.0000     -0.0000
 j =11/2-  (   h11/2)  0.53     18.0337      0.0000     -0.0000
 j =11/2-  (   h11/2)  0.78     29.1191      0.0000     -0.0000
 j =11/2-  (   h11/2)  0.73     42.5295      0.0000     -0.0000
 j =11/2-  (   h11/2)  0.70     58.5303      0.0000     -0.0000
 j =11/2-  (   h11/2)  0.64     87.6432      0.0000     -0.0000
 j =13/2+  (   i13/2)  0.98     -5.1112      0.0000     -0.0000
 j =13/2+  (   i13/2)  0.56     18.1612      0.0000     -0.0000
 j =13/2+  (   i13/2)  0.79     22.0503      0.0000     -0.0000
 j =13/2+  (   i13/2)  0.78     32.5005      0.0000     -0.0000
 j =13/2+  (   i13/2)  0.69     47.2743      0.0000     -0.0000
 j =13/2+  (   i13/2)  0.68     63.8616      0.0000     -0.0000
 j =13/2+  (   i13/2)  0.64     93.6986      0.0000     -0.0000
 j =13/2-  (   j13/2)  0.97     11.6104      0.0000     -0.0000
 j =13/2-  (   j13/2)  0.52     21.4892      0.0000     -0.0000
 j =13/2-  (   j13/2)  0.83     31.0222      0.0000     -0.0000
 j =13/2-  (   j13/2)  0.78     42.6624      0.0000     -0.0000
 j =13/2-  (   j13/2)  0.73     58.9669      0.0000     -0.0000
 j =13/2-  (   j13/2)  0.65     86.3248      0.0000     -0.0000
 j =15/2+  (   k15/2)  0.93     21.0004      0.0000     -0.0000
 j =15/2+  (   k15/2)  0.50     23.4309      0.0000     -0.0000
 j =15/2+  (   k15/2)  0.80     35.1788      0.0000     -0.0000
 j =15/2+  (   k15/2)  0.73     48.3090      0.0000     -0.0000
 j =15/2+  (   k15/2)  0.72     64.3619      0.0000     -0.0000
 j =15/2+  (   k15/2)  0.65     92.2629      0.0000     -0.0000
 j =15/2-  (   j15/2)  0.97      3.9954      0.0000     -0.0000
 j =15/2-  (   j15/2)  0.50     21.2829      0.0000     -0.0000
 j =15/2-  (   j15/2)  0.82     29.3198      0.0000     -0.0000
 j =15/2-  (   j15/2)  0.78     41.0028      0.0000     -0.0000
 j =15/2-  (   j15/2)  0.73     56.7141      0.0000     -0.0000
 j =15/2-  (   j15/2)  0.65     84.0771      0.0000     -0.0000
 j =17/2+  (   k17/2)  0.96     13.0704      0.0000     -0.0000
 j =17/2+  (   k17/2)  0.53     22.9915      0.0000     -0.0000
 j =17/2+  (   k17/2)  0.81     33.6689      0.0000     -0.0000
 j =17/2+  (   k17/2)  0.77     46.1737      0.0000     -0.0000
 j =17/2+  (   k17/2)  0.73     61.6789      0.0000     -0.0000
 j =17/2+  (   k17/2)  0.64     89.5271      0.0000     -0.0000
 j =17/2-  (   l17/2)  0.53     26.3958      0.0000     -0.0000
 j =17/2-  (   l17/2)  0.85     30.9857      0.0000     -0.0000
 j =17/2-  (   l17/2)  0.79     43.1709      0.0000     -0.0000
 j =17/2-  (   l17/2)  0.75     58.9015      0.0000     -0.0000
 j =17/2-  (   l17/2)  0.68     82.7081      0.0000     -0.0000
 j =19/2+  (   m19/2)  0.57     28.5208      0.0000     -0.0000
 j =19/2+  (   m19/2)  0.91     37.9060      0.0000     -0.0000
 j =19/2+  (   m19/2)  0.79     47.5892      0.0000     -0.0000
 j =19/2+  (   m19/2)  0.74     64.4967      0.0000     -0.0000
 j =19/2+  (   m19/2)  0.65     89.0204      0.0000     -0.0000
 j =19/2-  (   l19/2)  0.96     21.9270      0.0000     -0.0000
 j =19/2-  (   l19/2)  0.57     26.9364      0.0000     -0.0000
 j =19/2-  (   l19/2)  0.76     41.3540      0.0000     -0.0000
 j =19/2-  (   l19/2)  0.76     55.2877      0.0000     -0.0000
 j =19/2-  (   l19/2)  0.69     79.2600      0.0000     -0.0000
 j =21/2+  (   m21/2)  0.55     28.3234      0.0000     -0.0000
 j =21/2+  (   m21/2)  0.83     31.0891      0.0000     -0.0000
 j =21/2+  (   m21/2)  0.78     44.7257      0.0000     -0.0000
 j =21/2+  (   m21/2)  0.76     60.3601      0.0000     -0.0000
 j =21/2+  (   m21/2)  0.68     84.5475      0.0000     -0.0000
 j =21/2-  (   n21/2)  0.58     33.4647      0.0000     -0.0000
 j =21/2-  (   n21/2)  0.87     46.2914      0.0000     -0.0000
 j =21/2-  (   n21/2)  0.77     57.5124      0.0000     -0.0000
 j =21/2-  (   n21/2)  0.70     81.0926      0.0000     -0.0000
 j =23/2+  (   o23/2)  0.60     35.6223      0.0000     -0.0000
 j =23/2+  (   o23/2)  0.84     50.9986      0.0000     -0.0000
 j =23/2+  (   o23/2)  0.76     63.2169      0.0000     -0.0000
 j =23/2+  (   o23/2)  0.68     86.8501      0.0000     -0.0000
 j =23/2-  (   n23/2)  0.57     33.1277      0.0000     -0.0000
 j =23/2-  (   n23/2)  0.80     40.7942      0.0000     -0.0000
 j =23/2-  (   n23/2)  0.68     52.9152      0.0000     -0.0000
 j =23/2-  (   n23/2)  0.75     74.3132      0.0000     -0.0000
 j =25/2+  (   o25/2)  0.59     35.4902      0.0000     -0.0000
 j =25/2+  (   o25/2)  0.88     47.8183      0.0000     -0.0000
 j =25/2+  (   o25/2)  0.75     57.3395      0.0000     -0.0000
 j =25/2+  (   o25/2)  0.74     78.8180      0.0000     -0.0000
 j =25/2-  (   P25/2)  0.67     42.2790      0.0000     -0.0000
 j =25/2-  (   P25/2)  0.80     60.2785      0.0000     -0.0000
 j =25/2-  (   P25/2)  0.73     77.3325      0.0000     -0.0000
 j =27/2+  (   q27/2)  0.68     44.6322      0.0000     -0.0000
 j =27/2+  (   q27/2)  0.80     64.6268      0.0000     -0.0000
 j =27/2+  (   q27/2)  0.70     82.9679      0.0000     -0.0000
 j =27/2-  (   P27/2)  0.63     42.0245      0.0000     -0.0000
 j =27/2-  (   P27/2)  0.78     57.0951      0.0000     -0.0000
 j =27/2-  (   P27/2)  0.81     68.2533      0.0000     -0.0000
 j =29/2+  (   q29/2)  0.65     44.4303      0.0000     -0.0000
 j =29/2+  (   q29/2)  0.81     63.1113      0.0000     -0.0000
 j =29/2+  (   q29/2)  0.76     73.8080      0.0000     -0.0000
 j =29/2-  (   r29/2)  0.76     53.8267      0.0000     -0.0000
 j =29/2-  (   r29/2)  0.75     76.8312      0.0000     -0.0000
 j =31/2+  (   S31/2)  0.76     56.4738      0.0000     -0.0000
 j =31/2+  (   S31/2)  0.75     81.7965      0.0000     -0.0000
 j =31/2-  (   r31/2)  0.74     53.6061      0.0000     -0.0000
 j =31/2-  (   r31/2)  0.74     72.3050      0.0000     -0.0000
 j =33/2+  (   S33/2)  0.75     56.2879      0.0000     -0.0000
 j =33/2+  (   S33/2)  0.74     78.3998      0.0000     -0.0000
 j =33/2-  (   t33/2)  0.98     70.3613      0.0000     -0.0000
 j =35/2+  (   u35/2)  0.98     73.5943      0.0000     -0.0000
 j =35/2-  (   t35/2)  0.98     69.6271      0.0000     -0.0000
 j =37/2+  (   u37/2)  0.98     73.0888      0.0000     -0.0000
  ****** END CANON **********************************
  ****** BEGIN RESU *********************************
   ****** BEGIN EXPECT *******

                            neutron        proton         total
 particle number           146.000000      82.000000     228.000000
 trace scalar density      139.270978      79.016472     218.287450
 lambda                     -3.156381     -10.577886
 spk                        16.773302       0.000004
 rms-Radius                  5.931040       5.621746       5.821695
 charge-Radius                              5.678382
 Particle Energ          -3299.440163   -2103.848240   -5403.288403
 Selfconsistency Test.                                     0.000000

 Kinetic Energy           2100.668197     915.456628    3016.124826
 E-scsc                                               -34088.050215
 E-scve                                                28397.328789
 E-vesc                                                    0.000000
 E-veve                                                  182.978798
 E-rearrang.                                             990.163627
 Coulomb direct                                          802.954201
 Pairing Energy            -18.558863       0.000000     -18.558863
 Sum without E-cm                                      -1707.222466
DE-cm <P**2>/2M            -12.910897      -5.637225     -18.548122
NE-cm <P**2>/2M              9.667156       3.566401      13.233557
 E-cm <P**2>/2M             -3.243740      -2.070824      -5.314564
 Total Energy                                          -1712.537030
 E/A                                                      -7.511127

  ****** END EXPECT *********************************


 quasi-particle properties Neutron:
 ------------------------------------------------------------------
     p/h    l j     [nr,l,j]  smax       Eqp       uu       vv
   1  p   1s 1/2   ( 4s  1/2) 0.88     2.707     0.983     0.017
   2  p   2s 1/2   ( 6s  1/2) 0.48     7.623     0.998     0.002
   3  p   3s 1/2   ( 5s  1/2) 0.68    16.069     0.909     0.091
   4  h   4s 1/2   ( 3s  1/2) 0.91    16.811     0.094     0.906
   5  p   5s 1/2   ( 6s  1/2) 0.59    28.392     1.000     0.000
   6  h   6s 1/2   ( 2s  1/2) 0.90    39.357     0.001     0.999
   7  p   7s 1/2   ( 7s  1/2) 0.54    42.976     1.000     0.000
   8  h   8s 1/2   ( 1s  1/2) 0.93    56.875     0.000     1.000
   9  p   9s 1/2   ( 8s  1/2) 0.62    61.708     1.000     0.000
  10  p  10s 1/2   ( 9s  1/2) 0.64    92.010     1.000     0.000
  11  h   1p 1/2   ( 3p  1/2) 0.94     5.852     0.067     0.933
  12  p   2p 1/2   ( 4p  1/2) 0.57     6.265     0.944     0.056
  13  p   3p 1/2   ( 4p  1/2) 0.72    12.932     0.999     0.001
  14  p   4p 1/2   ( 5p  1/2) 0.70    23.539     0.999     0.001
  15  h   5p 1/2   ( 2p  1/2) 0.94    28.572     0.001     0.999
  16  p   6p 1/2   ( 6p  1/2) 0.63    37.797     1.000     0.000
  17  h   7p 1/2   ( 1p  1/2) 0.96    50.325     0.000     1.000
  18  p   8p 1/2   ( 7p  1/2) 0.66    55.681     1.000     0.000
  19  p   9p 1/2   ( 8p  1/2) 0.64    84.917     1.000     0.000
  20  p   1d 3/2   ( 3d  3/2) 0.92     2.873     0.978     0.022
  21  p   2d 3/2   ( 5d  3/2) 0.49     8.064     0.998     0.002
  22  p   3d 3/2   ( 4d  3/2) 0.71    16.565     0.979     0.021
  23  h   4d 3/2   ( 2d  3/2) 0.96    17.886     0.024     0.976
  24  p   5d 3/2   ( 5d  3/2) 0.60    28.584     1.000     0.000
  25  h   6d 3/2   ( 1d  3/2) 0.97    42.251     0.008     0.992
  26  p   7d 3/2   ( 6d  3/2) 0.54    43.247     0.993     0.007
  27  p   8d 3/2   ( 7d  3/2) 0.62    61.929     1.000     0.000
  28  p   9d 3/2   ( 8d  3/2) 0.64    92.302     1.000     0.000
  29  p   1p 3/2   ( 4p  3/2) 0.59     6.140     0.977     0.023
  30  h   2p 3/2   ( 3p  3/2) 0.95     6.661     0.032     0.968
  31  p   3p 3/2   ( 4p  3/2) 0.71    12.660     0.999     0.001
  32  p   4p 3/2   ( 5p  3/2) 0.71    23.283     0.999     0.001
  33  h   5p 3/2   ( 2p  3/2) 0.93    29.387     0.001     0.999
  34  p   6p 3/2   ( 6p  3/2) 0.63    37.466     1.000     0.000
  35  h   7p 3/2   ( 1p  3/2) 0.95    50.675     0.000     1.000
  36  p   8p 3/2   ( 7p  3/2) 0.65    55.225     1.000     0.000
  37  p   9p 3/2   ( 8p  3/2) 0.64    84.579     1.000     0.000
  38  p   1d 5/2   ( 3d  5/2) 0.92     2.182     0.959     0.041
  39  p   2d 5/2   ( 5d  5/2) 0.50     7.857     0.999     0.001
  40  p   3d 5/2   ( 4d  5/2) 0.72    16.220     0.997     0.003
  41  h   4d 5/2   ( 2d  5/2) 0.95    19.369     0.005     0.995
  42  p   5d 5/2   ( 5d  5/2) 0.61    28.180     1.000     0.000
  43  p   6d 5/2   ( 6d  5/2) 0.55    42.644     0.978     0.022
  44  h   7d 5/2   ( 1d  5/2) 0.96    43.268     0.022     0.978
  45  p   8d 5/2   ( 7d  5/2) 0.62    61.170     1.000     0.000
  46  p   9d 5/2   ( 8d  5/2) 0.64    91.692     1.000     0.000
  47  p   1f 5/2   ( 3f  5/2) 0.65     7.301     0.999     0.001
  48  h   2f 5/2   ( 2f  5/2) 0.98     7.507     0.010     0.990
  49  p   3f 5/2   ( 3f  5/2) 0.70    12.970     0.998     0.002
  50  p   4f 5/2   ( 4f  5/2) 0.74    23.277     1.000     0.000
  51  h   5f 5/2   ( 1f  5/2) 0.98    32.997     0.001     0.999
  52  p   6f 5/2   ( 5f  5/2) 0.66    37.655     1.000     0.000
  53  p   7f 5/2   ( 6f  5/2) 0.67    55.321     1.000     0.000
  54  p   8f 5/2   ( 7f  5/2) 0.64    84.279     1.000     0.000
  55  p   1g 7/2   ( 2g  7/2) 0.94     2.283     0.929     0.071
  56  p   2g 7/2   ( 4g  7/2) 0.49     9.310     0.999     0.001
  57  p   3g 7/2   ( 3g  7/2) 0.75    17.292     1.000     0.000
  58  h   4g 7/2   ( 1g  7/2) 0.98    22.885     0.002     0.998
  59  p   5g 7/2   ( 4g  7/2) 0.66    28.318     1.000     0.000
  60  p   6g 7/2   ( 5g  7/2) 0.59    42.716     1.000     0.000
  61  p   7g 7/2   ( 6g  7/2) 0.64    61.294     1.000     0.000
  62  p   8g 7/2   ( 7g  7/2) 0.64    90.898     1.000     0.000
  63  p   1f 7/2   ( 3f  7/2) 0.69     7.066     0.999     0.001
  64  h   2f 7/2   ( 2f  7/2) 0.97     9.619     0.009     0.991
  65  p   3f 7/2   ( 3f  7/2) 0.66    12.338     0.996     0.004
  66  p   4f 7/2   ( 4f  7/2) 0.74    22.778     1.000     0.000
  67  h   5f 7/2   ( 1f  7/2) 0.98    34.985     0.002     0.998
  68  p   6f 7/2   ( 5f  7/2) 0.66    36.945     0.999     0.001
  69  p   7f 7/2   ( 6f  7/2) 0.67    54.285     1.000     0.000
  70  p   8f 7/2   ( 7f  7/2) 0.64    83.441     1.000     0.000
  71  h   1g 9/2   ( 2g  9/2) 0.80     1.238     0.340     0.660
  72  p   2g 9/2   ( 4g  9/2) 0.50     9.107     1.000     0.000
  73  p   3g 9/2   ( 3g  9/2) 0.75    16.628     1.000     0.000
  74  h   4g 9/2   ( 1g  9/2) 0.98    26.157     0.004     0.996
  75  p   5g 9/2   ( 4g  9/2) 0.68    27.584     0.997     0.003
  76  p   6g 9/2   ( 5g  9/2) 0.60    41.825     1.000     0.000
  77  p   7g 9/2   ( 6g  9/2) 0.64    59.995     1.000     0.000
  78  p   8g 9/2   ( 7g  9/2) 0.64    89.957     1.000     0.000
  79  p   1h 9/2   ( 2h  9/2) 0.82     8.925     0.996     0.004
  80  h   2h 9/2   ( 1h  9/2) 0.95    12.249     0.062     0.938
  81  p   3h 9/2   ( 2h  9/2) 0.52    13.153     0.943     0.057
  82  p   4h 9/2   ( 3h  9/2) 0.76    23.632     1.000     0.000
  83  p   5h 9/2   ( 4h  9/2) 0.69    37.593     1.000     0.000
  84  p   6h 9/2   ( 5h  9/2) 0.69    54.633     1.000     0.000
  85  p   7h 9/2   ( 6h  9/2) 0.64    82.504     1.000     0.000
  86  h   1i11/2   ( 1i 11/2) 0.92     1.994     0.115     0.885
  87  p   2i11/2   ( 2i 11/2) 0.50    11.899     1.000     0.000
  88  p   3i11/2   ( 2i 11/2) 0.79    18.127     1.000     0.000
  89  p   4i11/2   ( 3i 11/2) 0.73    27.909     1.000     0.000
  90  p   5i11/2   ( 4i 11/2) 0.64    42.557     1.000     0.000
  91  p   6i11/2   ( 5i 11/2) 0.66    60.752     1.000     0.000
  92  p   7i11/2   ( 6i 11/2) 0.65    89.170     1.000     0.000
  93  p   1h11/2   ( 2h 11/2) 0.93     7.512     0.997     0.003
  94  p   2h11/2   ( 4h 11/2) 0.52    12.112     0.999     0.001
  95  h   3h11/2   ( 1h 11/2) 0.98    17.048     0.004     0.996
  96  p   4h11/2   ( 3h 11/2) 0.76    22.748     0.999     0.001
  97  p   5h11/2   ( 4h 11/2) 0.71    36.402     1.000     0.000
  98  p   6h11/2   ( 5h 11/2) 0.69    52.976     1.000     0.000
  99  p   7h11/2   ( 6h 11/2) 0.64    81.357     1.000     0.000
 100  h   1i13/2   ( 1i 13/2) 0.98     7.861     0.008     0.992
 101  p   2i13/2   ( 2i 13/2) 0.58    11.647     1.000     0.000
 102  p   3i13/2   ( 2i 13/2) 0.76    16.619     0.999     0.001
 103  p   4i13/2   ( 3i 13/2) 0.76    26.591     1.000     0.000
 104  p   5i13/2   ( 4i 13/2) 0.66    41.129     1.000     0.000
 105  p   6i13/2   ( 5i 13/2) 0.67    58.586     1.000     0.000
 106  p   7i13/2   ( 6i 13/2) 0.64    87.734     1.000     0.000
 107  p   1j13/2   ( 1j 13/2) 0.97     8.684     0.996     0.004
 108  p   2j13/2   ( 3j 13/2) 0.51    15.061     1.000     0.000
 109  p   3j13/2   ( 2j 13/2) 0.79    24.602     1.000     0.000
 110  p   4j13/2   ( 3j 13/2) 0.75    36.929     1.000     0.000
 111  p   5j13/2   ( 4j 13/2) 0.72    53.744     1.000     0.000
 112  p   6j13/2   ( 5j 13/2) 0.64    81.041     1.000     0.000
 113  p   1k15/2   ( 1k 15/2) 0.61    15.909     1.000     0.000
 114  p   2k15/2   ( 1k 15/2) 0.76    18.901     0.999     0.001
 115  p   3k15/2   ( 2k 15/2) 0.78    28.835     1.000     0.000
 116  p   4k15/2   ( 3k 15/2) 0.69    42.364     1.000     0.000
 117  p   5k15/2   ( 4k 15/2) 0.70    59.263     1.000     0.000
 118  p   6k15/2   ( 5k 15/2) 0.65    87.364     1.000     0.000
 119  p   1j15/2   ( 1j 15/2) 0.92     1.848     0.880     0.120
 120  p   2j15/2   ( 2j 15/2) 0.53    14.714     1.000     0.000
 121  p   3j15/2   ( 2j 15/2) 0.79    23.166     1.000     0.000
 122  p   4j15/2   ( 3j 15/2) 0.76    35.125     1.000     0.000
 123  p   5j15/2   ( 4j 15/2) 0.72    51.227     1.000     0.000
 124  p   6j15/2   ( 6j 15/2) 0.65    78.820     1.000     0.000
 125  p   1k17/2   ( 1k 17/2) 0.97    10.305     0.997     0.003
 126  p   2k17/2   ( 3k 17/2) 0.52    16.781     1.000     0.000
 127  p   3k17/2   ( 2k 17/2) 0.79    27.131     1.000     0.000
 128  p   4k17/2   ( 3k 17/2) 0.74    40.245     1.000     0.000
 129  p   5k17/2   ( 4k 17/2) 0.71    56.288     1.000     0.000
 130  p   6k17/2   ( 5k 17/2) 0.64    84.595     1.000     0.000
 131  p   1l17/2   ( 3l 17/2) 0.54    19.867     1.000     0.000
 132  p   2l17/2   ( 1l 17/2) 0.86    26.778     1.000     0.000
 133  p   3l17/2   ( 2l 17/2) 0.78    37.229     1.000     0.000
 134  p   4l17/2   ( 3l 17/2) 0.74    53.625     1.000     0.000
 135  p   5l17/2   ( 5l 17/2) 0.67    78.028     1.000     0.000
 136  p   1m19/2   ( 3m 19/2) 0.57    22.156     1.000     0.000
 137  p   2m19/2   ( 1m 19/2) 0.84    32.201     1.000     0.000
 138  p   3m19/2   ( 2m 19/2) 0.73    42.517     1.000     0.000
 139  p   4m19/2   ( 3m 19/2) 0.71    59.397     1.000     0.000
 140  p   5m19/2   ( 4m 19/2) 0.65    84.412     1.000     0.000
 141  p   1l19/2   ( 1l 19/2) 0.90    18.144     1.000     0.000
 142  p   2l19/2   ( 2l 19/2) 0.56    21.190     1.000     0.000
 143  p   3l19/2   ( 2l 19/2) 0.76    34.633     1.000     0.000
 144  p   4l19/2   ( 3l 19/2) 0.75    49.779     1.000     0.000
 145  p   5l19/2   ( 5l 19/2) 0.68    74.443     1.000     0.000
 146  p   1m21/2   ( 3m 21/2) 0.55    21.988     1.000     0.000
 147  p   2m21/2   ( 1m 21/2) 0.88    27.269     1.000     0.000
 148  p   3m21/2   ( 2m 21/2) 0.79    38.450     1.000     0.000
 149  p   4m21/2   ( 3m 21/2) 0.75    54.674     1.000     0.000
 150  p   5m21/2   ( 5m 21/2) 0.67    79.858     1.000     0.000
 151  p   1n21/2   ( 2n 21/2) 0.59    26.837     1.000     0.000
 152  p   2n21/2   ( 1n 21/2) 0.83    39.796     1.000     0.000
 153  p   3n21/2   ( 2n 21/2) 0.75    53.118     1.000     0.000
 154  p   4n21/2   ( 4n 21/2) 0.68    76.820     1.000     0.000
 155  p   1o23/2   ( 2o 23/2) 0.60    29.224     1.000     0.000
 156  p   2o23/2   ( 1o 23/2) 0.80    43.797     1.000     0.000
 157  p   3o23/2   ( 2o 23/2) 0.73    58.564     1.000     0.000
 158  p   4o23/2   ( 4o 23/2) 0.66    83.057     1.000     0.000
 159  p   1n23/2   ( 3n 23/2) 0.56    26.584     1.000     0.000
 160  p   2n23/2   ( 1n 23/2) 0.84    35.989     1.000     0.000
 161  p   3n23/2   ( 2n 23/2) 0.73    47.132     1.000     0.000
 162  p   4n23/2   ( 4n 23/2) 0.74    69.676     1.000     0.000
 163  p   1o25/2   ( 2o 25/2) 0.58    29.110     1.000     0.000
 164  p   2o25/2   ( 1o 25/2) 0.86    41.733     1.000     0.000
 165  p   3o25/2   ( 2o 25/2) 0.77    52.257     1.000     0.000
 166  p   4o25/2   ( 4o 25/2) 0.73    74.316     1.000     0.000
 167  p   1P25/2   ( 2P 25/2) 0.68    35.477     1.000     0.000
 168  p   2P25/2   ( 1P 25/2) 0.78    53.164     1.000     0.000
 169  p   3P25/2   ( 3P 25/2) 0.71    74.076     1.000     0.000
 170  p   1q27/2   ( 2q 27/2) 0.68    38.073     1.000     0.000
 171  p   2q27/2   ( 1q 27/2) 0.78    57.097     1.000     0.000
 172  p   3q27/2   ( 3q 27/2) 0.69    79.339     1.000     0.000
 173  p   1P27/2   ( 2P 27/2) 0.65    35.289     1.000     0.000
 174  p   2P27/2   ( 1P 27/2) 0.79    50.674     1.000     0.000
 175  p   3P27/2   ( 3P 27/2) 0.79    64.149     1.000     0.000
 176  p   1q29/2   ( 2q 29/2) 0.66    37.925     1.000     0.000
 177  p   2q29/2   ( 1q 29/2) 0.79    55.758     1.000     0.000
 178  p   3q29/2   ( 3q 29/2) 0.74    69.839     1.000     0.000
 179  p   1r29/2   ( 1r 29/2) 0.78    46.722     1.000     0.000
 180  p   2r29/2   ( 2r 29/2) 0.77    70.727     1.000     0.000
 181  p   1S31/2   ( 1S 31/2) 0.77    49.590     1.000     0.000
 182  p   2S31/2   ( 2S 31/2) 0.77    75.107     1.000     0.000
 183  p   1r31/2   ( 1r 31/2) 0.77    46.549     1.000     0.000
 184  p   2r31/2   ( 2r 31/2) 0.76    66.075     1.000     0.000
 185  p   1S33/2   ( 1S 33/2) 0.76    49.448     1.000     0.000
 186  p   2S33/2   ( 2S 33/2) 0.76    71.609     1.000     0.000
 187  p   1t33/2   ( 1t 33/2) 0.98    62.929     1.000     0.000
 188  p   1u35/2   ( 1u 35/2) 0.98    66.239     1.000     0.000
 189  p   1t35/2   ( 1t 35/2) 0.98    62.196     1.000     0.000
 190  p   1u37/2   ( 1u 37/2) 0.98    65.743     1.000     0.000


 quasi-particle properties Proton: 
 ------------------------------------------------------------------
     p/h    l j     [nr,l,j]  smax       Eqp       uu       vv
   1  h   1s 1/2   ( 3s  1/2) 0.92     1.134     0.000     1.000
   2  p   2s 1/2   ( 4s  1/2) 0.90    19.881     1.000     0.000
   3  h   3s 1/2   ( 2s  1/2) 0.83    22.916     0.000     1.000
   4  p   4s 1/2   ( 6s  1/2) 0.49    24.232     1.000     0.000
   5  p   5s 1/2   ( 5s  1/2) 0.72    33.210     1.000     0.000
   6  h   6s 1/2   ( 1s  1/2) 0.89    40.081     0.000     1.000
   7  p   7s 1/2   ( 6s  1/2) 0.59    45.643     1.000     0.000
   8  p   8s 1/2   ( 7s  1/2) 0.53    60.098     1.000     0.000
   9  p   9s 1/2   ( 8s  1/2) 0.60    78.359     1.000     0.000
  11  p   1p 1/2   ( 3p  1/2) 0.95     9.797     1.000     0.000
  12  h   2p 1/2   ( 2p  1/2) 0.90    12.783     0.000     1.000
  13  p   3p 1/2   ( 4p  1/2) 0.54    23.559     1.000     0.000
  14  p   4p 1/2   ( 4p  1/2) 0.76    29.759     1.000     0.000
  15  h   5p 1/2   ( 1p  1/2) 0.93    34.382     0.000     1.000
  16  p   6p 1/2   ( 5p  1/2) 0.72    40.495     1.000     0.000
  17  p   7p 1/2   ( 6p  1/2) 0.63    54.853     1.000     0.000
  18  p   8p 1/2   ( 7p  1/2) 0.65    72.141     1.000     0.000
  20  h   1d 3/2   ( 2d  3/2) 0.95     2.693     0.000     1.000
  21  p   2d 3/2   ( 3d  3/2) 0.95    19.350     1.000     0.000
  22  p   3d 3/2   ( 5d  3/2) 0.49    24.668     1.000     0.000
  23  h   4d 3/2   ( 1d  3/2) 0.96    26.975     0.000     1.000
  24  p   5d 3/2   ( 4d  3/2) 0.74    33.510     1.000     0.000
  25  p   6d 3/2   ( 5d  3/2) 0.62    45.528     1.000     0.000
  26  p   7d 3/2   ( 6d  3/2) 0.55    60.011     1.000     0.000
  27  p   8d 3/2   ( 7d  3/2) 0.62    78.231     1.000     0.000
  29  p   1p 3/2   ( 3p  3/2) 0.95     9.048     1.000     0.000
  30  h   2p 3/2   ( 2p  3/2) 0.89    13.648     0.000     1.000
  31  p   3p 3/2   ( 4p  3/2) 0.55    23.490     1.000     0.000
  32  p   4p 3/2   ( 4p  3/2) 0.75    29.436     1.000     0.000
  33  h   5p 3/2   ( 1p  3/2) 0.92    34.873     0.000     1.000
  34  p   6p 3/2   ( 5p  3/2) 0.72    40.238     1.000     0.000
  35  p   7p 3/2   ( 6p  3/2) 0.64    54.517     1.000     0.000
  36  p   8p 3/2   ( 7p  3/2) 0.65    71.677     1.000     0.000
  38  h   1d 5/2   ( 2d  5/2) 0.93     4.244     0.000     1.000
  39  p   2d 5/2   ( 3d  5/2) 0.95    18.551     1.000     0.000
  40  p   3d 5/2   ( 5d  5/2) 0.50    24.552     1.000     0.000
  41  h   4d 5/2   ( 1d  5/2) 0.95    28.195     0.000     1.000
  42  p   5d 5/2   ( 4d  5/2) 0.75    33.178     1.000     0.000
  43  p   6d 5/2   ( 5d  5/2) 0.63    45.119     1.000     0.000
  44  p   7d 5/2   ( 6d  5/2) 0.56    59.455     1.000     0.000
  45  p   8d 5/2   ( 7d  5/2) 0.62    77.498     1.000     0.000
  47  p   1f 5/2   ( 2f  5/2) 0.97     7.309     1.000     0.000
  48  h   2f 5/2   ( 1f  5/2) 0.98    18.252     0.000     1.000
  49  p   3f 5/2   ( 3f  5/2) 0.62    24.697     1.000     0.000
  50  p   4f 5/2   ( 3f  5/2) 0.74    29.503     1.000     0.000
  51  p   5f 5/2   ( 4f  5/2) 0.75    40.212     1.000     0.000
  52  p   6f 5/2   ( 5f  5/2) 0.67    54.581     1.000     0.000
  53  p   7f 5/2   ( 6f  5/2) 0.67    71.567     1.000     0.000
  55  h   1g 7/2   ( 1g  7/2) 0.98     8.608     0.000     1.000
  56  p   2g 7/2   ( 2g  7/2) 0.98    16.908     1.000     0.000
  57  p   3g 7/2   ( 5g  7/2) 0.48    26.168     1.000     0.000
  58  p   4g 7/2   ( 3g  7/2) 0.78    34.240     1.000     0.000
  59  p   5g 7/2   ( 4g  7/2) 0.68    45.060     1.000     0.000
  60  p   6g 7/2   ( 5g  7/2) 0.61    59.540     1.000     0.000
  61  p   7g 7/2   ( 6g  7/2) 0.64    77.502     1.000     0.000
  63  p   1f 7/2   ( 2f  7/2) 0.96     5.174     1.000     0.000
  64  h   2f 7/2   ( 1f  7/2) 0.97    20.530     0.000     1.000
  65  p   3f 7/2   ( 3f  7/2) 0.67    24.467     1.000     0.000
  66  p   4f 7/2   ( 3f  7/2) 0.69    28.779     1.000     0.000
  67  p   5f 7/2   ( 4f  7/2) 0.75    39.778     1.000     0.000
  68  p   6f 7/2   ( 5f  7/2) 0.68    53.921     1.000     0.000
  69  p   7f 7/2   ( 6f  7/2) 0.67    70.595     1.000     0.000
  71  h   1g 9/2   ( 1g  9/2) 0.98    12.210     0.000     1.000
  72  p   2g 9/2   ( 2g  9/2) 0.97    14.497     1.000     0.000
  73  p   3g 9/2   ( 5g  9/2) 0.47    26.062     1.000     0.000
  74  p   4g 9/2   ( 3g  9/2) 0.79    33.528     1.000     0.000
  75  p   5g 9/2   ( 4g  9/2) 0.70    44.281     1.000     0.000
  76  p   6g 9/2   ( 5g  9/2) 0.62    58.710     1.000     0.000
  77  p   7g 9/2   ( 6g  9/2) 0.64    76.273     1.000     0.000
  79  p   1h 9/2   ( 1h  9/2) 0.98     1.593     1.000     0.000
  80  p   2h 9/2   ( 2h  9/2) 0.92    25.378     1.000     0.000
  81  p   3h 9/2   ( 4h  9/2) 0.50    29.129     1.000     0.000
  82  p   4h 9/2   ( 3h  9/2) 0.78    40.486     1.000     0.000
  83  p   5h 9/2   ( 4h  9/2) 0.72    54.303     1.000     0.000
  84  p   6h 9/2   ( 5h  9/2) 0.70    70.696     1.000     0.000
  85  p   7h 9/2   ( 6h  9/2) 0.64    99.313     1.000     0.000
  86  p   1i11/2   ( 1i 11/2) 0.97    11.982     1.000     0.000
  87  p   2i11/2   ( 4i 11/2) 0.48    28.970     1.000     0.000
  88  p   3i11/2   ( 2i 11/2) 0.84    34.464     1.000     0.000
  89  p   4i11/2   ( 3i 11/2) 0.77    44.196     1.000     0.000
  90  p   5i11/2   ( 4i 11/2) 0.67    59.171     1.000     0.000
  91  p   6i11/2   ( 5i 11/2) 0.68    76.526     1.000     0.000
  93  h   1h11/2   ( 1h 11/2) 0.98     3.481     0.000     1.000
  94  p   2h11/2   ( 2h 11/2) 0.97    23.380     1.000     0.000
  95  p   3h11/2   ( 4h 11/2) 0.53    28.612     1.000     0.000
  96  p   4h11/2   ( 3h 11/2) 0.78    39.697     1.000     0.000
  97  p   5h11/2   ( 4h 11/2) 0.73    53.107     1.000     0.000
  98  p   6h11/2   ( 5h 11/2) 0.70    69.108     1.000     0.000
  99  p   7h11/2   ( 6h 11/2) 0.64    98.221     1.000     0.000
 100  p   1i13/2   ( 1i 13/2) 0.98     5.467     1.000     0.000
 101  p   2i13/2   ( 2i 13/2) 0.56    28.739     1.000     0.000
 102  p   3i13/2   ( 2i 13/2) 0.79    32.628     1.000     0.000
 103  p   4i13/2   ( 3i 13/2) 0.78    43.078     1.000     0.000
 104  p   5i13/2   ( 4i 13/2) 0.69    57.852     1.000     0.000
 105  p   6i13/2   ( 5i 13/2) 0.68    74.440     1.000     0.000
 107  p   1j13/2   ( 1j 13/2) 0.97    22.188     1.000     0.000
 108  p   2j13/2   ( 4j 13/2) 0.52    32.067     1.000     0.000
 109  p   3j13/2   ( 2j 13/2) 0.83    41.600     1.000     0.000
 110  p   4j13/2   ( 3j 13/2) 0.78    53.240     1.000     0.000
 111  p   5j13/2   ( 4j 13/2) 0.73    69.545     1.000     0.000
 112  p   6j13/2   ( 6j 13/2) 0.65    96.903     1.000     0.000
 113  p   1k15/2   ( 1k 15/2) 0.93    31.578     1.000     0.000
 114  p   2k15/2   ( 4k 15/2) 0.50    34.009     1.000     0.000
 115  p   3k15/2   ( 2k 15/2) 0.80    45.757     1.000     0.000
 116  p   4k15/2   ( 3k 15/2) 0.73    58.887     1.000     0.000
 117  p   5k15/2   ( 4k 15/2) 0.72    74.940     1.000     0.000
 119  p   1j15/2   ( 1j 15/2) 0.97    14.573     1.000     0.000
 120  p   2j15/2   ( 4j 15/2) 0.50    31.861     1.000     0.000
 121  p   3j15/2   ( 2j 15/2) 0.82    39.898     1.000     0.000
 122  p   4j15/2   ( 3j 15/2) 0.78    51.581     1.000     0.000
 123  p   5j15/2   ( 4j 15/2) 0.73    67.292     1.000     0.000
 124  p   6j15/2   ( 6j 15/2) 0.65    94.655     1.000     0.000
 125  p   1k17/2   ( 1k 17/2) 0.96    23.648     1.000     0.000
 126  p   2k17/2   ( 4k 17/2) 0.53    33.569     1.000     0.000
 127  p   3k17/2   ( 2k 17/2) 0.81    44.247     1.000     0.000
 128  p   4k17/2   ( 3k 17/2) 0.77    56.752     1.000     0.000
 129  p   5k17/2   ( 4k 17/2) 0.73    72.257     1.000     0.000
 131  p   1l17/2   ( 3l 17/2) 0.53    36.974     1.000     0.000
 132  p   2l17/2   ( 1l 17/2) 0.85    41.564     1.000     0.000
 133  p   3l17/2   ( 2l 17/2) 0.79    53.749     1.000     0.000
 134  p   4l17/2   ( 3l 17/2) 0.75    69.479     1.000     0.000
 135  p   5l17/2   ( 5l 17/2) 0.68    93.286     1.000     0.000
 136  p   1m19/2   ( 3m 19/2) 0.57    39.099     1.000     0.000
 137  p   2m19/2   ( 1m 19/2) 0.91    48.484     1.000     0.000
 138  p   3m19/2   ( 2m 19/2) 0.79    58.167     1.000     0.000
 139  p   4m19/2   ( 3m 19/2) 0.74    75.075     1.000     0.000
 140  p   5m19/2   ( 4m 19/2) 0.65    99.598     1.000     0.000
 141  p   1l19/2   ( 1l 19/2) 0.96    32.505     1.000     0.000
 142  p   2l19/2   ( 2l 19/2) 0.57    37.514     1.000     0.000
 143  p   3l19/2   ( 2l 19/2) 0.76    51.932     1.000     0.000
 144  p   4l19/2   ( 3l 19/2) 0.76    65.866     1.000     0.000
 145  p   5l19/2   ( 5l 19/2) 0.69    89.838     1.000     0.000
 146  p   1m21/2   ( 3m 21/2) 0.55    38.901     1.000     0.000
 147  p   2m21/2   ( 1m 21/2) 0.83    41.667     1.000     0.000
 148  p   3m21/2   ( 2m 21/2) 0.78    55.304     1.000     0.000
 149  p   4m21/2   ( 3m 21/2) 0.76    70.938     1.000     0.000
 150  p   5m21/2   ( 5m 21/2) 0.68    95.125     1.000     0.000
 151  p   1n21/2   ( 3n 21/2) 0.58    44.043     1.000     0.000
 152  p   2n21/2   ( 1n 21/2) 0.87    56.869     1.000     0.000
 153  p   3n21/2   ( 2n 21/2) 0.77    68.090     1.000     0.000
 154  p   4n21/2   ( 4n 21/2) 0.70    91.670     1.000     0.000
 155  p   1o23/2   ( 3o 23/2) 0.60    46.200     1.000     0.000
 156  p   2o23/2   ( 1o 23/2) 0.84    61.576     1.000     0.000
 157  p   3o23/2   ( 2o 23/2) 0.76    73.795     1.000     0.000
 158  p   4o23/2   ( 4o 23/2) 0.68    97.428     1.000     0.000
 159  p   1n23/2   ( 3n 23/2) 0.57    43.706     1.000     0.000
 160  p   2n23/2   ( 1n 23/2) 0.80    51.372     1.000     0.000
 161  p   3n23/2   ( 2n 23/2) 0.68    63.493     1.000     0.000
 162  p   4n23/2   ( 4n 23/2) 0.75    84.891     1.000     0.000
 163  p   1o25/2   ( 3o 25/2) 0.59    46.068     1.000     0.000
 164  p   2o25/2   ( 1o 25/2) 0.88    58.396     1.000     0.000
 165  p   3o25/2   ( 2o 25/2) 0.75    67.917     1.000     0.000
 166  p   4o25/2   ( 4o 25/2) 0.74    89.396     1.000     0.000
 167  p   1P25/2   ( 2P 25/2) 0.67    52.857     1.000     0.000
 168  p   2P25/2   ( 1P 25/2) 0.80    70.856     1.000     0.000
 169  p   3P25/2   ( 3P 25/2) 0.73    87.910     1.000     0.000
 170  p   1q27/2   ( 2q 27/2) 0.68    55.210     1.000     0.000
 171  p   2q27/2   ( 1q 27/2) 0.80    75.205     1.000     0.000
 172  p   3q27/2   ( 3q 27/2) 0.70    93.546     1.000     0.000
 173  p   1P27/2   ( 2P 27/2) 0.63    52.602     1.000     0.000
 174  p   2P27/2   ( 1P 27/2) 0.78    67.673     1.000     0.000
 175  p   3P27/2   ( 3P 27/2) 0.81    78.831     1.000     0.000
 176  p   1q29/2   ( 2q 29/2) 0.65    55.008     1.000     0.000
 177  p   2q29/2   ( 1q 29/2) 0.81    73.689     1.000     0.000
 178  p   3q29/2   ( 3q 29/2) 0.76    84.386     1.000     0.000
 179  p   1r29/2   ( 1r 29/2) 0.76    64.405     1.000     0.000
 180  p   2r29/2   ( 2r 29/2) 0.75    87.409     1.000     0.000
 181  p   1S31/2   ( 1S 31/2) 0.76    67.052     1.000     0.000
 182  p   2S31/2   ( 2S 31/2) 0.75    92.374     1.000     0.000
 183  p   1r31/2   ( 1r 31/2) 0.74    64.184     1.000     0.000
 184  p   2r31/2   ( 2r 31/2) 0.74    82.883     1.000     0.000
 185  p   1S33/2   ( 1S 33/2) 0.75    66.866     1.000     0.000
 186  p   2S33/2   ( 2S 33/2) 0.74    88.978     1.000     0.000
 187  p   1t33/2   ( 1t 33/2) 0.98    80.939     1.000     0.000
 188  p   1u35/2   ( 1u 35/2) 0.98    84.172     1.000     0.000
 189  p   1t35/2   ( 1t 35/2) 0.98    80.205     1.000     0.000
 190  p   1u37/2   ( 1u 37/2) 0.98    83.667     1.000     0.000
  ****** END RESU ***********************************
