
  ******************************************  
  *           Fortran 77 Code              *  
  *         Spherical H.O. basis            *  
  * Dirac-Hartree-Bogoliubov calculation   *  
  *        with density-dependent          *  
  * meson-exchange or point coupling force *  
  *          and separable pairing         *  
  * -------------------------------------- *  
  *      Niksic, Paar, Vretenar, Ring      *  
  *          18/ 4/2026/01:52:13           *
  *       Pb 230  N = 148  Z =  82
  ******************************************  
  ****** BEGIN READER *******************************
 Number of oscillator shells :    18   20
 Initialization inin,inink   :     1    1
 Nucleus: Pb 230   148  82
 Initial Gap Parameters      :     1.0000    1.0000
 Parameter set               :    DD-PC1    
  ****** END READER *********************************
  ****** BEGIN FORCES *******************************

 NEDF Parameters: DD-PC1    
           scasca    scavec    vecsca    vecvec
 GG   =   1.000000  1.000000  1.000000  1.000000
 DD   =  -0.814900  0.000000  0.000000  0.000000
  
 Density dependence parameters:
           scasca    scavec    vecsca    vecvec
 a    = -10.046200  5.919500  0.000000  0.000000
 b    =  -9.150400  8.863700  0.000000  1.836000
 c    =  -6.427300  0.000000  0.000000  0.000000
 d    =   1.372400  0.658400  0.000000  0.640300
 dsat =   0.152000
  
 TMR pairing: Tian,Ma,Ring, PRB 676, 44 (2009)
 TMR pairing strength    gl =:  -728.00000 [MeV*fm^3]
 TMR pairing width        a =:     0.64420 [fm]
  ****** END FORCES *********************************
  ****** BEGIN PREP *********************************
  
 hom =                            6.691774
 hb0 =                           20.734000
 b0  =                            2.489350
 with Coulomb force
 With microscopic c.m. correction
  ****** END PREP ***********************************
  ****** BEGIN ITER *********************************
  1.It. si =    0.0000000  E/A =    0.0000 R =    0.0000  mix = 0.50
  2.It. si =   95.1233349  E/A =   -7.3740 R =    5.9857  mix = 0.50
  3.It. si =   46.4899651  E/A =   -7.4073 R =    5.9583  mix = 0.50
  4.It. si =   12.1721142  E/A =   -7.4271 R =    5.9262  mix = 0.50
  5.It. si =   15.5702479  E/A =   -7.4425 R =    5.8977  mix = 0.50
  6.It. si =   12.5438329  E/A =   -7.4471 R =    5.8807  mix = 0.50
  7.It. si =    1.7797333  E/A =   -7.4502 R =    5.8489  mix = 0.50
  8.It. si =    0.8528840  E/A =   -7.4502 R =    5.8474  mix = 0.50
  9.It. si =    0.3193882  E/A =   -7.4498 R =    5.8466  mix = 0.50
 10.It. si =    0.6296409  E/A =   -7.4498 R =    5.8472  mix = 0.50
 11.It. si =    0.5814433  E/A =   -7.4498 R =    5.8472  mix = 0.50
 12.It. si =    0.0948487  E/A =   -7.4498 R =    5.8460  mix = 0.50
 13.It. si =    0.0883977  E/A =   -7.4497 R =    5.8451  mix = 0.50
 14.It. si =    0.0366208  E/A =   -7.4497 R =    5.8443  mix = 0.50
 15.It. si =    0.0439672  E/A =   -7.4496 R =    5.8440  mix = 0.50
 16.It. si =    0.0857957  E/A =   -7.4496 R =    5.8437  mix = 0.50
 17.It. si =    0.0140353  E/A =   -7.4496 R =    5.8437  mix = 0.50
 18.It. si =    0.1244390  E/A =   -7.4496 R =    5.8434  mix = 0.50
 19.It. si =    0.1027894  E/A =   -7.4496 R =    5.8435  mix = 0.50
 20.It. si =    0.0650562  E/A =   -7.4496 R =    5.8435  mix = 0.50
 21.It. si =    0.0455929  E/A =   -7.4496 R =    5.8435  mix = 0.50
 22.It. si =    0.0291933  E/A =   -7.4496 R =    5.8435  mix = 0.50
 23.It. si =    0.0168297  E/A =   -7.4496 R =    5.8435  mix = 0.50
 24.It. si =    0.0083929  E/A =   -7.4496 R =    5.8435  mix = 0.50
 25.It. si =    0.0037105  E/A =   -7.4496 R =    5.8435  mix = 0.50
 26.It. si =    0.0028435  E/A =   -7.4496 R =    5.8435  mix = 0.50
 27.It. si =    0.0027246  E/A =   -7.4496 R =    5.8435  mix = 0.50
 28.It. si =    0.0025948  E/A =   -7.4496 R =    5.8435  mix = 0.50
 29.It. si =    0.0064414  E/A =   -7.4496 R =    5.8435  mix = 0.50
 30.It. si =    0.0042813  E/A =   -7.4496 R =    5.8435  mix = 0.50
 31.It. si =    0.0025219  E/A =   -7.4496 R =    5.8435  mix = 0.50
 32.It. si =    0.0015074  E/A =   -7.4496 R =    5.8435  mix = 0.50
 33.It. si =    0.0015044  E/A =   -7.4496 R =    5.8435  mix = 0.50
 34.It. si =    0.0160371  E/A =   -7.4496 R =    5.8434  mix = 0.50
 35.It. si =    0.0147980  E/A =   -7.4496 R =    5.8434  mix = 0.50
 36.It. si =    0.0145505  E/A =   -7.4496 R =    5.8434  mix = 0.50
 37.It. si =    0.0035058  E/A =   -7.4496 R =    5.8434  mix = 0.50
 38.It. si =    0.0015577  E/A =   -7.4496 R =    5.8434  mix = 0.50
 39.It. si =    0.0027277  E/A =   -7.4496 R =    5.8434  mix = 0.50
 40.It. si =    0.0001714  E/A =   -7.4496 R =    5.8434  mix = 0.50
 41.It. si =    0.0002086  E/A =   -7.4496 R =    5.8434  mix = 0.50
 42.It. si =    0.0000078  E/A =   -7.4496 R =    5.8434  mix = 0.50
 43.It. si =    0.0000282  E/A =   -7.4496 R =    5.8434  mix = 0.50
 44.It. si =    0.0000130  E/A =   -7.4496 R =    5.8434  mix = 0.50
 45.It. si =    0.0000014  E/A =   -7.4496 R =    5.8434  mix = 0.50
 46.It. si =    0.0000031  E/A =   -7.4496 R =    5.8434  mix = 0.50
 ********************************************************************
 Pb 230: Iteration converged after  46 steps   si =      0.0000003921
 ********************************************************************
  ****** END ITER ***********************************
  ****** BEGIN CANON ********************************
 single-particle energies and gaps  in the canonical basis: Neutron:
 ------------------------------------------------------------------
    j pi     (nr,l,j)  smax       Ecan       vvcan       decan
 j = 1/2+  (   s 1/2)  0.95    -52.8215      0.9998      1.2299
 j = 1/2+  (   s 1/2)  0.94    -47.5680      0.9997      1.6377
 j = 1/2+  (   s 1/2)  0.98    -21.8307      0.9981      1.6423
 j = 1/2+  (   s 1/2)  0.96     -0.2434      0.0237      0.8839
 j = 1/2+  (   s 1/2)  0.93     11.7047      0.0003      0.4946
 j = 1/2+  (   s 1/2)  0.78     22.8568      0.0000      0.0217
 j = 1/2+  (   s 1/2)  0.92     24.2392      0.0001      0.3985
 j = 1/2+  (   s 1/2)  0.92     39.6965      0.0000      0.2672
 j = 1/2+  (   s 1/2)  0.92     55.4795      0.0000      0.1680
 j = 1/2+  (   s 1/2)  0.78     73.9700      0.0000      0.1024
 j = 1/2-  (   p 1/2)  0.98    -49.8728      0.9998      1.4408
 j = 1/2-  (   p 1/2)  0.97    -34.6662      0.9994      1.5382
 j = 1/2-  (   p 1/2)  0.98     -9.5715      0.9886      1.4236
 j = 1/2-  (   p 1/2)  0.96      7.8857      0.0009      0.6378
 j = 1/2-  (   p 1/2)  0.94     18.5489      0.0001      0.4340
 j = 1/2-  (   p 1/2)  0.85     32.3774      0.0000      0.0326
 j = 1/2-  (   p 1/2)  0.92     33.2944      0.0000      0.3003
 j = 1/2-  (   p 1/2)  0.94     46.1373      0.0000      0.1832
 j = 1/2-  (   p 1/2)  0.83     62.2329      0.0000      0.1228
 j = 3/2+  (   d 3/2)  0.99    -44.1565      0.9997      1.5076
 j = 3/2+  (   d 3/2)  0.98    -22.2288      0.9983      1.5679
 j = 3/2+  (   d 3/2)  0.97     -0.2378      0.0297      1.0010
 j = 3/2+  (   d 3/2)  0.95     13.0638      0.0003      0.5197
 j = 3/2+  (   d 3/2)  0.78     22.3986      0.0000      0.0201
 j = 3/2+  (   d 3/2)  0.93     25.3424      0.0000      0.3934
 j = 3/2+  (   d 3/2)  0.92     40.0193      0.0000      0.2514
 j = 3/2+  (   d 3/2)  0.92     53.8804      0.0000      0.1503
 j = 3/2+  (   d 3/2)  0.78     75.1573      0.0000      0.0948
 j = 3/2-  (   p 3/2)  0.98    -49.9524      0.9998      1.4456
 j = 3/2-  (   p 3/2)  0.97    -35.5680      0.9994      1.5459
 j = 3/2-  (   p 3/2)  0.98    -10.4979      0.9912      1.4272
 j = 3/2-  (   p 3/2)  0.96      7.5178      0.0009      0.6411
 j = 3/2-  (   p 3/2)  0.94     18.2808      0.0001      0.4248
 j = 3/2-  (   p 3/2)  0.85     32.1684      0.0000      0.0325
 j = 3/2-  (   p 3/2)  0.93     32.9934      0.0000      0.2990
 j = 3/2-  (   p 3/2)  0.94     45.8990      0.0000      0.1821
 j = 3/2-  (   p 3/2)  0.83     61.9135      0.0000      0.1223
 j = 5/2+  (   d 5/2)  0.99    -44.9386      0.9997      1.5271
 j = 5/2+  (   d 5/2)  0.98    -23.9019      0.9986      1.5906
 j = 5/2+  (   d 5/2)  0.97     -1.1252      0.0560      0.9782
 j = 5/2+  (   d 5/2)  0.94     12.4678      0.0003      0.5127
 j = 5/2+  (   d 5/2)  0.78     22.5873      0.0000      0.0205
 j = 5/2+  (   d 5/2)  0.93     24.3635      0.0001      0.3908
 j = 5/2+  (   d 5/2)  0.92     39.3619      0.0000      0.2515
 j = 5/2+  (   d 5/2)  0.92     53.4368      0.0000      0.1509
 j = 5/2+  (   d 5/2)  0.77     74.9671      0.0000      0.0954
 j = 5/2-  (   f 5/2)  0.98    -35.7816      0.9995      1.4834
 j = 5/2-  (   f 5/2)  0.98    -10.9982      0.9918      1.4628
 j = 5/2-  (   f 5/2)  0.97      8.1812      0.0012      0.7648
 j = 5/2-  (   f 5/2)  0.79     20.1322      0.0000      0.0252
 j = 5/2-  (   f 5/2)  0.96     20.2730      0.0001      0.4659
 j = 5/2-  (   f 5/2)  0.94     34.3877      0.0000      0.3142
 j = 5/2-  (   f 5/2)  0.91     47.7425      0.0000      0.1867
 j = 5/2-  (   f 5/2)  0.80     69.6612      0.0000      0.1196
 j = 7/2+  (   g 7/2)  0.98    -26.0459      0.9990      1.4663
 j = 7/2+  (   g 7/2)  0.98     -1.2574      0.0907      1.2325
 j = 7/2+  (   g 7/2)  0.97     15.2089      0.0003      0.5860
 j = 7/2+  (   g 7/2)  0.79     20.5235      0.0000      0.0174
 j = 7/2+  (   g 7/2)  0.96     26.9211      0.0000      0.4118
 j = 7/2+  (   g 7/2)  0.91     41.6758      0.0000      0.2600
 j = 7/2+  (   g 7/2)  0.83     58.3122      0.0000      0.1640
 j = 7/2+  (   g 7/2)  0.82     66.6066      0.0000      0.0862
 j = 7/2-  (   f 7/2)  0.98    -37.5617      0.9995      1.5130
 j = 7/2-  (   f 7/2)  0.98    -13.3069      0.9950      1.4715
 j = 7/2-  (   f 7/2)  0.97      7.1605      0.0014      0.7603
 j = 7/2-  (   f 7/2)  0.96     19.6730      0.0001      0.4517
 j = 7/2-  (   f 7/2)  0.79     20.0002      0.0000      0.0251
 j = 7/2-  (   f 7/2)  0.94     33.5380      0.0000      0.3113
 j = 7/2-  (   f 7/2)  0.91     47.1819      0.0000      0.1853
 j = 7/2-  (   f 7/2)  0.80     68.9671      0.0000      0.1190
 j = 9/2+  (   g 9/2)  0.98    -29.2864      0.9992      1.5173
 j = 9/2+  (   g 9/2)  0.98     -3.6693      0.7380      1.2117
 j = 9/2+  (   g 9/2)  0.96     14.2263      0.0003      0.5916
 j = 9/2+  (   g 9/2)  0.79     20.5362      0.0000      0.0177
 j = 9/2+  (   g 9/2)  0.96     25.6102      0.0000      0.3966
 j = 9/2+  (   g 9/2)  0.91     40.7457      0.0000      0.2577
 j = 9/2+  (   g 9/2)  0.83     57.5842      0.0000      0.1632
 j = 9/2+  (   g 9/2)  0.82     65.9718      0.0000      0.0859
 j = 9/2-  (   h 9/2)  0.98    -15.4813      0.9970      1.3841
 j = 9/2-  (   h 9/2)  0.97      7.5915      0.0024      1.0369
 j = 9/2-  (   h 9/2)  0.79     19.0743      0.0000      0.0220
 j = 9/2-  (   h 9/2)  0.95     22.7499      0.0001      0.5086
 j = 9/2-  (   h 9/2)  0.91     35.9411      0.0000      0.3236
 j = 9/2-  (   h 9/2)  0.83     51.6588      0.0000      0.2002
 j = 9/2-  (   h 9/2)  0.83     62.9733      0.0000      0.1114
 j =11/2+  (   i11/2)  0.98     -4.8424      0.9076      1.2995
 j =11/2+  (   i11/2)  0.95     16.2817      0.0004      0.8121
 j =11/2+  (   i11/2)  0.78     19.2066      0.0000      0.0146
 j =11/2+  (   i11/2)  0.91     30.3131      0.0000      0.4478
 j =11/2+  (   i11/2)  0.84     43.7029      0.0000      0.2624
 j =11/2+  (   i11/2)  0.84     59.0930      0.0000      0.0731
 j =11/2+  (   i11/2)  0.69     61.3512      0.0000      0.1642
 j =11/2-  (   h11/2)  0.98    -20.2001      0.9982      1.4444
 j =11/2-  (   h11/2)  0.97      5.0324      0.0039      1.0052
 j =11/2-  (   h11/2)  0.79     18.9942      0.0000      0.0221
 j =11/2-  (   h11/2)  0.95     21.4067      0.0001      0.5062
 j =11/2-  (   h11/2)  0.91     34.2136      0.0000      0.3172
 j =11/2-  (   h11/2)  0.83     50.9268      0.0000      0.1994
 j =11/2-  (   h11/2)  0.83     62.2204      0.0000      0.1112
 j =13/2+  (   i13/2)  0.98    -11.0037      0.9930      1.3478
 j =13/2+  (   i13/2)  0.95     13.5732      0.0006      0.8016
 j =13/2+  (   i13/2)  0.78     19.0425      0.0000      0.0146
 j =13/2+  (   i13/2)  0.90     28.9916      0.0000      0.4380
 j =13/2+  (   i13/2)  0.82     41.9050      0.0000      0.2567
 j =13/2+  (   i13/2)  0.84     58.1559      0.0000      0.0722
 j =13/2+  (   i13/2)  0.68     60.2394      0.0000      0.1627
 j =13/2-  (   j13/2)  0.98      5.5821      0.0050      1.2244
 j =13/2-  (   j13/2)  0.77     19.4557      0.0000      0.0203
 j =13/2-  (   j13/2)  0.93     24.1894      0.0001      0.6038
 j =13/2-  (   j13/2)  0.84     38.1652      0.0000      0.3703
 j =13/2-  (   j13/2)  0.71     54.0160      0.0000      0.2174
 j =13/2-  (   j13/2)  0.85     58.1847      0.0000      0.1014
 j =15/2+  (   k15/2)  0.97     15.4051      0.0009      1.0897
 j =15/2+  (   k15/2)  0.75     20.1383      0.0000      0.0139
 j =15/2+  (   k15/2)  0.90     32.4299      0.0000      0.4860
 j =15/2+  (   k15/2)  0.75     47.2838      0.0000      0.2985
 j =15/2+  (   k15/2)  0.84     54.4808      0.0000      0.0665
 j =15/2+  (   k15/2)  0.59     62.3146      0.0000      0.1792
 j =15/2-  (   j15/2)  0.98     -1.8661      0.1593      1.2326
 j =15/2-  (   j15/2)  0.77     19.3578      0.0000      0.0205
 j =15/2-  (   j15/2)  0.92     21.6622      0.0002      0.6231
 j =15/2-  (   j15/2)  0.84     35.6545      0.0000      0.3624
 j =15/2-  (   j15/2)  0.71     52.6214      0.0000      0.2187
 j =15/2-  (   j15/2)  0.85     56.7721      0.0000      0.1003
 j =17/2+  (   k17/2)  0.96      7.1982      0.0029      1.1056
 j =17/2+  (   k17/2)  0.75     20.0505      0.0000      0.0140
 j =17/2+  (   k17/2)  0.89     29.2435      0.0001      0.4950
 j =17/2+  (   k17/2)  0.75     44.5709      0.0000      0.2934
 j =17/2+  (   k17/2)  0.83     53.1799      0.0000      0.0657
 j =17/2+  (   k17/2)  0.59     60.6492      0.0000      0.1793
 j =17/2-  (   l17/2)  0.76     21.7239      0.0000      0.0207
 j =17/2-  (   l17/2)  0.95     24.6882      0.0003      0.9412
 j =17/2-  (   l17/2)  0.85     40.2732      0.0000      0.3975
 j =17/2-  (   l17/2)  0.85     54.5536      0.0000      0.0998
 j =17/2-  (   l17/2)  0.65     57.1573      0.0000      0.2408
 j =19/2+  (   m19/2)  0.75     23.2020      0.0000      0.0145
 j =19/2+  (   m19/2)  0.91     33.7620      0.0001      0.8005
 j =19/2+  (   m19/2)  0.76     48.4462      0.0000      0.3287
 j =19/2+  (   m19/2)  0.83     53.8677      0.0000      0.0674
 j =19/2+  (   m19/2)  0.61     64.1611      0.0000      0.1881
 j =19/2-  (   l19/2)  0.94     16.0912      0.0006      0.9608
 j =19/2-  (   l19/2)  0.76     21.6226      0.0000      0.0209
 j =19/2-  (   l19/2)  0.83     36.5056      0.0000      0.3991
 j =19/2-  (   l19/2)  0.85     52.9230      0.0000      0.0986
 j =19/2-  (   l19/2)  0.63     54.0366      0.0000      0.2381
 j =21/2+  (   m21/2)  0.75     23.1226      0.0000      0.0147
 j =21/2+  (   m21/2)  0.90     24.9988      0.0002      0.8186
 j =21/2+  (   m21/2)  0.73     44.1816      0.0000      0.3289
 j =21/2+  (   m21/2)  0.83     52.4488      0.0000      0.0665
 j =21/2+  (   m21/2)  0.61     60.3685      0.0000      0.1858
 j =21/2-  (   n21/2)  0.76     26.1681      0.0000      0.0230
 j =21/2-  (   n21/2)  0.87     42.3162      0.0001      0.6601
 j =21/2-  (   n21/2)  0.85     56.6889      0.0000      0.1053
 j =21/2-  (   n21/2)  0.64     57.6288      0.0000      0.2760
 j =23/2+  (   o23/2)  0.75     28.1138      0.0000      0.0163
 j =23/2+  (   o23/2)  0.82     51.4354      0.0000      0.5456
 j =23/2+  (   o23/2)  0.82     56.4199      0.0000      0.0730
 j =23/2+  (   o23/2)  0.60     64.8389      0.0000      0.2262
 j =23/2-  (   n23/2)  0.76     26.0273      0.0000      0.0234
 j =23/2-  (   n23/2)  0.86     33.8115      0.0001      0.6752
 j =23/2-  (   n23/2)  0.61     52.2579      0.0000      0.2755
 j =23/2-  (   n23/2)  0.85     53.6535      0.0000      0.1025
 j =25/2+  (   o25/2)  0.75     28.0382      0.0000      0.0165
 j =25/2+  (   o25/2)  0.80     42.8303      0.0000      0.5593
 j =25/2+  (   o25/2)  0.82     54.0119      0.0000      0.0716
 j =25/2+  (   o25/2)  0.60     58.8076      0.0000      0.2239
 j =25/2-  (   P25/2)  0.68     34.9858      0.0000      0.0253
 j =25/2-  (   P25/2)  0.66     57.0240      0.0000      0.1358
 j =25/2-  (   P25/2)  0.75     60.2101      0.0000      0.4473
 j =27/2+  (   q27/2)  0.77     35.4722      0.0000      0.0200
 j =27/2+  (   q27/2)  0.80     60.6350      0.0000      0.0954
 j =27/2+  (   q27/2)  0.69     68.0151      0.0000      0.3563
 j =27/2-  (   P27/2)  0.69     34.6093      0.0000      0.0252
 j =27/2-  (   P27/2)  0.73     51.4650      0.0000      0.4569
 j =27/2-  (   P27/2)  0.66     53.6359      0.0000      0.1332
 j =29/2+  (   q29/2)  0.77     35.4209      0.0000      0.0201
 j =29/2+  (   q29/2)  0.79     57.9350      0.0000      0.0939
 j =29/2+  (   q29/2)  0.68     59.8569      0.0000      0.3625
 j =29/2-  (   r29/2)  0.72     44.0073      0.0000      0.0353
 j =29/2-  (   r29/2)  0.72     66.4421      0.0000      0.2244
 j =31/2+  (   S31/2)  0.70     46.6465      0.0000      0.0251
 j =31/2+  (   S31/2)  0.69     71.0095      0.0000      0.1614
 j =31/2-  (   r31/2)  0.71     43.5721      0.0000      0.0352
 j =31/2-  (   r31/2)  0.71     62.0748      0.0000      0.2259
 j =33/2+  (   S33/2)  0.70     46.3427      0.0000      0.0250
 j =33/2+  (   S33/2)  0.70     67.6833      0.0000      0.1621
 j =33/2-  (   t33/2)  0.98     59.5965      0.0000      0.0626
 j =35/2+  (   u35/2)  0.98     62.9002      0.0000      0.0433
 j =35/2-  (   t35/2)  0.98     58.8481      0.0000      0.0627
 j =37/2+  (   u37/2)  0.98     62.3927      0.0000      0.0433
 single-particle energies and gaps  in the canonical basis: Proton: 
 ------------------------------------------------------------------
    j pi     (nr,l,j)  smax       Ecan       vvcan       decan
 j = 1/2+  (   s 1/2)  0.89    -50.8283      1.0000      0.0000
 j = 1/2+  (   s 1/2)  0.83    -33.7171      1.0000      0.0000
 j = 1/2+  (   s 1/2)  0.92    -12.0552      1.0000      0.0000
 j = 1/2+  (   s 1/2)  0.91      9.0141      0.0000      0.0000
 j = 1/2+  (   s 1/2)  0.49     13.5503      0.0000      0.0000
 j = 1/2+  (   s 1/2)  0.73     22.4645      0.0000      0.0000
 j = 1/2+  (   s 1/2)  0.59     34.7996      0.0000      0.0000
 j = 1/2+  (   s 1/2)  0.53     49.1915      0.0000      0.0000
 j = 1/2+  (   s 1/2)  0.60     67.3470      0.0000      0.0000
 j = 1/2+  (   s 1/2)  0.63     98.9514      0.0000      0.0000
 j = 1/2-  (   p 1/2)  0.93    -45.1818      1.0000      0.0000
 j = 1/2-  (   p 1/2)  0.90    -23.6918      1.0000      0.0000
 j = 1/2-  (   p 1/2)  0.95     -1.1630      0.0000      0.0000
 j = 1/2-  (   p 1/2)  0.55     12.9072      0.0000      0.0000
 j = 1/2-  (   p 1/2)  0.75     18.9454      0.0000      0.0000
 j = 1/2-  (   p 1/2)  0.72     29.6669      0.0000      0.0000
 j = 1/2-  (   p 1/2)  0.64     43.9682      0.0000      0.0000
 j = 1/2-  (   p 1/2)  0.65     61.1398      0.0000      0.0000
 j = 1/2-  (   p 1/2)  0.64     91.5104      0.0000      0.0000
 j = 3/2+  (   d 3/2)  0.96    -37.8154      1.0000      0.0000
 j = 3/2+  (   d 3/2)  0.95    -13.6633      1.0000      0.0000
 j = 3/2+  (   d 3/2)  0.95      8.4187      0.0000      0.0000
 j = 3/2+  (   d 3/2)  0.49     14.0120      0.0000      0.0000
 j = 3/2+  (   d 3/2)  0.75     22.7584      0.0000      0.0000
 j = 3/2+  (   d 3/2)  0.62     34.6715      0.0000      0.0000
 j = 3/2+  (   d 3/2)  0.56     49.0984      0.0000      0.0000
 j = 3/2+  (   d 3/2)  0.62     67.2127      0.0000      0.0000
 j = 3/2+  (   d 3/2)  0.64     98.3911      0.0000      0.0000
 j = 3/2-  (   p 3/2)  0.92    -45.6635      1.0000      0.0000
 j = 3/2-  (   p 3/2)  0.89    -24.5315      1.0000      0.0000
 j = 3/2-  (   p 3/2)  0.95     -1.8974      0.0000      0.0000
 j = 3/2-  (   p 3/2)  0.56     12.8359      0.0000      0.0000
 j = 3/2-  (   p 3/2)  0.75     18.6251      0.0000      0.0000
 j = 3/2-  (   p 3/2)  0.73     29.4203      0.0000      0.0000
 j = 3/2-  (   p 3/2)  0.64     43.6387      0.0000      0.0000
 j = 3/2-  (   p 3/2)  0.65     60.6861      0.0000      0.0000
 j = 3/2-  (   p 3/2)  0.63     91.1110      0.0000      0.0000
 j = 5/2+  (   d 5/2)  0.95    -39.0233      1.0000      0.0000
 j = 5/2+  (   d 5/2)  0.93    -15.1848      1.0000      0.0000
 j = 5/2+  (   d 5/2)  0.96      7.6217      0.0000      0.0000
 j = 5/2+  (   d 5/2)  0.50     13.9064      0.0000      0.0000
 j = 5/2+  (   d 5/2)  0.75     22.4316      0.0000      0.0000
 j = 5/2+  (   d 5/2)  0.64     34.2727      0.0000      0.0000
 j = 5/2+  (   d 5/2)  0.57     48.5584      0.0000      0.0000
 j = 5/2+  (   d 5/2)  0.62     66.4953      0.0000      0.0000
 j = 5/2+  (   d 5/2)  0.63     97.7570      0.0000      0.0000
 j = 5/2-  (   f 5/2)  0.98    -29.1381      1.0000      0.0000
 j = 5/2-  (   f 5/2)  0.97     -3.6878      0.0000      0.0000
 j = 5/2-  (   f 5/2)  0.64     14.0119      0.0000      0.0000
 j = 5/2-  (   f 5/2)  0.72     18.6568      0.0000      0.0000
 j = 5/2-  (   f 5/2)  0.76     29.4023      0.0000      0.0000
 j = 5/2-  (   f 5/2)  0.67     43.6916      0.0000      0.0000
 j = 5/2-  (   f 5/2)  0.67     60.5654      0.0000      0.0000
 j = 5/2-  (   f 5/2)  0.64     90.0719      0.0000      0.0000
 j = 7/2+  (   g 7/2)  0.98    -19.5446      1.0000      0.0000
 j = 7/2+  (   g 7/2)  0.98      5.9171      0.0000      0.0000
 j = 7/2+  (   g 7/2)  0.48     15.5336      0.0000      0.0000
 j = 7/2+  (   g 7/2)  0.79     23.4607      0.0000      0.0000
 j = 7/2+  (   g 7/2)  0.69     34.1913      0.0000      0.0000
 j = 7/2+  (   g 7/2)  0.61     48.6364      0.0000      0.0000
 j = 7/2+  (   g 7/2)  0.65     66.4875      0.0000      0.0000
 j = 7/2+  (   g 7/2)  0.64     96.6219      0.0000      0.0000
 j = 7/2-  (   f 7/2)  0.97    -31.3968      1.0000      0.0000
 j = 7/2-  (   f 7/2)  0.96     -5.8001      0.0000      0.0000
 j = 7/2-  (   f 7/2)  0.69     13.7611      0.0000      0.0000
 j = 7/2-  (   f 7/2)  0.67     17.9537      0.0000      0.0000
 j = 7/2-  (   f 7/2)  0.76     28.9849      0.0000      0.0000
 j = 7/2-  (   f 7/2)  0.68     43.0455      0.0000      0.0000
 j = 7/2-  (   f 7/2)  0.67     59.6160      0.0000      0.0000
 j = 7/2-  (   f 7/2)  0.64     89.3018      0.0000      0.0000
 j = 9/2+  (   g 9/2)  0.98    -23.1161      1.0000      0.0000
 j = 9/2+  (   g 9/2)  0.97      3.5084      0.0000      0.0000
 j = 9/2+  (   g 9/2)  0.47     15.4288      0.0000      0.0000
 j = 9/2+  (   g 9/2)  0.79     22.7430      0.0000      0.0000
 j = 9/2+  (   g 9/2)  0.71     33.4297      0.0000      0.0000
 j = 9/2+  (   g 9/2)  0.62     47.8274      0.0000      0.0000
 j = 9/2+  (   g 9/2)  0.64     65.2813      0.0000      0.0000
 j = 9/2+  (   g 9/2)  0.64     95.7977      0.0000      0.0000
 j = 9/2-  (   h 9/2)  0.98     -9.3941      0.0000      0.0000
 j = 9/2-  (   h 9/2)  0.94     14.4834      0.0000      0.0000
 j = 9/2-  (   h 9/2)  0.51     18.4186      0.0000      0.0000
 j = 9/2-  (   h 9/2)  0.78     29.7102      0.0000      0.0000
 j = 9/2-  (   h 9/2)  0.72     43.4031      0.0000      0.0000
 j = 9/2-  (   h 9/2)  0.70     59.7055      0.0000      0.0000
 j = 9/2-  (   h 9/2)  0.64     88.1642      0.0000      0.0000
 j =11/2+  (   i11/2)  0.97      0.9520      0.0000      0.0000
 j =11/2+  (   i11/2)  0.48     18.3201      0.0000      0.0000
 j =11/2+  (   i11/2)  0.84     23.5908      0.0000      0.0000
 j =11/2+  (   i11/2)  0.77     33.3875      0.0000      0.0000
 j =11/2+  (   i11/2)  0.67     48.2922      0.0000      0.0000
 j =11/2+  (   i11/2)  0.68     65.5236      0.0000      0.0000
 j =11/2+  (   i11/2)  0.64     94.5566      0.0000      0.0000
 j =11/2-  (   h11/2)  0.98    -14.4232      1.0000      0.0000
 j =11/2-  (   h11/2)  0.97     12.4207      0.0000      0.0000
 j =11/2-  (   h11/2)  0.53     17.9493      0.0000      0.0000
 j =11/2-  (   h11/2)  0.78     28.9226      0.0000      0.0000
 j =11/2-  (   h11/2)  0.73     42.2208      0.0000      0.0000
 j =11/2-  (   h11/2)  0.70     58.1437      0.0000      0.0000
 j =11/2-  (   h11/2)  0.64     87.1189      0.0000      0.0000
 j =13/2+  (   i13/2)  0.98     -5.5082      0.0000      0.0000
 j =13/2+  (   i13/2)  0.59     18.0591      0.0000      0.0000
 j =13/2+  (   i13/2)  0.77     21.7440      0.0000      0.0000
 j =13/2+  (   i13/2)  0.78     32.2908      0.0000      0.0000
 j =13/2+  (   i13/2)  0.69     46.9794      0.0000      0.0000
 j =13/2+  (   i13/2)  0.68     63.4590      0.0000      0.0000
 j =13/2+  (   i13/2)  0.64     93.1594      0.0000      0.0000
 j =13/2-  (   j13/2)  0.97     11.1344      0.0000      0.0000
 j =13/2-  (   j13/2)  0.52     21.4181      0.0000      0.0000
 j =13/2-  (   j13/2)  0.83     30.7689      0.0000      0.0000
 j =13/2-  (   j13/2)  0.78     42.3536      0.0000      0.0000
 j =13/2-  (   j13/2)  0.73     58.5983      0.0000      0.0000
 j =13/2-  (   j13/2)  0.65     85.7865      0.0000      0.0000
 j =15/2+  (   k15/2)  0.95     20.5863      0.0000      0.0000
 j =15/2+  (   k15/2)  0.51     23.3051      0.0000      0.0000
 j =15/2+  (   k15/2)  0.80     34.9770      0.0000      0.0000
 j =15/2+  (   k15/2)  0.73     47.9749      0.0000      0.0000
 j =15/2+  (   k15/2)  0.72     63.9668      0.0000      0.0000
 j =15/2+  (   k15/2)  0.65     91.7330      0.0000      0.0000
 j =15/2-  (   j15/2)  0.97      3.5702      0.0000      0.0000
 j =15/2-  (   j15/2)  0.50     21.2081      0.0000      0.0000
 j =15/2-  (   j15/2)  0.82     29.0367      0.0000      0.0000
 j =15/2-  (   j15/2)  0.78     40.7188      0.0000      0.0000
 j =15/2-  (   j15/2)  0.74     56.3575      0.0000      0.0000
 j =15/2-  (   j15/2)  0.65     83.5645      0.0000      0.0000
 j =17/2+  (   k17/2)  0.96     12.6262      0.0000      0.0000
 j =17/2+  (   k17/2)  0.53     22.9260      0.0000      0.0000
 j =17/2+  (   k17/2)  0.81     33.4643      0.0000      0.0000
 j =17/2+  (   k17/2)  0.77     45.8513      0.0000      0.0000
 j =17/2+  (   k17/2)  0.73     61.3096      0.0000      0.0000
 j =17/2+  (   k17/2)  0.64     89.0081      0.0000      0.0000
 j =17/2-  (   l17/2)  0.52     26.2810      0.0000      0.0000
 j =17/2-  (   l17/2)  0.84     30.5758      0.0000      0.0000
 j =17/2-  (   l17/2)  0.79     42.9278      0.0000      0.0000
 j =17/2-  (   l17/2)  0.75     58.4964      0.0000      0.0000
 j =17/2-  (   l17/2)  0.68     82.2101      0.0000      0.0000
 j =19/2+  (   m19/2)  0.57     28.4409      0.0000      0.0000
 j =19/2+  (   m19/2)  0.91     37.5605      0.0000      0.0000
 j =19/2+  (   m19/2)  0.79     47.2852      0.0000      0.0000
 j =19/2+  (   m19/2)  0.74     64.1049      0.0000      0.0000
 j =19/2+  (   m19/2)  0.65     88.4829      0.0000      0.0000
 j =19/2-  (   l19/2)  0.96     21.4814      0.0000      0.0000
 j =19/2-  (   l19/2)  0.57     26.8462      0.0000      0.0000
 j =19/2-  (   l19/2)  0.76     41.1427      0.0000      0.0000
 j =19/2-  (   l19/2)  0.76     54.9205      0.0000      0.0000
 j =19/2-  (   l19/2)  0.69     78.7774      0.0000      0.0000
 j =21/2+  (   m21/2)  0.54     28.2085      0.0000      0.0000
 j =21/2+  (   m21/2)  0.81     30.6747      0.0000      0.0000
 j =21/2+  (   m21/2)  0.78     44.5215      0.0000      0.0000
 j =21/2+  (   m21/2)  0.76     60.0121      0.0000      0.0000
 j =21/2+  (   m21/2)  0.68     84.0525      0.0000      0.0000
 j =21/2-  (   n21/2)  0.58     33.3671      0.0000      0.0000
 j =21/2-  (   n21/2)  0.87     45.9679      0.0000      0.0000
 j =21/2-  (   n21/2)  0.76     57.1391      0.0000      0.0000
 j =21/2-  (   n21/2)  0.70     80.5693      0.0000      0.0000
 j =23/2+  (   o23/2)  0.60     35.5251      0.0000      0.0000
 j =23/2+  (   o23/2)  0.84     50.7552      0.0000      0.0000
 j =23/2+  (   o23/2)  0.76     62.8045      0.0000      0.0000
 j =23/2+  (   o23/2)  0.69     86.3278      0.0000      0.0000
 j =23/2-  (   n23/2)  0.57     33.0072      0.0000      0.0000
 j =23/2-  (   n23/2)  0.80     40.3718      0.0000      0.0000
 j =23/2-  (   n23/2)  0.68     52.6553      0.0000      0.0000
 j =23/2-  (   n23/2)  0.75     73.8759      0.0000      0.0000
 j =25/2+  (   o25/2)  0.59     35.3885      0.0000      0.0000
 j =25/2+  (   o25/2)  0.88     47.4477      0.0000      0.0000
 j =25/2+  (   o25/2)  0.75     57.0178      0.0000      0.0000
 j =25/2+  (   o25/2)  0.74     78.3983      0.0000      0.0000
 j =25/2-  (   P25/2)  0.67     42.1607      0.0000      0.0000
 j =25/2-  (   P25/2)  0.80     59.9740      0.0000      0.0000
 j =25/2-  (   P25/2)  0.73     76.8439      0.0000      0.0000
 j =27/2+  (   q27/2)  0.68     44.5106      0.0000      0.0000
 j =27/2+  (   q27/2)  0.80     64.3642      0.0000      0.0000
 j =27/2+  (   q27/2)  0.70     82.4759      0.0000      0.0000
 j =27/2-  (   P27/2)  0.63     41.9011      0.0000      0.0000
 j =27/2-  (   P27/2)  0.78     56.6864      0.0000      0.0000
 j =27/2-  (   P27/2)  0.82     67.8695      0.0000      0.0000
 j =29/2+  (   q29/2)  0.65     44.3062      0.0000      0.0000
 j =29/2+  (   q29/2)  0.81     62.7845      0.0000      0.0000
 j =29/2+  (   q29/2)  0.76     73.3544      0.0000      0.0000
 j =29/2-  (   r29/2)  0.76     53.6726      0.0000      0.0000
 j =29/2-  (   r29/2)  0.75     76.4390      0.0000      0.0000
 j =31/2+  (   S31/2)  0.76     56.3166      0.0000      0.0000
 j =31/2+  (   S31/2)  0.75     81.4314      0.0000      0.0000
 j =31/2-  (   r31/2)  0.74     53.4494      0.0000      0.0000
 j =31/2-  (   r31/2)  0.74     71.8726      0.0000      0.0000
 j =33/2+  (   S33/2)  0.75     56.1284      0.0000      0.0000
 j =33/2+  (   S33/2)  0.74     77.9960      0.0000      0.0000
 j =33/2-  (   t33/2)  0.98     70.1318      0.0000      0.0000
 j =35/2+  (   u35/2)  0.98     73.3694      0.0000      0.0000
 j =35/2-  (   t35/2)  0.98     69.3835      0.0000      0.0000
 j =37/2+  (   u37/2)  0.98     72.8530      0.0000      0.0000
  ****** END CANON **********************************
  ****** BEGIN RESU *********************************
   ****** BEGIN EXPECT *******

                            neutron        proton         total
 particle number           148.000000      82.000000     230.000000
 trace scalar density      141.184957      79.029806     220.214762
 lambda                     -3.013601     -10.948828
 spk                        17.270621       0.000004
 rms-Radius                  5.955921       5.634744       5.843440
 charge-Radius                              5.691252
 Particle Energ          -3312.954292   -2129.491079   -5442.445372
 Selfconsistency Test.                                     0.000000

 Kinetic Energy           2136.081177     912.025687    3048.106864
 E-scsc                                               -34329.717790
 E-scve                                                28593.998814
 E-vesc                                                    0.000000
 E-veve                                                  192.495995
 E-rearrang.                                             993.726032
 Coulomb direct                                          801.083848
 Pairing Energy            -19.372105      -0.000000     -19.372105
 Sum without E-cm                                      -1713.404375
DE-cm <P**2>/2M            -12.988687      -5.563756     -18.552443
NE-cm <P**2>/2M              9.757512       3.517580      13.275092
 E-cm <P**2>/2M             -3.231175      -2.046176      -5.277351
 Total Energy                                          -1718.681725
 E/A                                                      -7.472529

  ****** END EXPECT *********************************


 quasi-particle properties Neutron:
 ------------------------------------------------------------------
     p/h    l j     [nr,l,j]  smax       Eqp       uu       vv
   1  p   1s 1/2   ( 4s  1/2) 0.89     2.492     0.978     0.022
   2  p   2s 1/2   ( 6s  1/2) 0.48     7.435     0.998     0.002
   3  p   3s 1/2   ( 5s  1/2) 0.70    15.880     0.963     0.037
   4  h   4s 1/2   ( 3s  1/2) 0.93    16.993     0.040     0.960
   5  p   5s 1/2   ( 6s  1/2) 0.59    28.123     1.000     0.000
   6  h   6s 1/2   ( 2s  1/2) 0.90    39.460     0.001     0.999
   7  p   7s 1/2   ( 7s  1/2) 0.54    42.657     0.999     0.001
   8  h   8s 1/2   ( 1s  1/2) 0.93    56.893     0.000     1.000
   9  p   9s 1/2   ( 8s  1/2) 0.62    61.337     1.000     0.000
  10  p  10s 1/2   ( 9s  1/2) 0.64    91.512     1.000     0.000
  11  p   1p 1/2   ( 4p  1/2) 0.47     6.001     0.648     0.352
  12  h   2p 1/2   ( 3p  1/2) 0.78     6.189     0.364     0.636
  13  p   3p 1/2   ( 4p  1/2) 0.71    12.700     0.999     0.001
  14  p   4p 1/2   ( 5p  1/2) 0.71    23.275     0.999     0.001
  15  h   5p 1/2   ( 2p  1/2) 0.94    28.767     0.001     0.999
  16  p   6p 1/2   ( 6p  1/2) 0.63    37.493     1.000     0.000
  17  h   7p 1/2   ( 1p  1/2) 0.96    50.388     0.000     1.000
  18  p   8p 1/2   ( 7p  1/2) 0.66    55.318     1.000     0.000
  19  p   9p 1/2   ( 8p  1/2) 0.64    84.428     1.000     0.000
  20  p   1d 3/2   ( 3d  3/2) 0.92     2.646     0.971     0.029
  21  p   2d 3/2   ( 5d  3/2) 0.49     7.882     0.998     0.002
  22  p   3d 3/2   ( 4d  3/2) 0.72    16.354     0.989     0.011
  23  h   4d 3/2   ( 2d  3/2) 0.96    18.120     0.014     0.986
  24  p   5d 3/2   ( 5d  3/2) 0.60    28.308     1.000     0.000
  25  h   6d 3/2   ( 1d  3/2) 0.97    42.349     0.020     0.980
  26  p   7d 3/2   ( 6d  3/2) 0.54    42.924     0.981     0.019
  27  p   8d 3/2   ( 7d  3/2) 0.62    61.552     1.000     0.000
  28  p   9d 3/2   ( 8d  3/2) 0.64    91.787     1.000     0.000
  29  p   1p 3/2   ( 4p  3/2) 0.60     5.973     0.993     0.007
  30  h   2p 3/2   ( 3p  3/2) 0.96     6.890     0.016     0.984
  31  p   3p 3/2   ( 4p  3/2) 0.71    12.432     0.999     0.001
  32  p   4p 3/2   ( 5p  3/2) 0.71    23.027     0.999     0.001
  33  h   5p 3/2   ( 2p  3/2) 0.93    29.554     0.001     0.999
  34  p   6p 3/2   ( 6p  3/2) 0.64    37.168     1.000     0.000
  35  h   7p 3/2   ( 1p  3/2) 0.95    50.727     0.000     1.000
  36  p   8p 3/2   ( 7p  3/2) 0.66    54.871     1.000     0.000
  37  p   9p 3/2   ( 8p  3/2) 0.64    84.106     1.000     0.000
  38  p   1d 5/2   ( 3d  5/2) 0.92     1.974     0.945     0.055
  39  p   2d 5/2   ( 5d  5/2) 0.51     7.682     0.999     0.001
  40  p   3d 5/2   ( 4d  5/2) 0.72    16.009     0.998     0.002
  41  h   4d 5/2   ( 2d  5/2) 0.95    19.573     0.004     0.996
  42  p   5d 5/2   ( 5d  5/2) 0.61    27.913     1.000     0.000
  43  p   6d 5/2   ( 6d  5/2) 0.55    42.337     0.993     0.007
  44  h   7d 5/2   ( 1d  5/2) 0.96    43.351     0.008     0.992
  45  p   8d 5/2   ( 7d  5/2) 0.62    60.807     1.000     0.000
  46  p   9d 5/2   ( 8d  5/2) 0.64    91.205     1.000     0.000
  47  p   1f 5/2   ( 3f  5/2) 0.65     7.114     0.999     0.001
  48  h   2f 5/2   ( 2f  5/2) 0.98     7.763     0.010     0.990
  49  p   3f 5/2   ( 3f  5/2) 0.69    12.728     0.998     0.002
  50  p   4f 5/2   ( 4f  5/2) 0.74    23.023     0.999     0.001
  51  h   5f 5/2   ( 1f  5/2) 0.98    33.144     0.001     0.999
  52  p   6f 5/2   ( 5f  5/2) 0.66    37.352     1.000     0.000
  53  p   7f 5/2   ( 6f  5/2) 0.67    54.959     1.000     0.000
  54  p   8f 5/2   ( 7f  5/2) 0.64    83.792     1.000     0.000
  55  p   1g 7/2   ( 2g  7/2) 0.93     2.080     0.910     0.090
  56  p   2g 7/2   ( 4g  7/2) 0.49     9.136     0.999     0.001
  57  p   3g 7/2   ( 3g  7/2) 0.75    17.063     1.000     0.000
  58  h   4g 7/2   ( 1g  7/2) 0.98    23.084     0.002     0.998
  59  p   5g 7/2   ( 4g  7/2) 0.66    28.036     1.000     0.000
  60  p   6g 7/2   ( 5g  7/2) 0.60    42.397     1.000     0.000
  61  p   7g 7/2   ( 6g  7/2) 0.64    60.925     1.000     0.000
  62  p   8g 7/2   ( 7g  7/2) 0.64    90.401     1.000     0.000
  63  p   1f 7/2   ( 3f  7/2) 0.69     6.875     0.999     0.001
  64  h   2f 7/2   ( 2f  7/2) 0.97     9.845     0.012     0.988
  65  p   3f 7/2   ( 3f  7/2) 0.66    12.109     0.993     0.007
  66  p   4f 7/2   ( 4f  7/2) 0.74    22.537     0.999     0.001
  67  h   5f 7/2   ( 1f  7/2) 0.98    35.114     0.002     0.998
  68  p   6f 7/2   ( 5f  7/2) 0.67    36.656     0.998     0.002
  69  p   7f 7/2   ( 6f  7/2) 0.67    53.942     1.000     0.000
  70  p   8f 7/2   ( 7f  7/2) 0.64    82.994     1.000     0.000
  71  h   1g 9/2   ( 2g  9/2) 0.84     1.357     0.262     0.738
  72  p   2g 9/2   ( 4g  9/2) 0.50     8.936     1.000     0.000
  73  p   3g 9/2   ( 3g  9/2) 0.75    16.404     1.000     0.000
  74  h   4g 9/2   ( 1g  9/2) 0.98    26.325     0.007     0.993
  75  p   5g 9/2   ( 4g  9/2) 0.68    27.317     0.994     0.006
  76  p   6g 9/2   ( 5g  9/2) 0.60    41.523     1.000     0.000
  77  p   7g 9/2   ( 6g  9/2) 0.64    59.646     1.000     0.000
  78  p   8g 9/2   ( 7g  9/2) 0.64    89.506     1.000     0.000
  79  p   1h 9/2   ( 2h  9/2) 0.82     8.709     0.996     0.004
  80  h   2h 9/2   ( 1h  9/2) 0.87    12.443     0.198     0.802
  81  p   3h 9/2   ( 2h  9/2) 0.48    12.994     0.807     0.193
  82  p   4h 9/2   ( 3h  9/2) 0.76    23.398     1.000     0.000
  83  p   5h 9/2   ( 4h  9/2) 0.70    37.291     1.000     0.000
  84  p   6h 9/2   ( 5h  9/2) 0.69    54.279     1.000     0.000
  85  p   7h 9/2   ( 6h  9/2) 0.64    82.045     1.000     0.000
  86  h   1i11/2   ( 1i 11/2) 0.93     2.239     0.093     0.907
  87  p   2i11/2   ( 2i 11/2) 0.51    11.718     1.000     0.000
  88  p   3i11/2   ( 2i 11/2) 0.79    17.882     1.000     0.000
  89  p   4i11/2   ( 3i 11/2) 0.73    27.659     1.000     0.000
  90  p   5i11/2   ( 4i 11/2) 0.64    42.263     1.000     0.000
  91  p   6i11/2   ( 5i 11/2) 0.66    60.393     1.000     0.000
  92  p   7i11/2   ( 6i 11/2) 0.65    88.707     1.000     0.000
  93  p   1h11/2   ( 2h 11/2) 0.93     7.265     0.996     0.004
  94  p   2h11/2   ( 4h 11/2) 0.52    11.918     0.999     0.001
  95  h   3h11/2   ( 1h 11/2) 0.98    17.254     0.004     0.996
  96  p   4h11/2   ( 3h 11/2) 0.76    22.520     0.999     0.001
  97  p   5h11/2   ( 4h 11/2) 0.71    36.110     1.000     0.000
  98  p   6h11/2   ( 5h 11/2) 0.69    52.642     1.000     0.000
  99  p   7h11/2   ( 6h 11/2) 0.64    80.945     1.000     0.000
 100  h   1i13/2   ( 1i 13/2) 0.98     8.097     0.008     0.992
 101  p   2i13/2   ( 2i 13/2) 0.59    11.456     1.000     0.000
 102  p   3i13/2   ( 2i 13/2) 0.76    16.365     0.999     0.001
 103  p   4i13/2   ( 3i 13/2) 0.76    26.346     1.000     0.000
 104  p   5i13/2   ( 4i 13/2) 0.66    40.838     1.000     0.000
 105  p   6i13/2   ( 5i 13/2) 0.67    58.242     1.000     0.000
 106  p   7i13/2   ( 6i 13/2) 0.64    87.313     1.000     0.000
 107  p   1j13/2   ( 1j 13/2) 0.97     8.377     0.995     0.005
 108  p   2j13/2   ( 3j 13/2) 0.51    14.870     1.000     0.000
 109  p   3j13/2   ( 2j 13/2) 0.79    24.346     1.000     0.000
 110  p   4j13/2   ( 3j 13/2) 0.75    36.638     1.000     0.000
 111  p   5j13/2   ( 4j 13/2) 0.72    53.425     1.000     0.000
 112  p   6j13/2   ( 5j 13/2) 0.64    80.625     1.000     0.000
 113  p   1k15/2   ( 1k 15/2) 0.63    15.688     1.000     0.000
 114  p   2k15/2   ( 1k 15/2) 0.75    18.619     0.999     0.001
 115  p   3k15/2   ( 2k 15/2) 0.78    28.570     1.000     0.000
 116  p   4k15/2   ( 3k 15/2) 0.69    42.050     1.000     0.000
 117  p   5k15/2   ( 4k 15/2) 0.70    58.917     1.000     0.000
 118  p   6k15/2   ( 5k 15/2) 0.65    86.960     1.000     0.000
 119  p   1j15/2   ( 1j 15/2) 0.90     1.675     0.841     0.159
 120  p   2j15/2   ( 2j 15/2) 0.53    14.526     1.000     0.000
 121  p   3j15/2   ( 2j 15/2) 0.79    22.905     1.000     0.000
 122  p   4j15/2   ( 3j 15/2) 0.76    34.834     1.000     0.000
 123  p   5j15/2   ( 4j 15/2) 0.72    50.909     1.000     0.000
 124  p   6j15/2   ( 6j 15/2) 0.65    78.431     1.000     0.000
 125  p   1k17/2   ( 1k 17/2) 0.97    10.024     0.997     0.003
 126  p   2k17/2   ( 3k 17/2) 0.52    16.592     1.000     0.000
 127  p   3k17/2   ( 2k 17/2) 0.79    26.884     1.000     0.000
 128  p   4k17/2   ( 3k 17/2) 0.74    39.934     1.000     0.000
 129  p   5k17/2   ( 4k 17/2) 0.71    55.949     1.000     0.000
 130  p   6k17/2   ( 5k 17/2) 0.64    84.203     1.000     0.000
 131  p   1l17/2   ( 3l 17/2) 0.54    19.664     1.000     0.000
 132  p   2l17/2   ( 1l 17/2) 0.86    26.477     1.000     0.000
 133  p   3l17/2   ( 2l 17/2) 0.78    36.934     1.000     0.000
 134  p   4l17/2   ( 3l 17/2) 0.74    53.258     1.000     0.000
 135  p   5l17/2   ( 5l 17/2) 0.67    77.646     1.000     0.000
 136  p   1m19/2   ( 3m 19/2) 0.57    21.954     1.000     0.000
 137  p   2m19/2   ( 1m 19/2) 0.84    31.924     1.000     0.000
 138  p   3m19/2   ( 2m 19/2) 0.73    42.200     1.000     0.000
 139  p   4m19/2   ( 3m 19/2) 0.72    59.028     1.000     0.000
 140  p   5m19/2   ( 4m 19/2) 0.65    83.982     1.000     0.000
 141  p   1l19/2   ( 1l 19/2) 0.91    17.869     1.000     0.000
 142  p   2l19/2   ( 2l 19/2) 0.56    20.965     1.000     0.000
 143  p   3l19/2   ( 2l 19/2) 0.76    34.368     1.000     0.000
 144  p   4l19/2   ( 3l 19/2) 0.75    49.441     1.000     0.000
 145  p   5l19/2   ( 5l 19/2) 0.68    74.067     1.000     0.000
 146  p   1m21/2   ( 3m 21/2) 0.55    21.778     1.000     0.000
 147  p   2m21/2   ( 1m 21/2) 0.87    26.965     1.000     0.000
 148  p   3m21/2   ( 2m 21/2) 0.79    38.177     1.000     0.000
 149  p   4m21/2   ( 3m 21/2) 0.75    54.342     1.000     0.000
 150  p   5m21/2   ( 5m 21/2) 0.67    79.459     1.000     0.000
 151  p   1n21/2   ( 2n 21/2) 0.59    26.622     1.000     0.000
 152  p   2n21/2   ( 1n 21/2) 0.83    39.503     1.000     0.000
 153  p   3n21/2   ( 2n 21/2) 0.75    52.784     1.000     0.000
 154  p   4n21/2   ( 4n 21/2) 0.68    76.375     1.000     0.000
 155  p   1o23/2   ( 2o 23/2) 0.60    29.004     1.000     0.000
 156  p   2o23/2   ( 1o 23/2) 0.80    43.511     1.000     0.000
 157  p   3o23/2   ( 2o 23/2) 0.73    58.225     1.000     0.000
 158  p   4o23/2   ( 4o 23/2) 0.66    82.614     1.000     0.000
 159  p   1n23/2   ( 3n 23/2) 0.55    26.362     1.000     0.000
 160  p   2n23/2   ( 1n 23/2) 0.84    35.662     1.000     0.000
 161  p   3n23/2   ( 2n 23/2) 0.73    46.833     1.000     0.000
 162  p   4n23/2   ( 4n 23/2) 0.74    69.311     1.000     0.000
 163  p   1o25/2   ( 2o 25/2) 0.58    28.887     1.000     0.000
 164  p   2o25/2   ( 1o 25/2) 0.86    41.414     1.000     0.000
 165  p   3o25/2   ( 2o 25/2) 0.77    51.925     1.000     0.000
 166  p   4o25/2   ( 4o 25/2) 0.73    73.959     1.000     0.000
 167  p   1P25/2   ( 2P 25/2) 0.68    35.238     1.000     0.000
 168  p   2P25/2   ( 1P 25/2) 0.78    52.849     1.000     0.000
 169  p   3P25/2   ( 3P 25/2) 0.71    73.698     1.000     0.000
 170  p   1q27/2   ( 2q 27/2) 0.68    37.829     1.000     0.000
 171  p   2q27/2   ( 1q 27/2) 0.78    56.780     1.000     0.000
 172  p   3q27/2   ( 3q 27/2) 0.69    78.965     1.000     0.000
 173  p   1P27/2   ( 2P 27/2) 0.65    35.049     1.000     0.000
 174  p   2P27/2   ( 1P 27/2) 0.78    50.312     1.000     0.000
 175  p   3P27/2   ( 3P 27/2) 0.79    63.811     1.000     0.000
 176  p   1q29/2   ( 2q 29/2) 0.66    37.680     1.000     0.000
 177  p   2q29/2   ( 1q 29/2) 0.79    55.407     1.000     0.000
 178  p   3q29/2   ( 3q 29/2) 0.74    69.468     1.000     0.000
 179  p   1r29/2   ( 1r 29/2) 0.78    46.451     1.000     0.000
 180  p   2r29/2   ( 2r 29/2) 0.77    70.374     1.000     0.000
 181  p   1S31/2   ( 1S 31/2) 0.77    49.313     1.000     0.000
 182  p   2S31/2   ( 2S 31/2) 0.77    74.748     1.000     0.000
 183  p   1r31/2   ( 1r 31/2) 0.77    46.275     1.000     0.000
 184  p   2r31/2   ( 2r 31/2) 0.76    65.677     1.000     0.000
 185  p   1S33/2   ( 1S 33/2) 0.76    49.169     1.000     0.000
 186  p   2S33/2   ( 2S 33/2) 0.76    71.207     1.000     0.000
 187  p   1t33/2   ( 1t 33/2) 0.98    62.610     1.000     0.000
 188  p   1u35/2   ( 1u 35/2) 0.98    65.914     1.000     0.000
 189  p   1t35/2   ( 1t 35/2) 0.98    61.862     1.000     0.000
 190  p   1u37/2   ( 1u 37/2) 0.98    65.406     1.000     0.000


 quasi-particle properties Proton: 
 ------------------------------------------------------------------
     p/h    l j     [nr,l,j]  smax       Eqp       uu       vv
   1  h   1s 1/2   ( 3s  1/2) 0.92     1.106     0.000     1.000
   2  p   2s 1/2   ( 4s  1/2) 0.91    19.963     1.000     0.000
   3  h   3s 1/2   ( 2s  1/2) 0.83    22.768     0.000     1.000
   4  p   4s 1/2   ( 6s  1/2) 0.49    24.499     1.000     0.000
   5  p   5s 1/2   ( 5s  1/2) 0.73    33.413     1.000     0.000
   6  h   6s 1/2   ( 1s  1/2) 0.89    39.879     0.000     1.000
   7  p   7s 1/2   ( 6s  1/2) 0.59    45.748     1.000     0.000
   8  p   8s 1/2   ( 7s  1/2) 0.53    60.140     1.000     0.000
   9  p   9s 1/2   ( 8s  1/2) 0.60    78.296     1.000     0.000
  11  p   1p 1/2   ( 3p  1/2) 0.95     9.786     1.000     0.000
  12  h   2p 1/2   ( 2p  1/2) 0.90    12.743     0.000     1.000
  13  p   3p 1/2   ( 4p  1/2) 0.55    23.856     1.000     0.000
  14  p   4p 1/2   ( 4p  1/2) 0.75    29.894     1.000     0.000
  15  h   5p 1/2   ( 1p  1/2) 0.93    34.233     0.000     1.000
  16  p   6p 1/2   ( 5p  1/2) 0.72    40.616     1.000     0.000
  17  p   7p 1/2   ( 6p  1/2) 0.64    54.917     1.000     0.000
  18  p   8p 1/2   ( 7p  1/2) 0.65    72.089     1.000     0.000
  20  h   1d 3/2   ( 2d  3/2) 0.95     2.714     0.000     1.000
  21  p   2d 3/2   ( 3d  3/2) 0.95    19.368     1.000     0.000
  22  p   3d 3/2   ( 5d  3/2) 0.49    24.961     1.000     0.000
  23  h   4d 3/2   ( 1d  3/2) 0.96    26.867     0.000     1.000
  24  p   5d 3/2   ( 4d  3/2) 0.75    33.707     1.000     0.000
  25  p   6d 3/2   ( 5d  3/2) 0.62    45.620     1.000     0.000
  26  p   7d 3/2   ( 6d  3/2) 0.56    60.047     1.000     0.000
  27  p   8d 3/2   ( 7d  3/2) 0.62    78.162     1.000     0.000
  29  p   1p 3/2   ( 3p  3/2) 0.95     9.051     1.000     0.000
  30  h   2p 3/2   ( 2p  3/2) 0.89    13.583     0.000     1.000
  31  p   3p 3/2   ( 4p  3/2) 0.56    23.785     1.000     0.000
  32  p   4p 3/2   ( 4p  3/2) 0.75    29.574     1.000     0.000
  33  h   5p 3/2   ( 1p  3/2) 0.92    34.715     0.000     1.000
  34  p   6p 3/2   ( 5p  3/2) 0.73    40.369     1.000     0.000
  35  p   7p 3/2   ( 6p  3/2) 0.64    54.587     1.000     0.000
  36  p   8p 3/2   ( 7p  3/2) 0.65    71.635     1.000     0.000
  38  h   1d 5/2   ( 2d  5/2) 0.93     4.236     0.000     1.000
  39  p   2d 5/2   ( 3d  5/2) 0.96    18.570     1.000     0.000
  40  p   3d 5/2   ( 5d  5/2) 0.50    24.855     1.000     0.000
  41  h   4d 5/2   ( 1d  5/2) 0.95    28.074     0.000     1.000
  42  p   5d 5/2   ( 4d  5/2) 0.75    33.380     1.000     0.000
  43  p   6d 5/2   ( 5d  5/2) 0.64    45.222     1.000     0.000
  44  p   7d 5/2   ( 6d  5/2) 0.57    59.507     1.000     0.000
  45  p   8d 5/2   ( 7d  5/2) 0.62    77.444     1.000     0.000
  47  p   1f 5/2   ( 2f  5/2) 0.97     7.261     1.000     0.000
  48  h   2f 5/2   ( 1f  5/2) 0.98    18.189     0.000     1.000
  49  p   3f 5/2   ( 3f  5/2) 0.64    24.961     1.000     0.000
  50  p   4f 5/2   ( 3f  5/2) 0.72    29.606     1.000     0.000
  51  p   5f 5/2   ( 4f  5/2) 0.76    40.351     1.000     0.000
  52  p   6f 5/2   ( 5f  5/2) 0.67    54.640     1.000     0.000
  53  p   7f 5/2   ( 6f  5/2) 0.67    71.514     1.000     0.000
  55  h   1g 7/2   ( 1g  7/2) 0.98     8.596     0.000     1.000
  56  p   2g 7/2   ( 2g  7/2) 0.98    16.866     1.000     0.000
  57  p   3g 7/2   ( 5g  7/2) 0.48    26.482     1.000     0.000
  58  p   4g 7/2   ( 3g  7/2) 0.79    34.410     1.000     0.000
  59  p   5g 7/2   ( 4g  7/2) 0.69    45.140     1.000     0.000
  60  p   6g 7/2   ( 5g  7/2) 0.61    59.585     1.000     0.000
  61  p   7g 7/2   ( 6g  7/2) 0.65    77.436     1.000     0.000
  63  p   1f 7/2   ( 2f  7/2) 0.96     5.149     1.000     0.000
  64  h   2f 7/2   ( 1f  7/2) 0.97    20.448     0.000     1.000
  65  p   3f 7/2   ( 3f  7/2) 0.69    24.710     1.000     0.000
  66  p   4f 7/2   ( 3f  7/2) 0.67    28.903     1.000     0.000
  67  p   5f 7/2   ( 4f  7/2) 0.76    39.934     1.000     0.000
  68  p   6f 7/2   ( 5f  7/2) 0.68    53.994     1.000     0.000
  69  p   7f 7/2   ( 6f  7/2) 0.67    70.565     1.000     0.000
  71  h   1g 9/2   ( 1g  9/2) 0.98    12.167     0.000     1.000
  72  p   2g 9/2   ( 2g  9/2) 0.97    14.457     1.000     0.000
  73  p   3g 9/2   ( 4g  9/2) 0.47    26.378     1.000     0.000
  74  p   4g 9/2   ( 3g  9/2) 0.79    33.692     1.000     0.000
  75  p   5g 9/2   ( 4g  9/2) 0.71    44.379     1.000     0.000
  76  p   6g 9/2   ( 5g  9/2) 0.62    58.776     1.000     0.000
  77  p   7g 9/2   ( 6g  9/2) 0.64    76.230     1.000     0.000
  79  p   1h 9/2   ( 1h  9/2) 0.98     1.555     1.000     0.000
  80  p   2h 9/2   ( 2h  9/2) 0.94    25.432     1.000     0.000
  81  p   3h 9/2   ( 4h  9/2) 0.51    29.367     1.000     0.000
  82  p   4h 9/2   ( 3h  9/2) 0.78    40.659     1.000     0.000
  83  p   5h 9/2   ( 4h  9/2) 0.72    54.352     1.000     0.000
  84  p   6h 9/2   ( 5h  9/2) 0.70    70.654     1.000     0.000
  85  p   7h 9/2   ( 6h  9/2) 0.64    99.113     1.000     0.000
  86  p   1i11/2   ( 1i 11/2) 0.97    11.901     1.000     0.000
  87  p   2i11/2   ( 4i 11/2) 0.48    29.269     1.000     0.000
  88  p   3i11/2   ( 2i 11/2) 0.84    34.540     1.000     0.000
  89  p   4i11/2   ( 3i 11/2) 0.77    44.336     1.000     0.000
  90  p   5i11/2   ( 4i 11/2) 0.67    59.241     1.000     0.000
  91  p   6i11/2   ( 5i 11/2) 0.68    76.472     1.000     0.000
  93  h   1h11/2   ( 1h 11/2) 0.98     3.474     0.000     1.000
  94  p   2h11/2   ( 2h 11/2) 0.97    23.370     1.000     0.000
  95  p   3h11/2   ( 4h 11/2) 0.53    28.898     1.000     0.000
  96  p   4h11/2   ( 3h 11/2) 0.78    39.871     1.000     0.000
  97  p   5h11/2   ( 4h 11/2) 0.73    53.170     1.000     0.000
  98  p   6h11/2   ( 5h 11/2) 0.70    69.093     1.000     0.000
  99  p   7h11/2   ( 6h 11/2) 0.64    98.068     1.000     0.000
 100  p   1i13/2   ( 1i 13/2) 0.98     5.441     1.000     0.000
 101  p   2i13/2   ( 2i 13/2) 0.59    29.008     1.000     0.000
 102  p   3i13/2   ( 2i 13/2) 0.77    32.693     1.000     0.000
 103  p   4i13/2   ( 3i 13/2) 0.78    43.240     1.000     0.000
 104  p   5i13/2   ( 4i 13/2) 0.69    57.928     1.000     0.000
 105  p   6i13/2   ( 5i 13/2) 0.68    74.408     1.000     0.000
 107  p   1j13/2   ( 1j 13/2) 0.97    22.083     1.000     0.000
 108  p   2j13/2   ( 4j 13/2) 0.52    32.367     1.000     0.000
 109  p   3j13/2   ( 2j 13/2) 0.83    41.718     1.000     0.000
 110  p   4j13/2   ( 3j 13/2) 0.78    53.302     1.000     0.000
 111  p   5j13/2   ( 4j 13/2) 0.73    69.547     1.000     0.000
 112  p   6j13/2   ( 6j 13/2) 0.65    96.735     1.000     0.000
 113  p   1k15/2   ( 1k 15/2) 0.95    31.535     1.000     0.000
 114  p   2k15/2   ( 4k 15/2) 0.51    34.254     1.000     0.000
 115  p   3k15/2   ( 2k 15/2) 0.80    45.926     1.000     0.000
 116  p   4k15/2   ( 3k 15/2) 0.73    58.924     1.000     0.000
 117  p   5k15/2   ( 4k 15/2) 0.72    74.916     1.000     0.000
 119  p   1j15/2   ( 1j 15/2) 0.97    14.519     1.000     0.000
 120  p   2j15/2   ( 4j 15/2) 0.50    32.157     1.000     0.000
 121  p   3j15/2   ( 2j 15/2) 0.82    39.986     1.000     0.000
 122  p   4j15/2   ( 3j 15/2) 0.78    51.668     1.000     0.000
 123  p   5j15/2   ( 4j 15/2) 0.74    67.306     1.000     0.000
 124  p   6j15/2   ( 6j 15/2) 0.65    94.513     1.000     0.000
 125  p   1k17/2   ( 1k 17/2) 0.96    23.575     1.000     0.000
 126  p   2k17/2   ( 4k 17/2) 0.53    33.875     1.000     0.000
 127  p   3k17/2   ( 2k 17/2) 0.81    44.413     1.000     0.000
 128  p   4k17/2   ( 3k 17/2) 0.77    56.800     1.000     0.000
 129  p   5k17/2   ( 4k 17/2) 0.73    72.258     1.000     0.000
 130  p   6k17/2   ( 5k 17/2) 0.64    99.957     1.000     0.000
 131  p   1l17/2   ( 3l 17/2) 0.52    37.230     1.000     0.000
 132  p   2l17/2   ( 1l 17/2) 0.84    41.525     1.000     0.000
 133  p   3l17/2   ( 2l 17/2) 0.79    53.877     1.000     0.000
 134  p   4l17/2   ( 3l 17/2) 0.75    69.445     1.000     0.000
 135  p   5l17/2   ( 5l 17/2) 0.68    93.159     1.000     0.000
 136  p   1m19/2   ( 3m 19/2) 0.57    39.390     1.000     0.000
 137  p   2m19/2   ( 1m 19/2) 0.91    48.509     1.000     0.000
 138  p   3m19/2   ( 2m 19/2) 0.79    58.234     1.000     0.000
 139  p   4m19/2   ( 3m 19/2) 0.74    75.054     1.000     0.000
 140  p   5m19/2   ( 5m 19/2) 0.65    99.432     1.000     0.000
 141  p   1l19/2   ( 1l 19/2) 0.96    32.430     1.000     0.000
 142  p   2l19/2   ( 2l 19/2) 0.57    37.795     1.000     0.000
 143  p   3l19/2   ( 2l 19/2) 0.76    52.092     1.000     0.000
 144  p   4l19/2   ( 3l 19/2) 0.76    65.869     1.000     0.000
 145  p   5l19/2   ( 5l 19/2) 0.69    89.726     1.000     0.000
 146  p   1m21/2   ( 3m 21/2) 0.54    39.157     1.000     0.000
 147  p   2m21/2   ( 1m 21/2) 0.81    41.624     1.000     0.000
 148  p   3m21/2   ( 2m 21/2) 0.78    55.470     1.000     0.000
 149  p   4m21/2   ( 3m 21/2) 0.76    70.961     1.000     0.000
 150  p   5m21/2   ( 5m 21/2) 0.68    95.001     1.000     0.000
 151  p   1n21/2   ( 3n 21/2) 0.58    44.316     1.000     0.000
 152  p   2n21/2   ( 1n 21/2) 0.87    56.917     1.000     0.000
 153  p   3n21/2   ( 2n 21/2) 0.76    68.088     1.000     0.000
 154  p   4n21/2   ( 4n 21/2) 0.70    91.518     1.000     0.000
 155  p   1o23/2   ( 3o 23/2) 0.60    46.474     1.000     0.000
 156  p   2o23/2   ( 1o 23/2) 0.84    61.704     1.000     0.000
 157  p   3o23/2   ( 2o 23/2) 0.76    73.753     1.000     0.000
 158  p   4o23/2   ( 4o 23/2) 0.69    97.277     1.000     0.000
 159  p   1n23/2   ( 3n 23/2) 0.57    43.956     1.000     0.000
 160  p   2n23/2   ( 1n 23/2) 0.80    51.321     1.000     0.000
 161  p   3n23/2   ( 2n 23/2) 0.68    63.604     1.000     0.000
 162  p   4n23/2   ( 4n 23/2) 0.75    84.825     1.000     0.000
 163  p   1o25/2   ( 3o 25/2) 0.59    46.337     1.000     0.000
 164  p   2o25/2   ( 1o 25/2) 0.88    58.397     1.000     0.000
 165  p   3o25/2   ( 2o 25/2) 0.75    67.967     1.000     0.000
 166  p   4o25/2   ( 4o 25/2) 0.74    89.347     1.000     0.000
 167  p   1P25/2   ( 2P 25/2) 0.67    53.110     1.000     0.000
 168  p   2P25/2   ( 1P 25/2) 0.80    70.923     1.000     0.000
 169  p   3P25/2   ( 3P 25/2) 0.73    87.793     1.000     0.000
 170  p   1q27/2   ( 2q 27/2) 0.68    55.459     1.000     0.000
 171  p   2q27/2   ( 1q 27/2) 0.80    75.313     1.000     0.000
 172  p   3q27/2   ( 3q 27/2) 0.70    93.425     1.000     0.000
 173  p   1P27/2   ( 2P 27/2) 0.63    52.850     1.000     0.000
 174  p   2P27/2   ( 1P 27/2) 0.78    67.635     1.000     0.000
 175  p   3P27/2   ( 3P 27/2) 0.82    78.818     1.000     0.000
 176  p   1q29/2   ( 2q 29/2) 0.65    55.255     1.000     0.000
 177  p   2q29/2   ( 1q 29/2) 0.81    73.733     1.000     0.000
 178  p   3q29/2   ( 3q 29/2) 0.76    84.303     1.000     0.000
 179  p   1r29/2   ( 1r 29/2) 0.76    64.621     1.000     0.000
 180  p   2r29/2   ( 2r 29/2) 0.75    87.388     1.000     0.000
 181  p   1S31/2   ( 1S 31/2) 0.76    67.265     1.000     0.000
 182  p   2S31/2   ( 2S 31/2) 0.75    92.380     1.000     0.000
 183  p   1r31/2   ( 1r 31/2) 0.74    64.398     1.000     0.000
 184  p   2r31/2   ( 2r 31/2) 0.74    82.821     1.000     0.000
 185  p   1S33/2   ( 1S 33/2) 0.75    67.077     1.000     0.000
 186  p   2S33/2   ( 2S 33/2) 0.74    88.945     1.000     0.000
 187  p   1t33/2   ( 1t 33/2) 0.98    81.081     1.000     0.000
 188  p   1u35/2   ( 1u 35/2) 0.98    84.318     1.000     0.000
 189  p   1t35/2   ( 1t 35/2) 0.98    80.332     1.000     0.000
 190  p   1u37/2   ( 1u 37/2) 0.98    83.802     1.000     0.000
  ****** END RESU ***********************************
