
  ******************************************  
  *           Fortran 77 Code              *  
  *         Spherical H.O. basis            *  
  * Dirac-Hartree-Bogoliubov calculation   *  
  *        with density-dependent          *  
  * meson-exchange or point coupling force *  
  *          and separable pairing         *  
  * -------------------------------------- *  
  *      Niksic, Paar, Vretenar, Ring      *  
  *          18/ 4/2026/01:52:11           *
  *       Pb 226  N = 144  Z =  82
  ******************************************  
  ****** BEGIN READER *******************************
 Number of oscillator shells :    18   20
 Initialization inin,inink   :     1    1
 Nucleus: Pb 226   144  82
 Initial Gap Parameters      :     1.0000    1.0000
 Parameter set               :    DD-PC1    
  ****** END READER *********************************
  ****** BEGIN FORCES *******************************

 NEDF Parameters: DD-PC1    
           scasca    scavec    vecsca    vecvec
 GG   =   1.000000  1.000000  1.000000  1.000000
 DD   =  -0.814900  0.000000  0.000000  0.000000
  
 Density dependence parameters:
           scasca    scavec    vecsca    vecvec
 a    = -10.046200  5.919500  0.000000  0.000000
 b    =  -9.150400  8.863700  0.000000  1.836000
 c    =  -6.427300  0.000000  0.000000  0.000000
 d    =   1.372400  0.658400  0.000000  0.640300
 dsat =   0.152000
  
 TMR pairing: Tian,Ma,Ring, PRB 676, 44 (2009)
 TMR pairing strength    gl =:  -728.00000 [MeV*fm^3]
 TMR pairing width        a =:     0.64420 [fm]
  ****** END FORCES *********************************
  ****** BEGIN PREP *********************************
  
 hom =                            6.731023
 hb0 =                           20.734000
 b0  =                            2.482081
 with Coulomb force
 With microscopic c.m. correction
  ****** END PREP ***********************************
  ****** BEGIN ITER *********************************
  1.It. si =    0.0000000  E/A =    0.0000 R =    0.0000  mix = 0.50
  2.It. si =   87.1299352  E/A =   -7.4558 R =    5.9440  mix = 0.50
  3.It. si =   41.5447520  E/A =   -7.4868 R =    5.9157  mix = 0.50
  4.It. si =   11.3603981  E/A =   -7.5050 R =    5.8831  mix = 0.50
  5.It. si =   15.0582515  E/A =   -7.5188 R =    5.8548  mix = 0.50
  6.It. si =   11.9740736  E/A =   -7.5227 R =    5.8382  mix = 0.50
  7.It. si =    2.6519196  E/A =   -7.5253 R =    5.8028  mix = 0.50
  8.It. si =    0.9519895  E/A =   -7.5254 R =    5.8036  mix = 0.50
  9.It. si =    0.2807384  E/A =   -7.5253 R =    5.8027  mix = 0.50
 10.It. si =    0.5963288  E/A =   -7.5254 R =    5.8034  mix = 0.50
 11.It. si =    0.5661987  E/A =   -7.5254 R =    5.8033  mix = 0.50
 12.It. si =    0.0680491  E/A =   -7.5254 R =    5.8021  mix = 0.50
 13.It. si =    0.0688060  E/A =   -7.5255 R =    5.8012  mix = 0.50
 14.It. si =    0.0524754  E/A =   -7.5257 R =    5.8003  mix = 0.50
 15.It. si =    0.0317339  E/A =   -7.5256 R =    5.8004  mix = 0.50
 16.It. si =    0.0178792  E/A =   -7.5256 R =    5.8002  mix = 0.50
 17.It. si =    0.0954931  E/A =   -7.5256 R =    5.8000  mix = 0.50
 18.It. si =    0.0789358  E/A =   -7.5256 R =    5.8000  mix = 0.50
 19.It. si =    0.0493526  E/A =   -7.5256 R =    5.8000  mix = 0.50
 20.It. si =    0.0269288  E/A =   -7.5256 R =    5.8000  mix = 0.50
 21.It. si =    0.0116070  E/A =   -7.5256 R =    5.8001  mix = 0.50
 22.It. si =    0.0109930  E/A =   -7.5256 R =    5.8001  mix = 0.50
 23.It. si =    0.0970813  E/A =   -7.5255 R =    5.7999  mix = 0.50
 24.It. si =    0.0446039  E/A =   -7.5255 R =    5.7999  mix = 0.50
 25.It. si =    0.0030767  E/A =   -7.5254 R =    5.7999  mix = 0.50
 26.It. si =    0.0101305  E/A =   -7.5254 R =    5.7999  mix = 0.50
 27.It. si =    0.0096659  E/A =   -7.5254 R =    5.7999  mix = 0.50
 28.It. si =    0.0056399  E/A =   -7.5255 R =    5.7999  mix = 0.50
 29.It. si =    0.0044467  E/A =   -7.5255 R =    5.7999  mix = 0.50
 30.It. si =    0.2266018  E/A =   -7.5255 R =    5.7999  mix = 0.50
 31.It. si =    0.0980855  E/A =   -7.5255 R =    5.7999  mix = 0.50
 32.It. si =    0.1816060  E/A =   -7.5255 R =    5.7999  mix = 0.50
 33.It. si =    0.0969905  E/A =   -7.5255 R =    5.7999  mix = 0.50
 34.It. si =    0.0456601  E/A =   -7.5255 R =    5.7999  mix = 0.50
 35.It. si =    0.0081620  E/A =   -7.5255 R =    5.7999  mix = 0.50
 36.It. si =    0.0000699  E/A =   -7.5255 R =    5.7999  mix = 0.50
 37.It. si =    0.0000713  E/A =   -7.5255 R =    5.7999  mix = 0.50
 38.It. si =    0.0037198  E/A =   -7.5255 R =    5.7999  mix = 0.50
 39.It. si =    0.0000343  E/A =   -7.5255 R =    5.7999  mix = 0.50
 40.It. si =    0.0000166  E/A =   -7.5255 R =    5.7999  mix = 0.50
 41.It. si =    0.0000088  E/A =   -7.5255 R =    5.7999  mix = 0.50
 42.It. si =    0.0000035  E/A =   -7.5255 R =    5.7999  mix = 0.50
 43.It. si =    0.0000012  E/A =   -7.5255 R =    5.7999  mix = 0.50
 ********************************************************************
 Pb 226: Iteration converged after  43 steps   si =      0.0000004648
 ********************************************************************
  ****** END ITER ***********************************
  ****** BEGIN CANON ********************************
 single-particle energies and gaps  in the canonical basis: Neutron:
 ------------------------------------------------------------------
    j pi     (nr,l,j)  smax       Ecan       vvcan       decan
 j = 1/2+  (   s 1/2)  0.93    -52.1213      0.9999      1.1096
 j = 1/2+  (   s 1/2)  0.92    -48.6834      0.9997      1.6789
 j = 1/2+  (   s 1/2)  0.98    -21.6197      0.9981      1.5958
 j = 1/2+  (   s 1/2)  0.96      0.0732      0.0150      0.8435
 j = 1/2+  (   s 1/2)  0.94     12.5351      0.0002      0.4727
 j = 1/2+  (   s 1/2)  0.79     22.0746      0.0000      0.0182
 j = 1/2+  (   s 1/2)  0.93     25.3593      0.0000      0.3708
 j = 1/2+  (   s 1/2)  0.92     40.5433      0.0000      0.2422
 j = 1/2+  (   s 1/2)  0.90     56.6243      0.0000      0.1507
 j = 1/2+  (   s 1/2)  0.79     72.6837      0.0000      0.0885
 j = 1/2-  (   p 1/2)  0.97    -49.0974      0.9998      1.3764
 j = 1/2-  (   p 1/2)  0.96    -35.5454      0.9994      1.5473
 j = 1/2-  (   p 1/2)  0.98     -9.3107      0.9876      1.3687
 j = 1/2-  (   p 1/2)  0.96      8.3915      0.0007      0.6139
 j = 1/2-  (   p 1/2)  0.95     19.3636      0.0001      0.4178
 j = 1/2-  (   p 1/2)  0.78     20.9134      0.0000      0.0242
 j = 1/2-  (   p 1/2)  0.93     34.2890      0.0000      0.2819
 j = 1/2-  (   p 1/2)  0.93     47.3396      0.0000      0.1690
 j = 1/2-  (   p 1/2)  0.77     72.3718      0.0000      0.1133
 j = 3/2+  (   d 3/2)  0.99    -44.2755      0.9997      1.5127
 j = 3/2+  (   d 3/2)  0.98    -21.9995      0.9984      1.5219
 j = 3/2+  (   d 3/2)  0.97      0.0844      0.0189      0.9552
 j = 3/2+  (   d 3/2)  0.95     13.8970      0.0002      0.5009
 j = 3/2+  (   d 3/2)  0.79     21.5066      0.0000      0.0168
 j = 3/2+  (   d 3/2)  0.94     26.5519      0.0000      0.3710
 j = 3/2+  (   d 3/2)  0.92     41.0747      0.0000      0.2331
 j = 3/2+  (   d 3/2)  0.90     56.0576      0.0000      0.1399
 j = 3/2+  (   d 3/2)  0.79     72.7498      0.0000      0.0826
 j = 3/2-  (   p 3/2)  0.97    -49.0920      0.9998      1.3767
 j = 3/2-  (   p 3/2)  0.96    -36.6084      0.9995      1.5575
 j = 3/2-  (   p 3/2)  0.98    -10.2676      0.9906      1.3740
 j = 3/2-  (   p 3/2)  0.96      8.0101      0.0007      0.6175
 j = 3/2-  (   p 3/2)  0.95     19.1143      0.0001      0.4088
 j = 3/2-  (   p 3/2)  0.78     20.7471      0.0000      0.0240
 j = 3/2-  (   p 3/2)  0.93     33.9772      0.0000      0.2805
 j = 3/2-  (   p 3/2)  0.93     47.1158      0.0000      0.1679
 j = 3/2-  (   p 3/2)  0.77     71.9191      0.0000      0.1127
 j = 5/2+  (   d 5/2)  0.99    -45.0862      0.9997      1.5322
 j = 5/2+  (   d 5/2)  0.98    -23.7420      0.9986      1.5433
 j = 5/2+  (   d 5/2)  0.97     -0.8480      0.0329      0.9333
 j = 5/2+  (   d 5/2)  0.95     13.2714      0.0002      0.4940
 j = 5/2+  (   d 5/2)  0.79     21.6933      0.0000      0.0171
 j = 5/2+  (   d 5/2)  0.94     25.5384      0.0000      0.3687
 j = 5/2+  (   d 5/2)  0.92     40.3834      0.0000      0.2331
 j = 5/2+  (   d 5/2)  0.90     55.5766      0.0000      0.1405
 j = 5/2+  (   d 5/2)  0.79     72.5651      0.0000      0.0832
 j = 5/2-  (   f 5/2)  0.98    -35.8557      0.9995      1.4907
 j = 5/2-  (   f 5/2)  0.98    -10.6970      0.9911      1.4180
 j = 5/2-  (   f 5/2)  0.97      8.6773      0.0009      0.7279
 j = 5/2-  (   f 5/2)  0.79     19.4702      0.0000      0.0213
 j = 5/2-  (   f 5/2)  0.96     21.1287      0.0001      0.4455
 j = 5/2-  (   f 5/2)  0.93     35.3794      0.0000      0.2926
 j = 5/2-  (   f 5/2)  0.89     49.5671      0.0000      0.1739
 j = 5/2-  (   f 5/2)  0.81     68.1413      0.0000      0.1059
 j = 7/2+  (   g 7/2)  0.98    -25.9492      0.9990      1.4527
 j = 7/2+  (   g 7/2)  0.98     -1.0044      0.0575      1.2029
 j = 7/2+  (   g 7/2)  0.97     15.8715      0.0002      0.5678
 j = 7/2+  (   g 7/2)  0.79     19.9180      0.0000      0.0147
 j = 7/2+  (   g 7/2)  0.95     28.0946      0.0000      0.3908
 j = 7/2+  (   g 7/2)  0.90     42.5588      0.0000      0.2399
 j = 7/2+  (   g 7/2)  0.80     60.3538      0.0000      0.1518
 j = 7/2+  (   g 7/2)  0.82     64.4320      0.0000      0.0739
 j = 7/2-  (   f 7/2)  0.98    -37.6916      0.9995      1.5201
 j = 7/2-  (   f 7/2)  0.98    -13.0385      0.9947      1.4253
 j = 7/2-  (   f 7/2)  0.97      7.6056      0.0011      0.7250
 j = 7/2-  (   f 7/2)  0.79     19.3205      0.0000      0.0212
 j = 7/2-  (   f 7/2)  0.96     20.5198      0.0001      0.4312
 j = 7/2-  (   f 7/2)  0.93     34.4992      0.0000      0.2899
 j = 7/2-  (   f 7/2)  0.88     48.9918      0.0000      0.1725
 j = 7/2-  (   f 7/2)  0.81     67.3642      0.0000      0.1052
 j = 9/2+  (   g 9/2)  0.98    -29.2484      0.9992      1.5048
 j = 9/2+  (   g 9/2)  0.98     -3.4456      0.5649      1.1762
 j = 9/2+  (   g 9/2)  0.96     14.7651      0.0003      0.5722
 j = 9/2+  (   g 9/2)  0.79     20.1325      0.0000      0.0152
 j = 9/2+  (   g 9/2)  0.95     26.5119      0.0000      0.3785
 j = 9/2+  (   g 9/2)  0.90     41.4710      0.0000      0.2388
 j = 9/2+  (   g 9/2)  0.80     59.4435      0.0000      0.1519
 j = 9/2+  (   g 9/2)  0.82     64.1260      0.0000      0.0744
 j = 9/2-  (   h 9/2)  0.98    -15.2763      0.9968      1.3610
 j = 9/2-  (   h 9/2)  0.97      7.9484      0.0020      1.0075
 j = 9/2-  (   h 9/2)  0.78     18.5436      0.0000      0.0186
 j = 9/2-  (   h 9/2)  0.94     23.7010      0.0001      0.4958
 j = 9/2-  (   h 9/2)  0.89     36.9753      0.0000      0.3071
 j = 9/2-  (   h 9/2)  0.79     53.3130      0.0000      0.1872
 j = 9/2-  (   h 9/2)  0.84     61.3466      0.0000      0.0970
 j =11/2+  (   i11/2)  0.98     -4.5445      0.8513      1.2693
 j =11/2+  (   i11/2)  0.94     16.8095      0.0004      0.7859
 j =11/2+  (   i11/2)  0.77     18.7643      0.0000      0.0124
 j =11/2+  (   i11/2)  0.89     31.3954      0.0000      0.4348
 j =11/2+  (   i11/2)  0.80     45.0579      0.0000      0.2511
 j =11/2+  (   i11/2)  0.83     56.7447      0.0000      0.0624
 j =11/2+  (   i11/2)  0.63     63.0132      0.0000      0.1547
 j =11/2-  (   h11/2)  0.98    -20.0792      0.9982      1.4180
 j =11/2-  (   h11/2)  0.97      5.3717      0.0032      0.9773
 j =11/2-  (   h11/2)  0.78     18.4674      0.0000      0.0187
 j =11/2-  (   h11/2)  0.94     22.3275      0.0001      0.4949
 j =11/2-  (   h11/2)  0.89     35.2089      0.0000      0.3007
 j =11/2-  (   h11/2)  0.79     52.5253      0.0000      0.1865
 j =11/2-  (   h11/2)  0.84     60.5900      0.0000      0.0969
 j =13/2+  (   i13/2)  0.98    -10.8156      0.9925      1.3152
 j =13/2+  (   i13/2)  0.95     14.0747      0.0005      0.7758
 j =13/2+  (   i13/2)  0.77     18.5920      0.0000      0.0124
 j =13/2+  (   i13/2)  0.88     30.1242      0.0000      0.4268
 j =13/2+  (   i13/2)  0.79     43.2577      0.0000      0.2450
 j =13/2+  (   i13/2)  0.83     55.7920      0.0000      0.0615
 j =13/2+  (   i13/2)  0.63     61.8224      0.0000      0.1531
 j =13/2-  (   j13/2)  0.98      5.9567      0.0041      1.1868
 j =13/2-  (   j13/2)  0.77     19.0706      0.0000      0.0173
 j =13/2-  (   j13/2)  0.92     24.9330      0.0001      0.5848
 j =13/2-  (   j13/2)  0.81     39.5348      0.0000      0.3576
 j =13/2-  (   j13/2)  0.85     55.8854      0.0000      0.0884
 j =13/2-  (   j13/2)  0.65     56.0394      0.0000      0.2099
 j =15/2+  (   k15/2)  0.96     15.8476      0.0008      1.0508
 j =15/2+  (   k15/2)  0.74     19.8512      0.0000      0.0119
 j =15/2+  (   k15/2)  0.89     33.3959      0.0000      0.4684
 j =15/2+  (   k15/2)  0.71     49.2319      0.0000      0.2890
 j =15/2+  (   k15/2)  0.83     52.2657      0.0000      0.0570
 j =15/2+  (   k15/2)  0.59     63.3718      0.0000      0.1696
 j =15/2-  (   j15/2)  0.98     -1.6166      0.0932      1.1968
 j =15/2-  (   j15/2)  0.77     18.9964      0.0000      0.0175
 j =15/2-  (   j15/2)  0.91     22.3196      0.0001      0.6006
 j =15/2-  (   j15/2)  0.81     37.0564      0.0000      0.3504
 j =15/2-  (   j15/2)  0.65     54.5282      0.0000      0.2115
 j =15/2-  (   j15/2)  0.85     54.6059      0.0000      0.0876
 j =17/2+  (   k17/2)  0.96      7.5073      0.0024      1.0671
 j =17/2+  (   k17/2)  0.74     19.7775      0.0000      0.0120
 j =17/2+  (   k17/2)  0.87     30.0971      0.0001      0.4760
 j =17/2+  (   k17/2)  0.71     46.5405      0.0000      0.2842
 j =17/2+  (   k17/2)  0.82     51.1133      0.0000      0.0564
 j =17/2+  (   k17/2)  0.59     61.6480      0.0000      0.1698
 j =17/2-  (   l17/2)  0.76     21.5523      0.0000      0.0177
 j =17/2-  (   l17/2)  0.94     25.2320      0.0003      0.9050
 j =17/2-  (   l17/2)  0.83     41.4109      0.0000      0.3803
 j =17/2-  (   l17/2)  0.84     52.9032      0.0000      0.0878
 j =17/2-  (   l17/2)  0.60     58.9610      0.0000      0.2314
 j =19/2+  (   m19/2)  0.74     23.0937      0.0000      0.0124
 j =19/2+  (   m19/2)  0.91     34.4141      0.0001      0.7673
 j =19/2+  (   m19/2)  0.74     49.8464      0.0000      0.3132
 j =19/2+  (   m19/2)  0.82     52.3977      0.0000      0.0585
 j =19/2+  (   m19/2)  0.61     65.4546      0.0000      0.1775
 j =19/2-  (   l19/2)  0.93     16.4767      0.0005      0.9241
 j =19/2-  (   l19/2)  0.76     21.4706      0.0000      0.0179
 j =19/2-  (   l19/2)  0.81     37.5495      0.0000      0.3817
 j =19/2-  (   l19/2)  0.84     51.4503      0.0000      0.0869
 j =19/2-  (   l19/2)  0.60     55.7600      0.0000      0.2287
 j =21/2+  (   m21/2)  0.74     23.0307      0.0000      0.0125
 j =21/2+  (   m21/2)  0.90     25.4777      0.0002      0.7848
 j =21/2+  (   m21/2)  0.71     45.4560      0.0000      0.3135
 j =21/2+  (   m21/2)  0.82     51.1657      0.0000      0.0579
 j =21/2+  (   m21/2)  0.61     61.6014      0.0000      0.1751
 j =21/2-  (   n21/2)  0.76     26.1788      0.0000      0.0197
 j =21/2-  (   n21/2)  0.86     43.0951      0.0000      0.6306
 j =21/2-  (   n21/2)  0.84     55.9177      0.0000      0.0939
 j =21/2-  (   n21/2)  0.62     59.0524      0.0000      0.2618
 j =23/2+  (   o23/2)  0.75     28.1682      0.0000      0.0139
 j =23/2+  (   o23/2)  0.81     52.3976      0.0000      0.5202
 j =23/2+  (   o23/2)  0.82     55.7252      0.0000      0.0644
 j =23/2+  (   o23/2)  0.60     65.9614      0.0000      0.2122
 j =23/2-  (   n23/2)  0.76     26.0606      0.0000      0.0200
 j =23/2-  (   n23/2)  0.85     34.4030      0.0001      0.6452
 j =23/2-  (   n23/2)  0.84     53.1152      0.0000      0.0916
 j =23/2-  (   n23/2)  0.60     53.4563      0.0000      0.2610
 j =25/2+  (   o25/2)  0.74     28.1080      0.0000      0.0141
 j =25/2+  (   o25/2)  0.79     43.5583      0.0000      0.5333
 j =25/2+  (   o25/2)  0.81     53.5369      0.0000      0.0633
 j =25/2+  (   o25/2)  0.60     59.8072      0.0000      0.2098
 j =25/2-  (   P25/2)  0.69     34.9296      0.0000      0.0217
 j =25/2-  (   P25/2)  0.67     57.1682      0.0000      0.1231
 j =25/2-  (   P25/2)  0.74     61.1321      0.0000      0.4244
 j =27/2+  (   q27/2)  0.77     35.6565      0.0000      0.0171
 j =27/2+  (   q27/2)  0.79     60.5903      0.0000      0.0857
 j =27/2+  (   q27/2)  0.68     68.8917      0.0000      0.3360
 j =27/2-  (   P27/2)  0.70     34.6013      0.0000      0.0217
 j =27/2-  (   P27/2)  0.72     52.2118      0.0000      0.4333
 j =27/2-  (   P27/2)  0.67     53.9245      0.0000      0.1208
 j =29/2+  (   q29/2)  0.77     35.6143      0.0000      0.0172
 j =29/2+  (   q29/2)  0.79     58.0504      0.0000      0.0844
 j =29/2+  (   q29/2)  0.67     60.6306      0.0000      0.3416
 j =29/2-  (   r29/2)  0.71     44.1788      0.0000      0.0307
 j =29/2-  (   r29/2)  0.71     66.9480      0.0000      0.2075
 j =31/2+  (   S31/2)  0.71     46.8506      0.0000      0.0216
 j =31/2+  (   S31/2)  0.70     71.5053      0.0000      0.1479
 j =31/2-  (   r31/2)  0.71     43.7810      0.0000      0.0306
 j =31/2-  (   r31/2)  0.70     62.6392      0.0000      0.2088
 j =33/2+  (   S33/2)  0.71     46.5749      0.0000      0.0216
 j =33/2+  (   S33/2)  0.70     68.2424      0.0000      0.1486
 j =33/2-  (   t33/2)  0.98     59.9502      0.0000      0.0557
 j =35/2+  (   u35/2)  0.98     63.2667      0.0000      0.0382
 j =35/2-  (   t35/2)  0.98     59.2337      0.0000      0.0557
 j =37/2+  (   u37/2)  0.98     62.7838      0.0000      0.0382
 single-particle energies and gaps  in the canonical basis: Proton: 
 ------------------------------------------------------------------
    j pi     (nr,l,j)  smax       Ecan       vvcan       decan
 j = 1/2+  (   s 1/2)  0.89    -50.4825      1.0000     -0.0000
 j = 1/2+  (   s 1/2)  0.83    -33.2727      1.0000     -0.0000
 j = 1/2+  (   s 1/2)  0.92    -11.3634      1.0000     -0.0000
 j = 1/2+  (   s 1/2)  0.89      9.5865      0.0000     -0.0000
 j = 1/2+  (   s 1/2)  0.48     13.7679      0.0000     -0.0000
 j = 1/2+  (   s 1/2)  0.72     22.8017      0.0000     -0.0000
 j = 1/2+  (   s 1/2)  0.58     35.3334      0.0000     -0.0000
 j = 1/2+  (   s 1/2)  0.52     49.8541      0.0000     -0.0000
 j = 1/2+  (   s 1/2)  0.60     68.2208      0.0000     -0.0000
 j = 1/2+  (   s 1/2)  0.63    100.1435      0.0000     -0.0000
 j = 1/2-  (   p 1/2)  0.93    -44.7359      1.0000     -0.0000
 j = 1/2-  (   p 1/2)  0.90    -23.0168      1.0000     -0.0000
 j = 1/2-  (   p 1/2)  0.95     -0.3924      0.0000     -0.0000
 j = 1/2-  (   p 1/2)  0.53     13.0526      0.0000     -0.0000
 j = 1/2-  (   p 1/2)  0.76     19.4179      0.0000     -0.0000
 j = 1/2-  (   p 1/2)  0.71     30.1729      0.0000     -0.0000
 j = 1/2-  (   p 1/2)  0.63     44.5879      0.0000     -0.0000
 j = 1/2-  (   p 1/2)  0.65     61.9925      0.0000     -0.0000
 j = 1/2-  (   p 1/2)  0.63     92.6795      0.0000     -0.0000
 j = 3/2+  (   d 3/2)  0.96    -37.2929      1.0000     -0.0000
 j = 3/2+  (   d 3/2)  0.95    -12.8621      1.0000     -0.0000
 j = 3/2+  (   d 3/2)  0.95      9.1287      0.0000     -0.0000
 j = 3/2+  (   d 3/2)  0.49     14.1741      0.0000     -0.0000
 j = 3/2+  (   d 3/2)  0.74     23.1067      0.0000     -0.0000
 j = 3/2+  (   d 3/2)  0.61     35.2327      0.0000     -0.0000
 j = 3/2+  (   d 3/2)  0.55     49.7740      0.0000     -0.0000
 j = 3/2+  (   d 3/2)  0.61     68.1002      0.0000     -0.0000
 j = 3/2+  (   d 3/2)  0.64     99.6154      0.0000     -0.0000
 j = 3/2-  (   p 3/2)  0.92    -45.2346      1.0000     -0.0000
 j = 3/2-  (   p 3/2)  0.89    -23.9103      1.0000     -0.0000
 j = 3/2-  (   p 3/2)  0.95     -1.1573      0.0000     -0.0000
 j = 3/2-  (   p 3/2)  0.54     12.9857      0.0000     -0.0000
 j = 3/2-  (   p 3/2)  0.76     19.0917      0.0000     -0.0000
 j = 3/2-  (   p 3/2)  0.72     29.9059      0.0000     -0.0000
 j = 3/2-  (   p 3/2)  0.63     44.2426      0.0000     -0.0000
 j = 3/2-  (   p 3/2)  0.65     61.5176      0.0000     -0.0000
 j = 3/2-  (   p 3/2)  0.63     92.2432      0.0000     -0.0000
 j = 5/2+  (   d 5/2)  0.95    -38.5231      1.0000     -0.0000
 j = 5/2+  (   d 5/2)  0.93    -14.4459      1.0000     -0.0000
 j = 5/2+  (   d 5/2)  0.95      8.3269      0.0000     -0.0000
 j = 5/2+  (   d 5/2)  0.49     14.0459      0.0000     -0.0000
 j = 5/2+  (   d 5/2)  0.74     22.7693      0.0000     -0.0000
 j = 5/2+  (   d 5/2)  0.62     34.8128      0.0000     -0.0000
 j = 5/2+  (   d 5/2)  0.56     49.2014      0.0000     -0.0000
 j = 5/2+  (   d 5/2)  0.61     67.3497      0.0000     -0.0000
 j = 5/2+  (   d 5/2)  0.63     98.9182      0.0000     -0.0000
 j = 5/2-  (   f 5/2)  0.98    -28.5273      1.0000     -0.0000
 j = 5/2-  (   f 5/2)  0.97     -2.8387      0.0000     -0.0000
 j = 5/2-  (   f 5/2)  0.60     14.2226      0.0000     -0.0000
 j = 5/2-  (   f 5/2)  0.75     19.2022      0.0000     -0.0000
 j = 5/2-  (   f 5/2)  0.75     29.8742      0.0000     -0.0000
 j = 5/2-  (   f 5/2)  0.67     44.3206      0.0000     -0.0000
 j = 5/2-  (   f 5/2)  0.67     61.4207      0.0000     -0.0000
 j = 5/2-  (   f 5/2)  0.64     91.2489      0.0000     -0.0000
 j = 7/2+  (   g 7/2)  0.98    -18.8329      1.0000     -0.0000
 j = 7/2+  (   g 7/2)  0.98      6.7488      0.0000     -0.0000
 j = 7/2+  (   g 7/2)  0.48     15.6477      0.0000     -0.0000
 j = 7/2+  (   g 7/2)  0.78     23.8632      0.0000     -0.0000
 j = 7/2+  (   g 7/2)  0.68     34.7804      0.0000     -0.0000
 j = 7/2+  (   g 7/2)  0.60     49.2953      0.0000     -0.0000
 j = 7/2+  (   g 7/2)  0.64     67.3676      0.0000     -0.0000
 j = 7/2+  (   g 7/2)  0.64     97.8390      0.0000     -0.0000
 j = 7/2-  (   f 7/2)  0.97    -30.8218      1.0000     -0.0000
 j = 7/2-  (   f 7/2)  0.96     -4.9959      0.0000     -0.0000
 j = 7/2-  (   f 7/2)  0.65     14.0103      0.0000     -0.0000
 j = 7/2-  (   f 7/2)  0.70     18.4576      0.0000     -0.0000
 j = 7/2-  (   f 7/2)  0.75     29.4210      0.0000     -0.0000
 j = 7/2-  (   f 7/2)  0.67     43.6436      0.0000     -0.0000
 j = 7/2-  (   f 7/2)  0.67     60.4242      0.0000     -0.0000
 j = 7/2-  (   f 7/2)  0.64     90.3922      0.0000     -0.0000
 j = 9/2+  (   g 9/2)  0.98    -22.4637      1.0000     -0.0000
 j = 9/2+  (   g 9/2)  0.97      4.3381      0.0000     -0.0000
 j = 9/2+  (   g 9/2)  0.47     15.5407      0.0000     -0.0000
 j = 9/2+  (   g 9/2)  0.79     23.1573      0.0000     -0.0000
 j = 9/2+  (   g 9/2)  0.70     33.9837      0.0000     -0.0000
 j = 9/2+  (   g 9/2)  0.61     48.4420      0.0000     -0.0000
 j = 9/2+  (   g 9/2)  0.64     66.1139      0.0000     -0.0000
 j = 9/2+  (   g 9/2)  0.64     96.9119      0.0000     -0.0000
 j = 9/2-  (   h 9/2)  0.98     -8.5790      0.0000     -0.0000
 j = 9/2-  (   h 9/2)  0.91     15.1048      0.0000     -0.0000
 j = 9/2-  (   h 9/2)  0.49     18.6960      0.0000     -0.0000
 j = 9/2-  (   h 9/2)  0.78     30.1072      0.0000     -0.0000
 j = 9/2-  (   h 9/2)  0.71     44.0514      0.0000     -0.0000
 j = 9/2-  (   h 9/2)  0.70     60.5372      0.0000     -0.0000
 j = 9/2-  (   h 9/2)  0.64     89.3172      0.0000     -0.0000
 j =11/2+  (   i11/2)  0.97      1.8567      0.0000     -0.0000
 j =11/2+  (   i11/2)  0.48     18.4615      0.0000     -0.0000
 j =11/2+  (   i11/2)  0.84     24.1785      0.0000     -0.0000
 j =11/2+  (   i11/2)  0.77     33.8510      0.0000     -0.0000
 j =11/2+  (   i11/2)  0.66     48.8963      0.0000     -0.0000
 j =11/2+  (   i11/2)  0.67     66.3770      0.0000     -0.0000
 j =11/2+  (   i11/2)  0.64     95.7263      0.0000     -0.0000
 j =11/2-  (   h11/2)  0.98    -13.6969      1.0000     -0.0000
 j =11/2-  (   h11/2)  0.97     13.1848      0.0000     -0.0000
 j =11/2-  (   h11/2)  0.53     18.1231      0.0000     -0.0000
 j =11/2-  (   h11/2)  0.78     29.3174      0.0000     -0.0000
 j =11/2-  (   h11/2)  0.73     42.8437      0.0000     -0.0000
 j =11/2-  (   h11/2)  0.70     58.9235      0.0000     -0.0000
 j =11/2-  (   h11/2)  0.64     88.1732      0.0000     -0.0000
 j =13/2+  (   i13/2)  0.98     -4.7138      0.0000     -0.0000
 j =13/2+  (   i13/2)  0.54     18.2570      0.0000     -0.0000
 j =13/2+  (   i13/2)  0.81     22.3635      0.0000     -0.0000
 j =13/2+  (   i13/2)  0.78     32.7152      0.0000     -0.0000
 j =13/2+  (   i13/2)  0.69     47.5731      0.0000     -0.0000
 j =13/2+  (   i13/2)  0.68     64.2706      0.0000     -0.0000
 j =13/2+  (   i13/2)  0.64     94.2442      0.0000     -0.0000
 j =13/2-  (   j13/2)  0.97     12.0913      0.0000     -0.0000
 j =13/2-  (   j13/2)  0.52     21.5606      0.0000     -0.0000
 j =13/2-  (   j13/2)  0.83     31.2722      0.0000     -0.0000
 j =13/2-  (   j13/2)  0.78     42.9744      0.0000     -0.0000
 j =13/2-  (   j13/2)  0.73     59.3362      0.0000     -0.0000
 j =13/2-  (   j13/2)  0.65     86.8641      0.0000     -0.0000
 j =15/2+  (   k15/2)  0.91     21.3988      0.0000     -0.0000
 j =15/2+  (   k15/2)  0.49     23.5794      0.0000     -0.0000
 j =15/2+  (   k15/2)  0.80     35.3811      0.0000     -0.0000
 j =15/2+  (   k15/2)  0.73     48.6444      0.0000     -0.0000
 j =15/2+  (   k15/2)  0.72     64.7595      0.0000     -0.0000
 j =15/2+  (   k15/2)  0.65     92.7888      0.0000     -0.0000
 j =15/2-  (   j15/2)  0.97      4.4232      0.0000     -0.0000
 j =15/2-  (   j15/2)  0.51     21.3572      0.0000     -0.0000
 j =15/2-  (   j15/2)  0.82     29.6016      0.0000     -0.0000
 j =15/2-  (   j15/2)  0.78     41.2937      0.0000     -0.0000
 j =15/2-  (   j15/2)  0.73     57.0749      0.0000     -0.0000
 j =15/2-  (   j15/2)  0.65     84.5971      0.0000     -0.0000
 j =17/2+  (   k17/2)  0.96     13.5189      0.0000     -0.0000
 j =17/2+  (   k17/2)  0.53     23.0577      0.0000     -0.0000
 j =17/2+  (   k17/2)  0.81     33.8719      0.0000     -0.0000
 j =17/2+  (   k17/2)  0.77     46.5006      0.0000     -0.0000
 j =17/2+  (   k17/2)  0.73     62.0533      0.0000     -0.0000
 j =17/2+  (   k17/2)  0.64     90.0528      0.0000     -0.0000
 j =17/2-  (   l17/2)  0.53     26.5060      0.0000     -0.0000
 j =17/2-  (   l17/2)  0.86     31.4059      0.0000     -0.0000
 j =17/2-  (   l17/2)  0.79     43.4182      0.0000     -0.0000
 j =17/2-  (   l17/2)  0.75     59.3113      0.0000     -0.0000
 j =17/2-  (   l17/2)  0.68     83.2020      0.0000     -0.0000
 j =19/2+  (   m19/2)  0.57     28.6013      0.0000     -0.0000
 j =19/2+  (   m19/2)  0.90     38.2514      0.0000     -0.0000
 j =19/2+  (   m19/2)  0.79     47.9035      0.0000     -0.0000
 j =19/2+  (   m19/2)  0.74     64.8946      0.0000     -0.0000
 j =19/2+  (   m19/2)  0.65     89.5579      0.0000     -0.0000
 j =19/2-  (   l19/2)  0.96     22.3759      0.0000     -0.0000
 j =19/2-  (   l19/2)  0.57     27.0293      0.0000     -0.0000
 j =19/2-  (   l19/2)  0.76     41.5658      0.0000     -0.0000
 j =19/2-  (   l19/2)  0.76     55.6592      0.0000     -0.0000
 j =19/2-  (   l19/2)  0.69     79.7482      0.0000     -0.0000
 j =21/2+  (   m21/2)  0.55     28.4311      0.0000     -0.0000
 j =21/2+  (   m21/2)  0.85     31.5165      0.0000     -0.0000
 j =21/2+  (   m21/2)  0.78     44.9329      0.0000     -0.0000
 j =21/2+  (   m21/2)  0.76     60.7111      0.0000     -0.0000
 j =21/2+  (   m21/2)  0.68     85.0478      0.0000     -0.0000
 j =21/2-  (   n21/2)  0.59     33.5630      0.0000     -0.0000
 j =21/2-  (   n21/2)  0.87     46.6155      0.0000     -0.0000
 j =21/2-  (   n21/2)  0.77     57.8970      0.0000     -0.0000
 j =21/2-  (   n21/2)  0.69     81.6222      0.0000     -0.0000
 j =23/2+  (   o23/2)  0.60     35.7204      0.0000     -0.0000
 j =23/2+  (   o23/2)  0.84     51.2423      0.0000     -0.0000
 j =23/2+  (   o23/2)  0.76     63.6391      0.0000     -0.0000
 j =23/2+  (   o23/2)  0.68     87.3812      0.0000     -0.0000
 j =23/2-  (   n23/2)  0.57     33.2470      0.0000     -0.0000
 j =23/2-  (   n23/2)  0.81     41.2233      0.0000     -0.0000
 j =23/2-  (   n23/2)  0.69     53.1799      0.0000     -0.0000
 j =23/2-  (   n23/2)  0.75     74.7531      0.0000     -0.0000
 j =25/2+  (   o25/2)  0.59     35.5927      0.0000     -0.0000
 j =25/2+  (   o25/2)  0.88     48.1891      0.0000     -0.0000
 j =25/2+  (   o25/2)  0.76     57.6714      0.0000     -0.0000
 j =25/2+  (   o25/2)  0.74     79.2402      0.0000     -0.0000
 j =25/2-  (   P25/2)  0.67     42.3984      0.0000     -0.0000
 j =25/2-  (   P25/2)  0.80     60.5857      0.0000     -0.0000
 j =25/2-  (   P25/2)  0.73     77.8320      0.0000     -0.0000
 j =27/2+  (   q27/2)  0.68     44.7550      0.0000     -0.0000
 j =27/2+  (   q27/2)  0.80     64.8916      0.0000     -0.0000
 j =27/2+  (   q27/2)  0.70     83.4700      0.0000     -0.0000
 j =27/2-  (   P27/2)  0.63     42.1487      0.0000     -0.0000
 j =27/2-  (   P27/2)  0.79     57.5073      0.0000     -0.0000
 j =27/2-  (   P27/2)  0.81     68.6448      0.0000     -0.0000
 j =29/2+  (   q29/2)  0.65     44.5556      0.0000     -0.0000
 j =29/2+  (   q29/2)  0.81     63.4393      0.0000     -0.0000
 j =29/2+  (   q29/2)  0.75     74.2718      0.0000     -0.0000
 j =29/2-  (   r29/2)  0.76     53.9824      0.0000     -0.0000
 j =29/2-  (   r29/2)  0.75     77.2293      0.0000     -0.0000
 j =31/2+  (   S31/2)  0.76     56.6327      0.0000     -0.0000
 j =31/2+  (   S31/2)  0.75     82.1664      0.0000     -0.0000
 j =31/2-  (   r31/2)  0.74     53.7643      0.0000     -0.0000
 j =31/2-  (   r31/2)  0.74     72.7438      0.0000     -0.0000
 j =33/2+  (   S33/2)  0.75     56.4490      0.0000     -0.0000
 j =33/2+  (   S33/2)  0.74     78.8092      0.0000     -0.0000
 j =33/2-  (   t33/2)  0.98     70.5932      0.0000     -0.0000
 j =35/2+  (   u35/2)  0.98     73.8215      0.0000     -0.0000
 j =35/2-  (   t35/2)  0.98     69.8733      0.0000     -0.0000
 j =37/2+  (   u37/2)  0.98     73.3270      0.0000     -0.0000
  ****** END CANON **********************************
  ****** BEGIN RESU *********************************
   ****** BEGIN EXPECT *******

                            neutron        proton         total
 particle number           144.000000      82.000000     226.000000
 trace scalar density      137.357920      79.002700     216.360620
 lambda                     -3.291660     -10.207464
 spk                        16.466550       0.000000
 rms-Radius                  5.906055       5.608602       5.799893
 charge-Radius                              5.665370
 Particle Energ          -3285.838689   -2078.157014   -5363.995702
 Selfconsistency Test.                                     0.000001

 Kinetic Energy           2067.000908     919.011590    2986.012499
 E-scsc                                               -33848.779353
 E-scve                                                28201.675649
 E-vesc                                                    0.000000
 E-veve                                                  173.650599
 E-rearrang.                                             987.192747
 Coulomb direct                                          804.852630
 Pairing Energy            -18.172242       0.000000     -18.172242
 Sum without E-cm                                      -1700.760218
DE-cm <P**2>/2M            -12.836607      -5.712803     -18.549410
NE-cm <P**2>/2M              9.585119       3.616404      13.201522
 E-cm <P**2>/2M             -3.251488      -2.096399      -5.347888
 Total Energy                                          -1706.108106
 E/A                                                      -7.549151

  ****** END EXPECT *********************************


 quasi-particle properties Neutron:
 ------------------------------------------------------------------
     p/h    l j     [nr,l,j]  smax       Eqp       uu       vv
   1  p   1s 1/2   ( 4s  1/2) 0.88     2.920     0.986     0.014
   2  p   2s 1/2   ( 6s  1/2) 0.48     7.805     0.998     0.002
   3  p   3s 1/2   ( 5s  1/2) 0.59    16.204     0.705     0.295
   4  h   4s 1/2   ( 3s  1/2) 0.80    16.683     0.298     0.702
   5  p   5s 1/2   ( 6s  1/2) 0.59    28.655     1.000     0.000
   6  h   6s 1/2   ( 2s  1/2) 0.90    39.265     0.001     0.999
   7  p   7s 1/2   ( 7s  1/2) 0.54    43.292     1.000     0.000
   8  h   8s 1/2   ( 1s  1/2) 0.93    56.865     0.000     1.000
   9  p   9s 1/2   ( 8s  1/2) 0.61    62.075     1.000     0.000
  10  p  10s 1/2   ( 9s  1/2) 0.64    92.509     1.000     0.000
  11  h   1p 1/2   ( 3p  1/2) 0.96     5.622     0.028     0.972
  12  p   2p 1/2   ( 4p  1/2) 0.58     6.421     0.984     0.016
  13  p   3p 1/2   ( 4p  1/2) 0.72    13.158     1.000     0.000
  14  p   4p 1/2   ( 5p  1/2) 0.70    23.797     0.999     0.001
  15  h   5p 1/2   ( 2p  1/2) 0.94    28.375     0.001     0.999
  16  p   6p 1/2   ( 6p  1/2) 0.63    38.098     1.000     0.000
  17  h   7p 1/2   ( 1p  1/2) 0.96    50.277     0.000     1.000
  18  p   8p 1/2   ( 7p  1/2) 0.65    56.040     1.000     0.000
  19  p   9p 1/2   ( 8p  1/2) 0.64    85.406     1.000     0.000
  20  p   1d 3/2   ( 3d  3/2) 0.92     3.103     0.982     0.018
  21  p   2d 3/2   ( 5d  3/2) 0.49     8.242     0.998     0.002
  22  p   3d 3/2   ( 4d  3/2) 0.70    16.762     0.949     0.051
  23  h   4d 3/2   ( 2d  3/2) 0.94    17.658     0.053     0.947
  24  p   5d 3/2   ( 5d  3/2) 0.60    28.856     1.000     0.000
  25  h   6d 3/2   ( 1d  3/2) 0.97    42.174     0.004     0.996
  26  p   7d 3/2   ( 6d  3/2) 0.54    43.569     0.996     0.004
  27  p   8d 3/2   ( 7d  3/2) 0.62    62.301     1.000     0.000
  28  p   9d 3/2   ( 8d  3/2) 0.64    92.817     1.000     0.000
  29  p   1p 3/2   ( 4p  3/2) 0.52     6.272     0.768     0.232
  30  h   2p 3/2   ( 3p  3/2) 0.84     6.468     0.241     0.759
  31  p   3p 3/2   ( 4p  3/2) 0.71    12.881     0.999     0.001
  32  p   4p 3/2   ( 5p  3/2) 0.71    23.534     0.999     0.001
  33  h   5p 3/2   ( 2p  3/2) 0.93    29.221     0.001     0.999
  34  p   6p 3/2   ( 6p  3/2) 0.63    37.759     1.000     0.000
  35  h   7p 3/2   ( 1p  3/2) 0.95    50.637     0.000     1.000
  36  p   8p 3/2   ( 7p  3/2) 0.65    55.574     1.000     0.000
  37  p   9p 3/2   ( 8p  3/2) 0.64    85.050     1.000     0.000
  38  p   1d 5/2   ( 3d  5/2) 0.93     2.398     0.968     0.032
  39  p   2d 5/2   ( 5d  5/2) 0.50     8.026     0.999     0.001
  40  p   3d 5/2   ( 4d  5/2) 0.72    16.424     0.996     0.004
  41  h   4d 5/2   ( 2d  5/2) 0.95    19.167     0.006     0.994
  42  p   5d 5/2   ( 5d  5/2) 0.61    28.441     1.000     0.000
  43  p   6d 5/2   ( 6d  5/2) 0.52    42.933     0.880     0.120
  44  h   7d 5/2   ( 1d  5/2) 0.91    43.219     0.121     0.879
  45  p   8d 5/2   ( 7d  5/2) 0.62    61.527     1.000     0.000
  46  p   9d 5/2   ( 8d  5/2) 0.64    92.175     1.000     0.000
  47  h   1f 5/2   ( 2f  5/2) 0.97     7.254     0.012     0.988
  48  p   2f 5/2   ( 3f  5/2) 0.64     7.483     0.997     0.003
  49  p   3f 5/2   ( 3f  5/2) 0.70    13.210     0.999     0.001
  50  p   4f 5/2   ( 4f  5/2) 0.74    23.528     1.000     0.000
  51  h   5f 5/2   ( 1f  5/2) 0.98    32.874     0.001     0.999
  52  p   6f 5/2   ( 5f  5/2) 0.66    37.956     1.000     0.000
  53  p   7f 5/2   ( 6f  5/2) 0.67    55.680     1.000     0.000
  54  p   8f 5/2   ( 7f  5/2) 0.64    84.766     1.000     0.000
  55  p   1g 7/2   ( 2g  7/2) 0.95     2.493     0.943     0.057
  56  p   2g 7/2   ( 4g  7/2) 0.49     9.476     0.999     0.001
  57  p   3g 7/2   ( 3g  7/2) 0.75    17.514     1.000     0.000
  58  h   4g 7/2   ( 1g  7/2) 0.98    22.709     0.002     0.998
  59  p   5g 7/2   ( 4g  7/2) 0.66    28.594     1.000     0.000
  60  p   6g 7/2   ( 5g  7/2) 0.59    43.033     1.000     0.000
  61  p   7g 7/2   ( 6g  7/2) 0.64    61.660     1.000     0.000
  62  p   8g 7/2   ( 7g  7/2) 0.64    91.398     1.000     0.000
  63  p   1f 7/2   ( 3f  7/2) 0.68     7.249     0.999     0.001
  64  h   2f 7/2   ( 2f  7/2) 0.97     9.396     0.008     0.992
  65  p   3f 7/2   ( 3f  7/2) 0.67    12.564     0.997     0.003
  66  p   4f 7/2   ( 4f  7/2) 0.74    23.014     1.000     0.000
  67  h   5f 7/2   ( 1f  7/2) 0.98    34.875     0.001     0.999
  68  p   6f 7/2   ( 5f  7/2) 0.66    37.229     0.999     0.001
  69  p   7f 7/2   ( 6f  7/2) 0.67    54.622     1.000     0.000
  70  p   8f 7/2   ( 7f  7/2) 0.64    83.883     1.000     0.000
  71  h   1g 9/2   ( 2g  9/2) 0.74     1.171     0.435     0.565
  72  p   2g 9/2   ( 4g  9/2) 0.50     9.271     1.000     0.000
  73  p   3g 9/2   ( 3g  9/2) 0.75    16.846     1.000     0.000
  74  h   4g 9/2   ( 1g  9/2) 0.98    26.005     0.002     0.998
  75  p   5g 9/2   ( 4g  9/2) 0.67    27.845     0.998     0.002
  76  p   6g 9/2   ( 5g  9/2) 0.60    42.122     1.000     0.000
  77  p   7g 9/2   ( 6g  9/2) 0.64    60.338     1.000     0.000
  78  p   8g 9/2   ( 7g  9/2) 0.64    90.402     1.000     0.000
  79  p   1h 9/2   ( 2h  9/2) 0.81     9.131     0.996     0.004
  80  h   2h 9/2   ( 1h  9/2) 0.96    12.035     0.031     0.969
  81  p   3h 9/2   ( 2h  9/2) 0.53    13.341     0.974     0.026
  82  p   4h 9/2   ( 3h  9/2) 0.76    23.856     1.000     0.000
  83  p   5h 9/2   ( 4h  9/2) 0.69    37.890     1.000     0.000
  84  p   6h 9/2   ( 5h  9/2) 0.69    54.980     1.000     0.000
  85  p   7h 9/2   ( 6h  9/2) 0.64    82.961     1.000     0.000
  86  h   1i11/2   ( 1i 11/2) 0.90     1.780     0.149     0.851
  87  p   2i11/2   ( 2i 11/2) 0.50    12.073     1.000     0.000
  88  p   3i11/2   ( 2i 11/2) 0.79    18.362     1.000     0.000
  89  p   4i11/2   ( 3i 11/2) 0.73    28.148     1.000     0.000
  90  p   5i11/2   ( 4i 11/2) 0.64    42.841     1.000     0.000
  91  p   6i11/2   ( 5i 11/2) 0.66    61.100     1.000     0.000
  92  p   7i11/2   ( 6i 11/2) 0.65    89.626     1.000     0.000
  93  p   1h11/2   ( 2h 11/2) 0.93     7.752     0.997     0.003
  94  p   2h11/2   ( 4h 11/2) 0.52    12.299     0.998     0.002
  95  h   3h11/2   ( 1h 11/2) 0.98    16.854     0.004     0.996
  96  p   4h11/2   ( 3h 11/2) 0.76    22.968     1.000     0.000
  97  p   5h11/2   ( 4h 11/2) 0.71    36.688     1.000     0.000
  98  p   6h11/2   ( 5h 11/2) 0.69    53.304     1.000     0.000
  99  p   7h11/2   ( 6h 11/2) 0.64    81.762     1.000     0.000
 100  h   1i13/2   ( 1i 13/2) 0.97     7.634     0.008     0.992
 101  p   2i13/2   ( 2i 13/2) 0.58    11.830     1.000     0.000
 102  p   3i13/2   ( 2i 13/2) 0.77    16.867     0.999     0.001
 103  p   4i13/2   ( 3i 13/2) 0.76    26.827     1.000     0.000
 104  p   5i13/2   ( 4i 13/2) 0.66    41.412     1.000     0.000
 105  p   6i13/2   ( 5i 13/2) 0.67    58.921     1.000     0.000
 106  p   7i13/2   ( 6i 13/2) 0.64    88.144     1.000     0.000
 107  p   1j13/2   ( 1j 13/2) 0.97     8.990     0.996     0.004
 108  p   2j13/2   ( 3j 13/2) 0.51    15.244     1.000     0.000
 109  p   3j13/2   ( 2j 13/2) 0.79    24.849     1.000     0.000
 110  p   4j13/2   ( 3j 13/2) 0.75    37.210     1.000     0.000
 111  p   5j13/2   ( 4j 13/2) 0.72    54.052     1.000     0.000
 112  p   6j13/2   ( 5j 13/2) 0.64    81.438     1.000     0.000
 113  p   1k15/2   ( 1k 15/2) 0.60    16.121     1.000     0.000
 114  p   2k15/2   ( 1k 15/2) 0.78    19.183     0.999     0.001
 115  p   3k15/2   ( 2k 15/2) 0.78    29.094     1.000     0.000
 116  p   4k15/2   ( 3k 15/2) 0.69    42.671     1.000     0.000
 117  p   5k15/2   ( 4k 15/2) 0.70    59.599     1.000     0.000
 118  p   6k15/2   ( 5k 15/2) 0.65    87.744     1.000     0.000
 119  p   1j15/2   ( 1j 15/2) 0.93     2.046     0.907     0.093
 120  p   2j15/2   ( 2j 15/2) 0.53    14.895     1.000     0.000
 121  p   3j15/2   ( 2j 15/2) 0.79    23.420     1.000     0.000
 122  p   4j15/2   ( 3j 15/2) 0.76    35.410     1.000     0.000
 123  p   5j15/2   ( 4j 15/2) 0.72    51.537     1.000     0.000
 124  p   6j15/2   ( 6j 15/2) 0.65    79.196     1.000     0.000
 125  p   1k17/2   ( 1k 17/2) 0.97    10.585     0.998     0.002
 126  p   2k17/2   ( 3k 17/2) 0.52    16.962     1.000     0.000
 127  p   3k17/2   ( 2k 17/2) 0.78    27.371     1.000     0.000
 128  p   4k17/2   ( 3k 17/2) 0.74    40.550     1.000     0.000
 129  p   5k17/2   ( 4k 17/2) 0.71    56.622     1.000     0.000
 130  p   6k17/2   ( 5k 17/2) 0.64    84.972     1.000     0.000
 131  p   1l17/2   ( 3l 17/2) 0.54    20.063     1.000     0.000
 132  p   2l17/2   ( 1l 17/2) 0.86    27.078     1.000     0.000
 133  p   3l17/2   ( 2l 17/2) 0.78    37.520     1.000     0.000
 134  p   4l17/2   ( 3l 17/2) 0.74    53.990     1.000     0.000
 135  p   5l17/2   ( 5l 17/2) 0.67    78.389     1.000     0.000
 136  p   1m19/2   ( 3m 19/2) 0.57    22.351     1.000     0.000
 137  p   2m19/2   ( 1m 19/2) 0.84    32.475     1.000     0.000
 138  p   3m19/2   ( 2m 19/2) 0.72    42.833     1.000     0.000
 139  p   4m19/2   ( 3m 19/2) 0.71    59.766     1.000     0.000
 140  p   5m19/2   ( 4m 19/2) 0.65    84.829     1.000     0.000
 141  p   1l19/2   ( 1l 19/2) 0.90    18.415     1.000     0.000
 142  p   2l19/2   ( 2l 19/2) 0.56    21.412     1.000     0.000
 143  p   3l19/2   ( 2l 19/2) 0.76    34.892     1.000     0.000
 144  p   4l19/2   ( 3l 19/2) 0.75    50.112     1.000     0.000
 145  p   5l19/2   ( 5l 19/2) 0.68    74.809     1.000     0.000
 146  p   1m21/2   ( 3m 21/2) 0.55    22.191     1.000     0.000
 147  p   2m21/2   ( 1m 21/2) 0.88    27.573     1.000     0.000
 148  p   3m21/2   ( 2m 21/2) 0.79    38.718     1.000     0.000
 149  p   4m21/2   ( 3m 21/2) 0.75    55.002     1.000     0.000
 150  p   5m21/2   ( 5m 21/2) 0.67    80.250     1.000     0.000
 151  p   1n21/2   ( 2n 21/2) 0.59    27.046     1.000     0.000
 152  p   2n21/2   ( 1n 21/2) 0.83    40.085     1.000     0.000
 153  p   3n21/2   ( 2n 21/2) 0.75    53.452     1.000     0.000
 154  p   4n21/2   ( 4n 21/2) 0.68    77.264     1.000     0.000
 155  p   1o23/2   ( 2o 23/2) 0.60    29.438     1.000     0.000
 156  p   2o23/2   ( 1o 23/2) 0.80    44.077     1.000     0.000
 157  p   3o23/2   ( 2o 23/2) 0.73    58.904     1.000     0.000
 158  p   4o23/2   ( 4o 23/2) 0.66    83.503     1.000     0.000
 159  p   1n23/2   ( 3n 23/2) 0.56    26.799     1.000     0.000
 160  p   2n23/2   ( 1n 23/2) 0.84    36.314     1.000     0.000
 161  p   3n23/2   ( 2n 23/2) 0.73    47.428     1.000     0.000
 162  p   4n23/2   ( 4n 23/2) 0.74    70.037     1.000     0.000
 163  p   1o25/2   ( 2o 25/2) 0.58    29.326     1.000     0.000
 164  p   2o25/2   ( 1o 25/2) 0.86    42.047     1.000     0.000
 165  p   3o25/2   ( 2o 25/2) 0.77    52.589     1.000     0.000
 166  p   4o25/2   ( 4o 25/2) 0.73    74.669     1.000     0.000
 167  p   1P25/2   ( 2P 25/2) 0.68    35.709     1.000     0.000
 168  p   2P25/2   ( 1P 25/2) 0.78    53.475     1.000     0.000
 169  p   3P25/2   ( 3P 25/2) 0.71    74.456     1.000     0.000
 170  p   1q27/2   ( 2q 27/2) 0.68    38.311     1.000     0.000
 171  p   2q27/2   ( 1q 27/2) 0.78    57.408     1.000     0.000
 172  p   3q27/2   ( 3q 27/2) 0.69    79.715     1.000     0.000
 173  p   1P27/2   ( 2P 27/2) 0.65    35.523     1.000     0.000
 174  p   2P27/2   ( 1P 27/2) 0.79    51.032     1.000     0.000
 175  p   3P27/2   ( 3P 27/2) 0.78    64.487     1.000     0.000
 176  p   1q29/2   ( 2q 29/2) 0.66    38.164     1.000     0.000
 177  p   2q29/2   ( 1q 29/2) 0.79    56.105     1.000     0.000
 178  p   3q29/2   ( 3q 29/2) 0.74    70.211     1.000     0.000
 179  p   1r29/2   ( 1r 29/2) 0.78    46.986     1.000     0.000
 180  p   2r29/2   ( 2r 29/2) 0.77    71.079     1.000     0.000
 181  p   1S31/2   ( 1S 31/2) 0.77    49.861     1.000     0.000
 182  p   2S31/2   ( 2S 31/2) 0.77    75.463     1.000     0.000
 183  p   1r31/2   ( 1r 31/2) 0.77    46.816     1.000     0.000
 184  p   2r31/2   ( 2r 31/2) 0.76    66.472     1.000     0.000
 185  p   1S33/2   ( 1S 33/2) 0.76    49.721     1.000     0.000
 186  p   2S33/2   ( 2S 33/2) 0.76    72.009     1.000     0.000
 187  p   1t33/2   ( 1t 33/2) 0.98    63.242     1.000     0.000
 188  p   1u35/2   ( 1u 35/2) 0.98    66.558     1.000     0.000
 189  p   1t35/2   ( 1t 35/2) 0.98    62.525     1.000     0.000
 190  p   1u37/2   ( 1u 37/2) 0.98    66.075     1.000     0.000


 quasi-particle properties Proton: 
 ------------------------------------------------------------------
     p/h    l j     [nr,l,j]  smax       Eqp       uu       vv
   1  h   1s 1/2   ( 3s  1/2) 0.92     1.156     0.000     1.000
   2  p   2s 1/2   ( 4s  1/2) 0.89    19.794     1.000     0.000
   3  h   3s 1/2   ( 2s  1/2) 0.83    23.065     0.000     1.000
   4  p   4s 1/2   ( 6s  1/2) 0.48    23.975     1.000     0.000
   5  p   5s 1/2   ( 5s  1/2) 0.72    33.009     1.000     0.000
   6  h   6s 1/2   ( 1s  1/2) 0.89    40.275     0.000     1.000
   7  p   7s 1/2   ( 6s  1/2) 0.58    45.541     1.000     0.000
   8  p   8s 1/2   ( 6s  1/2) 0.52    60.062     1.000     0.000
   9  p   9s 1/2   ( 8s  1/2) 0.60    78.428     1.000     0.000
  11  p   1p 1/2   ( 3p  1/2) 0.95     9.815     1.000     0.000
  12  h   2p 1/2   ( 2p  1/2) 0.90    12.809     0.000     1.000
  13  p   3p 1/2   ( 4p  1/2) 0.53    23.260     1.000     0.000
  14  p   4p 1/2   ( 4p  1/2) 0.76    29.625     1.000     0.000
  15  h   5p 1/2   ( 1p  1/2) 0.93    34.528     0.000     1.000
  16  p   6p 1/2   ( 5p  1/2) 0.71    40.380     1.000     0.000
  17  p   7p 1/2   ( 6p  1/2) 0.63    54.795     1.000     0.000
  18  p   8p 1/2   ( 7p  1/2) 0.65    72.200     1.000     0.000
  20  h   1d 3/2   ( 2d  3/2) 0.95     2.655     0.000     1.000
  21  p   2d 3/2   ( 3d  3/2) 0.95    19.336     1.000     0.000
  22  p   3d 3/2   ( 5d  3/2) 0.49    24.382     1.000     0.000
  23  h   4d 3/2   ( 1d  3/2) 0.96    27.085     0.000     1.000
  24  p   5d 3/2   ( 4d  3/2) 0.74    33.314     1.000     0.000
  25  p   6d 3/2   ( 5d  3/2) 0.61    45.440     1.000     0.000
  26  p   7d 3/2   ( 6d  3/2) 0.55    59.981     1.000     0.000
  27  p   8d 3/2   ( 7d  3/2) 0.61    78.308     1.000     0.000
  29  p   1p 3/2   ( 3p  3/2) 0.95     9.050     1.000     0.000
  30  h   2p 3/2   ( 2p  3/2) 0.89    13.703     0.000     1.000
  31  p   3p 3/2   ( 4p  3/2) 0.54    23.193     1.000     0.000
  32  p   4p 3/2   ( 4p  3/2) 0.76    29.299     1.000     0.000
  33  h   5p 3/2   ( 1p  3/2) 0.92    35.027     0.000     1.000
  34  p   6p 3/2   ( 5p  3/2) 0.72    40.113     1.000     0.000
  35  p   7p 3/2   ( 6p  3/2) 0.63    54.450     1.000     0.000
  36  p   8p 3/2   ( 7p  3/2) 0.65    71.725     1.000     0.000
  38  h   1d 5/2   ( 2d  5/2) 0.93     4.238     0.000     1.000
  39  p   2d 5/2   ( 3d  5/2) 0.95    18.534     1.000     0.000
  40  p   3d 5/2   ( 5d  5/2) 0.49    24.253     1.000     0.000
  41  h   4d 5/2   ( 1d  5/2) 0.95    28.316     0.000     1.000
  42  p   5d 5/2   ( 4d  5/2) 0.74    32.977     1.000     0.000
  43  p   6d 5/2   ( 5d  5/2) 0.62    45.020     1.000     0.000
  44  p   7d 5/2   ( 6d  5/2) 0.56    59.409     1.000     0.000
  45  p   8d 5/2   ( 7d  5/2) 0.61    77.557     1.000     0.000
  47  p   1f 5/2   ( 2f  5/2) 0.97     7.369     1.000     0.000
  48  h   2f 5/2   ( 1f  5/2) 0.98    18.320     0.000     1.000
  49  p   3f 5/2   ( 3f  5/2) 0.60    24.430     1.000     0.000
  50  p   4f 5/2   ( 3f  5/2) 0.75    29.410     1.000     0.000
  51  p   5f 5/2   ( 4f  5/2) 0.75    40.082     1.000     0.000
  52  p   6f 5/2   ( 5f  5/2) 0.67    54.528     1.000     0.000
  53  p   7f 5/2   ( 6f  5/2) 0.67    71.628     1.000     0.000
  55  h   1g 7/2   ( 1g  7/2) 0.98     8.625     0.000     1.000
  56  p   2g 7/2   ( 2g  7/2) 0.98    16.956     1.000     0.000
  57  p   3g 7/2   ( 5g  7/2) 0.48    25.855     1.000     0.000
  58  p   4g 7/2   ( 3g  7/2) 0.78    34.071     1.000     0.000
  59  p   5g 7/2   ( 4g  7/2) 0.68    44.988     1.000     0.000
  60  p   6g 7/2   ( 5g  7/2) 0.60    59.503     1.000     0.000
  61  p   7g 7/2   ( 6g  7/2) 0.64    77.575     1.000     0.000
  63  p   1f 7/2   ( 2f  7/2) 0.96     5.212     1.000     0.000
  64  h   2f 7/2   ( 1f  7/2) 0.97    20.614     0.000     1.000
  65  p   3f 7/2   ( 3f  7/2) 0.65    24.218     1.000     0.000
  66  p   4f 7/2   ( 3f  7/2) 0.70    28.665     1.000     0.000
  67  p   5f 7/2   ( 4f  7/2) 0.75    39.628     1.000     0.000
  68  p   6f 7/2   ( 5f  7/2) 0.67    53.851     1.000     0.000
  69  p   7f 7/2   ( 6f  7/2) 0.67    70.632     1.000     0.000
  71  h   1g 9/2   ( 1g  9/2) 0.98    12.256     0.000     1.000
  72  p   2g 9/2   ( 2g  9/2) 0.97    14.546     1.000     0.000
  73  p   3g 9/2   ( 5g  9/2) 0.47    25.748     1.000     0.000
  74  p   4g 9/2   ( 3g  9/2) 0.79    33.365     1.000     0.000
  75  p   5g 9/2   ( 4g  9/2) 0.70    44.191     1.000     0.000
  76  p   6g 9/2   ( 5g  9/2) 0.61    58.649     1.000     0.000
  77  p   7g 9/2   ( 6g  9/2) 0.64    76.321     1.000     0.000
  79  p   1h 9/2   ( 1h  9/2) 0.98     1.628     1.000     0.000
  80  p   2h 9/2   ( 2h  9/2) 0.91    25.312     1.000     0.000
  81  p   3h 9/2   ( 4h  9/2) 0.49    28.903     1.000     0.000
  82  p   4h 9/2   ( 3h  9/2) 0.78    40.315     1.000     0.000
  83  p   5h 9/2   ( 4h  9/2) 0.71    54.259     1.000     0.000
  84  p   6h 9/2   ( 5h  9/2) 0.70    70.745     1.000     0.000
  85  p   7h 9/2   ( 6h  9/2) 0.64    99.525     1.000     0.000
  86  p   1i11/2   ( 1i 11/2) 0.97    12.064     1.000     0.000
  87  p   2i11/2   ( 4i 11/2) 0.48    28.669     1.000     0.000
  88  p   3i11/2   ( 2i 11/2) 0.84    34.386     1.000     0.000
  89  p   4i11/2   ( 3i 11/2) 0.77    44.058     1.000     0.000
  90  p   5i11/2   ( 4i 11/2) 0.66    59.104     1.000     0.000
  91  p   6i11/2   ( 5i 11/2) 0.67    76.584     1.000     0.000
  93  h   1h11/2   ( 1h 11/2) 0.98     3.489     0.000     1.000
  94  p   2h11/2   ( 2h 11/2) 0.97    23.392     1.000     0.000
  95  p   3h11/2   ( 4h 11/2) 0.53    28.331     1.000     0.000
  96  p   4h11/2   ( 3h 11/2) 0.78    39.525     1.000     0.000
  97  p   5h11/2   ( 4h 11/2) 0.73    53.051     1.000     0.000
  98  p   6h11/2   ( 5h 11/2) 0.70    69.131     1.000     0.000
  99  p   7h11/2   ( 6h 11/2) 0.64    98.381     1.000     0.000
 100  p   1i13/2   ( 1i 13/2) 0.98     5.494     1.000     0.000
 101  p   2i13/2   ( 2i 13/2) 0.54    28.464     1.000     0.000
 102  p   3i13/2   ( 2i 13/2) 0.81    32.571     1.000     0.000
 103  p   4i13/2   ( 3i 13/2) 0.78    42.923     1.000     0.000
 104  p   5i13/2   ( 4i 13/2) 0.69    57.781     1.000     0.000
 105  p   6i13/2   ( 5i 13/2) 0.68    74.478     1.000     0.000
 107  p   1j13/2   ( 1j 13/2) 0.97    22.299     1.000     0.000
 108  p   2j13/2   ( 4j 13/2) 0.52    31.768     1.000     0.000
 109  p   3j13/2   ( 2j 13/2) 0.83    41.480     1.000     0.000
 110  p   4j13/2   ( 3j 13/2) 0.78    53.182     1.000     0.000
 111  p   5j13/2   ( 4j 13/2) 0.73    69.544     1.000     0.000
 112  p   6j13/2   ( 6j 13/2) 0.65    97.072     1.000     0.000
 113  p   1k15/2   ( 1k 15/2) 0.91    31.606     1.000     0.000
 114  p   2k15/2   ( 4k 15/2) 0.49    33.787     1.000     0.000
 115  p   3k15/2   ( 2k 15/2) 0.80    45.589     1.000     0.000
 116  p   4k15/2   ( 3k 15/2) 0.73    58.852     1.000     0.000
 117  p   5k15/2   ( 4k 15/2) 0.72    74.967     1.000     0.000
 119  p   1j15/2   ( 1j 15/2) 0.97    14.631     1.000     0.000
 120  p   2j15/2   ( 4j 15/2) 0.51    31.565     1.000     0.000
 121  p   3j15/2   ( 2j 15/2) 0.82    39.809     1.000     0.000
 122  p   4j15/2   ( 3j 15/2) 0.78    51.501     1.000     0.000
 123  p   5j15/2   ( 4j 15/2) 0.73    67.282     1.000     0.000
 124  p   6j15/2   ( 6j 15/2) 0.65    94.805     1.000     0.000
 125  p   1k17/2   ( 1k 17/2) 0.96    23.726     1.000     0.000
 126  p   2k17/2   ( 4k 17/2) 0.53    33.265     1.000     0.000
 127  p   3k17/2   ( 2k 17/2) 0.81    44.079     1.000     0.000
 128  p   4k17/2   ( 3k 17/2) 0.77    56.708     1.000     0.000
 129  p   5k17/2   ( 4k 17/2) 0.73    72.261     1.000     0.000
 131  p   1l17/2   ( 3l 17/2) 0.53    36.713     1.000     0.000
 132  p   2l17/2   ( 1l 17/2) 0.86    41.613     1.000     0.000
 133  p   3l17/2   ( 2l 17/2) 0.79    53.626     1.000     0.000
 134  p   4l17/2   ( 3l 17/2) 0.75    69.519     1.000     0.000
 135  p   5l17/2   ( 5l 17/2) 0.68    93.410     1.000     0.000
 136  p   1m19/2   ( 3m 19/2) 0.57    38.809     1.000     0.000
 137  p   2m19/2   ( 1m 19/2) 0.90    48.459     1.000     0.000
 138  p   3m19/2   ( 2m 19/2) 0.79    58.111     1.000     0.000
 139  p   4m19/2   ( 3m 19/2) 0.74    75.102     1.000     0.000
 140  p   5m19/2   ( 4m 19/2) 0.65    99.765     1.000     0.000
 141  p   1l19/2   ( 1l 19/2) 0.96    32.583     1.000     0.000
 142  p   2l19/2   ( 2l 19/2) 0.57    37.237     1.000     0.000
 143  p   3l19/2   ( 2l 19/2) 0.76    51.773     1.000     0.000
 144  p   4l19/2   ( 3l 19/2) 0.76    65.867     1.000     0.000
 145  p   5l19/2   ( 5l 19/2) 0.69    89.956     1.000     0.000
 146  p   1m21/2   ( 3m 21/2) 0.55    38.639     1.000     0.000
 147  p   2m21/2   ( 1m 21/2) 0.85    41.724     1.000     0.000
 148  p   3m21/2   ( 2m 21/2) 0.78    55.140     1.000     0.000
 149  p   4m21/2   ( 3m 21/2) 0.76    70.919     1.000     0.000
 150  p   5m21/2   ( 5m 21/2) 0.68    95.255     1.000     0.000
 151  p   1n21/2   ( 3n 21/2) 0.59    43.770     1.000     0.000
 152  p   2n21/2   ( 1n 21/2) 0.87    56.823     1.000     0.000
 153  p   3n21/2   ( 2n 21/2) 0.77    68.104     1.000     0.000
 154  p   4n21/2   ( 4n 21/2) 0.69    91.830     1.000     0.000
 155  p   1o23/2   ( 3o 23/2) 0.60    45.928     1.000     0.000
 156  p   2o23/2   ( 1o 23/2) 0.84    61.450     1.000     0.000
 157  p   3o23/2   ( 2o 23/2) 0.76    73.847     1.000     0.000
 158  p   4o23/2   ( 4o 23/2) 0.68    97.589     1.000     0.000
 159  p   1n23/2   ( 3n 23/2) 0.57    43.454     1.000     0.000
 160  p   2n23/2   ( 1n 23/2) 0.81    51.431     1.000     0.000
 161  p   3n23/2   ( 2n 23/2) 0.69    63.387     1.000     0.000
 162  p   4n23/2   ( 4n 23/2) 0.75    84.961     1.000     0.000
 163  p   1o25/2   ( 3o 25/2) 0.59    45.800     1.000     0.000
 164  p   2o25/2   ( 1o 25/2) 0.88    58.397     1.000     0.000
 165  p   3o25/2   ( 2o 25/2) 0.76    67.879     1.000     0.000
 166  p   4o25/2   ( 4o 25/2) 0.74    89.448     1.000     0.000
 167  p   1P25/2   ( 2P 25/2) 0.67    52.606     1.000     0.000
 168  p   2P25/2   ( 1P 25/2) 0.80    70.793     1.000     0.000
 169  p   3P25/2   ( 3P 25/2) 0.73    88.039     1.000     0.000
 170  p   1q27/2   ( 2q 27/2) 0.68    54.962     1.000     0.000
 171  p   2q27/2   ( 1q 27/2) 0.80    75.099     1.000     0.000
 172  p   3q27/2   ( 3q 27/2) 0.70    93.677     1.000     0.000
 173  p   1P27/2   ( 2P 27/2) 0.63    52.356     1.000     0.000
 174  p   2P27/2   ( 1P 27/2) 0.79    67.715     1.000     0.000
 175  p   3P27/2   ( 3P 27/2) 0.81    78.852     1.000     0.000
 176  p   1q29/2   ( 2q 29/2) 0.65    54.763     1.000     0.000
 177  p   2q29/2   ( 1q 29/2) 0.81    73.647     1.000     0.000
 178  p   3q29/2   ( 3q 29/2) 0.75    84.479     1.000     0.000
 179  p   1r29/2   ( 1r 29/2) 0.76    64.190     1.000     0.000
 180  p   2r29/2   ( 2r 29/2) 0.75    87.437     1.000     0.000
 181  p   1S31/2   ( 1S 31/2) 0.76    66.840     1.000     0.000
 182  p   2S31/2   ( 2S 31/2) 0.75    92.374     1.000     0.000
 183  p   1r31/2   ( 1r 31/2) 0.74    63.972     1.000     0.000
 184  p   2r31/2   ( 2r 31/2) 0.74    82.951     1.000     0.000
 185  p   1S33/2   ( 1S 33/2) 0.75    66.656     1.000     0.000
 186  p   2S33/2   ( 2S 33/2) 0.74    89.017     1.000     0.000
 187  p   1t33/2   ( 1t 33/2) 0.98    80.801     1.000     0.000
 188  p   1u35/2   ( 1u 35/2) 0.98    84.029     1.000     0.000
 189  p   1t35/2   ( 1t 35/2) 0.98    80.081     1.000     0.000
 190  p   1u37/2   ( 1u 37/2) 0.98    83.534     1.000     0.000
  ****** END RESU ***********************************
