
  ******************************************  
  *           Fortran 77 Code              *  
  *         Spherical H.O. basis            *  
  * Dirac-Hartree-Bogoliubov calculation   *  
  *        with density-dependent          *  
  * meson-exchange or point coupling force *  
  *          and separable pairing         *  
  * -------------------------------------- *  
  *      Niksic, Paar, Vretenar, Ring      *  
  *          18/ 4/2026/01:52:15           *
  *       Pb 234  N = 152  Z =  82
  ******************************************  
  ****** BEGIN READER *******************************
 Number of oscillator shells :    18   20
 Initialization inin,inink   :     1    1
 Nucleus: Pb 234   152  82
 Initial Gap Parameters      :     1.0000    1.0000
 Parameter set               :    DD-PC1    
  ****** END READER *********************************
  ****** BEGIN FORCES *******************************

 NEDF Parameters: DD-PC1    
           scasca    scavec    vecsca    vecvec
 GG   =   1.000000  1.000000  1.000000  1.000000
 DD   =  -0.814900  0.000000  0.000000  0.000000
  
 Density dependence parameters:
           scasca    scavec    vecsca    vecvec
 a    = -10.046200  5.919500  0.000000  0.000000
 b    =  -9.150400  8.863700  0.000000  1.836000
 c    =  -6.427300  0.000000  0.000000  0.000000
 d    =   1.372400  0.658400  0.000000  0.640300
 dsat =   0.152000
  
 TMR pairing: Tian,Ma,Ring, PRB 676, 44 (2009)
 TMR pairing strength    gl =:  -728.00000 [MeV*fm^3]
 TMR pairing width        a =:     0.64420 [fm]
  ****** END FORCES *********************************
  ****** BEGIN PREP *********************************
  
 hom =                            6.653425
 hb0 =                           20.734000
 b0  =                            2.496514
 with Coulomb force
 With microscopic c.m. correction
  ****** END PREP ***********************************
  ****** BEGIN ITER *********************************
  1.It. si =    0.0000000  E/A =    0.0000 R =    0.0000  mix = 0.50
  2.It. si =  102.6435837  E/A =   -7.2977 R =    6.0263  mix = 0.50
  3.It. si =   51.5240410  E/A =   -7.3295 R =    5.9998  mix = 0.50
  4.It. si =   12.5085472  E/A =   -7.3481 R =    5.9690  mix = 0.50
  5.It. si =   15.5069574  E/A =   -7.3638 R =    5.9406  mix = 0.50
  6.It. si =   12.8467958  E/A =   -7.3685 R =    5.9239  mix = 0.50
  7.It. si =    1.0678696  E/A =   -7.3719 R =    5.8962  mix = 0.50
  8.It. si =    0.7778775  E/A =   -7.3721 R =    5.8917  mix = 0.50
  9.It. si =    0.3123237  E/A =   -7.3720 R =    5.8909  mix = 0.50
 10.It. si =    0.6275444  E/A =   -7.3719 R =    5.8914  mix = 0.50
 11.It. si =    0.5356009  E/A =   -7.3719 R =    5.8913  mix = 0.50
 12.It. si =    0.1477360  E/A =   -7.3719 R =    5.8905  mix = 0.50
 13.It. si =    0.1137381  E/A =   -7.3719 R =    5.8896  mix = 0.50
 14.It. si =    0.0593091  E/A =   -7.3718 R =    5.8889  mix = 0.50
 15.It. si =    0.0178269  E/A =   -7.3718 R =    5.8882  mix = 0.50
 16.It. si =    0.0147863  E/A =   -7.3717 R =    5.8880  mix = 0.50
 17.It. si =    0.0106534  E/A =   -7.3717 R =    5.8878  mix = 0.50
 18.It. si =    0.0171275  E/A =   -7.3717 R =    5.8878  mix = 0.50
 19.It. si =    0.0580302  E/A =   -7.3717 R =    5.8876  mix = 0.50
 20.It. si =    0.0403488  E/A =   -7.3717 R =    5.8876  mix = 0.50
 21.It. si =    0.0265589  E/A =   -7.3717 R =    5.8876  mix = 0.50
 22.It. si =    0.0155240  E/A =   -7.3717 R =    5.8876  mix = 0.50
 23.It. si =    0.0072775  E/A =   -7.3717 R =    5.8876  mix = 0.50
 24.It. si =    0.0030081  E/A =   -7.3717 R =    5.8876  mix = 0.50
 25.It. si =    0.0019719  E/A =   -7.3717 R =    5.8876  mix = 0.50
 26.It. si =    0.0019379  E/A =   -7.3717 R =    5.8876  mix = 0.50
 27.It. si =    0.0016040  E/A =   -7.3717 R =    5.8875  mix = 0.50
 28.It. si =    0.0018164  E/A =   -7.3717 R =    5.8875  mix = 0.50
 29.It. si =    0.0009925  E/A =   -7.3717 R =    5.8875  mix = 0.50
 30.It. si =    0.0010128  E/A =   -7.3717 R =    5.8875  mix = 0.50
 31.It. si =    0.0202377  E/A =   -7.3717 R =    5.8874  mix = 0.50
 32.It. si =    0.0148380  E/A =   -7.3717 R =    5.8874  mix = 0.50
 33.It. si =    0.0099115  E/A =   -7.3717 R =    5.8874  mix = 0.50
 34.It. si =    0.0060282  E/A =   -7.3717 R =    5.8874  mix = 0.50
 35.It. si =    0.0032742  E/A =   -7.3717 R =    5.8874  mix = 0.50
 36.It. si =    0.0019879  E/A =   -7.3717 R =    5.8874  mix = 0.50
 37.It. si =    0.0066942  E/A =   -7.3717 R =    5.8873  mix = 0.50
 38.It. si =    0.0048443  E/A =   -7.3717 R =    5.8873  mix = 0.50
 39.It. si =    0.0031561  E/A =   -7.3717 R =    5.8873  mix = 0.50
 40.It. si =    0.0018336  E/A =   -7.3717 R =    5.8873  mix = 0.50
 41.It. si =    0.0008992  E/A =   -7.3717 R =    5.8873  mix = 0.50
 42.It. si =    0.0003224  E/A =   -7.3717 R =    5.8873  mix = 0.50
 43.It. si =    0.0003179  E/A =   -7.3717 R =    5.8873  mix = 0.50
 44.It. si =    0.0034582  E/A =   -7.3717 R =    5.8873  mix = 0.50
 45.It. si =    0.0024872  E/A =   -7.3717 R =    5.8873  mix = 0.50
 46.It. si =    0.0016120  E/A =   -7.3717 R =    5.8873  mix = 0.50
 47.It. si =    0.0009307  E/A =   -7.3717 R =    5.8873  mix = 0.50
 48.It. si =    0.0004521  E/A =   -7.3717 R =    5.8873  mix = 0.50
 49.It. si =    0.0001893  E/A =   -7.3717 R =    5.8873  mix = 0.50
 50.It. si =    0.0001882  E/A =   -7.3717 R =    5.8873  mix = 0.50
 51.It. si =    0.0041011  E/A =   -7.3717 R =    5.8873  mix = 0.50
 52.It. si =    0.0030358  E/A =   -7.3717 R =    5.8873  mix = 0.50
 53.It. si =    0.0020507  E/A =   -7.3717 R =    5.8873  mix = 0.50
 54.It. si =    0.0012701  E/A =   -7.3717 R =    5.8873  mix = 0.50
 55.It. si =    0.0007141  E/A =   -7.3717 R =    5.8873  mix = 0.50
 56.It. si =    0.0003497  E/A =   -7.3717 R =    5.8873  mix = 0.50
 57.It. si =    0.0001283  E/A =   -7.3717 R =    5.8873  mix = 0.50
 58.It. si =    0.0000923  E/A =   -7.3717 R =    5.8873  mix = 0.50
 59.It. si =    0.0000907  E/A =   -7.3717 R =    5.8873  mix = 0.50
 60.It. si =    0.0000904  E/A =   -7.3717 R =    5.8873  mix = 0.50
 61.It. si =    0.0000893  E/A =   -7.3717 R =    5.8873  mix = 0.50
 62.It. si =    0.0000806  E/A =   -7.3717 R =    5.8873  mix = 0.50
 63.It. si =    0.0007599  E/A =   -7.3717 R =    5.8873  mix = 0.50
 64.It. si =    0.0005520  E/A =   -7.3717 R =    5.8873  mix = 0.50
 65.It. si =    0.0003613  E/A =   -7.3717 R =    5.8873  mix = 0.50
 66.It. si =    0.0002112  E/A =   -7.3717 R =    5.8873  mix = 0.50
 67.It. si =    0.0001058  E/A =   -7.3717 R =    5.8873  mix = 0.50
 68.It. si =    0.0000476  E/A =   -7.3717 R =    5.8873  mix = 0.50
 69.It. si =    0.0000474  E/A =   -7.3717 R =    5.8873  mix = 0.50
 70.It. si =    0.0013883  E/A =   -7.3717 R =    5.8873  mix = 0.50
 71.It. si =    0.0001821  E/A =   -7.3717 R =    5.8873  mix = 0.50
 72.It. si =    0.0000312  E/A =   -7.3717 R =    5.8873  mix = 0.50
 73.It. si =    0.0000839  E/A =   -7.3717 R =    5.8873  mix = 0.50
 74.It. si =    0.0000562  E/A =   -7.3717 R =    5.8873  mix = 0.50
 75.It. si =    0.0000320  E/A =   -7.3717 R =    5.8873  mix = 0.50
 76.It. si =    0.0000259  E/A =   -7.3717 R =    5.8873  mix = 0.50
 77.It. si =    0.0000258  E/A =   -7.3717 R =    5.8873  mix = 0.50
 78.It. si =    0.0001467  E/A =   -7.3717 R =    5.8873  mix = 0.50
 79.It. si =    0.0001042  E/A =   -7.3717 R =    5.8873  mix = 0.50
 80.It. si =    0.0000658  E/A =   -7.3717 R =    5.8873  mix = 0.50
 81.It. si =    0.0000361  E/A =   -7.3717 R =    5.8873  mix = 0.50
 82.It. si =    0.0000183  E/A =   -7.3717 R =    5.8873  mix = 0.50
 83.It. si =    0.0000182  E/A =   -7.3717 R =    5.8873  mix = 0.50
 84.It. si =    0.0004904  E/A =   -7.3717 R =    5.8873  mix = 0.50
 85.It. si =    0.0003667  E/A =   -7.3717 R =    5.8873  mix = 0.50
 86.It. si =    0.0000432  E/A =   -7.3717 R =    5.8873  mix = 0.50
 87.It. si =    0.0000803  E/A =   -7.3717 R =    5.8873  mix = 0.50
 88.It. si =    0.0000594  E/A =   -7.3717 R =    5.8873  mix = 0.50
 89.It. si =    0.0000398  E/A =   -7.3717 R =    5.8873  mix = 0.50
 90.It. si =    0.0000240  E/A =   -7.3717 R =    5.8873  mix = 0.50
 91.It. si =    0.0000128  E/A =   -7.3717 R =    5.8873  mix = 0.50
 92.It. si =    0.0000060  E/A =   -7.3717 R =    5.8873  mix = 0.50
 93.It. si =    0.0000059  E/A =   -7.3717 R =    5.8873  mix = 0.50
 94.It. si =    0.0000194  E/A =   -7.3717 R =    5.8873  mix = 0.50
 95.It. si =    0.0000132  E/A =   -7.3717 R =    5.8873  mix = 0.50
 96.It. si =    0.0000078  E/A =   -7.3717 R =    5.8873  mix = 0.50
 97.It. si =    0.0000043  E/A =   -7.3717 R =    5.8873  mix = 0.50
 98.It. si =    0.0000043  E/A =   -7.3717 R =    5.8873  mix = 0.50
 99.It. si =    0.0000401  E/A =   -7.3717 R =    5.8873  mix = 0.50
100.It. si =    0.0000298  E/A =   -7.3717 R =    5.8873  mix = 0.50
101.It. si =    0.0000201  E/A =   -7.3717 R =    5.8873  mix = 0.50
102.It. si =    0.0000124  E/A =   -7.3717 R =    5.8873  mix = 0.50
103.It. si =    0.0000069  E/A =   -7.3717 R =    5.8873  mix = 0.50
104.It. si =    0.0000033  E/A =   -7.3717 R =    5.8873  mix = 0.50
105.It. si =    0.0000019  E/A =   -7.3717 R =    5.8873  mix = 0.50
106.It. si =    0.0000251  E/A =   -7.3717 R =    5.8873  mix = 0.50
107.It. si =    0.0000188  E/A =   -7.3717 R =    5.8873  mix = 0.50
108.It. si =    0.0000129  E/A =   -7.3717 R =    5.8873  mix = 0.50
109.It. si =    0.0000081  E/A =   -7.3717 R =    5.8873  mix = 0.50
110.It. si =    0.0000047  E/A =   -7.3717 R =    5.8873  mix = 0.50
111.It. si =    0.0000025  E/A =   -7.3717 R =    5.8873  mix = 0.50
112.It. si =    0.0000011  E/A =   -7.3717 R =    5.8873  mix = 0.50
113.It. si =    0.0000013  E/A =   -7.3717 R =    5.8873  mix = 0.50
114.It. si =    0.0000015  E/A =   -7.3717 R =    5.8873  mix = 0.50
115.It. si =    0.0000014  E/A =   -7.3717 R =    5.8873  mix = 0.50
116.It. si =    0.0000013  E/A =   -7.3717 R =    5.8873  mix = 0.50
 ********************************************************************
 Pb 234: Iteration converged after 116 steps   si =      0.0000004973
 ********************************************************************
  ****** END ITER ***********************************
  ****** BEGIN CANON ********************************
 single-particle energies and gaps  in the canonical basis: Neutron:
 ------------------------------------------------------------------
    j pi     (nr,l,j)  smax       Ecan       vvcan       decan
 j = 1/2+  (   s 1/2)  0.97    -54.1746      0.9998      1.4432
 j = 1/2+  (   s 1/2)  0.96    -45.7667      0.9996      1.6444
 j = 1/2+  (   s 1/2)  0.98    -22.0455      0.9979      1.7592
 j = 1/2+  (   s 1/2)  0.96     -0.5223      0.0405      0.9644
 j = 1/2+  (   s 1/2)  0.92     10.9712      0.0004      0.5404
 j = 1/2+  (   s 1/2)  0.90     23.2710      0.0001      0.4454
 j = 1/2+  (   s 1/2)  0.78     23.5695      0.0000      0.0268
 j = 1/2+  (   s 1/2)  0.92     38.9260      0.0000      0.3060
 j = 1/2+  (   s 1/2)  0.93     54.5608      0.0000      0.1945
 j = 1/2+  (   s 1/2)  0.78     74.8350      0.0000      0.1217
 j = 1/2-  (   p 1/2)  0.99    -50.6565      0.9997      1.5684
 j = 1/2-  (   p 1/2)  0.98    -33.7491      0.9993      1.6078
 j = 1/2-  (   p 1/2)  0.98     -9.7981      0.9885      1.5336
 j = 1/2-  (   p 1/2)  0.96      7.4144      0.0011      0.6895
 j = 1/2-  (   p 1/2)  0.93     17.7950      0.0001      0.4694
 j = 1/2-  (   p 1/2)  0.92     32.3434      0.0000      0.3326
 j = 1/2-  (   p 1/2)  0.87     33.8343      0.0000      0.0403
 j = 1/2-  (   p 1/2)  0.94     45.2292      0.0000      0.2075
 j = 1/2-  (   p 1/2)  0.86     62.0274      0.0000      0.1421
 j = 3/2+  (   d 3/2)  0.99    -44.0642      0.9996      1.5648
 j = 3/2+  (   d 3/2)  0.98    -22.4166      0.9982      1.6846
 j = 3/2+  (   d 3/2)  0.97     -0.5130      0.0498      1.0906
 j = 3/2+  (   d 3/2)  0.94     12.3149      0.0003      0.5618
 j = 3/2+  (   d 3/2)  0.78     23.2318      0.0000      0.0247
 j = 3/2+  (   d 3/2)  0.92     24.2809      0.0001      0.4335
 j = 3/2+  (   d 3/2)  0.92     39.0222      0.0000      0.2813
 j = 3/2+  (   d 3/2)  0.93     52.1847      0.0000      0.1687
 j = 3/2+  (   d 3/2)  0.76     76.9154      0.0000      0.1116
 j = 3/2-  (   p 3/2)  0.99    -50.7866      0.9997      1.5754
 j = 3/2-  (   p 3/2)  0.98    -34.5449      0.9994      1.6154
 j = 3/2-  (   p 3/2)  0.98    -10.6990      0.9909      1.5359
 j = 3/2-  (   p 3/2)  0.95      7.0573      0.0012      0.6927
 j = 3/2-  (   p 3/2)  0.93     17.5111      0.0001      0.4595
 j = 3/2-  (   p 3/2)  0.92     32.0501      0.0000      0.3314
 j = 3/2-  (   p 3/2)  0.87     33.6531      0.0000      0.0401
 j = 3/2-  (   p 3/2)  0.94     44.9842      0.0000      0.2064
 j = 3/2-  (   p 3/2)  0.85     61.7416      0.0000      0.1416
 j = 5/2+  (   d 5/2)  0.99    -44.7887      0.9996      1.5843
 j = 5/2+  (   d 5/2)  0.98    -24.0556      0.9984      1.7089
 j = 5/2+  (   d 5/2)  0.97     -1.3685      0.1021      1.0673
 j = 5/2+  (   d 5/2)  0.94     11.7495      0.0004      0.5548
 j = 5/2+  (   d 5/2)  0.92     23.3409      0.0001      0.4302
 j = 5/2+  (   d 5/2)  0.78     23.4078      0.0000      0.0252
 j = 5/2+  (   d 5/2)  0.91     38.3966      0.0000      0.2814
 j = 5/2+  (   d 5/2)  0.94     51.7675      0.0000      0.1693
 j = 5/2+  (   d 5/2)  0.76     76.6923      0.0000      0.1122
 j = 5/2-  (   f 5/2)  0.98    -35.7541      0.9995      1.5383
 j = 5/2-  (   f 5/2)  0.98    -11.2846      0.9917      1.5682
 j = 5/2-  (   f 5/2)  0.97      7.7389      0.0016      0.8357
 j = 5/2-  (   f 5/2)  0.96     19.4952      0.0001      0.5075
 j = 5/2-  (   f 5/2)  0.84     31.4410      0.0000      0.0355
 j = 5/2-  (   f 5/2)  0.95     33.4459      0.0000      0.3503
 j = 5/2-  (   f 5/2)  0.93     46.2763      0.0000      0.2095
 j = 5/2-  (   f 5/2)  0.81     59.8781      0.0000      0.1339
 j = 7/2+  (   g 7/2)  0.98    -26.1964      0.9989      1.5443
 j = 7/2+  (   g 7/2)  0.98     -1.5077      0.1530      1.3108
 j = 7/2+  (   g 7/2)  0.97     14.6149      0.0003      0.6289
 j = 7/2+  (   g 7/2)  0.79     21.0780      0.0000      0.0213
 j = 7/2+  (   g 7/2)  0.96     25.8903      0.0001      0.4510
 j = 7/2+  (   g 7/2)  0.93     40.8703      0.0000      0.2924
 j = 7/2+  (   g 7/2)  0.86     56.4912      0.0000      0.1842
 j = 7/2+  (   g 7/2)  0.82     68.3868      0.0000      0.1031
 j = 7/2-  (   f 7/2)  0.98    -37.4462      0.9995      1.5697
 j = 7/2-  (   f 7/2)  0.98    -13.5757      0.9948      1.5780
 j = 7/2-  (   f 7/2)  0.97      6.7573      0.0019      0.8294
 j = 7/2-  (   f 7/2)  0.96     18.9054      0.0001      0.4932
 j = 7/2-  (   f 7/2)  0.84     31.2238      0.0000      0.0354
 j = 7/2-  (   f 7/2)  0.94     32.6198      0.0000      0.3472
 j = 7/2-  (   f 7/2)  0.92     45.7250      0.0000      0.2081
 j = 7/2-  (   f 7/2)  0.81     59.3510      0.0000      0.1332
 j = 9/2+  (   g 9/2)  0.98    -29.3455      0.9991      1.5960
 j = 9/2+  (   g 9/2)  0.98     -3.8932      0.8272      1.2964
 j = 9/2+  (   g 9/2)  0.96     13.7390      0.0004      0.6360
 j = 9/2+  (   g 9/2)  0.79     20.8852      0.0000      0.0212
 j = 9/2+  (   g 9/2)  0.96     24.8520      0.0001      0.4318
 j = 9/2+  (   g 9/2)  0.92     40.0811      0.0000      0.2886
 j = 9/2+  (   g 9/2)  0.85     55.9116      0.0000      0.1825
 j = 9/2+  (   g 9/2)  0.82     67.4308      0.0000      0.1018
 j = 9/2-  (   h 9/2)  0.98    -15.7207      0.9968      1.4682
 j = 9/2-  (   h 9/2)  0.97      7.2283      0.0030      1.1086
 j = 9/2-  (   h 9/2)  0.96     21.8351      0.0001      0.5414
 j = 9/2-  (   h 9/2)  0.78     27.1046      0.0000      0.0294
 j = 9/2-  (   h 9/2)  0.93     34.9256      0.0000      0.3532
 j = 9/2-  (   h 9/2)  0.86     50.2207      0.0000      0.2228
 j = 9/2-  (   h 9/2)  0.68     56.5861      0.0000      0.1286
 j =11/2+  (   i11/2)  0.98     -5.1484      0.9319      1.3861
 j =11/2+  (   i11/2)  0.95     15.7516      0.0006      0.8735
 j =11/2+  (   i11/2)  0.78     19.6912      0.0000      0.0177
 j =11/2+  (   i11/2)  0.92     29.2541      0.0001      0.4787
 j =11/2+  (   i11/2)  0.87     42.3673      0.0000      0.2839
 j =11/2+  (   i11/2)  0.74     59.5446      0.0000      0.1803
 j =11/2+  (   i11/2)  0.84     61.4358      0.0000      0.0884
 j =11/2-  (   h11/2)  0.98    -20.3354      0.9981      1.5353
 j =11/2-  (   h11/2)  0.98      4.7059      0.0051      1.0738
 j =11/2-  (   h11/2)  0.95     20.5228      0.0001      0.5369
 j =11/2-  (   h11/2)  0.78     26.8713      0.0000      0.0294
 j =11/2-  (   h11/2)  0.93     33.2510      0.0000      0.3467
 j =11/2-  (   h11/2)  0.86     49.5270      0.0000      0.2218
 j =11/2-  (   h11/2)  0.68     55.9905      0.0000      0.1284
 j =13/2+  (   i13/2)  0.98    -11.1935      0.9929      1.4394
 j =13/2+  (   i13/2)  0.96     13.0985      0.0007      0.8618
 j =13/2+  (   i13/2)  0.78     19.5352      0.0000      0.0177
 j =13/2+  (   i13/2)  0.92     27.8873      0.0001      0.4662
 j =13/2+  (   i13/2)  0.86     40.6024      0.0000      0.2784
 j =13/2+  (   i13/2)  0.74     58.4941      0.0000      0.1786
 j =13/2+  (   i13/2)  0.84     60.5106      0.0000      0.0874
 j =13/2-  (   j13/2)  0.98      5.2199      0.0066      1.3128
 j =13/2-  (   j13/2)  0.94     23.4981      0.0002      0.6518
 j =13/2-  (   j13/2)  0.74     26.1536      0.0000      0.0258
 j =13/2-  (   j13/2)  0.87     36.8420      0.0000      0.3985
 j =13/2-  (   j13/2)  0.76     51.6958      0.0000      0.2320
 j =13/2-  (   j13/2)  0.60     54.1009      0.0000      0.1180
 j =15/2+  (   k15/2)  0.97     14.9931      0.0011      1.1732
 j =15/2+  (   k15/2)  0.76     20.4694      0.0000      0.0168
 j =15/2+  (   k15/2)  0.91     31.5634      0.0001      0.5274
 j =15/2+  (   k15/2)  0.79     45.4364      0.0000      0.3212
 j =15/2+  (   k15/2)  0.84     56.9395      0.0000      0.0800
 j =15/2+  (   k15/2)  0.60     60.6653      0.0000      0.1944
 j =15/2-  (   j15/2)  0.98     -2.1061      0.2751      1.3207
 j =15/2-  (   j15/2)  0.93     21.0526      0.0002      0.6745
 j =15/2-  (   j15/2)  0.74     25.9194      0.0000      0.0258
 j =15/2-  (   j15/2)  0.86     34.3611      0.0000      0.3895
 j =15/2-  (   j15/2)  0.76     50.3968      0.0000      0.2327
 j =15/2-  (   j15/2)  0.60     52.6577      0.0000      0.1168
 j =17/2+  (   k17/2)  0.97      6.9029      0.0037      1.1897
 j =17/2+  (   k17/2)  0.76     20.3674      0.0000      0.0170
 j =17/2+  (   k17/2)  0.90     28.4841      0.0001      0.5379
 j =17/2+  (   k17/2)  0.78     42.7577      0.0000      0.3156
 j =17/2+  (   k17/2)  0.84     55.5119      0.0000      0.0790
 j =17/2+  (   k17/2)  0.60     59.0832      0.0000      0.1942
 j =17/2-  (   l17/2)  0.95     24.1912      0.0004      1.0156
 j =17/2-  (   l17/2)  0.69     26.3670      0.0000      0.0244
 j =17/2-  (   l17/2)  0.86     39.2843      0.0000      0.4340
 j =17/2-  (   l17/2)  0.65     51.4840      0.0000      0.1173
 j =17/2-  (   l17/2)  0.69     55.1763      0.0000      0.2604
 j =19/2+  (   m19/2)  0.75     23.3261      0.0000      0.0176
 j =19/2+  (   m19/2)  0.92     33.1648      0.0001      0.8658
 j =19/2+  (   m19/2)  0.78     47.2613      0.0000      0.3603
 j =19/2+  (   m19/2)  0.84     55.3050      0.0000      0.0801
 j =19/2+  (   m19/2)  0.60     62.6490      0.0000      0.2073
 j =19/2-  (   l19/2)  0.94     15.7274      0.0008      1.0366
 j =19/2-  (   l19/2)  0.68     26.0725      0.0000      0.0244
 j =19/2-  (   l19/2)  0.84     35.6025      0.0000      0.4360
 j =19/2-  (   l19/2)  0.65     49.9053      0.0000      0.1158
 j =19/2-  (   l19/2)  0.68     52.1964      0.0000      0.2577
 j =21/2+  (   m21/2)  0.75     23.2291      0.0000      0.0178
 j =21/2+  (   m21/2)  0.91     24.5485      0.0003      0.8855
 j =21/2+  (   m21/2)  0.75     43.0941      0.0000      0.3604
 j =21/2+  (   m21/2)  0.84     53.7102      0.0000      0.0790
 j =21/2+  (   m21/2)  0.60     58.9823      0.0000      0.2049
 j =21/2-  (   n21/2)  0.69     29.7650      0.0000      0.0258
 j =21/2-  (   n21/2)  0.88     41.6132      0.0001      0.7163
 j =21/2-  (   n21/2)  0.65     53.4705      0.0000      0.1237
 j =21/2-  (   n21/2)  0.67     56.3105      0.0000      0.3030
 j =23/2+  (   o23/2)  0.75     28.0725      0.0000      0.0198
 j =23/2+  (   o23/2)  0.83     50.5608      0.0000      0.5932
 j =23/2+  (   o23/2)  0.83     57.0705      0.0000      0.0858
 j =23/2+  (   o23/2)  0.59     63.7399      0.0000      0.2504
 j =23/2-  (   n23/2)  0.68     29.4265      0.0000      0.0257
 j =23/2-  (   n23/2)  0.86     33.2638      0.0001      0.7327
 j =23/2-  (   n23/2)  0.65     50.4891      0.0000      0.1208
 j =23/2-  (   n23/2)  0.63     51.1411      0.0000      0.3028
 j =25/2+  (   o25/2)  0.75     27.9798      0.0000      0.0201
 j =25/2+  (   o25/2)  0.81     42.1549      0.0000      0.6080
 j =25/2+  (   o25/2)  0.83     54.4520      0.0000      0.0839
 j =25/2+  (   o25/2)  0.59     57.8308      0.0000      0.2482
 j =25/2-  (   P25/2)  0.68     35.0631      0.0000      0.0305
 j =25/2-  (   P25/2)  0.65     56.8728      0.0000      0.1551
 j =25/2-  (   P25/2)  0.76     59.3277      0.0000      0.4881
 j =27/2+  (   q27/2)  0.77     35.2968      0.0000      0.0243
 j =27/2+  (   q27/2)  0.80     60.7010      0.0000      0.1099
 j =27/2+  (   q27/2)  0.70     67.1571      0.0000      0.3911
 j =27/2-  (   P27/2)  0.68     34.6336      0.0000      0.0304
 j =27/2-  (   P27/2)  0.75     50.7480      0.0000      0.4988
 j =27/2-  (   P27/2)  0.65     53.3397      0.0000      0.1521
 j =29/2+  (   q29/2)  0.77     35.2354      0.0000      0.0244
 j =29/2+  (   q29/2)  0.80     57.8305      0.0000      0.1080
 j =29/2+  (   q29/2)  0.69     59.1032      0.0000      0.3981
 j =29/2-  (   r29/2)  0.73     43.8521      0.0000      0.0420
 j =29/2-  (   r29/2)  0.72     65.9436      0.0000      0.2510
 j =31/2+  (   S31/2)  0.71     46.4586      0.0000      0.0300
 j =31/2+  (   S31/2)  0.70     70.5189      0.0000      0.1820
 j =31/2-  (   r31/2)  0.72     43.3755      0.0000      0.0418
 j =31/2-  (   r31/2)  0.72     61.5227      0.0000      0.2528
 j =33/2+  (   S33/2)  0.70     46.1236      0.0000      0.0300
 j =33/2+  (   S33/2)  0.70     67.1340      0.0000      0.1829
 j =33/2-  (   t33/2)  0.98     59.2511      0.0000      0.0729
 j =35/2+  (   u35/2)  0.98     62.5421      0.0000      0.0508
 j =35/2-  (   t35/2)  0.98     58.4717      0.0000      0.0729
 j =37/2+  (   u37/2)  0.98     62.0106      0.0000      0.0509
 single-particle energies and gaps  in the canonical basis: Proton: 
 ------------------------------------------------------------------
    j pi     (nr,l,j)  smax       Ecan       vvcan       decan
 j = 1/2+  (   s 1/2)  0.85    -51.0514      1.0000      0.0693
 j = 1/2+  (   s 1/2)  0.78    -34.2236      1.0000      0.0775
 j = 1/2+  (   s 1/2)  0.90    -12.7454      0.9990      0.0654
 j = 1/2+  (   s 1/2)  0.50     12.5220      0.0000      0.0006
 j = 1/2+  (   s 1/2)  0.88     14.5070      0.0000      0.0534
 j = 1/2+  (   s 1/2)  0.68     20.2217      0.0000      0.0040
 j = 1/2+  (   s 1/2)  0.70     32.7338      0.0000      0.0079
 j = 1/2+  (   s 1/2)  0.59     47.8526      0.0000      0.0094
 j = 1/2+  (   s 1/2)  0.62     66.0781      0.0000      0.0101
 j = 1/2+  (   s 1/2)  0.63     97.0165      0.0000      0.0110
 j = 1/2-  (   p 1/2)  0.97    -45.1377      1.0000      0.0604
 j = 1/2-  (   p 1/2)  0.94    -24.7739      1.0000      0.0555
 j = 1/2-  (   p 1/2)  0.94     -0.8566      0.0000      0.0397
 j = 1/2-  (   p 1/2)  0.61     12.5139      0.0000      0.0026
 j = 1/2-  (   p 1/2)  0.71     18.0100      0.0000      0.0101
 j = 1/2-  (   p 1/2)  0.74     29.0937      0.0000      0.0104
 j = 1/2-  (   p 1/2)  0.65     43.3515      0.0000      0.0103
 j = 1/2-  (   p 1/2)  0.66     60.2665      0.0000      0.0108
 j = 1/2-  (   p 1/2)  0.63     90.1820      0.0000      0.0120
 j = 3/2+  (   d 3/2)  0.97    -38.3023      1.0000      0.0596
 j = 3/2+  (   d 3/2)  0.95    -14.4370      0.9999      0.0453
 j = 3/2+  (   d 3/2)  0.96      7.7262      0.0000      0.0190
 j = 3/2+  (   d 3/2)  0.49     13.8699      0.0000      0.0023
 j = 3/2+  (   d 3/2)  0.75     22.4170      0.0000      0.0061
 j = 3/2+  (   d 3/2)  0.64     34.1290      0.0000      0.0083
 j = 3/2+  (   d 3/2)  0.57     48.4502      0.0000      0.0078
 j = 3/2+  (   d 3/2)  0.62     66.3523      0.0000      0.0081
 j = 3/2+  (   d 3/2)  0.64     97.2078      0.0000      0.0090
 j = 3/2-  (   p 3/2)  0.96    -45.5369      1.0000      0.0609
 j = 3/2-  (   p 3/2)  0.93    -25.6400      1.0000      0.0555
 j = 3/2-  (   p 3/2)  0.93     -1.6765      0.0000      0.0393
 j = 3/2-  (   p 3/2)  0.63     12.4521      0.0000      0.0028
 j = 3/2-  (   p 3/2)  0.70     17.7508      0.0000      0.0104
 j = 3/2-  (   p 3/2)  0.74     28.8746      0.0000      0.0103
 j = 3/2-  (   p 3/2)  0.65     43.0320      0.0000      0.0101
 j = 3/2-  (   p 3/2)  0.66     59.8294      0.0000      0.0107
 j = 3/2-  (   p 3/2)  0.63     89.8262      0.0000      0.0121
 j = 5/2+  (   d 5/2)  0.96    -39.4293      1.0000      0.0604
 j = 5/2+  (   d 5/2)  0.94    -15.9570      1.0000      0.0451
 j = 5/2+  (   d 5/2)  0.96      6.9299      0.0000      0.0196
 j = 5/2+  (   d 5/2)  0.50     13.7789      0.0000      0.0019
 j = 5/2+  (   d 5/2)  0.75     22.0949      0.0000      0.0060
 j = 5/2+  (   d 5/2)  0.65     33.7453      0.0000      0.0082
 j = 5/2+  (   d 5/2)  0.58     47.9339      0.0000      0.0076
 j = 5/2+  (   d 5/2)  0.62     65.6600      0.0000      0.0080
 j = 5/2+  (   d 5/2)  0.63     96.6130      0.0000      0.0091
 j = 5/2-  (   f 5/2)  0.98    -29.7783      1.0000      0.0570
 j = 5/2-  (   f 5/2)  0.96     -4.3013      0.0000      0.0379
 j = 5/2-  (   f 5/2)  0.68     13.7170      0.0000      0.0037
 j = 5/2-  (   f 5/2)  0.68     18.1141      0.0000      0.0094
 j = 5/2-  (   f 5/2)  0.76     28.9460      0.0000      0.0067
 j = 5/2-  (   f 5/2)  0.68     43.0330      0.0000      0.0061
 j = 5/2-  (   f 5/2)  0.68     59.7294      0.0000      0.0072
 j = 5/2-  (   f 5/2)  0.64     88.9408      0.0000      0.0072
 j = 7/2+  (   g 7/2)  0.98    -20.2894      1.0000      0.0526
 j = 7/2+  (   g 7/2)  0.98      5.1068      0.0000      0.0275
 j = 7/2+  (   g 7/2)  0.48     15.4219      0.0000      0.0012
 j = 7/2+  (   g 7/2)  0.79     23.0605      0.0000      0.0068
 j = 7/2+  (   g 7/2)  0.70     33.6320      0.0000      0.0082
 j = 7/2+  (   g 7/2)  0.62     48.0112      0.0000      0.0061
 j = 7/2+  (   g 7/2)  0.65     65.6380      0.0000      0.0066
 j = 7/2+  (   g 7/2)  0.64     95.4582      0.0000      0.0054
 j = 7/2-  (   f 7/2)  0.97    -31.9848      1.0000      0.0583
 j = 7/2-  (   f 7/2)  0.95     -6.4507      0.0000      0.0369
 j = 7/2-  (   f 7/2)  0.74     13.4408      0.0000      0.0050
 j = 7/2-  (   f 7/2)  0.62     17.4737      0.0000      0.0088
 j = 7/2-  (   f 7/2)  0.76     28.5630      0.0000      0.0063
 j = 7/2-  (   f 7/2)  0.68     42.4372      0.0000      0.0060
 j = 7/2-  (   f 7/2)  0.68     58.8235      0.0000      0.0070
 j = 7/2-  (   f 7/2)  0.64     88.2270      0.0000      0.0072
 j = 9/2+  (   g 9/2)  0.98    -23.7857      1.0000      0.0538
 j = 9/2+  (   g 9/2)  0.97      2.7190      0.0000      0.0275
 j = 9/2+  (   g 9/2)  0.47     15.3179      0.0000      0.0011
 j = 9/2+  (   g 9/2)  0.79     22.3314      0.0000      0.0070
 j = 9/2+  (   g 9/2)  0.72     32.9050      0.0000      0.0080
 j = 9/2+  (   g 9/2)  0.63     47.2345      0.0000      0.0058
 j = 9/2+  (   g 9/2)  0.65     64.4696      0.0000      0.0063
 j = 9/2+  (   g 9/2)  0.64     94.6986      0.0000      0.0054
 j = 9/2-  (   h 9/2)  0.98    -10.2280      0.0003      0.0474
 j = 9/2-  (   h 9/2)  0.95     13.8186      0.0000      0.0160
 j = 9/2-  (   h 9/2)  0.52     18.1833      0.0000      0.0039
 j = 9/2-  (   h 9/2)  0.78     29.3127      0.0000      0.0062
 j = 9/2-  (   h 9/2)  0.73     42.7733      0.0000      0.0074
 j = 9/2-  (   h 9/2)  0.71     58.9003      0.0000      0.0076
 j = 9/2-  (   h 9/2)  0.64     87.0614      0.0000      0.0061
 j =11/2+  (   i11/2)  0.96      0.2555      0.0000      0.0420
 j =11/2+  (   i11/2)  0.50     18.1413      0.0000      0.0012
 j =11/2+  (   i11/2)  0.82     22.9428      0.0000      0.0098
 j =11/2+  (   i11/2)  0.78     32.9141      0.0000      0.0067
 j =11/2+  (   i11/2)  0.68     47.6109      0.0000      0.0059
 j =11/2+  (   i11/2)  0.68     64.6352      0.0000      0.0071
 j =11/2+  (   i11/2)  0.64     93.4153      0.0000      0.0060
 j =11/2-  (   h11/2)  0.98    -15.1639      1.0000      0.0482
 j =11/2-  (   h11/2)  0.97     11.6670      0.0000      0.0187
 j =11/2-  (   h11/2)  0.53     17.7924      0.0000      0.0020
 j =11/2-  (   h11/2)  0.78     28.5362      0.0000      0.0060
 j =11/2-  (   h11/2)  0.74     41.6211      0.0000      0.0070
 j =11/2-  (   h11/2)  0.70     57.3905      0.0000      0.0072
 j =11/2-  (   h11/2)  0.64     86.0842      0.0000      0.0061
 j =13/2+  (   i13/2)  0.97     -6.2556      0.0000      0.0424
 j =13/2+  (   i13/2)  0.64     17.8185      0.0000      0.0031
 j =13/2+  (   i13/2)  0.73     21.1438      0.0000      0.0099
 j =13/2+  (   i13/2)  0.78     31.8828      0.0000      0.0057
 j =13/2+  (   i13/2)  0.70     46.3861      0.0000      0.0055
 j =13/2+  (   i13/2)  0.69     62.6648      0.0000      0.0067
 j =13/2+  (   i13/2)  0.64     92.0965      0.0000      0.0060
 j =13/2-  (   j13/2)  0.97     10.1872      0.0000      0.0336
 j =13/2-  (   j13/2)  0.52     21.2763      0.0000      0.0009
 j =13/2-  (   j13/2)  0.83     30.2482      0.0000      0.0071
 j =13/2-  (   j13/2)  0.78     41.7412      0.0000      0.0070
 j =13/2-  (   j13/2)  0.74     57.8577      0.0000      0.0068
 j =13/2-  (   j13/2)  0.65     84.7084      0.0000      0.0074
 j =15/2+  (   k15/2)  0.96     19.7294      0.0000      0.0235
 j =15/2+  (   k15/2)  0.52     23.0959      0.0000      0.0025
 j =15/2+  (   k15/2)  0.81     34.5720      0.0000      0.0050
 j =15/2+  (   k15/2)  0.74     47.3061      0.0000      0.0067
 j =15/2+  (   k15/2)  0.72     63.1774      0.0000      0.0063
 j =15/2+  (   k15/2)  0.65     90.6509      0.0000      0.0066
 j =15/2-  (   j15/2)  0.94      3.1065      0.0000      0.0364
 j =15/2-  (   j15/2)  0.52     20.9973      0.0000      0.0006
 j =15/2-  (   j15/2)  0.79     28.2178      0.0000      0.0072
 j =15/2-  (   j15/2)  0.78     40.1641      0.0000      0.0059
 j =15/2-  (   j15/2)  0.73     55.6017      0.0000      0.0058
 j =15/2-  (   j15/2)  0.66     82.5281      0.0000      0.0072
 j =17/2+  (   k17/2)  0.96     11.7413      0.0000      0.0281
 j =17/2+  (   k17/2)  0.53     22.7962      0.0000      0.0004
 j =17/2+  (   k17/2)  0.81     33.0499      0.0000      0.0047
 j =17/2+  (   k17/2)  0.78     45.2205      0.0000      0.0061
 j =17/2+  (   k17/2)  0.73     60.5868      0.0000      0.0054
 j =17/2+  (   k17/2)  0.64     87.9925      0.0000      0.0064
 j =17/2-  (   l17/2)  0.56     26.0330      0.0000      0.0027
 j =17/2-  (   l17/2)  0.80     29.7883      0.0000      0.0160
 j =17/2-  (   l17/2)  0.79     42.4507      0.0000      0.0055
 j =17/2-  (   l17/2)  0.76     57.6964      0.0000      0.0073
 j =17/2-  (   l17/2)  0.68     81.1898      0.0000      0.0069
 j =19/2+  (   m19/2)  0.57     28.2821      0.0000      0.0002
 j =19/2+  (   m19/2)  0.91     36.8689      0.0000      0.0097
 j =19/2+  (   m19/2)  0.80     46.7036      0.0000      0.0069
 j =19/2+  (   m19/2)  0.74     63.3367      0.0000      0.0067
 j =19/2+  (   m19/2)  0.66     87.3964      0.0000      0.0065
 j =19/2-  (   l19/2)  0.96     20.5934      0.0000      0.0212
 j =19/2-  (   l19/2)  0.57     26.6717      0.0000      0.0012
 j =19/2-  (   l19/2)  0.76     40.7213      0.0000      0.0036
 j =19/2-  (   l19/2)  0.76     54.1981      0.0000      0.0061
 j =19/2-  (   l19/2)  0.70     77.8333      0.0000      0.0066
 j =21/2+  (   m21/2)  0.61     27.9424      0.0000      0.0028
 j =21/2+  (   m21/2)  0.74     29.8923      0.0000      0.0132
 j =21/2+  (   m21/2)  0.78     44.1202      0.0000      0.0033
 j =21/2+  (   m21/2)  0.76     59.3237      0.0000      0.0050
 j =21/2+  (   m21/2)  0.68     83.0827      0.0000      0.0062
 j =21/2-  (   n21/2)  0.58     33.1737      0.0000      0.0003
 j =21/2-  (   n21/2)  0.87     45.3228      0.0000      0.0058
 j =21/2-  (   n21/2)  0.76     56.4233      0.0000      0.0072
 j =21/2-  (   n21/2)  0.70     79.5371      0.0000      0.0082
 j =23/2+  (   o23/2)  0.59     35.3334      0.0000      0.0001
 j =23/2+  (   o23/2)  0.85     50.2693      0.0000      0.0022
 j =23/2+  (   o23/2)  0.77     62.0074      0.0000      0.0062
 j =23/2+  (   o23/2)  0.69     85.3076      0.0000      0.0076
 j =23/2-  (   n23/2)  0.56     32.7615      0.0000      0.0010
 j =23/2-  (   n23/2)  0.78     39.5432      0.0000      0.0104
 j =23/2-  (   n23/2)  0.67     52.1469      0.0000      0.0035
 j =23/2-  (   n23/2)  0.75     73.0100      0.0000      0.0068
 j =25/2+  (   o25/2)  0.59     35.1871      0.0000      0.0002
 j =25/2+  (   o25/2)  0.88     46.7049      0.0000      0.0062
 j =25/2+  (   o25/2)  0.74     56.3996      0.0000      0.0042
 j =25/2+  (   o25/2)  0.74     77.5656      0.0000      0.0058
 j =25/2-  (   P25/2)  0.67     41.9274      0.0000      0.0002
 j =25/2-  (   P25/2)  0.80     59.3723      0.0000      0.0019
 j =25/2-  (   P25/2)  0.74     75.8976      0.0000      0.0075
 j =27/2+  (   q27/2)  0.68     44.2710      0.0000      0.0001
 j =27/2+  (   q27/2)  0.80     63.8451      0.0000      0.0008
 j =27/2+  (   q27/2)  0.70     81.5206      0.0000      0.0056
 j =27/2-  (   P27/2)  0.62     41.6567      0.0000      0.0003
 j =27/2-  (   P27/2)  0.77     55.8776      0.0000      0.0040
 j =27/2-  (   P27/2)  0.82     67.1190      0.0000      0.0054
 j =29/2+  (   q29/2)  0.65     44.0613      0.0000      0.0002
 j =29/2+  (   q29/2)  0.81     62.1337      0.0000      0.0015
 j =29/2+  (   q29/2)  0.77     72.4715      0.0000      0.0050
 j =29/2-  (   r29/2)  0.76     53.3688      0.0000      0.0001
 j =29/2-  (   r29/2)  0.75     75.6706      0.0000      0.0024
 j =31/2+  (   S31/2)  0.76     56.0068      0.0000      0.0001
 j =31/2+  (   S31/2)  0.75     80.7148      0.0000      0.0014
 j =31/2-  (   r31/2)  0.74     53.1405      0.0000      0.0001
 j =31/2-  (   r31/2)  0.74     71.0241      0.0000      0.0024
 j =33/2+  (   S33/2)  0.74     55.8143      0.0000      0.0001
 j =33/2+  (   S33/2)  0.74     77.2028      0.0000      0.0014
 j =33/2-  (   t33/2)  0.98     69.6797      0.0000      0.0003
 j =35/2+  (   u35/2)  0.98     72.9263      0.0000      0.0001
 j =35/2-  (   t35/2)  0.98     68.9037      0.0000      0.0003
 j =37/2+  (   u37/2)  0.98     72.3884      0.0000      0.0001
  ****** END CANON **********************************
  ****** BEGIN RESU *********************************
   ****** BEGIN EXPECT *******

                            neutron        proton         total
 particle number           152.000000      82.000000     234.000000
 trace scalar density      145.016167      79.056418     224.072585
 lambda                     -2.771314     -11.687988
 spk                        18.825179       0.377874
 rms-Radius                  6.005772       5.661035       5.887265
 charge-Radius                              5.717282
 Particle Energ          -3339.281270   -2180.518209   -5519.799479
 Selfconsistency Test.                                    -0.000000

 Kinetic Energy           2211.687101     905.685929    3117.373030
 E-scsc                                               -34817.452886
 E-scve                                                28988.062038
 E-vesc                                                    0.000000
 E-veve                                                  212.102675
 E-rearrang.                                            1002.765674
 Coulomb direct                                          797.319082
 Pairing Energy            -22.355688      -0.016886     -22.372574
 Sum without E-cm                                      -1724.968635
DE-cm <P**2>/2M            -13.151737      -5.422073     -18.573810
NE-cm <P**2>/2M              9.958821       3.422366      13.381187
 E-cm <P**2>/2M             -3.192915      -1.999707      -5.192623
 Total Energy                                          -1730.161257
 E/A                                                      -7.393852

  ****** END EXPECT *********************************


 quasi-particle properties Neutron:
 ------------------------------------------------------------------
     p/h    l j     [nr,l,j]  smax       Eqp       uu       vv
   1  p   1s 1/2   ( 4s  1/2) 0.88     2.133     0.961     0.039
   2  p   2s 1/2   ( 6s  1/2) 0.49     7.112     0.997     0.003
   3  p   3s 1/2   ( 5s  1/2) 0.71    15.517     0.987     0.013
   4  h   4s 1/2   ( 3s  1/2) 0.94    17.345     0.016     0.984
   5  p   5s 1/2   ( 6s  1/2) 0.60    27.635     1.000     0.000
   6  h   6s 1/2   ( 2s  1/2) 0.89    39.629     0.001     0.999
   7  p   7s 1/2   ( 7s  1/2) 0.54    42.077     0.999     0.001
   8  h   8s 1/2   ( 1s  1/2) 0.93    56.863     0.000     1.000
   9  p   9s 1/2   ( 8s  1/2) 0.62    60.650     1.000     0.000
  10  p  10s 1/2   ( 9s  1/2) 0.64    90.589     1.000     0.000
  11  p   1p 1/2   ( 4p  1/2) 0.59     5.757     0.989     0.011
  12  h   2p 1/2   ( 3p  1/2) 0.96     6.577     0.022     0.978
  13  p   3p 1/2   ( 4p  1/2) 0.71    12.288     0.999     0.001
  14  p   4p 1/2   ( 5p  1/2) 0.71    22.801     0.999     0.001
  15  h   5p 1/2   ( 2p  1/2) 0.94    29.072     0.001     0.999
  16  p   6p 1/2   ( 6p  1/2) 0.63    36.940     1.000     0.000
  17  h   7p 1/2   ( 1p  1/2) 0.96    50.475     0.000     1.000
  18  p   8p 1/2   ( 7p  1/2) 0.66    54.646     1.000     0.000
  19  p   9p 1/2   ( 8p  1/2) 0.64    83.523     1.000     0.000
  20  p   1d 3/2   ( 3d  3/2) 0.91     2.277     0.952     0.048
  21  p   2d 3/2   ( 5d  3/2) 0.49     7.568     0.998     0.002
  22  p   3d 3/2   ( 4d  3/2) 0.72    15.972     0.995     0.005
  23  h   4d 3/2   ( 2d  3/2) 0.96    18.511     0.007     0.993
  24  p   5d 3/2   ( 5d  3/2) 0.61    27.807     1.000     0.000
  25  p   6d 3/2   ( 6d  3/2) 0.53    42.300     0.932     0.068
  26  h   7d 3/2   ( 1d  3/2) 0.94    42.571     0.069     0.931
  27  p   8d 3/2   ( 7d  3/2) 0.62    60.853     1.000     0.000
  28  p   9d 3/2   ( 8d  3/2) 0.64    90.826     1.000     0.000
  29  p   1p 3/2   ( 4p  3/2) 0.61     5.673     0.998     0.002
  30  h   2p 3/2   ( 3p  3/2) 0.96     7.315     0.012     0.988
  31  p   3p 3/2   ( 4p  3/2) 0.70    12.026     0.999     0.001
  32  p   4p 3/2   ( 5p  3/2) 0.71    22.563     0.999     0.001
  33  h   5p 3/2   ( 2p  3/2) 0.93    29.818     0.001     0.999
  34  p   6p 3/2   ( 6p  3/2) 0.64    36.623     1.000     0.000
  35  h   7p 3/2   ( 1p  3/2) 0.95    50.792     0.000     1.000
  36  p   8p 3/2   ( 7p  3/2) 0.66    54.211     1.000     0.000
  37  p   9p 3/2   ( 8p  3/2) 0.64    83.218     1.000     0.000
  38  p   1d 5/2   ( 3d  5/2) 0.90     1.653     0.899     0.101
  39  p   2d 5/2   ( 5d  5/2) 0.51     7.380     0.998     0.002
  40  p   3d 5/2   ( 4d  5/2) 0.72    15.632     0.998     0.002
  41  h   4d 5/2   ( 2d  5/2) 0.95    19.914     0.003     0.997
  42  p   5d 5/2   ( 5d  5/2) 0.62    27.427     1.000     0.000
  43  p   6d 5/2   ( 6d  5/2) 0.56    41.765     0.998     0.002
  44  h   7d 5/2   ( 1d  5/2) 0.96    43.504     0.002     0.998
  45  p   8d 5/2   ( 7d  5/2) 0.62    60.130     1.000     0.000
  46  p   9d 5/2   ( 8d  5/2) 0.64    90.282     1.000     0.000
  47  p   1f 5/2   ( 3f  5/2) 0.66     6.787     0.999     0.001
  48  h   2f 5/2   ( 2f  5/2) 0.97     8.218     0.011     0.989
  49  p   3f 5/2   ( 3f  5/2) 0.69    12.306     0.997     0.003
  50  p   4f 5/2   ( 4f  5/2) 0.74    22.571     0.999     0.001
  51  h   5f 5/2   ( 1f  5/2) 0.98    33.441     0.001     0.999
  52  p   6f 5/2   ( 5f  5/2) 0.66    36.807     0.999     0.001
  53  p   7f 5/2   ( 6f  5/2) 0.67    54.292     1.000     0.000
  54  p   8f 5/2   ( 7f  5/2) 0.64    82.893     1.000     0.000
  55  p   1g 7/2   ( 2g  7/2) 0.90     1.772     0.847     0.153
  56  p   2g 7/2   ( 4g  7/2) 0.49     8.833     0.999     0.001
  57  p   3g 7/2   ( 3g  7/2) 0.75    16.653     1.000     0.000
  58  h   4g 7/2   ( 1g  7/2) 0.98    23.482     0.002     0.998
  59  p   5g 7/2   ( 4g  7/2) 0.66    27.526     1.000     0.000
  60  p   6g 7/2   ( 5g  7/2) 0.60    41.822     1.000     0.000
  61  p   7g 7/2   ( 6g  7/2) 0.65    60.241     1.000     0.000
  62  p   8g 7/2   ( 7g  7/2) 0.64    89.481     1.000     0.000
  63  p   1f 7/2   ( 3f  7/2) 0.71     6.540     0.999     0.001
  64  h   2f 7/2   ( 2f  7/2) 0.96    10.240     0.024     0.976
  65  p   3f 7/2   ( 3f  7/2) 0.64    11.713     0.981     0.019
  66  p   4f 7/2   ( 4f  7/2) 0.74    22.104     0.999     0.001
  67  h   5f 7/2   ( 1f  7/2) 0.97    35.352     0.009     0.991
  68  p   6f 7/2   ( 5f  7/2) 0.66    36.132     0.992     0.008
  69  p   7f 7/2   ( 6f  7/2) 0.67    53.305     1.000     0.000
  70  p   8f 7/2   ( 7f  7/2) 0.64    82.150     1.000     0.000
  71  h   1g 9/2   ( 2g  9/2) 0.89     1.681     0.173     0.827
  72  p   2g 9/2   ( 3g  9/2) 0.50     8.638     0.999     0.001
  73  p   3g 9/2   ( 3g  9/2) 0.75    16.003     1.000     0.000
  74  h   4g 9/2   ( 1g  9/2) 0.92    26.620     0.123     0.877
  75  p   5g 9/2   ( 4g  9/2) 0.64    26.853     0.878     0.122
  76  p   6g 9/2   ( 5g  9/2) 0.61    40.971     1.000     0.000
  77  p   7g 9/2   ( 6g  9/2) 0.64    58.993     1.000     0.000
  78  p   8g 9/2   ( 7g  9/2) 0.64    88.651     1.000     0.000
  79  p   1h 9/2   ( 2h  9/2) 0.84     8.311     0.996     0.004
  80  p   2h 9/2   ( 2h  9/2) 0.46    12.409     0.874     0.126
  81  h   3h 9/2   ( 1h  9/2) 0.91    13.128     0.130     0.870
  82  p   4h 9/2   ( 3h  9/2) 0.76    22.963     1.000     0.000
  83  p   5h 9/2   ( 4h  9/2) 0.70    36.733     1.000     0.000
  84  p   6h 9/2   ( 5h  9/2) 0.70    53.617     1.000     0.000
  85  p   7h 9/2   ( 6h  9/2) 0.64    81.193     1.000     0.000
  86  h   1i11/2   ( 1i 11/2) 0.94     2.746     0.068     0.932
  87  p   2i11/2   ( 2i 11/2) 0.51    11.397     1.000     0.000
  88  p   3i11/2   ( 2i 11/2) 0.79    17.430     1.000     0.000
  89  p   4i11/2   ( 3i 11/2) 0.73    27.187     1.000     0.000
  90  p   5i11/2   ( 4i 11/2) 0.64    41.710     1.000     0.000
  91  p   6i11/2   ( 5i 11/2) 0.67    59.706     1.000     0.000
  92  p   7i11/2   ( 6i 11/2) 0.65    87.824     1.000     0.000
  93  p   1h11/2   ( 2h 11/2) 0.94     6.816     0.995     0.005
  94  p   2h11/2   ( 4h 11/2) 0.53    11.577     0.999     0.001
  95  h   3h11/2   ( 1h 11/2) 0.98    17.638     0.004     0.996
  96  p   4h11/2   ( 3h 11/2) 0.76    22.105     0.999     0.001
  97  p   5h11/2   ( 4h 11/2) 0.71    35.573     1.000     0.000
  98  p   6h11/2   ( 5h 11/2) 0.69    52.017     1.000     0.000
  99  p   7h11/2   ( 6h 11/2) 0.64    80.160     1.000     0.000
 100  h   1i13/2   ( 1i 13/2) 0.98     8.536     0.008     0.992
 101  p   2i13/2   ( 2i 13/2) 0.60    11.118     1.000     0.000
 102  p   3i13/2   ( 2i 13/2) 0.75    15.905     0.999     0.001
 103  p   4i13/2   ( 3i 13/2) 0.76    25.898     1.000     0.000
 104  p   5i13/2   ( 4i 13/2) 0.66    40.300     1.000     0.000
 105  p   6i13/2   ( 5i 13/2) 0.67    57.596     1.000     0.000
 106  p   7i13/2   ( 6i 13/2) 0.64    86.500     1.000     0.000
 107  p   1j13/2   ( 1j 13/2) 0.97     7.822     0.994     0.006
 108  p   2j13/2   ( 3j 13/2) 0.51    14.534     1.000     0.000
 109  p   3j13/2   ( 2j 13/2) 0.79    23.872     1.000     0.000
 110  p   4j13/2   ( 3j 13/2) 0.75    36.086     1.000     0.000
 111  p   5j13/2   ( 4j 13/2) 0.72    52.810     1.000     0.000
 112  p   6j13/2   ( 5j 13/2) 0.64    79.795     1.000     0.000
 113  p   1k15/2   ( 1k 15/2) 0.66    15.291     1.000     0.000
 114  p   2k15/2   ( 1k 15/2) 0.73    18.118     0.999     0.001
 115  p   3k15/2   ( 2k 15/2) 0.78    28.088     1.000     0.000
 116  p   4k15/2   ( 3k 15/2) 0.70    41.458     1.000     0.000
 117  p   5k15/2   ( 4k 15/2) 0.70    58.258     1.000     0.000
 118  p   6k15/2   ( 5k 15/2) 0.65    86.133     1.000     0.000
 119  p   1j15/2   ( 1j 15/2) 0.83     1.472     0.725     0.275
 120  p   2j15/2   ( 2j 15/2) 0.54    14.194     1.000     0.000
 121  p   3j15/2   ( 2j 15/2) 0.79    22.430     1.000     0.000
 122  p   4j15/2   ( 3j 15/2) 0.76    34.300     1.000     0.000
 123  p   5j15/2   ( 4j 15/2) 0.72    50.316     1.000     0.000
 124  p   6j15/2   ( 6j 15/2) 0.65    77.677     1.000     0.000
 125  p   1k17/2   ( 1k 17/2) 0.97     9.520     0.996     0.004
 126  p   2k17/2   ( 3k 17/2) 0.52    16.260     1.000     0.000
 127  p   3k17/2   ( 2k 17/2) 0.79    26.437     1.000     0.000
 128  p   4k17/2   ( 3k 17/2) 0.74    39.362     1.000     0.000
 129  p   5k17/2   ( 4k 17/2) 0.71    55.321     1.000     0.000
 130  p   6k17/2   ( 5k 17/2) 0.64    83.441     1.000     0.000
 131  p   1l17/2   ( 3l 17/2) 0.54    19.304     1.000     0.000
 132  p   2l17/2   ( 1l 17/2) 0.86    25.936     1.000     0.000
 133  p   3l17/2   ( 2l 17/2) 0.78    36.395     1.000     0.000
 134  p   4l17/2   ( 3l 17/2) 0.74    52.581     1.000     0.000
 135  p   5l17/2   ( 5l 17/2) 0.67    76.873     1.000     0.000
 136  p   1m19/2   ( 3m 19/2) 0.57    21.596     1.000     0.000
 137  p   2m19/2   ( 1m 19/2) 0.84    31.424     1.000     0.000
 138  p   3m19/2   ( 2m 19/2) 0.73    41.625     1.000     0.000
 139  p   4m19/2   ( 3m 19/2) 0.72    58.354     1.000     0.000
 140  p   5m19/2   ( 4m 19/2) 0.65    83.140     1.000     0.000
 141  p   1l19/2   ( 1l 19/2) 0.92    17.368     0.999     0.001
 142  p   2l19/2   ( 2l 19/2) 0.57    20.567     1.000     0.000
 143  p   3l19/2   ( 2l 19/2) 0.76    33.885     1.000     0.000
 144  p   4l19/2   ( 3l 19/2) 0.75    48.822     1.000     0.000
 145  p   5l19/2   ( 5l 19/2) 0.69    73.354     1.000     0.000
 146  p   1m21/2   ( 3m 21/2) 0.54    21.403     1.000     0.000
 147  p   2m21/2   ( 1m 21/2) 0.87    26.412     1.000     0.000
 148  p   3m21/2   ( 2m 21/2) 0.79    37.681     1.000     0.000
 149  p   4m21/2   ( 3m 21/2) 0.75    53.733     1.000     0.000
 150  p   5m21/2   ( 5m 21/2) 0.67    78.713     1.000     0.000
 151  p   1n21/2   ( 2n 21/2) 0.59    26.237     1.000     0.000
 152  p   2n21/2   ( 1n 21/2) 0.83    38.968     1.000     0.000
 153  p   3n21/2   ( 2n 21/2) 0.75    52.182     1.000     0.000
 154  p   4n21/2   ( 4n 21/2) 0.68    75.551     1.000     0.000
 155  p   1o23/2   ( 2o 23/2) 0.60    28.610     1.000     0.000
 156  p   2o23/2   ( 1o 23/2) 0.80    42.989     1.000     0.000
 157  p   3o23/2   ( 2o 23/2) 0.73    57.607     1.000     0.000
 158  p   4o23/2   ( 4o 23/2) 0.66    81.805     1.000     0.000
 159  p   1n23/2   ( 3n 23/2) 0.55    25.964     1.000     0.000
 160  p   2n23/2   ( 1n 23/2) 0.84    35.064     1.000     0.000
 161  p   3n23/2   ( 2n 23/2) 0.73    46.287     1.000     0.000
 162  p   4n23/2   ( 4n 23/2) 0.74    68.638     1.000     0.000
 163  p   1o25/2   ( 2o 25/2) 0.58    28.488     1.000     0.000
 164  p   2o25/2   ( 1o 25/2) 0.86    40.828     1.000     0.000
 165  p   3o25/2   ( 2o 25/2) 0.77    51.316     1.000     0.000
 166  p   4o25/2   ( 4o 25/2) 0.73    73.304     1.000     0.000
 167  p   1P25/2   ( 2P 25/2) 0.68    34.808     1.000     0.000
 168  p   2P25/2   ( 1P 25/2) 0.78    52.269     1.000     0.000
 169  p   3P25/2   ( 3P 25/2) 0.71    73.017     1.000     0.000
 170  p   1q27/2   ( 2q 27/2) 0.68    37.387     1.000     0.000
 171  p   2q27/2   ( 1q 27/2) 0.78    56.198     1.000     0.000
 172  p   3q27/2   ( 3q 27/2) 0.69    78.286     1.000     0.000
 173  p   1P27/2   ( 2P 27/2) 0.64    34.615     1.000     0.000
 174  p   2P27/2   ( 1P 27/2) 0.78    49.644     1.000     0.000
 175  p   3P27/2   ( 3P 27/2) 0.79    63.190     1.000     0.000
 176  p   1q29/2   ( 2q 29/2) 0.66    37.236     1.000     0.000
 177  p   2q29/2   ( 1q 29/2) 0.79    54.755     1.000     0.000
 178  p   3q29/2   ( 3q 29/2) 0.74    68.784     1.000     0.000
 179  p   1r29/2   ( 1r 29/2) 0.78    45.958     1.000     0.000
 180  p   2r29/2   ( 2r 29/2) 0.77    69.723     1.000     0.000
 181  p   1S31/2   ( 1S 31/2) 0.77    48.808     1.000     0.000
 182  p   2S31/2   ( 2S 31/2) 0.77    74.085     1.000     0.000
 183  p   1r31/2   ( 1r 31/2) 0.77    45.776     1.000     0.000
 184  p   2r31/2   ( 2r 31/2) 0.76    64.936     1.000     0.000
 185  p   1S33/2   ( 1S 33/2) 0.76    48.659     1.000     0.000
 186  p   2S33/2   ( 2S 33/2) 0.76    70.457     1.000     0.000
 187  p   1t33/2   ( 1t 33/2) 0.98    62.022     1.000     0.000
 188  p   1u35/2   ( 1u 35/2) 0.98    65.313     1.000     0.000
 189  p   1t35/2   ( 1t 35/2) 0.98    61.243     1.000     0.000
 190  p   1u37/2   ( 1u 37/2) 0.98    64.782     1.000     0.000


 quasi-particle properties Proton: 
 ------------------------------------------------------------------
     p/h    l j     [nr,l,j]  smax       Eqp       uu       vv
   1  h   1s 1/2   ( 3s  1/2) 0.91     1.041     0.001     0.999
   2  p   2s 1/2   ( 4s  1/2) 0.93    20.114     1.000     0.000
   3  h   3s 1/2   ( 2s  1/2) 0.82    22.482     0.000     1.000
   4  p   4s 1/2   ( 6s  1/2) 0.50    25.052     1.000     0.000
   5  p   5s 1/2   ( 5s  1/2) 0.73    33.822     1.000     0.000
   6  h   6s 1/2   ( 1s  1/2) 0.88    39.436     0.000     1.000
   7  p   7s 1/2   ( 6s  1/2) 0.61    45.966     1.000     0.000
   8  p   8s 1/2   ( 7s  1/2) 0.54    60.240     1.000     0.000
   9  p   9s 1/2   ( 8s  1/2) 0.61    78.185     1.000     0.000
  11  p   1p 1/2   ( 3p  1/2) 0.95     9.782     1.000     0.000
  12  h   2p 1/2   ( 2p  1/2) 0.90    12.621     0.000     1.000
  13  p   3p 1/2   ( 4p  1/2) 0.57    24.443     1.000     0.000
  14  p   4p 1/2   ( 4p  1/2) 0.74    30.168     1.000     0.000
  15  h   5p 1/2   ( 1p  1/2) 0.93    33.915     0.000     1.000
  16  p   6p 1/2   ( 5p  1/2) 0.73    40.874     1.000     0.000
  17  p   7p 1/2   ( 6p  1/2) 0.64    55.055     1.000     0.000
  18  p   8p 1/2   ( 7p  1/2) 0.65    72.001     1.000     0.000
  20  h   1d 3/2   ( 2d  3/2) 0.95     2.705     0.000     1.000
  21  p   2d 3/2   ( 3d  3/2) 0.96    19.414     1.000     0.000
  22  p   3d 3/2   ( 5d  3/2) 0.49    25.558     1.000     0.000
  23  h   4d 3/2   ( 1d  3/2) 0.96    26.659     0.000     1.000
  24  p   5d 3/2   ( 4d  3/2) 0.75    34.105     1.000     0.000
  25  p   6d 3/2   ( 5d  3/2) 0.64    45.817     1.000     0.000
  26  p   7d 3/2   ( 6d  3/2) 0.57    60.138     1.000     0.000
  27  p   8d 3/2   ( 7d  3/2) 0.62    78.040     1.000     0.000
  29  p   1p 3/2   ( 3p  3/2) 0.94     9.069     1.000     0.000
  30  h   2p 3/2   ( 2p  3/2) 0.88    13.423     0.000     1.000
  31  p   3p 3/2   ( 4p  3/2) 0.59    24.365     1.000     0.000
  32  p   4p 3/2   ( 4p  3/2) 0.73    29.852     1.000     0.000
  33  h   5p 3/2   ( 1p  3/2) 0.92    34.378     0.000     1.000
  34  p   6p 3/2   ( 5p  3/2) 0.73    40.643     1.000     0.000
  35  p   7p 3/2   ( 6p  3/2) 0.65    54.736     1.000     0.000
  36  p   8p 3/2   ( 7p  3/2) 0.65    71.563     1.000     0.000
  38  h   1d 5/2   ( 2d  5/2) 0.93     4.177     0.000     1.000
  39  p   2d 5/2   ( 3d  5/2) 0.96    18.618     1.000     0.000
  40  p   3d 5/2   ( 5d  5/2) 0.50    25.467     1.000     0.000
  41  h   4d 5/2   ( 1d  5/2) 0.95    27.834     0.000     1.000
  42  p   5d 5/2   ( 4d  5/2) 0.75    33.783     1.000     0.000
  43  p   6d 5/2   ( 5d  5/2) 0.65    45.433     1.000     0.000
  44  p   7d 5/2   ( 6d  5/2) 0.58    59.622     1.000     0.000
  45  p   8d 5/2   ( 7d  5/2) 0.62    77.348     1.000     0.000
  47  p   1f 5/2   ( 2f  5/2) 0.97     7.204     1.000     0.000
  48  h   2f 5/2   ( 1f  5/2) 0.98    18.090     0.000     1.000
  49  p   3f 5/2   ( 3f  5/2) 0.68    25.471     1.000     0.000
  50  p   4f 5/2   ( 3f  5/2) 0.69    29.840     1.000     0.000
  51  p   5f 5/2   ( 4f  5/2) 0.76    40.650     1.000     0.000
  52  p   6f 5/2   ( 5f  5/2) 0.68    54.776     1.000     0.000
  53  p   7f 5/2   ( 6f  5/2) 0.68    71.430     1.000     0.000
  55  h   1g 7/2   ( 1g  7/2) 0.98     8.602     0.000     1.000
  56  p   2g 7/2   ( 2g  7/2) 0.98    16.795     1.000     0.000
  57  p   3g 7/2   ( 5g  7/2) 0.48    27.110     1.000     0.000
  58  p   4g 7/2   ( 3g  7/2) 0.79    34.748     1.000     0.000
  59  p   5g 7/2   ( 4g  7/2) 0.70    45.320     1.000     0.000
  60  p   6g 7/2   ( 5g  7/2) 0.62    59.699     1.000     0.000
  61  p   7g 7/2   ( 6g  7/2) 0.65    77.326     1.000     0.000
  63  p   1f 7/2   ( 2f  7/2) 0.96     5.138     1.000     0.000
  64  h   2f 7/2   ( 1f  7/2) 0.97    20.297     0.000     1.000
  65  p   3f 7/2   ( 3f  7/2) 0.74    25.173     1.000     0.000
  66  p   4f 7/2   ( 3f  7/2) 0.62    29.181     1.000     0.000
  67  p   5f 7/2   ( 4f  7/2) 0.76    40.258     1.000     0.000
  68  p   6f 7/2   ( 5f  7/2) 0.69    54.150     1.000     0.000
  69  p   7f 7/2   ( 6f  7/2) 0.67    70.517     1.000     0.000
  70  p   8f 7/2   ( 7f  7/2) 0.64    99.915     1.000     0.000
  71  h   1g 9/2   ( 1g  9/2) 0.98    12.098     0.000     1.000
  72  p   2g 9/2   ( 2g  9/2) 0.97    14.407     1.000     0.000
  73  p   3g 9/2   ( 4g  9/2) 0.47    27.006     1.000     0.000
  74  p   4g 9/2   ( 3g  9/2) 0.79    34.019     1.000     0.000
  75  p   5g 9/2   ( 4g  9/2) 0.72    44.593     1.000     0.000
  76  p   6g 9/2   ( 5g  9/2) 0.63    58.922     1.000     0.000
  77  p   7g 9/2   ( 6g  9/2) 0.65    76.158     1.000     0.000
  79  p   1h 9/2   ( 1h  9/2) 0.98     1.456     1.000     0.000
  80  p   2h 9/2   ( 2h  9/2) 0.95    25.507     1.000     0.000
  81  p   3h 9/2   ( 4h  9/2) 0.52    29.872     1.000     0.000
  82  p   4h 9/2   ( 3h  9/2) 0.78    41.003     1.000     0.000
  83  p   5h 9/2   ( 4h  9/2) 0.73    54.463     1.000     0.000
  84  p   6h 9/2   ( 5h  9/2) 0.71    70.588     1.000     0.000
  85  p   7h 9/2   ( 6h  9/2) 0.64    98.750     1.000     0.000
  86  p   1i11/2   ( 1i 11/2) 0.97    11.729     1.000     0.000
  87  p   2i11/2   ( 2i 11/2) 0.50    29.857     1.000     0.000
  88  p   3i11/2   ( 2i 11/2) 0.83    34.681     1.000     0.000
  89  p   4i11/2   ( 3i 11/2) 0.78    44.619     1.000     0.000
  90  p   5i11/2   ( 4i 11/2) 0.68    59.382     1.000     0.000
  91  p   6i11/2   ( 5i 11/2) 0.68    76.370     1.000     0.000
  93  h   1h11/2   ( 1h 11/2) 0.98     3.476     0.000     1.000
  94  p   2h11/2   ( 2h 11/2) 0.97    23.355     1.000     0.000
  95  p   3h11/2   ( 4h 11/2) 0.53    29.480     1.000     0.000
  96  p   4h11/2   ( 3h 11/2) 0.78    40.224     1.000     0.000
  97  p   5h11/2   ( 4h 11/2) 0.74    53.309     1.000     0.000
  98  p   6h11/2   ( 5h 11/2) 0.70    69.079     1.000     0.000
  99  p   7h11/2   ( 6h 11/2) 0.64    97.772     1.000     0.000
 100  p   1i13/2   ( 1i 13/2) 0.98     5.378     1.000     0.000
 101  p   2i13/2   ( 2i 13/2) 0.64    29.520     1.000     0.000
 102  p   3i13/2   ( 2i 13/2) 0.73    32.847     1.000     0.000
 103  p   4i13/2   ( 3i 13/2) 0.78    43.574     1.000     0.000
 104  p   5i13/2   ( 4i 13/2) 0.70    58.090     1.000     0.000
 105  p   6i13/2   ( 5i 13/2) 0.69    74.361     1.000     0.000
 107  p   1j13/2   ( 1j 13/2) 0.97    21.875     1.000     0.000
 108  p   2j13/2   ( 4j 13/2) 0.52    32.964     1.000     0.000
 109  p   3j13/2   ( 2j 13/2) 0.83    41.936     1.000     0.000
 110  p   4j13/2   ( 3j 13/2) 0.78    53.429     1.000     0.000
 111  p   5j13/2   ( 4j 13/2) 0.74    69.546     1.000     0.000
 112  p   6j13/2   ( 6j 13/2) 0.65    96.396     1.000     0.000
 113  p   1k15/2   ( 1k 15/2) 0.96    31.417     1.000     0.000
 114  p   2k15/2   ( 4k 15/2) 0.52    34.784     1.000     0.000
 115  p   3k15/2   ( 2k 15/2) 0.81    46.260     1.000     0.000
 116  p   4k15/2   ( 3k 15/2) 0.74    58.994     1.000     0.000
 117  p   5k15/2   ( 4k 15/2) 0.72    74.865     1.000     0.000
 119  p   1j15/2   ( 1j 15/2) 0.97    14.406     1.000     0.000
 120  p   2j15/2   ( 2j 15/2) 0.51    32.745     1.000     0.000
 121  p   3j15/2   ( 2j 15/2) 0.81    40.156     1.000     0.000
 122  p   4j15/2   ( 3j 15/2) 0.78    51.859     1.000     0.000
 123  p   5j15/2   ( 4j 15/2) 0.74    67.346     1.000     0.000
 124  p   6j15/2   ( 6j 15/2) 0.66    94.251     1.000     0.000
 125  p   1k17/2   ( 1k 17/2) 0.96    23.429     1.000     0.000
 126  p   2k17/2   ( 4k 17/2) 0.53    34.484     1.000     0.000
 127  p   3k17/2   ( 2k 17/2) 0.81    44.738     1.000     0.000
 128  p   4k17/2   ( 3k 17/2) 0.78    56.909     1.000     0.000
 129  p   5k17/2   ( 4k 17/2) 0.73    72.275     1.000     0.000
 130  p   6k17/2   ( 6k 17/2) 0.64    99.681     1.000     0.000
 131  p   1l17/2   ( 1l 17/2) 0.56    37.721     1.000     0.000
 132  p   2l17/2   ( 1l 17/2) 0.80    41.476     1.000     0.000
 133  p   3l17/2   ( 2l 17/2) 0.79    54.139     1.000     0.000
 134  p   4l17/2   ( 3l 17/2) 0.76    69.384     1.000     0.000
 135  p   5l17/2   ( 5l 17/2) 0.68    92.878     1.000     0.000
 136  p   1m19/2   ( 3m 19/2) 0.57    39.970     1.000     0.000
 137  p   2m19/2   ( 1m 19/2) 0.91    48.557     1.000     0.000
 138  p   3m19/2   ( 2m 19/2) 0.80    58.392     1.000     0.000
 139  p   4m19/2   ( 3m 19/2) 0.74    75.025     1.000     0.000
 140  p   5m19/2   ( 5m 19/2) 0.66    99.084     1.000     0.000
 141  p   1l19/2   ( 1l 19/2) 0.96    32.281     1.000     0.000
 142  p   2l19/2   ( 2l 19/2) 0.57    38.360     1.000     0.000
 143  p   3l19/2   ( 2l 19/2) 0.76    52.409     1.000     0.000
 144  p   4l19/2   ( 3l 19/2) 0.76    65.886     1.000     0.000
 145  p   5l19/2   ( 5l 19/2) 0.70    89.521     1.000     0.000
 146  p   1m21/2   ( 1m 21/2) 0.61    39.630     1.000     0.000
 147  p   2m21/2   ( 1m 21/2) 0.74    41.580     1.000     0.000
 148  p   3m21/2   ( 2m 21/2) 0.78    55.808     1.000     0.000
 149  p   4m21/2   ( 3m 21/2) 0.76    71.012     1.000     0.000
 150  p   5m21/2   ( 5m 21/2) 0.68    94.771     1.000     0.000
 151  p   1n21/2   ( 3n 21/2) 0.58    44.862     1.000     0.000
 152  p   2n21/2   ( 1n 21/2) 0.87    57.011     1.000     0.000
 153  p   3n21/2   ( 2n 21/2) 0.76    68.111     1.000     0.000
 154  p   4n21/2   ( 4n 21/2) 0.70    91.225     1.000     0.000
 155  p   1o23/2   ( 3o 23/2) 0.59    47.021     1.000     0.000
 156  p   2o23/2   ( 1o 23/2) 0.85    61.957     1.000     0.000
 157  p   3o23/2   ( 2o 23/2) 0.77    73.695     1.000     0.000
 158  p   4o23/2   ( 4o 23/2) 0.69    96.996     1.000     0.000
 159  p   1n23/2   ( 1n 23/2) 0.56    44.449     1.000     0.000
 160  p   2n23/2   ( 1n 23/2) 0.78    51.231     1.000     0.000
 161  p   3n23/2   ( 2n 23/2) 0.67    63.835     1.000     0.000
 162  p   4n23/2   ( 4n 23/2) 0.75    84.698     1.000     0.000
 163  p   1o25/2   ( 3o 25/2) 0.59    46.875     1.000     0.000
 164  p   2o25/2   ( 1o 25/2) 0.88    58.393     1.000     0.000
 165  p   3o25/2   ( 2o 25/2) 0.74    68.088     1.000     0.000
 166  p   4o25/2   ( 4o 25/2) 0.74    89.254     1.000     0.000
 167  p   1P25/2   ( 2P 25/2) 0.67    53.615     1.000     0.000
 168  p   2P25/2   ( 1P 25/2) 0.80    71.060     1.000     0.000
 169  p   3P25/2   ( 3P 25/2) 0.74    87.586     1.000     0.000
 170  p   1q27/2   ( 2q 27/2) 0.68    55.959     1.000     0.000
 171  p   2q27/2   ( 1q 27/2) 0.80    75.533     1.000     0.000
 172  p   3q27/2   ( 3q 27/2) 0.70    93.209     1.000     0.000
 173  p   1P27/2   ( 2P 27/2) 0.62    53.345     1.000     0.000
 174  p   2P27/2   ( 1P 27/2) 0.77    67.566     1.000     0.000
 175  p   3P27/2   ( 3P 27/2) 0.82    78.807     1.000     0.000
 176  p   1q29/2   ( 2q 29/2) 0.65    55.749     1.000     0.000
 177  p   2q29/2   ( 1q 29/2) 0.81    73.822     1.000     0.000
 178  p   3q29/2   ( 3q 29/2) 0.77    84.159     1.000     0.000
 179  p   1r29/2   ( 1r 29/2) 0.76    65.057     1.000     0.000
 180  p   2r29/2   ( 2r 29/2) 0.75    87.359     1.000     0.000
 181  p   1S31/2   ( 1S 31/2) 0.76    67.695     1.000     0.000
 182  p   2S31/2   ( 2S 31/2) 0.75    92.403     1.000     0.000
 183  p   1r31/2   ( 1r 31/2) 0.74    64.828     1.000     0.000
 184  p   2r31/2   ( 2r 31/2) 0.74    82.712     1.000     0.000
 185  p   1S33/2   ( 1S 33/2) 0.74    67.502     1.000     0.000
 186  p   2S33/2   ( 2S 33/2) 0.74    88.891     1.000     0.000
 187  p   1t33/2   ( 1t 33/2) 0.98    81.368     1.000     0.000
 188  p   1u35/2   ( 1u 35/2) 0.98    84.614     1.000     0.000
 189  p   1t35/2   ( 1t 35/2) 0.98    80.592     1.000     0.000
 190  p   1u37/2   ( 1u 37/2) 0.98    84.076     1.000     0.000
  ****** END RESU ***********************************
