
  ******************************************  
  *           Fortran 77 Code              *  
  *         Spherical H.O. basis            *  
  * Dirac-Hartree-Bogoliubov calculation   *  
  *        with density-dependent          *  
  * meson-exchange or point coupling force *  
  *          and separable pairing         *  
  * -------------------------------------- *  
  *      Niksic, Paar, Vretenar, Ring      *  
  *          18/ 4/2026/01:51:28           *
  *       Pb 226  N = 144  Z =  82
  ******************************************  
  ****** BEGIN READER *******************************
 Number of oscillator shells :    18   20
 Initialization inin,inink   :     1    1
 Nucleus: Pb 226   144  82
 Initial Gap Parameters      :     1.0000    1.0000
 Parameter set               :    DD-ME2    
  ****** END READER *********************************
  ****** BEGIN FORCES *******************************

 NEDF Parameters: DD-ME2    
 AMU   =  939.000
 msig  =  550.124  gsig =    10.5396  Gsig =   -14.2924
 mome  =  783.000  gome =    13.0189  Gome =    10.7647
 mdel  =    0.000  gdel =     0.0000  Gdel =    -0.0000
 mrho  =  763.000  grho =     3.6836  Grho =     0.9076
  
 Density dependence parameters:
           scasca    scavec    vecsca    vecvec
 a    =   1.388148  1.389291  0.000000  0.564700
 b    =   1.094300  0.923975  0.000000  0.000000
 c    =   1.705700  1.462000  0.000000  0.000000
 d    =   0.442067  0.477492  0.000000  0.000000
 dsat =   0.152000
  
 TMR pairing: Tian,Ma,Ring, PRB 676, 44 (2009)
 TMR pairing strength    gl =:  -728.00000 [MeV*fm^3]
 TMR pairing width        a =:     0.64420 [fm]
  ****** END FORCES *********************************
  ****** BEGIN PREP *********************************
  
 hom =                            6.731023
 hb0 =                           20.734000
 b0  =                            2.482081
 with Coulomb force
 With microscopic c.m. correction
  ****** END PREP ***********************************
  ****** BEGIN ITER *********************************
  1.It. si =    0.0000000  E/A =    0.0000 R =    0.0000  mix = 0.50
  2.It. si =   82.2719670  E/A =   -7.4104 R =    5.9440  mix = 0.50
  3.It. si =   38.1465153  E/A =   -7.4469 R =    5.9223  mix = 0.50
  4.It. si =   11.3232045  E/A =   -7.4708 R =    5.8961  mix = 0.50
  5.It. si =   14.8782071  E/A =   -7.4914 R =    5.8678  mix = 0.50
  6.It. si =   13.5135462  E/A =   -7.4974 R =    5.8514  mix = 0.50
  7.It. si =    1.7721235  E/A =   -7.5034 R =    5.8049  mix = 0.50
  8.It. si =    1.6811364  E/A =   -7.5037 R =    5.8022  mix = 0.50
  9.It. si =    0.5517331  E/A =   -7.5040 R =    5.8031  mix = 0.50
 10.It. si =    0.6429703  E/A =   -7.5045 R =    5.8049  mix = 0.50
 11.It. si =    0.4759469  E/A =   -7.5046 R =    5.8046  mix = 0.50
 12.It. si =    0.2681614  E/A =   -7.5048 R =    5.8029  mix = 0.50
 13.It. si =    0.0558077  E/A =   -7.5051 R =    5.8031  mix = 0.50
 14.It. si =    0.0359633  E/A =   -7.5053 R =    5.8027  mix = 0.50
 15.It. si =    0.0323505  E/A =   -7.5053 R =    5.8027  mix = 0.50
 16.It. si =    0.0351652  E/A =   -7.5054 R =    5.8026  mix = 0.50
 17.It. si =    0.0231106  E/A =   -7.5053 R =    5.8026  mix = 0.50
 18.It. si =    0.0173709  E/A =   -7.5053 R =    5.8026  mix = 0.50
 19.It. si =    0.0165357  E/A =   -7.5053 R =    5.8026  mix = 0.50
 20.It. si =    0.0808762  E/A =   -7.5052 R =    5.8024  mix = 0.50
 21.It. si =    0.0324214  E/A =   -7.5052 R =    5.8024  mix = 0.50
 22.It. si =    0.0244731  E/A =   -7.5052 R =    5.8024  mix = 0.50
 23.It. si =    0.0172848  E/A =   -7.5052 R =    5.8024  mix = 0.50
 24.It. si =    0.0011906  E/A =   -7.5052 R =    5.8025  mix = 0.50
 25.It. si =    0.0033854  E/A =   -7.5052 R =    5.8025  mix = 0.50
 26.It. si =    0.0013026  E/A =   -7.5052 R =    5.8025  mix = 0.50
 27.It. si =    0.0005552  E/A =   -7.5052 R =    5.8025  mix = 0.50
 28.It. si =    0.0000890  E/A =   -7.5052 R =    5.8025  mix = 0.50
 29.It. si =    0.0000995  E/A =   -7.5052 R =    5.8025  mix = 0.50
 30.It. si =    0.0000147  E/A =   -7.5052 R =    5.8025  mix = 0.50
 31.It. si =    0.0000107  E/A =   -7.5052 R =    5.8025  mix = 0.50
 32.It. si =    0.0000060  E/A =   -7.5052 R =    5.8025  mix = 0.50
 33.It. si =    0.0000034  E/A =   -7.5052 R =    5.8025  mix = 0.50
 34.It. si =    0.0000019  E/A =   -7.5052 R =    5.8025  mix = 0.50
 ********************************************************************
 Pb 226: Iteration converged after  34 steps   si =      0.0000005386
 ********************************************************************
  ****** END ITER ***********************************
  ****** BEGIN CANON ********************************
 single-particle energies and gaps  in the canonical basis: Neutron:
 ------------------------------------------------------------------
    j pi     (nr,l,j)  smax       Ecan       vvcan       decan
 j = 1/2+  (   s 1/2)  0.96    -54.7462      0.9998      1.2816
 j = 1/2+  (   s 1/2)  0.94    -47.9731      0.9997      1.6322
 j = 1/2+  (   s 1/2)  0.98    -21.4142      0.9981      1.6054
 j = 1/2+  (   s 1/2)  0.95     -1.0550      0.0430      0.9307
 j = 1/2+  (   s 1/2)  0.90     10.7311      0.0004      0.5415
 j = 1/2+  (   s 1/2)  0.87     23.1040      0.0001      0.4315
 j = 1/2+  (   s 1/2)  0.77     24.3435      0.0000      0.0280
 j = 1/2+  (   s 1/2)  0.91     38.6897      0.0000      0.2937
 j = 1/2+  (   s 1/2)  0.94     53.5239      0.0000      0.1844
 j = 1/2+  (   s 1/2)  0.76     79.7546      0.0000      0.1232
 j = 1/2-  (   p 1/2)  0.98    -51.1545      0.9998      1.4558
 j = 1/2-  (   p 1/2)  0.97    -34.6256      0.9994      1.5325
 j = 1/2-  (   p 1/2)  0.97     -9.2163      0.9868      1.4217
 j = 1/2-  (   p 1/2)  0.94      6.5232      0.0012      0.6671
 j = 1/2-  (   p 1/2)  0.91     17.8857      0.0001      0.4759
 j = 1/2-  (   p 1/2)  0.90     32.2607      0.0000      0.3239
 j = 1/2-  (   p 1/2)  0.89     37.0908      0.0000      0.0438
 j = 1/2-  (   p 1/2)  0.94     44.8261      0.0000      0.2024
 j = 1/2-  (   p 1/2)  0.89     63.5319      0.0000      0.1397
 j = 3/2+  (   d 3/2)  0.98    -44.9729      0.9997      1.5093
 j = 3/2+  (   d 3/2)  0.98    -21.8323      0.9983      1.5381
 j = 3/2+  (   d 3/2)  0.96     -0.6746      0.0386      1.0338
 j = 3/2+  (   d 3/2)  0.92     12.0089      0.0003      0.5581
 j = 3/2+  (   d 3/2)  0.77     23.8530      0.0000      0.0257
 j = 3/2+  (   d 3/2)  0.90     24.3353      0.0001      0.4224
 j = 3/2+  (   d 3/2)  0.91     39.1293      0.0000      0.2733
 j = 3/2+  (   d 3/2)  0.94     51.5655      0.0000      0.1632
 j = 3/2+  (   d 3/2)  0.74     81.1549      0.0000      0.1124
 j = 3/2-  (   p 3/2)  0.98    -51.2818      0.9998      1.4601
 j = 3/2-  (   p 3/2)  0.97    -35.6574      0.9994      1.5380
 j = 3/2-  (   p 3/2)  0.98    -10.1270      0.9899      1.4261
 j = 3/2-  (   p 3/2)  0.95      6.1022      0.0013      0.6716
 j = 3/2-  (   p 3/2)  0.91     17.4902      0.0001      0.4670
 j = 3/2-  (   p 3/2)  0.91     31.8420      0.0000      0.3231
 j = 3/2-  (   p 3/2)  0.89     36.6356      0.0000      0.0435
 j = 3/2-  (   p 3/2)  0.94     44.4313      0.0000      0.2017
 j = 3/2-  (   p 3/2)  0.88     62.9268      0.0000      0.1394
 j = 5/2+  (   d 5/2)  0.99    -45.9152      0.9997      1.5301
 j = 5/2+  (   d 5/2)  0.98    -23.5162      0.9986      1.5518
 j = 5/2+  (   d 5/2)  0.96     -1.5612      0.0790      1.0186
 j = 5/2+  (   d 5/2)  0.92     11.3715      0.0004      0.5495
 j = 5/2+  (   d 5/2)  0.90     23.4108      0.0001      0.4213
 j = 5/2+  (   d 5/2)  0.77     24.0363      0.0000      0.0263
 j = 5/2+  (   d 5/2)  0.90     38.4089      0.0000      0.2736
 j = 5/2+  (   d 5/2)  0.94     51.0542      0.0000      0.1640
 j = 5/2+  (   d 5/2)  0.74     80.5571      0.0000      0.1129
 j = 5/2-  (   f 5/2)  0.98    -36.1693      0.9995      1.4799
 j = 5/2-  (   f 5/2)  0.98    -10.5232      0.9906      1.4466
 j = 5/2-  (   f 5/2)  0.97      6.9496      0.0015      0.7950
 j = 5/2-  (   f 5/2)  0.96     19.3092      0.0001      0.5044
 j = 5/2-  (   f 5/2)  0.94     33.4359      0.0000      0.3398
 j = 5/2-  (   f 5/2)  0.87     34.3216      0.0000      0.0387
 j = 5/2-  (   f 5/2)  0.94     45.3765      0.0000      0.2017
 j = 5/2-  (   f 5/2)  0.85     62.0148      0.0000      0.1337
 j = 7/2+  (   g 7/2)  0.98    -25.9500      0.9990      1.4470
 j = 7/2+  (   g 7/2)  0.98     -1.1252      0.0738      1.2430
 j = 7/2+  (   g 7/2)  0.97     13.7158      0.0003      0.6172
 j = 7/2+  (   g 7/2)  0.79     21.6978      0.0000      0.0221
 j = 7/2+  (   g 7/2)  0.96     26.1229      0.0001      0.4434
 j = 7/2+  (   g 7/2)  0.93     40.8148      0.0000      0.2815
 j = 7/2+  (   g 7/2)  0.90     55.0938      0.0000      0.1737
 j = 7/2+  (   g 7/2)  0.80     73.6009      0.0000      0.1068
 j = 7/2-  (   f 7/2)  0.98    -38.1926      0.9995      1.5087
 j = 7/2-  (   f 7/2)  0.98    -12.7577      0.9944      1.4503
 j = 7/2-  (   f 7/2)  0.97      5.8713      0.0019      0.7970
 j = 7/2-  (   f 7/2)  0.95     18.5491      0.0001      0.4891
 j = 7/2-  (   f 7/2)  0.94     32.6160      0.0000      0.3378
 j = 7/2-  (   f 7/2)  0.87     34.0161      0.0000      0.0385
 j = 7/2-  (   f 7/2)  0.94     44.7894      0.0000      0.2004
 j = 7/2-  (   f 7/2)  0.85     61.4506      0.0000      0.1332
 j = 9/2+  (   g 9/2)  0.98    -29.4493      0.9992      1.4925
 j = 9/2+  (   g 9/2)  0.98     -3.4260      0.6094      1.2240
 j = 9/2+  (   g 9/2)  0.96     12.6132      0.0004      0.6212
 j = 9/2+  (   g 9/2)  0.79     21.7566      0.0000      0.0225
 j = 9/2+  (   g 9/2)  0.96     24.5876      0.0001      0.4328
 j = 9/2+  (   g 9/2)  0.93     39.6852      0.0000      0.2796
 j = 9/2+  (   g 9/2)  0.90     54.3827      0.0000      0.1733
 j = 9/2+  (   g 9/2)  0.80     73.0126      0.0000      0.1069
 j = 9/2-  (   h 9/2)  0.98    -15.0097      0.9967      1.3624
 j = 9/2-  (   h 9/2)  0.97      7.1182      0.0026      1.0537
 j = 9/2-  (   h 9/2)  0.97     21.1846      0.0001      0.5410
 j = 9/2-  (   h 9/2)  0.81     29.1826      0.0000      0.0320
 j = 9/2-  (   h 9/2)  0.94     35.0030      0.0000      0.3534
 j = 9/2-  (   h 9/2)  0.89     48.7142      0.0000      0.2126
 j = 9/2-  (   h 9/2)  0.75     59.9948      0.0000      0.1325
 j =11/2+  (   i11/2)  0.98     -4.1198      0.8013      1.2823
 j =11/2+  (   i11/2)  0.96     15.0901      0.0005      0.8304
 j =11/2+  (   i11/2)  0.78     20.2801      0.0000      0.0188
 j =11/2+  (   i11/2)  0.95     28.7799      0.0001      0.4792
 j =11/2+  (   i11/2)  0.89     42.6592      0.0000      0.2881
 j =11/2+  (   i11/2)  0.79     58.4865      0.0000      0.1757
 j =11/2+  (   i11/2)  0.84     66.2419      0.0000      0.0946
 j =11/2-  (   h11/2)  0.98    -19.9779      0.9983      1.4107
 j =11/2-  (   h11/2)  0.98      4.6539      0.0043      1.0359
 j =11/2-  (   h11/2)  0.96     19.7261      0.0001      0.5351
 j =11/2-  (   h11/2)  0.81     28.8789      0.0000      0.0320
 j =11/2-  (   h11/2)  0.94     33.2387      0.0000      0.3497
 j =11/2-  (   h11/2)  0.89     47.6640      0.0000      0.2113
 j =11/2-  (   h11/2)  0.74     59.2834      0.0000      0.1324
 j =13/2+  (   i13/2)  0.98    -10.4288      0.9920      1.3157
 j =13/2+  (   i13/2)  0.96     12.4018      0.0007      0.8371
 j =13/2+  (   i13/2)  0.78     20.0484      0.0000      0.0187
 j =13/2+  (   i13/2)  0.94     27.2652      0.0001      0.4659
 j =13/2+  (   i13/2)  0.88     40.8678      0.0000      0.2839
 j =13/2+  (   i13/2)  0.78     57.1997      0.0000      0.1745
 j =13/2+  (   i13/2)  0.84     64.9075      0.0000      0.0934
 j =13/2-  (   j13/2)  0.98      6.3331      0.0040      1.2115
 j =13/2-  (   j13/2)  0.96     22.4701      0.0002      0.6274
 j =13/2-  (   j13/2)  0.76     27.2938      0.0000      0.0279
 j =13/2-  (   j13/2)  0.90     36.9779      0.0000      0.3998
 j =13/2-  (   j13/2)  0.81     51.4941      0.0000      0.2320
 j =13/2-  (   j13/2)  0.64     56.7127      0.0000      0.1250
 j =15/2+  (   k15/2)  0.98     15.8571      0.0008      1.0775
 j =15/2+  (   k15/2)  0.77     20.9116      0.0000      0.0178
 j =15/2+  (   k15/2)  0.94     30.5238      0.0001      0.5148
 j =15/2+  (   k15/2)  0.84     45.4111      0.0000      0.3220
 j =15/2+  (   k15/2)  0.85     60.2376      0.0000      0.0866
 j =15/2+  (   k15/2)  0.66     61.2438      0.0000      0.1957
 j =15/2-  (   j15/2)  0.98     -1.0483      0.0668      1.2117
 j =15/2-  (   j15/2)  0.95     19.7631      0.0002      0.6548
 j =15/2-  (   j15/2)  0.76     26.9469      0.0000      0.0278
 j =15/2-  (   j15/2)  0.90     34.2557      0.0000      0.3927
 j =15/2-  (   j15/2)  0.80     50.1630      0.0000      0.2329
 j =15/2-  (   j15/2)  0.63     54.9536      0.0000      0.1238
 j =17/2+  (   k17/2)  0.97      8.1089      0.0023      1.0913
 j =17/2+  (   k17/2)  0.77     20.8086      0.0000      0.0180
 j =17/2+  (   k17/2)  0.92     26.9591      0.0001      0.5261
 j =17/2+  (   k17/2)  0.83     42.3265      0.0000      0.3174
 j =17/2+  (   k17/2)  0.85     58.5064      0.0000      0.0856
 j =17/2+  (   k17/2)  0.66     59.5243      0.0000      0.1955
 j =17/2-  (   l17/2)  0.96     24.6606      0.0003      0.9308
 j =17/2-  (   l17/2)  0.71     27.2602      0.0000      0.0264
 j =17/2-  (   l17/2)  0.90     38.5193      0.0000      0.4300
 j =17/2-  (   l17/2)  0.64     54.7575      0.0000      0.1264
 j =17/2-  (   l17/2)  0.75     54.8335      0.0000      0.2589
 j =19/2+  (   m19/2)  0.76     23.7612      0.0000      0.0187
 j =19/2+  (   m19/2)  0.94     33.2145      0.0001      0.7931
 j =19/2+  (   m19/2)  0.83     46.5370      0.0000      0.3589
 j =19/2+  (   m19/2)  0.85     58.7578      0.0000      0.0873
 j =19/2+  (   m19/2)  0.63     63.0870      0.0000      0.2091
 j =19/2-  (   l19/2)  0.96     16.9011      0.0006      0.9501
 j =19/2-  (   l19/2)  0.70     26.9034      0.0000      0.0263
 j =19/2-  (   l19/2)  0.87     34.1993      0.0000      0.4317
 j =19/2-  (   l19/2)  0.73     51.3845      0.0000      0.2572
 j =19/2-  (   l19/2)  0.64     52.6480      0.0000      0.1246
 j =21/2+  (   m21/2)  0.76     23.6323      0.0000      0.0189
 j =21/2+  (   m21/2)  0.93     25.5422      0.0002      0.8117
 j =21/2+  (   m21/2)  0.80     41.7158      0.0000      0.3585
 j =21/2+  (   m21/2)  0.85     56.5526      0.0000      0.0858
 j =21/2+  (   m21/2)  0.61     58.7317      0.0000      0.2074
 j =21/2-  (   n21/2)  0.71     30.6028      0.0000      0.0279
 j =21/2-  (   n21/2)  0.91     41.3065      0.0001      0.6604
 j =21/2-  (   n21/2)  0.74     55.4411      0.0000      0.3002
 j =21/2-  (   n21/2)  0.65     56.3677      0.0000      0.1341
 j =23/2+  (   o23/2)  0.76     28.5190      0.0000      0.0212
 j =23/2+  (   o23/2)  0.86     49.6976      0.0000      0.5473
 j =23/2+  (   o23/2)  0.84     60.1776      0.0000      0.0939
 j =23/2+  (   o23/2)  0.62     63.5827      0.0000      0.2510
 j =23/2-  (   n23/2)  0.70     30.1143      0.0000      0.0277
 j =23/2-  (   n23/2)  0.89     33.9297      0.0001      0.6758
 j =23/2-  (   n23/2)  0.70     49.8156      0.0000      0.3004
 j =23/2-  (   n23/2)  0.65     52.4082      0.0000      0.1306
 j =25/2+  (   o25/2)  0.76     28.4026      0.0000      0.0215
 j =25/2+  (   o25/2)  0.85     42.4522      0.0000      0.5610
 j =25/2+  (   o25/2)  0.84     56.6743      0.0000      0.0916
 j =25/2+  (   o25/2)  0.59     57.1977      0.0000      0.2493
 j =25/2-  (   P25/2)  0.71     35.9477      0.0000      0.0330
 j =25/2-  (   P25/2)  0.81     58.2933      0.0000      0.4520
 j =25/2-  (   P25/2)  0.65     58.8382      0.0000      0.1662
 j =27/2+  (   q27/2)  0.77     35.7490      0.0000      0.0262
 j =27/2+  (   q27/2)  0.82     63.1128      0.0000      0.1192
 j =27/2+  (   q27/2)  0.75     66.1519      0.0000      0.3663
 j =27/2-  (   P27/2)  0.70     35.3831      0.0000      0.0329
 j =27/2-  (   P27/2)  0.79     50.9113      0.0000      0.4623
 j =27/2-  (   P27/2)  0.65     54.5378      0.0000      0.1627
 j =29/2+  (   q29/2)  0.78     35.6553      0.0000      0.0264
 j =29/2+  (   q29/2)  0.73     59.1084      0.0000      0.3731
 j =29/2+  (   q29/2)  0.81     59.5418      0.0000      0.1168
 j =29/2-  (   r29/2)  0.76     44.7333      0.0000      0.0458
 j =29/2-  (   r29/2)  0.75     65.8996      0.0000      0.2494
 j =31/2+  (   S31/2)  0.73     47.2578      0.0000      0.0326
 j =31/2+  (   S31/2)  0.73     70.5489      0.0000      0.1848
 j =31/2-  (   r31/2)  0.75     44.1038      0.0000      0.0455
 j =31/2-  (   r31/2)  0.75     61.5915      0.0000      0.2512
 j =33/2+  (   S33/2)  0.73     46.8234      0.0000      0.0325
 j =33/2+  (   S33/2)  0.72     67.1532      0.0000      0.1858
 j =33/2-  (   t33/2)  0.98     59.6114      0.0000      0.0789
 j =35/2+  (   u35/2)  0.98     63.0021      0.0000      0.0556
 j =35/2-  (   t35/2)  0.98     58.7154      0.0000      0.0790
 j =37/2+  (   u37/2)  0.98     62.3663      0.0000      0.0556
 single-particle energies and gaps  in the canonical basis: Proton: 
 ------------------------------------------------------------------
    j pi     (nr,l,j)  smax       Ecan       vvcan       decan
 j = 1/2+  (   s 1/2)  0.90    -51.4671      1.0000     -0.0000
 j = 1/2+  (   s 1/2)  0.84    -33.8596      1.0000     -0.0000
 j = 1/2+  (   s 1/2)  0.92    -11.8774      1.0000     -0.0000
 j = 1/2+  (   s 1/2)  0.91      7.8385      0.0000     -0.0000
 j = 1/2+  (   s 1/2)  0.50     13.4768      0.0000     -0.0000
 j = 1/2+  (   s 1/2)  0.72     22.2770      0.0000     -0.0000
 j = 1/2+  (   s 1/2)  0.58     34.4518      0.0000     -0.0000
 j = 1/2+  (   s 1/2)  0.51     49.0430      0.0000     -0.0000
 j = 1/2+  (   s 1/2)  0.59     67.7816      0.0000     -0.0000
 j = 1/2+  (   s 1/2)  0.63    100.5215      0.0000     -0.0000
 j = 1/2-  (   p 1/2)  0.94    -45.4934      1.0000     -0.0000
 j = 1/2-  (   p 1/2)  0.91    -23.4022      1.0000     -0.0000
 j = 1/2-  (   p 1/2)  0.95     -1.2197      0.0000     -0.0000
 j = 1/2-  (   p 1/2)  0.60     12.5285      0.0000     -0.0000
 j = 1/2-  (   p 1/2)  0.70     18.3031      0.0000     -0.0000
 j = 1/2-  (   p 1/2)  0.70     29.6196      0.0000     -0.0000
 j = 1/2-  (   p 1/2)  0.61     43.8387      0.0000     -0.0000
 j = 1/2-  (   p 1/2)  0.63     61.5286      0.0000     -0.0000
 j = 1/2-  (   p 1/2)  0.63     93.1875      0.0000     -0.0000
 j = 3/2+  (   d 3/2)  0.96    -37.8208      1.0000     -0.0000
 j = 3/2+  (   d 3/2)  0.95    -13.2577      1.0000     -0.0000
 j = 3/2+  (   d 3/2)  0.95      7.5911      0.0000     -0.0000
 j = 3/2+  (   d 3/2)  0.50     14.0126      0.0000     -0.0000
 j = 3/2+  (   d 3/2)  0.74     22.5416      0.0000     -0.0000
 j = 3/2+  (   d 3/2)  0.61     34.3940      0.0000     -0.0000
 j = 3/2+  (   d 3/2)  0.54     49.0552      0.0000     -0.0000
 j = 3/2+  (   d 3/2)  0.60     67.7156      0.0000     -0.0000
 j = 3/2+  (   d 3/2)  0.63    100.0570      0.0000     -0.0000
 j = 3/2-  (   p 3/2)  0.93    -46.0661      1.0000     -0.0000
 j = 3/2-  (   p 3/2)  0.89    -24.3105      1.0000     -0.0000
 j = 3/2-  (   p 3/2)  0.95     -1.9641      0.0000     -0.0000
 j = 3/2-  (   p 3/2)  0.62     12.4043      0.0000     -0.0000
 j = 3/2-  (   p 3/2)  0.69     17.9322      0.0000     -0.0000
 j = 3/2-  (   p 3/2)  0.71     29.3100      0.0000     -0.0000
 j = 3/2-  (   p 3/2)  0.62     43.3682      0.0000     -0.0000
 j = 3/2-  (   p 3/2)  0.64     60.9258      0.0000     -0.0000
 j = 3/2-  (   p 3/2)  0.63     92.2909      0.0000     -0.0000
 j = 5/2+  (   d 5/2)  0.95    -39.2098      1.0000     -0.0000
 j = 5/2+  (   d 5/2)  0.94    -14.7875      1.0000     -0.0000
 j = 5/2+  (   d 5/2)  0.95      6.7635      0.0000     -0.0000
 j = 5/2+  (   d 5/2)  0.51     13.8925      0.0000     -0.0000
 j = 5/2+  (   d 5/2)  0.74     22.1644      0.0000     -0.0000
 j = 5/2+  (   d 5/2)  0.62     34.0119      0.0000     -0.0000
 j = 5/2+  (   d 5/2)  0.54     48.4734      0.0000     -0.0000
 j = 5/2+  (   d 5/2)  0.60     66.9270      0.0000     -0.0000
 j = 5/2+  (   d 5/2)  0.63     99.0972      0.0000     -0.0000
 j = 5/2-  (   f 5/2)  0.98    -28.8433      1.0000     -0.0000
 j = 5/2-  (   f 5/2)  0.97     -3.4232      0.0000     -0.0000
 j = 5/2-  (   f 5/2)  0.71     13.3747      0.0000     -0.0000
 j = 5/2-  (   f 5/2)  0.63     18.1294      0.0000     -0.0000
 j = 5/2-  (   f 5/2)  0.74     29.4355      0.0000     -0.0000
 j = 5/2-  (   f 5/2)  0.65     43.4538      0.0000     -0.0000
 j = 5/2-  (   f 5/2)  0.66     60.8652      0.0000     -0.0000
 j = 5/2-  (   f 5/2)  0.64     91.5351      0.0000     -0.0000
 j = 7/2+  (   g 7/2)  0.98    -18.9983      1.0000     -0.0000
 j = 7/2+  (   g 7/2)  0.98      5.7392      0.0000     -0.0000
 j = 7/2+  (   g 7/2)  0.48     15.4415      0.0000     -0.0000
 j = 7/2+  (   g 7/2)  0.78     22.8503      0.0000     -0.0000
 j = 7/2+  (   g 7/2)  0.68     33.9702      0.0000     -0.0000
 j = 7/2+  (   g 7/2)  0.59     48.6114      0.0000     -0.0000
 j = 7/2+  (   g 7/2)  0.63     66.8856      0.0000     -0.0000
 j = 7/2+  (   g 7/2)  0.64     98.1517      0.0000     -0.0000
 j = 7/2-  (   f 7/2)  0.97    -31.3747      1.0000     -0.0000
 j = 7/2-  (   f 7/2)  0.96     -5.4572      0.0000     -0.0000
 j = 7/2-  (   f 7/2)  0.78     12.9341      0.0000     -0.0000
 j = 7/2-  (   f 7/2)  0.56     17.4615      0.0000     -0.0000
 j = 7/2-  (   f 7/2)  0.74     28.9379      0.0000     -0.0000
 j = 7/2-  (   f 7/2)  0.66     42.7711      0.0000     -0.0000
 j = 7/2-  (   f 7/2)  0.66     59.9007      0.0000     -0.0000
 j = 7/2-  (   f 7/2)  0.63     90.7719      0.0000     -0.0000
 j = 9/2+  (   g 9/2)  0.98    -22.9001      1.0000     -0.0000
 j = 9/2+  (   g 9/2)  0.98      3.4750      0.0000     -0.0000
 j = 9/2+  (   g 9/2)  0.49     15.2770      0.0000     -0.0000
 j = 9/2+  (   g 9/2)  0.78     21.9930      0.0000     -0.0000
 j = 9/2+  (   g 9/2)  0.70     33.1348      0.0000     -0.0000
 j = 9/2+  (   g 9/2)  0.60     47.6727      0.0000     -0.0000
 j = 9/2+  (   g 9/2)  0.63     65.5649      0.0000     -0.0000
 j = 9/2+  (   g 9/2)  0.63     97.3904      0.0000     -0.0000
 j = 9/2-  (   h 9/2)  0.98     -8.7051      0.0000     -0.0000
 j = 9/2-  (   h 9/2)  0.93     13.6739      0.0000     -0.0000
 j = 9/2-  (   h 9/2)  0.52     18.5086      0.0000     -0.0000
 j = 9/2-  (   h 9/2)  0.78     29.5221      0.0000     -0.0000
 j = 9/2-  (   h 9/2)  0.71     42.9588      0.0000     -0.0000
 j = 9/2-  (   h 9/2)  0.69     59.9724      0.0000     -0.0000
 j = 9/2-  (   h 9/2)  0.64     89.5848      0.0000     -0.0000
 j =11/2+  (   i11/2)  0.98      1.6177      0.0000     -0.0000
 j =11/2+  (   i11/2)  0.55     18.0139      0.0000     -0.0000
 j =11/2+  (   i11/2)  0.79     22.8290      0.0000     -0.0000
 j =11/2+  (   i11/2)  0.76     33.5427      0.0000     -0.0000
 j =11/2+  (   i11/2)  0.65     48.0566      0.0000     -0.0000
 j =11/2+  (   i11/2)  0.67     65.6867      0.0000     -0.0000
 j =11/2+  (   i11/2)  0.64     96.0600      0.0000     -0.0000
 j =11/2-  (   h11/2)  0.98    -14.0529      1.0000     -0.0000
 j =11/2-  (   h11/2)  0.97     11.6597      0.0000     -0.0000
 j =11/2-  (   h11/2)  0.54     18.0022      0.0000     -0.0000
 j =11/2-  (   h11/2)  0.78     28.6213      0.0000     -0.0000
 j =11/2-  (   h11/2)  0.72     41.7076      0.0000     -0.0000
 j =11/2-  (   h11/2)  0.69     58.2024      0.0000     -0.0000
 j =11/2-  (   h11/2)  0.63     88.3687      0.0000     -0.0000
 j =13/2+  (   i13/2)  0.98     -5.0208      0.0000     -0.0000
 j =13/2+  (   i13/2)  0.72     17.4574      0.0000     -0.0000
 j =13/2+  (   i13/2)  0.65     21.0610      0.0000     -0.0000
 j =13/2+  (   i13/2)  0.77     32.3846      0.0000     -0.0000
 j =13/2+  (   i13/2)  0.68     46.6487      0.0000     -0.0000
 j =13/2+  (   i13/2)  0.67     63.5274      0.0000     -0.0000
 j =13/2+  (   i13/2)  0.64     94.3314      0.0000     -0.0000
 j =13/2-  (   j13/2)  0.98     11.5371      0.0000     -0.0000
 j =13/2-  (   j13/2)  0.50     21.3078      0.0000     -0.0000
 j =13/2-  (   j13/2)  0.81     29.9980      0.0000     -0.0000
 j =13/2-  (   j13/2)  0.76     42.1911      0.0000     -0.0000
 j =13/2-  (   j13/2)  0.72     58.7981      0.0000     -0.0000
 j =13/2-  (   j13/2)  0.64     86.8635      0.0000     -0.0000
 j =15/2+  (   k15/2)  0.94     20.3764      0.0000     -0.0000
 j =15/2+  (   k15/2)  0.50     23.4795      0.0000     -0.0000
 j =15/2+  (   k15/2)  0.81     34.6506      0.0000     -0.0000
 j =15/2+  (   k15/2)  0.72     47.4638      0.0000     -0.0000
 j =15/2+  (   k15/2)  0.71     64.3206      0.0000     -0.0000
 j =15/2+  (   k15/2)  0.65     92.9033      0.0000     -0.0000
 j =15/2-  (   j15/2)  0.97      4.0557      0.0000     -0.0000
 j =15/2-  (   j15/2)  0.57     20.9276      0.0000     -0.0000
 j =15/2-  (   j15/2)  0.78     27.9052      0.0000     -0.0000
 j =15/2-  (   j15/2)  0.77     40.4666      0.0000     -0.0000
 j =15/2-  (   j15/2)  0.73     56.3666      0.0000     -0.0000
 j =15/2-  (   j15/2)  0.65     84.5104      0.0000     -0.0000
 j =17/2+  (   k17/2)  0.97     12.9937      0.0000     -0.0000
 j =17/2+  (   k17/2)  0.51     22.8953      0.0000     -0.0000
 j =17/2+  (   k17/2)  0.82     32.5424      0.0000     -0.0000
 j =17/2+  (   k17/2)  0.77     45.1093      0.0000     -0.0000
 j =17/2+  (   k17/2)  0.72     61.3038      0.0000     -0.0000
 j =17/2+  (   k17/2)  0.64     90.1563      0.0000     -0.0000
 j =17/2-  (   l17/2)  0.58     25.9760      0.0000     -0.0000
 j =17/2-  (   l17/2)  0.79     30.3661      0.0000     -0.0000
 j =17/2-  (   l17/2)  0.79     42.7678      0.0000     -0.0000
 j =17/2-  (   l17/2)  0.75     58.0761      0.0000     -0.0000
 j =17/2-  (   l17/2)  0.67     83.5167      0.0000     -0.0000
 j =19/2+  (   m19/2)  0.55     28.3918      0.0000     -0.0000
 j =19/2+  (   m19/2)  0.89     36.7228      0.0000     -0.0000
 j =19/2+  (   m19/2)  0.78     47.3634      0.0000     -0.0000
 j =19/2+  (   m19/2)  0.73     63.7960      0.0000     -0.0000
 j =19/2+  (   m19/2)  0.65     89.6838      0.0000     -0.0000
 j =19/2-  (   l19/2)  0.97     21.5767      0.0000     -0.0000
 j =19/2-  (   l19/2)  0.59     26.9430      0.0000     -0.0000
 j =19/2-  (   l19/2)  0.77     40.3759      0.0000     -0.0000
 j =19/2-  (   l19/2)  0.75     54.0264      0.0000     -0.0000
 j =19/2-  (   l19/2)  0.69     79.5924      0.0000     -0.0000
 j =21/2+  (   m21/2)  0.60     27.9855      0.0000     -0.0000
 j =21/2+  (   m21/2)  0.77     30.8147      0.0000     -0.0000
 j =21/2+  (   m21/2)  0.79     44.2872      0.0000     -0.0000
 j =21/2+  (   m21/2)  0.76     59.1123      0.0000     -0.0000
 j =21/2+  (   m21/2)  0.68     84.4214      0.0000     -0.0000
 j =21/2-  (   n21/2)  0.57     33.3384      0.0000     -0.0000
 j =21/2-  (   n21/2)  0.85     44.7232      0.0000     -0.0000
 j =21/2-  (   n21/2)  0.76     57.2705      0.0000     -0.0000
 j =21/2-  (   n21/2)  0.69     81.0068      0.0000     -0.0000
 j =23/2+  (   o23/2)  0.59     35.5842      0.0000     -0.0000
 j =23/2+  (   o23/2)  0.85     49.6860      0.0000     -0.0000
 j =23/2+  (   o23/2)  0.76     62.5053      0.0000     -0.0000
 j =23/2+  (   o23/2)  0.68     86.8444      0.0000     -0.0000
 j =23/2-  (   n23/2)  0.58     32.8990      0.0000     -0.0000
 j =23/2-  (   n23/2)  0.78     39.8605      0.0000     -0.0000
 j =23/2-  (   n23/2)  0.71     52.5846      0.0000     -0.0000
 j =23/2-  (   n23/2)  0.75     73.3609      0.0000     -0.0000
 j =25/2+  (   o25/2)  0.58     35.4155      0.0000     -0.0000
 j =25/2+  (   o25/2)  0.87     46.5113      0.0000     -0.0000
 j =25/2+  (   o25/2)  0.75     57.2429      0.0000     -0.0000
 j =25/2+  (   o25/2)  0.74     78.1308      0.0000     -0.0000
 j =25/2-  (   P25/2)  0.67     42.2056      0.0000     -0.0000
 j =25/2-  (   P25/2)  0.79     58.4977      0.0000     -0.0000
 j =25/2-  (   P25/2)  0.74     77.3611      0.0000     -0.0000
 j =27/2+  (   q27/2)  0.68     44.6367      0.0000     -0.0000
 j =27/2+  (   q27/2)  0.80     63.1644      0.0000     -0.0000
 j =27/2+  (   q27/2)  0.71     82.6324      0.0000     -0.0000
 j =27/2-  (   P27/2)  0.63     41.9246      0.0000     -0.0000
 j =27/2-  (   P27/2)  0.78     55.3056      0.0000     -0.0000
 j =27/2-  (   P27/2)  0.81     68.5632      0.0000     -0.0000
 j =29/2+  (   q29/2)  0.65     44.4306      0.0000     -0.0000
 j =29/2+  (   q29/2)  0.80     61.2999      0.0000     -0.0000
 j =29/2+  (   q29/2)  0.77     73.9972      0.0000     -0.0000
 j =29/2-  (   r29/2)  0.77     53.6655      0.0000     -0.0000
 j =29/2-  (   r29/2)  0.76     75.2888      0.0000     -0.0000
 j =31/2+  (   S31/2)  0.76     56.4247      0.0000     -0.0000
 j =31/2+  (   S31/2)  0.76     80.2902      0.0000     -0.0000
 j =31/2-  (   r31/2)  0.76     53.4146      0.0000     -0.0000
 j =31/2-  (   r31/2)  0.75     70.6321      0.0000     -0.0000
 j =33/2+  (   S33/2)  0.75     56.2182      0.0000     -0.0000
 j =33/2+  (   S33/2)  0.75     76.6947      0.0000     -0.0000
 j =33/2-  (   t33/2)  0.98     69.7271      0.0000     -0.0000
 j =35/2+  (   u35/2)  0.98     73.1564      0.0000     -0.0000
 j =35/2-  (   t35/2)  0.98     68.8462      0.0000     -0.0000
 j =37/2+  (   u37/2)  0.98     72.5246      0.0000     -0.0000
  ****** END CANON **********************************
  ****** BEGIN RESU *********************************
   ****** BEGIN EXPECT *******

                            neutron        proton         total
 particle number           144.000000      82.000000     226.000000
 trace scalar density      137.226087      78.953683     216.179769
 lambda                     -3.151451     -10.549615
 spk                        17.733088      -0.000033
 rms-Radius                  5.909567       5.609425       5.802461
 charge-Radius                              5.666184
 Particle Energ          -3290.505010   -2115.682769   -5406.187779
 Selfconsistency Test.                                     0.000000

 Kinetic Energy           2007.083941     893.116750    2900.200692
 E-scsc                                               -34226.098163
 E-scve                                                28663.015175
 E-vesc                                                    0.000000
 E-veve                                                  181.326604
 E-rearrang.                                             847.017537
 Coulomb direct                                          805.053380
 Pairing Energy            -19.678801      -0.000000     -19.678801
 Sum without E-cm                                      -1696.181114
DE-cm <P**2>/2M            -12.792833      -5.686668     -18.479502
NE-cm <P**2>/2M              9.687635       3.638361      13.325997
 E-cm <P**2>/2M             -3.105198      -2.048307      -5.153505
 Total Energy                                          -1701.334618
 E/A                                                      -7.528029

  ****** END EXPECT *********************************


 quasi-particle properties Neutron:
 ------------------------------------------------------------------
     p/h    l j     [nr,l,j]  smax       Eqp       uu       vv
   1  p   1s 1/2   ( 4s  1/2) 0.88     2.029     0.958     0.042
   2  p   2s 1/2   ( 6s  1/2) 0.49     7.584     0.998     0.002
   3  p   3s 1/2   ( 5s  1/2) 0.68    16.023     0.903     0.097
   4  h   4s 1/2   ( 3s  1/2) 0.91    16.718     0.099     0.901
   5  p   5s 1/2   ( 6s  1/2) 0.59    28.127     1.000     0.000
   6  h   6s 1/2   ( 2s  1/2) 0.91    39.969     0.001     0.999
   7  p   7s 1/2   ( 6s  1/2) 0.53    42.983     1.000     0.000
   8  h   8s 1/2   ( 1s  1/2) 0.94    58.185     0.000     1.000
   9  p   9s 1/2   ( 8s  1/2) 0.61    62.069     1.000     0.000
  10  p  10s 1/2   ( 9s  1/2) 0.64    92.983     1.000     0.000
  11  h   1p 1/2   ( 3p  1/2) 0.90     5.739     0.138     0.862
  12  p   2p 1/2   ( 4p  1/2) 0.58     6.002     0.875     0.125
  13  p   3p 1/2   ( 4p  1/2) 0.69    12.489     0.999     0.001
  14  p   4p 1/2   ( 5p  1/2) 0.70    23.481     0.999     0.001
  15  h   5p 1/2   ( 2p  1/2) 0.95    28.640     0.001     0.999
  16  p   6p 1/2   ( 6p  1/2) 0.62    37.877     1.000     0.000
  17  h   7p 1/2   ( 1p  1/2) 0.96    51.347     0.000     1.000
  18  p   8p 1/2   ( 7p  1/2) 0.65    55.956     1.000     0.000
  19  p   9p 1/2   ( 8p  1/2) 0.64    85.938     1.000     0.000
  20  p   1d 3/2   ( 3d  3/2) 0.90     2.424     0.962     0.038
  21  p   2d 3/2   ( 5d  3/2) 0.49     8.108     0.998     0.002
  22  p   3d 3/2   ( 4d  3/2) 0.71    16.494     0.975     0.025
  23  h   4d 3/2   ( 2d  3/2) 0.96    17.674     0.028     0.972
  24  p   5d 3/2   ( 5d  3/2) 0.60    28.327     1.000     0.000
  25  h   6d 3/2   ( 1d  3/2) 0.96    42.947     0.035     0.965
  26  p   7d 3/2   ( 6d  3/2) 0.53    43.301     0.965     0.035
  27  p   8d 3/2   ( 7d  3/2) 0.61    62.311     1.000     0.000
  28  p   9d 3/2   ( 8d  3/2) 0.64    93.198     1.000     0.000
  29  p   1p 3/2   ( 4p  3/2) 0.63     5.828     0.991     0.009
  30  h   2p 3/2   ( 3p  3/2) 0.96     6.551     0.019     0.981
  31  p   3p 3/2   ( 4p  3/2) 0.67    12.158     0.999     0.001
  32  p   4p 3/2   ( 5p  3/2) 0.70    23.156     0.999     0.001
  33  h   5p 3/2   ( 2p  3/2) 0.94    29.502     0.001     0.999
  34  p   6p 3/2   ( 6p  3/2) 0.63    37.394     1.000     0.000
  35  h   7p 3/2   ( 1p  3/2) 0.95    51.760     0.000     1.000
  36  p   8p 3/2   ( 7p  3/2) 0.65    55.354     1.000     0.000
  37  p   9p 3/2   ( 8p  3/2) 0.64    85.131     1.000     0.000
  38  p   1d 5/2   ( 3d  5/2) 0.90     1.763     0.922     0.078
  39  p   2d 5/2   ( 5d  5/2) 0.50     7.894     0.998     0.002
  40  p   3d 5/2   ( 4d  5/2) 0.72    16.121     0.997     0.003
  41  h   4d 5/2   ( 2d  5/2) 0.96    19.151     0.005     0.995
  42  p   5d 5/2   ( 5d  5/2) 0.61    27.934     1.000     0.000
  43  p   6d 5/2   ( 6d  5/2) 0.54    42.662     0.997     0.003
  44  h   7d 5/2   ( 1d  5/2) 0.97    44.086     0.003     0.997
  45  p   8d 5/2   ( 7d  5/2) 0.61    61.489     1.000     0.000
  46  p   9d 5/2   ( 8d  5/2) 0.64    92.285     1.000     0.000
  47  p   1f 5/2   ( 3f  5/2) 0.69     6.875     0.996     0.004
  48  h   2f 5/2   ( 2f  5/2) 0.98     7.223     0.014     0.986
  49  p   3f 5/2   ( 3f  5/2) 0.65    12.628     0.998     0.002
  50  p   4f 5/2   ( 4f  5/2) 0.73    23.354     1.000     0.000
  51  h   5f 5/2   ( 1f  5/2) 0.98    33.329     0.001     0.999
  52  p   6f 5/2   ( 5f  5/2) 0.65    37.635     1.000     0.000
  53  p   7f 5/2   ( 6f  5/2) 0.67    55.535     1.000     0.000
  54  p   8f 5/2   ( 7f  5/2) 0.64    85.011     1.000     0.000
  55  p   1g 7/2   ( 2g  7/2) 0.93     2.294     0.927     0.073
  56  p   2g 7/2   ( 4g  7/2) 0.49     9.272     0.999     0.001
  57  p   3g 7/2   ( 3g  7/2) 0.75    16.953     1.000     0.000
  58  h   4g 7/2   ( 1g  7/2) 0.98    22.850     0.002     0.998
  59  p   5g 7/2   ( 4g  7/2) 0.65    28.121     1.000     0.000
  60  p   6g 7/2   ( 5g  7/2) 0.58    42.883     1.000     0.000
  61  p   7g 7/2   ( 6g  7/2) 0.64    61.647     1.000     0.000
  62  p   8g 7/2   ( 7g  7/2) 0.64    91.713     1.000     0.000
  63  p   1f 7/2   ( 3f  7/2) 0.74     6.518     0.998     0.002
  64  h   2f 7/2   ( 2f  7/2) 0.97     9.265     0.011     0.989
  65  p   3f 7/2   ( 3f  7/2) 0.60    11.982     0.994     0.006
  66  p   4f 7/2   ( 4f  7/2) 0.73    22.793     1.000     0.000
  67  h   5f 7/2   ( 1f  7/2) 0.98    35.505     0.002     0.998
  68  p   6f 7/2   ( 5f  7/2) 0.65    36.911     0.998     0.002
  69  p   7f 7/2   ( 6f  7/2) 0.66    54.503     1.000     0.000
  70  p   8f 7/2   ( 7f  7/2) 0.64    84.204     1.000     0.000
  71  h   1g 9/2   ( 2g  9/2) 0.77     1.237     0.391     0.609
  72  p   2g 9/2   ( 3g  9/2) 0.52     9.001     0.999     0.001
  73  p   3g 9/2   ( 3g  9/2) 0.74    16.179     1.000     0.000
  74  h   4g 9/2   ( 1g  9/2) 0.98    26.344     0.006     0.994
  75  p   5g 9/2   ( 4g  9/2) 0.67    27.290     0.995     0.005
  76  p   6g 9/2   ( 5g  9/2) 0.59    41.883     1.000     0.000
  77  p   7g 9/2   ( 6g  9/2) 0.63    60.267     1.000     0.000
  78  p   8g 9/2   ( 7g  9/2) 0.64    90.872     1.000     0.000
  79  p   1h 9/2   ( 2h  9/2) 0.82     8.462     0.996     0.004
  80  h   2h 9/2   ( 1h  9/2) 0.96    11.909     0.031     0.969
  81  p   3h 9/2   ( 2h  9/2) 0.51    13.228     0.974     0.026
  82  p   4h 9/2   ( 3h  9/2) 0.76    23.581     1.000     0.000
  83  p   5h 9/2   ( 4h  9/2) 0.69    37.374     1.000     0.000
  84  p   6h 9/2   ( 5h  9/2) 0.69    54.939     1.000     0.000
  85  p   7h 9/2   ( 6h  9/2) 0.64    83.333     1.000     0.000
  86  h   1i11/2   ( 1i 11/2) 0.87     1.603     0.199     0.801
  87  p   2i11/2   ( 2i 11/2) 0.54    11.667     1.000     0.000
  88  p   3i11/2   ( 2i 11/2) 0.76    17.709     1.000     0.000
  89  p   4i11/2   ( 3i 11/2) 0.72    28.056     1.000     0.000
  90  p   5i11/2   ( 4i 11/2) 0.63    42.580     1.000     0.000
  91  p   6i11/2   ( 5i 11/2) 0.66    60.898     1.000     0.000
  92  p   7i11/2   ( 6i 11/2) 0.64    90.096     1.000     0.000
  93  p   1h11/2   ( 2h 11/2) 0.92     7.024     0.996     0.004
  94  p   2h11/2   ( 4h 11/2) 0.52    12.231     0.998     0.002
  95  h   3h11/2   ( 1h 11/2) 0.98    16.893     0.004     0.996
  96  p   4h11/2   ( 3h 11/2) 0.76    22.599     0.999     0.001
  97  p   5h11/2   ( 4h 11/2) 0.70    36.093     1.000     0.000
  98  p   6h11/2   ( 5h 11/2) 0.69    53.081     1.000     0.000
  99  p   7h11/2   ( 6h 11/2) 0.64    82.062     1.000     0.000
 100  h   1i13/2   ( 1i 13/2) 0.97     7.390     0.009     0.991
 101  p   2i13/2   ( 2i 13/2) 0.65    11.249     1.000     0.000
 102  p   3i13/2   ( 2i 13/2) 0.70    16.156     0.999     0.001
 103  p   4i13/2   ( 3i 13/2) 0.75    26.697     1.000     0.000
 104  p   5i13/2   ( 4i 13/2) 0.65    41.063     1.000     0.000
 105  p   6i13/2   ( 5i 13/2) 0.66    58.636     1.000     0.000
 106  p   7i13/2   ( 6i 13/2) 0.64    88.348     1.000     0.000
 107  p   1j13/2   ( 1j 13/2) 0.97     9.177     0.996     0.004
 108  p   2j13/2   ( 2j 13/2) 0.51    15.037     1.000     0.000
 109  p   3j13/2   ( 2j 13/2) 0.78    24.149     1.000     0.000
 110  p   4j13/2   ( 3j 13/2) 0.74    36.925     1.000     0.000
 111  p   5j13/2   ( 4j 13/2) 0.71    54.151     1.000     0.000
 112  p   6j13/2   ( 5j 13/2) 0.64    81.526     1.000     0.000
 113  p   1k15/2   ( 1k 15/2) 0.59    15.761     1.000     0.000
 114  p   2k15/2   ( 1k 15/2) 0.77    19.307     0.999     0.001
 115  p   3k15/2   ( 2k 15/2) 0.78    28.793     1.000     0.000
 116  p   4k15/2   ( 3k 15/2) 0.69    42.126     1.000     0.000
 117  p   5k15/2   ( 4k 15/2) 0.69    59.803     1.000     0.000
 118  p   6k15/2   ( 5k 15/2) 0.65    87.925     1.000     0.000
 119  p   1j15/2   ( 1j 15/2) 0.95     2.406     0.933     0.067
 120  p   2j15/2   ( 2j 15/2) 0.57    14.507     1.000     0.000
 121  p   3j15/2   ( 2j 15/2) 0.76    22.398     1.000     0.000
 122  p   4j15/2   ( 3j 15/2) 0.76    35.007     1.000     0.000
 123  p   5j15/2   ( 4j 15/2) 0.72    51.481     1.000     0.000
 124  p   6j15/2   ( 6j 15/2) 0.64    79.146     1.000     0.000
 125  p   1k17/2   ( 1k 17/2) 0.98    10.971     0.998     0.002
 126  p   2k17/2   ( 3k 17/2) 0.51    16.802     1.000     0.000
 127  p   3k17/2   ( 2k 17/2) 0.79    26.576     1.000     0.000
 128  p   4k17/2   ( 3k 17/2) 0.74    39.736     1.000     0.000
 129  p   5k17/2   ( 4k 17/2) 0.71    56.511     1.000     0.000
 130  p   6k17/2   ( 5k 17/2) 0.64    85.115     1.000     0.000
 131  p   1l17/2   ( 3l 17/2) 0.53    19.730     1.000     0.000
 132  p   2l17/2   ( 1l 17/2) 0.84    26.771     1.000     0.000
 133  p   3l17/2   ( 2l 17/2) 0.77    37.513     1.000     0.000
 134  p   4l17/2   ( 3l 17/2) 0.73    53.566     1.000     0.000
 135  p   5l17/2   ( 5l 17/2) 0.67    78.922     1.000     0.000
 136  p   1m19/2   ( 3m 19/2) 0.56    22.092     1.000     0.000
 137  p   2m19/2   ( 1m 19/2) 0.82    31.869     1.000     0.000
 138  p   3m19/2   ( 2m 19/2) 0.71    42.909     1.000     0.000
 139  p   4m19/2   ( 3m 19/2) 0.71    59.568     1.000     0.000
 140  p   5m19/2   ( 4m 19/2) 0.65    85.252     1.000     0.000
 141  p   1l19/2   ( 1l 19/2) 0.85    18.315     1.000     0.000
 142  p   2l19/2   ( 2l 19/2) 0.51    21.631     1.000     0.000
 143  p   3l19/2   ( 2l 19/2) 0.77    34.330     1.000     0.000
 144  p   4l19/2   ( 3l 19/2) 0.75    49.263     1.000     0.000
 145  p   5l19/2   ( 5l 19/2) 0.69    74.892     1.000     0.000
 146  p   1m21/2   ( 3m 21/2) 0.54    21.872     1.000     0.000
 147  p   2m21/2   ( 1m 21/2) 0.87    27.671     1.000     0.000
 148  p   3m21/2   ( 2m 21/2) 0.80    38.646     1.000     0.000
 149  p   4m21/2   ( 3m 21/2) 0.75    54.325     1.000     0.000
 150  p   5m21/2   ( 5m 21/2) 0.68    79.939     1.000     0.000
 151  p   1n21/2   ( 2n 21/2) 0.60    26.797     1.000     0.000
 152  p   2n21/2   ( 1n 21/2) 0.81    39.221     1.000     0.000
 153  p   3n21/2   ( 2n 21/2) 0.74    53.816     1.000     0.000
 154  p   4n21/2   ( 4n 21/2) 0.67    77.179     1.000     0.000
 155  p   1o23/2   ( 2o 23/2) 0.60    29.225     1.000     0.000
 156  p   2o23/2   ( 1o 23/2) 0.80    43.284     1.000     0.000
 157  p   3o23/2   ( 2o 23/2) 0.72    58.953     1.000     0.000
 158  p   4o23/2   ( 4o 23/2) 0.65    83.604     1.000     0.000
 159  p   1n23/2   ( 2n 23/2) 0.56    26.517     1.000     0.000
 160  p   2n23/2   ( 1n 23/2) 0.83    35.834     1.000     0.000
 161  p   3n23/2   ( 2n 23/2) 0.75    47.810     1.000     0.000
 162  p   4n23/2   ( 4n 23/2) 0.74    69.275     1.000     0.000
 163  p   1o25/2   ( 2o 25/2) 0.58    29.089     1.000     0.000
 164  p   2o25/2   ( 1o 25/2) 0.85    41.246     1.000     0.000
 165  p   3o25/2   ( 2o 25/2) 0.77    53.089     1.000     0.000
 166  p   4o25/2   ( 4o 25/2) 0.72    74.350     1.000     0.000
 167  p   1P25/2   ( 2P 25/2) 0.68    35.465     1.000     0.000
 168  p   2P25/2   ( 1P 25/2) 0.77    52.539     1.000     0.000
 169  p   3P25/2   ( 3P 25/2) 0.71    75.057     1.000     0.000
 170  p   1q27/2   ( 2q 27/2) 0.68    38.108     1.000     0.000
 171  p   2q27/2   ( 1q 27/2) 0.78    56.540     1.000     0.000
 172  p   3q27/2   ( 3q 27/2) 0.70    80.211     1.000     0.000
 173  p   1P27/2   ( 2P 27/2) 0.65    35.254     1.000     0.000
 174  p   2P27/2   ( 1P 27/2) 0.78    50.008     1.000     0.000
 175  p   3P27/2   ( 3P 27/2) 0.77    65.461     1.000     0.000
 176  p   1q29/2   ( 2q 29/2) 0.66    37.954     1.000     0.000
 177  p   2q29/2   ( 1q 29/2) 0.79    54.960     1.000     0.000
 178  p   3q29/2   ( 3q 29/2) 0.74    71.139     1.000     0.000
 179  p   1r29/2   ( 1r 29/2) 0.78    46.691     1.000     0.000
 180  p   2r29/2   ( 2r 29/2) 0.78    70.593     1.000     0.000
 181  p   1S31/2   ( 1S 31/2) 0.78    49.626     1.000     0.000
 182  p   2S31/2   ( 2S 31/2) 0.77    74.863     1.000     0.000
 183  p   1r31/2   ( 1r 31/2) 0.78    46.468     1.000     0.000
 184  p   2r31/2   ( 2r 31/2) 0.77    65.809     1.000     0.000
 185  p   1S33/2   ( 1S 33/2) 0.77    49.453     1.000     0.000
 186  p   2S33/2   ( 2S 33/2) 0.77    71.149     1.000     0.000
 187  p   1t33/2   ( 1t 33/2) 0.98    62.763     1.000     0.000
 188  p   1u35/2   ( 1u 35/2) 0.98    66.154     1.000     0.000
 189  p   1t35/2   ( 1t 35/2) 0.98    61.867     1.000     0.000
 190  p   1u37/2   ( 1u 37/2) 0.98    65.518     1.000     0.000


 quasi-particle properties Proton: 
 ------------------------------------------------------------------
     p/h    l j     [nr,l,j]  smax       Eqp       uu       vv
   1  h   1s 1/2   ( 3s  1/2) 0.92     1.328     0.000     1.000
   2  p   2s 1/2   ( 4s  1/2) 0.91    18.388     1.000     0.000
   3  h   3s 1/2   ( 2s  1/2) 0.84    23.310     0.000     1.000
   4  p   4s 1/2   ( 6s  1/2) 0.50    24.026     1.000     0.000
   5  p   5s 1/2   ( 5s  1/2) 0.72    32.827     1.000     0.000
   6  h   6s 1/2   ( 1s  1/2) 0.90    40.917     0.000     1.000
   7  p   7s 1/2   ( 6s  1/2) 0.58    45.001     1.000     0.000
   8  p   8s 1/2   ( 7s  1/2) 0.51    59.593     1.000     0.000
   9  p   9s 1/2   ( 8s  1/2) 0.59    78.331     1.000     0.000
  11  p   1p 1/2   ( 3p  1/2) 0.95     9.330     1.000     0.000
  12  h   2p 1/2   ( 2p  1/2) 0.91    12.853     0.000     1.000
  13  p   3p 1/2   ( 4p  1/2) 0.60    23.078     1.000     0.000
  14  p   4p 1/2   ( 4p  1/2) 0.70    28.853     1.000     0.000
  15  h   5p 1/2   ( 1p  1/2) 0.94    34.944     0.000     1.000
  16  p   6p 1/2   ( 5p  1/2) 0.70    40.169     1.000     0.000
  17  p   7p 1/2   ( 6p  1/2) 0.61    54.388     1.000     0.000
  18  p   8p 1/2   ( 7p  1/2) 0.63    72.078     1.000     0.000
  20  h   1d 3/2   ( 2d  3/2) 0.95     2.708     0.000     1.000
  21  p   2d 3/2   ( 3d  3/2) 0.95    18.141     1.000     0.000
  22  p   3d 3/2   ( 5d  3/2) 0.50    24.562     1.000     0.000
  23  h   4d 3/2   ( 1d  3/2) 0.96    27.271     0.000     1.000
  24  p   5d 3/2   ( 4d  3/2) 0.74    33.091     1.000     0.000
  25  p   6d 3/2   ( 5d  3/2) 0.61    44.944     1.000     0.000
  26  p   7d 3/2   ( 6d  3/2) 0.54    59.605     1.000     0.000
  27  p   8d 3/2   ( 7d  3/2) 0.60    78.265     1.000     0.000
  29  p   1p 3/2   ( 3p  3/2) 0.95     8.586     1.000     0.000
  30  h   2p 3/2   ( 2p  3/2) 0.89    13.761     0.000     1.000
  31  p   3p 3/2   ( 4p  3/2) 0.62    22.954     1.000     0.000
  32  p   4p 3/2   ( 4p  3/2) 0.69    28.482     1.000     0.000
  33  h   5p 3/2   ( 1p  3/2) 0.93    35.516     0.000     1.000
  34  p   6p 3/2   ( 5p  3/2) 0.71    39.860     1.000     0.000
  35  p   7p 3/2   ( 6p  3/2) 0.62    53.918     1.000     0.000
  36  p   8p 3/2   ( 7p  3/2) 0.64    71.475     1.000     0.000
  38  h   1d 5/2   ( 2d  5/2) 0.94     4.238     0.000     1.000
  39  p   2d 5/2   ( 3d  5/2) 0.95    17.313     1.000     0.000
  40  p   3d 5/2   ( 5d  5/2) 0.51    24.442     1.000     0.000
  41  h   4d 5/2   ( 1d  5/2) 0.95    28.660     0.000     1.000
  42  p   5d 5/2   ( 4d  5/2) 0.74    32.714     1.000     0.000
  43  p   6d 5/2   ( 5d  5/2) 0.62    44.562     1.000     0.000
  44  p   7d 5/2   ( 6d  5/2) 0.54    59.023     1.000     0.000
  45  p   8d 5/2   ( 7d  5/2) 0.60    77.477     1.000     0.000
  47  p   1f 5/2   ( 2f  5/2) 0.97     7.126     1.000     0.000
  48  h   2f 5/2   ( 1f  5/2) 0.98    18.294     0.000     1.000
  49  p   3f 5/2   ( 3f  5/2) 0.71    23.924     1.000     0.000
  50  p   4f 5/2   ( 3f  5/2) 0.63    28.679     1.000     0.000
  51  p   5f 5/2   ( 4f  5/2) 0.74    39.985     1.000     0.000
  52  p   6f 5/2   ( 5f  5/2) 0.65    54.003     1.000     0.000
  53  p   7f 5/2   ( 6f  5/2) 0.66    71.415     1.000     0.000
  55  h   1g 7/2   ( 1g  7/2) 0.98     8.449     0.000     1.000
  56  p   2g 7/2   ( 2g  7/2) 0.98    16.289     1.000     0.000
  57  p   3g 7/2   ( 4g  7/2) 0.48    25.991     1.000     0.000
  58  p   4g 7/2   ( 3g  7/2) 0.78    33.400     1.000     0.000
  59  p   5g 7/2   ( 4g  7/2) 0.68    44.520     1.000     0.000
  60  p   6g 7/2   ( 5g  7/2) 0.59    59.161     1.000     0.000
  61  p   7g 7/2   ( 6g  7/2) 0.63    77.435     1.000     0.000
  63  p   1f 7/2   ( 2f  7/2) 0.96     5.092     1.000     0.000
  64  h   2f 7/2   ( 1f  7/2) 0.97    20.825     0.000     1.000
  65  p   3f 7/2   ( 3f  7/2) 0.78    23.484     1.000     0.000
  66  p   4f 7/2   ( 3f  7/2) 0.56    28.011     1.000     0.000
  67  p   5f 7/2   ( 4f  7/2) 0.74    39.487     1.000     0.000
  68  p   6f 7/2   ( 5f  7/2) 0.66    53.321     1.000     0.000
  69  p   7f 7/2   ( 6f  7/2) 0.66    70.450     1.000     0.000
  71  h   1g 9/2   ( 1g  9/2) 0.98    12.350     0.000     1.000
  72  p   2g 9/2   ( 2g  9/2) 0.98    14.025     1.000     0.000
  73  p   3g 9/2   ( 3g  9/2) 0.49    25.827     1.000     0.000
  74  p   4g 9/2   ( 3g  9/2) 0.78    32.543     1.000     0.000
  75  p   5g 9/2   ( 4g  9/2) 0.70    43.684     1.000     0.000
  76  p   6g 9/2   ( 5g  9/2) 0.60    58.222     1.000     0.000
  77  p   7g 9/2   ( 6g  9/2) 0.63    76.115     1.000     0.000
  79  p   1h 9/2   ( 1h  9/2) 0.98     1.845     1.000     0.000
  80  p   2h 9/2   ( 2h  9/2) 0.93    24.224     1.000     0.000
  81  p   3h 9/2   ( 4h  9/2) 0.52    29.058     1.000     0.000
  82  p   4h 9/2   ( 3h  9/2) 0.78    40.072     1.000     0.000
  83  p   5h 9/2   ( 4h  9/2) 0.71    53.508     1.000     0.000
  84  p   6h 9/2   ( 5h  9/2) 0.69    70.522     1.000     0.000
  86  p   1i11/2   ( 1i 11/2) 0.98    12.167     1.000     0.000
  87  p   2i11/2   ( 2i 11/2) 0.55    28.563     1.000     0.000
  88  p   3i11/2   ( 2i 11/2) 0.79    33.379     1.000     0.000
  89  p   4i11/2   ( 3i 11/2) 0.76    44.092     1.000     0.000
  90  p   5i11/2   ( 4i 11/2) 0.65    58.606     1.000     0.000
  91  p   6i11/2   ( 5i 11/2) 0.67    76.236     1.000     0.000
  93  h   1h11/2   ( 1h 11/2) 0.98     3.503     0.000     1.000
  94  p   2h11/2   ( 2h 11/2) 0.97    22.209     1.000     0.000
  95  p   3h11/2   ( 4h 11/2) 0.54    28.552     1.000     0.000
  96  p   4h11/2   ( 3h 11/2) 0.78    39.171     1.000     0.000
  97  p   5h11/2   ( 4h 11/2) 0.72    52.257     1.000     0.000
  98  p   6h11/2   ( 5h 11/2) 0.69    68.752     1.000     0.000
  99  p   7h11/2   ( 6h 11/2) 0.63    98.918     1.000     0.000
 100  p   1i13/2   ( 1i 13/2) 0.98     5.529     1.000     0.000
 101  p   2i13/2   ( 2i 13/2) 0.72    28.007     1.000     0.000
 102  p   3i13/2   ( 2i 13/2) 0.65    31.611     1.000     0.000
 103  p   4i13/2   ( 3i 13/2) 0.77    42.934     1.000     0.000
 104  p   5i13/2   ( 4i 13/2) 0.68    57.198     1.000     0.000
 105  p   6i13/2   ( 5i 13/2) 0.67    74.077     1.000     0.000
 107  p   1j13/2   ( 1j 13/2) 0.98    22.087     1.000     0.000
 108  p   2j13/2   ( 3j 13/2) 0.50    31.857     1.000     0.000
 109  p   3j13/2   ( 2j 13/2) 0.81    40.548     1.000     0.000
 110  p   4j13/2   ( 3j 13/2) 0.76    52.741     1.000     0.000
 111  p   5j13/2   ( 4j 13/2) 0.72    69.348     1.000     0.000
 112  p   6j13/2   ( 6j 13/2) 0.64    97.413     1.000     0.000
 113  p   1k15/2   ( 1k 15/2) 0.94    30.926     1.000     0.000
 114  p   2k15/2   ( 4k 15/2) 0.50    34.029     1.000     0.000
 115  p   3k15/2   ( 2k 15/2) 0.81    45.200     1.000     0.000
 116  p   4k15/2   ( 3k 15/2) 0.72    58.013     1.000     0.000
 117  p   5k15/2   ( 4k 15/2) 0.71    74.870     1.000     0.000
 119  p   1j15/2   ( 1j 15/2) 0.97    14.605     1.000     0.000
 120  p   2j15/2   ( 2j 15/2) 0.57    31.477     1.000     0.000
 121  p   3j15/2   ( 2j 15/2) 0.78    38.455     1.000     0.000
 122  p   4j15/2   ( 3j 15/2) 0.77    51.016     1.000     0.000
 123  p   5j15/2   ( 4j 15/2) 0.73    66.916     1.000     0.000
 124  p   6j15/2   ( 6j 15/2) 0.65    95.060     1.000     0.000
 125  p   1k17/2   ( 1k 17/2) 0.97    23.543     1.000     0.000
 126  p   2k17/2   ( 4k 17/2) 0.51    33.445     1.000     0.000
 127  p   3k17/2   ( 2k 17/2) 0.82    43.092     1.000     0.000
 128  p   4k17/2   ( 3k 17/2) 0.77    55.659     1.000     0.000
 129  p   5k17/2   ( 4k 17/2) 0.72    71.853     1.000     0.000
 131  p   1l17/2   ( 1l 17/2) 0.58    36.526     1.000     0.000
 132  p   2l17/2   ( 1l 17/2) 0.79    40.916     1.000     0.000
 133  p   3l17/2   ( 2l 17/2) 0.79    53.317     1.000     0.000
 134  p   4l17/2   ( 3l 17/2) 0.75    68.626     1.000     0.000
 135  p   5l17/2   ( 5l 17/2) 0.67    94.066     1.000     0.000
 136  p   1m19/2   ( 3m 19/2) 0.55    38.941     1.000     0.000
 137  p   2m19/2   ( 1m 19/2) 0.89    47.272     1.000     0.000
 138  p   3m19/2   ( 2m 19/2) 0.78    57.913     1.000     0.000
 139  p   4m19/2   ( 3m 19/2) 0.73    74.346     1.000     0.000
 141  p   1l19/2   ( 1l 19/2) 0.97    32.126     1.000     0.000
 142  p   2l19/2   ( 2l 19/2) 0.59    37.493     1.000     0.000
 143  p   3l19/2   ( 2l 19/2) 0.77    50.925     1.000     0.000
 144  p   4l19/2   ( 3l 19/2) 0.75    64.576     1.000     0.000
 145  p   5l19/2   ( 5l 19/2) 0.69    90.142     1.000     0.000
 146  p   1m21/2   ( 1m 21/2) 0.60    38.535     1.000     0.000
 147  p   2m21/2   ( 1m 21/2) 0.77    41.364     1.000     0.000
 148  p   3m21/2   ( 2m 21/2) 0.79    54.837     1.000     0.000
 149  p   4m21/2   ( 3m 21/2) 0.76    69.662     1.000     0.000
 150  p   5m21/2   ( 5m 21/2) 0.68    94.971     1.000     0.000
 151  p   1n21/2   ( 2n 21/2) 0.57    43.888     1.000     0.000
 152  p   2n21/2   ( 1n 21/2) 0.85    55.273     1.000     0.000
 153  p   3n21/2   ( 2n 21/2) 0.76    67.820     1.000     0.000
 154  p   4n21/2   ( 4n 21/2) 0.69    91.556     1.000     0.000
 155  p   1o23/2   ( 3o 23/2) 0.59    46.134     1.000     0.000
 156  p   2o23/2   ( 1o 23/2) 0.85    60.236     1.000     0.000
 157  p   3o23/2   ( 2o 23/2) 0.76    73.055     1.000     0.000
 158  p   4o23/2   ( 4o 23/2) 0.68    97.394     1.000     0.000
 159  p   1n23/2   ( 1n 23/2) 0.58    43.449     1.000     0.000
 160  p   2n23/2   ( 1n 23/2) 0.78    50.410     1.000     0.000
 161  p   3n23/2   ( 2n 23/2) 0.71    63.134     1.000     0.000
 162  p   4n23/2   ( 4n 23/2) 0.75    83.911     1.000     0.000
 163  p   1o25/2   ( 3o 25/2) 0.58    45.965     1.000     0.000
 164  p   2o25/2   ( 1o 25/2) 0.87    57.061     1.000     0.000
 165  p   3o25/2   ( 2o 25/2) 0.75    67.793     1.000     0.000
 166  p   4o25/2   ( 4o 25/2) 0.74    88.680     1.000     0.000
 167  p   1P25/2   ( 2P 25/2) 0.67    52.755     1.000     0.000
 168  p   2P25/2   ( 1P 25/2) 0.79    69.047     1.000     0.000
 169  p   3P25/2   ( 3P 25/2) 0.74    87.911     1.000     0.000
 170  p   1q27/2   ( 2q 27/2) 0.68    55.186     1.000     0.000
 171  p   2q27/2   ( 1q 27/2) 0.80    73.714     1.000     0.000
 172  p   3q27/2   ( 3q 27/2) 0.71    93.182     1.000     0.000
 173  p   1P27/2   ( 2P 27/2) 0.63    52.474     1.000     0.000
 174  p   2P27/2   ( 1P 27/2) 0.78    65.855     1.000     0.000
 175  p   3P27/2   ( 3P 27/2) 0.81    79.113     1.000     0.000
 176  p   1q29/2   ( 2q 29/2) 0.65    54.980     1.000     0.000
 177  p   2q29/2   ( 1q 29/2) 0.80    71.850     1.000     0.000
 178  p   3q29/2   ( 3q 29/2) 0.77    84.547     1.000     0.000
 179  p   1r29/2   ( 1r 29/2) 0.77    64.215     1.000     0.000
 180  p   2r29/2   ( 2r 29/2) 0.76    85.838     1.000     0.000
 181  p   1S31/2   ( 1S 31/2) 0.76    66.974     1.000     0.000
 182  p   2S31/2   ( 2S 31/2) 0.76    90.840     1.000     0.000
 183  p   1r31/2   ( 1r 31/2) 0.76    63.964     1.000     0.000
 184  p   2r31/2   ( 2r 31/2) 0.75    81.182     1.000     0.000
 185  p   1S33/2   ( 1S 33/2) 0.75    66.768     1.000     0.000
 186  p   2S33/2   ( 2S 33/2) 0.75    87.244     1.000     0.000
 187  p   1t33/2   ( 1t 33/2) 0.98    80.277     1.000     0.000
 188  p   1u35/2   ( 1u 35/2) 0.98    83.706     1.000     0.000
 189  p   1t35/2   ( 1t 35/2) 0.98    79.396     1.000     0.000
 190  p   1u37/2   ( 1u 37/2) 0.98    83.074     1.000     0.000
  ****** END RESU ***********************************
