
  ******************************************  
  *           Fortran 77 Code              *  
  *         Spherical H.O. basis            *  
  * Dirac-Hartree-Bogoliubov calculation   *  
  *        with density-dependent          *  
  * meson-exchange or point coupling force *  
  *          and separable pairing         *  
  * -------------------------------------- *  
  *      Niksic, Paar, Vretenar, Ring      *  
  *          18/ 4/2026/01:51:34           *
  *       Pb 240  N = 158  Z =  82
  ******************************************  
  ****** BEGIN READER *******************************
 Number of oscillator shells :    18   20
 Initialization inin,inink   :     1    1
 Nucleus: Pb 240   158  82
 Initial Gap Parameters      :     1.0000    1.0000
 Parameter set               :    DD-ME2    
  ****** END READER *********************************
  ****** BEGIN FORCES *******************************

 NEDF Parameters: DD-ME2    
 AMU   =  939.000
 msig  =  550.124  gsig =    10.5396  Gsig =   -14.2924
 mome  =  783.000  gome =    13.0189  Gome =    10.7647
 mdel  =    0.000  gdel =     0.0000  Gdel =    -0.0000
 mrho  =  763.000  grho =     3.6836  Grho =     0.9076
  
 Density dependence parameters:
           scasca    scavec    vecsca    vecvec
 a    =   1.388148  1.389291  0.000000  0.564700
 b    =   1.094300  0.923975  0.000000  0.000000
 c    =   1.705700  1.462000  0.000000  0.000000
 d    =   0.442067  0.477492  0.000000  0.000000
 dsat =   0.152000
  
 TMR pairing: Tian,Ma,Ring, PRB 676, 44 (2009)
 TMR pairing strength    gl =:  -728.00000 [MeV*fm^3]
 TMR pairing width        a =:     0.64420 [fm]
  ****** END FORCES *********************************
  ****** BEGIN PREP *********************************
  
 hom =                            6.597511
 hb0 =                           20.734000
 b0  =                            2.507070
 with Coulomb force
 With microscopic c.m. correction
  ****** END PREP ***********************************
  ****** BEGIN ITER *********************************
  1.It. si =    0.0000000  E/A =    0.0000 R =    0.0000  mix = 0.50
  2.It. si =  100.2527128  E/A =   -7.1266 R =    6.0854  mix = 0.50
  3.It. si =   54.2398335  E/A =   -7.1585 R =    6.0678  mix = 0.50
  4.It. si =   12.8394826  E/A =   -7.1784 R =    6.0474  mix = 0.50
  5.It. si =   14.6751119  E/A =   -7.2015 R =    6.0225  mix = 0.50
  6.It. si =   14.8310474  E/A =   -7.2096 R =    6.0074  mix = 0.50
  7.It. si =    4.4455640  E/A =   -7.2206 R =    5.9819  mix = 0.50
  8.It. si =    0.7449656  E/A =   -7.2253 R =    5.9679  mix = 0.50
  9.It. si =    0.7473985  E/A =   -7.2259 R =    5.9654  mix = 0.50
 10.It. si =    0.3024000  E/A =   -7.2257 R =    5.9662  mix = 0.50
 11.It. si =    0.3352672  E/A =   -7.2257 R =    5.9668  mix = 0.50
 12.It. si =    0.2160688  E/A =   -7.2257 R =    5.9667  mix = 0.50
 13.It. si =    0.0527416  E/A =   -7.2258 R =    5.9659  mix = 0.50
 14.It. si =    0.0567241  E/A =   -7.2258 R =    5.9657  mix = 0.50
 15.It. si =    0.0334742  E/A =   -7.2258 R =    5.9656  mix = 0.50
 16.It. si =    0.0388981  E/A =   -7.2257 R =    5.9655  mix = 0.50
 17.It. si =    0.1484459  E/A =   -7.2257 R =    5.9652  mix = 0.50
 18.It. si =    0.0273998  E/A =   -7.2257 R =    5.9653  mix = 0.50
 19.It. si =    0.0180644  E/A =   -7.2257 R =    5.9653  mix = 0.50
 20.It. si =    0.0137129  E/A =   -7.2257 R =    5.9653  mix = 0.50
 21.It. si =    0.0131287  E/A =   -7.2257 R =    5.9653  mix = 0.50
 22.It. si =    0.0996213  E/A =   -7.2257 R =    5.9652  mix = 0.50
 23.It. si =    0.0618638  E/A =   -7.2257 R =    5.9652  mix = 0.50
 24.It. si =    0.0295670  E/A =   -7.2257 R =    5.9652  mix = 0.50
 25.It. si =    0.0031430  E/A =   -7.2257 R =    5.9652  mix = 0.50
 26.It. si =    0.0060923  E/A =   -7.2257 R =    5.9652  mix = 0.50
 27.It. si =    0.0042577  E/A =   -7.2257 R =    5.9652  mix = 0.50
 28.It. si =    0.0004967  E/A =   -7.2257 R =    5.9652  mix = 0.50
 29.It. si =    0.0001271  E/A =   -7.2257 R =    5.9652  mix = 0.50
 30.It. si =    0.0000243  E/A =   -7.2257 R =    5.9652  mix = 0.50
 31.It. si =    0.0000127  E/A =   -7.2257 R =    5.9652  mix = 0.50
 32.It. si =    0.0000073  E/A =   -7.2257 R =    5.9652  mix = 0.50
 33.It. si =    0.0000067  E/A =   -7.2257 R =    5.9652  mix = 0.50
 34.It. si =    0.0000030  E/A =   -7.2257 R =    5.9652  mix = 0.50
 ********************************************************************
 Pb 240: Iteration converged after  34 steps   si =      0.0000006161
 ********************************************************************
  ****** END ITER ***********************************
  ****** BEGIN CANON ********************************
 single-particle energies and gaps  in the canonical basis: Neutron:
 ------------------------------------------------------------------
    j pi     (nr,l,j)  smax       Ecan       vvcan       decan
 j = 1/2+  (   s 1/2)  0.98    -59.9242      0.9997      1.9308
 j = 1/2+  (   s 1/2)  0.97    -42.1691      0.9996      1.6499
 j = 1/2+  (   s 1/2)  0.98    -21.6473      0.9977      1.8615
 j = 1/2+  (   s 1/2)  0.94     -1.8286      0.2927      1.1996
 j = 1/2+  (   s 1/2)  0.85      8.5991      0.0010      0.7050
 j = 1/2+  (   s 1/2)  0.80     20.2408      0.0002      0.5950
 j = 1/2+  (   s 1/2)  0.86     35.7697      0.0000      0.4319
 j = 1/2+  (   s 1/2)  0.91     41.3091      0.0000      0.0619
 j = 1/2+  (   s 1/2)  0.94     50.9424      0.0000      0.2843
 j = 1/2+  (   s 1/2)  0.91     66.6767      0.0000      0.1900
 j = 1/2-  (   p 1/2)  0.99    -52.9477      0.9997      1.7903
 j = 1/2-  (   p 1/2)  0.98    -32.3939      0.9992      1.6874
 j = 1/2-  (   p 1/2)  0.97     -9.9012      0.9874      1.7205
 j = 1/2-  (   p 1/2)  0.93      5.0369      0.0031      0.8311
 j = 1/2-  (   p 1/2)  0.86     15.3895      0.0003      0.5937
 j = 1/2-  (   p 1/2)  0.85     28.8065      0.0000      0.4334
 j = 1/2-  (   p 1/2)  0.91     42.6294      0.0000      0.2980
 j = 1/2-  (   p 1/2)  0.94     44.4552      0.0000      0.0866
 j = 1/2-  (   p 1/2)  0.93     59.7530      0.0000      0.2077
 j = 3/2+  (   d 3/2)  0.99    -44.8508      0.9996      1.6616
 j = 3/2+  (   d 3/2)  0.98    -22.0759      0.9980      1.7859
 j = 3/2+  (   d 3/2)  0.95     -1.4506      0.2108      1.3039
 j = 3/2+  (   d 3/2)  0.88      9.7504      0.0008      0.6907
 j = 3/2+  (   d 3/2)  0.82     21.0685      0.0001      0.5539
 j = 3/2+  (   d 3/2)  0.84     35.3784      0.0000      0.3710
 j = 3/2+  (   d 3/2)  0.92     45.2097      0.0000      0.0612
 j = 3/2+  (   d 3/2)  0.92     48.0529      0.0000      0.2359
 j = 3/2+  (   d 3/2)  0.92     66.1757      0.0000      0.1600
 j = 3/2-  (   p 3/2)  0.99    -53.2548      0.9997      1.7975
 j = 3/2-  (   p 3/2)  0.98    -33.2006      0.9993      1.6924
 j = 3/2-  (   p 3/2)  0.97    -10.7703      0.9898      1.7218
 j = 3/2-  (   p 3/2)  0.93      4.6443      0.0035      0.8372
 j = 3/2-  (   p 3/2)  0.86     14.9695      0.0003      0.5838
 j = 3/2-  (   p 3/2)  0.86     28.4116      0.0001      0.4332
 j = 3/2-  (   p 3/2)  0.92     42.2050      0.0000      0.2975
 j = 3/2-  (   p 3/2)  0.94     44.0397      0.0000      0.0863
 j = 3/2-  (   p 3/2)  0.93     59.2785      0.0000      0.2077
 j = 5/2+  (   d 5/2)  0.99    -45.7373      0.9996      1.6800
 j = 5/2+  (   d 5/2)  0.98    -23.6826      0.9982      1.7971
 j = 5/2+  (   d 5/2)  0.95     -2.2835      0.4649      1.3010
 j = 5/2+  (   d 5/2)  0.88      9.2945      0.0009      0.6842
 j = 5/2+  (   d 5/2)  0.82     20.3406      0.0001      0.5485
 j = 5/2+  (   d 5/2)  0.84     34.7854      0.0000      0.3697
 j = 5/2+  (   d 5/2)  0.92     44.9371      0.0000      0.0614
 j = 5/2+  (   d 5/2)  0.92     47.5118      0.0000      0.2353
 j = 5/2+  (   d 5/2)  0.92     65.5556      0.0000      0.1600
 j = 5/2-  (   f 5/2)  0.98    -36.0472      0.9994      1.5914
 j = 5/2-  (   f 5/2)  0.98    -11.2685      0.9911      1.7043
 j = 5/2-  (   f 5/2)  0.97      5.5887      0.0040      1.0099
 j = 5/2-  (   f 5/2)  0.94     16.7165      0.0003      0.6390
 j = 5/2-  (   f 5/2)  0.93     29.8581      0.0001      0.4564
 j = 5/2-  (   f 5/2)  0.95     41.9488      0.0000      0.2896
 j = 5/2-  (   f 5/2)  0.94     44.0812      0.0000      0.0800
 j = 5/2-  (   f 5/2)  0.94     57.3715      0.0000      0.1898
 j = 7/2+  (   g 7/2)  0.98    -26.2699      0.9989      1.5939
 j = 7/2+  (   g 7/2)  0.98     -1.8844      0.3420      1.4732
 j = 7/2+  (   g 7/2)  0.96     11.8114      0.0007      0.7491
 j = 7/2+  (   g 7/2)  0.94     22.8395      0.0001      0.5698
 j = 7/2+  (   g 7/2)  0.94     37.3671      0.0000      0.3860
 j = 7/2+  (   g 7/2)  0.88     37.6592      0.0000      0.0503
 j = 7/2+  (   g 7/2)  0.95     49.9509      0.0000      0.2467
 j = 7/2+  (   g 7/2)  0.87     65.0444      0.0000      0.1645
 j = 7/2-  (   f 7/2)  0.98    -37.9103      0.9995      1.6212
 j = 7/2-  (   f 7/2)  0.98    -13.4637      0.9942      1.7081
 j = 7/2-  (   f 7/2)  0.96      4.5938      0.0052      1.0118
 j = 7/2-  (   f 7/2)  0.93     15.9594      0.0003      0.6235
 j = 7/2-  (   f 7/2)  0.93     29.0890      0.0001      0.4548
 j = 7/2-  (   f 7/2)  0.95     41.3103      0.0000      0.2885
 j = 7/2-  (   f 7/2)  0.94     43.7292      0.0000      0.0800
 j = 7/2-  (   f 7/2)  0.94     56.7727      0.0000      0.1892
 j = 9/2+  (   g 9/2)  0.98    -29.5310      0.9991      1.6331
 j = 9/2+  (   g 9/2)  0.98     -4.1414      0.8837      1.4754
 j = 9/2+  (   g 9/2)  0.96     10.9378      0.0008      0.7620
 j = 9/2+  (   g 9/2)  0.95     21.8937      0.0001      0.5474
 j = 9/2+  (   g 9/2)  0.94     36.5342      0.0000      0.3805
 j = 9/2+  (   g 9/2)  0.88     36.9565      0.0000      0.0494
 j = 9/2+  (   g 9/2)  0.95     49.3337      0.0000      0.2435
 j = 9/2+  (   g 9/2)  0.86     63.9989      0.0000      0.1622
 j = 9/2-  (   h 9/2)  0.98    -15.6337      0.9967      1.5303
 j = 9/2-  (   h 9/2)  0.97      5.9671      0.0057      1.2738
 j = 9/2-  (   h 9/2)  0.96     18.3522      0.0002      0.6478
 j = 9/2-  (   h 9/2)  0.95     31.0965      0.0000      0.4465
 j = 9/2-  (   h 9/2)  0.89     35.8575      0.0000      0.0664
 j = 9/2-  (   h 9/2)  0.95     44.2438      0.0000      0.2915
 j = 9/2-  (   h 9/2)  0.88     59.7812      0.0000      0.2036
 j =11/2+  (   i11/2)  0.98     -4.9932      0.9361      1.4685
 j =11/2+  (   i11/2)  0.97     13.3776      0.0011      1.0229
 j =11/2+  (   i11/2)  0.97     25.3386      0.0001      0.5808
 j =11/2+  (   i11/2)  0.83     32.5009      0.0000      0.0414
 j =11/2+  (   i11/2)  0.95     38.1739      0.0000      0.3625
 j =11/2+  (   i11/2)  0.92     51.0431      0.0000      0.2277
 j =11/2+  (   i11/2)  0.79     64.5574      0.0000      0.1551
 j =11/2-  (   h11/2)  0.98    -20.3051      0.9981      1.5881
 j =11/2-  (   h11/2)  0.98      3.6366      0.0105      1.2538
 j =11/2-  (   h11/2)  0.96     16.9761      0.0003      0.6370
 j =11/2-  (   h11/2)  0.95     29.5265      0.0000      0.4440
 j =11/2-  (   h11/2)  0.89     35.3680      0.0000      0.0661
 j =11/2-  (   h11/2)  0.95     43.1500      0.0000      0.2892
 j =11/2-  (   h11/2)  0.87     58.9573      0.0000      0.2034
 j =13/2+  (   i13/2)  0.98    -10.9447      0.9925      1.5065
 j =13/2+  (   i13/2)  0.97     10.9018      0.0015      1.0329
 j =13/2+  (   i13/2)  0.96     23.7537      0.0001      0.5620
 j =13/2+  (   i13/2)  0.83     32.0164      0.0000      0.0411
 j =13/2+  (   i13/2)  0.94     36.4943      0.0000      0.3594
 j =13/2+  (   i13/2)  0.91     49.7585      0.0000      0.2256
 j =13/2+  (   i13/2)  0.78     63.3763      0.0000      0.1540
 j =13/2-  (   j13/2)  0.98      5.2533      0.0085      1.4270
 j =13/2-  (   j13/2)  0.97     20.1388      0.0003      0.7690
 j =13/2-  (   j13/2)  0.95     32.9422      0.0001      0.4982
 j =13/2-  (   j13/2)  0.87     34.5921      0.0000      0.0589
 j =13/2-  (   j13/2)  0.92     43.8279      0.0000      0.2843
 j =13/2-  (   j13/2)  0.84     58.2498      0.0000      0.1854
 j =15/2+  (   k15/2)  0.98     14.5236      0.0015      1.2936
 j =15/2+  (   k15/2)  0.96     27.4680      0.0001      0.6345
 j =15/2+  (   k15/2)  0.80     31.5895      0.0000      0.0371
 j =15/2+  (   k15/2)  0.92     40.5151      0.0000      0.4070
 j =15/2+  (   k15/2)  0.85     52.3736      0.0000      0.2408
 j =15/2+  (   k15/2)  0.71     60.7901      0.0000      0.1436
 j =15/2-  (   j15/2)  0.98     -1.7388      0.2945      1.4117
 j =15/2-  (   j15/2)  0.96     17.7897      0.0004      0.8180
 j =15/2-  (   j15/2)  0.95     30.3926      0.0001      0.4910
 j =15/2-  (   j15/2)  0.86     33.8390      0.0000      0.0584
 j =15/2-  (   j15/2)  0.92     42.4399      0.0000      0.2825
 j =15/2-  (   j15/2)  0.83     56.5536      0.0000      0.1842
 j =17/2+  (   k17/2)  0.98      7.2470      0.0045      1.3031
 j =17/2+  (   k17/2)  0.95     24.3253      0.0002      0.6538
 j =17/2+  (   k17/2)  0.80     31.0175      0.0000      0.0368
 j =17/2+  (   k17/2)  0.91     37.5774      0.0000      0.4032
 j =17/2+  (   k17/2)  0.84     50.7409      0.0000      0.2394
 j =17/2+  (   k17/2)  0.71     58.9420      0.0000      0.1423
 j =17/2-  (   l17/2)  0.97     22.8990      0.0005      1.1301
 j =17/2-  (   l17/2)  0.81     31.6298      0.0000      0.0527
 j =17/2-  (   l17/2)  0.94     35.0756      0.0001      0.5413
 j =17/2-  (   l17/2)  0.87     47.6424      0.0000      0.3222
 j =17/2-  (   l17/2)  0.73     57.1326      0.0000      0.1942
 j =19/2+  (   m19/2)  0.75     30.9338      0.0000      0.0356
 j =19/2+  (   m19/2)  0.96     30.9417      0.0002      0.9728
 j =19/2+  (   m19/2)  0.90     42.5338      0.0000      0.4600
 j =19/2+  (   m19/2)  0.79     55.8697      0.0000      0.2673
 j =19/2+  (   m19/2)  0.61     58.9786      0.0000      0.1464
 j =19/2-  (   l19/2)  0.97     15.7679      0.0010      1.1508
 j =19/2-  (   l19/2)  0.81     30.9136      0.0000      0.0522
 j =19/2-  (   l19/2)  0.92     31.1077      0.0001      0.5454
 j =19/2-  (   l19/2)  0.86     44.6356      0.0000      0.3208
 j =19/2-  (   l19/2)  0.72     54.5104      0.0000      0.1913
 j =21/2+  (   m21/2)  0.95     24.0283      0.0004      0.9949
 j =21/2+  (   m21/2)  0.75     30.4091      0.0000      0.0353
 j =21/2+  (   m21/2)  0.87     38.0577      0.0000      0.4593
 j =21/2+  (   m21/2)  0.77     52.1912      0.0000      0.2666
 j =21/2+  (   m21/2)  0.60     55.9872      0.0000      0.1434
 j =21/2-  (   n21/2)  0.79     33.2055      0.0000      0.0536
 j =21/2-  (   n21/2)  0.94     38.6085      0.0001      0.8220
 j =21/2-  (   n21/2)  0.84     49.9176      0.0000      0.3823
 j =21/2-  (   n21/2)  0.69     57.3273      0.0000      0.2037
 j =23/2+  (   o23/2)  0.74     33.7043      0.0000      0.0375
 j =23/2+  (   o23/2)  0.90     46.3419      0.0001      0.6881
 j =23/2+  (   o23/2)  0.74     58.1551      0.0000      0.3269
 j =23/2+  (   o23/2)  0.62     58.7495      0.0000      0.1538
 j =23/2-  (   n23/2)  0.92     32.0218      0.0002      0.8405
 j =23/2-  (   n23/2)  0.78     32.1981      0.0000      0.0527
 j =23/2-  (   n23/2)  0.80     45.1876      0.0000      0.3838
 j =23/2-  (   n23/2)  0.65     52.6517      0.0000      0.1988
 j =25/2+  (   o25/2)  0.73     32.9725      0.0000      0.0371
 j =25/2+  (   o25/2)  0.88     40.0076      0.0001      0.7046
 j =25/2+  (   o25/2)  0.70     52.6754      0.0000      0.3266
 j =25/2+  (   o25/2)  0.62     54.4969      0.0000      0.1497
 j =25/2-  (   P25/2)  0.77     36.9943      0.0000      0.0604
 j =25/2-  (   P25/2)  0.86     54.3719      0.0000      0.5726
 j =25/2-  (   P25/2)  0.64     58.3074      0.0000      0.2449
 j =27/2+  (   q27/2)  0.73     38.4055      0.0000      0.0436
 j =27/2+  (   q27/2)  0.62     60.8022      0.0000      0.1865
 j =27/2+  (   q27/2)  0.81     62.1778      0.0000      0.4734
 j =27/2-  (   P27/2)  0.76     36.0157      0.0000      0.0596
 j =27/2-  (   P27/2)  0.84     48.0321      0.0000      0.5870
 j =27/2-  (   P27/2)  0.61     53.4478      0.0000      0.2396
 j =29/2+  (   q29/2)  0.72     37.7576      0.0000      0.0433
 j =29/2+  (   q29/2)  0.79     56.0201      0.0000      0.4834
 j =29/2+  (   q29/2)  0.63     56.8235      0.0000      0.1828
 j =29/2-  (   r29/2)  0.80     44.5534      0.0000      0.0792
 j =29/2-  (   r29/2)  0.79     63.8464      0.0000      0.3462
 j =31/2+  (   S31/2)  0.77     46.8984      0.0000      0.0578
 j =31/2+  (   S31/2)  0.77     68.5920      0.0000      0.2646
 j =31/2-  (   r31/2)  0.79     43.6642      0.0000      0.0786
 j =31/2-  (   r31/2)  0.78     59.5553      0.0000      0.3490
 j =33/2+  (   S33/2)  0.76     46.2740      0.0000      0.0575
 j =33/2+  (   S33/2)  0.76     65.1206      0.0000      0.2662
 j =33/2-  (   t33/2)  0.98     58.1790      0.0000      0.1258
 j =35/2+  (   u35/2)  0.98     61.7395      0.0000      0.0918
 j =35/2-  (   t35/2)  0.98     57.1640      0.0000      0.1260
 j =37/2+  (   u37/2)  0.98     60.9895      0.0000      0.0919
 single-particle energies and gaps  in the canonical basis: Proton: 
 ------------------------------------------------------------------
    j pi     (nr,l,j)  smax       Ecan       vvcan       decan
 j = 1/2+  (   s 1/2)  0.90    -52.7111      1.0000      0.0000
 j = 1/2+  (   s 1/2)  0.84    -35.7102      1.0000      0.0000
 j = 1/2+  (   s 1/2)  0.92    -14.4006      1.0000      0.0000
 j = 1/2+  (   s 1/2)  0.94      5.4242      0.0000      0.0000
 j = 1/2+  (   s 1/2)  0.52     12.8359      0.0000      0.0000
 j = 1/2+  (   s 1/2)  0.73     20.7972      0.0000      0.0000
 j = 1/2+  (   s 1/2)  0.62     32.4640      0.0000      0.0000
 j = 1/2+  (   s 1/2)  0.55     46.6559      0.0000      0.0000
 j = 1/2+  (   s 1/2)  0.60     64.7023      0.0000      0.0000
 j = 1/2+  (   s 1/2)  0.63     96.5563      0.0000      0.0000
 j = 1/2-  (   p 1/2)  0.93    -46.8986      1.0000      0.0000
 j = 1/2-  (   p 1/2)  0.90    -25.5836      1.0000      0.0000
 j = 1/2-  (   p 1/2)  0.95     -3.9441      0.0000      0.0000
 j = 1/2-  (   p 1/2)  0.72     11.5082      0.0000      0.0000
 j = 1/2-  (   p 1/2)  0.61     16.6591      0.0000      0.0000
 j = 1/2-  (   p 1/2)  0.72     27.8598      0.0000      0.0000
 j = 1/2-  (   p 1/2)  0.64     41.4982      0.0000      0.0000
 j = 1/2-  (   p 1/2)  0.65     58.5517      0.0000      0.0000
 j = 1/2-  (   p 1/2)  0.63     89.2942      0.0000      0.0000
 j = 3/2+  (   d 3/2)  0.96    -39.4680      1.0000      0.0000
 j = 3/2+  (   d 3/2)  0.95    -15.7364      1.0000      0.0000
 j = 3/2+  (   d 3/2)  0.96      5.0208      0.0000      0.0000
 j = 3/2+  (   d 3/2)  0.51     13.4221      0.0000      0.0000
 j = 3/2+  (   d 3/2)  0.75     21.0125      0.0000      0.0000
 j = 3/2+  (   d 3/2)  0.65     32.4126      0.0000      0.0000
 j = 3/2+  (   d 3/2)  0.57     46.6658      0.0000      0.0000
 j = 3/2+  (   d 3/2)  0.61     64.6302      0.0000      0.0000
 j = 3/2+  (   d 3/2)  0.63     96.0734      0.0000      0.0000
 j = 3/2-  (   p 3/2)  0.92    -47.4507      1.0000      0.0000
 j = 3/2-  (   p 3/2)  0.89    -26.4469      1.0000      0.0000
 j = 3/2-  (   p 3/2)  0.94     -4.6677      0.0000      0.0000
 j = 3/2-  (   p 3/2)  0.74     11.3069      0.0000      0.0000
 j = 3/2-  (   p 3/2)  0.58     16.3345      0.0000      0.0000
 j = 3/2-  (   p 3/2)  0.73     27.5762      0.0000      0.0000
 j = 3/2-  (   p 3/2)  0.65     41.0620      0.0000      0.0000
 j = 3/2-  (   p 3/2)  0.65     57.9923      0.0000      0.0000
 j = 3/2-  (   p 3/2)  0.63     88.4892      0.0000      0.0000
 j = 5/2+  (   d 5/2)  0.95    -40.7952      1.0000      0.0000
 j = 5/2+  (   d 5/2)  0.93    -17.1975      1.0000      0.0000
 j = 5/2+  (   d 5/2)  0.95      4.1540      0.0000      0.0000
 j = 5/2+  (   d 5/2)  0.51     13.3167      0.0000      0.0000
 j = 5/2+  (   d 5/2)  0.74     20.6193      0.0000      0.0000
 j = 5/2+  (   d 5/2)  0.66     32.0388      0.0000      0.0000
 j = 5/2+  (   d 5/2)  0.58     46.1133      0.0000      0.0000
 j = 5/2+  (   d 5/2)  0.62     63.8740      0.0000      0.0000
 j = 5/2+  (   d 5/2)  0.63     95.1742      0.0000      0.0000
 j = 5/2-  (   f 5/2)  0.98    -30.7888      1.0000      0.0000
 j = 5/2-  (   f 5/2)  0.97     -6.1393      0.0000      0.0000
 j = 5/2-  (   f 5/2)  0.84     11.9153      0.0000      0.0000
 j = 5/2-  (   f 5/2)  0.51     16.6921      0.0000      0.0000
 j = 5/2-  (   f 5/2)  0.75     27.7557      0.0000      0.0000
 j = 5/2-  (   f 5/2)  0.68     41.1427      0.0000      0.0000
 j = 5/2-  (   f 5/2)  0.67     57.9499      0.0000      0.0000
 j = 5/2-  (   f 5/2)  0.63     87.7437      0.0000      0.0000
 j = 7/2+  (   g 7/2)  0.98    -21.2733      1.0000      0.0000
 j = 7/2+  (   g 7/2)  0.98      2.9284      0.0000      0.0000
 j = 7/2+  (   g 7/2)  0.52     14.8508      0.0000      0.0000
 j = 7/2+  (   g 7/2)  0.77     21.1442      0.0000      0.0000
 j = 7/2+  (   g 7/2)  0.71     32.0699      0.0000      0.0000
 j = 7/2+  (   g 7/2)  0.62     46.2718      0.0000      0.0000
 j = 7/2+  (   g 7/2)  0.64     63.8511      0.0000      0.0000
 j = 7/2+  (   g 7/2)  0.64     94.2768      0.0000      0.0000
 j = 7/2-  (   f 7/2)  0.97    -33.1943      1.0000      0.0000
 j = 7/2-  (   f 7/2)  0.96     -8.0986      0.0000      0.0000
 j = 7/2-  (   f 7/2)  0.88     11.2227      0.0000      0.0000
 j = 7/2-  (   f 7/2)  0.54     16.2135      0.0000      0.0000
 j = 7/2-  (   f 7/2)  0.75     27.2863      0.0000      0.0000
 j = 7/2-  (   f 7/2)  0.68     40.4831      0.0000      0.0000
 j = 7/2-  (   f 7/2)  0.67     57.0232      0.0000      0.0000
 j = 7/2-  (   f 7/2)  0.63     86.9802      0.0000      0.0000
 j = 9/2+  (   g 9/2)  0.98    -24.9691      1.0000      0.0000
 j = 9/2+  (   g 9/2)  0.97      0.6944      0.0000      0.0000
 j = 9/2+  (   g 9/2)  0.57     14.6310      0.0000      0.0000
 j = 9/2+  (   g 9/2)  0.74     20.2472      0.0000      0.0000
 j = 9/2+  (   g 9/2)  0.72     31.3048      0.0000      0.0000
 j = 9/2+  (   g 9/2)  0.63     45.3823      0.0000      0.0000
 j = 9/2+  (   g 9/2)  0.64     62.5940      0.0000      0.0000
 j = 9/2+  (   g 9/2)  0.63     93.5033      0.0000      0.0000
 j = 9/2-  (   h 9/2)  0.98    -11.3123      0.0000      0.0000
 j = 9/2-  (   h 9/2)  0.97     11.1532      0.0000      0.0000
 j = 9/2-  (   h 9/2)  0.53     17.7012      0.0000      0.0000
 j = 9/2-  (   h 9/2)  0.78     27.8354      0.0000      0.0000
 j = 9/2-  (   h 9/2)  0.72     40.6692      0.0000      0.0000
 j = 9/2-  (   h 9/2)  0.70     57.1156      0.0000      0.0000
 j = 9/2-  (   h 9/2)  0.64     85.8643      0.0000      0.0000
 j =11/2+  (   i11/2)  0.98     -1.2875      0.0000      0.0000
 j =11/2+  (   i11/2)  0.72     17.0140      0.0000      0.0000
 j =11/2+  (   i11/2)  0.66     20.8949      0.0000      0.0000
 j =11/2+  (   i11/2)  0.77     31.8517      0.0000      0.0000
 j =11/2+  (   i11/2)  0.68     45.7282      0.0000      0.0000
 j =11/2+  (   i11/2)  0.68     62.7199      0.0000      0.0000
 j =11/2+  (   i11/2)  0.64     92.2353      0.0000      0.0000
 j =11/2-  (   h11/2)  0.98    -16.3710      1.0000      0.0000
 j =11/2-  (   h11/2)  0.98      8.9499      0.0000      0.0000
 j =11/2-  (   h11/2)  0.54     17.3301      0.0000      0.0000
 j =11/2-  (   h11/2)  0.77     26.9070      0.0000      0.0000
 j =11/2-  (   h11/2)  0.73     39.4853      0.0000      0.0000
 j =11/2-  (   h11/2)  0.70     55.4450      0.0000      0.0000
 j =11/2-  (   h11/2)  0.63     84.6822      0.0000      0.0000
 j =13/2+  (   i13/2)  0.98     -7.5798      0.0000      0.0000
 j =13/2+  (   i13/2)  0.89     15.8276      0.0000      0.0000
 j =13/2+  (   i13/2)  0.50     19.5950      0.0000      0.0000
 j =13/2+  (   i13/2)  0.78     30.7830      0.0000      0.0000
 j =13/2+  (   i13/2)  0.70     44.3599      0.0000      0.0000
 j =13/2+  (   i13/2)  0.68     60.6722      0.0000      0.0000
 j =13/2+  (   i13/2)  0.63     90.5734      0.0000      0.0000
 j =13/2-  (   j13/2)  0.98      8.4291      0.0000      0.0000
 j =13/2-  (   j13/2)  0.56     20.5913      0.0000      0.0000
 j =13/2-  (   j13/2)  0.79     27.9466      0.0000      0.0000
 j =13/2-  (   j13/2)  0.77     40.0499      0.0000      0.0000
 j =13/2-  (   j13/2)  0.73     55.9965      0.0000      0.0000
 j =13/2-  (   j13/2)  0.65     83.2209      0.0000      0.0000
 j =15/2+  (   k15/2)  0.98     17.4253      0.0000      0.0000
 j =15/2+  (   k15/2)  0.52     22.6959      0.0000      0.0000
 j =15/2+  (   k15/2)  0.82     32.8930      0.0000      0.0000
 j =15/2+  (   k15/2)  0.75     45.0887      0.0000      0.0000
 j =15/2+  (   k15/2)  0.72     61.4453      0.0000      0.0000
 j =15/2+  (   k15/2)  0.64     89.1623      0.0000      0.0000
 j =15/2-  (   j15/2)  0.97      1.2780      0.0000      0.0000
 j =15/2-  (   j15/2)  0.66     20.0511      0.0000      0.0000
 j =15/2-  (   j15/2)  0.71     25.8357      0.0000      0.0000
 j =15/2-  (   j15/2)  0.76     38.5041      0.0000      0.0000
 j =15/2-  (   j15/2)  0.73     53.6836      0.0000      0.0000
 j =15/2-  (   j15/2)  0.66     80.9408      0.0000      0.0000
 j =17/2+  (   k17/2)  0.97     10.0456      0.0000      0.0000
 j =17/2+  (   k17/2)  0.50     22.3001      0.0000      0.0000
 j =17/2+  (   k17/2)  0.81     30.6890      0.0000      0.0000
 j =17/2+  (   k17/2)  0.77     42.9280      0.0000      0.0000
 j =17/2+  (   k17/2)  0.73     58.6291      0.0000      0.0000
 j =17/2+  (   k17/2)  0.64     86.4923      0.0000      0.0000
 j =17/2-  (   l17/2)  0.80     24.5055      0.0000      0.0000
 j =17/2-  (   l17/2)  0.58     28.0715      0.0000      0.0000
 j =17/2-  (   l17/2)  0.79     40.7753      0.0000      0.0000
 j =17/2-  (   l17/2)  0.75     55.2197      0.0000      0.0000
 j =17/2-  (   l17/2)  0.68     79.9495      0.0000      0.0000
 j =19/2+  (   m19/2)  0.54     27.6779      0.0000      0.0000
 j =19/2+  (   m19/2)  0.88     34.0880      0.0000      0.0000
 j =19/2+  (   m19/2)  0.79     45.2401      0.0000      0.0000
 j =19/2+  (   m19/2)  0.74     60.8891      0.0000      0.0000
 j =19/2+  (   m19/2)  0.66     85.9799      0.0000      0.0000
 j =19/2-  (   l19/2)  0.97     18.5690      0.0000      0.0000
 j =19/2-  (   l19/2)  0.60     26.1893      0.0000      0.0000
 j =19/2-  (   l19/2)  0.75     38.4575      0.0000      0.0000
 j =19/2-  (   l19/2)  0.75     51.4722      0.0000      0.0000
 j =19/2-  (   l19/2)  0.70     76.2283      0.0000      0.0000
 j =21/2+  (   m21/2)  0.89     26.2952      0.0000      0.0000
 j =21/2+  (   m21/2)  0.56     28.7727      0.0000      0.0000
 j =21/2+  (   m21/2)  0.78     42.5378      0.0000      0.0000
 j =21/2+  (   m21/2)  0.76     56.4862      0.0000      0.0000
 j =21/2+  (   m21/2)  0.69     81.0581      0.0000      0.0000
 j =21/2-  (   n21/2)  0.56     32.4955      0.0000      0.0000
 j =21/2-  (   n21/2)  0.84     42.1281      0.0000      0.0000
 j =21/2-  (   n21/2)  0.75     54.6333      0.0000      0.0000
 j =21/2-  (   n21/2)  0.70     77.4245      0.0000      0.0000
 j =23/2+  (   o23/2)  0.58     34.8194      0.0000      0.0000
 j =23/2+  (   o23/2)  0.86     47.4789      0.0000      0.0000
 j =23/2+  (   o23/2)  0.76     59.6641      0.0000      0.0000
 j =23/2+  (   o23/2)  0.69     83.2144      0.0000      0.0000
 j =23/2-  (   n23/2)  0.70     31.7340      0.0000      0.0000
 j =23/2-  (   n23/2)  0.68     37.1051      0.0000      0.0000
 j =23/2-  (   n23/2)  0.69     50.4343      0.0000      0.0000
 j =23/2-  (   n23/2)  0.76     70.2724      0.0000      0.0000
 j =25/2+  (   o25/2)  0.57     34.5834      0.0000      0.0000
 j =25/2+  (   o25/2)  0.85     43.7127      0.0000      0.0000
 j =25/2+  (   o25/2)  0.73     54.9289      0.0000      0.0000
 j =25/2+  (   o25/2)  0.75     75.0352      0.0000      0.0000
 j =25/2-  (   P25/2)  0.66     41.2479      0.0000      0.0000
 j =25/2-  (   P25/2)  0.79     55.9085      0.0000      0.0000
 j =25/2-  (   P25/2)  0.75     73.9651      0.0000      0.0000
 j =27/2+  (   q27/2)  0.67     43.7052      0.0000      0.0000
 j =27/2+  (   q27/2)  0.80     60.8392      0.0000      0.0000
 j =27/2+  (   q27/2)  0.73     79.1646      0.0000      0.0000
 j =27/2-  (   P27/2)  0.64     40.9000      0.0000      0.0000
 j =27/2-  (   P27/2)  0.75     52.2776      0.0000      0.0000
 j =27/2-  (   P27/2)  0.82     65.7560      0.0000      0.0000
 j =29/2+  (   q29/2)  0.64     43.4663      0.0000      0.0000
 j =29/2+  (   q29/2)  0.79     58.5566      0.0000      0.0000
 j =29/2+  (   q29/2)  0.79     70.9387      0.0000      0.0000
 j =29/2-  (   r29/2)  0.78     52.4133      0.0000      0.0000
 j =29/2-  (   r29/2)  0.77     72.1986      0.0000      0.0000
 j =31/2+  (   S31/2)  0.77     55.2033      0.0000      0.0000
 j =31/2+  (   S31/2)  0.76     77.3508      0.0000      0.0000
 j =31/2-  (   r31/2)  0.77     52.1268      0.0000      0.0000
 j =31/2-  (   r31/2)  0.76     67.3692      0.0000      0.0000
 j =33/2+  (   S33/2)  0.76     54.9694      0.0000      0.0000
 j =33/2+  (   S33/2)  0.75     73.5516      0.0000      0.0000
 j =33/2-  (   t33/2)  0.98     67.8351      0.0000      0.0000
 j =35/2+  (   u35/2)  0.98     71.3434      0.0000      0.0000
 j =35/2-  (   t35/2)  0.98     66.8383      0.0000      0.0000
 j =37/2+  (   u37/2)  0.98     70.6130      0.0000      0.0000
  ****** END CANON **********************************
  ****** BEGIN RESU *********************************
   ****** BEGIN EXPECT *******

                            neutron        proton         total
 particle number           158.000000      82.000000     240.000000
 trace scalar density      150.654632      79.044860     229.699492
 lambda                     -2.375098     -13.109633
 spk                        22.538764       0.000009
 rms-Radius                  6.101044       5.694363       5.965213
 charge-Radius                              5.750284
 Particle Energ          -3367.538531   -2281.589395   -5649.127926
 Selfconsistency Test.                                    -0.000003

 Kinetic Energy           2224.902111     869.719128    3094.621239
 E-scsc                                               -35787.050284
 E-scve                                                29942.899268
 E-vesc                                                    0.000000
 E-veve                                                  250.901834
 E-rearrang.                                             856.750505
 Coulomb direct                                          792.999348
 Pairing Energy            -28.534701      -0.000000     -28.534701
 Sum without E-cm                                      -1734.163295
DE-cm <P**2>/2M            -13.201478      -5.195953     -18.397432
NE-cm <P**2>/2M             10.263726       3.321251      13.584977
 E-cm <P**2>/2M             -2.937752      -1.874703      -4.812455
 Total Energy                                          -1738.975750
 E/A                                                      -7.245732

  ****** END EXPECT *********************************


 quasi-particle properties Neutron:
 ------------------------------------------------------------------
     p/h    l j     [nr,l,j]  smax       Eqp       uu       vv
   1  p   1s 1/2   ( 4s  1/2) 0.75     1.226     0.711     0.289
   2  p   2s 1/2   ( 6s  1/2) 0.49     6.551     0.995     0.005
   3  p   3s 1/2   ( 5s  1/2) 0.71    14.746     0.997     0.003
   4  h   4s 1/2   ( 3s  1/2) 0.96    17.902     0.006     0.994
   5  p   5s 1/2   ( 6s  1/2) 0.60    26.506     1.000     0.000
   6  h   6s 1/2   ( 2s  1/2) 0.90    40.625     0.011     0.989
   7  p   7s 1/2   ( 7s  1/2) 0.54    41.099     0.989     0.011
   8  h   8s 1/2   ( 1s  1/2) 0.94    58.260     0.000     1.000
   9  p   9s 1/2   ( 8s  1/2) 0.61    59.813     1.000     0.000
  10  p  10s 1/2   ( 9s  1/2) 0.64    90.080     1.000     0.000
  11  p   1p 1/2   ( 4p  1/2) 0.64     4.898     0.998     0.002
  12  h   2p 1/2   ( 3p  1/2) 0.97     7.194     0.016     0.984
  13  p   3p 1/2   ( 4p  1/2) 0.67    11.176     0.996     0.004
  14  p   4p 1/2   ( 5p  1/2) 0.70    21.956     0.999     0.001
  15  h   5p 1/2   ( 2p  1/2) 0.94    29.588     0.002     0.998
  16  p   6p 1/2   ( 6p  1/2) 0.63    36.048     1.000     0.000
  17  h   7p 1/2   ( 1p  1/2) 0.96    51.591     0.000     1.000
  18  p   8p 1/2   ( 7p  1/2) 0.65    53.782     1.000     0.000
  19  p   9p 1/2   ( 8p  1/2) 0.64    83.107     1.000     0.000
  20  p   1d 3/2   ( 3d  3/2) 0.82     1.500     0.792     0.208
  21  p   2d 3/2   ( 5d  3/2) 0.49     7.079     0.996     0.004
  22  p   3d 3/2   ( 4d  3/2) 0.72    15.170     0.998     0.002
  23  h   4d 3/2   ( 2d  3/2) 0.97    18.853     0.004     0.996
  24  p   5d 3/2   ( 5d  3/2) 0.61    26.711     1.000     0.000
  25  p   6d 3/2   ( 6d  3/2) 0.54    41.399     0.999     0.001
  26  h   7d 3/2   ( 1d  3/2) 0.98    43.455     0.001     0.999
  27  p   8d 3/2   ( 7d  3/2) 0.62    60.049     1.000     0.000
  28  p   9d 3/2   ( 8d  3/2) 0.64    90.285     1.000     0.000
  29  p   1p 3/2   ( 4p  3/2) 0.66     4.750     0.998     0.002
  30  h   2p 3/2   ( 3p  3/2) 0.96     7.939     0.016     0.984
  31  p   3p 3/2   ( 4p  3/2) 0.65    10.864     0.993     0.007
  32  p   4p 3/2   ( 5p  3/2) 0.71    21.646     0.999     0.001
  33  h   5p 3/2   ( 2p  3/2) 0.94    30.398     0.001     0.999
  34  p   6p 3/2   ( 6p  3/2) 0.63    35.593     1.000     0.000
  35  h   7p 3/2   ( 1p  3/2) 0.95    51.992     0.000     1.000
  36  p   8p 3/2   ( 7p  3/2) 0.66    53.214     1.000     0.000
  37  p   9p 3/2   ( 8p  3/2) 0.64    82.386     1.000     0.000
  38  p   1d 5/2   ( 3d  5/2) 0.68     1.252     0.538     0.462
  39  p   2d 5/2   ( 5d  5/2) 0.51     6.878     0.997     0.003
  40  p   3d 5/2   ( 4d  5/2) 0.72    14.783     0.999     0.001
  41  h   4d 5/2   ( 2d  5/2) 0.96    20.268     0.003     0.997
  42  p   5d 5/2   ( 5d  5/2) 0.62    26.318     1.000     0.000
  43  p   6d 5/2   ( 6d  5/2) 0.55    40.789     1.000     0.000
  44  h   7d 5/2   ( 1d  5/2) 0.97    44.527     0.001     0.999
  45  p   8d 5/2   ( 7d  5/2) 0.62    59.251     1.000     0.000
  46  p   9d 5/2   ( 8d  5/2) 0.64    89.431     1.000     0.000
  47  p   1f 5/2   ( 3f  5/2) 0.72     5.744     0.997     0.003
  48  h   2f 5/2   ( 2f  5/2) 0.97     8.614     0.020     0.980
  49  p   3f 5/2   ( 3f  5/2) 0.62    11.362     0.989     0.011
  50  p   4f 5/2   ( 4f  5/2) 0.73    21.863     0.999     0.001
  51  h   5f 5/2   ( 1f  5/2) 0.98    34.119     0.003     0.997
  52  p   6f 5/2   ( 5f  5/2) 0.66    35.848     0.998     0.002
  53  p   7f 5/2   ( 6f  5/2) 0.67    53.409     1.000     0.000
  54  p   8f 5/2   ( 7f  5/2) 0.64    82.289     1.000     0.000
  55  p   1g 7/2   ( 2g  7/2) 0.79     1.517     0.659     0.341
  56  p   2g 7/2   ( 3g  7/2) 0.50     8.234     0.999     0.001
  57  p   3g 7/2   ( 3g  7/2) 0.74    15.573     1.000     0.000
  58  h   4g 7/2   ( 1g  7/2) 0.98    23.956     0.002     0.998
  59  p   5g 7/2   ( 4g  7/2) 0.66    26.525     0.999     0.001
  60  p   6g 7/2   ( 5g  7/2) 0.59    41.025     1.000     0.000
  61  p   7g 7/2   ( 6g  7/2) 0.64    59.415     1.000     0.000
  62  p   8g 7/2   ( 7g  7/2) 0.64    88.914     1.000     0.000
  63  p   1f 7/2   ( 3f  7/2) 0.76     5.335     0.996     0.004
  64  h   2f 7/2   ( 2f  7/2) 0.76    10.398     0.403     0.597
  65  p   3f 7/2   ( 3f  7/2) 0.45    10.923     0.603     0.397
  66  p   4f 7/2   ( 4f  7/2) 0.73    21.316     0.999     0.001
  67  p   5f 7/2   ( 5f  7/2) 0.66    35.116     0.995     0.005
  68  h   6f 7/2   ( 1f  7/2) 0.98    36.187     0.005     0.995
  69  p   7f 7/2   ( 6f  7/2) 0.67    52.395     1.000     0.000
  70  p   8f 7/2   ( 7f  7/2) 0.64    81.487     1.000     0.000
  71  h   1g 9/2   ( 2g  9/2) 0.92     2.246     0.117     0.883
  72  p   2g 9/2   ( 3g  9/2) 0.54     7.958     0.999     0.001
  73  p   3g 9/2   ( 3g  9/2) 0.73    14.800     1.000     0.000
  74  p   4g 9/2   ( 4g  9/2) 0.68    25.704     0.997     0.003
  75  h   5g 9/2   ( 1g  9/2) 0.98    27.257     0.004     0.996
  76  p   6g 9/2   ( 5g  9/2) 0.60    40.042     1.000     0.000
  77  p   7g 9/2   ( 6g  9/2) 0.64    58.071     1.000     0.000
  78  p   8g 9/2   ( 7g  9/2) 0.64    88.064     1.000     0.000
  79  p   1h 9/2   ( 2h  9/2) 0.85     7.161     0.994     0.006
  80  p   2h 9/2   ( 4h  9/2) 0.47    11.920     0.968     0.032
  81  h   3h 9/2   ( 1h  9/2) 0.96    13.399     0.036     0.964
  82  p   4h 9/2   ( 3h  9/2) 0.76    22.069     0.999     0.001
  83  p   5h 9/2   ( 4h  9/2) 0.70    35.582     1.000     0.000
  84  p   6h 9/2   ( 5h  9/2) 0.69    52.824     1.000     0.000
  85  p   7h 9/2   ( 6h  9/2) 0.64    80.666     1.000     0.000
  86  h   1i11/2   ( 1i 11/2) 0.95     2.994     0.064     0.936
  87  p   2i11/2   ( 2i 11/2) 0.57    10.559     1.000     0.000
  88  p   3i11/2   ( 2i 11/2) 0.75    16.284     0.999     0.001
  89  p   4i11/2   ( 3i 11/2) 0.72    26.480     1.000     0.000
  90  p   5i11/2   ( 4i 11/2) 0.63    40.715     1.000     0.000
  91  p   6i11/2   ( 5i 11/2) 0.66    58.679     1.000     0.000
  92  p   7i11/2   ( 6i 11/2) 0.64    87.310     1.000     0.000
  93  p   1h11/2   ( 2h 11/2) 0.93     5.612     0.990     0.010
  94  p   2h11/2   ( 4h 11/2) 0.53    11.099     0.998     0.002
  95  h   3h11/2   ( 1h 11/2) 0.98    18.007     0.005     0.995
  96  p   4h11/2   ( 3h 11/2) 0.76    21.107     0.998     0.002
  97  p   5h11/2   ( 4h 11/2) 0.71    34.317     1.000     0.000
  98  p   6h11/2   ( 5h 11/2) 0.69    51.023     1.000     0.000
  99  p   7h11/2   ( 6h 11/2) 0.64    79.425     1.000     0.000
 100  h   1i13/2   ( 1i 13/2) 0.97     8.680     0.015     0.985
 101  p   2i13/2   ( 2i 13/2) 0.68    10.057     0.993     0.007
 102  p   3i13/2   ( 2i 13/2) 0.67    14.761     0.998     0.002
 103  p   4i13/2   ( 3i 13/2) 0.75    25.165     1.000     0.000
 104  p   5i13/2   ( 4i 13/2) 0.66    39.211     1.000     0.000
 105  p   6i13/2   ( 5i 13/2) 0.67    56.477     1.000     0.000
 106  p   7i13/2   ( 6i 13/2) 0.64    85.622     1.000     0.000
 107  p   1j13/2   ( 1j 13/2) 0.97     7.467     0.992     0.008
 108  p   2j13/2   ( 2j 13/2) 0.52    13.878     1.000     0.000
 109  p   3j13/2   ( 2j 13/2) 0.78    22.578     1.000     0.000
 110  p   4j13/2   ( 3j 13/2) 0.74    35.163     1.000     0.000
 111  p   5j13/2   ( 4j 13/2) 0.72    52.044     1.000     0.000
 112  p   6j13/2   ( 6j 13/2) 0.65    78.881     1.000     0.000
 113  p   1k15/2   ( 1k 15/2) 0.66    14.463     0.999     0.001
 114  p   2k15/2   ( 1k 15/2) 0.72    17.713     0.999     0.001
 115  p   3k15/2   ( 2k 15/2) 0.78    27.130     1.000     0.000
 116  p   4k15/2   ( 3k 15/2) 0.69    40.237     1.000     0.000
 117  p   5k15/2   ( 4k 15/2) 0.70    57.615     1.000     0.000
 118  p   6k15/2   ( 5k 15/2) 0.65    85.171     1.000     0.000
 119  p   1j15/2   ( 1j 15/2) 0.82     1.539     0.706     0.294
 120  p   2j15/2   ( 2j 15/2) 0.59    13.349     1.000     0.000
 121  p   3j15/2   ( 2j 15/2) 0.75    20.846     1.000     0.000
 122  p   4j15/2   ( 3j 15/2) 0.76    33.287     1.000     0.000
 123  p   5j15/2   ( 4j 15/2) 0.72    49.442     1.000     0.000
 124  p   6j15/2   ( 6j 15/2) 0.65    76.564     1.000     0.000
 125  p   1k17/2   ( 1k 17/2) 0.98     9.427     0.996     0.004
 126  p   2k17/2   ( 3k 17/2) 0.51    15.665     1.000     0.000
 127  p   3k17/2   ( 2k 17/2) 0.79    25.019     1.000     0.000
 128  p   4k17/2   ( 3k 17/2) 0.74    37.914     1.000     0.000
 129  p   5k17/2   ( 4k 17/2) 0.71    54.433     1.000     0.000
 130  p   6k17/2   ( 5k 17/2) 0.64    82.427     1.000     0.000
 131  p   1l17/2   ( 3l 17/2) 0.52    18.507     1.000     0.000
 132  p   2l17/2   ( 1l 17/2) 0.83    25.049     1.000     0.000
 133  p   3l17/2   ( 2l 17/2) 0.78    35.657     1.000     0.000
 134  p   4l17/2   ( 3l 17/2) 0.74    51.396     1.000     0.000
 135  p   5l17/2   ( 5l 17/2) 0.67    76.306     1.000     0.000
 136  p   1m19/2   ( 3m 19/2) 0.56    20.883     1.000     0.000
 137  p   2m19/2   ( 1m 19/2) 0.82    30.200     1.000     0.000
 138  p   3m19/2   ( 2m 19/2) 0.72    41.006     1.000     0.000
 139  p   4m19/2   ( 3m 19/2) 0.71    57.291     1.000     0.000
 140  p   5m19/2   ( 4m 19/2) 0.65    82.488     1.000     0.000
 141  p   1l19/2   ( 1l 19/2) 0.88    16.798     0.999     0.001
 142  p   2l19/2   ( 2l 19/2) 0.53    20.262     1.000     0.000
 143  p   3l19/2   ( 2l 19/2) 0.77    32.625     1.000     0.000
 144  p   4l19/2   ( 3l 19/2) 0.75    47.288     1.000     0.000
 145  p   5l19/2   ( 5l 19/2) 0.69    72.436     1.000     0.000
 146  p   1m21/2   ( 3m 21/2) 0.53    20.601     1.000     0.000
 147  p   2m21/2   ( 1m 21/2) 0.85    25.959     1.000     0.000
 148  p   3m21/2   ( 2m 21/2) 0.79    36.923     1.000     0.000
 149  p   4m21/2   ( 3m 21/2) 0.75    52.285     1.000     0.000
 150  p   5m21/2   ( 5m 21/2) 0.68    77.455     1.000     0.000
 151  p   1n21/2   ( 2n 21/2) 0.60    25.489     1.000     0.000
 152  p   2n21/2   ( 1n 21/2) 0.81    37.455     1.000     0.000
 153  p   3n21/2   ( 2n 21/2) 0.74    51.776     1.000     0.000
 154  p   4n21/2   ( 4n 21/2) 0.68    74.463     1.000     0.000
 155  p   1o23/2   ( 2o 23/2) 0.60    27.896     1.000     0.000
 156  p   2o23/2   ( 1o 23/2) 0.80    41.506     1.000     0.000
 157  p   3o23/2   ( 2o 23/2) 0.73    56.932     1.000     0.000
 158  p   4o23/2   ( 4o 23/2) 0.66    80.833     1.000     0.000
 159  p   1n23/2   ( 2n 23/2) 0.55    25.160     1.000     0.000
 160  p   2n23/2   ( 1n 23/2) 0.82    33.965     1.000     0.000
 161  p   3n23/2   ( 2n 23/2) 0.74    45.944     1.000     0.000
 162  p   4n23/2   ( 4n 23/2) 0.74    67.019     1.000     0.000
 163  p   1o25/2   ( 2o 25/2) 0.58    27.733     1.000     0.000
 164  p   2o25/2   ( 1o 25/2) 0.85    39.320     1.000     0.000
 165  p   3o25/2   ( 2o 25/2) 0.77    51.139     1.000     0.000
 166  p   4o25/2   ( 4o 25/2) 0.72    72.069     1.000     0.000
 167  p   1P25/2   ( 2P 25/2) 0.68    33.994     1.000     0.000
 168  p   2P25/2   ( 1P 25/2) 0.77    50.636     1.000     0.000
 169  p   3P25/2   ( 3P 25/2) 0.71    72.674     1.000     0.000
 170  p   1q27/2   ( 2q 27/2) 0.68    36.609     1.000     0.000
 171  p   2q27/2   ( 1q 27/2) 0.77    54.588     1.000     0.000
 172  p   3q27/2   ( 3q 27/2) 0.70    77.880     1.000     0.000
 173  p   1P27/2   ( 2P 27/2) 0.64    33.751     1.000     0.000
 174  p   2P27/2   ( 1P 27/2) 0.77    47.899     1.000     0.000
 175  p   3P27/2   ( 3P 27/2) 0.77    63.380     1.000     0.000
 176  p   1q29/2   ( 2q 29/2) 0.66    36.435     1.000     0.000
 177  p   2q29/2   ( 1q 29/2) 0.78    52.796     1.000     0.000
 178  p   3q29/2   ( 3q 29/2) 0.74    68.973     1.000     0.000
 179  p   1r29/2   ( 1r 29/2) 0.79    44.997     1.000     0.000
 180  p   2r29/2   ( 2r 29/2) 0.78    68.479     1.000     0.000
 181  p   1S31/2   ( 1S 31/2) 0.78    47.899     1.000     0.000
 182  p   2S31/2   ( 2S 31/2) 0.77    72.699     1.000     0.000
 183  p   1r31/2   ( 1r 31/2) 0.78    44.723     1.000     0.000
 184  p   2r31/2   ( 2r 31/2) 0.78    63.503     1.000     0.000
 185  p   1S33/2   ( 1S 33/2) 0.77    47.691     1.000     0.000
 186  p   2S33/2   ( 2S 33/2) 0.77    68.754     1.000     0.000
 187  p   1t33/2   ( 1t 33/2) 0.98    60.771     1.000     0.000
 188  p   1u35/2   ( 1u 35/2) 0.98    64.115     1.000     0.000
 189  p   1t35/2   ( 1t 35/2) 0.98    59.741     1.000     0.000
 190  p   1u37/2   ( 1u 37/2) 0.98    63.365     1.000     0.000


 quasi-particle properties Proton: 
 ------------------------------------------------------------------
     p/h    l j     [nr,l,j]  smax       Eqp       uu       vv
   1  h   1s 1/2   ( 3s  1/2) 0.92     1.291     0.000     1.000
   2  p   2s 1/2   ( 4s  1/2) 0.94    18.534     1.000     0.000
   3  h   3s 1/2   ( 2s  1/2) 0.84    22.601     0.000     1.000
   4  p   4s 1/2   ( 6s  1/2) 0.52    25.946     1.000     0.000
   5  p   5s 1/2   ( 5s  1/2) 0.73    33.907     1.000     0.000
   6  h   6s 1/2   ( 1s  1/2) 0.90    39.602     0.000     1.000
   7  p   7s 1/2   ( 6s  1/2) 0.62    45.574     1.000     0.000
   8  p   8s 1/2   ( 7s  1/2) 0.55    59.766     1.000     0.000
   9  p   9s 1/2   ( 8s  1/2) 0.60    77.812     1.000     0.000
  11  p   1p 1/2   ( 3p  1/2) 0.95     9.166     1.000     0.000
  12  h   2p 1/2   ( 2p  1/2) 0.90    12.474     0.000     1.000
  13  p   3p 1/2   ( 4p  1/2) 0.72    24.618     1.000     0.000
  14  p   4p 1/2   ( 4p  1/2) 0.61    29.769     1.000     0.000
  15  h   5p 1/2   ( 1p  1/2) 0.93    33.789     0.000     1.000
  16  p   6p 1/2   ( 5p  1/2) 0.72    40.969     1.000     0.000
  17  p   7p 1/2   ( 6p  1/2) 0.64    54.608     1.000     0.000
  18  p   8p 1/2   ( 7p  1/2) 0.65    71.661     1.000     0.000
  20  h   1d 3/2   ( 2d  3/2) 0.95     2.627     0.000     1.000
  21  p   2d 3/2   ( 3d  3/2) 0.96    18.130     1.000     0.000
  22  h   3d 3/2   ( 1d  3/2) 0.96    26.358     0.000     1.000
  23  p   4d 3/2   ( 5d  3/2) 0.51    26.532     1.000     0.000
  24  p   5d 3/2   ( 4d  3/2) 0.75    34.122     1.000     0.000
  25  p   6d 3/2   ( 5d  3/2) 0.65    45.522     1.000     0.000
  26  p   7d 3/2   ( 6d  3/2) 0.57    59.775     1.000     0.000
  27  p   8d 3/2   ( 7d  3/2) 0.61    77.740     1.000     0.000
  29  p   1p 3/2   ( 3p  3/2) 0.94     8.442     1.000     0.000
  30  h   2p 3/2   ( 2p  3/2) 0.89    13.337     0.000     1.000
  31  p   3p 3/2   ( 4p  3/2) 0.74    24.417     1.000     0.000
  32  p   4p 3/2   ( 4p  3/2) 0.58    29.444     1.000     0.000
  33  h   5p 3/2   ( 1p  3/2) 0.92    34.341     0.000     1.000
  34  p   6p 3/2   ( 5p  3/2) 0.73    40.686     1.000     0.000
  35  p   7p 3/2   ( 6p  3/2) 0.65    54.172     1.000     0.000
  36  p   8p 3/2   ( 7p  3/2) 0.65    71.102     1.000     0.000
  38  h   1d 5/2   ( 2d  5/2) 0.93     4.088     0.000     1.000
  39  p   2d 5/2   ( 3d  5/2) 0.95    17.264     1.000     0.000
  40  p   3d 5/2   ( 5d  5/2) 0.51    26.426     1.000     0.000
  41  h   4d 5/2   ( 1d  5/2) 0.95    27.686     0.000     1.000
  42  p   5d 5/2   ( 4d  5/2) 0.74    33.729     1.000     0.000
  43  p   6d 5/2   ( 5d  5/2) 0.66    45.148     1.000     0.000
  44  p   7d 5/2   ( 6d  5/2) 0.58    59.223     1.000     0.000
  45  p   8d 5/2   ( 7d  5/2) 0.62    76.984     1.000     0.000
  47  p   1f 5/2   ( 2f  5/2) 0.97     6.970     1.000     0.000
  48  h   2f 5/2   ( 1f  5/2) 0.98    17.679     0.000     1.000
  49  p   3f 5/2   ( 3f  5/2) 0.84    25.025     1.000     0.000
  50  p   4f 5/2   ( 5f  5/2) 0.51    29.802     1.000     0.000
  51  p   5f 5/2   ( 4f  5/2) 0.75    40.865     1.000     0.000
  52  p   6f 5/2   ( 5f  5/2) 0.68    54.252     1.000     0.000
  53  p   7f 5/2   ( 6f  5/2) 0.67    71.060     1.000     0.000
  55  h   1g 7/2   ( 1g  7/2) 0.98     8.164     0.000     1.000
  56  p   2g 7/2   ( 2g  7/2) 0.98    16.038     1.000     0.000
  57  p   3g 7/2   ( 3g  7/2) 0.52    27.960     1.000     0.000
  58  p   4g 7/2   ( 3g  7/2) 0.77    34.254     1.000     0.000
  59  p   5g 7/2   ( 4g  7/2) 0.71    45.180     1.000     0.000
  60  p   6g 7/2   ( 5g  7/2) 0.62    59.381     1.000     0.000
  61  p   7g 7/2   ( 6g  7/2) 0.64    76.961     1.000     0.000
  63  p   1f 7/2   ( 2f  7/2) 0.96     5.011     1.000     0.000
  64  h   2f 7/2   ( 1f  7/2) 0.97    20.085     0.000     1.000
  65  p   3f 7/2   ( 3f  7/2) 0.88    24.332     1.000     0.000
  66  p   4f 7/2   ( 5f  7/2) 0.54    29.323     1.000     0.000
  67  p   5f 7/2   ( 4f  7/2) 0.75    40.396     1.000     0.000
  68  p   6f 7/2   ( 5f  7/2) 0.68    53.593     1.000     0.000
  69  p   7f 7/2   ( 6f  7/2) 0.67    70.133     1.000     0.000
  71  h   1g 9/2   ( 1g  9/2) 0.98    11.859     0.000     1.000
  72  p   2g 9/2   ( 2g  9/2) 0.97    13.804     1.000     0.000
  73  p   3g 9/2   ( 3g  9/2) 0.57    27.741     1.000     0.000
  74  p   4g 9/2   ( 3g  9/2) 0.74    33.357     1.000     0.000
  75  p   5g 9/2   ( 4g  9/2) 0.72    44.414     1.000     0.000
  76  p   6g 9/2   ( 5g  9/2) 0.63    58.492     1.000     0.000
  77  p   7g 9/2   ( 6g  9/2) 0.64    75.704     1.000     0.000
  79  p   1h 9/2   ( 1h  9/2) 0.98     1.797     1.000     0.000
  80  p   2h 9/2   ( 2h  9/2) 0.97    24.263     1.000     0.000
  81  p   3h 9/2   ( 4h  9/2) 0.53    30.811     1.000     0.000
  82  p   4h 9/2   ( 3h  9/2) 0.78    40.945     1.000     0.000
  83  p   5h 9/2   ( 4h  9/2) 0.72    53.779     1.000     0.000
  84  p   6h 9/2   ( 5h  9/2) 0.70    70.225     1.000     0.000
  85  p   7h 9/2   ( 6h  9/2) 0.64    98.974     1.000     0.000
  86  p   1i11/2   ( 1i 11/2) 0.98    11.822     1.000     0.000
  87  p   2i11/2   ( 2i 11/2) 0.72    30.124     1.000     0.000
  88  p   3i11/2   ( 2i 11/2) 0.66    34.004     1.000     0.000
  89  p   4i11/2   ( 3i 11/2) 0.77    44.961     1.000     0.000
  90  p   5i11/2   ( 4i 11/2) 0.68    58.838     1.000     0.000
  91  p   6i11/2   ( 5i 11/2) 0.68    75.830     1.000     0.000
  93  h   1h11/2   ( 1h 11/2) 0.98     3.261     0.000     1.000
  94  p   2h11/2   ( 2h 11/2) 0.98    22.060     1.000     0.000
  95  p   3h11/2   ( 4h 11/2) 0.54    30.440     1.000     0.000
  96  p   4h11/2   ( 3h 11/2) 0.77    40.017     1.000     0.000
  97  p   5h11/2   ( 4h 11/2) 0.73    52.595     1.000     0.000
  98  p   6h11/2   ( 5h 11/2) 0.70    68.555     1.000     0.000
  99  p   7h11/2   ( 6h 11/2) 0.63    97.792     1.000     0.000
 100  p   1i13/2   ( 1i 13/2) 0.98     5.530     1.000     0.000
 101  p   2i13/2   ( 2i 13/2) 0.89    28.937     1.000     0.000
 102  p   3i13/2   ( 4i 13/2) 0.50    32.705     1.000     0.000
 103  p   4i13/2   ( 3i 13/2) 0.78    43.893     1.000     0.000
 104  p   5i13/2   ( 4i 13/2) 0.70    57.470     1.000     0.000
 105  p   6i13/2   ( 5i 13/2) 0.68    73.782     1.000     0.000
 107  p   1j13/2   ( 1j 13/2) 0.98    21.539     1.000     0.000
 108  p   2j13/2   ( 2j 13/2) 0.56    33.701     1.000     0.000
 109  p   3j13/2   ( 2j 13/2) 0.79    41.056     1.000     0.000
 110  p   4j13/2   ( 3j 13/2) 0.77    53.159     1.000     0.000
 111  p   5j13/2   ( 4j 13/2) 0.73    69.106     1.000     0.000
 112  p   6j13/2   ( 6j 13/2) 0.65    96.331     1.000     0.000
 113  p   1k15/2   ( 1k 15/2) 0.98    30.535     1.000     0.000
 114  p   2k15/2   ( 4k 15/2) 0.52    35.806     1.000     0.000
 115  p   3k15/2   ( 2k 15/2) 0.82    46.003     1.000     0.000
 116  p   4k15/2   ( 3k 15/2) 0.75    58.198     1.000     0.000
 117  p   5k15/2   ( 4k 15/2) 0.72    74.555     1.000     0.000
 119  p   1j15/2   ( 1j 15/2) 0.97    14.388     1.000     0.000
 120  p   2j15/2   ( 2j 15/2) 0.66    33.161     1.000     0.000
 121  p   3j15/2   ( 2j 15/2) 0.71    38.945     1.000     0.000
 122  p   4j15/2   ( 3j 15/2) 0.76    51.614     1.000     0.000
 123  p   5j15/2   ( 4j 15/2) 0.73    66.793     1.000     0.000
 124  p   6j15/2   ( 6j 15/2) 0.66    94.050     1.000     0.000
 125  p   1k17/2   ( 1k 17/2) 0.97    23.155     1.000     0.000
 126  p   2k17/2   ( 2k 17/2) 0.50    35.410     1.000     0.000
 127  p   3k17/2   ( 2k 17/2) 0.81    43.799     1.000     0.000
 128  p   4k17/2   ( 3k 17/2) 0.77    56.038     1.000     0.000
 129  p   5k17/2   ( 4k 17/2) 0.73    71.739     1.000     0.000
 130  p   6k17/2   ( 6k 17/2) 0.64    99.602     1.000     0.000
 131  p   1l17/2   ( 1l 17/2) 0.80    37.615     1.000     0.000
 132  p   2l17/2   ( 1l 17/2) 0.58    41.181     1.000     0.000
 133  p   3l17/2   ( 2l 17/2) 0.79    53.885     1.000     0.000
 134  p   4l17/2   ( 3l 17/2) 0.75    68.329     1.000     0.000
 135  p   5l17/2   ( 5l 17/2) 0.68    93.059     1.000     0.000
 136  p   1m19/2   ( 3m 19/2) 0.54    40.788     1.000     0.000
 137  p   2m19/2   ( 1m 19/2) 0.88    47.198     1.000     0.000
 138  p   3m19/2   ( 2m 19/2) 0.79    58.350     1.000     0.000
 139  p   4m19/2   ( 3m 19/2) 0.74    73.999     1.000     0.000
 140  p   5m19/2   ( 5m 19/2) 0.66    99.090     1.000     0.000
 141  p   1l19/2   ( 1l 19/2) 0.97    31.679     1.000     0.000
 142  p   2l19/2   ( 2l 19/2) 0.60    39.299     1.000     0.000
 143  p   3l19/2   ( 2l 19/2) 0.75    51.567     1.000     0.000
 144  p   4l19/2   ( 3l 19/2) 0.75    64.582     1.000     0.000
 145  p   5l19/2   ( 5l 19/2) 0.70    89.338     1.000     0.000
 146  p   1m21/2   ( 1m 21/2) 0.89    39.405     1.000     0.000
 147  p   2m21/2   ( 2m 21/2) 0.56    41.882     1.000     0.000
 148  p   3m21/2   ( 2m 21/2) 0.78    55.647     1.000     0.000
 149  p   4m21/2   ( 3m 21/2) 0.76    69.596     1.000     0.000
 150  p   5m21/2   ( 5m 21/2) 0.69    94.168     1.000     0.000
 151  p   1n21/2   ( 2n 21/2) 0.56    45.605     1.000     0.000
 152  p   2n21/2   ( 1n 21/2) 0.84    55.238     1.000     0.000
 153  p   3n21/2   ( 2n 21/2) 0.75    67.743     1.000     0.000
 154  p   4n21/2   ( 4n 21/2) 0.70    90.534     1.000     0.000
 155  p   1o23/2   ( 3o 23/2) 0.58    47.929     1.000     0.000
 156  p   2o23/2   ( 1o 23/2) 0.86    60.589     1.000     0.000
 157  p   3o23/2   ( 2o 23/2) 0.76    72.774     1.000     0.000
 158  p   4o23/2   ( 4o 23/2) 0.69    96.324     1.000     0.000
 159  p   1n23/2   ( 1n 23/2) 0.70    44.844     1.000     0.000
 160  p   2n23/2   ( 1n 23/2) 0.68    50.215     1.000     0.000
 161  p   3n23/2   ( 2n 23/2) 0.69    63.544     1.000     0.000
 162  p   4n23/2   ( 4n 23/2) 0.76    83.382     1.000     0.000
 163  p   1o25/2   ( 3o 25/2) 0.57    47.693     1.000     0.000
 164  p   2o25/2   ( 1o 25/2) 0.85    56.822     1.000     0.000
 165  p   3o25/2   ( 2o 25/2) 0.73    68.039     1.000     0.000
 166  p   4o25/2   ( 4o 25/2) 0.75    88.145     1.000     0.000
 167  p   1P25/2   ( 2P 25/2) 0.66    54.358     1.000     0.000
 168  p   2P25/2   ( 1P 25/2) 0.79    69.018     1.000     0.000
 169  p   3P25/2   ( 3P 25/2) 0.75    87.075     1.000     0.000
 170  p   1q27/2   ( 2q 27/2) 0.67    56.815     1.000     0.000
 171  p   2q27/2   ( 1q 27/2) 0.80    73.949     1.000     0.000
 172  p   3q27/2   ( 3q 27/2) 0.73    92.274     1.000     0.000
 173  p   1P27/2   ( 1P 27/2) 0.64    54.010     1.000     0.000
 174  p   2P27/2   ( 1P 27/2) 0.75    65.387     1.000     0.000
 175  p   3P27/2   ( 3P 27/2) 0.82    78.866     1.000     0.000
 176  p   1q29/2   ( 2q 29/2) 0.64    56.576     1.000     0.000
 177  p   2q29/2   ( 1q 29/2) 0.79    71.666     1.000     0.000
 178  p   3q29/2   ( 3q 29/2) 0.79    84.048     1.000     0.000
 179  p   1r29/2   ( 1r 29/2) 0.78    65.523     1.000     0.000
 180  p   2r29/2   ( 2r 29/2) 0.77    85.308     1.000     0.000
 181  p   1S31/2   ( 1S 31/2) 0.77    68.313     1.000     0.000
 182  p   2S31/2   ( 2S 31/2) 0.76    90.460     1.000     0.000
 183  p   1r31/2   ( 1r 31/2) 0.77    65.236     1.000     0.000
 184  p   2r31/2   ( 2r 31/2) 0.76    80.479     1.000     0.000
 185  p   1S33/2   ( 1S 33/2) 0.76    68.079     1.000     0.000
 186  p   2S33/2   ( 2S 33/2) 0.75    86.661     1.000     0.000
 187  p   1t33/2   ( 1t 33/2) 0.98    80.945     1.000     0.000
 188  p   1u35/2   ( 1u 35/2) 0.98    84.453     1.000     0.000
 189  p   1t35/2   ( 1t 35/2) 0.98    79.948     1.000     0.000
 190  p   1u37/2   ( 1u 37/2) 0.98    83.723     1.000     0.000
  ****** END RESU ***********************************
