
  ******************************************  
  *           Fortran 77 Code              *  
  *         Spherical H.O. basis            *  
  * Dirac-Hartree-Bogoliubov calculation   *  
  *        with density-dependent          *  
  * meson-exchange or point coupling force *  
  *          and separable pairing         *  
  * -------------------------------------- *  
  *      Niksic, Paar, Vretenar, Ring      *  
  *          18/ 4/2026/01:51:37           *
  *       Pb 248  N = 166  Z =  82
  ******************************************  
  ****** BEGIN READER *******************************
 Number of oscillator shells :    18   20
 Initialization inin,inink   :     1    1
 Nucleus: Pb 248   166  82
 Initial Gap Parameters      :     1.0000    1.0000
 Parameter set               :    DD-ME2    
  ****** END READER *********************************
  ****** BEGIN FORCES *******************************

 NEDF Parameters: DD-ME2    
 AMU   =  939.000
 msig  =  550.124  gsig =    10.5396  Gsig =   -14.2924
 mome  =  783.000  gome =    13.0189  Gome =    10.7647
 mdel  =    0.000  gdel =     0.0000  Gdel =    -0.0000
 mrho  =  763.000  grho =     3.6836  Grho =     0.9076
  
 Density dependence parameters:
           scasca    scavec    vecsca    vecvec
 a    =   1.388148  1.389291  0.000000  0.564700
 b    =   1.094300  0.923975  0.000000  0.000000
 c    =   1.705700  1.462000  0.000000  0.000000
 d    =   0.442067  0.477492  0.000000  0.000000
 dsat =   0.152000
  
 TMR pairing: Tian,Ma,Ring, PRB 676, 44 (2009)
 TMR pairing strength    gl =:  -728.00000 [MeV*fm^3]
 TMR pairing width        a =:     0.64420 [fm]
  ****** END FORCES *********************************
  ****** BEGIN PREP *********************************
  
 hom =                            6.525793
 hb0 =                           20.734000
 b0  =                            2.520809
 with Coulomb force
 With microscopic c.m. correction
  ****** END PREP ***********************************
  ****** BEGIN ITER *********************************
  1.It. si =    0.0000000  E/A =    0.0000 R =    0.0000  mix = 0.50
  2.It. si =  110.2732699  E/A =   -6.9839 R =    6.1634  mix = 0.50
  3.It. si =   60.7155582  E/A =   -7.0077 R =    6.1474  mix = 0.50
  4.It. si =   13.8773443  E/A =   -7.0210 R =    6.1298  mix = 0.50
  5.It. si =   13.2952999  E/A =   -7.0399 R =    6.1072  mix = 0.50
  6.It. si =   13.8637407  E/A =   -7.0473 R =    6.0921  mix = 0.50
  7.It. si =    5.9937558  E/A =   -7.0579 R =    6.0713  mix = 0.50
  8.It. si =    2.8386600  E/A =   -7.0637 R =    6.0604  mix = 0.50
  9.It. si =    1.9025142  E/A =   -7.0671 R =    6.0516  mix = 0.50
 10.It. si =    0.6670317  E/A =   -7.0664 R =    6.0521  mix = 0.50
 11.It. si =    1.3711082  E/A =   -7.0651 R =    6.0548  mix = 0.50
 12.It. si =    0.7616806  E/A =   -7.0652 R =    6.0550  mix = 0.50
 13.It. si =    0.0932886  E/A =   -7.0657 R =    6.0531  mix = 0.50
 14.It. si =    0.1247726  E/A =   -7.0655 R =    6.0530  mix = 0.50
 15.It. si =    0.0366664  E/A =   -7.0655 R =    6.0529  mix = 0.50
 16.It. si =    0.0342824  E/A =   -7.0655 R =    6.0527  mix = 0.50
 17.It. si =    0.0246642  E/A =   -7.0654 R =    6.0525  mix = 0.50
 18.It. si =    0.0179813  E/A =   -7.0654 R =    6.0524  mix = 0.50
 19.It. si =    0.0171419  E/A =   -7.0654 R =    6.0524  mix = 0.50
 20.It. si =    0.1724188  E/A =   -7.0654 R =    6.0521  mix = 0.50
 21.It. si =    0.1418864  E/A =   -7.0654 R =    6.0522  mix = 0.50
 22.It. si =    0.1086469  E/A =   -7.0654 R =    6.0522  mix = 0.50
 23.It. si =    0.0773739  E/A =   -7.0654 R =    6.0522  mix = 0.50
 24.It. si =    0.0515259  E/A =   -7.0654 R =    6.0522  mix = 0.50
 25.It. si =    0.0320312  E/A =   -7.0654 R =    6.0522  mix = 0.50
 26.It. si =    0.0094401  E/A =   -7.0654 R =    6.0522  mix = 0.50
 27.It. si =    0.0304493  E/A =   -7.0654 R =    6.0522  mix = 0.50
 28.It. si =    0.0120973  E/A =   -7.0654 R =    6.0522  mix = 0.50
 29.It. si =    0.0062671  E/A =   -7.0654 R =    6.0522  mix = 0.50
 30.It. si =    0.0079656  E/A =   -7.0654 R =    6.0522  mix = 0.50
 31.It. si =    0.0002118  E/A =   -7.0654 R =    6.0522  mix = 0.50
 32.It. si =    0.0000512  E/A =   -7.0654 R =    6.0522  mix = 0.50
 33.It. si =    0.0000570  E/A =   -7.0654 R =    6.0522  mix = 0.50
 34.It. si =    0.0000086  E/A =   -7.0654 R =    6.0522  mix = 0.50
 35.It. si =    0.0000025  E/A =   -7.0654 R =    6.0522  mix = 0.50
 36.It. si =    0.0000025  E/A =   -7.0654 R =    6.0522  mix = 0.50
 ********************************************************************
 Pb 248: Iteration converged after  36 steps   si =      0.0000006361
 ********************************************************************
  ****** END ITER ***********************************
  ****** BEGIN CANON ********************************
 single-particle energies and gaps  in the canonical basis: Neutron:
 ------------------------------------------------------------------
    j pi     (nr,l,j)  smax       Ecan       vvcan       decan
 j = 1/2+  (   s 1/2)  0.97    -59.7885      0.9997      1.9157
 j = 1/2+  (   s 1/2)  0.95    -41.8585      0.9996      1.6381
 j = 1/2+  (   s 1/2)  0.98    -21.9511      0.9978      1.8662
 j = 1/2+  (   s 1/2)  0.93     -2.1774      0.5135      1.2176
 j = 1/2+  (   s 1/2)  0.84      7.9595      0.0012      0.7150
 j = 1/2+  (   s 1/2)  0.78     19.3831      0.0002      0.6128
 j = 1/2+  (   s 1/2)  0.84     34.6882      0.0000      0.4488
 j = 1/2+  (   s 1/2)  0.92     42.9284      0.0000      0.0701
 j = 1/2+  (   s 1/2)  0.94     49.7266      0.0000      0.2986
 j = 1/2+  (   s 1/2)  0.92     65.5433      0.0000      0.2009
 j = 1/2-  (   p 1/2)  0.99    -52.7466      0.9997      1.7616
 j = 1/2-  (   p 1/2)  0.97    -32.3363      0.9992      1.6755
 j = 1/2-  (   p 1/2)  0.97    -10.2793      0.9890      1.7336
 j = 1/2-  (   p 1/2)  0.92      4.5002      0.0039      0.8382
 j = 1/2-  (   p 1/2)  0.84     14.6173      0.0003      0.6014
 j = 1/2-  (   p 1/2)  0.83     27.7570      0.0001      0.4474
 j = 1/2-  (   p 1/2)  0.90     41.6475      0.0000      0.3123
 j = 1/2-  (   p 1/2)  0.95     46.2293      0.0000      0.0978
 j = 1/2-  (   p 1/2)  0.94     57.9935      0.0000      0.2168
 j = 3/2+  (   d 3/2)  0.99    -44.7101      0.9996      1.6295
 j = 3/2+  (   d 3/2)  0.98    -22.3247      0.9981      1.7876
 j = 3/2+  (   d 3/2)  0.95     -1.7943      0.3710      1.3113
 j = 3/2+  (   d 3/2)  0.87      9.0640      0.0010      0.6951
 j = 3/2+  (   d 3/2)  0.79     20.1400      0.0002      0.5689
 j = 3/2+  (   d 3/2)  0.81     34.2300      0.0000      0.3831
 j = 3/2+  (   d 3/2)  0.90     47.0127      0.0000      0.2476
 j = 3/2+  (   d 3/2)  0.94     47.7941      0.0000      0.0702
 j = 3/2+  (   d 3/2)  0.93     64.1600      0.0000      0.1663
 j = 3/2-  (   p 3/2)  0.99    -53.0411      0.9997      1.7678
 j = 3/2-  (   p 3/2)  0.97    -33.1450      0.9993      1.6805
 j = 3/2-  (   p 3/2)  0.97    -11.1691      0.9910      1.7352
 j = 3/2-  (   p 3/2)  0.93      4.1000      0.0045      0.8443
 j = 3/2-  (   p 3/2)  0.85     14.1792      0.0003      0.5917
 j = 3/2-  (   p 3/2)  0.83     27.3510      0.0001      0.4475
 j = 3/2-  (   p 3/2)  0.90     41.2026      0.0000      0.3119
 j = 3/2-  (   p 3/2)  0.95     45.8005      0.0000      0.0975
 j = 3/2-  (   p 3/2)  0.94     57.5144      0.0000      0.2168
 j = 5/2+  (   d 5/2)  0.99    -45.5358      0.9996      1.6464
 j = 5/2+  (   d 5/2)  0.98    -23.9286      0.9983      1.7960
 j = 5/2+  (   d 5/2)  0.95     -2.6351      0.6742      1.3200
 j = 5/2+  (   d 5/2)  0.87      8.7127      0.0010      0.6897
 j = 5/2+  (   d 5/2)  0.80     19.5157      0.0002      0.5591
 j = 5/2+  (   d 5/2)  0.82     33.6743      0.0000      0.3799
 j = 5/2+  (   d 5/2)  0.90     46.4271      0.0000      0.2457
 j = 5/2+  (   d 5/2)  0.93     47.1598      0.0000      0.0697
 j = 5/2+  (   d 5/2)  0.93     63.5867      0.0000      0.1659
 j = 5/2-  (   f 5/2)  0.98    -36.0956      0.9995      1.5645
 j = 5/2-  (   f 5/2)  0.98    -11.6336      0.9921      1.7116
 j = 5/2-  (   f 5/2)  0.96      5.0666      0.0049      1.0183
 j = 5/2-  (   f 5/2)  0.92     15.9012      0.0003      0.6473
 j = 5/2-  (   f 5/2)  0.91     28.7356      0.0001      0.4687
 j = 5/2-  (   f 5/2)  0.94     40.9158      0.0000      0.3028
 j = 5/2-  (   f 5/2)  0.95     46.6627      0.0000      0.0911
 j = 5/2-  (   f 5/2)  0.95     55.2054      0.0000      0.1957
 j = 7/2+  (   g 7/2)  0.98    -26.5483      0.9990      1.5805
 j = 7/2+  (   g 7/2)  0.98     -2.2697      0.5422      1.4782
 j = 7/2+  (   g 7/2)  0.95     11.1795      0.0008      0.7571
 j = 7/2+  (   g 7/2)  0.93     21.9043      0.0001      0.5810
 j = 7/2+  (   g 7/2)  0.93     36.1215      0.0000      0.3964
 j = 7/2+  (   g 7/2)  0.90     39.5920      0.0000      0.0574
 j = 7/2+  (   g 7/2)  0.96     48.4772      0.0000      0.2567
 j = 7/2+  (   g 7/2)  0.90     64.1108      0.0000      0.1734
 j = 7/2-  (   f 7/2)  0.98    -37.8485      0.9995      1.5935
 j = 7/2-  (   f 7/2)  0.98    -13.8191      0.9947      1.7162
 j = 7/2-  (   f 7/2)  0.96      4.0794      0.0066      1.0199
 j = 7/2-  (   f 7/2)  0.92     15.1255      0.0003      0.6318
 j = 7/2-  (   f 7/2)  0.91     27.9641      0.0001      0.4673
 j = 7/2-  (   f 7/2)  0.94     40.2497      0.0000      0.3017
 j = 7/2-  (   f 7/2)  0.95     46.2705      0.0000      0.0911
 j = 7/2-  (   f 7/2)  0.95     54.5905      0.0000      0.1951
 j = 9/2+  (   g 9/2)  0.98    -29.6523      0.9991      1.6163
 j = 9/2+  (   g 9/2)  0.98     -4.5187      0.9237      1.4876
 j = 9/2+  (   g 9/2)  0.96     10.3202      0.0010      0.7709
 j = 9/2+  (   g 9/2)  0.94     21.0734      0.0001      0.5557
 j = 9/2+  (   g 9/2)  0.94     35.3015      0.0000      0.3901
 j = 9/2+  (   g 9/2)  0.90     38.7011      0.0000      0.0562
 j = 9/2+  (   g 9/2)  0.95     47.8260      0.0000      0.2529
 j = 9/2+  (   g 9/2)  0.89     63.0970      0.0000      0.1707
 j = 9/2-  (   h 9/2)  0.98    -16.0510      0.9970      1.5275
 j = 9/2-  (   h 9/2)  0.97      5.4500      0.0070      1.2802
 j = 9/2-  (   h 9/2)  0.96     17.5167      0.0003      0.6550
 j = 9/2-  (   h 9/2)  0.95     29.9174      0.0001      0.4565
 j = 9/2-  (   h 9/2)  0.91     37.7757      0.0000      0.0760
 j = 9/2-  (   h 9/2)  0.95     42.7738      0.0000      0.3010
 j = 9/2-  (   h 9/2)  0.90     58.6217      0.0000      0.2133
 j =11/2+  (   i11/2)  0.98     -5.5040      0.9581      1.4697
 j =11/2+  (   i11/2)  0.97     12.7077      0.0012      1.0357
 j =11/2+  (   i11/2)  0.97     24.3737      0.0001      0.5893
 j =11/2+  (   i11/2)  0.85     33.9976      0.0000      0.0474
 j =11/2+  (   i11/2)  0.95     36.8591      0.0000      0.3712
 j =11/2+  (   i11/2)  0.93     49.0587      0.0000      0.2342
 j =11/2+  (   i11/2)  0.82     64.5076      0.0000      0.1653
 j =11/2-  (   h11/2)  0.98    -20.5502      0.9982      1.5876
 j =11/2-  (   h11/2)  0.98      3.1648      0.0135      1.2586
 j =11/2-  (   h11/2)  0.96     16.1631      0.0003      0.6432
 j =11/2-  (   h11/2)  0.95     28.3948      0.0001      0.4543
 j =11/2-  (   h11/2)  0.91     37.2407      0.0000      0.0757
 j =11/2-  (   h11/2)  0.95     41.6564      0.0000      0.2984
 j =11/2-  (   h11/2)  0.90     57.7917      0.0000      0.2131
 j =13/2+  (   i13/2)  0.98    -11.2698      0.9933      1.5108
 j =13/2+  (   i13/2)  0.97     10.2959      0.0018      1.0433
 j =13/2+  (   i13/2)  0.96     22.7895      0.0001      0.5696
 j =13/2+  (   i13/2)  0.85     33.4928      0.0000      0.0471
 j =13/2+  (   i13/2)  0.95     35.2344      0.0000      0.3682
 j =13/2+  (   i13/2)  0.93     47.7724      0.0000      0.2319
 j =13/2+  (   i13/2)  0.82     63.3231      0.0000      0.1643
 j =13/2-  (   j13/2)  0.98      4.6715      0.0107      1.4324
 j =13/2-  (   j13/2)  0.97     19.3580      0.0003      0.7830
 j =13/2-  (   j13/2)  0.96     31.7768      0.0001      0.5088
 j =13/2-  (   j13/2)  0.89     36.5571      0.0000      0.0677
 j =13/2-  (   j13/2)  0.94     42.1836      0.0000      0.2916
 j =13/2-  (   j13/2)  0.87     56.9046      0.0000      0.1928
 j =15/2+  (   k15/2)  0.98     13.9101      0.0016      1.3046
 j =15/2+  (   k15/2)  0.97     26.5235      0.0001      0.6478
 j =15/2+  (   k15/2)  0.83     32.9309      0.0000      0.0425
 j =15/2+  (   k15/2)  0.93     39.1658      0.0000      0.4172
 j =15/2+  (   k15/2)  0.88     50.1511      0.0000      0.2462
 j =15/2+  (   k15/2)  0.76     60.8393      0.0000      0.1534
 j =15/2-  (   j15/2)  0.98     -2.1327      0.4958      1.4173
 j =15/2-  (   j15/2)  0.96     17.0701      0.0005      0.8326
 j =15/2-  (   j15/2)  0.95     29.3310      0.0001      0.5014
 j =15/2-  (   j15/2)  0.89     35.6978      0.0000      0.0670
 j =15/2-  (   j15/2)  0.93     40.7638      0.0000      0.2890
 j =15/2-  (   j15/2)  0.87     55.3295      0.0000      0.1916
 j =17/2+  (   k17/2)  0.98      6.7772      0.0053      1.3136
 j =17/2+  (   k17/2)  0.96     23.4861      0.0002      0.6675
 j =17/2+  (   k17/2)  0.82     32.2909      0.0000      0.0421
 j =17/2+  (   k17/2)  0.92     36.3345      0.0000      0.4138
 j =17/2+  (   k17/2)  0.87     48.5295      0.0000      0.2443
 j =17/2+  (   k17/2)  0.75     59.0567      0.0000      0.1521
 j =17/2-  (   l17/2)  0.98     22.2205      0.0006      1.1427
 j =17/2-  (   l17/2)  0.83     32.7016      0.0000      0.0598
 j =17/2-  (   l17/2)  0.95     34.0293      0.0001      0.5553
 j =17/2-  (   l17/2)  0.89     45.8254      0.0000      0.3302
 j =17/2-  (   l17/2)  0.77     56.4694      0.0000      0.2045
 j =19/2+  (   m19/2)  0.96     30.1633      0.0002      0.9856
 j =19/2+  (   m19/2)  0.77     31.6164      0.0000      0.0402
 j =19/2+  (   m19/2)  0.91     41.4006      0.0000      0.4740
 j =19/2+  (   m19/2)  0.82     53.8206      0.0000      0.2752
 j =19/2+  (   m19/2)  0.65     59.0479      0.0000      0.1574
 j =19/2-  (   l19/2)  0.97     15.2249      0.0011      1.1634
 j =19/2-  (   l19/2)  0.93     30.1693      0.0001      0.5596
 j =19/2-  (   l19/2)  0.83     31.8913      0.0000      0.0590
 j =19/2-  (   l19/2)  0.88     42.9609      0.0000      0.3287
 j =19/2-  (   l19/2)  0.76     53.8926      0.0000      0.2016
 j =21/2+  (   m21/2)  0.95     23.3883      0.0004      1.0082
 j =21/2+  (   m21/2)  0.77     31.0178      0.0000      0.0398
 j =21/2+  (   m21/2)  0.88     37.0228      0.0000      0.4734
 j =21/2+  (   m21/2)  0.79     50.3600      0.0000      0.2746
 j =21/2+  (   m21/2)  0.64     55.9935      0.0000      0.1543
 j =21/2-  (   n21/2)  0.81     33.6478      0.0000      0.0600
 j =21/2-  (   n21/2)  0.94     37.7423      0.0001      0.8354
 j =21/2-  (   n21/2)  0.85     48.5254      0.0000      0.3944
 j =21/2-  (   n21/2)  0.72     56.6488      0.0000      0.2158
 j =23/2+  (   o23/2)  0.75     33.9586      0.0000      0.0420
 j =23/2+  (   o23/2)  0.91     45.3471      0.0001      0.7012
 j =23/2+  (   o23/2)  0.76     56.6474      0.0000      0.3383
 j =23/2+  (   o23/2)  0.60     58.4910      0.0000      0.1652
 j =23/2-  (   n23/2)  0.93     31.2825      0.0002      0.8544
 j =23/2-  (   n23/2)  0.80     32.5092      0.0000      0.0589
 j =23/2-  (   n23/2)  0.82     43.9627      0.0000      0.3960
 j =23/2-  (   n23/2)  0.68     52.0199      0.0000      0.2109
 j =25/2+  (   o25/2)  0.75     33.1316      0.0000      0.0415
 j =25/2+  (   o25/2)  0.89     39.1457      0.0001      0.7181
 j =25/2+  (   o25/2)  0.72     51.3795      0.0000      0.3383
 j =25/2+  (   o25/2)  0.61     54.1316      0.0000      0.1608
 j =25/2-  (   P25/2)  0.78     37.0049      0.0000      0.0668
 j =25/2-  (   P25/2)  0.87     53.2091      0.0000      0.5846
 j =25/2-  (   P25/2)  0.66     57.6574      0.0000      0.2584
 j =27/2+  (   q27/2)  0.74     38.3266      0.0000      0.0485
 j =27/2+  (   q27/2)  0.61     60.3001      0.0000      0.1985
 j =27/2+  (   q27/2)  0.82     60.9330      0.0000      0.4851
 j =27/2-  (   P27/2)  0.77     35.9212      0.0000      0.0659
 j =27/2-  (   P27/2)  0.85     47.0359      0.0000      0.5997
 j =27/2-  (   P27/2)  0.63     52.7459      0.0000      0.2529
 j =29/2+  (   q29/2)  0.73     37.6019      0.0000      0.0481
 j =29/2+  (   q29/2)  0.80     54.9194      0.0000      0.4957
 j =29/2+  (   q29/2)  0.62     56.2079      0.0000      0.1946
 j =29/2-  (   r29/2)  0.81     44.2437      0.0000      0.0864
 j =29/2-  (   r29/2)  0.80     62.9523      0.0000      0.3596
 j =31/2+  (   S31/2)  0.78     46.5416      0.0000      0.0635
 j =31/2+  (   S31/2)  0.77     67.6977      0.0000      0.2768
 j =31/2-  (   r31/2)  0.80     43.2797      0.0000      0.0857
 j =31/2-  (   r31/2)  0.79     58.6166      0.0000      0.3627
 j =33/2+  (   S33/2)  0.77     45.8582      0.0000      0.0631
 j =33/2+  (   S33/2)  0.77     64.1551      0.0000      0.2785
 j =33/2-  (   t33/2)  0.98     57.5299      0.0000      0.1349
 j =35/2+  (   u35/2)  0.98     61.0587      0.0000      0.0992
 j =35/2-  (   t35/2)  0.98     56.4486      0.0000      0.1351
 j =37/2+  (   u37/2)  0.98     60.2510      0.0000      0.0993
 single-particle energies and gaps  in the canonical basis: Proton: 
 ------------------------------------------------------------------
    j pi     (nr,l,j)  smax       Ecan       vvcan       decan
 j = 1/2+  (   s 1/2)  0.89    -53.3834      1.0000      0.0000
 j = 1/2+  (   s 1/2)  0.84    -36.7857      1.0000      0.0000
 j = 1/2+  (   s 1/2)  0.92    -15.7617      1.0000      0.0000
 j = 1/2+  (   s 1/2)  0.94      4.0692      0.0000      0.0000
 j = 1/2+  (   s 1/2)  0.52     12.5051      0.0000      0.0000
 j = 1/2+  (   s 1/2)  0.73     19.9713      0.0000      0.0000
 j = 1/2+  (   s 1/2)  0.64     31.4118      0.0000      0.0000
 j = 1/2+  (   s 1/2)  0.56     45.3877      0.0000      0.0000
 j = 1/2+  (   s 1/2)  0.61     63.0558      0.0000      0.0000
 j = 1/2+  (   s 1/2)  0.63     94.4530      0.0000      0.0000
 j = 1/2-  (   p 1/2)  0.93    -47.6886      1.0000      0.0000
 j = 1/2-  (   p 1/2)  0.90    -26.7303      1.0000      0.0000
 j = 1/2-  (   p 1/2)  0.95     -5.3690      0.0000      0.0000
 j = 1/2-  (   p 1/2)  0.78     10.8123      0.0000      0.0000
 j = 1/2-  (   p 1/2)  0.53     15.8846      0.0000      0.0000
 j = 1/2-  (   p 1/2)  0.73     26.9451      0.0000      0.0000
 j = 1/2-  (   p 1/2)  0.65     40.2728      0.0000      0.0000
 j = 1/2-  (   p 1/2)  0.65     56.9839      0.0000      0.0000
 j = 1/2-  (   p 1/2)  0.63     87.2799      0.0000      0.0000
 j = 3/2+  (   d 3/2)  0.96    -40.4306      1.0000      0.0000
 j = 3/2+  (   d 3/2)  0.95    -17.0114      1.0000      0.0000
 j = 3/2+  (   d 3/2)  0.96      3.6411      0.0000      0.0000
 j = 3/2+  (   d 3/2)  0.51     13.1010      0.0000      0.0000
 j = 3/2+  (   d 3/2)  0.74     20.1741      0.0000      0.0000
 j = 3/2+  (   d 3/2)  0.67     31.3853      0.0000      0.0000
 j = 3/2+  (   d 3/2)  0.58     45.4161      0.0000      0.0000
 j = 3/2+  (   d 3/2)  0.62     62.9996      0.0000      0.0000
 j = 3/2+  (   d 3/2)  0.63     94.0075      0.0000      0.0000
 j = 3/2-  (   p 3/2)  0.92    -48.2297      1.0000      0.0000
 j = 3/2-  (   p 3/2)  0.89    -27.5959      1.0000      0.0000
 j = 3/2-  (   p 3/2)  0.94     -6.1059      0.0000      0.0000
 j = 3/2-  (   p 3/2)  0.80     10.5487      0.0000      0.0000
 j = 3/2-  (   p 3/2)  0.52     15.5861      0.0000      0.0000
 j = 3/2-  (   p 3/2)  0.73     26.6587      0.0000      0.0000
 j = 3/2-  (   p 3/2)  0.66     39.8326      0.0000      0.0000
 j = 3/2-  (   p 3/2)  0.66     56.4230      0.0000      0.0000
 j = 3/2-  (   p 3/2)  0.63     86.4439      0.0000      0.0000
 j = 5/2+  (   d 5/2)  0.95    -41.7142      1.0000      0.0000
 j = 5/2+  (   d 5/2)  0.93    -18.4525      1.0000      0.0000
 j = 5/2+  (   d 5/2)  0.95      2.7469      0.0000      0.0000
 j = 5/2+  (   d 5/2)  0.51     12.9896      0.0000      0.0000
 j = 5/2+  (   d 5/2)  0.74     19.7626      0.0000      0.0000
 j = 5/2+  (   d 5/2)  0.68     31.0075      0.0000      0.0000
 j = 5/2+  (   d 5/2)  0.59     44.8592      0.0000      0.0000
 j = 5/2+  (   d 5/2)  0.62     62.2402      0.0000      0.0000
 j = 5/2+  (   d 5/2)  0.63     93.0570      0.0000      0.0000
 j = 5/2-  (   f 5/2)  0.98    -31.9334      1.0000      0.0000
 j = 5/2-  (   f 5/2)  0.97     -7.5450      0.0000      0.0000
 j = 5/2-  (   f 5/2)  0.89     10.9508      0.0000      0.0000
 j = 5/2-  (   f 5/2)  0.53     16.0793      0.0000      0.0000
 j = 5/2-  (   f 5/2)  0.75     26.8677      0.0000      0.0000
 j = 5/2-  (   f 5/2)  0.69     39.9331      0.0000      0.0000
 j = 5/2-  (   f 5/2)  0.67     56.4068      0.0000      0.0000
 j = 5/2-  (   f 5/2)  0.63     85.7576      0.0000      0.0000
 j = 7/2+  (   g 7/2)  0.98    -22.5919      1.0000      0.0000
 j = 7/2+  (   g 7/2)  0.98      1.4410      0.0000      0.0000
 j = 7/2+  (   g 7/2)  0.57     14.4832      0.0000      0.0000
 j = 7/2+  (   g 7/2)  0.75     20.2234      0.0000      0.0000
 j = 7/2+  (   g 7/2)  0.72     31.0914      0.0000      0.0000
 j = 7/2+  (   g 7/2)  0.63     45.0404      0.0000      0.0000
 j = 7/2+  (   g 7/2)  0.65     62.2406      0.0000      0.0000
 j = 7/2+  (   g 7/2)  0.64     92.2297      0.0000      0.0000
 j = 7/2-  (   f 7/2)  0.97    -34.2563      1.0000      0.0000
 j = 7/2-  (   f 7/2)  0.96     -9.4655      0.0000      0.0000
 j = 7/2-  (   f 7/2)  0.92     10.1374      0.0000      0.0000
 j = 7/2-  (   f 7/2)  0.55     15.6824      0.0000      0.0000
 j = 7/2-  (   f 7/2)  0.75     26.4001      0.0000      0.0000
 j = 7/2-  (   f 7/2)  0.69     39.2744      0.0000      0.0000
 j = 7/2-  (   f 7/2)  0.67     55.4880      0.0000      0.0000
 j = 7/2-  (   f 7/2)  0.63     84.9355      0.0000      0.0000
 j = 9/2+  (   g 9/2)  0.98    -26.1659      1.0000      0.0000
 j = 9/2+  (   g 9/2)  0.97     -0.7566      0.0000      0.0000
 j = 9/2+  (   g 9/2)  0.63     14.2093      0.0000      0.0000
 j = 9/2+  (   g 9/2)  0.71     19.3290      0.0000      0.0000
 j = 9/2+  (   g 9/2)  0.73     30.3600      0.0000      0.0000
 j = 9/2+  (   g 9/2)  0.64     44.1644      0.0000      0.0000
 j = 9/2+  (   g 9/2)  0.65     61.0081      0.0000      0.0000
 j = 9/2+  (   g 9/2)  0.63     91.4063      0.0000      0.0000
 j = 9/2-  (   h 9/2)  0.98    -12.7850      0.0000      0.0000
 j = 9/2-  (   h 9/2)  0.97      9.7229      0.0000      0.0000
 j = 9/2-  (   h 9/2)  0.53     17.3085      0.0000      0.0000
 j = 9/2-  (   h 9/2)  0.77     26.9067      0.0000      0.0000
 j = 9/2-  (   h 9/2)  0.73     39.4756      0.0000      0.0000
 j = 9/2-  (   h 9/2)  0.70     55.5942      0.0000      0.0000
 j = 9/2-  (   h 9/2)  0.64     83.8904      0.0000      0.0000
 j =11/2+  (   i11/2)  0.98     -2.8833      0.0000      0.0000
 j =11/2+  (   i11/2)  0.81     16.2402      0.0000      0.0000
 j =11/2+  (   i11/2)  0.54     20.0166      0.0000      0.0000
 j =11/2+  (   i11/2)  0.78     30.9444      0.0000      0.0000
 j =11/2+  (   i11/2)  0.69     44.4845      0.0000      0.0000
 j =11/2+  (   i11/2)  0.68     61.1318      0.0000      0.0000
 j =11/2+  (   i11/2)  0.64     90.1891      0.0000      0.0000
 j =11/2-  (   h11/2)  0.98    -17.6906      1.0000      0.0000
 j =11/2-  (   h11/2)  0.98      7.4933      0.0000      0.0000
 j =11/2-  (   h11/2)  0.56     16.9654      0.0000      0.0000
 j =11/2-  (   h11/2)  0.76     25.9718      0.0000      0.0000
 j =11/2-  (   h11/2)  0.74     38.3331      0.0000      0.0000
 j =11/2-  (   h11/2)  0.70     53.9750      0.0000      0.0000
 j =11/2-  (   h11/2)  0.63     82.6952      0.0000      0.0000
 j =13/2+  (   i13/2)  0.98     -9.0091      0.0000      0.0000
 j =13/2+  (   i13/2)  0.93     14.6918      0.0000      0.0000
 j =13/2+  (   i13/2)  0.52     19.0377      0.0000      0.0000
 j =13/2+  (   i13/2)  0.78     29.9234      0.0000      0.0000
 j =13/2+  (   i13/2)  0.71     43.1526      0.0000      0.0000
 j =13/2+  (   i13/2)  0.69     59.1574      0.0000      0.0000
 j =13/2+  (   i13/2)  0.63     88.5471      0.0000      0.0000
 j =13/2-  (   j13/2)  0.98      6.7573      0.0000      0.0000
 j =13/2-  (   j13/2)  0.60     20.1497      0.0000      0.0000
 j =13/2-  (   j13/2)  0.76     26.8120      0.0000      0.0000
 j =13/2-  (   j13/2)  0.77     38.9224      0.0000      0.0000
 j =13/2-  (   j13/2)  0.73     54.4789      0.0000      0.0000
 j =13/2-  (   j13/2)  0.66     81.2437      0.0000      0.0000
 j =15/2+  (   k15/2)  0.98     15.7810      0.0000      0.0000
 j =15/2+  (   k15/2)  0.51     22.3336      0.0000      0.0000
 j =15/2+  (   k15/2)  0.82     31.8972      0.0000      0.0000
 j =15/2+  (   k15/2)  0.76     43.8275      0.0000      0.0000
 j =15/2+  (   k15/2)  0.72     59.8875      0.0000      0.0000
 j =15/2+  (   k15/2)  0.64     87.1046      0.0000      0.0000
 j =15/2-  (   j15/2)  0.97     -0.2463      0.0000      0.0000
 j =15/2-  (   j15/2)  0.73     19.4694      0.0000      0.0000
 j =15/2-  (   j15/2)  0.65     24.7753      0.0000      0.0000
 j =15/2-  (   j15/2)  0.76     37.4798      0.0000      0.0000
 j =15/2-  (   j15/2)  0.73     52.2554      0.0000      0.0000
 j =15/2-  (   j15/2)  0.66     79.0337      0.0000      0.0000
 j =17/2+  (   k17/2)  0.97      8.4489      0.0000      0.0000
 j =17/2+  (   k17/2)  0.53     21.9536      0.0000      0.0000
 j =17/2+  (   k17/2)  0.80     29.6416      0.0000      0.0000
 j =17/2+  (   k17/2)  0.78     41.7963      0.0000      0.0000
 j =17/2+  (   k17/2)  0.73     57.1972      0.0000      0.0000
 j =17/2+  (   k17/2)  0.65     84.5391      0.0000      0.0000
 j =17/2-  (   l17/2)  0.89     23.3851      0.0000      0.0000
 j =17/2-  (   l17/2)  0.52     27.1669      0.0000      0.0000
 j =17/2-  (   l17/2)  0.79     39.6993      0.0000      0.0000
 j =17/2-  (   l17/2)  0.75     53.6991      0.0000      0.0000
 j =17/2-  (   l17/2)  0.69     77.9689      0.0000      0.0000
 j =19/2+  (   m19/2)  0.52     27.2461      0.0000      0.0000
 j =19/2+  (   m19/2)  0.86     32.6793      0.0000      0.0000
 j =19/2+  (   m19/2)  0.79     44.1506      0.0000      0.0000
 j =19/2+  (   m19/2)  0.74     59.3456      0.0000      0.0000
 j =19/2+  (   m19/2)  0.66     83.9372      0.0000      0.0000
 j =19/2-  (   l19/2)  0.97     16.9400      0.0000      0.0000
 j =19/2-  (   l19/2)  0.62     25.7774      0.0000      0.0000
 j =19/2-  (   l19/2)  0.74     37.3965      0.0000      0.0000
 j =19/2-  (   l19/2)  0.74     50.1225      0.0000      0.0000
 j =19/2-  (   l19/2)  0.71     74.4218      0.0000      0.0000
 j =21/2+  (   m21/2)  0.95     24.9342      0.0000      0.0000
 j =21/2+  (   m21/2)  0.59     28.1211      0.0000      0.0000
 j =21/2+  (   m21/2)  0.77     41.5811      0.0000      0.0000
 j =21/2+  (   m21/2)  0.76     55.0840      0.0000      0.0000
 j =21/2+  (   m21/2)  0.70     79.2399      0.0000      0.0000
 j =21/2-  (   n21/2)  0.55     32.0101      0.0000      0.0000
 j =21/2-  (   n21/2)  0.83     40.7332      0.0000      0.0000
 j =21/2-  (   n21/2)  0.75     53.2811      0.0000      0.0000
 j =21/2-  (   n21/2)  0.71     75.4922      0.0000      0.0000
 j =23/2+  (   o23/2)  0.57     34.3945      0.0000      0.0000
 j =23/2+  (   o23/2)  0.86     46.2568      0.0000      0.0000
 j =23/2+  (   o23/2)  0.76     58.2118      0.0000      0.0000
 j =23/2+  (   o23/2)  0.69     81.2778      0.0000      0.0000
 j =23/2-  (   n23/2)  0.77     30.9567      0.0000      0.0000
 j =23/2-  (   n23/2)  0.63     35.7732      0.0000      0.0000
 j =23/2-  (   n23/2)  0.67     49.2828      0.0000      0.0000
 j =23/2-  (   n23/2)  0.77     68.5872      0.0000      0.0000
 j =25/2+  (   o25/2)  0.56     34.1066      0.0000      0.0000
 j =25/2+  (   o25/2)  0.83     42.2041      0.0000      0.0000
 j =25/2+  (   o25/2)  0.72     53.7318      0.0000      0.0000
 j =25/2+  (   o25/2)  0.75     73.3430      0.0000      0.0000
 j =25/2-  (   P25/2)  0.65     40.7182      0.0000      0.0000
 j =25/2-  (   P25/2)  0.78     54.5175      0.0000      0.0000
 j =25/2-  (   P25/2)  0.76     72.1899      0.0000      0.0000
 j =27/2+  (   q27/2)  0.67     43.1943      0.0000      0.0000
 j =27/2+  (   q27/2)  0.80     59.5787      0.0000      0.0000
 j =27/2+  (   q27/2)  0.73     77.3506      0.0000      0.0000
 j =27/2-  (   P27/2)  0.65     40.3226      0.0000      0.0000
 j =27/2-  (   P27/2)  0.73     50.6771      0.0000      0.0000
 j =27/2-  (   P27/2)  0.82     64.2567      0.0000      0.0000
 j =29/2+  (   q29/2)  0.63     42.9338      0.0000      0.0000
 j =29/2+  (   q29/2)  0.79     57.0736      0.0000      0.0000
 j =29/2+  (   q29/2)  0.80     69.3343      0.0000      0.0000
 j =29/2-  (   r29/2)  0.78     51.7282      0.0000      0.0000
 j =29/2-  (   r29/2)  0.77     70.5590      0.0000      0.0000
 j =31/2+  (   S31/2)  0.77     54.5365      0.0000      0.0000
 j =31/2+  (   S31/2)  0.76     75.7833      0.0000      0.0000
 j =31/2-  (   r31/2)  0.77     51.4218      0.0000      0.0000
 j =31/2-  (   r31/2)  0.77     65.6474      0.0000      0.0000
 j =33/2+  (   S33/2)  0.76     54.2876      0.0000      0.0000
 j =33/2+  (   S33/2)  0.75     71.8865      0.0000      0.0000
 j =33/2-  (   t33/2)  0.98     66.8107      0.0000      0.0000
 j =35/2+  (   u35/2)  0.98     70.3598      0.0000      0.0000
 j =35/2-  (   t35/2)  0.98     65.7563      0.0000      0.0000
 j =37/2+  (   u37/2)  0.98     69.5797      0.0000      0.0000
  ****** END CANON **********************************
  ****** BEGIN RESU *********************************
   ****** BEGIN EXPECT *******

                            neutron        proton         total
 particle number           166.000000      82.000000     248.000000
 trace scalar density      158.328794      79.088219     237.417013
 lambda                     -2.144512     -14.515952
 spk                        23.128366       0.000023
 rms-Radius                  6.200926       5.739450       6.052236
 charge-Radius                              5.794936
 Particle Energ          -3421.075976   -2375.101234   -5796.177210
 Selfconsistency Test.                                    -0.000003

 Kinetic Energy           2353.478644     857.656711    3211.135355
 E-scsc                                               -36734.598784
 E-scve                                                30718.970091
 E-vesc                                                    0.000000
 E-veve                                                  294.677820
 E-rearrang.                                             861.141785
 Coulomb direct                                          786.723699
 Pairing Energy            -29.136021      -0.000000     -29.136021
 Sum without E-cm                                      -1752.227839
DE-cm <P**2>/2M            -13.424921      -4.952373     -18.377294
NE-cm <P**2>/2M             10.508884       3.160700      13.669584
 E-cm <P**2>/2M             -2.916038      -1.791673      -4.707710
 Total Energy                                          -1756.935549
 E/A                                                      -7.084418

  ****** END EXPECT *********************************


 quasi-particle properties Neutron:
 ------------------------------------------------------------------
     p/h    l j     [nr,l,j]  smax       Eqp       uu       vv
   1  h   1s 1/2   ( 4s  1/2) 0.67     1.151     0.491     0.509
   2  p   2s 1/2   ( 6s  1/2) 0.50     6.180     0.994     0.006
   3  p   3s 1/2   ( 5s  1/2) 0.71    14.215     0.998     0.002
   4  h   4s 1/2   ( 3s  1/2) 0.96    18.365     0.004     0.996
   5  p   5s 1/2   ( 6s  1/2) 0.60    25.821     1.000     0.000
   6  p   6s 1/2   ( 7s  1/2) 0.54    40.273     0.995     0.005
   7  h   7s 1/2   ( 2s  1/2) 0.90    40.863     0.005     0.995
   8  h   8s 1/2   ( 1s  1/2) 0.94    58.113     0.000     1.000
   9  p   9s 1/2   ( 8s  1/2) 0.61    58.789     1.000     0.000
  10  p  10s 1/2   ( 9s  1/2) 0.64    88.766     1.000     0.000
  11  p   1p 1/2   ( 4p  1/2) 0.66     4.505     0.997     0.003
  12  h   2p 1/2   ( 3p  1/2) 0.96     7.711     0.017     0.983
  13  p   3p 1/2   ( 4p  1/2) 0.65    10.674     0.993     0.007
  14  p   4p 1/2   ( 5p  1/2) 0.70    21.335     0.999     0.001
  15  h   5p 1/2   ( 2p  1/2) 0.94    29.878     0.002     0.998
  16  p   6p 1/2   ( 6p  1/2) 0.63    35.278     1.000     0.000
  17  h   7p 1/2   ( 1p  1/2) 0.96    51.575     0.000     1.000
  18  p   8p 1/2   ( 7p  1/2) 0.65    52.819     1.000     0.000
  19  p   9p 1/2   ( 8p  1/2) 0.64    81.869     1.000     0.000
  20  p   1d 3/2   ( 3d  3/2) 0.73     1.290     0.632     0.368
  21  p   2d 3/2   ( 5d  3/2) 0.50     6.714     0.996     0.004
  22  p   3d 3/2   ( 4d  3/2) 0.72    14.641     0.999     0.001
  23  h   4d 3/2   ( 2d  3/2) 0.97    19.252     0.003     0.997
  24  p   5d 3/2   ( 5d  3/2) 0.61    26.038     1.000     0.000
  25  p   6d 3/2   ( 6d  3/2) 0.55    40.592     1.000     0.000
  26  h   7d 3/2   ( 1d  3/2) 0.98    43.621     0.001     0.999
  27  p   8d 3/2   ( 7d  3/2) 0.62    59.032     1.000     0.000
  28  p   9d 3/2   ( 8d  3/2) 0.64    88.989     1.000     0.000
  29  p   1p 3/2   ( 4p  3/2) 0.68     4.342     0.997     0.003
  30  h   2p 3/2   ( 3p  3/2) 0.96     8.464     0.025     0.975
  31  p   3p 3/2   ( 4p  3/2) 0.63    10.363     0.983     0.017
  32  p   4p 3/2   ( 5p  3/2) 0.71    21.018     0.999     0.001
  33  h   5p 3/2   ( 2p  3/2) 0.93    30.691     0.002     0.998
  34  p   6p 3/2   ( 6p  3/2) 0.64    34.811     0.999     0.001
  35  h   7p 3/2   ( 1p  3/2) 0.95    51.970     0.002     0.998
  36  p   8p 3/2   ( 7p  3/2) 0.66    52.244     0.999     0.001
  37  p   9p 3/2   ( 8p  3/2) 0.64    81.116     1.000     0.000
  38  h   1d 5/2   ( 3d  5/2) 0.78     1.357     0.329     0.671
  39  p   2d 5/2   ( 5d  5/2) 0.51     6.514     0.996     0.004
  40  p   3d 5/2   ( 4d  5/2) 0.72    14.246     0.999     0.001
  41  h   4d 5/2   ( 2d  5/2) 0.96    20.653     0.003     0.997
  42  p   5d 5/2   ( 5d  5/2) 0.62    25.632     1.000     0.000
  43  p   6d 5/2   ( 6d  5/2) 0.56    39.967     1.000     0.000
  44  h   7d 5/2   ( 1d  5/2) 0.97    44.651     0.001     0.999
  45  p   8d 5/2   ( 7d  5/2) 0.62    58.224     1.000     0.000
  46  p   9d 5/2   ( 8d  5/2) 0.64    88.085     1.000     0.000
  47  p   1f 5/2   ( 3f  5/2) 0.73     5.315     0.996     0.004
  48  h   2f 5/2   ( 2f  5/2) 0.97     9.113     0.033     0.967
  49  p   3f 5/2   ( 3f  5/2) 0.60    10.887     0.975     0.025
  50  p   4f 5/2   ( 4f  5/2) 0.73    21.253     0.999     0.001
  51  h   5f 5/2   ( 1f  5/2) 0.97    34.459     0.019     0.981
  52  p   6f 5/2   ( 5f  5/2) 0.65    35.094     0.981     0.019
  53  p   7f 5/2   ( 6f  5/2) 0.67    52.456     1.000     0.000
  54  p   8f 5/2   ( 7f  5/2) 0.64    81.061     1.000     0.000
  55  h   1g 7/2   ( 2g  7/2) 0.72     1.452     0.458     0.542
  56  p   2g 7/2   ( 3g  7/2) 0.51     7.859     0.999     0.001
  57  p   3g 7/2   ( 3g  7/2) 0.74    15.022     1.000     0.000
  58  h   4g 7/2   ( 1g  7/2) 0.98    24.467     0.004     0.996
  59  p   5g 7/2   ( 4g  7/2) 0.66    25.855     0.997     0.003
  60  p   6g 7/2   ( 5g  7/2) 0.59    40.224     1.000     0.000
  61  p   7g 7/2   ( 6g  7/2) 0.64    58.400     1.000     0.000
  62  p   8g 7/2   ( 7g  7/2) 0.64    87.623     1.000     0.000
  63  p   1f 7/2   ( 3f  7/2) 0.78     4.873     0.994     0.006
  64  p   2f 7/2   ( 3f  7/2) 0.53    10.160     0.927     0.073
  65  h   3f 7/2   ( 2f  7/2) 0.94    11.167     0.077     0.923
  66  p   4f 7/2   ( 4f  7/2) 0.73    20.707     0.999     0.001
  67  p   5f 7/2   ( 5f  7/2) 0.66    34.343     0.999     0.001
  68  h   6f 7/2   ( 1f  7/2) 0.98    36.445     0.002     0.998
  69  p   7f 7/2   ( 6f  7/2) 0.67    51.438     1.000     0.000
  70  p   8f 7/2   ( 7f  7/2) 0.64    80.204     1.000     0.000
  71  h   1g 9/2   ( 2g  9/2) 0.94     2.719     0.077     0.923
  72  p   2g 9/2   ( 3g  9/2) 0.55     7.579     0.999     0.001
  73  p   3g 9/2   ( 3g  9/2) 0.73    14.248     0.999     0.001
  74  p   4g 9/2   ( 4g  9/2) 0.68    25.042     0.999     0.001
  75  h   5g 9/2   ( 1g  9/2) 0.98    27.632     0.002     0.998
  76  p   6g 9/2   ( 5g  9/2) 0.60    39.237     1.000     0.000
  77  p   7g 9/2   ( 6g  9/2) 0.64    57.064     1.000     0.000
  78  p   8g 9/2   ( 7g  9/2) 0.64    86.726     1.000     0.000
  79  p   1h 9/2   ( 2h  9/2) 0.86     6.619     0.993     0.007
  80  p   2h 9/2   ( 4h  9/2) 0.48    11.464     0.989     0.011
  81  h   3h 9/2   ( 1h  9/2) 0.97    14.021     0.015     0.985
  82  p   4h 9/2   ( 3h  9/2) 0.76    21.432     0.999     0.001
  83  p   5h 9/2   ( 4h  9/2) 0.70    34.805     1.000     0.000
  84  p   6h 9/2   ( 5h  9/2) 0.69    51.863     1.000     0.000
  85  p   7h 9/2   ( 6h  9/2) 0.64    79.428     1.000     0.000
  86  h   1i11/2   ( 1i 11/2) 0.96     3.658     0.043     0.957
  87  p   2i11/2   ( 2i 11/2) 0.59    10.135     0.999     0.001
  88  p   3i11/2   ( 2i 11/2) 0.74    15.688     0.999     0.001
  89  p   4i11/2   ( 3i 11/2) 0.73    25.792     1.000     0.000
  90  p   5i11/2   ( 4i 11/2) 0.64    39.883     1.000     0.000
  91  p   6i11/2   ( 5i 11/2) 0.67    57.647     1.000     0.000
  92  p   7i11/2   ( 6i 11/2) 0.65    85.986     1.000     0.000
  93  p   1h11/2   ( 2h 11/2) 0.93     5.026     0.987     0.013
  94  p   2h11/2   ( 4h 11/2) 0.53    10.678     0.999     0.001
  95  h   3h11/2   ( 1h 11/2) 0.98    18.477     0.008     0.992
  96  p   4h11/2   ( 3h 11/2) 0.76    20.490     0.995     0.005
  97  p   5h11/2   ( 4h 11/2) 0.71    33.549     1.000     0.000
  98  p   6h11/2   ( 5h 11/2) 0.69    50.088     1.000     0.000
  99  p   7h11/2   ( 6h 11/2) 0.64    78.171     1.000     0.000
 100  h   1i13/2   ( 1i 13/2) 0.93     9.197     0.099     0.901
 101  p   2i13/2   ( 2i 13/2) 0.66     9.611     0.910     0.090
 102  p   3i13/2   ( 2i 13/2) 0.65    14.202     0.997     0.003
 103  p   4i13/2   ( 3i 13/2) 0.75    24.520     1.000     0.000
 104  p   5i13/2   ( 4i 13/2) 0.66    38.399     1.000     0.000
 105  p   6i13/2   ( 5i 13/2) 0.67    55.490     1.000     0.000
 106  p   7i13/2   ( 6i 13/2) 0.64    84.310     1.000     0.000
 107  p   1j13/2   ( 1j 13/2) 0.97     6.717     0.989     0.011
 108  p   2j13/2   ( 2j 13/2) 0.54    13.436     1.000     0.000
 109  p   3j13/2   ( 2j 13/2) 0.77    21.899     1.000     0.000
 110  p   4j13/2   ( 3j 13/2) 0.74    34.373     1.000     0.000
 111  p   5j13/2   ( 4j 13/2) 0.72    51.060     1.000     0.000
 112  p   6j13/2   ( 6j 13/2) 0.65    77.591     1.000     0.000
 113  p   1k15/2   ( 1k 15/2) 0.70    13.930     0.999     0.001
 114  p   2k15/2   ( 1k 15/2) 0.68    17.072     0.999     0.001
 115  p   3k15/2   ( 2k 15/2) 0.78    26.418     1.000     0.000
 116  p   4k15/2   ( 3k 15/2) 0.70    39.382     1.000     0.000
 117  p   5k15/2   ( 4k 15/2) 0.70    56.587     1.000     0.000
 118  p   6k15/2   ( 5k 15/2) 0.65    83.791     1.000     0.000
 119  p   1j15/2   ( 1j 15/2) 0.69     1.411     0.504     0.496
 120  p   2j15/2   ( 2j 15/2) 0.61    12.905     1.000     0.000
 121  p   3j15/2   ( 2j 15/2) 0.74    20.191     1.000     0.000
 122  p   4j15/2   ( 3j 15/2) 0.76    32.543     1.000     0.000
 123  p   5j15/2   ( 4j 15/2) 0.72    48.521     1.000     0.000
 124  p   6j15/2   ( 6j 15/2) 0.65    75.333     1.000     0.000
 125  p   1k17/2   ( 1k 17/2) 0.98     8.766     0.995     0.005
 126  p   2k17/2   ( 3k 17/2) 0.51    15.236     1.000     0.000
 127  p   3k17/2   ( 2k 17/2) 0.79    24.358     1.000     0.000
 128  p   4k17/2   ( 3k 17/2) 0.74    37.114     1.000     0.000
 129  p   5k17/2   ( 4k 17/2) 0.71    53.489     1.000     0.000
 130  p   6k17/2   ( 5k 17/2) 0.64    81.141     1.000     0.000
 131  p   1l17/2   ( 3l 17/2) 0.52    18.032     1.000     0.000
 132  p   2l17/2   ( 1l 17/2) 0.83    24.329     1.000     0.000
 133  p   3l17/2   ( 2l 17/2) 0.78    34.851     1.000     0.000
 134  p   4l17/2   ( 3l 17/2) 0.74    50.411     1.000     0.000
 135  p   5l17/2   ( 5l 17/2) 0.67    74.992     1.000     0.000
 136  p   1m19/2   ( 3m 19/2) 0.56    20.418     1.000     0.000
 137  p   2m19/2   ( 1m 19/2) 0.83    29.501     1.000     0.000
 138  p   3m19/2   ( 2m 19/2) 0.72    40.182     1.000     0.000
 139  p   4m19/2   ( 3m 19/2) 0.72    56.273     1.000     0.000
 140  p   5m19/2   ( 5m 19/2) 0.65    81.116     1.000     0.000
 141  p   1l19/2   ( 1l 19/2) 0.90    16.158     0.999     0.001
 142  p   2l19/2   ( 2l 19/2) 0.54    19.720     1.000     0.000
 143  p   3l19/2   ( 2l 19/2) 0.77    31.890     1.000     0.000
 144  p   4l19/2   ( 3l 19/2) 0.75    46.403     1.000     0.000
 145  p   5l19/2   ( 5l 19/2) 0.69    71.276     1.000     0.000
 146  p   1m21/2   ( 3m 21/2) 0.52    20.099     1.000     0.000
 147  p   2m21/2   ( 1m 21/2) 0.84    25.238     1.000     0.000
 148  p   3m21/2   ( 2m 21/2) 0.79    36.180     1.000     0.000
 149  p   4m21/2   ( 3m 21/2) 0.75    51.368     1.000     0.000
 150  p   5m21/2   ( 5m 21/2) 0.68    76.280     1.000     0.000
 151  p   1n21/2   ( 2n 21/2) 0.60    24.970     1.000     0.000
 152  p   2n21/2   ( 1n 21/2) 0.81    36.701     1.000     0.000
 153  p   3n21/2   ( 2n 21/2) 0.74    50.890     1.000     0.000
 154  p   4n21/2   ( 4n 21/2) 0.68    73.189     1.000     0.000
 155  p   1o23/2   ( 2o 23/2) 0.60    27.367     1.000     0.000
 156  p   2o23/2   ( 1o 23/2) 0.80    40.743     1.000     0.000
 157  p   3o23/2   ( 2o 23/2) 0.73    56.046     1.000     0.000
 158  p   4o23/2   ( 4o 23/2) 0.66    79.558     1.000     0.000
 159  p   1n23/2   ( 2n 23/2) 0.55    24.614     1.000     0.000
 160  p   2n23/2   ( 1n 23/2) 0.82    33.160     1.000     0.000
 161  p   3n23/2   ( 2n 23/2) 0.74    45.128     1.000     0.000
 162  p   4n23/2   ( 4n 23/2) 0.74    65.964     1.000     0.000
 163  p   1o25/2   ( 2o 25/2) 0.58    27.189     1.000     0.000
 164  p   2o25/2   ( 1o 25/2) 0.85    38.482     1.000     0.000
 165  p   3o25/2   ( 2o 25/2) 0.77    50.282     1.000     0.000
 166  p   4o25/2   ( 4o 25/2) 0.72    71.006     1.000     0.000
 167  p   1P25/2   ( 2P 25/2) 0.68    33.387     1.000     0.000
 168  p   2P25/2   ( 1P 25/2) 0.77    49.803     1.000     0.000
 169  p   3P25/2   ( 3P 25/2) 0.71    71.610     1.000     0.000
 170  p   1q27/2   ( 2q 27/2) 0.68    35.988     1.000     0.000
 171  p   2q27/2   ( 1q 27/2) 0.77    53.727     1.000     0.000
 172  p   3q27/2   ( 3q 27/2) 0.70    76.834     1.000     0.000
 173  p   1P27/2   ( 2P 27/2) 0.64    33.127     1.000     0.000
 174  p   2P27/2   ( 1P 27/2) 0.77    46.969     1.000     0.000
 175  p   3P27/2   ( 3P 27/2) 0.77    62.439     1.000     0.000
 176  p   1q29/2   ( 2q 29/2) 0.66    35.802     1.000     0.000
 177  p   2q29/2   ( 1q 29/2) 0.78    51.833     1.000     0.000
 178  p   3q29/2   ( 3q 29/2) 0.74    67.993     1.000     0.000
 179  p   1r29/2   ( 1r 29/2) 0.79    44.271     1.000     0.000
 180  p   2r29/2   ( 2r 29/2) 0.78    67.532     1.000     0.000
 181  p   1S31/2   ( 1S 31/2) 0.78    47.156     1.000     0.000
 182  p   2S31/2   ( 2S 31/2) 0.77    71.722     1.000     0.000
 183  p   1r31/2   ( 1r 31/2) 0.78    43.970     1.000     0.000
 184  p   2r31/2   ( 2r 31/2) 0.78    62.463     1.000     0.000
 185  p   1S33/2   ( 1S 33/2) 0.78    46.927     1.000     0.000
 186  p   2S33/2   ( 2S 33/2) 0.77    67.666     1.000     0.000
 187  p   1t33/2   ( 1t 33/2) 0.98    59.885     1.000     0.000
 188  p   1u35/2   ( 1u 35/2) 0.98    63.203     1.000     0.000
 189  p   1t35/2   ( 1t 35/2) 0.98    58.788     1.000     0.000
 190  p   1u37/2   ( 1u 37/2) 0.98    62.396     1.000     0.000


 quasi-particle properties Proton: 
 ------------------------------------------------------------------
     p/h    l j     [nr,l,j]  smax       Eqp       uu       vv
   1  h   1s 1/2   ( 3s  1/2) 0.92     1.246     0.000     1.000
   2  p   2s 1/2   ( 4s  1/2) 0.94    18.585     1.000     0.000
   3  h   3s 1/2   ( 2s  1/2) 0.84    22.270     0.000     1.000
   4  p   4s 1/2   ( 6s  1/2) 0.52    27.021     1.000     0.000
   5  p   5s 1/2   ( 5s  1/2) 0.73    34.487     1.000     0.000
   6  h   6s 1/2   ( 1s  1/2) 0.89    38.867     0.000     1.000
   7  p   7s 1/2   ( 6s  1/2) 0.64    45.928     1.000     0.000
   8  p   8s 1/2   ( 7s  1/2) 0.56    59.904     1.000     0.000
   9  p   9s 1/2   ( 8s  1/2) 0.61    77.572     1.000     0.000
  11  p   1p 1/2   ( 3p  1/2) 0.95     9.147     1.000     0.000
  12  h   2p 1/2   ( 2p  1/2) 0.90    12.214     0.000     1.000
  13  p   3p 1/2   ( 4p  1/2) 0.78    25.328     1.000     0.000
  14  p   4p 1/2   ( 4p  1/2) 0.53    30.401     1.000     0.000
  15  h   5p 1/2   ( 1p  1/2) 0.93    33.173     0.000     1.000
  16  p   6p 1/2   ( 5p  1/2) 0.73    41.461     1.000     0.000
  17  p   7p 1/2   ( 6p  1/2) 0.65    54.789     1.000     0.000
  18  p   8p 1/2   ( 7p  1/2) 0.65    71.500     1.000     0.000
  20  h   1d 3/2   ( 2d  3/2) 0.95     2.495     0.000     1.000
  21  p   2d 3/2   ( 3d  3/2) 0.96    18.157     1.000     0.000
  22  h   3d 3/2   ( 1d  3/2) 0.96    25.915     0.000     1.000
  23  p   4d 3/2   ( 5d  3/2) 0.51    27.617     1.000     0.000
  24  p   5d 3/2   ( 4d  3/2) 0.74    34.690     1.000     0.000
  25  p   6d 3/2   ( 5d  3/2) 0.67    45.901     1.000     0.000
  26  p   7d 3/2   ( 6d  3/2) 0.58    59.932     1.000     0.000
  27  p   8d 3/2   ( 7d  3/2) 0.62    77.516     1.000     0.000
  29  p   1p 3/2   ( 3p  3/2) 0.94     8.410     1.000     0.000
  30  h   2p 3/2   ( 2p  3/2) 0.89    13.080     0.000     1.000
  31  p   3p 3/2   ( 4p  3/2) 0.80    25.065     1.000     0.000
  32  p   4p 3/2   ( 6p  3/2) 0.52    30.102     1.000     0.000
  33  h   5p 3/2   ( 1p  3/2) 0.92    33.714     0.000     1.000
  34  p   6p 3/2   ( 5p  3/2) 0.73    41.175     1.000     0.000
  35  p   7p 3/2   ( 6p  3/2) 0.66    54.349     1.000     0.000
  36  p   8p 3/2   ( 7p  3/2) 0.66    70.939     1.000     0.000
  38  h   1d 5/2   ( 2d  5/2) 0.93     3.937     0.000     1.000
  39  p   2d 5/2   ( 3d  5/2) 0.95    17.263     1.000     0.000
  40  h   3d 5/2   ( 1d  5/2) 0.95    27.198     0.000     1.000
  41  p   4d 5/2   ( 5d  5/2) 0.51    27.506     1.000     0.000
  42  p   5d 5/2   ( 4d  5/2) 0.74    34.279     1.000     0.000
  43  p   6d 5/2   ( 5d  5/2) 0.68    45.523     1.000     0.000
  44  p   7d 5/2   ( 6d  5/2) 0.59    59.375     1.000     0.000
  45  p   8d 5/2   ( 7d  5/2) 0.62    76.756     1.000     0.000
  47  p   1f 5/2   ( 2f  5/2) 0.97     6.971     1.000     0.000
  48  h   2f 5/2   ( 1f  5/2) 0.98    17.417     0.000     1.000
  49  p   3f 5/2   ( 3f  5/2) 0.89    25.467     1.000     0.000
  50  p   4f 5/2   ( 5f  5/2) 0.53    30.595     1.000     0.000
  51  p   5f 5/2   ( 4f  5/2) 0.75    41.384     1.000     0.000
  52  p   6f 5/2   ( 5f  5/2) 0.69    54.449     1.000     0.000
  53  p   7f 5/2   ( 6f  5/2) 0.67    70.923     1.000     0.000
  55  h   1g 7/2   ( 1g  7/2) 0.98     8.076     0.000     1.000
  56  p   2g 7/2   ( 2g  7/2) 0.98    15.957     1.000     0.000
  57  p   3g 7/2   ( 3g  7/2) 0.57    28.999     1.000     0.000
  58  p   4g 7/2   ( 3g  7/2) 0.75    34.739     1.000     0.000
  59  p   5g 7/2   ( 4g  7/2) 0.72    45.607     1.000     0.000
  60  p   6g 7/2   ( 5g  7/2) 0.63    59.556     1.000     0.000
  61  p   7g 7/2   ( 6g  7/2) 0.65    76.757     1.000     0.000
  63  p   1f 7/2   ( 2f  7/2) 0.96     5.050     1.000     0.000
  64  h   2f 7/2   ( 1f  7/2) 0.97    19.740     0.000     1.000
  65  p   3f 7/2   ( 3f  7/2) 0.92    24.653     1.000     0.000
  66  p   4f 7/2   ( 5f  7/2) 0.55    30.198     1.000     0.000
  67  p   5f 7/2   ( 4f  7/2) 0.75    40.916     1.000     0.000
  68  p   6f 7/2   ( 5f  7/2) 0.69    53.790     1.000     0.000
  69  p   7f 7/2   ( 6f  7/2) 0.67    70.004     1.000     0.000
  70  p   8f 7/2   ( 7f  7/2) 0.63    99.451     1.000     0.000
  71  h   1g 9/2   ( 1g  9/2) 0.98    11.650     0.000     1.000
  72  p   2g 9/2   ( 2g  9/2) 0.97    13.759     1.000     0.000
  73  p   3g 9/2   ( 3g  9/2) 0.63    28.725     1.000     0.000
  74  p   4g 9/2   ( 3g  9/2) 0.71    33.845     1.000     0.000
  75  p   5g 9/2   ( 4g  9/2) 0.73    44.876     1.000     0.000
  76  p   6g 9/2   ( 5g  9/2) 0.64    58.680     1.000     0.000
  77  p   7g 9/2   ( 6g  9/2) 0.65    75.524     1.000     0.000
  79  p   1h 9/2   ( 1h  9/2) 0.98     1.731     1.000     0.000
  80  p   2h 9/2   ( 2h  9/2) 0.97    24.239     1.000     0.000
  81  p   3h 9/2   ( 4h  9/2) 0.53    31.824     1.000     0.000
  82  p   4h 9/2   ( 3h  9/2) 0.77    41.423     1.000     0.000
  83  p   5h 9/2   ( 4h  9/2) 0.73    53.992     1.000     0.000
  84  p   6h 9/2   ( 5h  9/2) 0.70    70.110     1.000     0.000
  85  p   7h 9/2   ( 6h  9/2) 0.64    98.406     1.000     0.000
  86  p   1i11/2   ( 1i 11/2) 0.98    11.633     1.000     0.000
  87  p   2i11/2   ( 2i 11/2) 0.81    30.756     1.000     0.000
  88  p   3i11/2   ( 2i 11/2) 0.54    34.533     1.000     0.000
  89  p   4i11/2   ( 3i 11/2) 0.78    45.460     1.000     0.000
  90  p   5i11/2   ( 4i 11/2) 0.69    59.000     1.000     0.000
  91  p   6i11/2   ( 5i 11/2) 0.68    75.648     1.000     0.000
  93  h   1h11/2   ( 1h 11/2) 0.98     3.175     0.000     1.000
  94  p   2h11/2   ( 2h 11/2) 0.98    22.009     1.000     0.000
  95  p   3h11/2   ( 3h 11/2) 0.56    31.481     1.000     0.000
  96  p   4h11/2   ( 3h 11/2) 0.76    40.488     1.000     0.000
  97  p   5h11/2   ( 4h 11/2) 0.74    52.849     1.000     0.000
  98  p   6h11/2   ( 5h 11/2) 0.70    68.491     1.000     0.000
  99  p   7h11/2   ( 7h 11/2) 0.63    97.211     1.000     0.000
 100  p   1i13/2   ( 1i 13/2) 0.98     5.507     1.000     0.000
 101  p   2i13/2   ( 2i 13/2) 0.93    29.208     1.000     0.000
 102  p   3i13/2   ( 4i 13/2) 0.52    33.554     1.000     0.000
 103  p   4i13/2   ( 3i 13/2) 0.78    44.439     1.000     0.000
 104  p   5i13/2   ( 4i 13/2) 0.71    57.669     1.000     0.000
 105  p   6i13/2   ( 5i 13/2) 0.69    73.673     1.000     0.000
 107  p   1j13/2   ( 1j 13/2) 0.98    21.273     1.000     0.000
 108  p   2j13/2   ( 2j 13/2) 0.60    34.666     1.000     0.000
 109  p   3j13/2   ( 2j 13/2) 0.76    41.328     1.000     0.000
 110  p   4j13/2   ( 3j 13/2) 0.77    53.438     1.000     0.000
 111  p   5j13/2   ( 4j 13/2) 0.73    68.995     1.000     0.000
 112  p   6j13/2   ( 6j 13/2) 0.66    95.760     1.000     0.000
 113  p   1k15/2   ( 1k 15/2) 0.98    30.297     1.000     0.000
 114  p   2k15/2   ( 4k 15/2) 0.51    36.850     1.000     0.000
 115  p   3k15/2   ( 2k 15/2) 0.82    46.413     1.000     0.000
 116  p   4k15/2   ( 3k 15/2) 0.76    58.343     1.000     0.000
 117  p   5k15/2   ( 4k 15/2) 0.72    74.403     1.000     0.000
 119  p   1j15/2   ( 1j 15/2) 0.97    14.270     1.000     0.000
 120  p   2j15/2   ( 2j 15/2) 0.73    33.985     1.000     0.000
 121  p   3j15/2   ( 2j 15/2) 0.65    39.291     1.000     0.000
 122  p   4j15/2   ( 3j 15/2) 0.76    51.996     1.000     0.000
 123  p   5j15/2   ( 4j 15/2) 0.73    66.771     1.000     0.000
 124  p   6j15/2   ( 6j 15/2) 0.66    93.550     1.000     0.000
 125  p   1k17/2   ( 1k 17/2) 0.97    22.965     1.000     0.000
 126  p   2k17/2   ( 2k 17/2) 0.53    36.470     1.000     0.000
 127  p   3k17/2   ( 2k 17/2) 0.80    44.158     1.000     0.000
 128  p   4k17/2   ( 3k 17/2) 0.78    56.312     1.000     0.000
 129  p   5k17/2   ( 4k 17/2) 0.73    71.713     1.000     0.000
 130  p   6k17/2   ( 6k 17/2) 0.65    99.055     1.000     0.000
 131  p   1l17/2   ( 1l 17/2) 0.89    37.901     1.000     0.000
 132  p   2l17/2   ( 3l 17/2) 0.52    41.683     1.000     0.000
 133  p   3l17/2   ( 2l 17/2) 0.79    54.215     1.000     0.000
 134  p   4l17/2   ( 3l 17/2) 0.75    68.215     1.000     0.000
 135  p   5l17/2   ( 5l 17/2) 0.69    92.485     1.000     0.000
 136  p   1m19/2   ( 3m 19/2) 0.52    41.762     1.000     0.000
 137  p   2m19/2   ( 1m 19/2) 0.86    47.195     1.000     0.000
 138  p   3m19/2   ( 2m 19/2) 0.79    58.667     1.000     0.000
 139  p   4m19/2   ( 3m 19/2) 0.74    73.862     1.000     0.000
 140  p   5m19/2   ( 5m 19/2) 0.66    98.453     1.000     0.000
 141  p   1l19/2   ( 1l 19/2) 0.97    31.456     1.000     0.000
 142  p   2l19/2   ( 2l 19/2) 0.62    40.293     1.000     0.000
 143  p   3l19/2   ( 2l 19/2) 0.74    51.912     1.000     0.000
 144  p   4l19/2   ( 3l 19/2) 0.74    64.638     1.000     0.000
 145  p   5l19/2   ( 5l 19/2) 0.71    88.938     1.000     0.000
 146  p   1m21/2   ( 1m 21/2) 0.95    39.450     1.000     0.000
 147  p   2m21/2   ( 2m 21/2) 0.59    42.637     1.000     0.000
 148  p   3m21/2   ( 2m 21/2) 0.77    56.097     1.000     0.000
 149  p   4m21/2   ( 3m 21/2) 0.76    69.600     1.000     0.000
 150  p   5m21/2   ( 5m 21/2) 0.70    93.756     1.000     0.000
 151  p   1n21/2   ( 2n 21/2) 0.55    46.526     1.000     0.000
 152  p   2n21/2   ( 1n 21/2) 0.83    55.249     1.000     0.000
 153  p   3n21/2   ( 2n 21/2) 0.75    67.797     1.000     0.000
 154  p   4n21/2   ( 4n 21/2) 0.71    90.008     1.000     0.000
 155  p   1o23/2   ( 3o 23/2) 0.57    48.910     1.000     0.000
 156  p   2o23/2   ( 1o 23/2) 0.86    60.773     1.000     0.000
 157  p   3o23/2   ( 2o 23/2) 0.76    72.728     1.000     0.000
 158  p   4o23/2   ( 4o 23/2) 0.69    95.794     1.000     0.000
 159  p   1n23/2   ( 1n 23/2) 0.77    45.473     1.000     0.000
 160  p   2n23/2   ( 2n 23/2) 0.63    50.289     1.000     0.000
 161  p   3n23/2   ( 2n 23/2) 0.67    63.799     1.000     0.000
 162  p   4n23/2   ( 4n 23/2) 0.77    83.103     1.000     0.000
 163  p   1o25/2   ( 3o 25/2) 0.56    48.623     1.000     0.000
 164  p   2o25/2   ( 1o 25/2) 0.83    56.720     1.000     0.000
 165  p   3o25/2   ( 2o 25/2) 0.72    68.248     1.000     0.000
 166  p   4o25/2   ( 4o 25/2) 0.75    87.859     1.000     0.000
 167  p   1P25/2   ( 2P 25/2) 0.65    55.234     1.000     0.000
 168  p   2P25/2   ( 1P 25/2) 0.78    69.033     1.000     0.000
 169  p   3P25/2   ( 3P 25/2) 0.76    86.706     1.000     0.000
 170  p   1q27/2   ( 2q 27/2) 0.67    57.710     1.000     0.000
 171  p   2q27/2   ( 1q 27/2) 0.80    74.095     1.000     0.000
 172  p   3q27/2   ( 3q 27/2) 0.73    91.867     1.000     0.000
 173  p   1P27/2   ( 1P 27/2) 0.65    54.839     1.000     0.000
 174  p   2P27/2   ( 1P 27/2) 0.73    65.193     1.000     0.000
 175  p   3P27/2   ( 3P 27/2) 0.82    78.773     1.000     0.000
 176  p   1q29/2   ( 2q 29/2) 0.63    57.450     1.000     0.000
 177  p   2q29/2   ( 1q 29/2) 0.79    71.590     1.000     0.000
 178  p   3q29/2   ( 3q 29/2) 0.80    83.850     1.000     0.000
 179  p   1r29/2   ( 1r 29/2) 0.78    66.244     1.000     0.000
 180  p   2r29/2   ( 2r 29/2) 0.77    85.075     1.000     0.000
 181  p   1S31/2   ( 1S 31/2) 0.77    69.052     1.000     0.000
 182  p   2S31/2   ( 2S 31/2) 0.76    90.299     1.000     0.000
 183  p   1r31/2   ( 1r 31/2) 0.77    65.938     1.000     0.000
 184  p   2r31/2   ( 2r 31/2) 0.77    80.163     1.000     0.000
 185  p   1S33/2   ( 1S 33/2) 0.76    68.804     1.000     0.000
 186  p   2S33/2   ( 2S 33/2) 0.75    86.402     1.000     0.000
 187  p   1t33/2   ( 1t 33/2) 0.98    81.327     1.000     0.000
 188  p   1u35/2   ( 1u 35/2) 0.98    84.876     1.000     0.000
 189  p   1t35/2   ( 1t 35/2) 0.98    80.272     1.000     0.000
 190  p   1u37/2   ( 1u 37/2) 0.98    84.096     1.000     0.000
  ****** END RESU ***********************************
