
  ******************************************  
  *           Fortran 77 Code              *  
  *         Spherical H.O. basis            *  
  * Dirac-Hartree-Bogoliubov calculation   *  
  *        with density-dependent          *  
  * meson-exchange or point coupling force *  
  *          and separable pairing         *  
  * -------------------------------------- *  
  *      Niksic, Paar, Vretenar, Ring      *  
  *          18/ 4/2026/01:51:15           *
  *       Pb 188  N = 106  Z =  82
  ******************************************  
  ****** BEGIN READER *******************************
 Number of oscillator shells :    18   20
 Initialization inin,inink   :     1    1
 Nucleus: Pb 188   106  82
 Initial Gap Parameters      :     1.0000    1.0000
 Parameter set               :    DD-ME2    
  ****** END READER *********************************
  ****** BEGIN FORCES *******************************

 NEDF Parameters: DD-ME2    
 AMU   =  939.000
 msig  =  550.124  gsig =    10.5396  Gsig =   -14.2924
 mome  =  783.000  gome =    13.0189  Gome =    10.7647
 mdel  =    0.000  gdel =     0.0000  Gdel =    -0.0000
 mrho  =  763.000  grho =     3.6836  Grho =     0.9076
  
 Density dependence parameters:
           scasca    scavec    vecsca    vecvec
 a    =   1.388148  1.389291  0.000000  0.564700
 b    =   1.094300  0.923975  0.000000  0.000000
 c    =   1.705700  1.462000  0.000000  0.000000
 d    =   0.442067  0.477492  0.000000  0.000000
 dsat =   0.152000
  
 TMR pairing: Tian,Ma,Ring, PRB 676, 44 (2009)
 TMR pairing strength    gl =:  -728.00000 [MeV*fm^3]
 TMR pairing width        a =:     0.64420 [fm]
  ****** END FORCES *********************************
  ****** BEGIN PREP *********************************
  
 hom =                            7.157004
 hb0 =                           20.734000
 b0  =                            2.407082
 with Coulomb force
 With microscopic c.m. correction
  ****** END PREP ***********************************
  ****** BEGIN ITER *********************************
  1.It. si =    0.0000000  E/A =    0.0000 R =    0.0000  mix = 0.50
  2.It. si =   96.0379714  E/A =   -7.6802 R =    5.5703  mix = 0.50
  3.It. si =   41.2776710  E/A =   -7.7020 R =    5.5423  mix = 0.50
  4.It. si =   16.2785983  E/A =   -7.7376 R =    5.5066  mix = 0.50
  5.It. si =   21.6656478  E/A =   -7.7667 R =    5.4711  mix = 0.50
  6.It. si =   18.2484259  E/A =   -7.7763 R =    5.4491  mix = 0.50
  7.It. si =    3.1459273  E/A =   -7.7855 R =    5.3978  mix = 0.50
  8.It. si =    2.1401959  E/A =   -7.7859 R =    5.3961  mix = 0.50
  9.It. si =    0.5159755  E/A =   -7.7859 R =    5.3996  mix = 0.50
 10.It. si =    0.5833649  E/A =   -7.7860 R =    5.3992  mix = 0.50
 11.It. si =    0.6101177  E/A =   -7.7861 R =    5.3998  mix = 0.50
 12.It. si =    0.1176834  E/A =   -7.7861 R =    5.3987  mix = 0.50
 13.It. si =    0.0496639  E/A =   -7.7862 R =    5.3982  mix = 0.50
 14.It. si =    0.0262644  E/A =   -7.7862 R =    5.3979  mix = 0.50
 15.It. si =    0.0301918  E/A =   -7.7862 R =    5.3980  mix = 0.50
 16.It. si =    0.0186918  E/A =   -7.7862 R =    5.3981  mix = 0.50
 17.It. si =    0.0069213  E/A =   -7.7862 R =    5.3981  mix = 0.50
 18.It. si =    0.0009638  E/A =   -7.7862 R =    5.3980  mix = 0.50
 19.It. si =    0.0009448  E/A =   -7.7862 R =    5.3980  mix = 0.50
 20.It. si =    0.0501206  E/A =   -7.7862 R =    5.3980  mix = 0.50
 21.It. si =    0.0001687  E/A =   -7.7862 R =    5.3980  mix = 0.50
 22.It. si =    0.0001253  E/A =   -7.7862 R =    5.3980  mix = 0.50
 23.It. si =    0.0000311  E/A =   -7.7862 R =    5.3980  mix = 0.50
 24.It. si =    0.0000040  E/A =   -7.7862 R =    5.3980  mix = 0.50
 25.It. si =    0.0000015  E/A =   -7.7862 R =    5.3980  mix = 0.50
 ********************************************************************
 Pb 188: Iteration converged after  25 steps   si =      0.0000008875
 ********************************************************************
  ****** END ITER ***********************************
  ****** BEGIN CANON ********************************
 single-particle energies and gaps  in the canonical basis: Neutron:
 ------------------------------------------------------------------
    j pi     (nr,l,j)  smax       Ecan       vvcan       decan
 j = 1/2+  (   s 1/2)  0.99    -62.8684      0.9997      1.9635
 j = 1/2+  (   s 1/2)  0.98    -44.1125      0.9994      1.7351
 j = 1/2+  (   s 1/2)  0.98    -19.2697      0.9929      1.7058
 j = 1/2+  (   s 1/2)  0.96      2.4625      0.0012      0.8104
 j = 1/2+  (   s 1/2)  0.72     10.6551      0.0000      0.0054
 j = 1/2+  (   s 1/2)  0.93     20.7167      0.0001      0.4891
 j = 1/2+  (   s 1/2)  0.55     33.5711      0.0000      0.0195
 j = 1/2+  (   s 1/2)  0.82     39.7379      0.0000      0.2978
 j = 1/2+  (   s 1/2)  0.64     54.8243      0.0000      0.1580
 j = 1/2+  (   s 1/2)  0.74     86.2595      0.0000      0.0861
 j = 1/2-  (   p 1/2)  0.99    -55.5684      0.9996      1.8553
 j = 1/2-  (   p 1/2)  0.98    -32.2730      0.9984      1.8242
 j = 1/2-  (   p 1/2)  0.98     -7.2509      0.0759      1.2704
 j = 1/2-  (   p 1/2)  0.95     12.2293      0.0003      0.6858
 j = 1/2-  (   p 1/2)  0.74     14.4820      0.0000      0.0065
 j = 1/2-  (   p 1/2)  0.90     29.7009      0.0000      0.4447
 j = 1/2-  (   p 1/2)  0.80     46.4713      0.0000      0.0362
 j = 1/2-  (   p 1/2)  0.74     47.4105      0.0000      0.2536
 j = 1/2-  (   p 1/2)  0.59     68.7289      0.0000      0.1478
 j = 3/2+  (   d 3/2)  0.99    -46.5637      0.9995      1.7446
 j = 3/2+  (   d 3/2)  0.98    -20.0050      0.9937      1.7160
 j = 3/2+  (   d 3/2)  0.96      2.4954      0.0016      0.9300
 j = 3/2+  (   d 3/2)  0.70      9.9262      0.0000      0.0058
 j = 3/2+  (   d 3/2)  0.91     21.8123      0.0001      0.5618
 j = 3/2+  (   d 3/2)  0.60     32.2848      0.0000      0.0190
 j = 3/2+  (   d 3/2)  0.76     41.8940      0.0000      0.3591
 j = 3/2+  (   d 3/2)  0.62     62.7559      0.0000      0.2064
 j = 3/2+  (   d 3/2)  0.79     79.3507      0.0000      0.0964
 j = 3/2-  (   p 3/2)  0.99    -55.9918      0.9996      1.8690
 j = 3/2-  (   p 3/2)  0.98    -33.2548      0.9985      1.8415
 j = 3/2-  (   p 3/2)  0.98     -8.0299      0.1459      1.2512
 j = 3/2-  (   p 3/2)  0.95     11.5814      0.0003      0.6867
 j = 3/2-  (   p 3/2)  0.74     14.6454      0.0000      0.0067
 j = 3/2-  (   p 3/2)  0.90     28.8089      0.0000      0.4409
 j = 3/2-  (   p 3/2)  0.75     46.4220      0.0000      0.2533
 j = 3/2-  (   p 3/2)  0.80     46.4489      0.0000      0.0365
 j = 3/2-  (   p 3/2)  0.59     67.7010      0.0000      0.1482
 j = 5/2+  (   d 5/2)  0.99    -47.8844      0.9995      1.7717
 j = 5/2+  (   d 5/2)  0.98    -21.7965      0.9953      1.7287
 j = 5/2+  (   d 5/2)  0.96      1.5304      0.0018      0.9141
 j = 5/2+  (   d 5/2)  0.70      9.9589      0.0000      0.0059
 j = 5/2+  (   d 5/2)  0.91     21.3302      0.0001      0.5548
 j = 5/2+  (   d 5/2)  0.60     32.2451      0.0000      0.0191
 j = 5/2+  (   d 5/2)  0.76     41.0840      0.0000      0.3565
 j = 5/2+  (   d 5/2)  0.62     61.9229      0.0000      0.2060
 j = 5/2+  (   d 5/2)  0.79     78.6035      0.0000      0.0962
 j = 5/2-  (   f 5/2)  0.98    -36.2650      0.9990      1.7073
 j = 5/2-  (   f 5/2)  0.98     -8.5371      0.2697      1.4411
 j = 5/2-  (   f 5/2)  0.94     11.9357      0.0003      0.6887
 j = 5/2-  (   f 5/2)  0.72     14.3691      0.0000      0.0061
 j = 5/2-  (   f 5/2)  0.88     30.0173      0.0000      0.4560
 j = 5/2-  (   f 5/2)  0.78     43.1624      0.0000      0.0333
 j = 5/2-  (   f 5/2)  0.68     50.9971      0.0000      0.2692
 j = 5/2-  (   f 5/2)  0.59     67.0664      0.0000      0.1545
 j = 7/2+  (   g 7/2)  0.98    -24.7493      0.9973      1.6073
 j = 7/2+  (   g 7/2)  0.97      1.6286      0.0029      1.1837
 j = 7/2+  (   g 7/2)  0.69     10.8918      0.0000      0.0054
 j = 7/2+  (   g 7/2)  0.90     21.8113      0.0001      0.5808
 j = 7/2+  (   g 7/2)  0.61     32.6250      0.0000      0.0181
 j = 7/2+  (   g 7/2)  0.76     41.3884      0.0000      0.3487
 j = 7/2+  (   g 7/2)  0.63     63.1108      0.0000      0.1979
 j = 7/2+  (   g 7/2)  0.79     78.2076      0.0000      0.0939
 j = 7/2-  (   f 7/2)  0.98    -39.0412      0.9991      1.7505
 j = 7/2-  (   f 7/2)  0.98    -10.8577      0.8698      1.4314
 j = 7/2-  (   f 7/2)  0.94     10.6835      0.0003      0.6924
 j = 7/2-  (   f 7/2)  0.71     14.2464      0.0000      0.0060
 j = 7/2-  (   f 7/2)  0.88     29.3389      0.0000      0.4416
 j = 7/2-  (   f 7/2)  0.78     42.6507      0.0000      0.0327
 j = 7/2-  (   f 7/2)  0.67     50.7060      0.0000      0.2669
 j = 7/2-  (   f 7/2)  0.59     66.3567      0.0000      0.1531
 j = 9/2+  (   g 9/2)  0.98    -29.1542      0.9982      1.6744
 j = 9/2+  (   g 9/2)  0.97     -1.1359      0.0048      1.1430
 j = 9/2+  (   g 9/2)  0.69     11.0137      0.0000      0.0055
 j = 9/2+  (   g 9/2)  0.90     20.0968      0.0001      0.5814
 j = 9/2+  (   g 9/2)  0.61     32.6465      0.0000      0.0183
 j = 9/2+  (   g 9/2)  0.76     39.5679      0.0000      0.3431
 j = 9/2+  (   g 9/2)  0.63     62.4784      0.0000      0.1974
 j = 9/2+  (   g 9/2)  0.79     77.9079      0.0000      0.0946
 j = 9/2-  (   h 9/2)  0.98    -12.9388      0.9624      1.5025
 j = 9/2-  (   h 9/2)  0.93     11.5712      0.0005      0.9042
 j = 9/2-  (   h 9/2)  0.69     14.7950      0.0000      0.0050
 j = 9/2-  (   h 9/2)  0.82     31.7712      0.0000      0.4964
 j = 9/2-  (   h 9/2)  0.77     42.2281      0.0000      0.0289
 j = 9/2-  (   h 9/2)  0.61     51.2854      0.0000      0.2667
 j = 9/2-  (   h 9/2)  0.60     66.4383      0.0000      0.1402
 j =11/2+  (   i11/2)  0.98     -1.2468      0.0074      1.4026
 j =11/2+  (   i11/2)  0.68     12.7709      0.0000      0.0052
 j =11/2+  (   i11/2)  0.90     20.8887      0.0001      0.6528
 j =11/2+  (   i11/2)  0.62     33.4199      0.0000      0.0180
 j =11/2+  (   i11/2)  0.72     42.3974      0.0000      0.4061
 j =11/2+  (   i11/2)  0.64     64.3660      0.0000      0.2169
 j =11/2+  (   i11/2)  0.79     76.2753      0.0000      0.0889
 j =11/2-  (   h11/2)  0.98    -18.9974      0.9937      1.5599
 j =11/2-  (   h11/2)  0.94      8.4262      0.0006      0.8825
 j =11/2-  (   h11/2)  0.69     14.7575      0.0000      0.0051
 j =11/2-  (   h11/2)  0.82     29.9600      0.0000      0.4897
 j =11/2-  (   h11/2)  0.77     41.9026      0.0000      0.0288
 j =11/2-  (   h11/2)  0.61     49.4129      0.0000      0.2618
 j =11/2-  (   h11/2)  0.60     65.8373      0.0000      0.1392
 j =13/2+  (   i13/2)  0.98     -8.8555      0.3549      1.4160
 j =13/2+  (   i13/2)  0.68     12.8716      0.0000      0.0054
 j =13/2+  (   i13/2)  0.89     17.7076      0.0002      0.6666
 j =13/2+  (   i13/2)  0.62     33.3733      0.0000      0.0184
 j =13/2+  (   i13/2)  0.72     39.4045      0.0000      0.4014
 j =13/2+  (   i13/2)  0.63     62.1577      0.0000      0.2182
 j =13/2+  (   i13/2)  0.80     74.9756      0.0000      0.0889
 j =13/2-  (   j13/2)  0.96      9.9065      0.0010      1.2354
 j =13/2-  (   j13/2)  0.68     17.1343      0.0000      0.0048
 j =13/2-  (   j13/2)  0.85     30.6123      0.0000      0.5142
 j =13/2-  (   j13/2)  0.76     42.4829      0.0000      0.0291
 j =13/2-  (   j13/2)  0.63     54.0109      0.0000      0.3082
 j =13/2-  (   j13/2)  0.58     65.4464      0.0000      0.1529
 j =15/2+  (   k15/2)  0.66     16.0499      0.0000      0.0054
 j =15/2+  (   k15/2)  0.93     20.5504      0.0003      1.0519
 j =15/2+  (   k15/2)  0.61     35.7231      0.0000      0.0195
 j =15/2+  (   k15/2)  0.77     40.8380      0.0000      0.4203
 j =15/2+  (   k15/2)  0.65     66.0792      0.0000      0.2363
 j =15/2+  (   k15/2)  0.79     74.7243      0.0000      0.0962
 j =15/2-  (   j15/2)  0.96      1.2203      0.0035      1.2545
 j =15/2-  (   j15/2)  0.68     17.1646      0.0000      0.0049
 j =15/2-  (   j15/2)  0.84     26.5482      0.0001      0.5204
 j =15/2-  (   j15/2)  0.76     41.9724      0.0000      0.0291
 j =15/2-  (   j15/2)  0.63     50.9203      0.0000      0.3052
 j =15/2-  (   j15/2)  0.58     63.6787      0.0000      0.1534
 j =17/2+  (   k17/2)  0.93     11.1909      0.0007      1.0733
 j =17/2+  (   k17/2)  0.67     16.0448      0.0000      0.0056
 j =17/2+  (   k17/2)  0.62     35.5722      0.0000      0.0199
 j =17/2+  (   k17/2)  0.75     35.8217      0.0000      0.4223
 j =17/2+  (   k17/2)  0.65     62.4944      0.0000      0.2341
 j =17/2+  (   k17/2)  0.79     72.7682      0.0000      0.0958
 j =17/2-  (   l17/2)  0.69     21.1280      0.0000      0.0050
 j =17/2-  (   l17/2)  0.89     30.9406      0.0001      0.8778
 j =17/2-  (   l17/2)  0.77     45.8692      0.0000      0.0328
 j =17/2-  (   l17/2)  0.65     50.5990      0.0000      0.3345
 j =17/2-  (   l17/2)  0.62     67.9605      0.0000      0.1630
 j =19/2+  (   m19/2)  0.67     21.2241      0.0000      0.0056
 j =19/2+  (   m19/2)  0.57     40.2192      0.0000      0.0239
 j =19/2+  (   m19/2)  0.83     41.2217      0.0001      0.7175
 j =19/2+  (   m19/2)  0.63     62.0370      0.0000      0.2754
 j =19/2+  (   m19/2)  0.78     77.6928      0.0000      0.1054
 j =19/2-  (   l19/2)  0.69     21.1256      0.0000      0.0051
 j =19/2-  (   l19/2)  0.88     21.1437      0.0002      0.8965
 j =19/2-  (   l19/2)  0.77     45.1812      0.0000      0.0328
 j =19/2-  (   l19/2)  0.63     45.2441      0.0000      0.3352
 j =19/2-  (   l19/2)  0.61     63.8797      0.0000      0.1614
 j =21/2+  (   m21/2)  0.67     21.1371      0.0000      0.0059
 j =21/2+  (   m21/2)  0.83     31.1638      0.0001      0.7329
 j =21/2+  (   m21/2)  0.58     39.8078      0.0000      0.0247
 j =21/2+  (   m21/2)  0.63     55.6836      0.0000      0.2756
 j =21/2+  (   m21/2)  0.79     73.7128      0.0000      0.1033
 j =21/2-  (   n21/2)  0.72     26.9069      0.0000      0.0056
 j =21/2-  (   n21/2)  0.78     51.2465      0.0000      0.0415
 j =21/2-  (   n21/2)  0.77     51.6851      0.0000      0.5740
 j =21/2-  (   n21/2)  0.61     67.2049      0.0000      0.2110
 j =23/2+  (   o23/2)  0.71     29.2459      0.0000      0.0038
 j =23/2+  (   o23/2)  0.73     51.9837      0.0000      0.0261
 j =23/2+  (   o23/2)  0.69     62.6620      0.0000      0.4609
 j =23/2+  (   o23/2)  0.56     71.1490      0.0000      0.1539
 j =23/2-  (   n23/2)  0.72     26.8972      0.0000      0.0057
 j =23/2-  (   n23/2)  0.76     41.3580      0.0000      0.5874
 j =23/2-  (   n23/2)  0.77     49.8246      0.0000      0.0411
 j =23/2-  (   n23/2)  0.61     60.5570      0.0000      0.2089
 j =25/2+  (   o25/2)  0.71     29.2598      0.0000      0.0038
 j =25/2+  (   o25/2)  0.73     51.0143      0.0000      0.0260
 j =25/2+  (   o25/2)  0.68     51.8464      0.0000      0.4713
 j =25/2+  (   o25/2)  0.55     65.4574      0.0000      0.1519
 j =25/2-  (   P25/2)  0.77     34.9996      0.0000      0.0072
 j =25/2-  (   P25/2)  0.78     58.7742      0.0000      0.0656
 j =25/2-  (   P25/2)  0.64     69.0084      0.0000      0.3449
 j =27/2+  (   q27/2)  0.77     37.7484      0.0000      0.0047
 j =27/2+  (   q27/2)  0.74     61.0289      0.0000      0.0422
 j =27/2+  (   q27/2)  0.61     76.0583      0.0000      0.2537
 j =27/2-  (   P27/2)  0.77     34.9680      0.0000      0.0073
 j =27/2-  (   P27/2)  0.77     56.6626      0.0000      0.0651
 j =27/2-  (   P27/2)  0.63     59.4983      0.0000      0.3503
 j =29/2+  (   q29/2)  0.77     37.7384      0.0000      0.0047
 j =29/2+  (   q29/2)  0.74     59.5665      0.0000      0.0420
 j =29/2+  (   q29/2)  0.61     67.7110      0.0000      0.2569
 j =29/2-  (   r29/2)  0.78     46.3134      0.0000      0.0110
 j =29/2-  (   r29/2)  0.77     71.4544      0.0000      0.1303
 j =31/2+  (   S31/2)  0.78     49.3880      0.0000      0.0069
 j =31/2+  (   S31/2)  0.77     75.9941      0.0000      0.0860
 j =31/2-  (   r31/2)  0.77     46.1578      0.0000      0.0108
 j =31/2-  (   r31/2)  0.77     67.4843      0.0000      0.1310
 j =33/2+  (   S33/2)  0.77     49.2642      0.0000      0.0069
 j =33/2+  (   S33/2)  0.76     73.0443      0.0000      0.0863
 j =33/2-  (   t33/2)  0.98     63.3589      0.0000      0.0243
 j =35/2+  (   u35/2)  0.98     66.9243      0.0000      0.0152
 j =35/2-  (   t35/2)  0.98     62.7422      0.0000      0.0244
 j =37/2+  (   u37/2)  0.98     66.5071      0.0000      0.0152
 single-particle energies and gaps  in the canonical basis: Proton: 
 ------------------------------------------------------------------
    j pi     (nr,l,j)  smax       Ecan       vvcan       decan
 j = 1/2+  (   s 1/2)  0.91    -47.1820      1.0000      0.0000
 j = 1/2+  (   s 1/2)  0.87    -27.1142      1.0000      0.0000
 j = 1/2+  (   s 1/2)  0.94     -3.4032      1.0000      0.0000
 j = 1/2+  (   s 1/2)  0.58     12.1533      0.0000      0.0000
 j = 1/2+  (   s 1/2)  0.70     16.8647      0.0000      0.0000
 j = 1/2+  (   s 1/2)  0.63     26.4491      0.0000      0.0000
 j = 1/2+  (   s 1/2)  0.56     40.2562      0.0000      0.0000
 j = 1/2+  (   s 1/2)  0.58     56.3413      0.0000      0.0000
 j = 1/2+  (   s 1/2)  0.54     77.3805      0.0000      0.0000
 j = 1/2+  (   s 1/2)  0.63    112.8840      0.0000      0.0000
 j = 1/2-  (   p 1/2)  0.95    -40.3896      1.0000      0.0000
 j = 1/2-  (   p 1/2)  0.93    -15.8232      1.0000      0.0000
 j = 1/2-  (   p 1/2)  0.94      6.9047      0.0000      0.0000
 j = 1/2-  (   p 1/2)  0.50     14.2477      0.0000      0.0000
 j = 1/2-  (   p 1/2)  0.73     23.0595      0.0000      0.0000
 j = 1/2-  (   p 1/2)  0.58     35.2262      0.0000      0.0000
 j = 1/2-  (   p 1/2)  0.52     50.8849      0.0000      0.0000
 j = 1/2-  (   p 1/2)  0.59     70.9541      0.0000      0.0000
 j = 1/2-  (   p 1/2)  0.63    105.5332      0.0000      0.0000
 j = 3/2+  (   d 3/2)  0.97    -31.6151      1.0000      0.0000
 j = 3/2+  (   d 3/2)  0.97     -4.8823      1.0000      0.0000
 j = 3/2+  (   d 3/2)  0.65     12.7841      0.0000      0.0000
 j = 3/2+  (   d 3/2)  0.68     16.9434      0.0000      0.0000
 j = 3/2+  (   d 3/2)  0.66     26.6861      0.0000      0.0000
 j = 3/2+  (   d 3/2)  0.56     40.2435      0.0000      0.0000
 j = 3/2+  (   d 3/2)  0.58     56.4076      0.0000      0.0000
 j = 3/2+  (   d 3/2)  0.55     77.3843      0.0000      0.0000
 j = 3/2+  (   d 3/2)  0.63    112.6670      0.0000      0.0000
 j = 3/2-  (   p 3/2)  0.94    -41.0631      1.0000      0.0000
 j = 3/2-  (   p 3/2)  0.92    -16.7708      1.0000      0.0000
 j = 3/2-  (   p 3/2)  0.94      6.2750      0.0000      0.0000
 j = 3/2-  (   p 3/2)  0.50     14.1655      0.0000      0.0000
 j = 3/2-  (   p 3/2)  0.74     22.7211      0.0000      0.0000
 j = 3/2-  (   p 3/2)  0.60     34.8594      0.0000      0.0000
 j = 3/2-  (   p 3/2)  0.52     50.2675      0.0000      0.0000
 j = 3/2-  (   p 3/2)  0.59     70.1894      0.0000      0.0000
 j = 3/2-  (   p 3/2)  0.63    104.2097      0.0000      0.0000
 j = 5/2+  (   d 5/2)  0.96    -33.3145      1.0000      0.0000
 j = 5/2+  (   d 5/2)  0.95     -6.5630      1.0000      0.0000
 j = 5/2+  (   d 5/2)  0.70     12.5039      0.0000      0.0000
 j = 5/2+  (   d 5/2)  0.62     16.5332      0.0000      0.0000
 j = 5/2+  (   d 5/2)  0.67     26.3090      0.0000      0.0000
 j = 5/2+  (   d 5/2)  0.54     39.9448      0.0000      0.0000
 j = 5/2+  (   d 5/2)  0.57     55.8156      0.0000      0.0000
 j = 5/2+  (   d 5/2)  0.55     76.5723      0.0000      0.0000
 j = 5/2+  (   d 5/2)  0.63    111.5933      0.0000      0.0000
 j = 5/2-  (   f 5/2)  0.98    -21.4587      1.0000      0.0000
 j = 5/2-  (   f 5/2)  0.98      5.3103      0.0000      0.0000
 j = 5/2-  (   f 5/2)  0.48     15.3841      0.0000      0.0000
 j = 5/2-  (   f 5/2)  0.78     23.0801      0.0000      0.0000
 j = 5/2-  (   f 5/2)  0.66     34.6563      0.0000      0.0000
 j = 5/2-  (   f 5/2)  0.57     50.2428      0.0000      0.0000
 j = 5/2-  (   f 5/2)  0.62     70.0168      0.0000      0.0000
 j = 5/2-  (   f 5/2)  0.64    103.4249      0.0000      0.0000
 j = 7/2+  (   g 7/2)  0.98    -10.4834      1.0000      0.0000
 j = 7/2+  (   g 7/2)  0.88     13.5032      0.0000      0.0000
 j = 7/2+  (   g 7/2)  0.46     17.2585      0.0000      0.0000
 j = 7/2+  (   g 7/2)  0.73     27.1423      0.0000      0.0000
 j = 7/2+  (   g 7/2)  0.53     39.8710      0.0000      0.0000
 j = 7/2+  (   g 7/2)  0.57     55.7225      0.0000      0.0000
 j = 7/2+  (   g 7/2)  0.58     76.3930      0.0000      0.0000
 j = 7/2+  (   g 7/2)  0.64    110.2987      0.0000      0.0000
 j = 7/2-  (   f 7/2)  0.98    -24.5465      1.0000      0.0000
 j = 7/2-  (   f 7/2)  0.97      3.1238      0.0000      0.0000
 j = 7/2-  (   f 7/2)  0.48     15.2274      0.0000      0.0000
 j = 7/2-  (   f 7/2)  0.77     22.3426      0.0000      0.0000
 j = 7/2-  (   f 7/2)  0.67     34.0155      0.0000      0.0000
 j = 7/2-  (   f 7/2)  0.57     49.5471      0.0000      0.0000
 j = 7/2-  (   f 7/2)  0.61     69.0359      0.0000      0.0000
 j = 7/2-  (   f 7/2)  0.63    103.0249      0.0000      0.0000
 j = 9/2+  (   g 9/2)  0.98    -15.1805      1.0000      0.0000
 j = 9/2+  (   g 9/2)  0.95     11.6577      0.0000      0.0000
 j = 9/2+  (   g 9/2)  0.47     16.7686      0.0000      0.0000
 j = 9/2+  (   g 9/2)  0.74     26.3051      0.0000      0.0000
 j = 9/2+  (   g 9/2)  0.57     38.8390      0.0000      0.0000
 j = 9/2+  (   g 9/2)  0.54     54.5783      0.0000      0.0000
 j = 9/2+  (   g 9/2)  0.58     74.8600      0.0000      0.0000
 j = 9/2+  (   g 9/2)  0.63    109.9650      0.0000      0.0000
 j = 9/2-  (   h 9/2)  0.98      0.7605      0.0000      0.0000
 j = 9/2-  (   h 9/2)  0.53     17.7381      0.0000      0.0000
 j = 9/2-  (   h 9/2)  0.79     23.1484      0.0000      0.0000
 j = 9/2-  (   h 9/2)  0.73     34.4409      0.0000      0.0000
 j = 9/2-  (   h 9/2)  0.62     49.8531      0.0000      0.0000
 j = 9/2-  (   h 9/2)  0.65     69.0805      0.0000      0.0000
 j = 9/2-  (   h 9/2)  0.64    101.4199      0.0000      0.0000
 j =11/2+  (   i11/2)  0.98     11.6350      0.0000      0.0000
 j =11/2+  (   i11/2)  0.50     19.5595      0.0000      0.0000
 j =11/2+  (   i11/2)  0.81     28.1981      0.0000      0.0000
 j =11/2+  (   i11/2)  0.64     39.1182      0.0000      0.0000
 j =11/2+  (   i11/2)  0.55     55.0231      0.0000      0.0000
 j =11/2+  (   i11/2)  0.62     75.1738      0.0000      0.0000
 j =11/2+  (   i11/2)  0.64    108.4271      0.0000      0.0000
 j =11/2-  (   h11/2)  0.98     -5.5339      1.0000      0.0000
 j =11/2-  (   h11/2)  0.67     17.2785      0.0000      0.0000
 j =11/2-  (   h11/2)  0.70     21.4500      0.0000      0.0000
 j =11/2-  (   h11/2)  0.75     33.2743      0.0000      0.0000
 j =11/2-  (   h11/2)  0.64     48.3588      0.0000      0.0000
 j =11/2-  (   h11/2)  0.65     66.8291      0.0000      0.0000
 j =11/2-  (   h11/2)  0.63    100.1545      0.0000      0.0000
 j =13/2+  (   i13/2)  0.98      4.1542      0.0000      0.0000
 j =13/2+  (   i13/2)  0.49     19.3873      0.0000      0.0000
 j =13/2+  (   i13/2)  0.83     26.6069      0.0000      0.0000
 j =13/2+  (   i13/2)  0.70     37.4209      0.0000      0.0000
 j =13/2+  (   i13/2)  0.59     53.2849      0.0000      0.0000
 j =13/2+  (   i13/2)  0.63     72.5001      0.0000      0.0000
 j =13/2+  (   i13/2)  0.64    106.2720      0.0000      0.0000
 j =13/2-  (   j13/2)  0.85     20.8140      0.0000      0.0000
 j =13/2-  (   j13/2)  0.50     23.6193      0.0000      0.0000
 j =13/2-  (   j13/2)  0.80     35.2077      0.0000      0.0000
 j =13/2-  (   j13/2)  0.69     48.9922      0.0000      0.0000
 j =13/2-  (   j13/2)  0.69     67.5484      0.0000      0.0000
 j =13/2-  (   j13/2)  0.64     98.8145      0.0000      0.0000
 j =15/2+  (   k15/2)  0.52     24.0198      0.0000      0.0000
 j =15/2+  (   k15/2)  0.90     30.2848      0.0000      0.0000
 j =15/2+  (   k15/2)  0.73     39.7166      0.0000      0.0000
 j =15/2+  (   k15/2)  0.62     54.5939      0.0000      0.0000
 j =15/2+  (   k15/2)  0.66     73.4284      0.0000      0.0000
 j =15/2+  (   k15/2)  0.65    105.1113      0.0000      0.0000
 j =15/2-  (   j15/2)  0.98     13.6409      0.0000      0.0000
 j =15/2-  (   j15/2)  0.52     22.6114      0.0000      0.0000
 j =15/2-  (   j15/2)  0.81     33.1974      0.0000      0.0000
 j =15/2-  (   j15/2)  0.74     46.6441      0.0000      0.0000
 j =15/2-  (   j15/2)  0.70     64.4596      0.0000      0.0000
 j =15/2-  (   j15/2)  0.64     95.8546      0.0000      0.0000
 j =17/2+  (   k17/2)  0.91     22.3284      0.0000      0.0000
 j =17/2+  (   k17/2)  0.48     24.7821      0.0000      0.0000
 j =17/2+  (   k17/2)  0.80     36.9372      0.0000      0.0000
 j =17/2+  (   k17/2)  0.70     51.6313      0.0000      0.0000
 j =17/2+  (   k17/2)  0.69     69.4661      0.0000      0.0000
 j =17/2+  (   k17/2)  0.64    101.6870      0.0000      0.0000
 j =17/2-  (   l17/2)  0.56     28.1000      0.0000      0.0000
 j =17/2-  (   l17/2)  0.87     37.9090      0.0000      0.0000
 j =17/2-  (   l17/2)  0.75     49.0985      0.0000      0.0000
 j =17/2-  (   l17/2)  0.71     66.9250      0.0000      0.0000
 j =17/2-  (   l17/2)  0.65     95.0951      0.0000      0.0000
 j =19/2+  (   m19/2)  0.57     30.1422      0.0000      0.0000
 j =19/2+  (   m19/2)  0.81     42.6975      0.0000      0.0000
 j =19/2+  (   m19/2)  0.67     54.4644      0.0000      0.0000
 j =19/2+  (   m19/2)  0.69     72.7333      0.0000      0.0000
 j =19/2+  (   m19/2)  0.65    101.6816      0.0000      0.0000
 j =19/2-  (   l19/2)  0.52     27.7963      0.0000      0.0000
 j =19/2-  (   l19/2)  0.85     32.1051      0.0000      0.0000
 j =19/2-  (   l19/2)  0.79     45.4003      0.0000      0.0000
 j =19/2-  (   l19/2)  0.75     61.7312      0.0000      0.0000
 j =19/2-  (   l19/2)  0.67     89.9987      0.0000      0.0000
 j =21/2+  (   m21/2)  0.57     30.0620      0.0000      0.0000
 j =21/2+  (   m21/2)  0.92     39.1974      0.0000      0.0000
 j =21/2+  (   m21/2)  0.81     49.7009      0.0000      0.0000
 j =21/2+  (   m21/2)  0.75     66.8058      0.0000      0.0000
 j =21/2+  (   m21/2)  0.66     94.8132      0.0000      0.0000
 j =21/2-  (   n21/2)  0.59     35.4505      0.0000      0.0000
 j =21/2-  (   n21/2)  0.83     50.7452      0.0000      0.0000
 j =21/2-  (   n21/2)  0.74     65.6812      0.0000      0.0000
 j =21/2-  (   n21/2)  0.66     92.4976      0.0000      0.0000
 j =23/2+  (   o23/2)  0.60     37.7039      0.0000      0.0000
 j =23/2+  (   o23/2)  0.80     54.6794      0.0000      0.0000
 j =23/2+  (   o23/2)  0.72     70.9766      0.0000      0.0000
 j =23/2+  (   o23/2)  0.65     98.3995      0.0000      0.0000
 j =23/2-  (   n23/2)  0.58     35.2863      0.0000      0.0000
 j =23/2-  (   n23/2)  0.88     47.9272      0.0000      0.0000
 j =23/2-  (   n23/2)  0.77     59.5492      0.0000      0.0000
 j =23/2-  (   n23/2)  0.72     82.9111      0.0000      0.0000
 j =25/2+  (   o25/2)  0.59     37.6016      0.0000      0.0000
 j =25/2+  (   o25/2)  0.86     53.1859      0.0000      0.0000
 j =25/2+  (   o25/2)  0.78     65.3012      0.0000      0.0000
 j =25/2+  (   o25/2)  0.71     87.7808      0.0000      0.0000
 j =25/2-  (   P25/2)  0.68     44.7904      0.0000      0.0000
 j =25/2-  (   P25/2)  0.79     64.7785      0.0000      0.0000
 j =25/2-  (   P25/2)  0.70     87.9653      0.0000      0.0000
 j =27/2+  (   q27/2)  0.69     47.2901      0.0000      0.0000
 j =27/2+  (   q27/2)  0.79     68.8350      0.0000      0.0000
 j =27/2+  (   q27/2)  0.69     93.0567      0.0000      0.0000
 j =27/2-  (   P27/2)  0.66     44.5981      0.0000      0.0000
 j =27/2-  (   P27/2)  0.80     62.9395      0.0000      0.0000
 j =27/2-  (   P27/2)  0.75     78.1789      0.0000      0.0000
 j =29/2+  (   q29/2)  0.67     47.1303      0.0000      0.0000
 j =29/2+  (   q29/2)  0.80     67.8076      0.0000      0.0000
 j =29/2+  (   q29/2)  0.71     84.2901      0.0000      0.0000
 j =29/2-  (   r29/2)  0.77     57.0570      0.0000      0.0000
 j =29/2-  (   r29/2)  0.76     83.5620      0.0000      0.0000
 j =31/2+  (   S31/2)  0.76     59.8677      0.0000      0.0000
 j =31/2+  (   S31/2)  0.76     88.0803      0.0000      0.0000
 j =31/2-  (   r31/2)  0.76     56.8588      0.0000      0.0000
 j =31/2-  (   r31/2)  0.75     79.6079      0.0000      0.0000
 j =33/2+  (   S33/2)  0.76     59.7038      0.0000      0.0000
 j =33/2+  (   S33/2)  0.75     85.1375      0.0000      0.0000
 j =33/2-  (   t33/2)  0.98     74.7486      0.0000      0.0000
 j =35/2+  (   u35/2)  0.98     78.0906      0.0000      0.0000
 j =35/2-  (   t35/2)  0.98     74.1050      0.0000      0.0000
 j =37/2+  (   u37/2)  0.98     77.6440      0.0000      0.0000
  ****** END CANON **********************************
  ****** BEGIN RESU *********************************
   ****** BEGIN EXPECT *******

                            neutron        proton         total
 particle number           106.000000      82.000000     188.000000
 trace scalar density      101.047561      78.694876     179.742437
 lambda                     -9.285009      -1.654906
 spk                        14.173843       0.000012
 rms-Radius                  5.426792       5.360662       5.398048
 charge-Radius                              5.420028
 Particle Energ          -2974.210462   -1511.617796   -4485.828259
 Selfconsistency Test.                                     0.000001

 Kinetic Energy           1420.584858     966.820084    2387.404942
 E-scsc                                               -29102.025696
 E-scve                                                24391.979881
 E-vesc                                                    0.000000
 E-veve                                                   34.242890
 E-rearrang.                                             792.047644
 Coulomb direct                                          843.162503
 Pairing Energy            -18.567808      -0.000000     -18.567808
 Sum without E-cm                                      -1463.803288
DE-cm <P**2>/2M            -11.088315      -7.445936     -18.534250
NE-cm <P**2>/2M              7.999613       4.847011      12.846624
 E-cm <P**2>/2M             -3.088702      -2.598925      -5.687627
 Total Energy                                          -1469.490915
 E/A                                                      -7.816441

  ****** END EXPECT *********************************


 quasi-particle properties Neutron:
 ------------------------------------------------------------------
     p/h    l j     [nr,l,j]  smax       Eqp       uu       vv
   1  p   1s 1/2   ( 4s  1/2) 0.83     9.213     0.944     0.056
   2  h   2s 1/2   ( 3s  1/2) 0.94     9.416     0.063     0.937
   3  p   3s 1/2   ( 6s  1/2) 0.45    14.509     0.999     0.001
   4  p   4s 1/2   ( 5s  1/2) 0.71    23.678     0.999     0.001
   5  h   5s 1/2   ( 2s  1/2) 0.92    34.439     0.003     0.997
   6  p   6s 1/2   ( 6s  1/2) 0.56    36.629     0.998     0.002
   7  p   7s 1/2   ( 6s  1/2) 0.54    52.329     1.000     0.000
   8  h   8s 1/2   ( 1s  1/2) 0.94    54.761     0.001     0.999
   9  p   9s 1/2   ( 8s  1/2) 0.60    72.458     1.000     0.000
  11  p   1p 1/2   ( 3p  1/2) 0.94     2.317     0.924     0.076
  12  p   2p 1/2   ( 4p  1/2) 0.56    12.716     0.999     0.001
  13  p   3p 1/2   ( 4p  1/2) 0.71    20.080     0.997     0.003
  14  h   4p 1/2   ( 2p  1/2) 0.96    22.245     0.005     0.995
  15  p   5p 1/2   ( 5p  1/2) 0.68    31.696     1.000     0.000
  16  p   6p 1/2   ( 6p  1/2) 0.56    46.938     0.859     0.141
  17  h   7p 1/2   ( 1p  1/2) 0.90    47.185     0.142     0.858
  18  p   8p 1/2   ( 7p  1/2) 0.64    66.138     1.000     0.000
  19  p   9p 1/2   ( 8p  1/2) 0.64    98.019     1.000     0.000
  20  p   1d 3/2   ( 3d  3/2) 0.88     9.646     0.973     0.027
  21  h   2d 3/2   ( 2d  3/2) 0.96    10.443     0.034     0.966
  22  p   3d 3/2   ( 5d  3/2) 0.46    14.969     0.998     0.002
  23  p   4d 3/2   ( 4d  3/2) 0.72    24.106     0.999     0.001
  24  p   5d 3/2   ( 5d  3/2) 0.58    36.774     0.991     0.009
  25  h   6d 3/2   ( 1d  3/2) 0.98    37.751     0.010     0.990
  26  p   7d 3/2   ( 5d  3/2) 0.55    52.561     1.000     0.000
  27  p   8d 3/2   ( 7d  3/2) 0.61    72.668     1.000     0.000
  29  p   1p 3/2   ( 3p  3/2) 0.90     1.728     0.854     0.146
  30  p   2p 3/2   ( 4p  3/2) 0.58    12.605     0.999     0.001
  31  p   3p 3/2   ( 4p  3/2) 0.71    19.724     0.999     0.001
  32  h   4p 3/2   ( 2p  3/2) 0.95    23.133     0.003     0.997
  33  p   5p 3/2   ( 5p  3/2) 0.69    31.330     1.000     0.000
  34  p   6p 3/2   ( 6p  3/2) 0.62    46.374     0.995     0.005
  35  h   7p 3/2   ( 1p  3/2) 0.96    47.669     0.006     0.994
  36  p   8p 3/2   ( 7p  3/2) 0.65    65.405     1.000     0.000
  37  p   9p 3/2   ( 8p  3/2) 0.64    96.786     1.000     0.000
  38  p   1d 5/2   ( 3d  5/2) 0.91     9.115     0.997     0.003
  39  h   2d 5/2   ( 2d  5/2) 0.96    12.056     0.010     0.990
  40  p   3d 5/2   ( 5d  5/2) 0.48    14.750     0.996     0.004
  41  p   4d 5/2   ( 4d  5/2) 0.72    23.757     0.999     0.001
  42  p   5d 5/2   ( 5d  5/2) 0.58    36.475     0.999     0.001
  43  h   6d 5/2   ( 1d  5/2) 0.97    39.210     0.002     0.998
  44  p   7d 5/2   ( 5d  5/2) 0.53    51.998     1.000     0.000
  45  p   8d 5/2   ( 7d  5/2) 0.61    71.856     1.000     0.000
  47  p   1f 5/2   ( 2f  5/2) 0.84     1.601     0.730     0.270
  48  p   2f 5/2   ( 3f  5/2) 0.63    13.788     1.000     0.000
  49  p   3f 5/2   ( 3f  5/2) 0.71    20.207     1.000     0.000
  50  h   4f 5/2   ( 1f  5/2) 0.98    27.038     0.002     0.998
  51  p   5f 5/2   ( 4f  5/2) 0.72    31.483     0.999     0.001
  52  p   6f 5/2   ( 5f  5/2) 0.64    46.582     1.000     0.000
  53  p   7f 5/2   ( 6f  5/2) 0.66    65.559     1.000     0.000
  54  p   8f 5/2   ( 7f  5/2) 0.64    96.505     1.000     0.000
  55  p   1g 7/2   ( 2g  7/2) 0.95     9.898     0.995     0.005
  56  h   2g 7/2   ( 1g  7/2) 0.95    15.518     0.069     0.931
  57  p   3g 7/2   ( 4g  7/2) 0.46    16.161     0.937     0.063
  58  p   4g 7/2   ( 3g  7/2) 0.75    24.751     0.999     0.001
  59  p   5g 7/2   ( 4g  7/2) 0.63    36.698     1.000     0.000
  60  p   6g 7/2   ( 5g  7/2) 0.56    52.184     1.000     0.000
  61  p   7g 7/2   ( 6g  7/2) 0.63    72.066     1.000     0.000
  63  h   1f 7/2   ( 2f  7/2) 0.91     2.088     0.130     0.870
  64  p   2f 7/2   ( 3f  7/2) 0.67    13.522     1.000     0.000
  65  p   3f 7/2   ( 3f  7/2) 0.67    19.537     1.000     0.000
  66  h   4f 7/2   ( 1f  7/2) 0.98    29.828     0.012     0.988
  67  p   5f 7/2   ( 4f  7/2) 0.72    30.930     0.989     0.011
  68  p   6f 7/2   ( 5f  7/2) 0.64    45.977     1.000     0.000
  69  p   7f 7/2   ( 6f  7/2) 0.65    64.612     1.000     0.000
  70  p   8f 7/2   ( 7f  7/2) 0.64    96.042     1.000     0.000
  71  p   1g 9/2   ( 2g  9/2) 0.97     7.702     0.995     0.005
  72  p   2g 9/2   ( 4g  9/2) 0.50    15.779     0.999     0.001
  73  h   3g 9/2   ( 1g  9/2) 0.98    19.945     0.005     0.995
  74  p   4g 9/2   ( 3g  9/2) 0.75    23.917     0.998     0.002
  75  p   5g 9/2   ( 4g  9/2) 0.65    35.733     1.000     0.000
  76  p   6g 9/2   ( 5g  9/2) 0.58    51.179     1.000     0.000
  77  p   7g 9/2   ( 6g  9/2) 0.62    70.625     1.000     0.000
  79  h   1h 9/2   ( 1h  9/2) 0.96     3.945     0.038     0.962
  80  p   2h 9/2   ( 2h  9/2) 0.74    15.796     1.000     0.000
  81  p   3h 9/2   ( 2h  9/2) 0.62    20.713     1.000     0.000
  82  p   4h 9/2   ( 3h  9/2) 0.75    31.787     1.000     0.000
  83  p   5h 9/2   ( 4h  9/2) 0.67    46.536     1.000     0.000
  84  p   6h 9/2   ( 5h  9/2) 0.68    65.110     1.000     0.000
  85  p   7h 9/2   ( 6h  9/2) 0.64    95.194     1.000     0.000
  86  p   1i11/2   ( 1i 11/2) 0.97     7.931     0.993     0.007
  87  p   2i11/2   ( 2i 11/2) 0.49    18.629     1.000     0.000
  88  p   3i11/2   ( 2i 11/2) 0.78    25.660     1.000     0.000
  89  p   4i11/2   ( 3i 11/2) 0.70    36.463     1.000     0.000
  90  p   5i11/2   ( 4i 11/2) 0.61    51.923     1.000     0.000
  91  p   6i11/2   ( 5i 11/2) 0.65    71.382     1.000     0.000
  93  h   1h11/2   ( 1h 11/2) 0.98     9.828     0.007     0.993
  94  p   2h11/2   ( 2h 11/2) 0.87    14.718     0.999     0.001
  95  p   3h11/2   ( 4h 11/2) 0.49    19.459     1.000     0.000
  96  p   4h11/2   ( 3h 11/2) 0.76    30.640     1.000     0.000
  97  p   5h11/2   ( 4h 11/2) 0.69    45.136     1.000     0.000
  98  p   6h11/2   ( 5h 11/2) 0.68    62.978     1.000     0.000
  99  p   7h11/2   ( 6h 11/2) 0.64    93.933     1.000     0.000
 100  p   1i13/2   ( 1i 13/2) 0.78     1.475     0.645     0.355
 101  p   2i13/2   ( 2i 13/2) 0.57    18.319     1.000     0.000
 102  p   3i13/2   ( 2i 13/2) 0.76    24.059     1.000     0.000
 103  p   4i13/2   ( 3i 13/2) 0.74    34.896     1.000     0.000
 104  p   5i13/2   ( 4i 13/2) 0.64    50.270     1.000     0.000
 105  p   6i13/2   ( 5i 13/2) 0.66    68.804     1.000     0.000
 107  p   1j13/2   ( 1j 13/2) 0.95    17.906     0.999     0.001
 108  p   2j13/2   ( 4j 13/2) 0.50    22.325     1.000     0.000
 109  p   3j13/2   ( 2j 13/2) 0.79    32.563     1.000     0.000
 110  p   4j13/2   ( 3j 13/2) 0.73    45.972     1.000     0.000
 111  p   5j13/2   ( 4j 13/2) 0.71    64.117     1.000     0.000
 112  p   6j13/2   ( 5j 13/2) 0.64    93.487     1.000     0.000
 113  p   1k15/2   ( 3k 15/2) 0.48    23.100     1.000     0.000
 114  p   2k15/2   ( 1k 15/2) 0.84    27.807     1.000     0.000
 115  p   3k15/2   ( 2k 15/2) 0.76    37.481     1.000     0.000
 116  p   4k15/2   ( 3k 15/2) 0.66    51.617     1.000     0.000
 117  p   5k15/2   ( 4k 15/2) 0.68    70.071     1.000     0.000
 119  p   1j15/2   ( 1j 15/2) 0.97    10.346     0.997     0.003
 120  p   2j15/2   ( 2j 15/2) 0.54    21.602     1.000     0.000
 121  p   3j15/2   ( 2j 15/2) 0.78    30.571     1.000     0.000
 122  p   4j15/2   ( 3j 15/2) 0.75    43.854     1.000     0.000
 123  p   5j15/2   ( 4j 15/2) 0.72    61.155     1.000     0.000
 124  p   6j15/2   ( 6j 15/2) 0.64    90.534     1.000     0.000
 125  p   1k17/2   ( 1k 17/2) 0.97    19.462     0.999     0.001
 126  p   2k17/2   ( 3k 17/2) 0.51    23.991     1.000     0.000
 127  p   3k17/2   ( 2k 17/2) 0.79    34.753     1.000     0.000
 128  p   4k17/2   ( 3k 17/2) 0.73    48.868     1.000     0.000
 129  p   5k17/2   ( 4k 17/2) 0.71    66.342     1.000     0.000
 130  p   6k17/2   ( 5k 17/2) 0.64    96.643     1.000     0.000
 131  p   1l17/2   ( 3l 17/2) 0.54    27.083     1.000     0.000
 132  p   2l17/2   ( 1l 17/2) 0.85    35.407     1.000     0.000
 133  p   3l17/2   ( 2l 17/2) 0.75    46.690     1.000     0.000
 134  p   4l17/2   ( 3l 17/2) 0.72    63.827     1.000     0.000
 135  p   5l17/2   ( 5l 17/2) 0.66    90.487     1.000     0.000
 136  p   1m19/2   ( 3m 19/2) 0.56    29.501     1.000     0.000
 137  p   2m19/2   ( 1m 19/2) 0.81    40.398     1.000     0.000
 138  p   3m19/2   ( 2m 19/2) 0.69    52.153     1.000     0.000
 139  p   4m19/2   ( 3m 19/2) 0.70    69.963     1.000     0.000
 140  p   5m19/2   ( 4m 19/2) 0.65    97.278     1.000     0.000
 141  p   1l19/2   ( 1l 19/2) 0.71    26.360     1.000     0.000
 142  p   2l19/2   ( 1l 19/2) 0.68    29.828     1.000     0.000
 143  p   3l19/2   ( 2l 19/2) 0.78    43.021     1.000     0.000
 144  p   4l19/2   ( 3l 19/2) 0.75    58.851     1.000     0.000
 145  p   5l19/2   ( 5l 19/2) 0.69    85.536     1.000     0.000
 146  p   1m21/2   ( 3m 21/2) 0.55    29.382     1.000     0.000
 147  p   2m21/2   ( 1m 21/2) 0.89    36.670     1.000     0.000
 148  p   3m21/2   ( 2m 21/2) 0.80    47.540     1.000     0.000
 149  p   4m21/2   ( 3m 21/2) 0.75    64.100     1.000     0.000
 150  p   5m21/2   ( 5m 21/2) 0.68    90.653     1.000     0.000
 151  p   1n21/2   ( 2n 21/2) 0.60    34.488     1.000     0.000
 152  p   2n21/2   ( 1n 21/2) 0.81    48.165     1.000     0.000
 153  p   3n21/2   ( 2n 21/2) 0.74    63.329     1.000     0.000
 154  p   4n21/2   ( 4n 21/2) 0.67    88.845     1.000     0.000
 155  p   1o23/2   ( 2o 23/2) 0.60    37.037     1.000     0.000
 156  p   2o23/2   ( 1o 23/2) 0.80    52.317     1.000     0.000
 157  p   3o23/2   ( 2o 23/2) 0.72    68.541     1.000     0.000
 158  p   4o23/2   ( 4o 23/2) 0.65    95.177     1.000     0.000
 159  p   1n23/2   ( 2n 23/2) 0.57    34.301     1.000     0.000
 160  p   2n23/2   ( 1n 23/2) 0.85    45.233     1.000     0.000
 161  p   3n23/2   ( 2n 23/2) 0.75    57.274     1.000     0.000
 162  p   4n23/2   ( 4n 23/2) 0.74    79.462     1.000     0.000
 163  p   1o25/2   ( 2o 25/2) 0.59    36.941     1.000     0.000
 164  p   2o25/2   ( 1o 25/2) 0.85    50.693     1.000     0.000
 165  p   3o25/2   ( 2o 25/2) 0.77    62.995     1.000     0.000
 166  p   4o25/2   ( 4o 25/2) 0.72    84.678     1.000     0.000
 167  p   1P25/2   ( 2P 25/2) 0.68    43.677     1.000     0.000
 168  p   2P25/2   ( 1P 25/2) 0.78    62.056     1.000     0.000
 169  p   3P25/2   ( 3P 25/2) 0.71    85.372     1.000     0.000
 170  p   1q27/2   ( 2q 27/2) 0.68    46.453     1.000     0.000
 171  p   2q27/2   ( 1q 27/2) 0.78    66.256     1.000     0.000
 172  p   3q27/2   ( 3q 27/2) 0.70    90.495     1.000     0.000
 173  p   1P27/2   ( 2P 27/2) 0.65    43.502     1.000     0.000
 174  p   2P27/2   ( 1P 27/2) 0.78    60.173     1.000     0.000
 175  p   3P27/2   ( 3P 27/2) 0.76    75.669     1.000     0.000
 176  p   1q29/2   ( 2q 29/2) 0.66    46.318     1.000     0.000
 177  p   2q29/2   ( 1q 29/2) 0.79    65.191     1.000     0.000
 178  p   3q29/2   ( 3q 29/2) 0.73    81.787     1.000     0.000
 179  p   1r29/2   ( 1r 29/2) 0.78    55.598     1.000     0.000
 180  p   2r29/2   ( 2r 29/2) 0.77    80.739     1.000     0.000
 181  p   1S31/2   ( 1S 31/2) 0.78    58.673     1.000     0.000
 182  p   2S31/2   ( 2S 31/2) 0.77    85.279     1.000     0.000
 183  p   1r31/2   ( 1r 31/2) 0.77    55.443     1.000     0.000
 184  p   2r31/2   ( 2r 31/2) 0.77    76.769     1.000     0.000
 185  p   1S33/2   ( 1S 33/2) 0.77    58.549     1.000     0.000
 186  p   2S33/2   ( 2S 33/2) 0.76    82.329     1.000     0.000
 187  p   1t33/2   ( 1t 33/2) 0.98    72.644     1.000     0.000
 188  p   1u35/2   ( 1u 35/2) 0.98    76.209     1.000     0.000
 189  p   1t35/2   ( 1t 35/2) 0.98    72.027     1.000     0.000
 190  p   1u37/2   ( 1u 37/2) 0.98    75.792     1.000     0.000


 quasi-particle properties Proton: 
 ------------------------------------------------------------------
     p/h    l j     [nr,l,j]  smax       Eqp       uu       vv
   1  h   1s 1/2   ( 3s  1/2) 0.94     1.748     0.000     1.000
   2  p   2s 1/2   ( 4s  1/2) 0.58    13.808     1.000     0.000
   3  p   3s 1/2   ( 4s  1/2) 0.70    18.520     1.000     0.000
   4  h   4s 1/2   ( 2s  1/2) 0.87    25.459     0.000     1.000
   5  p   5s 1/2   ( 5s  1/2) 0.63    28.104     1.000     0.000
   6  p   6s 1/2   ( 5s  1/2) 0.56    41.911     1.000     0.000
   7  h   7s 1/2   ( 1s  1/2) 0.91    45.527     0.000     1.000
   8  p   8s 1/2   ( 6s  1/2) 0.58    57.996     1.000     0.000
   9  p   9s 1/2   ( 8s  1/2) 0.54    79.036     1.000     0.000
  11  p   1p 1/2   ( 3p  1/2) 0.94     8.560     1.000     0.000
  12  h   2p 1/2   ( 2p  1/2) 0.93    14.168     0.000     1.000
  13  p   3p 1/2   ( 5p  1/2) 0.50    15.903     1.000     0.000
  14  p   4p 1/2   ( 4p  1/2) 0.73    24.715     1.000     0.000
  15  p   5p 1/2   ( 5p  1/2) 0.58    36.881     1.000     0.000
  16  h   6p 1/2   ( 1p  1/2) 0.95    38.735     0.000     1.000
  17  p   7p 1/2   ( 5p  1/2) 0.52    52.540     1.000     0.000
  18  p   8p 1/2   ( 7p  1/2) 0.59    72.609     1.000     0.000
  20  h   1d 3/2   ( 2d  3/2) 0.97     3.227     0.000     1.000
  21  p   2d 3/2   ( 3d  3/2) 0.65    14.439     1.000     0.000
  22  p   3d 3/2   ( 3d  3/2) 0.68    18.598     1.000     0.000
  23  p   4d 3/2   ( 4d  3/2) 0.66    28.341     1.000     0.000
  24  h   5d 3/2   ( 1d  3/2) 0.97    29.960     0.000     1.000
  25  p   6d 3/2   ( 4d  3/2) 0.56    41.899     1.000     0.000
  26  p   7d 3/2   ( 5d  3/2) 0.58    58.063     1.000     0.000
  27  p   8d 3/2   ( 7d  3/2) 0.55    79.039     1.000     0.000
  29  p   1p 3/2   ( 3p  3/2) 0.94     7.930     1.000     0.000
  30  h   2p 3/2   ( 2p  3/2) 0.92    15.116     0.000     1.000
  31  p   3p 3/2   ( 5p  3/2) 0.50    15.821     1.000     0.000
  32  p   4p 3/2   ( 4p  3/2) 0.74    24.376     1.000     0.000
  33  p   5p 3/2   ( 5p  3/2) 0.60    36.514     1.000     0.000
  34  h   6p 3/2   ( 1p  3/2) 0.94    39.408     0.000     1.000
  35  p   7p 3/2   ( 6p  3/2) 0.52    51.922     1.000     0.000
  36  p   8p 3/2   ( 7p  3/2) 0.59    71.844     1.000     0.000
  38  h   1d 5/2   ( 2d  5/2) 0.95     4.908     0.000     1.000
  39  p   2d 5/2   ( 3d  5/2) 0.70    14.159     1.000     0.000
  40  p   3d 5/2   ( 3d  5/2) 0.62    18.188     1.000     0.000
  41  p   4d 5/2   ( 4d  5/2) 0.67    27.964     1.000     0.000
  42  h   5d 5/2   ( 1d  5/2) 0.96    31.659     0.000     1.000
  43  p   6d 5/2   ( 4d  5/2) 0.54    41.600     1.000     0.000
  44  p   7d 5/2   ( 5d  5/2) 0.57    57.471     1.000     0.000
  45  p   8d 5/2   ( 7d  5/2) 0.55    78.227     1.000     0.000
  47  p   1f 5/2   ( 2f  5/2) 0.98     6.965     1.000     0.000
  48  p   2f 5/2   ( 4f  5/2) 0.48    17.039     1.000     0.000
  49  h   3f 5/2   ( 1f  5/2) 0.98    19.804     0.000     1.000
  50  p   4f 5/2   ( 3f  5/2) 0.78    24.735     1.000     0.000
  51  p   5f 5/2   ( 4f  5/2) 0.66    36.311     1.000     0.000
  52  p   6f 5/2   ( 5f  5/2) 0.57    51.898     1.000     0.000
  53  p   7f 5/2   ( 6f  5/2) 0.62    71.672     1.000     0.000
  55  h   1g 7/2   ( 1g  7/2) 0.98     8.828     0.000     1.000
  56  p   2g 7/2   ( 2g  7/2) 0.88    15.158     1.000     0.000
  57  p   3g 7/2   ( 6g  7/2) 0.46    18.914     1.000     0.000
  58  p   4g 7/2   ( 3g  7/2) 0.73    28.797     1.000     0.000
  59  p   5g 7/2   ( 4g  7/2) 0.53    41.526     1.000     0.000
  60  p   6g 7/2   ( 4g  7/2) 0.57    57.377     1.000     0.000
  61  p   7g 7/2   ( 6g  7/2) 0.58    78.048     1.000     0.000
  63  p   1f 7/2   ( 2f  7/2) 0.97     4.779     1.000     0.000
  64  p   2f 7/2   ( 4f  7/2) 0.48    16.882     1.000     0.000
  65  h   3f 7/2   ( 1f  7/2) 0.98    22.892     0.000     1.000
  66  p   4f 7/2   ( 3f  7/2) 0.77    23.998     1.000     0.000
  67  p   5f 7/2   ( 4f  7/2) 0.67    35.670     1.000     0.000
  68  p   6f 7/2   ( 5f  7/2) 0.57    51.202     1.000     0.000
  69  p   7f 7/2   ( 6f  7/2) 0.61    70.691     1.000     0.000
  71  p   1g 9/2   ( 2g  9/2) 0.95    13.313     1.000     0.000
  72  h   2g 9/2   ( 1g  9/2) 0.98    13.525     0.000     1.000
  73  p   3g 9/2   ( 5g  9/2) 0.47    18.424     1.000     0.000
  74  p   4g 9/2   ( 3g  9/2) 0.74    27.960     1.000     0.000
  75  p   5g 9/2   ( 4g  9/2) 0.57    40.494     1.000     0.000
  76  p   6g 9/2   ( 4g  9/2) 0.54    56.233     1.000     0.000
  77  p   7g 9/2   ( 6g  9/2) 0.58    76.515     1.000     0.000
  79  p   1h 9/2   ( 1h  9/2) 0.98     2.416     1.000     0.000
  80  p   2h 9/2   ( 2h  9/2) 0.53    19.393     1.000     0.000
  81  p   3h 9/2   ( 2h  9/2) 0.79    24.803     1.000     0.000
  82  p   4h 9/2   ( 3h  9/2) 0.73    36.096     1.000     0.000
  83  p   5h 9/2   ( 4h  9/2) 0.62    51.508     1.000     0.000
  84  p   6h 9/2   ( 5h  9/2) 0.65    70.735     1.000     0.000
  86  p   1i11/2   ( 1i 11/2) 0.98    13.290     1.000     0.000
  87  p   2i11/2   ( 4i 11/2) 0.50    21.215     1.000     0.000
  88  p   3i11/2   ( 2i 11/2) 0.81    29.853     1.000     0.000
  89  p   4i11/2   ( 3i 11/2) 0.64    40.773     1.000     0.000
  90  p   5i11/2   ( 4i 11/2) 0.55    56.678     1.000     0.000
  91  p   6i11/2   ( 5i 11/2) 0.62    76.829     1.000     0.000
  93  h   1h11/2   ( 1h 11/2) 0.98     3.879     0.000     1.000
  94  p   2h11/2   ( 2h 11/2) 0.67    18.934     1.000     0.000
  95  p   3h11/2   ( 2h 11/2) 0.70    23.105     1.000     0.000
  96  p   4h11/2   ( 3h 11/2) 0.75    34.929     1.000     0.000
  97  p   5h11/2   ( 4h 11/2) 0.64    50.014     1.000     0.000
  98  p   6h11/2   ( 5h 11/2) 0.65    68.484     1.000     0.000
 100  p   1i13/2   ( 1i 13/2) 0.98     5.809     1.000     0.000
 101  p   2i13/2   ( 4i 13/2) 0.49    21.042     1.000     0.000
 102  p   3i13/2   ( 2i 13/2) 0.83    28.262     1.000     0.000
 103  p   4i13/2   ( 3i 13/2) 0.70    39.076     1.000     0.000
 104  p   5i13/2   ( 4i 13/2) 0.59    54.940     1.000     0.000
 105  p   6i13/2   ( 5i 13/2) 0.63    74.155     1.000     0.000
 107  p   1j13/2   ( 1j 13/2) 0.85    22.469     1.000     0.000
 108  p   2j13/2   ( 1j 13/2) 0.50    25.274     1.000     0.000
 109  p   3j13/2   ( 2j 13/2) 0.80    36.863     1.000     0.000
 110  p   4j13/2   ( 3j 13/2) 0.69    50.647     1.000     0.000
 111  p   5j13/2   ( 4j 13/2) 0.69    69.203     1.000     0.000
 113  p   1k15/2   ( 4k 15/2) 0.52    25.675     1.000     0.000
 114  p   2k15/2   ( 1k 15/2) 0.90    31.940     1.000     0.000
 115  p   3k15/2   ( 2k 15/2) 0.73    41.372     1.000     0.000
 116  p   4k15/2   ( 3k 15/2) 0.62    56.249     1.000     0.000
 117  p   5k15/2   ( 4k 15/2) 0.66    75.083     1.000     0.000
 119  p   1j15/2   ( 1j 15/2) 0.98    15.296     1.000     0.000
 120  p   2j15/2   ( 4j 15/2) 0.52    24.266     1.000     0.000
 121  p   3j15/2   ( 2j 15/2) 0.81    34.852     1.000     0.000
 122  p   4j15/2   ( 3j 15/2) 0.74    48.299     1.000     0.000
 123  p   5j15/2   ( 4j 15/2) 0.70    66.115     1.000     0.000
 124  p   6j15/2   ( 5j 15/2) 0.64    97.510     1.000     0.000
 125  p   1k17/2   ( 1k 17/2) 0.91    23.983     1.000     0.000
 126  p   2k17/2   ( 4k 17/2) 0.48    26.437     1.000     0.000
 127  p   3k17/2   ( 2k 17/2) 0.80    38.592     1.000     0.000
 128  p   4k17/2   ( 3k 17/2) 0.70    53.286     1.000     0.000
 129  p   5k17/2   ( 4k 17/2) 0.69    71.121     1.000     0.000
 131  p   1l17/2   ( 3l 17/2) 0.56    29.755     1.000     0.000
 132  p   2l17/2   ( 1l 17/2) 0.87    39.564     1.000     0.000
 133  p   3l17/2   ( 2l 17/2) 0.75    50.754     1.000     0.000
 134  p   4l17/2   ( 3l 17/2) 0.71    68.580     1.000     0.000
 135  p   5l17/2   ( 4l 17/2) 0.65    96.750     1.000     0.000
 136  p   1m19/2   ( 3m 19/2) 0.57    31.797     1.000     0.000
 137  p   2m19/2   ( 1m 19/2) 0.81    44.353     1.000     0.000
 138  p   3m19/2   ( 2m 19/2) 0.67    56.119     1.000     0.000
 139  p   4m19/2   ( 3m 19/2) 0.69    74.388     1.000     0.000
 141  p   1l19/2   ( 3l 19/2) 0.52    29.451     1.000     0.000
 142  p   2l19/2   ( 1l 19/2) 0.85    33.760     1.000     0.000
 143  p   3l19/2   ( 2l 19/2) 0.79    47.055     1.000     0.000
 144  p   4l19/2   ( 3l 19/2) 0.75    63.386     1.000     0.000
 145  p   5l19/2   ( 5l 19/2) 0.67    91.654     1.000     0.000
 146  p   1m21/2   ( 3m 21/2) 0.57    31.717     1.000     0.000
 147  p   2m21/2   ( 1m 21/2) 0.92    40.852     1.000     0.000
 148  p   3m21/2   ( 2m 21/2) 0.81    51.356     1.000     0.000
 149  p   4m21/2   ( 3m 21/2) 0.75    68.461     1.000     0.000
 150  p   5m21/2   ( 5m 21/2) 0.66    96.468     1.000     0.000
 151  p   1n21/2   ( 3n 21/2) 0.59    37.106     1.000     0.000
 152  p   2n21/2   ( 1n 21/2) 0.83    52.400     1.000     0.000
 153  p   3n21/2   ( 2n 21/2) 0.74    67.336     1.000     0.000
 154  p   4n21/2   ( 4n 21/2) 0.66    94.153     1.000     0.000
 155  p   1o23/2   ( 3o 23/2) 0.60    39.359     1.000     0.000
 156  p   2o23/2   ( 1o 23/2) 0.80    56.334     1.000     0.000
 157  p   3o23/2   ( 2o 23/2) 0.72    72.632     1.000     0.000
 159  p   1n23/2   ( 3n 23/2) 0.58    36.941     1.000     0.000
 160  p   2n23/2   ( 1n 23/2) 0.88    49.582     1.000     0.000
 161  p   3n23/2   ( 2n 23/2) 0.77    61.204     1.000     0.000
 162  p   4n23/2   ( 4n 23/2) 0.72    84.566     1.000     0.000
 163  p   1o25/2   ( 3o 25/2) 0.59    39.257     1.000     0.000
 164  p   2o25/2   ( 1o 25/2) 0.86    54.841     1.000     0.000
 165  p   3o25/2   ( 2o 25/2) 0.78    66.956     1.000     0.000
 166  p   4o25/2   ( 4o 25/2) 0.71    89.436     1.000     0.000
 167  p   1P25/2   ( 2P 25/2) 0.68    46.445     1.000     0.000
 168  p   2P25/2   ( 1P 25/2) 0.79    66.434     1.000     0.000
 169  p   3P25/2   ( 3P 25/2) 0.70    89.620     1.000     0.000
 170  p   1q27/2   ( 2q 27/2) 0.69    48.945     1.000     0.000
 171  p   2q27/2   ( 1q 27/2) 0.79    70.490     1.000     0.000
 172  p   3q27/2   ( 3q 27/2) 0.69    94.712     1.000     0.000
 173  p   1P27/2   ( 2P 27/2) 0.66    46.253     1.000     0.000
 174  p   2P27/2   ( 1P 27/2) 0.80    64.595     1.000     0.000
 175  p   3P27/2   ( 3P 27/2) 0.75    79.834     1.000     0.000
 176  p   1q29/2   ( 2q 29/2) 0.67    48.785     1.000     0.000
 177  p   2q29/2   ( 1q 29/2) 0.80    69.463     1.000     0.000
 178  p   3q29/2   ( 3q 29/2) 0.71    85.945     1.000     0.000
 179  p   1r29/2   ( 1r 29/2) 0.77    58.712     1.000     0.000
 180  p   2r29/2   ( 2r 29/2) 0.76    85.217     1.000     0.000
 181  p   1S31/2   ( 1S 31/2) 0.76    61.523     1.000     0.000
 182  p   2S31/2   ( 2S 31/2) 0.76    89.735     1.000     0.000
 183  p   1r31/2   ( 1r 31/2) 0.76    58.514     1.000     0.000
 184  p   2r31/2   ( 2r 31/2) 0.75    81.263     1.000     0.000
 185  p   1S33/2   ( 1S 33/2) 0.76    61.359     1.000     0.000
 186  p   2S33/2   ( 2S 33/2) 0.75    86.793     1.000     0.000
 187  p   1t33/2   ( 1t 33/2) 0.98    76.404     1.000     0.000
 188  p   1u35/2   ( 1u 35/2) 0.98    79.746     1.000     0.000
 189  p   1t35/2   ( 1t 35/2) 0.98    75.760     1.000     0.000
 190  p   1u37/2   ( 1u 37/2) 0.98    79.299     1.000     0.000
  ****** END RESU ***********************************
