
  ******************************************  
  *           Fortran 77 Code              *  
  *         Spherical H.O. basis            *  
  * Dirac-Hartree-Bogoliubov calculation   *  
  *        with density-dependent          *  
  * meson-exchange or point coupling force *  
  *          and separable pairing         *  
  * -------------------------------------- *  
  *      Niksic, Paar, Vretenar, Ring      *  
  *          18/ 4/2026/01:51:18           *
  *       Pb 198  N = 116  Z =  82
  ******************************************  
  ****** BEGIN READER *******************************
 Number of oscillator shells :    18   20
 Initialization inin,inink   :     1    1
 Nucleus: Pb 198   116  82
 Initial Gap Parameters      :     1.0000    1.0000
 Parameter set               :    DD-ME2    
  ****** END READER *********************************
  ****** BEGIN FORCES *******************************

 NEDF Parameters: DD-ME2    
 AMU   =  939.000
 msig  =  550.124  gsig =    10.5396  Gsig =   -14.2924
 mome  =  783.000  gome =    13.0189  Gome =    10.7647
 mdel  =    0.000  gdel =     0.0000  Gdel =    -0.0000
 mrho  =  763.000  grho =     3.6836  Grho =     0.9076
  
 Density dependence parameters:
           scasca    scavec    vecsca    vecvec
 a    =   1.388148  1.389291  0.000000  0.564700
 b    =   1.094300  0.923975  0.000000  0.000000
 c    =   1.705700  1.462000  0.000000  0.000000
 d    =   0.442067  0.477492  0.000000  0.000000
 dsat =   0.152000
  
 TMR pairing: Tian,Ma,Ring, PRB 676, 44 (2009)
 TMR pairing strength    gl =:  -728.00000 [MeV*fm^3]
 TMR pairing width        a =:     0.64420 [fm]
  ****** END FORCES *********************************
  ****** BEGIN PREP *********************************
  
 hom =                            7.034428
 hb0 =                           20.734000
 b0  =                            2.427963
 with Coulomb force
 With microscopic c.m. correction
  ****** END PREP ***********************************
  ****** BEGIN ITER *********************************
  1.It. si =    0.0000000  E/A =    0.0000 R =    0.0000  mix = 0.50
  2.It. si =   79.5800361  E/A =   -7.7433 R =    5.6665  mix = 0.50
  3.It. si =   36.4923872  E/A =   -7.7680 R =    5.6391  mix = 0.50
  4.It. si =   13.7795766  E/A =   -7.7974 R =    5.6040  mix = 0.50
  5.It. si =   17.0265510  E/A =   -7.8212 R =    5.5681  mix = 0.50
  6.It. si =   15.1065004  E/A =   -7.8301 R =    5.5430  mix = 0.50
  7.It. si =    2.5041231  E/A =   -7.8390 R =    5.5032  mix = 0.50
  8.It. si =    0.7327618  E/A =   -7.8404 R =    5.4915  mix = 0.50
  9.It. si =    0.2548027  E/A =   -7.8410 R =    5.4900  mix = 0.50
 10.It. si =    0.2336700  E/A =   -7.8412 R =    5.4899  mix = 0.50
 11.It. si =    0.2649536  E/A =   -7.8412 R =    5.4899  mix = 0.50
 12.It. si =    0.1851993  E/A =   -7.8414 R =    5.4889  mix = 0.50
 13.It. si =    0.0971938  E/A =   -7.8414 R =    5.4890  mix = 0.50
 14.It. si =    0.0341539  E/A =   -7.8414 R =    5.4892  mix = 0.50
 15.It. si =    0.0696896  E/A =   -7.8415 R =    5.4891  mix = 0.50
 16.It. si =    0.0169925  E/A =   -7.8414 R =    5.4892  mix = 0.50
 17.It. si =    0.0411129  E/A =   -7.8414 R =    5.4891  mix = 0.50
 18.It. si =    0.0051648  E/A =   -7.8414 R =    5.4891  mix = 0.50
 19.It. si =    0.0064616  E/A =   -7.8414 R =    5.4891  mix = 0.50
 20.It. si =    0.0009724  E/A =   -7.8414 R =    5.4891  mix = 0.50
 21.It. si =    0.0005640  E/A =   -7.8414 R =    5.4891  mix = 0.50
 22.It. si =    0.0002040  E/A =   -7.8414 R =    5.4891  mix = 0.50
 23.It. si =    0.0001358  E/A =   -7.8414 R =    5.4891  mix = 0.50
 24.It. si =    0.0001642  E/A =   -7.8414 R =    5.4891  mix = 0.50
 25.It. si =    0.0000324  E/A =   -7.8414 R =    5.4891  mix = 0.50
 26.It. si =    0.0000075  E/A =   -7.8414 R =    5.4891  mix = 0.50
 27.It. si =    0.0000050  E/A =   -7.8414 R =    5.4891  mix = 0.50
 28.It. si =    0.0000019  E/A =   -7.8414 R =    5.4891  mix = 0.50
 ********************************************************************
 Pb 198: Iteration converged after  28 steps   si =      0.0000004912
 ********************************************************************
  ****** END ITER ***********************************
  ****** BEGIN CANON ********************************
 single-particle energies and gaps  in the canonical basis: Neutron:
 ------------------------------------------------------------------
    j pi     (nr,l,j)  smax       Ecan       vvcan       decan
 j = 1/2+  (   s 1/2)  0.89    -63.0542      0.9997      1.9318
 j = 1/2+  (   s 1/2)  0.88    -43.5496      0.9994      1.7939
 j = 1/2+  (   s 1/2)  0.98    -19.3155      0.9947      1.5856
 j = 1/2+  (   s 1/2)  0.96      1.7687      0.0014      0.7797
 j = 1/2+  (   s 1/2)  0.72     11.0310      0.0000      0.0060
 j = 1/2+  (   s 1/2)  0.93     19.3904      0.0001      0.4668
 j = 1/2+  (   s 1/2)  0.55     34.2097      0.0000      0.0229
 j = 1/2+  (   s 1/2)  0.85     37.6948      0.0000      0.2950
 j = 1/2+  (   s 1/2)  0.69     52.2632      0.0000      0.1608
 j = 1/2+  (   s 1/2)  0.72     86.5353      0.0000      0.0905
 j = 1/2-  (   p 1/2)  0.98    -55.9247      0.9997      1.7522
 j = 1/2-  (   p 1/2)  0.97    -31.7525      0.9987      1.6945
 j = 1/2-  (   p 1/2)  0.98     -7.4939      0.1904      1.2750
 j = 1/2-  (   p 1/2)  0.95     11.3839      0.0003      0.7096
 j = 1/2-  (   p 1/2)  0.75     14.9756      0.0000      0.0078
 j = 1/2-  (   p 1/2)  0.91     27.9755      0.0000      0.4465
 j = 1/2-  (   p 1/2)  0.78     45.6706      0.0000      0.2724
 j = 1/2-  (   p 1/2)  0.81     48.0008      0.0000      0.0430
 j = 1/2-  (   p 1/2)  0.58     66.7107      0.0000      0.1587
 j = 3/2+  (   d 3/2)  0.99    -46.7461      0.9996      1.5794
 j = 3/2+  (   d 3/2)  0.98    -20.1652      0.9955      1.5707
 j = 3/2+  (   d 3/2)  0.97      2.0061      0.0019      0.9243
 j = 3/2+  (   d 3/2)  0.70     10.0731      0.0000      0.0066
 j = 3/2+  (   d 3/2)  0.92     21.1612      0.0001      0.5778
 j = 3/2+  (   d 3/2)  0.60     32.5418      0.0000      0.0222
 j = 3/2+  (   d 3/2)  0.77     40.5746      0.0000      0.3793
 j = 3/2+  (   d 3/2)  0.61     60.6020      0.0000      0.2225
 j = 3/2+  (   d 3/2)  0.78     78.6968      0.0000      0.1058
 j = 3/2-  (   p 3/2)  0.98    -56.3365      0.9997      1.7614
 j = 3/2-  (   p 3/2)  0.97    -32.6732      0.9988      1.7066
 j = 3/2-  (   p 3/2)  0.98     -8.2909      0.4187      1.2650
 j = 3/2-  (   p 3/2)  0.95     10.7331      0.0003      0.7138
 j = 3/2-  (   p 3/2)  0.75     15.0868      0.0000      0.0079
 j = 3/2-  (   p 3/2)  0.91     27.1672      0.0000      0.4410
 j = 3/2-  (   p 3/2)  0.78     44.6481      0.0000      0.2708
 j = 3/2-  (   p 3/2)  0.81     47.8568      0.0000      0.0432
 j = 3/2-  (   p 3/2)  0.58     65.8925      0.0000      0.1586
 j = 5/2+  (   d 5/2)  0.99    -47.9613      0.9996      1.6021
 j = 5/2+  (   d 5/2)  0.98    -21.8844      0.9965      1.5821
 j = 5/2+  (   d 5/2)  0.97      1.0468      0.0022      0.9067
 j = 5/2+  (   d 5/2)  0.70     10.1248      0.0000      0.0067
 j = 5/2+  (   d 5/2)  0.92     20.7453      0.0001      0.5774
 j = 5/2+  (   d 5/2)  0.60     32.5132      0.0000      0.0223
 j = 5/2+  (   d 5/2)  0.76     39.6733      0.0000      0.3757
 j = 5/2+  (   d 5/2)  0.60     59.6023      0.0000      0.2219
 j = 5/2+  (   d 5/2)  0.78     77.9719      0.0000      0.1056
 j = 5/2-  (   f 5/2)  0.98    -36.6401      0.9993      1.5264
 j = 5/2-  (   f 5/2)  0.98     -8.8764      0.6355      1.3397
 j = 5/2-  (   f 5/2)  0.95     11.1086      0.0003      0.6528
 j = 5/2-  (   f 5/2)  0.72     14.3976      0.0000      0.0070
 j = 5/2-  (   f 5/2)  0.89     28.6332      0.0000      0.4499
 j = 5/2-  (   f 5/2)  0.79     43.5925      0.0000      0.0385
 j = 5/2-  (   f 5/2)  0.69     50.8943      0.0000      0.2936
 j = 5/2-  (   f 5/2)  0.58     64.8657      0.0000      0.1642
 j = 7/2+  (   g 7/2)  0.98    -25.2710      0.9982      1.4410
 j = 7/2+  (   g 7/2)  0.97      1.0432      0.0034      1.1183
 j = 7/2+  (   g 7/2)  0.69     11.0157      0.0000      0.0062
 j = 7/2+  (   g 7/2)  0.92     20.3307      0.0001      0.5396
 j = 7/2+  (   g 7/2)  0.60     32.9608      0.0000      0.0210
 j = 7/2+  (   g 7/2)  0.80     39.2313      0.0000      0.3356
 j = 7/2+  (   g 7/2)  0.62     61.8015      0.0000      0.2058
 j = 7/2+  (   g 7/2)  0.78     78.2003      0.0000      0.1043
 j = 7/2-  (   f 7/2)  0.98    -39.2055      0.9994      1.5597
 j = 7/2-  (   f 7/2)  0.98    -11.1711      0.9469      1.3414
 j = 7/2-  (   f 7/2)  0.95      9.9050      0.0003      0.6553
 j = 7/2-  (   f 7/2)  0.72     14.1371      0.0000      0.0068
 j = 7/2-  (   f 7/2)  0.89     28.3332      0.0000      0.4355
 j = 7/2-  (   f 7/2)  0.78     42.7718      0.0000      0.0371
 j = 7/2-  (   f 7/2)  0.67     50.7745      0.0000      0.2905
 j = 7/2-  (   f 7/2)  0.58     63.9765      0.0000      0.1622
 j = 9/2+  (   g 9/2)  0.98    -29.4457      0.9987      1.5030
 j = 9/2+  (   g 9/2)  0.97     -1.6569      0.0061      1.0798
 j = 9/2+  (   g 9/2)  0.70     11.1457      0.0000      0.0063
 j = 9/2+  (   g 9/2)  0.92     18.7038      0.0001      0.5401
 j = 9/2+  (   g 9/2)  0.60     32.9779      0.0000      0.0213
 j = 9/2+  (   g 9/2)  0.81     37.4777      0.0000      0.3302
 j = 9/2+  (   g 9/2)  0.62     61.1619      0.0000      0.2054
 j = 9/2+  (   g 9/2)  0.78     77.8024      0.0000      0.1051
 j = 9/2-  (   h 9/2)  0.97    -13.5264      0.9828      1.3527
 j = 9/2-  (   h 9/2)  0.94     10.6768      0.0005      0.8696
 j = 9/2-  (   h 9/2)  0.70     14.8903      0.0000      0.0057
 j = 9/2-  (   h 9/2)  0.85     29.9838      0.0000      0.4658
 j = 9/2-  (   h 9/2)  0.79     43.5549      0.0000      0.0334
 j = 9/2-  (   h 9/2)  0.67     48.0068      0.0000      0.2527
 j = 9/2-  (   h 9/2)  0.62     66.6925      0.0000      0.1436
 j =11/2+  (   i11/2)  0.98     -1.8652      0.0090      1.2776
 j =11/2+  (   i11/2)  0.69     12.9832      0.0000      0.0056
 j =11/2+  (   i11/2)  0.91     19.7648      0.0001      0.6266
 j =11/2+  (   i11/2)  0.60     33.8313      0.0000      0.0204
 j =11/2+  (   i11/2)  0.75     40.0384      0.0000      0.3894
 j =11/2+  (   i11/2)  0.64     59.9076      0.0000      0.2058
 j =11/2+  (   i11/2)  0.78     78.5705      0.0000      0.0949
 j =11/2-  (   h11/2)  0.98    -19.3482      0.9958      1.4078
 j =11/2-  (   h11/2)  0.95      7.6205      0.0007      0.8455
 j =11/2-  (   h11/2)  0.70     14.8654      0.0000      0.0058
 j =11/2-  (   h11/2)  0.85     28.1977      0.0000      0.4605
 j =11/2-  (   h11/2)  0.79     43.2471      0.0000      0.0334
 j =11/2-  (   h11/2)  0.66     46.1609      0.0000      0.2484
 j =11/2-  (   h11/2)  0.62     66.0001      0.0000      0.1429
 j =13/2+  (   i13/2)  0.98     -9.2497      0.7516      1.2888
 j =13/2+  (   i13/2)  0.69     13.0574      0.0000      0.0058
 j =13/2+  (   i13/2)  0.90     16.7009      0.0002      0.6424
 j =13/2+  (   i13/2)  0.60     33.6773      0.0000      0.0207
 j =13/2+  (   i13/2)  0.75     37.2995      0.0000      0.3837
 j =13/2+  (   i13/2)  0.63     57.9524      0.0000      0.2064
 j =13/2+  (   i13/2)  0.78     77.1230      0.0000      0.0945
 j =13/2-  (   j13/2)  0.96      9.2664      0.0010      1.1410
 j =13/2-  (   j13/2)  0.69     17.0816      0.0000      0.0055
 j =13/2-  (   j13/2)  0.87     29.0444      0.0000      0.4880
 j =13/2-  (   j13/2)  0.78     43.6900      0.0000      0.0330
 j =13/2-  (   j13/2)  0.63     50.8351      0.0000      0.2984
 j =13/2-  (   j13/2)  0.61     65.0458      0.0000      0.1555
 j =15/2+  (   k15/2)  0.67     15.9925      0.0000      0.0060
 j =15/2+  (   k15/2)  0.94     19.7397      0.0003      0.9795
 j =15/2+  (   k15/2)  0.60     35.7817      0.0000      0.0221
 j =15/2+  (   k15/2)  0.79     38.9821      0.0000      0.4000
 j =15/2+  (   k15/2)  0.65     62.7534      0.0000      0.2311
 j =15/2+  (   k15/2)  0.79     75.7027      0.0000      0.1025
 j =15/2-  (   j15/2)  0.96      0.7502      0.0039      1.1568
 j =15/2-  (   j15/2)  0.69     17.1086      0.0000      0.0056
 j =15/2-  (   j15/2)  0.86     25.2053      0.0001      0.4956
 j =15/2-  (   j15/2)  0.78     43.0601      0.0000      0.0330
 j =15/2-  (   j15/2)  0.64     47.8650      0.0000      0.2952
 j =15/2-  (   j15/2)  0.61     63.2188      0.0000      0.1562
 j =17/2+  (   k17/2)  0.94     10.5832      0.0007      0.9987
 j =17/2+  (   k17/2)  0.67     15.9914      0.0000      0.0061
 j =17/2+  (   k17/2)  0.78     34.1626      0.0000      0.4026
 j =17/2+  (   k17/2)  0.61     35.5868      0.0000      0.0224
 j =17/2+  (   k17/2)  0.65     59.3072      0.0000      0.2289
 j =17/2+  (   k17/2)  0.79     73.6278      0.0000      0.1021
 j =17/2-  (   l17/2)  0.70     20.9158      0.0000      0.0058
 j =17/2-  (   l17/2)  0.90     29.9083      0.0001      0.8240
 j =17/2-  (   l17/2)  0.78     46.4627      0.0000      0.0371
 j =17/2-  (   l17/2)  0.69     48.1976      0.0000      0.3199
 j =17/2-  (   l17/2)  0.63     66.9896      0.0000      0.1657
 j =19/2+  (   m19/2)  0.67     21.0011      0.0000      0.0061
 j =19/2+  (   m19/2)  0.85     39.9100      0.0001      0.6792
 j =19/2+  (   m19/2)  0.55     40.0889      0.0000      0.0267
 j =19/2+  (   m19/2)  0.63     59.0947      0.0000      0.2642
 j =19/2+  (   m19/2)  0.77     78.1633      0.0000      0.1103
 j =19/2-  (   l19/2)  0.90     20.3374      0.0002      0.8416
 j =19/2-  (   l19/2)  0.70     20.9073      0.0000      0.0059
 j =19/2-  (   l19/2)  0.67     43.0385      0.0000      0.3206
 j =19/2-  (   l19/2)  0.78     45.6665      0.0000      0.0370
 j =19/2-  (   l19/2)  0.63     62.8739      0.0000      0.1640
 j =21/2+  (   m21/2)  0.67     20.9087      0.0000      0.0065
 j =21/2+  (   m21/2)  0.84     30.1084      0.0001      0.6939
 j =21/2+  (   m21/2)  0.57     39.5914      0.0000      0.0275
 j =21/2+  (   m21/2)  0.63     53.0362      0.0000      0.2645
 j =21/2+  (   m21/2)  0.78     73.9213      0.0000      0.1080
 j =21/2-  (   n21/2)  0.73     26.5215      0.0000      0.0065
 j =21/2-  (   n21/2)  0.79     49.8703      0.0000      0.5461
 j =21/2-  (   n21/2)  0.79     51.6372      0.0000      0.0458
 j =21/2-  (   n21/2)  0.62     65.9168      0.0000      0.2093
 j =23/2+  (   o23/2)  0.72     28.7934      0.0000      0.0044
 j =23/2+  (   o23/2)  0.75     52.0919      0.0000      0.0292
 j =23/2+  (   o23/2)  0.71     60.5405      0.0000      0.4420
 j =23/2+  (   o23/2)  0.58     70.4881      0.0000      0.1566
 j =23/2-  (   n23/2)  0.73     26.5021      0.0000      0.0067
 j =23/2-  (   n23/2)  0.78     39.9247      0.0000      0.5590
 j =23/2-  (   n23/2)  0.79     49.9677      0.0000      0.0453
 j =23/2-  (   n23/2)  0.62     59.1258      0.0000      0.2074
 j =25/2+  (   o25/2)  0.72     28.8015      0.0000      0.0045
 j =25/2+  (   o25/2)  0.71     50.1385      0.0000      0.4523
 j =25/2+  (   o25/2)  0.74     50.9435      0.0000      0.0290
 j =25/2+  (   o25/2)  0.57     64.3879      0.0000      0.1546
 j =25/2-  (   P25/2)  0.77     34.4214      0.0000      0.0084
 j =25/2-  (   P25/2)  0.79     58.4807      0.0000      0.0705
 j =25/2-  (   P25/2)  0.66     67.5255      0.0000      0.3386
 j =27/2+  (   q27/2)  0.77     37.1115      0.0000      0.0055
 j =27/2+  (   q27/2)  0.75     60.5626      0.0000      0.0462
 j =27/2+  (   q27/2)  0.61     74.6319      0.0000      0.2532
 j =27/2-  (   P27/2)  0.77     34.3803      0.0000      0.0085
 j =27/2-  (   P27/2)  0.78     56.1216      0.0000      0.0699
 j =27/2-  (   P27/2)  0.65     58.0499      0.0000      0.3441
 j =29/2+  (   q29/2)  0.77     37.0963      0.0000      0.0055
 j =29/2+  (   q29/2)  0.75     58.9148      0.0000      0.0460
 j =29/2+  (   q29/2)  0.61     66.2147      0.0000      0.2566
 j =29/2-  (   r29/2)  0.78     45.5354      0.0000      0.0127
 j =29/2-  (   r29/2)  0.77     70.4146      0.0000      0.1354
 j =31/2+  (   S31/2)  0.78     48.5630      0.0000      0.0081
 j =31/2+  (   S31/2)  0.77     74.8447      0.0000      0.0910
 j =31/2-  (   r31/2)  0.77     45.3699      0.0000      0.0125
 j =31/2-  (   r31/2)  0.77     66.2632      0.0000      0.1362
 j =33/2+  (   S33/2)  0.77     48.4319      0.0000      0.0080
 j =33/2+  (   S33/2)  0.76     71.7383      0.0000      0.0914
 j =33/2-  (   t33/2)  0.98     62.3146      0.0000      0.0271
 j =35/2+  (   u35/2)  0.98     65.8203      0.0000      0.0172
 j =35/2-  (   t35/2)  0.98     61.6502      0.0000      0.0272
 j =37/2+  (   u37/2)  0.98     65.3672      0.0000      0.0172
 single-particle energies and gaps  in the canonical basis: Proton: 
 ------------------------------------------------------------------
    j pi     (nr,l,j)  smax       Ecan       vvcan       decan
 j = 1/2+  (   s 1/2)  0.90    -48.7166      1.0000      0.0000
 j = 1/2+  (   s 1/2)  0.86    -29.0850      1.0000      0.0000
 j = 1/2+  (   s 1/2)  0.94     -5.7473      1.0000      0.0000
 j = 1/2+  (   s 1/2)  0.69     11.4830      0.0000      0.0000
 j = 1/2+  (   s 1/2)  0.62     15.6837      0.0000      0.0000
 j = 1/2+  (   s 1/2)  0.67     25.2572      0.0000      0.0000
 j = 1/2+  (   s 1/2)  0.53     38.6790      0.0000      0.0000
 j = 1/2+  (   s 1/2)  0.56     54.3054      0.0000      0.0000
 j = 1/2+  (   s 1/2)  0.55     74.6792      0.0000      0.0000
 j = 1/2+  (   s 1/2)  0.63    109.4085      0.0000      0.0000
 j = 1/2-  (   p 1/2)  0.95    -42.2543      1.0000      0.0000
 j = 1/2-  (   p 1/2)  0.93    -17.9555      1.0000      0.0000
 j = 1/2-  (   p 1/2)  0.95      4.9027      0.0000      0.0000
 j = 1/2-  (   p 1/2)  0.50     13.8348      0.0000      0.0000
 j = 1/2-  (   p 1/2)  0.75     21.8958      0.0000      0.0000
 j = 1/2-  (   p 1/2)  0.62     33.6871      0.0000      0.0000
 j = 1/2-  (   p 1/2)  0.54     48.9829      0.0000      0.0000
 j = 1/2-  (   p 1/2)  0.60     68.3457      0.0000      0.0000
 j = 1/2-  (   p 1/2)  0.63    102.1784      0.0000      0.0000
 j = 3/2+  (   d 3/2)  0.97    -33.7890      1.0000      0.0000
 j = 3/2+  (   d 3/2)  0.96     -7.2187      1.0000      0.0000
 j = 3/2+  (   d 3/2)  0.78     11.9358      0.0000      0.0000
 j = 3/2+  (   d 3/2)  0.55     15.8575      0.0000      0.0000
 j = 3/2+  (   d 3/2)  0.69     25.5594      0.0000      0.0000
 j = 3/2+  (   d 3/2)  0.53     38.6855      0.0000      0.0000
 j = 3/2+  (   d 3/2)  0.57     54.4014      0.0000      0.0000
 j = 3/2+  (   d 3/2)  0.56     74.7018      0.0000      0.0000
 j = 3/2+  (   d 3/2)  0.63    109.2255      0.0000      0.0000
 j = 3/2-  (   p 3/2)  0.94    -42.8882      1.0000      0.0000
 j = 3/2-  (   p 3/2)  0.91    -18.8787      1.0000      0.0000
 j = 3/2-  (   p 3/2)  0.95      4.2165      0.0000      0.0000
 j = 3/2-  (   p 3/2)  0.51     13.7603      0.0000      0.0000
 j = 3/2-  (   p 3/2)  0.75     21.5307      0.0000      0.0000
 j = 3/2-  (   p 3/2)  0.64     33.3121      0.0000      0.0000
 j = 3/2-  (   p 3/2)  0.56     48.3695      0.0000      0.0000
 j = 3/2-  (   p 3/2)  0.61     67.5844      0.0000      0.0000
 j = 3/2-  (   p 3/2)  0.63    100.8249      0.0000      0.0000
 j = 5/2+  (   d 5/2)  0.96    -35.3984      1.0000      0.0000
 j = 5/2+  (   d 5/2)  0.95     -8.8379      1.0000      0.0000
 j = 5/2+  (   d 5/2)  0.82     11.5083      0.0000      0.0000
 j = 5/2+  (   d 5/2)  0.48     15.5458      0.0000      0.0000
 j = 5/2+  (   d 5/2)  0.69     25.2052      0.0000      0.0000
 j = 5/2+  (   d 5/2)  0.52     38.3840      0.0000      0.0000
 j = 5/2+  (   d 5/2)  0.55     53.8050      0.0000      0.0000
 j = 5/2+  (   d 5/2)  0.56     73.8907      0.0000      0.0000
 j = 5/2+  (   d 5/2)  0.63    108.0831      0.0000      0.0000
 j = 5/2-  (   f 5/2)  0.98    -23.8907      1.0000      0.0000
 j = 5/2-  (   f 5/2)  0.98      2.9580      0.0000      0.0000
 j = 5/2-  (   f 5/2)  0.49     14.9866      0.0000      0.0000
 j = 5/2-  (   f 5/2)  0.78     21.8126      0.0000      0.0000
 j = 5/2-  (   f 5/2)  0.69     33.1723      0.0000      0.0000
 j = 5/2-  (   f 5/2)  0.59     48.4016      0.0000      0.0000
 j = 5/2-  (   f 5/2)  0.63     67.4516      0.0000      0.0000
 j = 5/2-  (   f 5/2)  0.64    100.1273      0.0000      0.0000
 j = 7/2+  (   g 7/2)  0.98    -13.1144      1.0000      0.0000
 j = 7/2+  (   g 7/2)  0.95     11.7182      0.0000      0.0000
 j = 7/2+  (   g 7/2)  0.47     16.5972      0.0000      0.0000
 j = 7/2+  (   g 7/2)  0.75     26.0374      0.0000      0.0000
 j = 7/2+  (   g 7/2)  0.58     38.2470      0.0000      0.0000
 j = 7/2+  (   g 7/2)  0.55     53.7476      0.0000      0.0000
 j = 7/2+  (   g 7/2)  0.60     73.7227      0.0000      0.0000
 j = 7/2+  (   g 7/2)  0.64    106.8875      0.0000      0.0000
 j = 7/2-  (   f 7/2)  0.98    -26.8438      1.0000      0.0000
 j = 7/2-  (   f 7/2)  0.97      0.7975      0.0000      0.0000
 j = 7/2-  (   f 7/2)  0.53     14.8230      0.0000      0.0000
 j = 7/2-  (   f 7/2)  0.76     21.0684      0.0000      0.0000
 j = 7/2-  (   f 7/2)  0.70     32.5997      0.0000      0.0000
 j = 7/2-  (   f 7/2)  0.59     47.7468      0.0000      0.0000
 j = 7/2-  (   f 7/2)  0.62     66.5130      0.0000      0.0000
 j = 7/2-  (   f 7/2)  0.63     99.6643      0.0000      0.0000
 j = 9/2+  (   g 9/2)  0.98    -17.6468      1.0000      0.0000
 j = 9/2+  (   g 9/2)  0.97      9.5981      0.0000      0.0000
 j = 9/2+  (   g 9/2)  0.48     16.3175      0.0000      0.0000
 j = 9/2+  (   g 9/2)  0.76     25.2428      0.0000      0.0000
 j = 9/2+  (   g 9/2)  0.61     37.2794      0.0000      0.0000
 j = 9/2+  (   g 9/2)  0.53     52.6976      0.0000      0.0000
 j = 9/2+  (   g 9/2)  0.59     72.2945      0.0000      0.0000
 j = 9/2+  (   g 9/2)  0.63    106.5628      0.0000      0.0000
 j = 9/2-  (   h 9/2)  0.98     -1.9899      0.0000      0.0000
 j = 9/2-  (   h 9/2)  0.63     17.1514      0.0000      0.0000
 j = 9/2-  (   h 9/2)  0.73     21.6185      0.0000      0.0000
 j = 9/2-  (   h 9/2)  0.75     33.0388      0.0000      0.0000
 j = 9/2-  (   h 9/2)  0.65     47.9739      0.0000      0.0000
 j = 9/2-  (   h 9/2)  0.66     66.5022      0.0000      0.0000
 j = 9/2-  (   h 9/2)  0.64     98.0733      0.0000      0.0000
 j =11/2+  (   i11/2)  0.98      8.9087      0.0000      0.0000
 j =11/2+  (   i11/2)  0.49     19.1963      0.0000      0.0000
 j =11/2+  (   i11/2)  0.82     26.9329      0.0000      0.0000
 j =11/2+  (   i11/2)  0.69     37.5015      0.0000      0.0000
 j =11/2+  (   i11/2)  0.58     53.0996      0.0000      0.0000
 j =11/2+  (   i11/2)  0.63     72.5026      0.0000      0.0000
 j =11/2+  (   i11/2)  0.64    104.9305      0.0000      0.0000
 j =11/2-  (   h11/2)  0.98     -8.1268      1.0000      0.0000
 j =11/2-  (   h11/2)  0.80     16.3551      0.0000      0.0000
 j =11/2-  (   h11/2)  0.55     20.1126      0.0000      0.0000
 j =11/2-  (   h11/2)  0.77     31.9843      0.0000      0.0000
 j =11/2-  (   h11/2)  0.67     46.5706      0.0000      0.0000
 j =11/2-  (   h11/2)  0.66     64.4031      0.0000      0.0000
 j =11/2-  (   h11/2)  0.63     96.9616      0.0000      0.0000
 j =13/2+  (   i13/2)  0.98      1.4866      0.0000      0.0000
 j =13/2+  (   i13/2)  0.47     19.0189      0.0000      0.0000
 j =13/2+  (   i13/2)  0.83     25.2194      0.0000      0.0000
 j =13/2+  (   i13/2)  0.73     35.9340      0.0000      0.0000
 j =13/2+  (   i13/2)  0.62     51.4819      0.0000      0.0000
 j =13/2+  (   i13/2)  0.64     69.9737      0.0000      0.0000
 j =13/2+  (   i13/2)  0.64    102.9993      0.0000      0.0000
 j =13/2-  (   j13/2)  0.95     18.7514      0.0000      0.0000
 j =13/2-  (   j13/2)  0.52     22.7219      0.0000      0.0000
 j =13/2-  (   j13/2)  0.81     33.8934      0.0000      0.0000
 j =13/2-  (   j13/2)  0.72     47.1081      0.0000      0.0000
 j =13/2-  (   j13/2)  0.70     65.0914      0.0000      0.0000
 j =13/2-  (   j13/2)  0.64     95.4147      0.0000      0.0000
 j =15/2+  (   k15/2)  0.51     23.5748      0.0000      0.0000
 j =15/2+  (   k15/2)  0.89     28.2715      0.0000      0.0000
 j =15/2+  (   k15/2)  0.76     38.2791      0.0000      0.0000
 j =15/2+  (   k15/2)  0.65     52.6794      0.0000      0.0000
 j =15/2+  (   k15/2)  0.68     70.8770      0.0000      0.0000
 j =15/2+  (   k15/2)  0.65    101.6452      0.0000      0.0000
 j =15/2-  (   j15/2)  0.98     10.9792      0.0000      0.0000
 j =15/2-  (   j15/2)  0.51     22.1948      0.0000      0.0000
 j =15/2-  (   j15/2)  0.82     31.9038      0.0000      0.0000
 j =15/2-  (   j15/2)  0.76     44.9062      0.0000      0.0000
 j =15/2-  (   j15/2)  0.71     62.1900      0.0000      0.0000
 j =15/2-  (   j15/2)  0.64     92.6656      0.0000      0.0000
 j =17/2+  (   k17/2)  0.97     20.0263      0.0000      0.0000
 j =17/2+  (   k17/2)  0.52     24.0951      0.0000      0.0000
 j =17/2+  (   k17/2)  0.81     35.8176      0.0000      0.0000
 j =17/2+  (   k17/2)  0.73     49.8702      0.0000      0.0000
 j =17/2+  (   k17/2)  0.70     67.1577      0.0000      0.0000
 j =17/2+  (   k17/2)  0.64     98.4262      0.0000      0.0000
 j =17/2-  (   l17/2)  0.55     27.6243      0.0000      0.0000
 j =17/2-  (   l17/2)  0.88     36.1786      0.0000      0.0000
 j =17/2-  (   l17/2)  0.77     47.3090      0.0000      0.0000
 j =17/2-  (   l17/2)  0.73     64.5301      0.0000      0.0000
 j =17/2-  (   l17/2)  0.65     91.8049      0.0000      0.0000
 j =19/2+  (   m19/2)  0.57     29.6757      0.0000      0.0000
 j =19/2+  (   m19/2)  0.84     41.4184      0.0000      0.0000
 j =19/2+  (   m19/2)  0.70     52.5334      0.0000      0.0000
 j =19/2+  (   m19/2)  0.70     70.3233      0.0000      0.0000
 j =19/2+  (   m19/2)  0.65     98.3182      0.0000      0.0000
 j =19/2-  (   l19/2)  0.67     27.0311      0.0000      0.0000
 j =19/2-  (   l19/2)  0.72     29.9502      0.0000      0.0000
 j =19/2-  (   l19/2)  0.79     44.0411      0.0000      0.0000
 j =19/2-  (   l19/2)  0.75     59.6214      0.0000      0.0000
 j =19/2-  (   l19/2)  0.68     86.9872      0.0000      0.0000
 j =21/2+  (   m21/2)  0.56     29.5804      0.0000      0.0000
 j =21/2+  (   m21/2)  0.92     37.1649      0.0000      0.0000
 j =21/2+  (   m21/2)  0.81     48.0994      0.0000      0.0000
 j =21/2+  (   m21/2)  0.75     64.7150      0.0000      0.0000
 j =21/2+  (   m21/2)  0.67     91.7918      0.0000      0.0000
 j =21/2-  (   n21/2)  0.59     34.8872      0.0000      0.0000
 j =21/2-  (   n21/2)  0.84     49.3841      0.0000      0.0000
 j =21/2-  (   n21/2)  0.75     63.4394      0.0000      0.0000
 j =21/2-  (   n21/2)  0.67     89.3433      0.0000      0.0000
 j =23/2+  (   o23/2)  0.60     37.1185      0.0000      0.0000
 j =23/2+  (   o23/2)  0.81     53.5008      0.0000      0.0000
 j =23/2+  (   o23/2)  0.73     68.7961      0.0000      0.0000
 j =23/2+  (   o23/2)  0.65     95.2499      0.0000      0.0000
 j =23/2-  (   n23/2)  0.58     34.6951      0.0000      0.0000
 j =23/2-  (   n23/2)  0.87     46.0253      0.0000      0.0000
 j =23/2-  (   n23/2)  0.76     57.5365      0.0000      0.0000
 j =23/2-  (   n23/2)  0.73     80.1537      0.0000      0.0000
 j =25/2+  (   o25/2)  0.59     37.0092      0.0000      0.0000
 j =25/2+  (   o25/2)  0.87     51.6972      0.0000      0.0000
 j =25/2+  (   o25/2)  0.78     63.0276      0.0000      0.0000
 j =25/2+  (   o25/2)  0.72     85.0016      0.0000      0.0000
 j =25/2-  (   P25/2)  0.68     44.0822      0.0000      0.0000
 j =25/2-  (   P25/2)  0.79     63.2628      0.0000      0.0000
 j =25/2-  (   P25/2)  0.71     85.1310      0.0000      0.0000
 j =27/2+  (   q27/2)  0.69     46.5498      0.0000      0.0000
 j =27/2+  (   q27/2)  0.79     67.4268      0.0000      0.0000
 j =27/2+  (   q27/2)  0.69     90.3049      0.0000      0.0000
 j =27/2-  (   P27/2)  0.65     43.8751      0.0000      0.0000
 j =27/2-  (   P27/2)  0.80     61.1752      0.0000      0.0000
 j =27/2-  (   P27/2)  0.77     75.4265      0.0000      0.0000
 j =29/2+  (   q29/2)  0.67     46.3818      0.0000      0.0000
 j =29/2+  (   q29/2)  0.80     66.2770      0.0000      0.0000
 j =29/2+  (   q29/2)  0.72     81.4533      0.0000      0.0000
 j =29/2-  (   r29/2)  0.77     56.1313      0.0000      0.0000
 j =29/2-  (   r29/2)  0.76     81.4654      0.0000      0.0000
 j =31/2+  (   S31/2)  0.76     58.9125      0.0000      0.0000
 j =31/2+  (   S31/2)  0.76     86.0911      0.0000      0.0000
 j =31/2-  (   r31/2)  0.76     55.9247      0.0000      0.0000
 j =31/2-  (   r31/2)  0.75     77.3662      0.0000      0.0000
 j =33/2+  (   S33/2)  0.75     58.7416      0.0000      0.0000
 j =33/2+  (   S33/2)  0.75     83.0242      0.0000      0.0000
 j =33/2-  (   t33/2)  0.98     73.4172      0.0000      0.0000
 j =35/2+  (   u35/2)  0.98     76.7588      0.0000      0.0000
 j =35/2-  (   t35/2)  0.98     72.7360      0.0000      0.0000
 j =37/2+  (   u37/2)  0.98     76.2840      0.0000      0.0000
  ****** END CANON **********************************
  ****** BEGIN RESU *********************************
   ****** BEGIN EXPECT *******

                            neutron        proton         total
 particle number           116.000000      82.000000     198.000000
 trace scalar density      110.521305      78.722117     189.243421
 lambda                     -8.499237      -4.182255
 spk                        13.589147       0.000011
 rms-Radius                  5.543100       5.411868       5.489132
 charge-Radius                              5.470677
 Particle Energ          -3092.902202   -1701.032368   -4793.934570
 Selfconsistency Test.                                     0.000005

 Kinetic Energy           1589.327916     943.753824    2533.081740
 E-scsc                                               -30716.827172
 E-scve                                                25748.541696
 E-vesc                                                    0.000000
 E-veve                                                   63.950645
 E-rearrang.                                             811.859931
 Coulomb direct                                          834.896708
 Pairing Energy            -16.245123      -0.000000     -16.245123
 Sum without E-cm                                      -1552.601506
DE-cm <P**2>/2M            -11.718304      -6.953816     -18.672120
NE-cm <P**2>/2M              8.523923       4.499188      13.023111
 E-cm <P**2>/2M             -3.194381      -2.454628      -5.649010
 Total Energy                                          -1558.250515
 E/A                                                      -7.869952

  ****** END EXPECT *********************************


 quasi-particle properties Neutron:
 ------------------------------------------------------------------
     p/h    l j     [nr,l,j]  smax       Eqp       uu       vv
   1  p   1s 1/2   ( 4s  1/2) 0.86     8.195     0.998     0.002
   2  h   2s 1/2   ( 3s  1/2) 0.96    10.426     0.009     0.991
   3  p   3s 1/2   ( 6s  1/2) 0.46    13.518     0.997     0.003
   4  p   4s 1/2   ( 5s  1/2) 0.71    22.513     0.999     0.001
   5  h   5s 1/2   ( 2s  1/2) 0.77    35.072     0.301     0.699
   6  p   6s 1/2   ( 6s  1/2) 0.48    35.257     0.700     0.300
   7  p   7s 1/2   ( 6s  1/2) 0.54    50.678     1.000     0.000
   8  h   8s 1/2   ( 1s  1/2) 0.94    55.053     0.000     1.000
   9  p   9s 1/2   ( 8s  1/2) 0.60    70.512     1.000     0.000
  11  p   1p 1/2   ( 3p  1/2) 0.88     1.585     0.810     0.190
  12  p   2p 1/2   ( 4p  1/2) 0.57    11.810     0.999     0.001
  13  p   3p 1/2   ( 4p  1/2) 0.71    18.965     1.000     0.000
  14  h   4p 1/2   ( 2p  1/2) 0.95    22.981     0.002     0.998
  15  p   5p 1/2   ( 5p  1/2) 0.68    30.391     1.000     0.000
  16  p   6p 1/2   ( 6p  1/2) 0.61    45.450     1.000     0.000
  17  h   7p 1/2   ( 1p  1/2) 0.96    47.793     0.001     0.999
  18  p   8p 1/2   ( 7p  1/2) 0.64    64.294     1.000     0.000
  19  p   9p 1/2   ( 8p  1/2) 0.64    95.681     1.000     0.000
  20  p   1d 3/2   ( 3d  3/2) 0.89     8.672     0.996     0.004
  21  h   2d 3/2   ( 2d  3/2) 0.97    11.364     0.011     0.989
  22  p   3d 3/2   ( 5d  3/2) 0.46    14.018     0.996     0.004
  23  p   4d 3/2   ( 4d  3/2) 0.72    22.982     0.999     0.001
  24  p   5d 3/2   ( 5d  3/2) 0.58    35.401     0.999     0.001
  25  h   6d 3/2   ( 1d  3/2) 0.98    38.683     0.001     0.999
  26  p   7d 3/2   ( 5d  3/2) 0.54    50.980     1.000     0.000
  27  p   8d 3/2   ( 7d  3/2) 0.61    70.772     1.000     0.000
  29  p   1p 3/2   ( 3p  3/2) 0.74     1.260     0.582     0.418
  30  p   2p 3/2   ( 4p  3/2) 0.59    11.691     0.999     0.001
  31  p   3p 3/2   ( 4p  3/2) 0.70    18.595     1.000     0.000
  32  h   4p 3/2   ( 2p  3/2) 0.94    23.848     0.002     0.998
  33  p   5p 3/2   ( 5p  3/2) 0.70    30.017     0.999     0.001
  34  p   6p 3/2   ( 6p  3/2) 0.62    44.845     1.000     0.000
  35  h   7p 3/2   ( 1p  3/2) 0.96    48.257     0.001     0.999
  36  p   8p 3/2   ( 7p  3/2) 0.65    63.555     1.000     0.000
  37  p   9p 3/2   ( 8p  3/2) 0.64    94.431     1.000     0.000
  38  p   1d 5/2   ( 3d  5/2) 0.91     8.101     0.997     0.003
  39  h   2d 5/2   ( 2d  5/2) 0.95    12.923     0.031     0.969
  40  p   3d 5/2   ( 5d  5/2) 0.48    13.816     0.973     0.027
  41  p   4d 5/2   ( 4d  5/2) 0.72    22.627     0.999     0.001
  42  p   5d 5/2   ( 5d  5/2) 0.59    35.089     1.000     0.000
  43  h   6d 5/2   ( 1d  5/2) 0.97    40.028     0.001     0.999
  44  p   7d 5/2   ( 6d  5/2) 0.53    50.392     1.000     0.000
  45  p   8d 5/2   ( 7d  5/2) 0.61    69.947     1.000     0.000
  47  h   1f 5/2   ( 2f  5/2) 0.78     1.375     0.365     0.635
  48  p   2f 5/2   ( 3f  5/2) 0.64    12.835     1.000     0.000
  49  p   3f 5/2   ( 3f  5/2) 0.70    19.073     1.000     0.000
  50  h   4f 5/2   ( 1f  5/2) 0.98    28.186     0.004     0.996
  51  p   5f 5/2   ( 4f  5/2) 0.72    30.189     0.997     0.003
  52  p   6f 5/2   ( 5f  5/2) 0.64    45.088     1.000     0.000
  53  p   7f 5/2   ( 6f  5/2) 0.66    63.739     1.000     0.000
  54  p   8f 5/2   ( 7f  5/2) 0.64    94.290     1.000     0.000
  55  p   1g 7/2   ( 2g  7/2) 0.96     8.767     0.996     0.004
  56  p   2g 7/2   ( 4g  7/2) 0.48    15.137     0.993     0.007
  57  h   3g 7/2   ( 1g  7/2) 0.97    16.851     0.010     0.990
  58  p   4g 7/2   ( 3g  7/2) 0.75    23.551     0.999     0.001
  59  p   5g 7/2   ( 4g  7/2) 0.63    35.253     1.000     0.000
  60  p   6g 7/2   ( 5g  7/2) 0.57    50.575     1.000     0.000
  61  p   7g 7/2   ( 6g  7/2) 0.63    70.134     1.000     0.000
  63  h   1f 7/2   ( 2f  7/2) 0.95     2.921     0.053     0.947
  64  p   2f 7/2   ( 3f  7/2) 0.68    12.567     1.000     0.000
  65  p   3f 7/2   ( 3f  7/2) 0.66    18.424     1.000     0.000
  66  p   4f 7/2   ( 4f  7/2) 0.72    29.634     0.990     0.010
  67  h   5f 7/2   ( 1f  7/2) 0.98    30.822     0.011     0.989
  68  p   6f 7/2   ( 5f  7/2) 0.64    44.477     1.000     0.000
  69  p   7f 7/2   ( 6f  7/2) 0.66    62.799     1.000     0.000
  70  p   8f 7/2   ( 7f  7/2) 0.64    93.766     1.000     0.000
  71  p   1g 9/2   ( 2g  9/2) 0.97     6.545     0.994     0.006
  72  p   2g 9/2   ( 4g  9/2) 0.50    14.831     1.000     0.000
  73  h   3g 9/2   ( 1g  9/2) 0.98    20.999     0.007     0.993
  74  p   4g 9/2   ( 3g  9/2) 0.75    22.748     0.995     0.005
  75  p   5g 9/2   ( 4g  9/2) 0.66    34.345     1.000     0.000
  76  p   6g 9/2   ( 5g  9/2) 0.58    49.602     1.000     0.000
  77  p   7g 9/2   ( 6g  9/2) 0.63    68.744     1.000     0.000
  79  h   1h 9/2   ( 1h  9/2) 0.97     5.200     0.018     0.982
  80  p   2h 9/2   ( 2h  9/2) 0.76    14.750     1.000     0.000
  81  p   3h 9/2   ( 2h  9/2) 0.59    19.571     1.000     0.000
  82  p   4h 9/2   ( 3h  9/2) 0.76    30.446     1.000     0.000
  83  p   5h 9/2   ( 4h  9/2) 0.68    44.951     1.000     0.000
  84  p   6h 9/2   ( 5h  9/2) 0.68    63.231     1.000     0.000
  85  p   7h 9/2   ( 6h  9/2) 0.64    92.844     1.000     0.000
  86  p   1i11/2   ( 1i 11/2) 0.97     6.575     0.991     0.009
  87  p   2i11/2   ( 2i 11/2) 0.50    17.630     1.000     0.000
  88  p   3i11/2   ( 2i 11/2) 0.78    24.410     1.000     0.000
  89  p   4i11/2   ( 3i 11/2) 0.70    35.049     1.000     0.000
  90  p   5i11/2   ( 4i 11/2) 0.61    50.280     1.000     0.000
  91  p   6i11/2   ( 5i 11/2) 0.65    69.412     1.000     0.000
  93  h   1h11/2   ( 1h 11/2) 0.98    10.926     0.008     0.992
  94  p   2h11/2   ( 2h 11/2) 0.88    13.591     0.997     0.003
  95  p   3h11/2   ( 4h 11/2) 0.50    18.376     0.999     0.001
  96  p   4h11/2   ( 3h 11/2) 0.76    29.338     1.000     0.000
  97  p   5h11/2   ( 4h 11/2) 0.70    43.598     1.000     0.000
  98  p   6h11/2   ( 5h 11/2) 0.68    61.183     1.000     0.000
  99  p   7h11/2   ( 6h 11/2) 0.64    91.707     1.000     0.000
 100  h   1i13/2   ( 1i 13/2) 0.85     1.489     0.248     0.752
 101  p   2i13/2   ( 2i 13/2) 0.59    17.310     1.000     0.000
 102  p   3i13/2   ( 2i 13/2) 0.75    22.823     1.000     0.000
 103  p   4i13/2   ( 3i 13/2) 0.74    33.528     1.000     0.000
 104  p   5i13/2   ( 4i 13/2) 0.65    48.665     1.000     0.000
 105  p   6i13/2   ( 5i 13/2) 0.66    66.910     1.000     0.000
 106  p   7i13/2   ( 6i 13/2) 0.64    98.074     1.000     0.000
 107  p   1j13/2   ( 1j 13/2) 0.95    16.666     0.999     0.001
 108  p   2j13/2   ( 4j 13/2) 0.50    21.240     1.000     0.000
 109  p   3j13/2   ( 2j 13/2) 0.79    31.179     1.000     0.000
 110  p   4j13/2   ( 3j 13/2) 0.73    44.393     1.000     0.000
 111  p   5j13/2   ( 4j 13/2) 0.71    62.303     1.000     0.000
 112  p   6j13/2   ( 5j 13/2) 0.64    91.054     1.000     0.000
 113  p   1k15/2   ( 3k 15/2) 0.48    22.046     1.000     0.000
 114  p   2k15/2   ( 1k 15/2) 0.84    26.590     1.000     0.000
 115  p   3k15/2   ( 2k 15/2) 0.76    36.082     1.000     0.000
 116  p   4k15/2   ( 3k 15/2) 0.67    49.940     1.000     0.000
 117  p   5k15/2   ( 4k 15/2) 0.69    68.181     1.000     0.000
 118  p   6k15/2   ( 5k 15/2) 0.65    97.570     1.000     0.000
 119  p   1j15/2   ( 1j 15/2) 0.97     9.128     0.996     0.004
 120  p   2j15/2   ( 2j 15/2) 0.55    20.570     1.000     0.000
 121  p   3j15/2   ( 2j 15/2) 0.77    29.252     1.000     0.000
 122  p   4j15/2   ( 3j 15/2) 0.76    42.333     1.000     0.000
 123  p   5j15/2   ( 4j 15/2) 0.72    59.398     1.000     0.000
 124  p   6j15/2   ( 6j 15/2) 0.64    88.282     1.000     0.000
 125  p   1k17/2   ( 1k 17/2) 0.97    18.213     0.999     0.001
 126  p   2k17/2   ( 3k 17/2) 0.51    22.923     1.000     0.000
 127  p   3k17/2   ( 2k 17/2) 0.79    33.437     1.000     0.000
 128  p   4k17/2   ( 3k 17/2) 0.73    47.275     1.000     0.000
 129  p   5k17/2   ( 4k 17/2) 0.71    64.542     1.000     0.000
 130  p   6k17/2   ( 5k 17/2) 0.64    94.314     1.000     0.000
 131  p   1l17/2   ( 3l 17/2) 0.54    25.980     1.000     0.000
 132  p   2l17/2   ( 1l 17/2) 0.84    34.134     1.000     0.000
 133  p   3l17/2   ( 2l 17/2) 0.76    45.218     1.000     0.000
 134  p   4l17/2   ( 3l 17/2) 0.73    62.034     1.000     0.000
 135  p   5l17/2   ( 5l 17/2) 0.66    88.156     1.000     0.000
 136  p   1m19/2   ( 3m 19/2) 0.56    28.363     1.000     0.000
 137  p   2m19/2   ( 1m 19/2) 0.81    39.071     1.000     0.000
 138  p   3m19/2   ( 2m 19/2) 0.69    50.676     1.000     0.000
 139  p   4m19/2   ( 3m 19/2) 0.70    68.208     1.000     0.000
 140  p   5m19/2   ( 4m 19/2) 0.65    94.882     1.000     0.000
 141  p   1l19/2   ( 1l 19/2) 0.73    25.180     1.000     0.000
 142  p   2l19/2   ( 1l 19/2) 0.66    28.559     1.000     0.000
 143  p   3l19/2   ( 2l 19/2) 0.78    41.581     1.000     0.000
 144  p   4l19/2   ( 3l 19/2) 0.75    57.157     1.000     0.000
 145  p   5l19/2   ( 5l 19/2) 0.69    83.411     1.000     0.000
 146  p   1m21/2   ( 3m 21/2) 0.55    28.232     1.000     0.000
 147  p   2m21/2   ( 1m 21/2) 0.89    35.271     1.000     0.000
 148  p   3m21/2   ( 2m 21/2) 0.80    46.056     1.000     0.000
 149  p   4m21/2   ( 3m 21/2) 0.75    62.377     1.000     0.000
 150  p   5m21/2   ( 5m 21/2) 0.68    88.520     1.000     0.000
 151  p   1n21/2   ( 2n 21/2) 0.60    33.270     1.000     0.000
 152  p   2n21/2   ( 1n 21/2) 0.81    46.695     1.000     0.000
 153  p   3n21/2   ( 2n 21/2) 0.73    61.819     1.000     0.000
 154  p   4n21/2   ( 4n 21/2) 0.67    86.731     1.000     0.000
 155  p   1o23/2   ( 2o 23/2) 0.60    35.778     1.000     0.000
 156  p   2o23/2   ( 1o 23/2) 0.80    50.782     1.000     0.000
 157  p   3o23/2   ( 2o 23/2) 0.72    66.948     1.000     0.000
 158  p   4o23/2   ( 4o 23/2) 0.65    93.159     1.000     0.000
 159  p   1n23/2   ( 2n 23/2) 0.57    33.072     1.000     0.000
 160  p   2n23/2   ( 1n 23/2) 0.85    43.696     1.000     0.000
 161  p   3n23/2   ( 2n 23/2) 0.75    55.677     1.000     0.000
 162  p   4n23/2   ( 4n 23/2) 0.74    77.548     1.000     0.000
 163  p   1o25/2   ( 2o 25/2) 0.59    35.677     1.000     0.000
 164  p   2o25/2   ( 1o 25/2) 0.85    49.101     1.000     0.000
 165  p   3o25/2   ( 2o 25/2) 0.77    61.284     1.000     0.000
 166  p   4o25/2   ( 4o 25/2) 0.72    82.768     1.000     0.000
 167  p   1P25/2   ( 2P 25/2) 0.68    42.309     1.000     0.000
 168  p   2P25/2   ( 1P 25/2) 0.77    60.387     1.000     0.000
 169  p   3P25/2   ( 3P 25/2) 0.71    83.683     1.000     0.000
 170  p   1q27/2   ( 2q 27/2) 0.68    45.041     1.000     0.000
 171  p   2q27/2   ( 1q 27/2) 0.78    64.506     1.000     0.000
 172  p   3q27/2   ( 3q 27/2) 0.70    88.756     1.000     0.000
 173  p   1P27/2   ( 2P 27/2) 0.65    42.130     1.000     0.000
 174  p   2P27/2   ( 1P 27/2) 0.78    58.392     1.000     0.000
 175  p   3P27/2   ( 3P 27/2) 0.76    73.868     1.000     0.000
 176  p   1q29/2   ( 2q 29/2) 0.66    44.904     1.000     0.000
 177  p   2q29/2   ( 1q 29/2) 0.79    63.357     1.000     0.000
 178  p   3q29/2   ( 3q 29/2) 0.73    79.867     1.000     0.000
 179  p   1r29/2   ( 1r 29/2) 0.78    54.035     1.000     0.000
 180  p   2r29/2   ( 2r 29/2) 0.77    78.914     1.000     0.000
 181  p   1S31/2   ( 1S 31/2) 0.78    57.062     1.000     0.000
 182  p   2S31/2   ( 2S 31/2) 0.77    83.344     1.000     0.000
 183  p   1r31/2   ( 1r 31/2) 0.77    53.869     1.000     0.000
 184  p   2r31/2   ( 2r 31/2) 0.77    74.763     1.000     0.000
 185  p   1S33/2   ( 1S 33/2) 0.77    56.931     1.000     0.000
 186  p   2S33/2   ( 2S 33/2) 0.76    80.238     1.000     0.000
 187  p   1t33/2   ( 1t 33/2) 0.98    70.814     1.000     0.000
 188  p   1u35/2   ( 1u 35/2) 0.98    74.320     1.000     0.000
 189  p   1t35/2   ( 1t 35/2) 0.98    70.149     1.000     0.000
 190  p   1u37/2   ( 1u 37/2) 0.98    73.866     1.000     0.000


 quasi-particle properties Proton: 
 ------------------------------------------------------------------
     p/h    l j     [nr,l,j]  smax       Eqp       uu       vv
   1  h   1s 1/2   ( 3s  1/2) 0.94     1.565     0.000     1.000
   2  p   2s 1/2   ( 4s  1/2) 0.69    15.665     1.000     0.000
   3  p   3s 1/2   ( 4s  1/2) 0.62    19.866     1.000     0.000
   4  h   4s 1/2   ( 2s  1/2) 0.86    24.903     0.000     1.000
   5  p   5s 1/2   ( 5s  1/2) 0.67    29.439     1.000     0.000
   6  p   6s 1/2   ( 5s  1/2) 0.53    42.861     1.000     0.000
   7  h   7s 1/2   ( 1s  1/2) 0.90    44.534     0.000     1.000
   8  p   8s 1/2   ( 6s  1/2) 0.56    58.488     1.000     0.000
   9  p   9s 1/2   ( 8s  1/2) 0.55    78.861     1.000     0.000
  11  p   1p 1/2   ( 3p  1/2) 0.95     9.085     1.000     0.000
  12  h   2p 1/2   ( 2p  1/2) 0.93    13.773     0.000     1.000
  13  p   3p 1/2   ( 5p  1/2) 0.50    18.017     1.000     0.000
  14  p   4p 1/2   ( 4p  1/2) 0.75    26.078     1.000     0.000
  15  p   5p 1/2   ( 5p  1/2) 0.62    37.869     1.000     0.000
  16  h   6p 1/2   ( 1p  1/2) 0.95    38.072     0.000     1.000
  17  p   7p 1/2   ( 6p  1/2) 0.54    53.165     1.000     0.000
  18  p   8p 1/2   ( 7p  1/2) 0.60    72.528     1.000     0.000
  20  h   1d 3/2   ( 2d  3/2) 0.96     3.036     0.000     1.000
  21  p   2d 3/2   ( 3d  3/2) 0.78    16.118     1.000     0.000
  22  p   3d 3/2   ( 3d  3/2) 0.55    20.040     1.000     0.000
  23  h   4d 3/2   ( 1d  3/2) 0.97    29.607     0.000     1.000
  24  p   5d 3/2   ( 4d  3/2) 0.69    29.742     1.000     0.000
  25  p   6d 3/2   ( 4d  3/2) 0.53    42.868     1.000     0.000
  26  p   7d 3/2   ( 5d  3/2) 0.57    58.584     1.000     0.000
  27  p   8d 3/2   ( 7d  3/2) 0.56    78.884     1.000     0.000
  29  p   1p 3/2   ( 3p  3/2) 0.95     8.399     1.000     0.000
  30  h   2p 3/2   ( 2p  3/2) 0.91    14.696     0.000     1.000
  31  p   3p 3/2   ( 5p  3/2) 0.51    17.943     1.000     0.000
  32  p   4p 3/2   ( 4p  3/2) 0.75    25.713     1.000     0.000
  33  p   5p 3/2   ( 5p  3/2) 0.64    37.494     1.000     0.000
  34  h   6p 3/2   ( 1p  3/2) 0.94    38.706     0.000     1.000
  35  p   7p 3/2   ( 6p  3/2) 0.56    52.552     1.000     0.000
  36  p   8p 3/2   ( 7p  3/2) 0.61    71.767     1.000     0.000
  38  h   1d 5/2   ( 2d  5/2) 0.95     4.656     0.000     1.000
  39  p   2d 5/2   ( 3d  5/2) 0.82    15.691     1.000     0.000
  40  p   3d 5/2   ( 3d  5/2) 0.48    19.728     1.000     0.000
  41  p   4d 5/2   ( 4d  5/2) 0.69    29.387     1.000     0.000
  42  h   5d 5/2   ( 1d  5/2) 0.96    31.216     0.000     1.000
  43  p   6d 5/2   ( 4d  5/2) 0.52    42.566     1.000     0.000
  44  p   7d 5/2   ( 5d  5/2) 0.55    57.987     1.000     0.000
  45  p   8d 5/2   ( 7d  5/2) 0.56    78.073     1.000     0.000
  47  p   1f 5/2   ( 2f  5/2) 0.98     7.140     1.000     0.000
  48  p   2f 5/2   ( 3f  5/2) 0.49    19.169     1.000     0.000
  49  h   3f 5/2   ( 1f  5/2) 0.98    19.708     0.000     1.000
  50  p   4f 5/2   ( 3f  5/2) 0.78    25.995     1.000     0.000
  51  p   5f 5/2   ( 4f  5/2) 0.69    37.355     1.000     0.000
  52  p   6f 5/2   ( 5f  5/2) 0.59    52.584     1.000     0.000
  53  p   7f 5/2   ( 6f  5/2) 0.63    71.634     1.000     0.000
  55  h   1g 7/2   ( 1g  7/2) 0.98     8.932     0.000     1.000
  56  p   2g 7/2   ( 2g  7/2) 0.95    15.900     1.000     0.000
  57  p   3g 7/2   ( 5g  7/2) 0.47    20.779     1.000     0.000
  58  p   4g 7/2   ( 3g  7/2) 0.75    30.220     1.000     0.000
  59  p   5g 7/2   ( 4g  7/2) 0.58    42.429     1.000     0.000
  60  p   6g 7/2   ( 4g  7/2) 0.55    57.930     1.000     0.000
  61  p   7g 7/2   ( 6g  7/2) 0.60    77.905     1.000     0.000
  63  p   1f 7/2   ( 2f  7/2) 0.97     4.980     1.000     0.000
  64  p   2f 7/2   ( 3f  7/2) 0.53    19.005     1.000     0.000
  65  h   3f 7/2   ( 1f  7/2) 0.98    22.662     0.000     1.000
  66  p   4f 7/2   ( 3f  7/2) 0.76    25.251     1.000     0.000
  67  p   5f 7/2   ( 4f  7/2) 0.70    36.782     1.000     0.000
  68  p   6f 7/2   ( 5f  7/2) 0.59    51.929     1.000     0.000
  69  p   7f 7/2   ( 6f  7/2) 0.62    70.695     1.000     0.000
  71  h   1g 9/2   ( 1g  9/2) 0.98    13.465     0.000     1.000
  72  p   2g 9/2   ( 2g  9/2) 0.97    13.780     1.000     0.000
  73  p   3g 9/2   ( 4g  9/2) 0.48    20.500     1.000     0.000
  74  p   4g 9/2   ( 3g  9/2) 0.76    29.425     1.000     0.000
  75  p   5g 9/2   ( 4g  9/2) 0.61    41.462     1.000     0.000
  76  p   6g 9/2   ( 5g  9/2) 0.53    56.880     1.000     0.000
  77  p   7g 9/2   ( 6g  9/2) 0.59    76.477     1.000     0.000
  79  p   1h 9/2   ( 1h  9/2) 0.98     2.192     1.000     0.000
  80  p   2h 9/2   ( 2h  9/2) 0.63    21.334     1.000     0.000
  81  p   3h 9/2   ( 2h  9/2) 0.73    25.801     1.000     0.000
  82  p   4h 9/2   ( 3h  9/2) 0.75    37.221     1.000     0.000
  83  p   5h 9/2   ( 4h  9/2) 0.65    52.156     1.000     0.000
  84  p   6h 9/2   ( 5h  9/2) 0.66    70.684     1.000     0.000
  86  p   1i11/2   ( 1i 11/2) 0.98    13.091     1.000     0.000
  87  p   2i11/2   ( 4i 11/2) 0.49    23.379     1.000     0.000
  88  p   3i11/2   ( 2i 11/2) 0.82    31.115     1.000     0.000
  89  p   4i11/2   ( 3i 11/2) 0.69    41.684     1.000     0.000
  90  p   5i11/2   ( 4i 11/2) 0.58    57.282     1.000     0.000
  91  p   6i11/2   ( 5i 11/2) 0.63    76.685     1.000     0.000
  93  h   1h11/2   ( 1h 11/2) 0.98     3.945     0.000     1.000
  94  p   2h11/2   ( 2h 11/2) 0.80    20.537     1.000     0.000
  95  p   3h11/2   ( 2h 11/2) 0.55    24.295     1.000     0.000
  96  p   4h11/2   ( 3h 11/2) 0.77    36.167     1.000     0.000
  97  p   5h11/2   ( 4h 11/2) 0.67    50.753     1.000     0.000
  98  p   6h11/2   ( 5h 11/2) 0.66    68.585     1.000     0.000
 100  p   1i13/2   ( 1i 13/2) 0.98     5.669     1.000     0.000
 101  p   2i13/2   ( 4i 13/2) 0.47    23.201     1.000     0.000
 102  p   3i13/2   ( 2i 13/2) 0.83    29.402     1.000     0.000
 103  p   4i13/2   ( 3i 13/2) 0.73    40.116     1.000     0.000
 104  p   5i13/2   ( 4i 13/2) 0.62    55.664     1.000     0.000
 105  p   6i13/2   ( 5i 13/2) 0.64    74.156     1.000     0.000
 107  p   1j13/2   ( 1j 13/2) 0.95    22.934     1.000     0.000
 108  p   2j13/2   ( 4j 13/2) 0.52    26.904     1.000     0.000
 109  p   3j13/2   ( 2j 13/2) 0.81    38.076     1.000     0.000
 110  p   4j13/2   ( 3j 13/2) 0.72    51.290     1.000     0.000
 111  p   5j13/2   ( 4j 13/2) 0.70    69.274     1.000     0.000
 112  p   6j13/2   ( 5j 13/2) 0.64    99.597     1.000     0.000
 113  p   1k15/2   ( 4k 15/2) 0.51    27.757     1.000     0.000
 114  p   2k15/2   ( 1k 15/2) 0.89    32.454     1.000     0.000
 115  p   3k15/2   ( 2k 15/2) 0.76    42.461     1.000     0.000
 116  p   4k15/2   ( 3k 15/2) 0.65    56.862     1.000     0.000
 117  p   5k15/2   ( 4k 15/2) 0.68    75.059     1.000     0.000
 119  p   1j15/2   ( 1j 15/2) 0.98    15.161     1.000     0.000
 120  p   2j15/2   ( 4j 15/2) 0.51    26.377     1.000     0.000
 121  p   3j15/2   ( 2j 15/2) 0.82    36.086     1.000     0.000
 122  p   4j15/2   ( 3j 15/2) 0.76    49.088     1.000     0.000
 123  p   5j15/2   ( 4j 15/2) 0.71    66.372     1.000     0.000
 124  p   6j15/2   ( 5j 15/2) 0.64    96.848     1.000     0.000
 125  p   1k17/2   ( 1k 17/2) 0.97    24.209     1.000     0.000
 126  p   2k17/2   ( 4k 17/2) 0.52    28.277     1.000     0.000
 127  p   3k17/2   ( 2k 17/2) 0.81    40.000     1.000     0.000
 128  p   4k17/2   ( 3k 17/2) 0.73    54.052     1.000     0.000
 129  p   5k17/2   ( 4k 17/2) 0.70    71.340     1.000     0.000
 131  p   1l17/2   ( 3l 17/2) 0.55    31.807     1.000     0.000
 132  p   2l17/2   ( 1l 17/2) 0.88    40.361     1.000     0.000
 133  p   3l17/2   ( 2l 17/2) 0.77    51.491     1.000     0.000
 134  p   4l17/2   ( 3l 17/2) 0.73    68.712     1.000     0.000
 135  p   5l17/2   ( 5l 17/2) 0.65    95.987     1.000     0.000
 136  p   1m19/2   ( 3m 19/2) 0.57    33.858     1.000     0.000
 137  p   2m19/2   ( 1m 19/2) 0.84    45.601     1.000     0.000
 138  p   3m19/2   ( 2m 19/2) 0.70    56.716     1.000     0.000
 139  p   4m19/2   ( 3m 19/2) 0.70    74.506     1.000     0.000
 141  p   1l19/2   ( 1l 19/2) 0.67    31.213     1.000     0.000
 142  p   2l19/2   ( 1l 19/2) 0.72    34.132     1.000     0.000
 143  p   3l19/2   ( 2l 19/2) 0.79    48.223     1.000     0.000
 144  p   4l19/2   ( 3l 19/2) 0.75    63.804     1.000     0.000
 145  p   5l19/2   ( 5l 19/2) 0.68    91.169     1.000     0.000
 146  p   1m21/2   ( 3m 21/2) 0.56    33.763     1.000     0.000
 147  p   2m21/2   ( 1m 21/2) 0.92    41.347     1.000     0.000
 148  p   3m21/2   ( 2m 21/2) 0.81    52.282     1.000     0.000
 149  p   4m21/2   ( 3m 21/2) 0.75    68.897     1.000     0.000
 150  p   5m21/2   ( 5m 21/2) 0.67    95.974     1.000     0.000
 151  p   1n21/2   ( 3n 21/2) 0.59    39.069     1.000     0.000
 152  p   2n21/2   ( 1n 21/2) 0.84    53.566     1.000     0.000
 153  p   3n21/2   ( 2n 21/2) 0.75    67.622     1.000     0.000
 154  p   4n21/2   ( 4n 21/2) 0.67    93.526     1.000     0.000
 155  p   1o23/2   ( 3o 23/2) 0.60    41.301     1.000     0.000
 156  p   2o23/2   ( 1o 23/2) 0.81    57.683     1.000     0.000
 157  p   3o23/2   ( 2o 23/2) 0.73    72.978     1.000     0.000
 158  p   4o23/2   ( 4o 23/2) 0.65    99.432     1.000     0.000
 159  p   1n23/2   ( 3n 23/2) 0.58    38.877     1.000     0.000
 160  p   2n23/2   ( 1n 23/2) 0.87    50.208     1.000     0.000
 161  p   3n23/2   ( 2n 23/2) 0.76    61.719     1.000     0.000
 162  p   4n23/2   ( 4n 23/2) 0.73    84.336     1.000     0.000
 163  p   1o25/2   ( 3o 25/2) 0.59    41.191     1.000     0.000
 164  p   2o25/2   ( 1o 25/2) 0.87    55.879     1.000     0.000
 165  p   3o25/2   ( 2o 25/2) 0.78    67.210     1.000     0.000
 166  p   4o25/2   ( 4o 25/2) 0.72    89.184     1.000     0.000
 167  p   1P25/2   ( 2P 25/2) 0.68    48.264     1.000     0.000
 168  p   2P25/2   ( 1P 25/2) 0.79    67.445     1.000     0.000
 169  p   3P25/2   ( 3P 25/2) 0.71    89.313     1.000     0.000
 170  p   1q27/2   ( 2q 27/2) 0.69    50.732     1.000     0.000
 171  p   2q27/2   ( 1q 27/2) 0.79    71.609     1.000     0.000
 172  p   3q27/2   ( 3q 27/2) 0.69    94.487     1.000     0.000
 173  p   1P27/2   ( 2P 27/2) 0.65    48.057     1.000     0.000
 174  p   2P27/2   ( 1P 27/2) 0.80    65.358     1.000     0.000
 175  p   3P27/2   ( 3P 27/2) 0.77    79.609     1.000     0.000
 176  p   1q29/2   ( 2q 29/2) 0.67    50.564     1.000     0.000
 177  p   2q29/2   ( 1q 29/2) 0.80    70.459     1.000     0.000
 178  p   3q29/2   ( 3q 29/2) 0.72    85.636     1.000     0.000
 179  p   1r29/2   ( 1r 29/2) 0.77    60.314     1.000     0.000
 180  p   2r29/2   ( 2r 29/2) 0.76    85.648     1.000     0.000
 181  p   1S31/2   ( 1S 31/2) 0.76    63.095     1.000     0.000
 182  p   2S31/2   ( 2S 31/2) 0.76    90.273     1.000     0.000
 183  p   1r31/2   ( 1r 31/2) 0.76    60.107     1.000     0.000
 184  p   2r31/2   ( 2r 31/2) 0.75    81.548     1.000     0.000
 185  p   1S33/2   ( 1S 33/2) 0.75    62.924     1.000     0.000
 186  p   2S33/2   ( 2S 33/2) 0.75    87.206     1.000     0.000
 187  p   1t33/2   ( 1t 33/2) 0.98    77.599     1.000     0.000
 188  p   1u35/2   ( 1u 35/2) 0.98    80.941     1.000     0.000
 189  p   1t35/2   ( 1t 35/2) 0.98    76.918     1.000     0.000
 190  p   1u37/2   ( 1u 37/2) 0.98    80.466     1.000     0.000
  ****** END RESU ***********************************
