
  ******************************************  
  *           Fortran 77 Code              *  
  *         Spherical H.O. basis            *  
  * Dirac-Hartree-Bogoliubov calculation   *  
  *        with density-dependent          *  
  * meson-exchange or point coupling force *  
  *          and separable pairing         *  
  * -------------------------------------- *  
  *      Niksic, Paar, Vretenar, Ring      *  
  *          18/ 4/2026/01:51:31           *
  *       Pb 232  N = 150  Z =  82
  ******************************************  
  ****** BEGIN READER *******************************
 Number of oscillator shells :    18   20
 Initialization inin,inink   :     1    1
 Nucleus: Pb 232   150  82
 Initial Gap Parameters      :     1.0000    1.0000
 Parameter set               :    DD-ME2    
  ****** END READER *********************************
  ****** BEGIN FORCES *******************************

 NEDF Parameters: DD-ME2    
 AMU   =  939.000
 msig  =  550.124  gsig =    10.5396  Gsig =   -14.2924
 mome  =  783.000  gome =    13.0189  Gome =    10.7647
 mdel  =    0.000  gdel =     0.0000  Gdel =    -0.0000
 mrho  =  763.000  grho =     3.6836  Grho =     0.9076
  
 Density dependence parameters:
           scasca    scavec    vecsca    vecvec
 a    =   1.388148  1.389291  0.000000  0.564700
 b    =   1.094300  0.923975  0.000000  0.000000
 c    =   1.705700  1.462000  0.000000  0.000000
 d    =   0.442067  0.477492  0.000000  0.000000
 dsat =   0.152000
  
 TMR pairing: Tian,Ma,Ring, PRB 676, 44 (2009)
 TMR pairing strength    gl =:  -728.00000 [MeV*fm^3]
 TMR pairing width        a =:     0.64420 [fm]
  ****** END FORCES *********************************
  ****** BEGIN PREP *********************************
  
 hom =                            6.672489
 hb0 =                           20.734000
 b0  =                            2.492945
 with Coulomb force
 With microscopic c.m. correction
  ****** END PREP ***********************************
  ****** BEGIN ITER *********************************
  1.It. si =    0.0000000  E/A =    0.0000 R =    0.0000  mix = 0.50
  2.It. si =   87.6005843  E/A =   -7.2802 R =    6.0061  mix = 0.50
  3.It. si =   44.6188180  E/A =   -7.3188 R =    5.9866  mix = 0.50
  4.It. si =   12.2551290  E/A =   -7.3455 R =    5.9626  mix = 0.50
  5.It. si =   15.4132039  E/A =   -7.3704 R =    5.9352  mix = 0.50
  6.It. si =   14.7516257  E/A =   -7.3782 R =    5.9189  mix = 0.50
  7.It. si =    1.3923580  E/A =   -7.3864 R =    5.8809  mix = 0.50
  8.It. si =    1.1861370  E/A =   -7.3870 R =    5.8729  mix = 0.50
  9.It. si =    0.4102380  E/A =   -7.3870 R =    5.8736  mix = 0.50
 10.It. si =    0.4310166  E/A =   -7.3870 R =    5.8746  mix = 0.50
 11.It. si =    0.4702632  E/A =   -7.3870 R =    5.8746  mix = 0.50
 12.It. si =    0.1433597  E/A =   -7.3871 R =    5.8738  mix = 0.50
 13.It. si =    0.0682823  E/A =   -7.3872 R =    5.8733  mix = 0.50
 14.It. si =    0.0884014  E/A =   -7.3875 R =    5.8725  mix = 0.50
 15.It. si =    0.0575831  E/A =   -7.3874 R =    5.8727  mix = 0.50
 16.It. si =    0.0227269  E/A =   -7.3875 R =    5.8725  mix = 0.50
 17.It. si =    0.0521997  E/A =   -7.3874 R =    5.8725  mix = 0.50
 18.It. si =    0.1051576  E/A =   -7.3874 R =    5.8723  mix = 0.50
 19.It. si =    0.0671768  E/A =   -7.3874 R =    5.8724  mix = 0.50
 20.It. si =    0.0238981  E/A =   -7.3874 R =    5.8724  mix = 0.50
 21.It. si =    0.0209846  E/A =   -7.3873 R =    5.8724  mix = 0.50
 22.It. si =    0.0066910  E/A =   -7.3873 R =    5.8724  mix = 0.50
 23.It. si =    0.0079233  E/A =   -7.3873 R =    5.8724  mix = 0.50
 24.It. si =    0.0003302  E/A =   -7.3873 R =    5.8724  mix = 0.50
 25.It. si =    0.0003897  E/A =   -7.3873 R =    5.8724  mix = 0.50
 26.It. si =    0.0001136  E/A =   -7.3874 R =    5.8724  mix = 0.50
 27.It. si =    0.0000784  E/A =   -7.3874 R =    5.8724  mix = 0.50
 28.It. si =    0.0000249  E/A =   -7.3874 R =    5.8724  mix = 0.50
 29.It. si =    0.0000189  E/A =   -7.3874 R =    5.8724  mix = 0.50
 30.It. si =    0.0000136  E/A =   -7.3874 R =    5.8724  mix = 0.50
 31.It. si =    0.0000043  E/A =   -7.3874 R =    5.8724  mix = 0.50
 32.It. si =    0.0000021  E/A =   -7.3874 R =    5.8724  mix = 0.50
 ********************************************************************
 Pb 232: Iteration converged after  32 steps   si =      0.0000007432
 ********************************************************************
  ****** END ITER ***********************************
  ****** BEGIN CANON ********************************
 single-particle energies and gaps  in the canonical basis: Neutron:
 ------------------------------------------------------------------
    j pi     (nr,l,j)  smax       Ecan       vvcan       decan
 j = 1/2+  (   s 1/2)  0.99    -57.8726      0.9998      1.6041
 j = 1/2+  (   s 1/2)  0.98    -44.5471      0.9997      1.5473
 j = 1/2+  (   s 1/2)  0.98    -21.4378      0.9980      1.6576
 j = 1/2+  (   s 1/2)  0.94     -1.4233      0.1062      1.0271
 j = 1/2+  (   s 1/2)  0.88      9.5677      0.0006      0.5994
 j = 1/2+  (   s 1/2)  0.84     21.5240      0.0001      0.4941
 j = 1/2+  (   s 1/2)  0.89     37.1805      0.0000      0.3498
 j = 1/2+  (   s 1/2)  0.89     38.4319      0.0000      0.0437
 j = 1/2+  (   s 1/2)  0.95     52.3198      0.0000      0.2261
 j = 1/2+  (   s 1/2)  0.88     68.0308      0.0000      0.1497
 j = 1/2-  (   p 1/2)  0.99    -52.6142      0.9997      1.6013
 j = 1/2-  (   p 1/2)  0.98    -32.9973      0.9994      1.5252
 j = 1/2-  (   p 1/2)  0.97     -9.5033      0.9880      1.5114
 j = 1/2-  (   p 1/2)  0.94      5.7733      0.0018      0.7227
 j = 1/2-  (   p 1/2)  0.89     16.5584      0.0002      0.5145
 j = 1/2-  (   p 1/2)  0.88     30.4221      0.0000      0.3640
 j = 1/2-  (   p 1/2)  0.92     41.0214      0.0000      0.0614
 j = 1/2-  (   p 1/2)  0.93     43.7522      0.0000      0.2406
 j = 1/2-  (   p 1/2)  0.92     61.8548      0.0000      0.1677
 j = 3/2+  (   d 3/2)  0.99    -44.9884      0.9997      1.5318
 j = 3/2+  (   d 3/2)  0.98    -21.8927      0.9983      1.5912
 j = 3/2+  (   d 3/2)  0.96     -1.0527      0.0851      1.1316
 j = 3/2+  (   d 3/2)  0.90     10.7934      0.0005      0.6026
 j = 3/2+  (   d 3/2)  0.86     22.5349      0.0001      0.4700
 j = 3/2+  (   d 3/2)  0.88     37.1572      0.0000      0.3112
 j = 3/2+  (   d 3/2)  0.90     40.5935      0.0000      0.0423
 j = 3/2+  (   d 3/2)  0.94     49.5806      0.0000      0.1919
 j = 3/2+  (   d 3/2)  0.89     68.3101      0.0000      0.1306
 j = 3/2-  (   p 3/2)  0.99    -52.8900      0.9997      1.6093
 j = 3/2-  (   p 3/2)  0.98    -33.8281      0.9994      1.5284
 j = 3/2-  (   p 3/2)  0.98    -10.3723      0.9905      1.5132
 j = 3/2-  (   p 3/2)  0.94      5.3756      0.0020      0.7278
 j = 3/2-  (   p 3/2)  0.89     16.1538      0.0002      0.5054
 j = 3/2-  (   p 3/2)  0.89     30.0249      0.0000      0.3636
 j = 3/2-  (   p 3/2)  0.92     40.5903      0.0000      0.0610
 j = 3/2-  (   p 3/2)  0.93     43.3464      0.0000      0.2400
 j = 3/2-  (   p 3/2)  0.92     61.3505      0.0000      0.1676
 j = 5/2+  (   d 5/2)  0.99    -45.9217      0.9997      1.5508
 j = 5/2+  (   d 5/2)  0.98    -23.4916      0.9985      1.6042
 j = 5/2+  (   d 5/2)  0.96     -1.8911      0.1988      1.1191
 j = 5/2+  (   d 5/2)  0.90     10.2322      0.0005      0.5953
 j = 5/2+  (   d 5/2)  0.86     21.6921      0.0001      0.4680
 j = 5/2+  (   d 5/2)  0.87     36.5067      0.0000      0.3113
 j = 5/2+  (   d 5/2)  0.90     40.6355      0.0000      0.0428
 j = 5/2+  (   d 5/2)  0.94     49.0795      0.0000      0.1924
 j = 5/2+  (   d 5/2)  0.89     67.6829      0.0000      0.1310
 j = 5/2-  (   f 5/2)  0.98    -36.0802      0.9995      1.4732
 j = 5/2-  (   f 5/2)  0.98    -10.8857      0.9916      1.5123
 j = 5/2-  (   f 5/2)  0.97      6.2563      0.0023      0.8737
 j = 5/2-  (   f 5/2)  0.95     17.9296      0.0002      0.5512
 j = 5/2-  (   f 5/2)  0.94     31.5622      0.0000      0.3848
 j = 5/2-  (   f 5/2)  0.91     39.2938      0.0000      0.0555
 j = 5/2-  (   f 5/2)  0.95     43.5073      0.0000      0.2367
 j = 5/2-  (   f 5/2)  0.91     60.1953      0.0000      0.1576
 j = 7/2+  (   g 7/2)  0.98    -26.0508      0.9990      1.4545
 j = 7/2+  (   g 7/2)  0.98     -1.4784      0.1533      1.3068
 j = 7/2+  (   g 7/2)  0.96     12.7097      0.0005      0.6570
 j = 7/2+  (   g 7/2)  0.95     24.3098      0.0001      0.4882
 j = 7/2+  (   g 7/2)  0.85     34.2180      0.0000      0.0349
 j = 7/2+  (   g 7/2)  0.94     39.0955      0.0000      0.3233
 j = 7/2+  (   g 7/2)  0.93     52.2937      0.0000      0.2029
 j = 7/2+  (   g 7/2)  0.82     65.3953      0.0000      0.1305
 j = 7/2-  (   f 7/2)  0.98    -38.0458      0.9996      1.5013
 j = 7/2-  (   f 7/2)  0.98    -13.0770      0.9947      1.5160
 j = 7/2-  (   f 7/2)  0.97      5.2440      0.0030      0.8749
 j = 7/2-  (   f 7/2)  0.95     17.1927      0.0002      0.5368
 j = 7/2-  (   f 7/2)  0.94     30.7903      0.0000      0.3830
 j = 7/2-  (   f 7/2)  0.91     38.9857      0.0000      0.0554
 j = 7/2-  (   f 7/2)  0.95     42.9134      0.0000      0.2356
 j = 7/2-  (   f 7/2)  0.91     59.6304      0.0000      0.1571
 j = 9/2+  (   g 9/2)  0.98    -29.4582      0.9992      1.4951
 j = 9/2+  (   g 9/2)  0.98     -3.7483      0.8075      1.2983
 j = 9/2+  (   g 9/2)  0.96     11.7695      0.0005      0.6655
 j = 9/2+  (   g 9/2)  0.95     23.1264      0.0001      0.4723
 j = 9/2+  (   g 9/2)  0.85     33.8973      0.0000      0.0348
 j = 9/2+  (   g 9/2)  0.94     38.1857      0.0000      0.3198
 j = 9/2+  (   g 9/2)  0.93     51.7024      0.0000      0.2012
 j = 9/2+  (   g 9/2)  0.81     64.4411      0.0000      0.1293
 j = 9/2-  (   h 9/2)  0.98    -15.2584      0.9970      1.3822
 j = 9/2-  (   h 9/2)  0.97      6.5720      0.0036      1.1211
 j = 9/2-  (   h 9/2)  0.97     19.6572      0.0002      0.5705
 j = 9/2-  (   h 9/2)  0.85     32.5279      0.0000      0.0459
 j = 9/2-  (   h 9/2)  0.96     32.9673      0.0000      0.3854
 j = 9/2-  (   h 9/2)  0.93     46.3558      0.0000      0.2434
 j = 9/2-  (   h 9/2)  0.82     60.5093      0.0000      0.1630
 j =11/2+  (   i11/2)  0.98     -4.4987      0.9007      1.3156
 j =11/2+  (   i11/2)  0.97     14.2447      0.0007      0.8915
 j =11/2+  (   i11/2)  0.79     21.5723      0.0000      0.0258
 j =11/2+  (   i11/2)  0.96     26.9084      0.0001      0.5083
 j =11/2+  (   i11/2)  0.93     40.3211      0.0000      0.3132
 j =11/2+  (   i11/2)  0.87     54.4856      0.0000      0.1944
 j =11/2+  (   i11/2)  0.82     71.2718      0.0000      0.1233
 j =11/2-  (   h11/2)  0.98    -20.1020      0.9983      1.4322
 j =11/2-  (   h11/2)  0.98      4.1738      0.0063      1.1035
 j =11/2-  (   h11/2)  0.96     18.2501      0.0002      0.5627
 j =11/2-  (   h11/2)  0.95     31.3091      0.0000      0.3824
 j =11/2-  (   h11/2)  0.85     32.1428      0.0000      0.0458
 j =11/2-  (   h11/2)  0.93     45.3172      0.0000      0.2417
 j =11/2-  (   h11/2)  0.82     59.7452      0.0000      0.1629
 j =13/2+  (   i13/2)  0.98    -10.6495      0.9929      1.3489
 j =13/2+  (   i13/2)  0.97     11.6627      0.0010      0.9002
 j =13/2+  (   i13/2)  0.79     21.3283      0.0000      0.0257
 j =13/2+  (   i13/2)  0.96     25.3513      0.0001      0.4930
 j =13/2+  (   i13/2)  0.93     38.5685      0.0000      0.3098
 j =13/2+  (   i13/2)  0.86     53.2318      0.0000      0.1929
 j =13/2+  (   i13/2)  0.82     69.9014      0.0000      0.1221
 j =13/2-  (   j13/2)  0.98      5.8468      0.0054      1.2654
 j =13/2-  (   j13/2)  0.97     21.2493      0.0002      0.6684
 j =13/2-  (   j13/2)  0.82     30.8252      0.0000      0.0402
 j =13/2-  (   j13/2)  0.94     34.8136      0.0000      0.4309
 j =13/2-  (   j13/2)  0.88     47.1402      0.0000      0.2471
 j =13/2-  (   j13/2)  0.76     58.7396      0.0000      0.1519
 j =15/2+  (   k15/2)  0.98     15.2170      0.0010      1.1379
 j =15/2+  (   k15/2)  0.78     21.8632      0.0000      0.0243
 j =15/2+  (   k15/2)  0.96     28.8792      0.0001      0.5494
 j =15/2+  (   k15/2)  0.89     42.7357      0.0000      0.3494
 j =15/2+  (   k15/2)  0.78     56.6243      0.0000      0.2100
 j =15/2+  (   k15/2)  0.85     66.0259      0.0000      0.1131
 j =15/2-  (   j15/2)  0.98     -1.3588      0.1307      1.2565
 j =15/2-  (   j15/2)  0.96     18.7591      0.0003      0.7065
 j =15/2-  (   j15/2)  0.82     30.2809      0.0000      0.0400
 j =15/2-  (   j15/2)  0.93     32.1462      0.0000      0.4240
 j =15/2-  (   j15/2)  0.88     45.8219      0.0000      0.2469
 j =15/2-  (   j15/2)  0.75     56.9288      0.0000      0.1506
 j =17/2+  (   k17/2)  0.98      7.7145      0.0030      1.1485
 j =17/2+  (   k17/2)  0.78     21.7061      0.0000      0.0244
 j =17/2+  (   k17/2)  0.94     25.5591      0.0001      0.5646
 j =17/2+  (   k17/2)  0.88     39.6852      0.0000      0.3452
 j =17/2+  (   k17/2)  0.77     54.9759      0.0000      0.2094
 j =17/2+  (   k17/2)  0.85     63.9500      0.0000      0.1117
 j =17/2-  (   l17/2)  0.97     23.7634      0.0004      0.9894
 j =17/2-  (   l17/2)  0.77     29.4480      0.0000      0.0370
 j =17/2-  (   l17/2)  0.93     36.6622      0.0000      0.4646
 j =17/2-  (   l17/2)  0.83     50.9014      0.0000      0.2781
 j =17/2-  (   l17/2)  0.65     56.8378      0.0000      0.1555
 j =19/2+  (   m19/2)  0.77     24.2866      0.0000      0.0253
 j =19/2+  (   m19/2)  0.95     32.0229      0.0002      0.8482
 j =19/2+  (   m19/2)  0.87     44.3209      0.0000      0.3915
 j =19/2+  (   m19/2)  0.73     59.3555      0.0000      0.2284
 j =19/2+  (   m19/2)  0.85     62.8139      0.0000      0.1129
 j =19/2-  (   l19/2)  0.96     16.3544      0.0007      1.0084
 j =19/2-  (   l19/2)  0.76     28.9174      0.0000      0.0367
 j =19/2-  (   l19/2)  0.91     32.5323      0.0000      0.4674
 j =19/2-  (   l19/2)  0.81     47.6782      0.0000      0.2767
 j =19/2-  (   l19/2)  0.63     54.3503      0.0000      0.1531
 j =21/2+  (   m21/2)  0.77     24.0837      0.0000      0.0255
 j =21/2+  (   m21/2)  0.94     24.7837      0.0002      0.8677
 j =21/2+  (   m21/2)  0.85     39.6931      0.0000      0.3910
 j =21/2+  (   m21/2)  0.70     55.3292      0.0000      0.2273
 j =21/2+  (   m21/2)  0.85     59.9903      0.0000      0.1105
 j =21/2-  (   n21/2)  0.75     32.0118      0.0000      0.0384
 j =21/2-  (   n21/2)  0.92     39.8655      0.0001      0.7124
 j =21/2-  (   n21/2)  0.80     52.3554      0.0000      0.3260
 j =21/2-  (   n21/2)  0.62     57.4438      0.0000      0.1626
 j =23/2+  (   o23/2)  0.71     32.8664      0.0000      0.0268
 j =23/2+  (   o23/2)  0.89     47.8667      0.0000      0.5936
 j =23/2+  (   o23/2)  0.64     58.1455      0.0000      0.1195
 j =23/2+  (   o23/2)  0.69     60.6993      0.0000      0.2767
 j =23/2-  (   n23/2)  0.74     31.2660      0.0000      0.0380
 j =23/2-  (   n23/2)  0.91     32.9490      0.0001      0.7286
 j =23/2-  (   n23/2)  0.76     47.2647      0.0000      0.3270
 j =23/2-  (   n23/2)  0.62     52.9497      0.0000      0.1585
 j =25/2+  (   o25/2)  0.70     32.3217      0.0000      0.0266
 j =25/2+  (   o25/2)  0.87     41.1633      0.0000      0.6081
 j =25/2+  (   o25/2)  0.64     54.3202      0.0000      0.1164
 j =25/2+  (   o25/2)  0.65     54.8007      0.0000      0.2758
 j =25/2-  (   P25/2)  0.74     36.5713      0.0000      0.0443
 j =25/2-  (   P25/2)  0.84     56.1946      0.0000      0.4926
 j =25/2-  (   P25/2)  0.62     58.8141      0.0000      0.1976
 j =27/2+  (   q27/2)  0.70     38.1735      0.0000      0.0318
 j =27/2+  (   q27/2)  0.64     61.0601      0.0000      0.1477
 j =27/2+  (   q27/2)  0.78     64.0760      0.0000      0.4041
 j =27/2-  (   P27/2)  0.73     35.7960      0.0000      0.0439
 j =27/2-  (   P27/2)  0.82     49.4126      0.0000      0.5045
 j =27/2-  (   P27/2)  0.62     54.1468      0.0000      0.1932
 j =29/2+  (   q29/2)  0.69     37.6658      0.0000      0.0316
 j =29/2+  (   q29/2)  0.64     57.3508      0.0000      0.1450
 j =29/2+  (   q29/2)  0.76     57.5301      0.0000      0.4122
 j =29/2-  (   r29/2)  0.78     44.7210      0.0000      0.0596
 j =29/2-  (   r29/2)  0.78     64.9361      0.0000      0.2870
 j =31/2+  (   S31/2)  0.76     47.1485      0.0000      0.0430
 j =31/2+  (   S31/2)  0.75     69.6455      0.0000      0.2164
 j =31/2-  (   r31/2)  0.77     43.9580      0.0000      0.0592
 j =31/2-  (   r31/2)  0.77     60.6437      0.0000      0.2892
 j =33/2+  (   S33/2)  0.75     46.6184      0.0000      0.0428
 j =33/2+  (   S33/2)  0.74     66.2210      0.0000      0.2176
 j =33/2-  (   t33/2)  0.98     59.0804      0.0000      0.0984
 j =35/2+  (   u35/2)  0.98     62.4506      0.0000      0.0706
 j =35/2-  (   t35/2)  0.98     58.1262      0.0000      0.0985
 j =37/2+  (   u37/2)  0.98     61.7660      0.0000      0.0706
 single-particle energies and gaps  in the canonical basis: Proton: 
 ------------------------------------------------------------------
    j pi     (nr,l,j)  smax       Ecan       vvcan       decan
 j = 1/2+  (   s 1/2)  0.90    -52.0047      1.0000     -0.0000
 j = 1/2+  (   s 1/2)  0.84    -34.5947      1.0000     -0.0000
 j = 1/2+  (   s 1/2)  0.92    -12.9779      1.0000     -0.0000
 j = 1/2+  (   s 1/2)  0.93      6.8248      0.0000     -0.0000
 j = 1/2+  (   s 1/2)  0.51     13.1918      0.0000     -0.0000
 j = 1/2+  (   s 1/2)  0.73     21.6506      0.0000     -0.0000
 j = 1/2+  (   s 1/2)  0.60     33.5890      0.0000     -0.0000
 j = 1/2+  (   s 1/2)  0.53     47.9996      0.0000     -0.0000
 j = 1/2+  (   s 1/2)  0.59     66.4263      0.0000     -0.0000
 j = 1/2+  (   s 1/2)  0.63     98.7416      0.0000     -0.0000
 j = 1/2-  (   p 1/2)  0.94    -46.1231      1.0000     -0.0000
 j = 1/2-  (   p 1/2)  0.91    -24.3872      1.0000     -0.0000
 j = 1/2-  (   p 1/2)  0.95     -2.4163      0.0000     -0.0000
 j = 1/2-  (   p 1/2)  0.65     12.1376      0.0000     -0.0000
 j = 1/2-  (   p 1/2)  0.67     17.5670      0.0000     -0.0000
 j = 1/2-  (   p 1/2)  0.71     28.8466      0.0000     -0.0000
 j = 1/2-  (   p 1/2)  0.62     42.8136      0.0000     -0.0000
 j = 1/2-  (   p 1/2)  0.64     60.2094      0.0000     -0.0000
 j = 1/2-  (   p 1/2)  0.63     91.4261      0.0000     -0.0000
 j = 3/2+  (   d 3/2)  0.96    -38.5467      1.0000     -0.0000
 j = 3/2+  (   d 3/2)  0.95    -14.4130      1.0000     -0.0000
 j = 3/2+  (   d 3/2)  0.95      6.4737      0.0000     -0.0000
 j = 3/2+  (   d 3/2)  0.50     13.7548      0.0000     -0.0000
 j = 3/2+  (   d 3/2)  0.75     21.8869      0.0000     -0.0000
 j = 3/2+  (   d 3/2)  0.63     33.5215      0.0000     -0.0000
 j = 3/2+  (   d 3/2)  0.55     48.0015      0.0000     -0.0000
 j = 3/2+  (   d 3/2)  0.61     66.3473      0.0000     -0.0000
 j = 3/2+  (   d 3/2)  0.63     98.2500      0.0000     -0.0000
 j = 3/2-  (   p 3/2)  0.93    -46.6793      1.0000     -0.0000
 j = 3/2-  (   p 3/2)  0.89    -25.2479      1.0000     -0.0000
 j = 3/2-  (   p 3/2)  0.95     -3.1349      0.0000     -0.0000
 j = 3/2-  (   p 3/2)  0.67     11.9885      0.0000     -0.0000
 j = 3/2-  (   p 3/2)  0.65     17.2180      0.0000     -0.0000
 j = 3/2-  (   p 3/2)  0.72     28.5573      0.0000     -0.0000
 j = 3/2-  (   p 3/2)  0.63     42.3683      0.0000     -0.0000
 j = 3/2-  (   p 3/2)  0.64     59.6379      0.0000     -0.0000
 j = 3/2-  (   p 3/2)  0.63     90.6023      0.0000     -0.0000
 j = 5/2+  (   d 5/2)  0.95    -39.9071      1.0000     -0.0000
 j = 5/2+  (   d 5/2)  0.93    -15.8867      1.0000     -0.0000
 j = 5/2+  (   d 5/2)  0.95      5.6449      0.0000     -0.0000
 j = 5/2+  (   d 5/2)  0.51     13.6491      0.0000     -0.0000
 j = 5/2+  (   d 5/2)  0.75     21.5136      0.0000     -0.0000
 j = 5/2+  (   d 5/2)  0.64     33.1548      0.0000     -0.0000
 j = 5/2+  (   d 5/2)  0.56     47.4468      0.0000     -0.0000
 j = 5/2+  (   d 5/2)  0.61     65.5893      0.0000     -0.0000
 j = 5/2+  (   d 5/2)  0.63     97.3603      0.0000     -0.0000
 j = 5/2-  (   f 5/2)  0.98    -29.6925      1.0000     -0.0000
 j = 5/2-  (   f 5/2)  0.97     -4.6732      0.0000     -0.0000
 j = 5/2-  (   f 5/2)  0.78     12.8034      0.0000     -0.0000
 j = 5/2-  (   f 5/2)  0.57     17.4451      0.0000     -0.0000
 j = 5/2-  (   f 5/2)  0.75     28.6927      0.0000     -0.0000
 j = 5/2-  (   f 5/2)  0.67     42.4327      0.0000     -0.0000
 j = 5/2-  (   f 5/2)  0.66     59.5682      0.0000     -0.0000
 j = 5/2-  (   f 5/2)  0.64     89.8167      0.0000     -0.0000
 j = 7/2+  (   g 7/2)  0.98    -19.9947      1.0000     -0.0000
 j = 7/2+  (   g 7/2)  0.98      4.4851      0.0000     -0.0000
 j = 7/2+  (   g 7/2)  0.48     15.2001      0.0000     -0.0000
 j = 7/2+  (   g 7/2)  0.78     22.1104      0.0000     -0.0000
 j = 7/2+  (   g 7/2)  0.69     33.1197      0.0000     -0.0000
 j = 7/2+  (   g 7/2)  0.60     47.5724      0.0000     -0.0000
 j = 7/2+  (   g 7/2)  0.64     65.5331      0.0000     -0.0000
 j = 7/2+  (   g 7/2)  0.64     96.3895      0.0000     -0.0000
 j = 7/2-  (   f 7/2)  0.97    -32.1722      1.0000     -0.0000
 j = 7/2-  (   f 7/2)  0.96     -6.6641      0.0000     -0.0000
 j = 7/2-  (   f 7/2)  0.83     12.2610      0.0000     -0.0000
 j = 7/2-  (   f 7/2)  0.51     16.8700      0.0000     -0.0000
 j = 7/2-  (   f 7/2)  0.75     28.2250      0.0000     -0.0000
 j = 7/2-  (   f 7/2)  0.67     41.7791      0.0000     -0.0000
 j = 7/2-  (   f 7/2)  0.66     58.6416      0.0000     -0.0000
 j = 7/2-  (   f 7/2)  0.63     89.1065      0.0000     -0.0000
 j = 9/2+  (   g 9/2)  0.98    -23.8097      1.0000     -0.0000
 j = 9/2+  (   g 9/2)  0.97      2.2243      0.0000     -0.0000
 j = 9/2+  (   g 9/2)  0.52     15.0201      0.0000     -0.0000
 j = 9/2+  (   g 9/2)  0.77     21.2369      0.0000     -0.0000
 j = 9/2+  (   g 9/2)  0.71     32.3262      0.0000     -0.0000
 j = 9/2+  (   g 9/2)  0.61     46.6769      0.0000     -0.0000
 j = 9/2+  (   g 9/2)  0.63     64.2645      0.0000     -0.0000
 j = 9/2+  (   g 9/2)  0.63     95.6889      0.0000     -0.0000
 j = 9/2-  (   h 9/2)  0.98     -9.8581      0.0000     -0.0000
 j = 9/2-  (   h 9/2)  0.95     12.6120      0.0000     -0.0000
 j = 9/2-  (   h 9/2)  0.53     18.1364      0.0000     -0.0000
 j = 9/2-  (   h 9/2)  0.78     28.7967      0.0000     -0.0000
 j = 9/2-  (   h 9/2)  0.71     41.9441      0.0000     -0.0000
 j = 9/2-  (   h 9/2)  0.69     58.7052      0.0000     -0.0000
 j = 9/2-  (   h 9/2)  0.64     87.8918      0.0000     -0.0000
 j =11/2+  (   i11/2)  0.98      0.3211      0.0000     -0.0000
 j =11/2+  (   i11/2)  0.62     17.6463      0.0000     -0.0000
 j =11/2+  (   i11/2)  0.74     21.9605      0.0000     -0.0000
 j =11/2+  (   i11/2)  0.77     32.8097      0.0000     -0.0000
 j =11/2+  (   i11/2)  0.67     47.0418      0.0000     -0.0000
 j =11/2+  (   i11/2)  0.67     64.3814      0.0000     -0.0000
 j =11/2+  (   i11/2)  0.64     94.3348      0.0000     -0.0000
 j =11/2-  (   h11/2)  0.98    -15.0783      1.0000     -0.0000
 j =11/2-  (   h11/2)  0.97     10.4772      0.0000     -0.0000
 j =11/2-  (   h11/2)  0.54     17.7092      0.0000     -0.0000
 j =11/2-  (   h11/2)  0.78     27.8828      0.0000     -0.0000
 j =11/2-  (   h11/2)  0.72     40.7279      0.0000     -0.0000
 j =11/2-  (   h11/2)  0.69     56.9917      0.0000     -0.0000
 j =11/2-  (   h11/2)  0.63     86.7590      0.0000     -0.0000
 j =13/2+  (   i13/2)  0.98     -6.1603      0.0000     -0.0000
 j =13/2+  (   i13/2)  0.80     16.8487      0.0000     -0.0000
 j =13/2+  (   i13/2)  0.55     20.3430      0.0000     -0.0000
 j =13/2+  (   i13/2)  0.78     31.6873      0.0000     -0.0000
 j =13/2+  (   i13/2)  0.69     45.6481      0.0000     -0.0000
 j =13/2+  (   i13/2)  0.68     62.2679      0.0000     -0.0000
 j =13/2+  (   i13/2)  0.64     92.6871      0.0000     -0.0000
 j =13/2-  (   j13/2)  0.98     10.1467      0.0000     -0.0000
 j =13/2-  (   j13/2)  0.52     21.0160      0.0000     -0.0000
 j =13/2-  (   j13/2)  0.81     29.1299      0.0000     -0.0000
 j =13/2-  (   j13/2)  0.77     41.2576      0.0000     -0.0000
 j =13/2-  (   j13/2)  0.73     57.5845      0.0000     -0.0000
 j =13/2-  (   j13/2)  0.65     85.2545      0.0000     -0.0000
 j =15/2+  (   k15/2)  0.96     19.1032      0.0000     -0.0000
 j =15/2+  (   k15/2)  0.51     23.1032      0.0000     -0.0000
 j =15/2+  (   k15/2)  0.81     33.9057      0.0000     -0.0000
 j =15/2+  (   k15/2)  0.73     46.4331      0.0000     -0.0000
 j =15/2+  (   k15/2)  0.71     63.0741      0.0000     -0.0000
 j =15/2+  (   k15/2)  0.64     91.2784      0.0000     -0.0000
 j =15/2-  (   j15/2)  0.97      2.8142      0.0000     -0.0000
 j =15/2-  (   j15/2)  0.61     20.5837      0.0000     -0.0000
 j =15/2-  (   j15/2)  0.76     27.0060      0.0000     -0.0000
 j =15/2-  (   j15/2)  0.77     39.6051      0.0000     -0.0000
 j =15/2-  (   j15/2)  0.73     55.1927      0.0000     -0.0000
 j =15/2-  (   j15/2)  0.65     82.9325      0.0000     -0.0000
 j =17/2+  (   k17/2)  0.97     11.6758      0.0000     -0.0000
 j =17/2+  (   k17/2)  0.51     22.6478      0.0000     -0.0000
 j =17/2+  (   k17/2)  0.82     31.7670      0.0000     -0.0000
 j =17/2+  (   k17/2)  0.77     44.1537      0.0000     -0.0000
 j =17/2+  (   k17/2)  0.72     60.1379      0.0000     -0.0000
 j =17/2+  (   k17/2)  0.64     88.5353      0.0000     -0.0000
 j =17/2-  (   l17/2)  0.67     25.4321      0.0000     -0.0000
 j =17/2-  (   l17/2)  0.72     29.2642      0.0000     -0.0000
 j =17/2-  (   l17/2)  0.79     41.9026      0.0000     -0.0000
 j =17/2-  (   l17/2)  0.75     56.8242      0.0000     -0.0000
 j =17/2-  (   l17/2)  0.68     81.9835      0.0000     -0.0000
 j =19/2+  (   m19/2)  0.55     28.0977      0.0000     -0.0000
 j =19/2+  (   m19/2)  0.89     35.5820      0.0000     -0.0000
 j =19/2+  (   m19/2)  0.79     46.4174      0.0000     -0.0000
 j =19/2+  (   m19/2)  0.74     62.5164      0.0000     -0.0000
 j =19/2+  (   m19/2)  0.65     88.0815      0.0000     -0.0000
 j =19/2-  (   l19/2)  0.97     20.2431      0.0000     -0.0000
 j =19/2-  (   l19/2)  0.59     26.6167      0.0000     -0.0000
 j =19/2-  (   l19/2)  0.76     39.5648      0.0000     -0.0000
 j =19/2-  (   l19/2)  0.75     52.9117      0.0000     -0.0000
 j =19/2-  (   l19/2)  0.70     78.1174      0.0000     -0.0000
 j =21/2+  (   m21/2)  0.74     27.3988      0.0000     -0.0000
 j =21/2+  (   m21/2)  0.63     29.7590      0.0000     -0.0000
 j =21/2+  (   m21/2)  0.79     43.5379      0.0000     -0.0000
 j =21/2+  (   m21/2)  0.76     57.9724      0.0000     -0.0000
 j =21/2+  (   m21/2)  0.69     82.9554      0.0000     -0.0000
 j =21/2-  (   n21/2)  0.57     32.9872      0.0000     -0.0000
 j =21/2-  (   n21/2)  0.85     43.6099      0.0000     -0.0000
 j =21/2-  (   n21/2)  0.76     56.0933      0.0000     -0.0000
 j =21/2-  (   n21/2)  0.70     79.4287      0.0000     -0.0000
 j =23/2+  (   o23/2)  0.58     35.2593      0.0000     -0.0000
 j =23/2+  (   o23/2)  0.85     48.7567      0.0000     -0.0000
 j =23/2+  (   o23/2)  0.76     61.2445      0.0000     -0.0000
 j =23/2+  (   o23/2)  0.68     85.2347      0.0000     -0.0000
 j =23/2-  (   n23/2)  0.63     32.4330      0.0000     -0.0000
 j =23/2-  (   n23/2)  0.75     38.6160      0.0000     -0.0000
 j =23/2-  (   n23/2)  0.70     51.6478      0.0000     -0.0000
 j =23/2-  (   n23/2)  0.75     72.0229      0.0000     -0.0000
 j =25/2+  (   o25/2)  0.58     35.0655      0.0000     -0.0000
 j =25/2+  (   o25/2)  0.86     45.3000      0.0000     -0.0000
 j =25/2+  (   o25/2)  0.74     56.2123      0.0000     -0.0000
 j =25/2+  (   o25/2)  0.74     76.7880      0.0000     -0.0000
 j =25/2-  (   P25/2)  0.67     41.8004      0.0000     -0.0000
 j =25/2-  (   P25/2)  0.79     57.3939      0.0000     -0.0000
 j =25/2-  (   P25/2)  0.74     75.8483      0.0000     -0.0000
 j =27/2+  (   q27/2)  0.68     44.2386      0.0000     -0.0000
 j =27/2+  (   q27/2)  0.80     62.1793      0.0000     -0.0000
 j =27/2+  (   q27/2)  0.72     81.0976      0.0000     -0.0000
 j =27/2-  (   P27/2)  0.62     41.4939      0.0000     -0.0000
 j =27/2-  (   P27/2)  0.76     53.9880      0.0000     -0.0000
 j =27/2-  (   P27/2)  0.81     67.3193      0.0000     -0.0000
 j =29/2+  (   q29/2)  0.65     44.0199      0.0000     -0.0000
 j =29/2+  (   q29/2)  0.80     60.1283      0.0000     -0.0000
 j =29/2+  (   q29/2)  0.78     72.6302      0.0000     -0.0000
 j =29/2-  (   r29/2)  0.77     53.1340      0.0000     -0.0000
 j =29/2-  (   r29/2)  0.76     73.9524      0.0000     -0.0000
 j =31/2+  (   S31/2)  0.76     55.9030      0.0000     -0.0000
 j =31/2+  (   S31/2)  0.76     79.0253      0.0000     -0.0000
 j =31/2-  (   r31/2)  0.76     52.8692      0.0000     -0.0000
 j =31/2-  (   r31/2)  0.76     69.2078      0.0000     -0.0000
 j =33/2+  (   S33/2)  0.75     55.6856      0.0000     -0.0000
 j =33/2+  (   S33/2)  0.75     75.3317      0.0000     -0.0000
 j =33/2-  (   t33/2)  0.98     68.9213      0.0000     -0.0000
 j =35/2+  (   u35/2)  0.98     72.3827      0.0000     -0.0000
 j =35/2-  (   t35/2)  0.98     67.9899      0.0000     -0.0000
 j =37/2+  (   u37/2)  0.98     71.7087      0.0000     -0.0000
  ****** END CANON **********************************
  ****** BEGIN RESU *********************************
   ****** BEGIN EXPECT *******

                            neutron        proton         total
 particle number           150.000000      82.000000     232.000000
 trace scalar density      142.976574      78.996793     221.973367
 lambda                     -2.735778     -11.685172
 spk                        19.311438      -0.000043
 rms-Radius                  5.991463       5.648082       5.872390
 charge-Radius                              5.704457
 Particle Energ          -3324.101638   -2189.011583   -5513.113221
 Selfconsistency Test.                                    -0.000001

 Kinetic Energy           2098.129589     882.692668    2980.822257
 E-scsc                                               -34897.900785
 E-scve                                                29215.120619
 E-vesc                                                    0.000000
 E-veve                                                  210.568881
 E-rearrang.                                             851.452414
 Coulomb direct                                          799.517339
 Pairing Energy            -21.994705      -0.000000     -21.994705
 Sum without E-cm                                      -1713.866394
DE-cm <P**2>/2M            -12.970817      -5.463803     -18.434619
NE-cm <P**2>/2M              9.920343       3.493923      13.414266
 E-cm <P**2>/2M             -3.050474      -1.969880      -5.020354
 Total Energy                                          -1718.886747
 E/A                                                      -7.408995

  ****** END EXPECT *********************************


 quasi-particle properties Neutron:
 ------------------------------------------------------------------
     p/h    l j     [nr,l,j]  smax       Eqp       uu       vv
   1  p   1s 1/2   ( 4s  1/2) 0.85     1.516     0.896     0.104
   2  p   2s 1/2   ( 6s  1/2) 0.49     7.054     0.997     0.003
   3  p   3s 1/2   ( 5s  1/2) 0.71    15.414     0.991     0.009
   4  h   4s 1/2   ( 3s  1/2) 0.96    17.283     0.011     0.989
   5  p   5s 1/2   ( 6s  1/2) 0.59    27.340     1.000     0.000
   6  h   6s 1/2   ( 2s  1/2) 0.91    40.255     0.001     0.999
   7  p   7s 1/2   ( 7s  1/2) 0.54    42.070     0.999     0.001
   8  h   8s 1/2   ( 1s  1/2) 0.94    58.261     0.000     1.000
   9  p   9s 1/2   ( 8s  1/2) 0.61    60.995     1.000     0.000
  10  p  10s 1/2   ( 9s  1/2) 0.64    91.571     1.000     0.000
  11  p   1p 1/2   ( 4p  1/2) 0.63     5.425     0.996     0.004
  12  h   2p 1/2   ( 3p  1/2) 0.97     6.475     0.016     0.984
  13  p   3p 1/2   ( 4p  1/2) 0.68    11.832     0.998     0.002
  14  p   4p 1/2   ( 5p  1/2) 0.70    22.733     0.999     0.001
  15  h   5p 1/2   ( 2p  1/2) 0.95    29.146     0.001     0.999
  16  p   6p 1/2   ( 6p  1/2) 0.62    36.987     1.000     0.000
  17  h   7p 1/2   ( 1p  1/2) 0.96    51.512     0.000     1.000
  18  p   8p 1/2   ( 7p  1/2) 0.65    54.913     1.000     0.000
  19  p   9p 1/2   ( 8p  1/2) 0.64    84.551     1.000     0.000
  20  p   1d 3/2   ( 3d  3/2) 0.88     1.872     0.916     0.084
  21  p   2d 3/2   ( 5d  3/2) 0.49     7.577     0.998     0.002
  22  p   3d 3/2   ( 4d  3/2) 0.72    15.844     0.996     0.004
  23  h   4d 3/2   ( 2d  3/2) 0.97    18.306     0.006     0.994
  24  p   5d 3/2   ( 5d  3/2) 0.60    27.537     1.000     0.000
  25  p   6d 3/2   ( 6d  3/2) 0.54    42.367     0.996     0.004
  26  h   7d 3/2   ( 1d  3/2) 0.98    43.219     0.004     0.996
  27  p   8d 3/2   ( 7d  3/2) 0.61    61.231     1.000     0.000
  28  p   9d 3/2   ( 8d  3/2) 0.64    91.777     1.000     0.000
  29  p   1p 3/2   ( 4p  3/2) 0.65     5.290     0.998     0.002
  30  h   2p 3/2   ( 3p  3/2) 0.97     7.221     0.012     0.988
  31  p   3p 3/2   ( 4p  3/2) 0.66    11.515     0.998     0.002
  32  p   4p 3/2   ( 5p  3/2) 0.70    22.422     0.999     0.001
  33  h   5p 3/2   ( 2p  3/2) 0.94    29.955     0.001     0.999
  34  p   6p 3/2   ( 6p  3/2) 0.63    36.527     1.000     0.000
  35  h   7p 3/2   ( 1p  3/2) 0.95    51.908     0.000     1.000
  36  p   8p 3/2   ( 7p  3/2) 0.65    54.339     1.000     0.000
  37  p   9p 3/2   ( 8p  3/2) 0.64    83.814     1.000     0.000
  38  p   1d 5/2   ( 3d  5/2) 0.84     1.333     0.803     0.197
  39  p   2d 5/2   ( 5d  5/2) 0.51     7.375     0.998     0.002
  40  p   3d 5/2   ( 4d  5/2) 0.72    15.468     0.999     0.001
  41  h   4d 5/2   ( 2d  5/2) 0.96    19.730     0.003     0.997
  42  p   5d 5/2   ( 5d  5/2) 0.61    27.156     1.000     0.000
  43  p   6d 5/2   ( 6d  5/2) 0.55    41.766     0.999     0.001
  44  h   7d 5/2   ( 1d  5/2) 0.97    44.315     0.001     0.999
  45  p   8d 5/2   ( 7d  5/2) 0.61    60.435     1.000     0.000
  46  p   9d 5/2   ( 8d  5/2) 0.64    90.931     1.000     0.000
  47  p   1f 5/2   ( 3f  5/2) 0.70     6.303     0.998     0.002
  48  h   2f 5/2   ( 2f  5/2) 0.98     7.945     0.013     0.987
  49  p   3f 5/2   ( 3f  5/2) 0.64    11.980     0.996     0.004
  50  p   4f 5/2   ( 4f  5/2) 0.73    22.614     0.999     0.001
  51  h   5f 5/2   ( 1f  5/2) 0.98    33.705     0.001     0.999
  52  p   6f 5/2   ( 5f  5/2) 0.65    36.758     0.999     0.001
  53  p   7f 5/2   ( 6f  5/2) 0.67    54.513     1.000     0.000
  54  p   8f 5/2   ( 7f  5/2) 0.64    83.682     1.000     0.000
  55  p   1g 7/2   ( 2g  7/2) 0.89     1.765     0.847     0.153
  56  p   2g 7/2   ( 4g  7/2) 0.49     8.741     0.999     0.001
  57  p   3g 7/2   ( 3g  7/2) 0.75    16.265     1.000     0.000
  58  h   4g 7/2   ( 1g  7/2) 0.98    23.366     0.002     0.998
  59  p   5g 7/2   ( 4g  7/2) 0.66    27.337     1.000     0.000
  60  p   6g 7/2   ( 5g  7/2) 0.58    41.972     1.000     0.000
  61  p   7g 7/2   ( 6g  7/2) 0.64    60.577     1.000     0.000
  62  p   8g 7/2   ( 7g  7/2) 0.64    90.347     1.000     0.000
  63  p   1f 7/2   ( 3f  7/2) 0.75     5.930     0.998     0.002
  64  h   2f 7/2   ( 2f  7/2) 0.96     9.920     0.029     0.971
  65  p   3f 7/2   ( 3f  7/2) 0.58    11.374     0.976     0.024
  66  p   4f 7/2   ( 4f  7/2) 0.73    22.075     0.999     0.001
  67  h   5f 7/2   ( 1f  7/2) 0.95    35.821     0.067     0.933
  68  p   6f 7/2   ( 5f  7/2) 0.64    36.068     0.934     0.066
  69  p   7f 7/2   ( 6f  7/2) 0.66    53.508     1.000     0.000
  70  p   8f 7/2   ( 7f  7/2) 0.64    82.927     1.000     0.000
  71  h   1g 9/2   ( 2g  9/2) 0.88     1.618     0.193     0.807
  72  p   2g 9/2   ( 3g  9/2) 0.53     8.472     0.999     0.001
  73  p   3g 9/2   ( 3g  9/2) 0.74    15.500     1.000     0.000
  74  p   4g 9/2   ( 4g  9/2) 0.65    26.501     0.927     0.073
  75  h   5g 9/2   ( 1g  9/2) 0.95    26.807     0.074     0.926
  76  p   6g 9/2   ( 5g  9/2) 0.60    41.002     1.000     0.000
  77  p   7g 9/2   ( 6g  9/2) 0.63    59.237     1.000     0.000
  78  p   8g 9/2   ( 7g  9/2) 0.64    89.564     1.000     0.000
  79  p   1h 9/2   ( 2h  9/2) 0.83     7.828     0.995     0.005
  80  p   2h 9/2   ( 4h  9/2) 0.35    12.368     0.529     0.471
  81  h   3h 9/2   ( 1h  9/2) 0.71    12.817     0.475     0.525
  82  p   4h 9/2   ( 3h  9/2) 0.76    22.849     1.000     0.000
  83  p   5h 9/2   ( 4h  9/2) 0.69    36.504     1.000     0.000
  84  p   6h 9/2   ( 5h  9/2) 0.69    53.931     1.000     0.000
  85  p   7h 9/2   ( 6h  9/2) 0.64    82.034     1.000     0.000
  86  h   1i11/2   ( 1i 11/2) 0.93     2.194     0.100     0.900
  87  p   2i11/2   ( 2i 11/2) 0.55    11.114     1.000     0.000
  88  p   3i11/2   ( 2i 11/2) 0.76    17.020     0.999     0.001
  89  p   4i11/2   ( 3i 11/2) 0.72    27.309     1.000     0.000
  90  p   5i11/2   ( 4i 11/2) 0.63    41.693     1.000     0.000
  91  p   6i11/2   ( 5i 11/2) 0.66    59.861     1.000     0.000
  92  p   7i11/2   ( 6i 11/2) 0.64    88.768     1.000     0.000
  93  p   1h11/2   ( 2h 11/2) 0.92     6.328     0.994     0.006
  94  p   2h11/2   ( 4h 11/2) 0.52    11.658     0.998     0.002
  95  h   3h11/2   ( 1h 11/2) 0.98    17.433     0.004     0.996
  96  p   4h11/2   ( 3h 11/2) 0.76    21.874     0.999     0.001
  97  p   5h11/2   ( 4h 11/2) 0.70    35.241     1.000     0.000
  98  p   6h11/2   ( 5h 11/2) 0.69    52.112     1.000     0.000
  99  p   7h11/2   ( 6h 11/2) 0.64    80.844     1.000     0.000
 100  h   1i13/2   ( 1i 13/2) 0.97     8.018     0.009     0.991
 101  p   2i13/2   ( 2i 13/2) 0.66    10.659     0.999     0.001
 102  p   3i13/2   ( 2i 13/2) 0.69    15.469     0.999     0.001
 103  p   4i13/2   ( 3i 13/2) 0.75    25.958     1.000     0.000
 104  p   5i13/2   ( 4i 13/2) 0.66    40.179     1.000     0.000
 105  p   6i13/2   ( 5i 13/2) 0.66    57.623     1.000     0.000
 106  p   7i13/2   ( 6i 13/2) 0.64    87.100     1.000     0.000
 107  p   1j13/2   ( 1j 13/2) 0.97     8.334     0.995     0.005
 108  p   2j13/2   ( 2j 13/2) 0.51    14.456     1.000     0.000
 109  p   3j13/2   ( 2j 13/2) 0.78    23.398     1.000     0.000
 110  p   4j13/2   ( 3j 13/2) 0.74    36.096     1.000     0.000
 111  p   5j13/2   ( 4j 13/2) 0.71    53.177     1.000     0.000
 112  p   6j13/2   ( 5j 13/2) 0.64    80.311     1.000     0.000
 113  p   1k15/2   ( 1k 15/2) 0.63    15.121     1.000     0.000
 114  p   2k15/2   ( 1k 15/2) 0.75    18.513     0.999     0.001
 115  p   3k15/2   ( 2k 15/2) 0.78    27.990     1.000     0.000
 116  p   4k15/2   ( 3k 15/2) 0.69    41.237     1.000     0.000
 117  p   5k15/2   ( 4k 15/2) 0.69    58.793     1.000     0.000
 118  p   6k15/2   ( 5k 15/2) 0.65    86.695     1.000     0.000
 119  p   1j15/2   ( 1j 15/2) 0.91     1.849     0.869     0.131
 120  p   2j15/2   ( 2j 15/2) 0.58    13.931     1.000     0.000
 121  p   3j15/2   ( 2j 15/2) 0.76    21.652     1.000     0.000
 122  p   4j15/2   ( 3j 15/2) 0.76    34.183     1.000     0.000
 123  p   5j15/2   ( 4j 15/2) 0.72    50.522     1.000     0.000
 124  p   6j15/2   ( 6j 15/2) 0.65    77.963     1.000     0.000
 125  p   1k17/2   ( 1k 17/2) 0.98    10.200     0.997     0.003
 126  p   2k17/2   ( 3k 17/2) 0.51    16.231     1.000     0.000
 127  p   3k17/2   ( 2k 17/2) 0.79    25.829     1.000     0.000
 128  p   4k17/2   ( 3k 17/2) 0.74    38.869     1.000     0.000
 129  p   5k17/2   ( 4k 17/2) 0.71    55.534     1.000     0.000
 130  p   6k17/2   ( 5k 17/2) 0.64    83.888     1.000     0.000
 131  p   1l17/2   ( 3l 17/2) 0.53    19.123     1.000     0.000
 132  p   2l17/2   ( 1l 17/2) 0.84    25.928     1.000     0.000
 133  p   3l17/2   ( 2l 17/2) 0.77    36.619     1.000     0.000
 134  p   4l17/2   ( 3l 17/2) 0.73    52.539     1.000     0.000
 135  p   5l17/2   ( 5l 17/2) 0.67    77.762     1.000     0.000
 136  p   1m19/2   ( 3m 19/2) 0.56    21.489     1.000     0.000
 137  p   2m19/2   ( 1m 19/2) 0.82    31.059     1.000     0.000
 138  p   3m19/2   ( 2m 19/2) 0.71    41.992     1.000     0.000
 139  p   4m19/2   ( 3m 19/2) 0.71    58.481     1.000     0.000
 140  p   5m19/2   ( 4m 19/2) 0.65    84.011     1.000     0.000
 141  p   1l19/2   ( 1l 19/2) 0.87    17.568     1.000     0.000
 142  p   2l19/2   ( 2l 19/2) 0.52    20.946     1.000     0.000
 143  p   3l19/2   ( 2l 19/2) 0.77    33.513     1.000     0.000
 144  p   4l19/2   ( 3l 19/2) 0.75    48.329     1.000     0.000
 145  p   5l19/2   ( 5l 19/2) 0.69    73.768     1.000     0.000
 146  p   1m21/2   ( 3m 21/2) 0.53    21.243     1.000     0.000
 147  p   2m21/2   ( 1m 21/2) 0.86    26.827     1.000     0.000
 148  p   3m21/2   ( 2m 21/2) 0.79    37.816     1.000     0.000
 149  p   4m21/2   ( 3m 21/2) 0.75    53.359     1.000     0.000
 150  p   5m21/2   ( 5m 21/2) 0.68    78.804     1.000     0.000
 151  p   1n21/2   ( 2n 21/2) 0.60    26.152     1.000     0.000
 152  p   2n21/2   ( 1n 21/2) 0.81    38.370     1.000     0.000
 153  p   3n21/2   ( 2n 21/2) 0.74    52.835     1.000     0.000
 154  p   4n21/2   ( 4n 21/2) 0.68    75.912     1.000     0.000
 155  p   1o23/2   ( 2o 23/2) 0.60    28.569     1.000     0.000
 156  p   2o23/2   ( 1o 23/2) 0.80    42.430     1.000     0.000
 157  p   3o23/2   ( 2o 23/2) 0.72    57.987     1.000     0.000
 158  p   4o23/2   ( 4o 23/2) 0.66    82.300     1.000     0.000
 159  p   1n23/2   ( 2n 23/2) 0.56    25.851     1.000     0.000
 160  p   2n23/2   ( 1n 23/2) 0.83    34.927     1.000     0.000
 161  p   3n23/2   ( 2n 23/2) 0.74    46.908     1.000     0.000
 162  p   4n23/2   ( 4n 23/2) 0.74    68.232     1.000     0.000
 163  p   1o25/2   ( 2o 25/2) 0.58    28.423     1.000     0.000
 164  p   2o25/2   ( 1o 25/2) 0.85    40.321     1.000     0.000
 165  p   3o25/2   ( 2o 25/2) 0.77    52.143     1.000     0.000
 166  p   4o25/2   ( 4o 25/2) 0.72    73.290     1.000     0.000
 167  p   1P25/2   ( 2P 25/2) 0.68    34.748     1.000     0.000
 168  p   2P25/2   ( 1P 25/2) 0.77    51.629     1.000     0.000
 169  p   3P25/2   ( 3P 25/2) 0.71    73.926     1.000     0.000
 170  p   1q27/2   ( 2q 27/2) 0.68    37.378     1.000     0.000
 171  p   2q27/2   ( 1q 27/2) 0.78    55.608     1.000     0.000
 172  p   3q27/2   ( 3q 27/2) 0.70    79.108     1.000     0.000
 173  p   1P27/2   ( 2P 27/2) 0.64    34.525     1.000     0.000
 174  p   2P27/2   ( 1P 27/2) 0.77    48.998     1.000     0.000
 175  p   3P27/2   ( 3P 27/2) 0.77    64.463     1.000     0.000
 176  p   1q29/2   ( 2q 29/2) 0.66    37.217     1.000     0.000
 177  p   2q29/2   ( 1q 29/2) 0.79    53.932     1.000     0.000
 178  p   3q29/2   ( 3q 29/2) 0.74    70.098     1.000     0.000
 179  p   1r29/2   ( 1r 29/2) 0.78    45.877     1.000     0.000
 180  p   2r29/2   ( 2r 29/2) 0.78    69.589     1.000     0.000
 181  p   1S31/2   ( 1S 31/2) 0.78    48.797     1.000     0.000
 182  p   2S31/2   ( 2S 31/2) 0.77    73.837     1.000     0.000
 183  p   1r31/2   ( 1r 31/2) 0.78    45.634     1.000     0.000
 184  p   2r31/2   ( 2r 31/2) 0.77    64.707     1.000     0.000
 185  p   1S33/2   ( 1S 33/2) 0.77    48.610     1.000     0.000
 186  p   2S33/2   ( 2S 33/2) 0.77    70.013     1.000     0.000
 187  p   1t33/2   ( 1t 33/2) 0.98    61.816     1.000     0.000
 188  p   1u35/2   ( 1u 35/2) 0.98    65.186     1.000     0.000
 189  p   1t35/2   ( 1t 35/2) 0.98    60.862     1.000     0.000
 190  p   1u37/2   ( 1u 37/2) 0.98    64.502     1.000     0.000


 quasi-particle properties Proton: 
 ------------------------------------------------------------------
     p/h    l j     [nr,l,j]  smax       Eqp       uu       vv
   1  h   1s 1/2   ( 3s  1/2) 0.92     1.293     0.000     1.000
   2  p   2s 1/2   ( 4s  1/2) 0.93    18.510     1.000     0.000
   3  h   3s 1/2   ( 2s  1/2) 0.84    22.910     0.000     1.000
   4  p   4s 1/2   ( 6s  1/2) 0.51    24.877     1.000     0.000
   5  p   5s 1/2   ( 5s  1/2) 0.73    33.336     1.000     0.000
   6  h   6s 1/2   ( 1s  1/2) 0.90    40.320     0.000     1.000
   7  p   7s 1/2   ( 6s  1/2) 0.60    45.274     1.000     0.000
   8  p   8s 1/2   ( 7s  1/2) 0.53    59.685     1.000     0.000
   9  p   9s 1/2   ( 8s  1/2) 0.59    78.111     1.000     0.000
  11  p   1p 1/2   ( 3p  1/2) 0.95     9.269     1.000     0.000
  12  h   2p 1/2   ( 2p  1/2) 0.91    12.702     0.000     1.000
  13  p   3p 1/2   ( 4p  1/2) 0.65    23.823     1.000     0.000
  14  p   4p 1/2   ( 4p  1/2) 0.67    29.252     1.000     0.000
  15  h   5p 1/2   ( 1p  1/2) 0.94    34.438     0.000     1.000
  16  p   6p 1/2   ( 5p  1/2) 0.71    40.532     1.000     0.000
  17  p   7p 1/2   ( 6p  1/2) 0.62    54.499     1.000     0.000
  18  p   8p 1/2   ( 7p  1/2) 0.64    71.895     1.000     0.000
  20  h   1d 3/2   ( 2d  3/2) 0.95     2.728     0.000     1.000
  21  p   2d 3/2   ( 3d  3/2) 0.95    18.159     1.000     0.000
  22  p   3d 3/2   ( 5d  3/2) 0.50    25.440     1.000     0.000
  23  h   4d 3/2   ( 1d  3/2) 0.96    26.862     0.000     1.000
  24  p   5d 3/2   ( 4d  3/2) 0.75    33.572     1.000     0.000
  25  p   6d 3/2   ( 5d  3/2) 0.63    45.207     1.000     0.000
  26  p   7d 3/2   ( 6d  3/2) 0.55    59.687     1.000     0.000
  27  p   8d 3/2   ( 7d  3/2) 0.61    78.033     1.000     0.000
  29  p   1p 3/2   ( 3p  3/2) 0.95     8.550     1.000     0.000
  30  h   2p 3/2   ( 2p  3/2) 0.89    13.563     0.000     1.000
  31  p   3p 3/2   ( 4p  3/2) 0.67    23.674     1.000     0.000
  32  p   4p 3/2   ( 4p  3/2) 0.65    28.903     1.000     0.000
  33  h   5p 3/2   ( 1p  3/2) 0.93    34.994     0.000     1.000
  34  p   6p 3/2   ( 5p  3/2) 0.72    40.242     1.000     0.000
  35  p   7p 3/2   ( 6p  3/2) 0.63    54.053     1.000     0.000
  36  p   8p 3/2   ( 7p  3/2) 0.64    71.323     1.000     0.000
  38  h   1d 5/2   ( 2d  5/2) 0.93     4.202     0.000     1.000
  39  p   2d 5/2   ( 3d  5/2) 0.95    17.330     1.000     0.000
  40  p   3d 5/2   ( 5d  5/2) 0.51    25.334     1.000     0.000
  41  h   4d 5/2   ( 1d  5/2) 0.95    28.222     0.000     1.000
  42  p   5d 5/2   ( 4d  5/2) 0.75    33.199     1.000     0.000
  43  p   6d 5/2   ( 5d  5/2) 0.64    44.840     1.000     0.000
  44  p   7d 5/2   ( 6d  5/2) 0.56    59.132     1.000     0.000
  45  p   8d 5/2   ( 7d  5/2) 0.61    77.275     1.000     0.000
  47  p   1f 5/2   ( 2f  5/2) 0.97     7.012     1.000     0.000
  48  h   2f 5/2   ( 1f  5/2) 0.98    18.007     0.000     1.000
  49  p   3f 5/2   ( 3f  5/2) 0.78    24.489     1.000     0.000
  50  p   4f 5/2   ( 3f  5/2) 0.57    29.130     1.000     0.000
  51  p   5f 5/2   ( 4f  5/2) 0.75    40.378     1.000     0.000
  52  p   6f 5/2   ( 5f  5/2) 0.67    54.118     1.000     0.000
  53  p   7f 5/2   ( 6f  5/2) 0.66    71.253     1.000     0.000
  55  h   1g 7/2   ( 1g  7/2) 0.98     8.310     0.000     1.000
  56  p   2g 7/2   ( 2g  7/2) 0.98    16.170     1.000     0.000
  57  p   3g 7/2   ( 3g  7/2) 0.48    26.885     1.000     0.000
  58  p   4g 7/2   ( 3g  7/2) 0.78    33.796     1.000     0.000
  59  p   5g 7/2   ( 4g  7/2) 0.69    44.805     1.000     0.000
  60  p   6g 7/2   ( 5g  7/2) 0.60    59.258     1.000     0.000
  61  p   7g 7/2   ( 6g  7/2) 0.64    77.218     1.000     0.000
  63  p   1f 7/2   ( 2f  7/2) 0.96     5.021     1.000     0.000
  64  h   2f 7/2   ( 1f  7/2) 0.97    20.487     0.000     1.000
  65  p   3f 7/2   ( 3f  7/2) 0.83    23.946     1.000     0.000
  66  p   4f 7/2   ( 5f  7/2) 0.51    28.555     1.000     0.000
  67  p   5f 7/2   ( 4f  7/2) 0.75    39.910     1.000     0.000
  68  p   6f 7/2   ( 5f  7/2) 0.67    53.464     1.000     0.000
  69  p   7f 7/2   ( 6f  7/2) 0.66    70.327     1.000     0.000
  71  h   1g 9/2   ( 1g  9/2) 0.98    12.124     0.000     1.000
  72  p   2g 9/2   ( 2g  9/2) 0.97    13.909     1.000     0.000
  73  p   3g 9/2   ( 3g  9/2) 0.52    26.705     1.000     0.000
  74  p   4g 9/2   ( 3g  9/2) 0.77    32.922     1.000     0.000
  75  p   5g 9/2   ( 4g  9/2) 0.71    44.011     1.000     0.000
  76  p   6g 9/2   ( 5g  9/2) 0.61    58.362     1.000     0.000
  77  p   7g 9/2   ( 6g  9/2) 0.63    75.950     1.000     0.000
  79  p   1h 9/2   ( 1h  9/2) 0.98     1.827     1.000     0.000
  80  p   2h 9/2   ( 2h  9/2) 0.95    24.297     1.000     0.000
  81  p   3h 9/2   ( 4h  9/2) 0.53    29.822     1.000     0.000
  82  p   4h 9/2   ( 3h  9/2) 0.78    40.482     1.000     0.000
  83  p   5h 9/2   ( 4h  9/2) 0.71    53.629     1.000     0.000
  84  p   6h 9/2   ( 5h  9/2) 0.69    70.390     1.000     0.000
  85  p   7h 9/2   ( 6h  9/2) 0.64    99.577     1.000     0.000
  86  p   1i11/2   ( 1i 11/2) 0.98    12.006     1.000     0.000
  87  p   2i11/2   ( 2i 11/2) 0.62    29.331     1.000     0.000
  88  p   3i11/2   ( 2i 11/2) 0.74    33.646     1.000     0.000
  89  p   4i11/2   ( 3i 11/2) 0.77    44.495     1.000     0.000
  90  p   5i11/2   ( 4i 11/2) 0.67    58.727     1.000     0.000
  91  p   6i11/2   ( 5i 11/2) 0.67    76.067     1.000     0.000
  93  h   1h11/2   ( 1h 11/2) 0.98     3.393     0.000     1.000
  94  p   2h11/2   ( 2h 11/2) 0.97    22.162     1.000     0.000
  95  p   3h11/2   ( 4h 11/2) 0.54    29.394     1.000     0.000
  96  p   4h11/2   ( 3h 11/2) 0.78    39.568     1.000     0.000
  97  p   5h11/2   ( 4h 11/2) 0.72    52.413     1.000     0.000
  98  p   6h11/2   ( 5h 11/2) 0.69    68.677     1.000     0.000
  99  p   7h11/2   ( 6h 11/2) 0.63    98.444     1.000     0.000
 100  p   1i13/2   ( 1i 13/2) 0.98     5.525     1.000     0.000
 101  p   2i13/2   ( 2i 13/2) 0.80    28.534     1.000     0.000
 102  p   3i13/2   ( 2i 13/2) 0.55    32.028     1.000     0.000
 103  p   4i13/2   ( 3i 13/2) 0.78    43.372     1.000     0.000
 104  p   5i13/2   ( 4i 13/2) 0.69    57.333     1.000     0.000
 105  p   6i13/2   ( 5i 13/2) 0.68    73.953     1.000     0.000
 107  p   1j13/2   ( 1j 13/2) 0.98    21.832     1.000     0.000
 108  p   2j13/2   ( 2j 13/2) 0.52    32.701     1.000     0.000
 109  p   3j13/2   ( 2j 13/2) 0.81    40.815     1.000     0.000
 110  p   4j13/2   ( 3j 13/2) 0.77    52.943     1.000     0.000
 111  p   5j13/2   ( 4j 13/2) 0.73    69.270     1.000     0.000
 112  p   6j13/2   ( 6j 13/2) 0.65    96.940     1.000     0.000
 113  p   1k15/2   ( 1k 15/2) 0.96    30.788     1.000     0.000
 114  p   2k15/2   ( 4k 15/2) 0.51    34.788     1.000     0.000
 115  p   3k15/2   ( 2k 15/2) 0.81    45.591     1.000     0.000
 116  p   4k15/2   ( 3k 15/2) 0.73    58.118     1.000     0.000
 117  p   5k15/2   ( 4k 15/2) 0.71    74.759     1.000     0.000
 119  p   1j15/2   ( 1j 15/2) 0.97    14.499     1.000     0.000
 120  p   2j15/2   ( 2j 15/2) 0.61    32.269     1.000     0.000
 121  p   3j15/2   ( 2j 15/2) 0.76    38.691     1.000     0.000
 122  p   4j15/2   ( 3j 15/2) 0.77    51.290     1.000     0.000
 123  p   5j15/2   ( 4j 15/2) 0.73    66.878     1.000     0.000
 124  p   6j15/2   ( 6j 15/2) 0.65    94.618     1.000     0.000
 125  p   1k17/2   ( 1k 17/2) 0.97    23.361     1.000     0.000
 126  p   2k17/2   ( 4k 17/2) 0.51    34.333     1.000     0.000
 127  p   3k17/2   ( 2k 17/2) 0.82    43.452     1.000     0.000
 128  p   4k17/2   ( 3k 17/2) 0.77    55.839     1.000     0.000
 129  p   5k17/2   ( 4k 17/2) 0.72    71.823     1.000     0.000
 131  p   1l17/2   ( 1l 17/2) 0.67    37.117     1.000     0.000
 132  p   2l17/2   ( 1l 17/2) 0.72    40.949     1.000     0.000
 133  p   3l17/2   ( 2l 17/2) 0.79    53.588     1.000     0.000
 134  p   4l17/2   ( 3l 17/2) 0.75    68.509     1.000     0.000
 135  p   5l17/2   ( 5l 17/2) 0.68    93.669     1.000     0.000
 136  p   1m19/2   ( 3m 19/2) 0.55    39.783     1.000     0.000
 137  p   2m19/2   ( 1m 19/2) 0.89    47.267     1.000     0.000
 138  p   3m19/2   ( 2m 19/2) 0.79    58.103     1.000     0.000
 139  p   4m19/2   ( 3m 19/2) 0.74    74.202     1.000     0.000
 140  p   5m19/2   ( 5m 19/2) 0.65    99.767     1.000     0.000
 141  p   1l19/2   ( 1l 19/2) 0.97    31.928     1.000     0.000
 142  p   2l19/2   ( 2l 19/2) 0.59    38.302     1.000     0.000
 143  p   3l19/2   ( 2l 19/2) 0.76    51.250     1.000     0.000
 144  p   4l19/2   ( 3l 19/2) 0.75    64.597     1.000     0.000
 145  p   5l19/2   ( 5l 19/2) 0.70    89.803     1.000     0.000
 146  p   1m21/2   ( 1m 21/2) 0.74    39.084     1.000     0.000
 147  p   2m21/2   ( 1m 21/2) 0.63    41.444     1.000     0.000
 148  p   3m21/2   ( 2m 21/2) 0.79    55.223     1.000     0.000
 149  p   4m21/2   ( 3m 21/2) 0.76    69.658     1.000     0.000
 150  p   5m21/2   ( 5m 21/2) 0.69    94.641     1.000     0.000
 151  p   1n21/2   ( 2n 21/2) 0.57    44.672     1.000     0.000
 152  p   2n21/2   ( 1n 21/2) 0.85    55.295     1.000     0.000
 153  p   3n21/2   ( 2n 21/2) 0.76    67.778     1.000     0.000
 154  p   4n21/2   ( 4n 21/2) 0.70    91.114     1.000     0.000
 155  p   1o23/2   ( 3o 23/2) 0.58    46.944     1.000     0.000
 156  p   2o23/2   ( 1o 23/2) 0.85    60.442     1.000     0.000
 157  p   3o23/2   ( 2o 23/2) 0.76    72.930     1.000     0.000
 158  p   4o23/2   ( 4o 23/2) 0.68    96.920     1.000     0.000
 159  p   1n23/2   ( 1n 23/2) 0.63    44.118     1.000     0.000
 160  p   2n23/2   ( 1n 23/2) 0.75    50.301     1.000     0.000
 161  p   3n23/2   ( 2n 23/2) 0.70    63.333     1.000     0.000
 162  p   4n23/2   ( 4n 23/2) 0.75    83.708     1.000     0.000
 163  p   1o25/2   ( 3o 25/2) 0.58    46.751     1.000     0.000
 164  p   2o25/2   ( 1o 25/2) 0.86    56.985     1.000     0.000
 165  p   3o25/2   ( 2o 25/2) 0.74    67.897     1.000     0.000
 166  p   4o25/2   ( 4o 25/2) 0.74    88.473     1.000     0.000
 167  p   1P25/2   ( 2P 25/2) 0.67    53.486     1.000     0.000
 168  p   2P25/2   ( 1P 25/2) 0.79    69.079     1.000     0.000
 169  p   3P25/2   ( 3P 25/2) 0.74    87.534     1.000     0.000
 170  p   1q27/2   ( 2q 27/2) 0.68    55.924     1.000     0.000
 171  p   2q27/2   ( 1q 27/2) 0.80    73.865     1.000     0.000
 172  p   3q27/2   ( 3q 27/2) 0.72    92.783     1.000     0.000
 173  p   1P27/2   ( 1P 27/2) 0.62    53.179     1.000     0.000
 174  p   2P27/2   ( 1P 27/2) 0.76    65.673     1.000     0.000
 175  p   3P27/2   ( 3P 27/2) 0.81    79.004     1.000     0.000
 176  p   1q29/2   ( 2q 29/2) 0.65    55.705     1.000     0.000
 177  p   2q29/2   ( 1q 29/2) 0.80    71.814     1.000     0.000
 178  p   3q29/2   ( 3q 29/2) 0.78    84.315     1.000     0.000
 179  p   1r29/2   ( 1r 29/2) 0.77    64.819     1.000     0.000
 180  p   2r29/2   ( 2r 29/2) 0.76    85.638     1.000     0.000
 181  p   1S31/2   ( 1S 31/2) 0.76    67.588     1.000     0.000
 182  p   2S31/2   ( 2S 31/2) 0.76    90.710     1.000     0.000
 183  p   1r31/2   ( 1r 31/2) 0.76    64.554     1.000     0.000
 184  p   2r31/2   ( 2r 31/2) 0.76    80.893     1.000     0.000
 185  p   1S33/2   ( 1S 33/2) 0.75    67.371     1.000     0.000
 186  p   2S33/2   ( 2S 33/2) 0.75    87.017     1.000     0.000
 187  p   1t33/2   ( 1t 33/2) 0.98    80.606     1.000     0.000
 188  p   1u35/2   ( 1u 35/2) 0.98    84.068     1.000     0.000
 189  p   1t35/2   ( 1t 35/2) 0.98    79.675     1.000     0.000
 190  p   1u37/2   ( 1u 37/2) 0.98    83.394     1.000     0.000
  ****** END RESU ***********************************
