
  ******************************************  
  *           Fortran 77 Code              *  
  *         Spherical H.O. basis            *  
  * Dirac-Hartree-Bogoliubov calculation   *  
  *        with density-dependent          *  
  * meson-exchange or point coupling force *  
  *          and separable pairing         *  
  * -------------------------------------- *  
  *      Niksic, Paar, Vretenar, Ring      *  
  *          18/ 4/2026/01:51:35           *
  *       Pb 242  N = 160  Z =  82
  ******************************************  
  ****** BEGIN READER *******************************
 Number of oscillator shells :    18   20
 Initialization inin,inink   :     1    1
 Nucleus: Pb 242   160  82
 Initial Gap Parameters      :     1.0000    1.0000
 Parameter set               :    DD-ME2    
  ****** END READER *********************************
  ****** BEGIN FORCES *******************************

 NEDF Parameters: DD-ME2    
 AMU   =  939.000
 msig  =  550.124  gsig =    10.5396  Gsig =   -14.2924
 mome  =  783.000  gome =    13.0189  Gome =    10.7647
 mdel  =    0.000  gdel =     0.0000  Gdel =    -0.0000
 mrho  =  763.000  grho =     3.6836  Grho =     0.9076
  
 Density dependence parameters:
           scasca    scavec    vecsca    vecvec
 a    =   1.388148  1.389291  0.000000  0.564700
 b    =   1.094300  0.923975  0.000000  0.000000
 c    =   1.705700  1.462000  0.000000  0.000000
 d    =   0.442067  0.477492  0.000000  0.000000
 dsat =   0.152000
  
 TMR pairing: Tian,Ma,Ring, PRB 676, 44 (2009)
 TMR pairing strength    gl =:  -728.00000 [MeV*fm^3]
 TMR pairing width        a =:     0.64420 [fm]
  ****** END FORCES *********************************
  ****** BEGIN PREP *********************************
  
 hom =                            6.579286
 hb0 =                           20.734000
 b0  =                            2.510540
 with Coulomb force
 With microscopic c.m. correction
  ****** END PREP ***********************************
  ****** BEGIN ITER *********************************
  1.It. si =    0.0000000  E/A =    0.0000 R =    0.0000  mix = 0.50
  2.It. si =  103.1106778  E/A =   -7.0914 R =    6.1046  mix = 0.50
  3.It. si =   56.2935290  E/A =   -7.1204 R =    6.0875  mix = 0.50
  4.It. si =   12.9429181  E/A =   -7.1378 R =    6.0679  mix = 0.50
  5.It. si =   14.3424719  E/A =   -7.1597 R =    6.0438  mix = 0.50
  6.It. si =   14.6128418  E/A =   -7.1678 R =    6.0289  mix = 0.50
  7.It. si =    5.0379178  E/A =   -7.1792 R =    6.0051  mix = 0.50
  8.It. si =    1.2479040  E/A =   -7.1847 R =    5.9918  mix = 0.50
  9.It. si =    1.0503072  E/A =   -7.1860 R =    5.9875  mix = 0.50
 10.It. si =    0.3247954  E/A =   -7.1857 R =    5.9882  mix = 0.50
 11.It. si =    0.5163157  E/A =   -7.1854 R =    5.9893  mix = 0.50
 12.It. si =    0.3612229  E/A =   -7.1854 R =    5.9894  mix = 0.50
 13.It. si =    0.0527185  E/A =   -7.1855 R =    5.9883  mix = 0.50
 14.It. si =    0.0822308  E/A =   -7.1854 R =    5.9882  mix = 0.50
 15.It. si =    0.0350109  E/A =   -7.1854 R =    5.9880  mix = 0.50
 16.It. si =    0.0343392  E/A =   -7.1854 R =    5.9879  mix = 0.50
 17.It. si =    0.0726871  E/A =   -7.1853 R =    5.9876  mix = 0.50
 18.It. si =    0.0177055  E/A =   -7.1853 R =    5.9877  mix = 0.50
 19.It. si =    0.1770365  E/A =   -7.1853 R =    5.9875  mix = 0.50
 20.It. si =    0.1237500  E/A =   -7.1853 R =    5.9875  mix = 0.50
 21.It. si =    0.0229437  E/A =   -7.1853 R =    5.9876  mix = 0.50
 22.It. si =    0.0111874  E/A =   -7.1853 R =    5.9876  mix = 0.50
 23.It. si =    0.0091099  E/A =   -7.1853 R =    5.9876  mix = 0.50
 24.It. si =    0.0006498  E/A =   -7.1853 R =    5.9876  mix = 0.50
 25.It. si =    0.0002374  E/A =   -7.1853 R =    5.9876  mix = 0.50
 26.It. si =    0.0002082  E/A =   -7.1853 R =    5.9876  mix = 0.50
 27.It. si =    0.0000340  E/A =   -7.1853 R =    5.9876  mix = 0.50
 28.It. si =    0.0000222  E/A =   -7.1853 R =    5.9876  mix = 0.50
 29.It. si =    0.0000144  E/A =   -7.1853 R =    5.9876  mix = 0.50
 30.It. si =    0.0000133  E/A =   -7.1853 R =    5.9876  mix = 0.50
 31.It. si =    0.0000095  E/A =   -7.1853 R =    5.9876  mix = 0.50
 32.It. si =    0.0000064  E/A =   -7.1853 R =    5.9876  mix = 0.50
 33.It. si =    0.0000049  E/A =   -7.1853 R =    5.9876  mix = 0.50
 34.It. si =    0.0000021  E/A =   -7.1853 R =    5.9876  mix = 0.50
 ********************************************************************
 Pb 242: Iteration converged after  34 steps   si =      0.0000003508
 ********************************************************************
  ****** END ITER ***********************************
  ****** BEGIN CANON ********************************
 single-particle energies and gaps  in the canonical basis: Neutron:
 ------------------------------------------------------------------
    j pi     (nr,l,j)  smax       Ecan       vvcan       decan
 j = 1/2+  (   s 1/2)  0.98    -59.9462      0.9997      1.9509
 j = 1/2+  (   s 1/2)  0.96    -42.0452      0.9996      1.6643
 j = 1/2+  (   s 1/2)  0.98    -21.7192      0.9977      1.8836
 j = 1/2+  (   s 1/2)  0.94     -1.9198      0.3469      1.2185
 j = 1/2+  (   s 1/2)  0.85      8.4235      0.0011      0.7165
 j = 1/2+  (   s 1/2)  0.80     20.0083      0.0002      0.6072
 j = 1/2+  (   s 1/2)  0.86     35.4882      0.0000      0.4421
 j = 1/2+  (   s 1/2)  0.92     41.7597      0.0000      0.0649
 j = 1/2+  (   s 1/2)  0.94     50.6355      0.0000      0.2918
 j = 1/2+  (   s 1/2)  0.91     66.3770      0.0000      0.1954
 j = 1/2-  (   p 1/2)  0.99    -52.9074      0.9997      1.8020
 j = 1/2-  (   p 1/2)  0.98    -32.3650      0.9992      1.7024
 j = 1/2-  (   p 1/2)  0.97     -9.9993      0.9876      1.7433
 j = 1/2-  (   p 1/2)  0.93      4.8921      0.0034      0.8424
 j = 1/2-  (   p 1/2)  0.86     15.1791      0.0003      0.6025
 j = 1/2-  (   p 1/2)  0.85     28.5189      0.0001      0.4422
 j = 1/2-  (   p 1/2)  0.91     42.3798      0.0000      0.3055
 j = 1/2-  (   p 1/2)  0.94     44.7543      0.0000      0.0906
 j = 1/2-  (   p 1/2)  0.94     59.3062      0.0000      0.2128
 j = 3/2+  (   d 3/2)  0.99    -44.8104      0.9996      1.6699
 j = 3/2+  (   d 3/2)  0.98    -22.1360      0.9979      1.8060
 j = 3/2+  (   d 3/2)  0.95     -1.5399      0.2478      1.3208
 j = 3/2+  (   d 3/2)  0.88      9.5620      0.0009      0.6997
 j = 3/2+  (   d 3/2)  0.81     20.8126      0.0002      0.5641
 j = 3/2+  (   d 3/2)  0.83     35.0609      0.0000      0.3784
 j = 3/2+  (   d 3/2)  0.93     45.9514      0.0000      0.0644
 j = 3/2+  (   d 3/2)  0.91     47.7696      0.0000      0.2418
 j = 3/2+  (   d 3/2)  0.92     65.6620      0.0000      0.1636
 j = 3/2-  (   p 3/2)  0.99    -53.2131      0.9997      1.8089
 j = 3/2-  (   p 3/2)  0.98    -33.1729      0.9992      1.7075
 j = 3/2-  (   p 3/2)  0.97    -10.8733      0.9899      1.7446
 j = 3/2-  (   p 3/2)  0.93      4.4979      0.0038      0.8486
 j = 3/2-  (   p 3/2)  0.86     14.7546      0.0003      0.5926
 j = 3/2-  (   p 3/2)  0.85     28.1215      0.0001      0.4420
 j = 3/2-  (   p 3/2)  0.91     41.9502      0.0000      0.3051
 j = 3/2-  (   p 3/2)  0.94     44.3373      0.0000      0.0903
 j = 3/2-  (   p 3/2)  0.94     58.8308      0.0000      0.2128
 j = 5/2+  (   d 5/2)  0.99    -45.6826      0.9996      1.6880
 j = 5/2+  (   d 5/2)  0.98    -23.7443      0.9982      1.8166
 j = 5/2+  (   d 5/2)  0.95     -2.3746      0.5238      1.3209
 j = 5/2+  (   d 5/2)  0.88      9.1321      0.0009      0.6934
 j = 5/2+  (   d 5/2)  0.81     20.1113      0.0002      0.5576
 j = 5/2+  (   d 5/2)  0.83     34.4779      0.0000      0.3766
 j = 5/2+  (   d 5/2)  0.93     45.5892      0.0000      0.0644
 j = 5/2+  (   d 5/2)  0.91     47.2171      0.0000      0.2408
 j = 5/2+  (   d 5/2)  0.92     65.0509      0.0000      0.1635
 j = 5/2-  (   f 5/2)  0.98    -36.0523      0.9994      1.6002
 j = 5/2-  (   f 5/2)  0.98    -11.3602      0.9912      1.7250
 j = 5/2-  (   f 5/2)  0.97      5.4509      0.0043      1.0238
 j = 5/2-  (   f 5/2)  0.93     16.4949      0.0003      0.6485
 j = 5/2-  (   f 5/2)  0.92     29.5500      0.0001      0.4649
 j = 5/2-  (   f 5/2)  0.95     41.6628      0.0000      0.2965
 j = 5/2-  (   f 5/2)  0.94     44.8457      0.0000      0.0840
 j = 5/2-  (   f 5/2)  0.94     56.7852      0.0000      0.1935
 j = 7/2+  (   g 7/2)  0.98    -26.3345      0.9989      1.6069
 j = 7/2+  (   g 7/2)  0.98     -1.9819      0.3920      1.4906
 j = 7/2+  (   g 7/2)  0.96     11.6407      0.0007      0.7595
 j = 7/2+  (   g 7/2)  0.93     22.5822      0.0001      0.5793
 j = 7/2+  (   g 7/2)  0.94     37.0303      0.0000      0.3933
 j = 7/2+  (   g 7/2)  0.89     38.2217      0.0000      0.0528
 j = 7/2+  (   g 7/2)  0.95     49.5369      0.0000      0.2522
 j = 7/2+  (   g 7/2)  0.88     64.8358      0.0000      0.1689
 j = 7/2-  (   f 7/2)  0.98    -37.8883      0.9995      1.6300
 j = 7/2-  (   f 7/2)  0.98    -13.5546      0.9942      1.7290
 j = 7/2-  (   f 7/2)  0.96      4.4575      0.0056      1.0256
 j = 7/2-  (   f 7/2)  0.93     15.7318      0.0003      0.6329
 j = 7/2-  (   f 7/2)  0.92     28.7795      0.0001      0.4633
 j = 7/2-  (   f 7/2)  0.94     41.0154      0.0000      0.2954
 j = 7/2-  (   f 7/2)  0.94     44.4832      0.0000      0.0839
 j = 7/2-  (   f 7/2)  0.94     56.1806      0.0000      0.1930
 j = 9/2+  (   g 9/2)  0.98    -29.5570      0.9991      1.6455
 j = 9/2+  (   g 9/2)  0.98     -4.2368      0.8949      1.4949
 j = 9/2+  (   g 9/2)  0.96     10.7724      0.0009      0.7728
 j = 9/2+  (   g 9/2)  0.94     21.6709      0.0001      0.5559
 j = 9/2+  (   g 9/2)  0.94     36.2017      0.0000      0.3875
 j = 9/2+  (   g 9/2)  0.89     37.4606      0.0000      0.0518
 j = 9/2+  (   g 9/2)  0.95     48.9095      0.0000      0.2488
 j = 9/2+  (   g 9/2)  0.87     63.7934      0.0000      0.1664
 j = 9/2-  (   h 9/2)  0.98    -15.7343      0.9967      1.5458
 j = 9/2-  (   h 9/2)  0.97      5.8330      0.0062      1.2896
 j = 9/2-  (   h 9/2)  0.96     18.1230      0.0003      0.6568
 j = 9/2-  (   h 9/2)  0.95     30.7702      0.0000      0.4540
 j = 9/2-  (   h 9/2)  0.90     36.4071      0.0000      0.0698
 j = 9/2-  (   h 9/2)  0.95     43.8417      0.0000      0.2973
 j = 9/2-  (   h 9/2)  0.88     59.5083      0.0000      0.2087
 j =11/2+  (   i11/2)  0.98     -5.1192      0.9420      1.4847
 j =11/2+  (   i11/2)  0.97     13.2004      0.0011      1.0376
 j =11/2+  (   i11/2)  0.97     25.0716      0.0001      0.5894
 j =11/2+  (   i11/2)  0.84     32.9291      0.0000      0.0435
 j =11/2+  (   i11/2)  0.95     37.8075      0.0000      0.3687
 j =11/2+  (   i11/2)  0.92     50.4771      0.0000      0.2319
 j =11/2+  (   i11/2)  0.80     64.6285      0.0000      0.1599
 j =11/2-  (   h11/2)  0.98    -20.3625      0.9980      1.6047
 j =11/2-  (   h11/2)  0.98      3.5147      0.0115      1.2691
 j =11/2-  (   h11/2)  0.96     16.7523      0.0003      0.6455
 j =11/2-  (   h11/2)  0.95     29.2138      0.0001      0.4516
 j =11/2-  (   h11/2)  0.89     35.9026      0.0000      0.0695
 j =11/2-  (   h11/2)  0.95     42.7390      0.0000      0.2950
 j =11/2-  (   h11/2)  0.88     58.6789      0.0000      0.2085
 j =13/2+  (   i13/2)  0.98    -11.0230      0.9925      1.5238
 j =13/2+  (   i13/2)  0.97     10.7423      0.0016      1.0473
 j =13/2+  (   i13/2)  0.96     23.4850      0.0001      0.5701
 j =13/2+  (   i13/2)  0.83     32.4383      0.0000      0.0432
 j =13/2+  (   i13/2)  0.95     36.1424      0.0000      0.3657
 j =13/2+  (   i13/2)  0.92     49.1901      0.0000      0.2297
 j =13/2+  (   i13/2)  0.79     63.4417      0.0000      0.1587
 j =13/2-  (   j13/2)  0.98      5.1073      0.0092      1.4443
 j =13/2-  (   j13/2)  0.97     19.9286      0.0003      0.7811
 j =13/2-  (   j13/2)  0.96     32.6201      0.0001      0.5064
 j =13/2-  (   j13/2)  0.88     35.1734      0.0000      0.0620
 j =13/2-  (   j13/2)  0.93     43.3469      0.0000      0.2892
 j =13/2-  (   j13/2)  0.85     57.9323      0.0000      0.1896
 j =15/2+  (   k15/2)  0.98     14.3660      0.0015      1.3109
 j =15/2+  (   k15/2)  0.96     27.2118      0.0001      0.6451
 j =15/2+  (   k15/2)  0.81     31.9878      0.0000      0.0390
 j =15/2+  (   k15/2)  0.92     40.1393      0.0000      0.4142
 j =15/2+  (   k15/2)  0.86     51.7254      0.0000      0.2447
 j =15/2+  (   k15/2)  0.73     60.8851      0.0000      0.1480
 j =15/2-  (   j15/2)  0.98     -1.8354      0.3419      1.4286
 j =15/2-  (   j15/2)  0.96     17.5976      0.0004      0.8310
 j =15/2-  (   j15/2)  0.95     30.0968      0.0001      0.4992
 j =15/2-  (   j15/2)  0.87     34.3885      0.0000      0.0614
 j =15/2-  (   j15/2)  0.92     41.9478      0.0000      0.2872
 j =15/2-  (   j15/2)  0.85     56.2671      0.0000      0.1883
 j =17/2+  (   k17/2)  0.98      7.1304      0.0048      1.3203
 j =17/2+  (   k17/2)  0.95     24.0977      0.0002      0.6647
 j =17/2+  (   k17/2)  0.80     31.3950      0.0000      0.0387
 j =17/2+  (   k17/2)  0.91     37.2291      0.0000      0.4105
 j =17/2+  (   k17/2)  0.85     50.0942      0.0000      0.2432
 j =17/2+  (   k17/2)  0.72     59.0497      0.0000      0.1467
 j =17/2-  (   l17/2)  0.97     22.7206      0.0005      1.1461
 j =17/2-  (   l17/2)  0.82     31.9510      0.0000      0.0553
 j =17/2-  (   l17/2)  0.94     34.7905      0.0001      0.5511
 j =17/2-  (   l17/2)  0.88     47.1226      0.0000      0.3278
 j =17/2-  (   l17/2)  0.74     57.0007      0.0000      0.1993
 j =19/2+  (   m19/2)  0.96     30.7336      0.0002      0.9871
 j =19/2+  (   m19/2)  0.76     31.1417      0.0000      0.0372
 j =19/2+  (   m19/2)  0.90     42.2224      0.0000      0.4689
 j =19/2+  (   m19/2)  0.80     55.2890      0.0000      0.2723
 j =19/2+  (   m19/2)  0.63     59.0561      0.0000      0.1512
 j =19/2-  (   l19/2)  0.97     15.6307      0.0011      1.1670
 j =19/2-  (   l19/2)  0.93     30.8518      0.0001      0.5553
 j =19/2-  (   l19/2)  0.81     31.2064      0.0000      0.0547
 j =19/2-  (   l19/2)  0.86     44.1553      0.0000      0.3264
 j =19/2-  (   l19/2)  0.73     54.3819      0.0000      0.1963
 j =21/2+  (   m21/2)  0.95     23.8637      0.0004      1.0096
 j =21/2+  (   m21/2)  0.75     30.5953      0.0000      0.0370
 j =21/2+  (   m21/2)  0.88     37.7735      0.0000      0.4682
 j =21/2+  (   m21/2)  0.77     51.6721      0.0000      0.2716
 j =21/2+  (   m21/2)  0.61     56.0353      0.0000      0.1481
 j =21/2-  (   n21/2)  0.79     33.3493      0.0000      0.0560
 j =21/2-  (   n21/2)  0.94     38.3751      0.0001      0.8348
 j =21/2-  (   n21/2)  0.84     49.5255      0.0000      0.3898
 j =21/2-  (   n21/2)  0.70     57.1737      0.0000      0.2094
 j =23/2+  (   o23/2)  0.74     33.7928      0.0000      0.0392
 j =23/2+  (   o23/2)  0.90     46.0712      0.0001      0.6993
 j =23/2+  (   o23/2)  0.75     57.7326      0.0000      0.3336
 j =23/2+  (   o23/2)  0.61     58.7153      0.0000      0.1587
 j =23/2-  (   n23/2)  0.92     31.8294      0.0002      0.8536
 j =23/2-  (   n23/2)  0.78     32.3027      0.0000      0.0551
 j =23/2-  (   n23/2)  0.80     44.8457      0.0000      0.3914
 j =23/2-  (   n23/2)  0.66     52.5023      0.0000      0.2044
 j =25/2+  (   o25/2)  0.74     33.0330      0.0000      0.0387
 j =25/2+  (   o25/2)  0.89     39.7803      0.0001      0.7161
 j =25/2+  (   o25/2)  0.70     52.3158      0.0000      0.3333
 j =25/2+  (   o25/2)  0.62     54.4241      0.0000      0.1545
 j =25/2-  (   P25/2)  0.77     37.0137      0.0000      0.0628
 j =25/2-  (   P25/2)  0.86     54.0536      0.0000      0.5822
 j =25/2-  (   P25/2)  0.65     58.1462      0.0000      0.2514
 j =27/2+  (   q27/2)  0.73     38.3982      0.0000      0.0455
 j =27/2+  (   q27/2)  0.62     60.6829      0.0000      0.1919
 j =27/2+  (   q27/2)  0.81     61.8387      0.0000      0.4819
 j =27/2-  (   P27/2)  0.76     36.0047      0.0000      0.0620
 j =27/2-  (   P27/2)  0.84     47.7673      0.0000      0.5970
 j =27/2-  (   P27/2)  0.61     53.2697      0.0000      0.2460
 j =29/2+  (   q29/2)  0.72     37.7284      0.0000      0.0451
 j =29/2+  (   q29/2)  0.79     55.7276      0.0000      0.4921
 j =29/2+  (   q29/2)  0.62     56.6708      0.0000      0.1882
 j =29/2-  (   r29/2)  0.80     44.4807      0.0000      0.0821
 j =29/2-  (   r29/2)  0.80     63.6130      0.0000      0.3538
 j =31/2+  (   S31/2)  0.77     46.8126      0.0000      0.0600
 j =31/2+  (   S31/2)  0.77     68.3600      0.0000      0.2710
 j =31/2-  (   r31/2)  0.79     43.5707      0.0000      0.0815
 j =31/2-  (   r31/2)  0.79     59.3126      0.0000      0.3567
 j =33/2+  (   S33/2)  0.77     46.1719      0.0000      0.0597
 j =33/2+  (   S33/2)  0.76     64.8715      0.0000      0.2726
 j =33/2-  (   t33/2)  0.98     58.0140      0.0000      0.1298
 j =35/2+  (   u35/2)  0.98     61.5665      0.0000      0.0949
 j =35/2-  (   t35/2)  0.98     56.9816      0.0000      0.1300
 j =37/2+  (   u37/2)  0.98     60.8013      0.0000      0.0950
 single-particle energies and gaps  in the canonical basis: Proton: 
 ------------------------------------------------------------------
    j pi     (nr,l,j)  smax       Ecan       vvcan       decan
 j = 1/2+  (   s 1/2)  0.90    -52.8819      1.0000     -0.0000
 j = 1/2+  (   s 1/2)  0.84    -35.9849      1.0000     -0.0000
 j = 1/2+  (   s 1/2)  0.92    -14.7472      1.0000     -0.0000
 j = 1/2+  (   s 1/2)  0.94      5.0796      0.0000     -0.0000
 j = 1/2+  (   s 1/2)  0.52     12.7512      0.0000     -0.0000
 j = 1/2+  (   s 1/2)  0.73     20.5873      0.0000     -0.0000
 j = 1/2+  (   s 1/2)  0.63     32.1936      0.0000     -0.0000
 j = 1/2+  (   s 1/2)  0.55     46.3315      0.0000     -0.0000
 j = 1/2+  (   s 1/2)  0.60     64.2836      0.0000     -0.0000
 j = 1/2+  (   s 1/2)  0.63     96.0241      0.0000     -0.0000
 j = 1/2-  (   p 1/2)  0.93    -47.0934      1.0000     -0.0000
 j = 1/2-  (   p 1/2)  0.90    -25.8735      1.0000     -0.0000
 j = 1/2-  (   p 1/2)  0.95     -4.3093      0.0000     -0.0000
 j = 1/2-  (   p 1/2)  0.73     11.3396      0.0000     -0.0000
 j = 1/2-  (   p 1/2)  0.59     16.4531      0.0000     -0.0000
 j = 1/2-  (   p 1/2)  0.72     27.6246      0.0000     -0.0000
 j = 1/2-  (   p 1/2)  0.64     41.1836      0.0000     -0.0000
 j = 1/2-  (   p 1/2)  0.65     58.1521      0.0000     -0.0000
 j = 1/2-  (   p 1/2)  0.63     88.7823      0.0000     -0.0000
 j = 3/2+  (   d 3/2)  0.96    -39.7039      1.0000     -0.0000
 j = 3/2+  (   d 3/2)  0.95    -16.0575      1.0000     -0.0000
 j = 3/2+  (   d 3/2)  0.96      4.6691      0.0000     -0.0000
 j = 3/2+  (   d 3/2)  0.51     13.3409      0.0000     -0.0000
 j = 3/2+  (   d 3/2)  0.75     20.7992      0.0000     -0.0000
 j = 3/2+  (   d 3/2)  0.65     32.1484      0.0000     -0.0000
 j = 3/2+  (   d 3/2)  0.57     46.3458      0.0000     -0.0000
 j = 3/2+  (   d 3/2)  0.62     64.2152      0.0000     -0.0000
 j = 3/2+  (   d 3/2)  0.63     95.5495      0.0000     -0.0000
 j = 3/2-  (   p 3/2)  0.92    -47.6437      1.0000     -0.0000
 j = 3/2-  (   p 3/2)  0.89    -26.7383      1.0000     -0.0000
 j = 3/2-  (   p 3/2)  0.94     -5.0364      0.0000     -0.0000
 j = 3/2-  (   p 3/2)  0.76     11.1232      0.0000     -0.0000
 j = 3/2-  (   p 3/2)  0.56     16.1346      0.0000     -0.0000
 j = 3/2-  (   p 3/2)  0.73     27.3406      0.0000     -0.0000
 j = 3/2-  (   p 3/2)  0.65     40.7469      0.0000     -0.0000
 j = 3/2-  (   p 3/2)  0.65     57.5928      0.0000     -0.0000
 j = 3/2-  (   p 3/2)  0.63     87.9718      0.0000     -0.0000
 j = 5/2+  (   d 5/2)  0.95    -41.0211      1.0000     -0.0000
 j = 5/2+  (   d 5/2)  0.93    -17.5149      1.0000     -0.0000
 j = 5/2+  (   d 5/2)  0.95      3.7939      0.0000     -0.0000
 j = 5/2+  (   d 5/2)  0.51     13.2344      0.0000     -0.0000
 j = 5/2+  (   d 5/2)  0.74     20.4008      0.0000     -0.0000
 j = 5/2+  (   d 5/2)  0.66     31.7729      0.0000     -0.0000
 j = 5/2+  (   d 5/2)  0.58     45.7920      0.0000     -0.0000
 j = 5/2+  (   d 5/2)  0.62     63.4579      0.0000     -0.0000
 j = 5/2+  (   d 5/2)  0.63     94.6385      0.0000     -0.0000
 j = 5/2-  (   f 5/2)  0.98    -31.0698      1.0000     -0.0000
 j = 5/2-  (   f 5/2)  0.97     -6.4945      0.0000     -0.0000
 j = 5/2-  (   f 5/2)  0.85     11.6797      0.0000     -0.0000
 j = 5/2-  (   f 5/2)  0.52     16.5274      0.0000     -0.0000
 j = 5/2-  (   f 5/2)  0.75     27.5294      0.0000     -0.0000
 j = 5/2-  (   f 5/2)  0.68     40.8330      0.0000     -0.0000
 j = 5/2-  (   f 5/2)  0.67     57.5577      0.0000     -0.0000
 j = 5/2-  (   f 5/2)  0.63     87.2414      0.0000     -0.0000
 j = 7/2+  (   g 7/2)  0.98    -21.5987      1.0000     -0.0000
 j = 7/2+  (   g 7/2)  0.98      2.5509      0.0000     -0.0000
 j = 7/2+  (   g 7/2)  0.53     14.7606      0.0000     -0.0000
 j = 7/2+  (   g 7/2)  0.76     20.9094      0.0000     -0.0000
 j = 7/2+  (   g 7/2)  0.71     31.8191      0.0000     -0.0000
 j = 7/2+  (   g 7/2)  0.62     45.9578      0.0000     -0.0000
 j = 7/2+  (   g 7/2)  0.64     63.4424      0.0000     -0.0000
 j = 7/2+  (   g 7/2)  0.64     93.7610      0.0000     -0.0000
 j = 7/2-  (   f 7/2)  0.97    -33.4553      1.0000     -0.0000
 j = 7/2-  (   f 7/2)  0.96     -8.4450      0.0000     -0.0000
 j = 7/2-  (   f 7/2)  0.89     10.9535      0.0000     -0.0000
 j = 7/2-  (   f 7/2)  0.54     16.0708      0.0000     -0.0000
 j = 7/2-  (   f 7/2)  0.75     27.0596      0.0000     -0.0000
 j = 7/2-  (   f 7/2)  0.68     40.1725      0.0000     -0.0000
 j = 7/2-  (   f 7/2)  0.67     56.6316      0.0000     -0.0000
 j = 7/2-  (   f 7/2)  0.63     86.4613      0.0000     -0.0000
 j = 9/2+  (   g 9/2)  0.98    -25.2640      1.0000     -0.0000
 j = 9/2+  (   g 9/2)  0.97      0.3254      0.0000     -0.0000
 j = 9/2+  (   g 9/2)  0.59     14.5286      0.0000     -0.0000
 j = 9/2+  (   g 9/2)  0.73     20.0102      0.0000     -0.0000
 j = 9/2+  (   g 9/2)  0.73     31.0617      0.0000     -0.0000
 j = 9/2+  (   g 9/2)  0.63     45.0704      0.0000     -0.0000
 j = 9/2+  (   g 9/2)  0.64     62.1897      0.0000     -0.0000
 j = 9/2+  (   g 9/2)  0.63     92.9708      0.0000     -0.0000
 j = 9/2-  (   h 9/2)  0.98    -11.6780      0.0000     -0.0000
 j = 9/2-  (   h 9/2)  0.97     10.7920      0.0000     -0.0000
 j = 9/2-  (   h 9/2)  0.53     17.5998      0.0000     -0.0000
 j = 9/2-  (   h 9/2)  0.78     27.5999      0.0000     -0.0000
 j = 9/2-  (   h 9/2)  0.72     40.3635      0.0000     -0.0000
 j = 9/2-  (   h 9/2)  0.70     56.7293      0.0000     -0.0000
 j = 9/2-  (   h 9/2)  0.64     85.3675      0.0000     -0.0000
 j =11/2+  (   i11/2)  0.98     -1.6866      0.0000     -0.0000
 j =11/2+  (   i11/2)  0.74     16.8338      0.0000     -0.0000
 j =11/2+  (   i11/2)  0.63     20.6568      0.0000     -0.0000
 j =11/2+  (   i11/2)  0.77     31.6200      0.0000     -0.0000
 j =11/2+  (   i11/2)  0.68     45.4105      0.0000     -0.0000
 j =11/2+  (   i11/2)  0.68     62.3162      0.0000     -0.0000
 j =11/2+  (   i11/2)  0.64     91.7201      0.0000     -0.0000
 j =11/2-  (   h11/2)  0.98    -16.6975      1.0000     -0.0000
 j =11/2-  (   h11/2)  0.98      8.5793      0.0000     -0.0000
 j =11/2-  (   h11/2)  0.54     17.2377      0.0000     -0.0000
 j =11/2-  (   h11/2)  0.77     26.6692      0.0000     -0.0000
 j =11/2-  (   h11/2)  0.73     39.1890      0.0000     -0.0000
 j =11/2-  (   h11/2)  0.70     55.0705      0.0000     -0.0000
 j =11/2-  (   h11/2)  0.63     84.1772      0.0000     -0.0000
 j =13/2+  (   i13/2)  0.98     -7.9352      0.0000     -0.0000
 j =13/2+  (   i13/2)  0.90     15.5508      0.0000     -0.0000
 j =13/2+  (   i13/2)  0.50     19.4410      0.0000     -0.0000
 j =13/2+  (   i13/2)  0.78     30.5639      0.0000     -0.0000
 j =13/2+  (   i13/2)  0.70     44.0505      0.0000     -0.0000
 j =13/2+  (   i13/2)  0.68     60.2862      0.0000     -0.0000
 j =13/2+  (   i13/2)  0.63     90.0589      0.0000     -0.0000
 j =13/2-  (   j13/2)  0.98      8.0080      0.0000     -0.0000
 j =13/2-  (   j13/2)  0.57     20.4824      0.0000     -0.0000
 j =13/2-  (   j13/2)  0.78     27.6574      0.0000     -0.0000
 j =13/2-  (   j13/2)  0.77     39.7603      0.0000     -0.0000
 j =13/2-  (   j13/2)  0.73     55.6102      0.0000     -0.0000
 j =13/2-  (   j13/2)  0.65     82.7218      0.0000     -0.0000
 j =15/2+  (   k15/2)  0.98     17.0108      0.0000     -0.0000
 j =15/2+  (   k15/2)  0.51     22.6022      0.0000     -0.0000
 j =15/2+  (   k15/2)  0.82     32.6419      0.0000     -0.0000
 j =15/2+  (   k15/2)  0.75     44.7653      0.0000     -0.0000
 j =15/2+  (   k15/2)  0.72     61.0489      0.0000     -0.0000
 j =15/2+  (   k15/2)  0.64     88.6422      0.0000     -0.0000
 j =15/2-  (   j15/2)  0.97      0.8969      0.0000     -0.0000
 j =15/2-  (   j15/2)  0.68     19.9102      0.0000     -0.0000
 j =15/2-  (   j15/2)  0.70     25.5594      0.0000     -0.0000
 j =15/2-  (   j15/2)  0.76     38.2409      0.0000     -0.0000
 j =15/2-  (   j15/2)  0.73     53.3190      0.0000     -0.0000
 j =15/2-  (   j15/2)  0.66     80.4568      0.0000     -0.0000
 j =17/2+  (   k17/2)  0.97      9.6444      0.0000     -0.0000
 j =17/2+  (   k17/2)  0.51     22.2131      0.0000     -0.0000
 j =17/2+  (   k17/2)  0.81     30.4235      0.0000     -0.0000
 j =17/2+  (   k17/2)  0.77     42.6362      0.0000     -0.0000
 j =17/2+  (   k17/2)  0.73     58.2638      0.0000     -0.0000
 j =17/2+  (   k17/2)  0.64     85.9963      0.0000     -0.0000
 j =17/2-  (   l17/2)  0.82     24.2418      0.0000     -0.0000
 j =17/2-  (   l17/2)  0.54     27.8204      0.0000     -0.0000
 j =17/2-  (   l17/2)  0.79     40.5013      0.0000     -0.0000
 j =17/2-  (   l17/2)  0.75     54.8316      0.0000     -0.0000
 j =17/2-  (   l17/2)  0.68     79.4488      0.0000     -0.0000
 j =19/2+  (   m19/2)  0.53     27.5711      0.0000     -0.0000
 j =19/2+  (   m19/2)  0.87     33.7272      0.0000     -0.0000
 j =19/2+  (   m19/2)  0.79     44.9599      0.0000     -0.0000
 j =19/2+  (   m19/2)  0.74     60.4955      0.0000     -0.0000
 j =19/2+  (   m19/2)  0.66     85.4634      0.0000     -0.0000
 j =19/2-  (   l19/2)  0.97     18.1583      0.0000     -0.0000
 j =19/2-  (   l19/2)  0.61     26.0848      0.0000     -0.0000
 j =19/2-  (   l19/2)  0.75     38.1872      0.0000     -0.0000
 j =19/2-  (   l19/2)  0.74     51.1263      0.0000     -0.0000
 j =19/2-  (   l19/2)  0.70     75.7693      0.0000     -0.0000
 j =21/2+  (   m21/2)  0.91     25.9718      0.0000     -0.0000
 j =21/2+  (   m21/2)  0.57     28.5863      0.0000     -0.0000
 j =21/2+  (   m21/2)  0.78     42.2941      0.0000     -0.0000
 j =21/2+  (   m21/2)  0.76     56.1275      0.0000     -0.0000
 j =21/2+  (   m21/2)  0.69     80.5962      0.0000     -0.0000
 j =21/2-  (   n21/2)  0.56     32.3732      0.0000     -0.0000
 j =21/2-  (   n21/2)  0.84     41.7707      0.0000     -0.0000
 j =21/2-  (   n21/2)  0.75     54.2857      0.0000     -0.0000
 j =21/2-  (   n21/2)  0.70     76.9351      0.0000     -0.0000
 j =23/2+  (   o23/2)  0.58     34.7115      0.0000     -0.0000
 j =23/2+  (   o23/2)  0.86     47.1672      0.0000     -0.0000
 j =23/2+  (   o23/2)  0.76     59.2894      0.0000     -0.0000
 j =23/2+  (   o23/2)  0.69     82.7231      0.0000     -0.0000
 j =23/2-  (   n23/2)  0.71     31.5477      0.0000     -0.0000
 j =23/2-  (   n23/2)  0.66     36.7548      0.0000     -0.0000
 j =23/2-  (   n23/2)  0.68     50.1403      0.0000     -0.0000
 j =23/2-  (   n23/2)  0.76     69.8449      0.0000     -0.0000
 j =25/2+  (   o25/2)  0.57     34.4635      0.0000     -0.0000
 j =25/2+  (   o25/2)  0.84     43.3278      0.0000     -0.0000
 j =25/2+  (   o25/2)  0.73     54.6218      0.0000     -0.0000
 j =25/2+  (   o25/2)  0.75     74.6064      0.0000     -0.0000
 j =25/2-  (   P25/2)  0.66     41.1129      0.0000     -0.0000
 j =25/2-  (   P25/2)  0.79     55.5511      0.0000     -0.0000
 j =25/2-  (   P25/2)  0.75     73.5119      0.0000     -0.0000
 j =27/2+  (   q27/2)  0.67     43.5751      0.0000      0.0000
 j =27/2+  (   q27/2)  0.80     60.5157      0.0000     -0.0000
 j =27/2+  (   q27/2)  0.73     78.7005      0.0000     -0.0000
 j =27/2-  (   P27/2)  0.64     40.7538      0.0000     -0.0000
 j =27/2-  (   P27/2)  0.74     51.8670      0.0000     -0.0000
 j =27/2-  (   P27/2)  0.82     65.3755      0.0000     -0.0000
 j =29/2+  (   q29/2)  0.64     43.3309      0.0000     -0.0000
 j =29/2+  (   q29/2)  0.79     58.1769      0.0000     -0.0000
 j =29/2+  (   q29/2)  0.79     70.5301      0.0000     -0.0000
 j =29/2-  (   r29/2)  0.78     52.2381      0.0000      0.0000
 j =29/2-  (   r29/2)  0.77     71.7776      0.0000     -0.0000
 j =31/2+  (   S31/2)  0.77     55.0331      0.0000      0.0000
 j =31/2+  (   S31/2)  0.76     76.9482      0.0000     -0.0000
 j =31/2-  (   r31/2)  0.77     51.9465      0.0000      0.0000
 j =31/2-  (   r31/2)  0.76     66.9277      0.0000     -0.0000
 j =33/2+  (   S33/2)  0.76     54.7953      0.0000      0.0000
 j =33/2+  (   S33/2)  0.75     73.1242      0.0000     -0.0000
 j =33/2-  (   t33/2)  0.98     67.5725      0.0000     -0.0000
 j =35/2+  (   u35/2)  0.98     71.0917      0.0000     -0.0000
 j =35/2-  (   t35/2)  0.98     66.5606      0.0000     -0.0000
 j =37/2+  (   u37/2)  0.98     70.3481      0.0000     -0.0000
  ****** END CANON **********************************
  ****** BEGIN RESU *********************************
   ****** BEGIN EXPECT *******

                            neutron        proton         total
 particle number           160.000000      82.000000     242.000000
 trace scalar density      152.573774      79.056105     231.629879
 lambda                     -2.311661     -13.469249
 spk                        22.945865      -0.000011
 rms-Radius                  6.126999       5.705711       5.987570
 charge-Radius                              5.761522
 Particle Energ          -3379.844982   -2304.812535   -5684.657516
 Selfconsistency Test.                                    -0.000002

 Kinetic Energy           2256.929509     866.629243    3123.558752
 E-scsc                                               -36017.738726
 E-scve                                                30131.732175
 E-vesc                                                    0.000000
 E-veve                                                  261.507912
 E-rearrang.                                             857.954672
 Coulomb direct                                          791.413171
 Pairing Energy            -29.327289      -0.000000     -29.327289
 Sum without E-cm                                      -1738.854006
DE-cm <P**2>/2M            -13.257931      -5.132942     -18.390874
NE-cm <P**2>/2M             10.334878       3.280075      13.614954
 E-cm <P**2>/2M             -2.923053      -1.852867      -4.775920
 Total Energy                                          -1743.629926
 E/A                                                      -7.205082

  ****** END EXPECT *********************************


 quasi-particle properties Neutron:
 ------------------------------------------------------------------
     p/h    l j     [nr,l,j]  smax       Eqp       uu       vv
   1  p   1s 1/2   ( 4s  1/2) 0.72     1.196     0.657     0.343
   2  p   2s 1/2   ( 6s  1/2) 0.50     6.452     0.995     0.005
   3  p   3s 1/2   ( 5s  1/2) 0.71    14.606     0.997     0.003
   4  h   4s 1/2   ( 3s  1/2) 0.96    18.027     0.005     0.995
   5  p   5s 1/2   ( 6s  1/2) 0.60    26.327     1.000     0.000
   6  h   6s 1/2   ( 2s  1/2) 0.88    40.686     0.053     0.947
   7  p   7s 1/2   ( 7s  1/2) 0.53    40.893     0.948     0.052
   8  h   8s 1/2   ( 1s  1/2) 0.94    58.231     0.000     1.000
   9  p   9s 1/2   ( 8s  1/2) 0.61    59.549     1.000     0.000
  10  p  10s 1/2   ( 9s  1/2) 0.64    89.743     1.000     0.000
  11  p   1p 1/2   ( 4p  1/2) 0.65     4.793     0.998     0.002
  12  h   2p 1/2   ( 3p  1/2) 0.97     7.335     0.016     0.984
  13  p   3p 1/2   ( 4p  1/2) 0.66    11.043     0.995     0.005
  14  p   4p 1/2   ( 5p  1/2) 0.70    21.793     0.999     0.001
  15  h   5p 1/2   ( 2p  1/2) 0.94    29.668     0.002     0.998
  16  p   6p 1/2   ( 6p  1/2) 0.63    35.847     1.000     0.000
  17  h   7p 1/2   ( 1p  1/2) 0.96    51.589     0.000     1.000
  18  p   8p 1/2   ( 7p  1/2) 0.65    53.533     1.000     0.000
  19  p   9p 1/2   ( 8p  1/2) 0.64    82.788     1.000     0.000
  20  p   1d 3/2   ( 3d  3/2) 0.80     1.440     0.755     0.245
  21  p   2d 3/2   ( 5d  3/2) 0.49     6.982     0.996     0.004
  22  p   3d 3/2   ( 4d  3/2) 0.72    15.030     0.998     0.002
  23  h   4d 3/2   ( 2d  3/2) 0.97    18.959     0.004     0.996
  24  p   5d 3/2   ( 5d  3/2) 0.61    26.535     1.000     0.000
  25  p   6d 3/2   ( 6d  3/2) 0.54    41.189     1.000     0.000
  26  h   7d 3/2   ( 1d  3/2) 0.98    43.497     0.001     0.999
  27  p   8d 3/2   ( 7d  3/2) 0.62    59.787     1.000     0.000
  28  p   9d 3/2   ( 8d  3/2) 0.64    89.952     1.000     0.000
  29  p   1p 3/2   ( 4p  3/2) 0.67     4.642     0.997     0.003
  30  h   2p 3/2   ( 3p  3/2) 0.96     8.083     0.018     0.982
  31  p   3p 3/2   ( 4p  3/2) 0.65    10.731     0.991     0.009
  32  p   4p 3/2   ( 5p  3/2) 0.71    21.481     0.999     0.001
  33  h   5p 3/2   ( 2p  3/2) 0.94    30.480     0.002     0.998
  34  p   6p 3/2   ( 6p  3/2) 0.64    35.389     1.000     0.000
  35  h   7p 3/2   ( 1p  3/2) 0.95    51.990     0.000     1.000
  36  p   8p 3/2   ( 7p  3/2) 0.66    52.964     1.000     0.000
  37  p   9p 3/2   ( 8p  3/2) 0.64    82.061     1.000     0.000
  38  h   1d 5/2   ( 3d  5/2) 0.69     1.271     0.479     0.521
  39  p   2d 5/2   ( 5d  5/2) 0.51     6.781     0.996     0.004
  40  p   3d 5/2   ( 4d  5/2) 0.72    14.641     0.999     0.001
  41  h   4d 5/2   ( 2d  5/2) 0.96    20.372     0.003     0.997
  42  p   5d 5/2   ( 5d  5/2) 0.62    26.138     1.000     0.000
  43  p   6d 5/2   ( 6d  5/2) 0.55    40.576     1.000     0.000
  44  h   7d 5/2   ( 1d  5/2) 0.97    44.560     0.001     0.999
  45  p   8d 5/2   ( 7d  5/2) 0.62    58.986     1.000     0.000
  46  p   9d 5/2   ( 8d  5/2) 0.64    89.087     1.000     0.000
  47  p   1f 5/2   ( 3f  5/2) 0.72     5.632     0.996     0.004
  48  h   2f 5/2   ( 2f  5/2) 0.97     8.747     0.022     0.978
  49  p   3f 5/2   ( 3f  5/2) 0.62    11.237     0.987     0.013
  50  p   4f 5/2   ( 4f  5/2) 0.73    21.704     0.999     0.001
  51  h   5f 5/2   ( 1f  5/2) 0.98    34.206     0.004     0.996
  52  p   6f 5/2   ( 5f  5/2) 0.66    35.651     0.996     0.004
  53  p   7f 5/2   ( 6f  5/2) 0.67    53.164     1.000     0.000
  54  p   8f 5/2   ( 7f  5/2) 0.64    81.975     1.000     0.000
  55  p   1g 7/2   ( 2g  7/2) 0.76     1.492     0.609     0.391
  56  p   2g 7/2   ( 3g  7/2) 0.50     8.134     0.999     0.001
  57  p   3g 7/2   ( 3g  7/2) 0.74    15.428     1.000     0.000
  58  h   4g 7/2   ( 1g  7/2) 0.98    24.086     0.002     0.998
  59  p   5g 7/2   ( 4g  7/2) 0.66    26.351     0.999     0.001
  60  p   6g 7/2   ( 5g  7/2) 0.59    40.818     1.000     0.000
  61  p   7g 7/2   ( 6g  7/2) 0.64    59.155     1.000     0.000
  62  p   8g 7/2   ( 7g  7/2) 0.64    88.586     1.000     0.000
  63  p   1f 7/2   ( 3f  7/2) 0.77     5.214     0.995     0.005
  64  p   2f 7/2   ( 3f  7/2) 0.44    10.390     0.641     0.359
  65  h   3f 7/2   ( 2f  7/2) 0.78    10.934     0.364     0.636
  66  p   4f 7/2   ( 4f  7/2) 0.73    21.156     0.999     0.001
  67  p   5f 7/2   ( 5f  7/2) 0.66    34.914     0.997     0.003
  68  h   6f 7/2   ( 1f  7/2) 0.98    36.253     0.004     0.996
  69  p   7f 7/2   ( 6f  7/2) 0.67    52.147     1.000     0.000
  70  p   8f 7/2   ( 7f  7/2) 0.64    81.157     1.000     0.000
  71  h   1g 9/2   ( 2g  9/2) 0.93     2.375     0.106     0.894
  72  p   2g 9/2   ( 3g  9/2) 0.54     7.857     0.999     0.001
  73  p   3g 9/2   ( 3g  9/2) 0.73    14.655     0.999     0.001
  74  p   4g 9/2   ( 4g  9/2) 0.68    25.531     0.997     0.003
  75  h   5g 9/2   ( 1g  9/2) 0.98    27.353     0.004     0.996
  76  p   6g 9/2   ( 5g  9/2) 0.60    39.833     1.000     0.000
  77  p   7g 9/2   ( 6g  9/2) 0.64    57.810     1.000     0.000
  78  p   8g 9/2   ( 7g  9/2) 0.64    87.721     1.000     0.000
  79  p   1h 9/2   ( 2h  9/2) 0.85     7.021     0.993     0.007
  80  p   2h 9/2   ( 4h  9/2) 0.47    11.801     0.977     0.023
  81  h   3h 9/2   ( 1h  9/2) 0.96    13.557     0.027     0.973
  82  p   4h 9/2   ( 3h  9/2) 0.76    21.903     0.999     0.001
  83  p   5h 9/2   ( 4h  9/2) 0.70    35.380     1.000     0.000
  84  p   6h 9/2   ( 5h  9/2) 0.69    52.577     1.000     0.000
  85  p   7h 9/2   ( 6h  9/2) 0.64    80.352     1.000     0.000
  86  h   1i11/2   ( 1i 11/2) 0.95     3.168     0.058     0.942
  87  p   2i11/2   ( 2i 11/2) 0.57    10.447     1.000     0.000
  88  p   3i11/2   ( 2i 11/2) 0.74    16.129     0.999     0.001
  89  p   4i11/2   ( 3i 11/2) 0.72    26.301     1.000     0.000
  90  p   5i11/2   ( 4i 11/2) 0.64    40.499     1.000     0.000
  91  p   6i11/2   ( 5i 11/2) 0.66    58.413     1.000     0.000
  92  p   7i11/2   ( 6i 11/2) 0.65    86.974     1.000     0.000
  93  p   1h11/2   ( 2h 11/2) 0.93     5.461     0.989     0.011
  94  p   2h11/2   ( 4h 11/2) 0.53    10.987     0.998     0.002
  95  h   3h11/2   ( 1h 11/2) 0.98    18.128     0.006     0.994
  96  p   4h11/2   ( 3h 11/2) 0.76    20.945     0.997     0.003
  97  p   5h11/2   ( 4h 11/2) 0.71    34.117     1.000     0.000
  98  p   6h11/2   ( 5h 11/2) 0.69    50.781     1.000     0.000
  99  p   7h11/2   ( 6h 11/2) 0.64    79.102     1.000     0.000
 100  h   1i13/2   ( 1i 13/2) 0.97     8.819     0.019     0.981
 101  p   2i13/2   ( 2i 13/2) 0.68     9.935     0.989     0.011
 102  p   3i13/2   ( 2i 13/2) 0.67    14.614     0.998     0.002
 103  p   4i13/2   ( 3i 13/2) 0.75    24.996     1.000     0.000
 104  p   5i13/2   ( 4i 13/2) 0.66    39.000     1.000     0.000
 105  p   6i13/2   ( 5i 13/2) 0.67    56.222     1.000     0.000
 106  p   7i13/2   ( 6i 13/2) 0.64    85.284     1.000     0.000
 107  p   1j13/2   ( 1j 13/2) 0.97     7.276     0.991     0.009
 108  p   2j13/2   ( 2j 13/2) 0.53    13.761     1.000     0.000
 109  p   3j13/2   ( 2j 13/2) 0.78    22.401     1.000     0.000
 110  p   4j13/2   ( 3j 13/2) 0.74    34.958     1.000     0.000
 111  p   5j13/2   ( 4j 13/2) 0.72    51.790     1.000     0.000
 112  p   6j13/2   ( 6j 13/2) 0.65    78.551     1.000     0.000
 113  p   1k15/2   ( 1k 15/2) 0.67    14.325     0.999     0.001
 114  p   2k15/2   ( 1k 15/2) 0.71    17.544     0.999     0.001
 115  p   3k15/2   ( 2k 15/2) 0.78    26.944     1.000     0.000
 116  p   4k15/2   ( 3k 15/2) 0.70    40.016     1.000     0.000
 117  p   5k15/2   ( 4k 15/2) 0.70    57.349     1.000     0.000
 118  p   6k15/2   ( 5k 15/2) 0.65    84.818     1.000     0.000
 119  p   1j15/2   ( 1j 15/2) 0.79     1.497     0.658     0.342
 120  p   2j15/2   ( 2j 15/2) 0.60    13.232     1.000     0.000
 121  p   3j15/2   ( 2j 15/2) 0.75    20.674     1.000     0.000
 122  p   4j15/2   ( 3j 15/2) 0.76    33.093     1.000     0.000
 123  p   5j15/2   ( 4j 15/2) 0.72    49.204     1.000     0.000
 124  p   6j15/2   ( 6j 15/2) 0.65    76.247     1.000     0.000
 125  p   1k17/2   ( 1k 17/2) 0.98     9.259     0.995     0.005
 126  p   2k17/2   ( 3k 17/2) 0.51    15.551     1.000     0.000
 127  p   3k17/2   ( 2k 17/2) 0.79    24.846     1.000     0.000
 128  p   4k17/2   ( 3k 17/2) 0.74    37.706     1.000     0.000
 129  p   5k17/2   ( 4k 17/2) 0.71    54.188     1.000     0.000
 130  p   6k17/2   ( 5k 17/2) 0.64    82.096     1.000     0.000
 131  p   1l17/2   ( 3l 17/2) 0.52    18.381     1.000     0.000
 132  p   2l17/2   ( 1l 17/2) 0.83    24.861     1.000     0.000
 133  p   3l17/2   ( 2l 17/2) 0.78    35.447     1.000     0.000
 134  p   4l17/2   ( 3l 17/2) 0.74    51.142     1.000     0.000
 135  p   5l17/2   ( 5l 17/2) 0.67    75.969     1.000     0.000
 136  p   1m19/2   ( 3m 19/2) 0.56    20.760     1.000     0.000
 137  p   2m19/2   ( 1m 19/2) 0.82    30.017     1.000     0.000
 138  p   3m19/2   ( 2m 19/2) 0.72    40.791     1.000     0.000
 139  p   4m19/2   ( 3m 19/2) 0.71    57.028     1.000     0.000
 140  p   5m19/2   ( 4m 19/2) 0.65    82.136     1.000     0.000
 141  p   1l19/2   ( 1l 19/2) 0.89    16.632     0.999     0.001
 142  p   2l19/2   ( 2l 19/2) 0.54    20.120     1.000     0.000
 143  p   3l19/2   ( 2l 19/2) 0.77    32.433     1.000     0.000
 144  p   4l19/2   ( 3l 19/2) 0.75    47.059     1.000     0.000
 145  p   5l19/2   ( 5l 19/2) 0.69    72.136     1.000     0.000
 146  p   1m21/2   ( 3m 21/2) 0.52    20.469     1.000     0.000
 147  p   2m21/2   ( 1m 21/2) 0.85    25.772     1.000     0.000
 148  p   3m21/2   ( 2m 21/2) 0.79    36.730     1.000     0.000
 149  p   4m21/2   ( 3m 21/2) 0.75    52.048     1.000     0.000
 150  p   5m21/2   ( 5m 21/2) 0.68    77.151     1.000     0.000
 151  p   1n21/2   ( 2n 21/2) 0.60    25.352     1.000     0.000
 152  p   2n21/2   ( 1n 21/2) 0.81    37.258     1.000     0.000
 153  p   3n21/2   ( 2n 21/2) 0.74    51.545     1.000     0.000
 154  p   4n21/2   ( 4n 21/2) 0.68    74.134     1.000     0.000
 155  p   1o23/2   ( 2o 23/2) 0.60    27.757     1.000     0.000
 156  p   2o23/2   ( 1o 23/2) 0.80    41.307     1.000     0.000
 157  p   3o23/2   ( 2o 23/2) 0.73    56.701     1.000     0.000
 158  p   4o23/2   ( 4o 23/2) 0.66    80.503     1.000     0.000
 159  p   1n23/2   ( 2n 23/2) 0.55    25.017     1.000     0.000
 160  p   2n23/2   ( 1n 23/2) 0.82    33.756     1.000     0.000
 161  p   3n23/2   ( 2n 23/2) 0.74    45.733     1.000     0.000
 162  p   4n23/2   ( 4n 23/2) 0.74    66.746     1.000     0.000
 163  p   1o25/2   ( 2o 25/2) 0.58    27.590     1.000     0.000
 164  p   2o25/2   ( 1o 25/2) 0.85    39.101     1.000     0.000
 165  p   3o25/2   ( 2o 25/2) 0.77    50.918     1.000     0.000
 166  p   4o25/2   ( 4o 25/2) 0.72    71.795     1.000     0.000
 167  p   1P25/2   ( 2P 25/2) 0.68    33.834     1.000     0.000
 168  p   2P25/2   ( 1P 25/2) 0.77    50.419     1.000     0.000
 169  p   3P25/2   ( 3P 25/2) 0.71    72.397     1.000     0.000
 170  p   1q27/2   ( 2q 27/2) 0.68    36.446     1.000     0.000
 171  p   2q27/2   ( 1q 27/2) 0.77    54.364     1.000     0.000
 172  p   3q27/2   ( 3q 27/2) 0.70    77.608     1.000     0.000
 173  p   1P27/2   ( 2P 27/2) 0.64    33.587     1.000     0.000
 174  p   2P27/2   ( 1P 27/2) 0.77    47.657     1.000     0.000
 175  p   3P27/2   ( 3P 27/2) 0.77    63.138     1.000     0.000
 176  p   1q29/2   ( 2q 29/2) 0.66    36.269     1.000     0.000
 177  p   2q29/2   ( 1q 29/2) 0.78    52.546     1.000     0.000
 178  p   3q29/2   ( 3q 29/2) 0.74    68.722     1.000     0.000
 179  p   1r29/2   ( 1r 29/2) 0.79    44.807     1.000     0.000
 180  p   2r29/2   ( 2r 29/2) 0.78    68.234     1.000     0.000
 181  p   1S31/2   ( 1S 31/2) 0.78    47.705     1.000     0.000
 182  p   2S31/2   ( 2S 31/2) 0.77    72.446     1.000     0.000
 183  p   1r31/2   ( 1r 31/2) 0.78    44.527     1.000     0.000
 184  p   2r31/2   ( 2r 31/2) 0.78    63.234     1.000     0.000
 185  p   1S33/2   ( 1S 33/2) 0.77    47.491     1.000     0.000
 186  p   2S33/2   ( 2S 33/2) 0.77    68.473     1.000     0.000
 187  p   1t33/2   ( 1t 33/2) 0.98    60.541     1.000     0.000
 188  p   1u35/2   ( 1u 35/2) 0.98    63.878     1.000     0.000
 189  p   1t35/2   ( 1t 35/2) 0.98    59.493     1.000     0.000
 190  p   1u37/2   ( 1u 37/2) 0.98    63.113     1.000     0.000


 quasi-particle properties Proton: 
 ------------------------------------------------------------------
     p/h    l j     [nr,l,j]  smax       Eqp       uu       vv
   1  h   1s 1/2   ( 3s  1/2) 0.92     1.278     0.000     1.000
   2  p   2s 1/2   ( 4s  1/2) 0.94    18.549     1.000     0.000
   3  h   3s 1/2   ( 2s  1/2) 0.84    22.516     0.000     1.000
   4  p   4s 1/2   ( 6s  1/2) 0.52    26.220     1.000     0.000
   5  p   5s 1/2   ( 5s  1/2) 0.73    34.057     1.000     0.000
   6  h   6s 1/2   ( 1s  1/2) 0.90    39.413     0.000     1.000
   7  p   7s 1/2   ( 6s  1/2) 0.63    45.663     1.000     0.000
   8  p   8s 1/2   ( 7s  1/2) 0.55    59.801     1.000     0.000
   9  p   9s 1/2   ( 8s  1/2) 0.60    77.753     1.000     0.000
  11  p   1p 1/2   ( 3p  1/2) 0.95     9.160     1.000     0.000
  12  h   2p 1/2   ( 2p  1/2) 0.90    12.404     0.000     1.000
  13  p   3p 1/2   ( 4p  1/2) 0.73    24.809     1.000     0.000
  14  p   4p 1/2   ( 4p  1/2) 0.59    29.922     1.000     0.000
  15  h   5p 1/2   ( 1p  1/2) 0.93    33.624     0.000     1.000
  16  p   6p 1/2   ( 5p  1/2) 0.72    41.094     1.000     0.000
  17  p   7p 1/2   ( 6p  1/2) 0.64    54.653     1.000     0.000
  18  p   8p 1/2   ( 7p  1/2) 0.65    71.621     1.000     0.000
  20  h   1d 3/2   ( 2d  3/2) 0.95     2.588     0.000     1.000
  21  p   2d 3/2   ( 3d  3/2) 0.96    18.138     1.000     0.000
  22  h   3d 3/2   ( 1d  3/2) 0.96    26.235     0.000     1.000
  23  p   4d 3/2   ( 5d  3/2) 0.51    26.810     1.000     0.000
  24  p   5d 3/2   ( 4d  3/2) 0.75    34.268     1.000     0.000
  25  p   6d 3/2   ( 5d  3/2) 0.65    45.618     1.000     0.000
  26  p   7d 3/2   ( 6d  3/2) 0.57    59.815     1.000     0.000
  27  p   8d 3/2   ( 7d  3/2) 0.62    77.684     1.000     0.000
  29  p   1p 3/2   ( 3p  3/2) 0.94     8.433     1.000     0.000
  30  h   2p 3/2   ( 2p  3/2) 0.89    13.269     0.000     1.000
  31  p   3p 3/2   ( 4p  3/2) 0.76    24.592     1.000     0.000
  32  p   4p 3/2   ( 4p  3/2) 0.56    29.604     1.000     0.000
  33  h   5p 3/2   ( 1p  3/2) 0.92    34.174     0.000     1.000
  34  p   6p 3/2   ( 5p  3/2) 0.73    40.810     1.000     0.000
  35  p   7p 3/2   ( 6p  3/2) 0.65    54.216     1.000     0.000
  36  p   8p 3/2   ( 7p  3/2) 0.65    71.062     1.000     0.000
  38  h   1d 5/2   ( 2d  5/2) 0.93     4.046     0.000     1.000
  39  p   2d 5/2   ( 3d  5/2) 0.95    17.263     1.000     0.000
  40  p   3d 5/2   ( 5d  5/2) 0.51    26.704     1.000     0.000
  41  h   4d 5/2   ( 1d  5/2) 0.95    27.552     0.000     1.000
  42  p   5d 5/2   ( 4d  5/2) 0.74    33.870     1.000     0.000
  43  p   6d 5/2   ( 5d  5/2) 0.66    45.242     1.000     0.000
  44  p   7d 5/2   ( 6d  5/2) 0.58    59.261     1.000     0.000
  45  p   8d 5/2   ( 7d  5/2) 0.62    76.927     1.000     0.000
  47  p   1f 5/2   ( 2f  5/2) 0.97     6.975     1.000     0.000
  48  h   2f 5/2   ( 1f  5/2) 0.98    17.601     0.000     1.000
  49  p   3f 5/2   ( 3f  5/2) 0.85    25.149     1.000     0.000
  50  p   4f 5/2   ( 5f  5/2) 0.52    29.997     1.000     0.000
  51  p   5f 5/2   ( 4f  5/2) 0.75    40.999     1.000     0.000
  52  p   6f 5/2   ( 5f  5/2) 0.68    54.302     1.000     0.000
  53  p   7f 5/2   ( 6f  5/2) 0.67    71.027     1.000     0.000
  55  h   1g 7/2   ( 1g  7/2) 0.98     8.129     0.000     1.000
  56  p   2g 7/2   ( 2g  7/2) 0.98    16.020     1.000     0.000
  57  p   3g 7/2   ( 3g  7/2) 0.53    28.230     1.000     0.000
  58  p   4g 7/2   ( 3g  7/2) 0.76    34.379     1.000     0.000
  59  p   5g 7/2   ( 4g  7/2) 0.71    45.288     1.000     0.000
  60  p   6g 7/2   ( 5g  7/2) 0.62    59.427     1.000     0.000
  61  p   7g 7/2   ( 6g  7/2) 0.64    76.912     1.000     0.000
  63  p   1f 7/2   ( 2f  7/2) 0.96     5.024     1.000     0.000
  64  h   2f 7/2   ( 1f  7/2) 0.97    19.986     0.000     1.000
  65  p   3f 7/2   ( 3f  7/2) 0.89    24.423     1.000     0.000
  66  p   4f 7/2   ( 5f  7/2) 0.54    29.540     1.000     0.000
  67  p   5f 7/2   ( 4f  7/2) 0.75    40.529     1.000     0.000
  68  p   6f 7/2   ( 5f  7/2) 0.68    53.642     1.000     0.000
  69  p   7f 7/2   ( 6f  7/2) 0.67    70.101     1.000     0.000
  70  p   8f 7/2   ( 7f  7/2) 0.63    99.931     1.000     0.000
  71  h   1g 9/2   ( 1g  9/2) 0.98    11.795     0.000     1.000
  72  p   2g 9/2   ( 2g  9/2) 0.97    13.795     1.000     0.000
  73  p   3g 9/2   ( 3g  9/2) 0.59    27.998     1.000     0.000
  74  p   4g 9/2   ( 3g  9/2) 0.73    33.479     1.000     0.000
  75  p   5g 9/2   ( 4g  9/2) 0.73    44.531     1.000     0.000
  76  p   6g 9/2   ( 5g  9/2) 0.63    58.540     1.000     0.000
  77  p   7g 9/2   ( 6g  9/2) 0.64    75.659     1.000     0.000
  79  p   1h 9/2   ( 1h  9/2) 0.98     1.791     1.000     0.000
  80  p   2h 9/2   ( 2h  9/2) 0.97    24.261     1.000     0.000
  81  p   3h 9/2   ( 4h  9/2) 0.53    31.069     1.000     0.000
  82  p   4h 9/2   ( 3h  9/2) 0.78    41.069     1.000     0.000
  83  p   5h 9/2   ( 4h  9/2) 0.72    53.833     1.000     0.000
  84  p   6h 9/2   ( 5h  9/2) 0.70    70.199     1.000     0.000
  85  p   7h 9/2   ( 6h  9/2) 0.64    98.837     1.000     0.000
  86  p   1i11/2   ( 1i 11/2) 0.98    11.783     1.000     0.000
  87  p   2i11/2   ( 2i 11/2) 0.74    30.303     1.000     0.000
  88  p   3i11/2   ( 2i 11/2) 0.63    34.126     1.000     0.000
  89  p   4i11/2   ( 3i 11/2) 0.77    45.089     1.000     0.000
  90  p   5i11/2   ( 4i 11/2) 0.68    58.880     1.000     0.000
  91  p   6i11/2   ( 5i 11/2) 0.68    75.785     1.000     0.000
  93  h   1h11/2   ( 1h 11/2) 0.98     3.228     0.000     1.000
  94  p   2h11/2   ( 2h 11/2) 0.98    22.049     1.000     0.000
  95  p   3h11/2   ( 3h 11/2) 0.54    30.707     1.000     0.000
  96  p   4h11/2   ( 3h 11/2) 0.77    40.138     1.000     0.000
  97  p   5h11/2   ( 4h 11/2) 0.73    52.658     1.000     0.000
  98  p   6h11/2   ( 5h 11/2) 0.70    68.540     1.000     0.000
  99  p   7h11/2   ( 6h 11/2) 0.63    97.646     1.000     0.000
 100  p   1i13/2   ( 1i 13/2) 0.98     5.534     1.000     0.000
 101  p   2i13/2   ( 2i 13/2) 0.90    29.020     1.000     0.000
 102  p   3i13/2   ( 4i 13/2) 0.50    32.910     1.000     0.000
 103  p   4i13/2   ( 3i 13/2) 0.78    44.033     1.000     0.000
 104  p   5i13/2   ( 4i 13/2) 0.70    57.520     1.000     0.000
 105  p   6i13/2   ( 5i 13/2) 0.68    73.755     1.000     0.000
 107  p   1j13/2   ( 1j 13/2) 0.98    21.477     1.000     0.000
 108  p   2j13/2   ( 2j 13/2) 0.57    33.952     1.000     0.000
 109  p   3j13/2   ( 2j 13/2) 0.78    41.127     1.000     0.000
 110  p   4j13/2   ( 3j 13/2) 0.77    53.230     1.000     0.000
 111  p   5j13/2   ( 4j 13/2) 0.73    69.079     1.000     0.000
 112  p   6j13/2   ( 6j 13/2) 0.65    96.191     1.000     0.000
 113  p   1k15/2   ( 1k 15/2) 0.98    30.480     1.000     0.000
 114  p   2k15/2   ( 4k 15/2) 0.51    36.071     1.000     0.000
 115  p   3k15/2   ( 2k 15/2) 0.82    46.111     1.000     0.000
 116  p   4k15/2   ( 3k 15/2) 0.75    58.235     1.000     0.000
 117  p   5k15/2   ( 4k 15/2) 0.72    74.518     1.000     0.000
 119  p   1j15/2   ( 1j 15/2) 0.97    14.366     1.000     0.000
 120  p   2j15/2   ( 2j 15/2) 0.68    33.379     1.000     0.000
 121  p   3j15/2   ( 2j 15/2) 0.70    39.029     1.000     0.000
 122  p   4j15/2   ( 3j 15/2) 0.76    51.710     1.000     0.000
 123  p   5j15/2   ( 4j 15/2) 0.73    66.788     1.000     0.000
 124  p   6j15/2   ( 6j 15/2) 0.66    93.926     1.000     0.000
 125  p   1k17/2   ( 1k 17/2) 0.97    23.114     1.000     0.000
 126  p   2k17/2   ( 2k 17/2) 0.51    35.682     1.000     0.000
 127  p   3k17/2   ( 2k 17/2) 0.81    43.893     1.000     0.000
 128  p   4k17/2   ( 3k 17/2) 0.77    56.105     1.000     0.000
 129  p   5k17/2   ( 4k 17/2) 0.73    71.733     1.000     0.000
 130  p   6k17/2   ( 6k 17/2) 0.64    99.466     1.000     0.000
 131  p   1l17/2   ( 1l 17/2) 0.82    37.711     1.000     0.000
 132  p   2l17/2   ( 1l 17/2) 0.54    41.290     1.000     0.000
 133  p   3l17/2   ( 2l 17/2) 0.79    53.971     1.000     0.000
 134  p   4l17/2   ( 3l 17/2) 0.75    68.301     1.000     0.000
 135  p   5l17/2   ( 5l 17/2) 0.68    92.918     1.000     0.000
 136  p   1m19/2   ( 3m 19/2) 0.53    41.040     1.000     0.000
 137  p   2m19/2   ( 1m 19/2) 0.87    47.196     1.000     0.000
 138  p   3m19/2   ( 2m 19/2) 0.79    58.429     1.000     0.000
 139  p   4m19/2   ( 3m 19/2) 0.74    73.965     1.000     0.000
 140  p   5m19/2   ( 5m 19/2) 0.66    98.933     1.000     0.000
 141  p   1l19/2   ( 1l 19/2) 0.97    31.628     1.000     0.000
 142  p   2l19/2   ( 2l 19/2) 0.61    39.554     1.000     0.000
 143  p   3l19/2   ( 2l 19/2) 0.75    51.656     1.000     0.000
 144  p   4l19/2   ( 3l 19/2) 0.74    64.596     1.000     0.000
 145  p   5l19/2   ( 5l 19/2) 0.70    89.239     1.000     0.000
 146  p   1m21/2   ( 1m 21/2) 0.91    39.441     1.000     0.000
 147  p   2m21/2   ( 2m 21/2) 0.57    42.056     1.000     0.000
 148  p   3m21/2   ( 2m 21/2) 0.78    55.763     1.000     0.000
 149  p   4m21/2   ( 3m 21/2) 0.76    69.597     1.000     0.000
 150  p   5m21/2   ( 5m 21/2) 0.69    94.065     1.000     0.000
 151  p   1n21/2   ( 2n 21/2) 0.56    45.842     1.000     0.000
 152  p   2n21/2   ( 1n 21/2) 0.84    55.240     1.000     0.000
 153  p   3n21/2   ( 2n 21/2) 0.75    67.755     1.000     0.000
 154  p   4n21/2   ( 4n 21/2) 0.70    90.404     1.000     0.000
 155  p   1o23/2   ( 3o 23/2) 0.58    48.181     1.000     0.000
 156  p   2o23/2   ( 1o 23/2) 0.86    60.636     1.000     0.000
 157  p   3o23/2   ( 2o 23/2) 0.76    72.759     1.000     0.000
 158  p   4o23/2   ( 4o 23/2) 0.69    96.192     1.000     0.000
 159  p   1n23/2   ( 1n 23/2) 0.71    45.017     1.000     0.000
 160  p   2n23/2   ( 1n 23/2) 0.66    50.224     1.000     0.000
 161  p   3n23/2   ( 2n 23/2) 0.68    63.610     1.000     0.000
 162  p   4n23/2   ( 4n 23/2) 0.76    83.314     1.000     0.000
 163  p   1o25/2   ( 3o 25/2) 0.57    47.933     1.000     0.000
 164  p   2o25/2   ( 1o 25/2) 0.84    56.797     1.000     0.000
 165  p   3o25/2   ( 2o 25/2) 0.73    68.091     1.000     0.000
 166  p   4o25/2   ( 4o 25/2) 0.75    88.076     1.000     0.000
 167  p   1P25/2   ( 2P 25/2) 0.66    54.582     1.000     0.000
 168  p   2P25/2   ( 1P 25/2) 0.79    69.020     1.000     0.000
 169  p   3P25/2   ( 3P 25/2) 0.75    86.981     1.000     0.000
 170  p   1q27/2   ( 2q 27/2) 0.67    57.044     1.000     0.000
 171  p   2q27/2   ( 1q 27/2) 0.80    73.985     1.000     0.000
 172  p   3q27/2   ( 3q 27/2) 0.73    92.170     1.000     0.000
 173  p   1P27/2   ( 1P 27/2) 0.64    54.223     1.000     0.000
 174  p   2P27/2   ( 1P 27/2) 0.74    65.336     1.000     0.000
 175  p   3P27/2   ( 3P 27/2) 0.82    78.845     1.000     0.000
 176  p   1q29/2   ( 2q 29/2) 0.64    56.800     1.000     0.000
 177  p   2q29/2   ( 1q 29/2) 0.79    71.646     1.000     0.000
 178  p   3q29/2   ( 3q 29/2) 0.79    83.999     1.000     0.000
 179  p   1r29/2   ( 1r 29/2) 0.78    65.707     1.000     0.000
 180  p   2r29/2   ( 2r 29/2) 0.77    85.247     1.000     0.000
 181  p   1S31/2   ( 1S 31/2) 0.77    68.502     1.000     0.000
 182  p   2S31/2   ( 2S 31/2) 0.76    90.417     1.000     0.000
 183  p   1r31/2   ( 1r 31/2) 0.77    65.416     1.000     0.000
 184  p   2r31/2   ( 2r 31/2) 0.76    80.397     1.000     0.000
 185  p   1S33/2   ( 1S 33/2) 0.76    68.265     1.000     0.000
 186  p   2S33/2   ( 2S 33/2) 0.75    86.593     1.000     0.000
 187  p   1t33/2   ( 1t 33/2) 0.98    81.042     1.000     0.000
 188  p   1u35/2   ( 1u 35/2) 0.98    84.561     1.000     0.000
 189  p   1t35/2   ( 1t 35/2) 0.98    80.030     1.000     0.000
 190  p   1u37/2   ( 1u 37/2) 0.98    83.817     1.000     0.000
  ****** END RESU ***********************************
