
  ******************************************  
  *           Fortran 77 Code              *  
  *         Spherical H.O. basis            *  
  * Dirac-Hartree-Bogoliubov calculation   *  
  *        with density-dependent          *  
  * meson-exchange or point coupling force *  
  *          and separable pairing         *  
  * -------------------------------------- *  
  *      Niksic, Paar, Vretenar, Ring      *  
  *          18/ 4/2026/01:51:51           *
  *       Pb 270  N = 188  Z =  82
  ******************************************  
  ****** BEGIN READER *******************************
 Number of oscillator shells :    18   20
 Initialization inin,inink   :     1    1
 Nucleus: Pb 270   188  82
 Initial Gap Parameters      :     1.0000    1.0000
 Parameter set               :    DD-ME2    
  ****** END READER *********************************
  ****** BEGIN FORCES *******************************

 NEDF Parameters: DD-ME2    
 AMU   =  939.000
 msig  =  550.124  gsig =    10.5396  Gsig =   -14.2924
 mome  =  783.000  gome =    13.0189  Gome =    10.7647
 mdel  =    0.000  gdel =     0.0000  Gdel =    -0.0000
 mrho  =  763.000  grho =     3.6836  Grho =     0.9076
  
 Density dependence parameters:
           scasca    scavec    vecsca    vecvec
 a    =   1.388148  1.389291  0.000000  0.564700
 b    =   1.094300  0.923975  0.000000  0.000000
 c    =   1.705700  1.462000  0.000000  0.000000
 d    =   0.442067  0.477492  0.000000  0.000000
 dsat =   0.152000
  
 TMR pairing: Tian,Ma,Ring, PRB 676, 44 (2009)
 TMR pairing strength    gl =:  -728.00000 [MeV*fm^3]
 TMR pairing width        a =:     0.64420 [fm]
  ****** END FORCES *********************************
  ****** BEGIN PREP *********************************
  
 hom =                            6.343505
 hb0 =                           20.734000
 b0  =                            2.556771
 with Coulomb force
 With microscopic c.m. correction
  ****** END PREP ***********************************
  ****** BEGIN ITER *********************************
  1.It. si =    0.0000000  E/A =    0.0000 R =    0.0000  mix = 0.50
  2.It. si =  115.1319266  E/A =   -6.5239 R =    6.3870  mix = 0.50
  3.It. si =   54.6719422  E/A =   -6.5513 R =    6.3782  mix = 0.50
  4.It. si =   14.0929863  E/A =   -6.5730 R =    6.3666  mix = 0.50
  5.It. si =   13.9348699  E/A =   -6.5924 R =    6.3488  mix = 0.50
  6.It. si =   10.9657167  E/A =   -6.6013 R =    6.3238  mix = 0.50
  7.It. si =    1.3584308  E/A =   -6.6036 R =    6.3027  mix = 0.50
  8.It. si =    1.9262809  E/A =   -6.6034 R =    6.2964  mix = 0.50
  9.It. si =    0.3032066  E/A =   -6.6031 R =    6.3001  mix = 0.50
 10.It. si =    0.6741902  E/A =   -6.6027 R =    6.3017  mix = 0.50
 11.It. si =    0.5107375  E/A =   -6.6027 R =    6.3011  mix = 0.50
 12.It. si =    0.2216422  E/A =   -6.6025 R =    6.3003  mix = 0.50
 13.It. si =    0.0604340  E/A =   -6.6024 R =    6.2996  mix = 0.50
 14.It. si =    0.0434017  E/A =   -6.6022 R =    6.2993  mix = 0.50
 15.It. si =    0.0578908  E/A =   -6.6022 R =    6.2993  mix = 0.50
 16.It. si =    0.0723007  E/A =   -6.6022 R =    6.2992  mix = 0.50
 17.It. si =    0.1396968  E/A =   -6.6021 R =    6.2984  mix = 0.50
 18.It. si =    0.1108902  E/A =   -6.6021 R =    6.2985  mix = 0.50
 19.It. si =    0.0735839  E/A =   -6.6021 R =    6.2985  mix = 0.50
 20.It. si =    0.0372914  E/A =   -6.6021 R =    6.2985  mix = 0.50
 21.It. si =    0.0226938  E/A =   -6.6021 R =    6.2985  mix = 0.50
 22.It. si =    0.0747550  E/A =   -6.6021 R =    6.2980  mix = 0.50
 23.It. si =    0.0180134  E/A =   -6.6021 R =    6.2981  mix = 0.50
 24.It. si =    0.0091097  E/A =   -6.6021 R =    6.2981  mix = 0.50
 25.It. si =    0.0086048  E/A =   -6.6021 R =    6.2981  mix = 0.50
 26.It. si =    0.0736383  E/A =   -6.6021 R =    6.2977  mix = 0.50
 27.It. si =    0.0512835  E/A =   -6.6021 R =    6.2977  mix = 0.50
 28.It. si =    0.0328298  E/A =   -6.6021 R =    6.2978  mix = 0.50
 29.It. si =    0.0181847  E/A =   -6.6021 R =    6.2978  mix = 0.50
 30.It. si =    0.0077794  E/A =   -6.6021 R =    6.2978  mix = 0.50
 31.It. si =    0.0038452  E/A =   -6.6021 R =    6.2978  mix = 0.50
 32.It. si =    0.0241778  E/A =   -6.6021 R =    6.2977  mix = 0.50
 33.It. si =    0.0156851  E/A =   -6.6021 R =    6.2977  mix = 0.50
 34.It. si =    0.0090636  E/A =   -6.6021 R =    6.2977  mix = 0.50
 35.It. si =    0.0041241  E/A =   -6.6021 R =    6.2977  mix = 0.50
 36.It. si =    0.0025336  E/A =   -6.6021 R =    6.2977  mix = 0.50
 37.It. si =    0.0024916  E/A =   -6.6021 R =    6.2977  mix = 0.50
 38.It. si =    0.0266657  E/A =   -6.6021 R =    6.2976  mix = 0.50
 39.It. si =    0.0187135  E/A =   -6.6021 R =    6.2976  mix = 0.50
 40.It. si =    0.0122599  E/A =   -6.6021 R =    6.2976  mix = 0.50
 41.It. si =    0.0071952  E/A =   -6.6021 R =    6.2976  mix = 0.50
 42.It. si =    0.0035575  E/A =   -6.6021 R =    6.2976  mix = 0.50
 43.It. si =    0.0014114  E/A =   -6.6021 R =    6.2976  mix = 0.50
 44.It. si =    0.0013019  E/A =   -6.6021 R =    6.2976  mix = 0.50
 45.It. si =    0.0350430  E/A =   -6.6021 R =    6.2975  mix = 0.50
 46.It. si =    0.0012763  E/A =   -6.6021 R =    6.2976  mix = 0.50
 47.It. si =    0.0006402  E/A =   -6.6021 R =    6.2976  mix = 0.50
 48.It. si =    0.0017922  E/A =   -6.6021 R =    6.2976  mix = 0.50
 49.It. si =    0.0013002  E/A =   -6.6021 R =    6.2976  mix = 0.50
 50.It. si =    0.0008593  E/A =   -6.6021 R =    6.2976  mix = 0.50
 51.It. si =    0.0005651  E/A =   -6.6021 R =    6.2976  mix = 0.50
 52.It. si =    0.0005618  E/A =   -6.6021 R =    6.2976  mix = 0.50
 53.It. si =    0.0044199  E/A =   -6.6021 R =    6.2975  mix = 0.50
 54.It. si =    0.0021311  E/A =   -6.6021 R =    6.2975  mix = 0.50
 55.It. si =    0.0009990  E/A =   -6.6021 R =    6.2975  mix = 0.50
 56.It. si =    0.0006467  E/A =   -6.6021 R =    6.2975  mix = 0.50
 57.It. si =    0.0004469  E/A =   -6.6021 R =    6.2975  mix = 0.50
 58.It. si =    0.0002839  E/A =   -6.6021 R =    6.2975  mix = 0.50
 59.It. si =    0.0001634  E/A =   -6.6021 R =    6.2975  mix = 0.50
 60.It. si =    0.0023029  E/A =   -6.6021 R =    6.2975  mix = 0.50
 61.It. si =    0.0002409  E/A =   -6.6021 R =    6.2975  mix = 0.50
 62.It. si =    0.0000205  E/A =   -6.6021 R =    6.2975  mix = 0.50
 63.It. si =    0.0000252  E/A =   -6.6021 R =    6.2975  mix = 0.50
 64.It. si =    0.0000315  E/A =   -6.6021 R =    6.2975  mix = 0.50
 65.It. si =    0.0000135  E/A =   -6.6021 R =    6.2975  mix = 0.50
 66.It. si =    0.0000261  E/A =   -6.6021 R =    6.2975  mix = 0.50
 67.It. si =    0.0000016  E/A =   -6.6021 R =    6.2975  mix = 0.50
 ********************************************************************
 Pb 270: Iteration converged after  67 steps   si =      0.0000006309
 ********************************************************************
  ****** END ITER ***********************************
  ****** BEGIN CANON ********************************
 single-particle energies and gaps  in the canonical basis: Neutron:
 ------------------------------------------------------------------
    j pi     (nr,l,j)  smax       Ecan       vvcan       decan
 j = 1/2+  (   s 1/2)  0.99    -58.1899      0.9999      0.9291
 j = 1/2+  (   s 1/2)  0.98    -43.3467      0.9999      0.8005
 j = 1/2+  (   s 1/2)  0.98    -21.3696      0.9997      0.7529
 j = 1/2+  (   s 1/2)  0.93     -3.2460      0.9901      0.8584
 j = 1/2+  (   s 1/2)  0.58      4.1426      0.0043      0.4139
 j = 1/2+  (   s 1/2)  0.69     13.2492      0.0003      0.4176
 j = 1/2+  (   s 1/2)  0.67     24.9083      0.0000      0.3166
 j = 1/2+  (   s 1/2)  0.65     36.5567      0.0000      0.2209
 j = 1/2+  (   s 1/2)  0.61     51.0242      0.0000      0.1588
 j = 1/2+  (   s 1/2)  0.71     81.9665      0.0000      0.1048
 j = 1/2-  (   p 1/2)  0.98    -52.5654      0.9999      0.8845
 j = 1/2-  (   p 1/2)  0.97    -32.2923      0.9999      0.7212
 j = 1/2-  (   p 1/2)  0.98    -11.0252      0.9987      0.8793
 j = 1/2-  (   p 1/2)  0.75      1.8834      0.0850      0.5841
 j = 1/2-  (   p 1/2)  0.59      8.7538      0.0009      0.4608
 j = 1/2-  (   p 1/2)  0.72     20.0319      0.0001      0.3829
 j = 1/2-  (   p 1/2)  0.65     31.9572      0.0000      0.2735
 j = 1/2-  (   p 1/2)  0.60     46.4527      0.0000      0.1958
 j = 1/2-  (   p 1/2)  0.72     75.7794      0.0000      0.1281
 j = 3/2+  (   d 3/2)  0.99    -45.2365      0.9999      0.8209
 j = 3/2+  (   d 3/2)  0.98    -22.1232      0.9998      0.7211
 j = 3/2+  (   d 3/2)  0.94     -2.8297      0.9879      0.8599
 j = 3/2+  (   d 3/2)  0.63      4.8930      0.0031      0.4365
 j = 3/2+  (   d 3/2)  0.67     13.7758      0.0003      0.4249
 j = 3/2+  (   d 3/2)  0.68     25.3227      0.0000      0.3219
 j = 3/2+  (   d 3/2)  0.63     36.9548      0.0000      0.2300
 j = 3/2+  (   d 3/2)  0.58     51.4346      0.0000      0.1676
 j = 3/2+  (   d 3/2)  0.76     81.4098      0.0000      0.1163
 j = 3/2-  (   p 3/2)  0.98    -52.9417      0.9999      0.8882
 j = 3/2-  (   p 3/2)  0.97    -32.9858      0.9999      0.7220
 j = 3/2-  (   p 3/2)  0.98    -11.8564      0.9988      0.8751
 j = 3/2-  (   p 3/2)  0.76      1.6652      0.1302      0.5928
 j = 3/2-  (   p 3/2)  0.58      8.3884      0.0010      0.4552
 j = 3/2-  (   p 3/2)  0.72     19.6924      0.0001      0.3835
 j = 3/2-  (   p 3/2)  0.65     31.5510      0.0000      0.2737
 j = 3/2-  (   p 3/2)  0.60     45.9413      0.0000      0.1956
 j = 3/2-  (   p 3/2)  0.72     75.0561      0.0000      0.1281
 j = 5/2+  (   d 5/2)  0.98    -46.1540      0.9999      0.8275
 j = 5/2+  (   d 5/2)  0.97    -23.4071      0.9998      0.7204
 j = 5/2+  (   d 5/2)  0.95     -3.7244      0.9919      0.8613
 j = 5/2+  (   d 5/2)  0.65      4.6480      0.0036      0.4415
 j = 5/2+  (   d 5/2)  0.65     13.2920      0.0003      0.4196
 j = 5/2+  (   d 5/2)  0.68     24.8680      0.0000      0.3211
 j = 5/2+  (   d 5/2)  0.63     36.4470      0.0000      0.2297
 j = 5/2+  (   d 5/2)  0.57     50.7266      0.0000      0.1672
 j = 5/2+  (   d 5/2)  0.76     80.5321      0.0000      0.1163
 j = 5/2-  (   f 5/2)  0.98    -36.6304      0.9999      0.7523
 j = 5/2-  (   f 5/2)  0.98    -12.2652      0.9991      0.7897
 j = 5/2-  (   f 5/2)  0.84      2.6296      0.0385      0.6739
 j = 5/2-  (   f 5/2)  0.59      9.1746      0.0007      0.4407
 j = 5/2-  (   f 5/2)  0.69     20.1798      0.0001      0.3762
 j = 5/2-  (   f 5/2)  0.63     31.6456      0.0000      0.2660
 j = 5/2-  (   f 5/2)  0.59     45.9792      0.0000      0.1932
 j = 5/2-  (   f 5/2)  0.74     74.7211      0.0000      0.1351
 j = 7/2+  (   g 7/2)  0.98    -27.1829      0.9998      0.6981
 j = 7/2+  (   g 7/2)  0.97     -3.3501      0.9914      0.8203
 j = 7/2+  (   g 7/2)  0.78      6.4639      0.0022      0.5179
 j = 7/2+  (   g 7/2)  0.59     14.2078      0.0003      0.4224
 j = 7/2+  (   g 7/2)  0.66     25.4194      0.0000      0.3184
 j = 7/2+  (   g 7/2)  0.65     36.6662      0.0000      0.2243
 j = 7/2+  (   g 7/2)  0.59     49.7765      0.0000      0.1596
 j = 7/2+  (   g 7/2)  0.75     80.1451      0.0000      0.1126
 j = 7/2-  (   f 7/2)  0.98    -38.3362      0.9999      0.7616
 j = 7/2-  (   f 7/2)  0.98    -14.2121      0.9993      0.7896
 j = 7/2-  (   f 7/2)  0.86      2.0196      0.0866      0.6839
 j = 7/2-  (   f 7/2)  0.60      8.5294      0.0008      0.4277
 j = 7/2-  (   f 7/2)  0.69     19.5892      0.0001      0.3779
 j = 7/2-  (   f 7/2)  0.64     30.9891      0.0000      0.2658
 j = 7/2-  (   f 7/2)  0.59     45.1163      0.0000      0.1925
 j = 7/2-  (   f 7/2)  0.74     73.9023      0.0000      0.1351
 j = 9/2+  (   g 9/2)  0.98    -29.9824      0.9999      0.7088
 j = 9/2+  (   g 9/2)  0.98     -5.5450      0.9962      0.8100
 j = 9/2+  (   g 9/2)  0.80      5.9653      0.0030      0.5409
 j = 9/2+  (   g 9/2)  0.61     13.2899      0.0003      0.4101
 j = 9/2+  (   g 9/2)  0.65     24.6004      0.0000      0.3169
 j = 9/2+  (   g 9/2)  0.65     35.8782      0.0000      0.2240
 j = 9/2+  (   g 9/2)  0.59     48.6620      0.0000      0.1588
 j = 9/2+  (   g 9/2)  0.75     79.3198      0.0000      0.1126
 j = 9/2-  (   h 9/2)  0.98    -17.0651      0.9997      0.6685
 j = 9/2-  (   h 9/2)  0.93      3.6040      0.0214      0.7823
 j = 9/2-  (   h 9/2)  0.68     10.4284      0.0005      0.4364
 j = 9/2-  (   h 9/2)  0.62     20.5138      0.0001      0.3789
 j = 9/2-  (   h 9/2)  0.63     31.6305      0.0000      0.2705
 j = 9/2-  (   h 9/2)  0.58     44.6477      0.0000      0.1944
 j = 9/2-  (   h 9/2)  0.76     72.7697      0.0000      0.1323
 j =11/2+  (   i11/2)  0.98     -6.7570      0.9983      0.6478
 j =11/2+  (   i11/2)  0.90      8.8537      0.0019      0.6799
 j =11/2+  (   i11/2)  0.65     15.0907      0.0002      0.4122
 j =11/2+  (   i11/2)  0.61     25.7875      0.0000      0.3196
 j =11/2+  (   i11/2)  0.61     36.7970      0.0000      0.2278
 j =11/2+  (   i11/2)  0.56     48.5466      0.0000      0.1612
 j =11/2+  (   i11/2)  0.80     77.4164      0.0000      0.1166
 j =11/2-  (   h11/2)  0.98    -21.1946      0.9998      0.6868
 j =11/2-  (   h11/2)  0.96      1.7604      0.1520      0.7701
 j =11/2-  (   h11/2)  0.73      9.6410      0.0006      0.4361
 j =11/2-  (   h11/2)  0.60     19.4550      0.0001      0.3843
 j =11/2-  (   h11/2)  0.63     30.5232      0.0000      0.2702
 j =11/2-  (   h11/2)  0.58     43.1655      0.0000      0.1928
 j =11/2-  (   h11/2)  0.76     71.6067      0.0000      0.1323
 j =13/2+  (   i13/2)  0.98    -12.1116      0.9994      0.6586
 j =13/2+  (   i13/2)  0.92      7.4514      0.0029      0.6937
 j =13/2+  (   i13/2)  0.70     13.8174      0.0002      0.3985
 j =13/2+  (   i13/2)  0.61     24.5637      0.0000      0.3195
 j =13/2+  (   i13/2)  0.61     35.6276      0.0000      0.2285
 j =13/2+  (   i13/2)  0.57     46.8037      0.0000      0.1597
 j =13/2+  (   i13/2)  0.80     75.9000      0.0000      0.1165
 j =13/2-  (   j13/2)  0.98      3.1486      0.0237      0.6824
 j =13/2-  (   j13/2)  0.88     13.2429      0.0005      0.5220
 j =13/2-  (   j13/2)  0.66     20.8234      0.0001      0.3851
 j =13/2-  (   j13/2)  0.60     31.4864      0.0000      0.2761
 j =13/2-  (   j13/2)  0.59     43.5111      0.0000      0.1954
 j =13/2-  (   j13/2)  0.80     69.9510      0.0000      0.1402
 j =15/2+  (   k15/2)  0.94     11.8877      0.0011      0.7072
 j =15/2+  (   k15/2)  0.78     17.5049      0.0002      0.4090
 j =15/2+  (   k15/2)  0.62     26.3558      0.0000      0.3211
 j =15/2+  (   k15/2)  0.59     37.0206      0.0000      0.2353
 j =15/2+  (   k15/2)  0.67     47.0694      0.0000      0.1609
 j =15/2+  (   k15/2)  0.84     74.2414      0.0000      0.1208
 j =15/2-  (   j15/2)  0.98     -3.1435      0.9941      0.6424
 j =15/2-  (   j15/2)  0.92     12.1920      0.0007      0.5851
 j =15/2-  (   j15/2)  0.73     19.0687      0.0001      0.3747
 j =15/2-  (   j15/2)  0.60     30.0165      0.0000      0.2754
 j =15/2-  (   j15/2)  0.60     41.5231      0.0000      0.1933
 j =15/2-  (   j15/2)  0.80     67.8663      0.0000      0.1403
 j =17/2+  (   k17/2)  0.99      5.6004      0.0052      0.6670
 j =17/2+  (   k17/2)  0.90     16.1027      0.0002      0.4506
 j =17/2+  (   k17/2)  0.73     24.2282      0.0001      0.3312
 j =17/2+  (   k17/2)  0.65     35.1717      0.0000      0.2360
 j =17/2+  (   k17/2)  0.69     44.8666      0.0000      0.1583
 j =17/2+  (   k17/2)  0.84     71.8704      0.0000      0.1209
 j =17/2-  (   l17/2)  0.92     18.2975      0.0004      0.6482
 j =17/2-  (   l17/2)  0.75     23.1182      0.0001      0.3728
 j =17/2-  (   l17/2)  0.62     32.0534      0.0000      0.2735
 j =17/2-  (   l17/2)  0.67     42.8967      0.0000      0.1976
 j =17/2-  (   l17/2)  0.84     66.7081      0.0000      0.1458
 j =19/2+  (   m19/2)  0.93     23.7190      0.0002      0.5768
 j =19/2+  (   m19/2)  0.78     28.4770      0.0000      0.3403
 j =19/2+  (   m19/2)  0.68     37.9588      0.0000      0.2399
 j =19/2+  (   m19/2)  0.72     46.9113      0.0000      0.1615
 j =19/2+  (   m19/2)  0.86     70.8789      0.0000      0.1241
 j =19/2-  (   l19/2)  0.98     13.6237      0.0007      0.6489
 j =19/2-  (   l19/2)  0.88     20.3920      0.0001      0.3767
 j =19/2-  (   l19/2)  0.75     29.6516      0.0000      0.2814
 j =19/2-  (   l19/2)  0.73     39.5551      0.0000      0.1953
 j =19/2-  (   l19/2)  0.85     63.5092      0.0000      0.1449
 j =21/2+  (   m21/2)  0.97     20.3257      0.0002      0.5899
 j =21/2+  (   m21/2)  0.88     25.3135      0.0000      0.3361
 j =21/2+  (   m21/2)  0.78     34.9127      0.0000      0.2427
 j =21/2+  (   m21/2)  0.79     43.2348      0.0000      0.1596
 j =21/2+  (   m21/2)  0.88     66.6567      0.0000      0.1227
 j =21/2-  (   n21/2)  0.94     28.8739      0.0001      0.5083
 j =21/2-  (   n21/2)  0.83     33.8543      0.0000      0.3084
 j =21/2-  (   n21/2)  0.76     42.3409      0.0000      0.2058
 j =21/2-  (   n21/2)  0.85     64.8986      0.0000      0.1480
 j =23/2+  (   o23/2)  0.96     33.8685      0.0000      0.4445
 j =23/2+  (   o23/2)  0.89     39.1515      0.0000      0.2764
 j =23/2+  (   o23/2)  0.84     46.2371      0.0000      0.1746
 j =23/2+  (   o23/2)  0.89     68.8361      0.0000      0.1271
 j =23/2-  (   n23/2)  0.97     26.2889      0.0001      0.5230
 j =23/2-  (   n23/2)  0.91     30.7798      0.0000      0.3046
 j =23/2-  (   n23/2)  0.84     38.4657      0.0000      0.2033
 j =23/2-  (   n23/2)  0.89     58.1733      0.0000      0.1469
 j =25/2+  (   o25/2)  0.98     31.8806      0.0001      0.4576
 j =25/2+  (   o25/2)  0.94     36.0363      0.0000      0.2728
 j =25/2+  (   o25/2)  0.90     42.8585      0.0000      0.1739
 j =25/2+  (   o25/2)  0.92     60.7487      0.0000      0.1234
 j =25/2-  (   P25/2)  0.97     38.8724      0.0000      0.3860
 j =25/2-  (   P25/2)  0.93     42.6704      0.0000      0.2360
 j =25/2-  (   P25/2)  0.93     61.4626      0.0000      0.1678
 j =27/2+  (   q27/2)  0.98     43.7589      0.0000      0.3330
 j =27/2+  (   q27/2)  0.96     47.9364      0.0000      0.2074
 j =27/2+  (   q27/2)  0.96     62.9378      0.0000      0.1421
 j =27/2-  (   P27/2)  0.98     37.3017      0.0000      0.3965
 j =27/2-  (   P27/2)  0.96     39.9792      0.0000      0.2351
 j =27/2-  (   P27/2)  0.96     53.6760      0.0000      0.1628
 j =29/2+  (   q29/2)  0.99     42.5282      0.0000      0.3415
 j =29/2+  (   q29/2)  0.98     45.4763      0.0000      0.2080
 j =29/2+  (   q29/2)  0.98     55.7883      0.0000      0.1368
 j =29/2-  (   r29/2)  0.98     48.4033      0.0000      0.2848
 j =29/2-  (   r29/2)  0.98     55.5145      0.0000      0.1881
 j =31/2+  (   S31/2)  0.98     53.4386      0.0000      0.2443
 j =31/2+  (   S31/2)  0.98     57.4143      0.0000      0.1557
 j =31/2-  (   r31/2)  0.98     47.6277      0.0000      0.2925
 j =31/2-  (   r31/2)  0.98     50.7773      0.0000      0.1824
 j =33/2+  (   S33/2)  0.98     52.7940      0.0000      0.2497
 j =33/2+  (   S33/2)  0.98     53.5797      0.0000      0.1517
 j =33/2-  (   t33/2)  0.98     55.8509      0.0000      0.2005
 j =35/2+  (   u35/2)  0.98     59.0884      0.0000      0.1659
 j =35/2-  (   t35/2)  0.98     54.6141      0.0000      0.2008
 j =37/2+  (   u37/2)  0.98     58.1523      0.0000      0.1661
 single-particle energies and gaps  in the canonical basis: Proton: 
 ------------------------------------------------------------------
    j pi     (nr,l,j)  smax       Ecan       vvcan       decan
 j = 1/2+  (   s 1/2)  0.89    -55.0730      1.0000     -0.0000
 j = 1/2+  (   s 1/2)  0.82    -39.2128      1.0000     -0.0000
 j = 1/2+  (   s 1/2)  0.91    -18.9314      1.0000     -0.0000
 j = 1/2+  (   s 1/2)  0.94      0.6577      0.0000     -0.0000
 j = 1/2+  (   s 1/2)  0.57     11.4740      0.0000     -0.0000
 j = 1/2+  (   s 1/2)  0.70     17.7848      0.0000     -0.0000
 j = 1/2+  (   s 1/2)  0.68     28.7847      0.0000     -0.0000
 j = 1/2+  (   s 1/2)  0.60     42.1765      0.0000     -0.0000
 j = 1/2+  (   s 1/2)  0.63     58.9262      0.0000     -0.0000
 j = 1/2+  (   s 1/2)  0.63     89.1659      0.0000     -0.0000
 j = 1/2-  (   p 1/2)  0.92    -49.7023      1.0000     -0.0000
 j = 1/2-  (   p 1/2)  0.89    -29.5116      1.0000     -0.0000
 j = 1/2-  (   p 1/2)  0.94     -8.8215      0.0000     -0.0000
 j = 1/2-  (   p 1/2)  0.88      8.4370      0.0000     -0.0000
 j = 1/2-  (   p 1/2)  0.56     14.2213      0.0000     -0.0000
 j = 1/2-  (   p 1/2)  0.73     24.5633      0.0000     -0.0000
 j = 1/2-  (   p 1/2)  0.68     37.1596      0.0000     -0.0000
 j = 1/2-  (   p 1/2)  0.66     53.0305      0.0000     -0.0000
 j = 1/2-  (   p 1/2)  0.63     82.1714      0.0000     -0.0000
 j = 3/2+  (   d 3/2)  0.96    -42.8195      1.0000     -0.0000
 j = 3/2+  (   d 3/2)  0.94    -20.1460      1.0000     -0.0000
 j = 3/2+  (   d 3/2)  0.96      0.1414      0.0000     -0.0000
 j = 3/2+  (   d 3/2)  0.60     12.0248      0.0000     -0.0000
 j = 3/2+  (   d 3/2)  0.69     17.9390      0.0000     -0.0000
 j = 3/2+  (   d 3/2)  0.70     28.7899      0.0000     -0.0000
 j = 3/2+  (   d 3/2)  0.62     42.2129      0.0000     -0.0000
 j = 3/2+  (   d 3/2)  0.64     58.8785      0.0000     -0.0000
 j = 3/2+  (   d 3/2)  0.63     88.7470      0.0000     -0.0000
 j = 3/2-  (   p 3/2)  0.92    -50.2058      1.0000     -0.0000
 j = 3/2-  (   p 3/2)  0.88    -30.3371      1.0000     -0.0000
 j = 3/2-  (   p 3/2)  0.94     -9.5371      0.0000     -0.0000
 j = 3/2-  (   p 3/2)  0.90      8.0463      0.0000     -0.0000
 j = 3/2-  (   p 3/2)  0.57     14.0078      0.0000     -0.0000
 j = 3/2-  (   p 3/2)  0.73     24.2854      0.0000     -0.0000
 j = 3/2-  (   p 3/2)  0.68     36.7421      0.0000     -0.0000
 j = 3/2-  (   p 3/2)  0.67     52.4991      0.0000     -0.0000
 j = 3/2-  (   p 3/2)  0.63     81.3548      0.0000     -0.0000
 j = 5/2+  (   d 5/2)  0.94    -44.0035      1.0000     -0.0000
 j = 5/2+  (   d 5/2)  0.92    -21.5090      1.0000     -0.0000
 j = 5/2+  (   d 5/2)  0.95     -0.7584      0.0000     -0.0000
 j = 5/2+  (   d 5/2)  0.63     11.8667      0.0000     -0.0000
 j = 5/2+  (   d 5/2)  0.68     17.5283      0.0000     -0.0000
 j = 5/2+  (   d 5/2)  0.71     28.4343      0.0000     -0.0000
 j = 5/2+  (   d 5/2)  0.63     41.6815      0.0000     -0.0000
 j = 5/2+  (   d 5/2)  0.64     58.1552      0.0000     -0.0000
 j = 5/2+  (   d 5/2)  0.63     87.8049      0.0000     -0.0000
 j = 5/2-  (   f 5/2)  0.97    -34.7149      1.0000     -0.0000
 j = 5/2-  (   f 5/2)  0.97    -10.9995      0.0000     -0.0000
 j = 5/2-  (   f 5/2)  0.94      7.9983      0.0000     -0.0000
 j = 5/2-  (   f 5/2)  0.56     14.7248      0.0000     -0.0000
 j = 5/2-  (   f 5/2)  0.74     24.4842      0.0000     -0.0000
 j = 5/2-  (   f 5/2)  0.71     36.8468      0.0000     -0.0000
 j = 5/2-  (   f 5/2)  0.69     52.4943      0.0000     -0.0000
 j = 5/2-  (   f 5/2)  0.63     80.7008      0.0000     -0.0000
 j = 7/2+  (   g 7/2)  0.98    -25.7575      1.0000     -0.0000
 j = 7/2+  (   g 7/2)  0.98     -2.2327      0.0000     -0.0000
 j = 7/2+  (   g 7/2)  0.72     13.1027      0.0000     -0.0000
 j = 7/2+  (   g 7/2)  0.62     17.9218      0.0000     -0.0000
 j = 7/2+  (   g 7/2)  0.74     28.5993      0.0000     -0.0000
 j = 7/2+  (   g 7/2)  0.66     41.8580      0.0000     -0.0000
 j = 7/2+  (   g 7/2)  0.66     58.1635      0.0000     -0.0000
 j = 7/2+  (   g 7/2)  0.63     87.0112      0.0000     -0.0000
 j = 7/2-  (   f 7/2)  0.97    -36.8593      1.0000     -0.0000
 j = 7/2-  (   f 7/2)  0.95    -12.8122      0.0000     -0.0000
 j = 7/2-  (   f 7/2)  0.95      7.0165      0.0000     -0.0000
 j = 7/2-  (   f 7/2)  0.56     14.4420      0.0000     -0.0000
 j = 7/2-  (   f 7/2)  0.73     24.0243      0.0000     -0.0000
 j = 7/2-  (   f 7/2)  0.71     36.2269      0.0000     -0.0000
 j = 7/2-  (   f 7/2)  0.68     51.6280      0.0000     -0.0000
 j = 7/2-  (   f 7/2)  0.63     79.8747      0.0000     -0.0000
 j = 9/2+  (   g 9/2)  0.98    -29.0704      1.0000     -0.0000
 j = 9/2+  (   g 9/2)  0.97     -4.3281      0.0000     -0.0000
 j = 9/2+  (   g 9/2)  0.79     12.5830      0.0000     -0.0000
 j = 9/2+  (   g 9/2)  0.54     17.1696      0.0000     -0.0000
 j = 9/2+  (   g 9/2)  0.75     27.9406      0.0000     -0.0000
 j = 9/2+  (   g 9/2)  0.67     41.0342      0.0000     -0.0000
 j = 9/2+  (   g 9/2)  0.66     57.0126      0.0000     -0.0000
 j = 9/2+  (   g 9/2)  0.63     86.1881      0.0000     -0.0000
 j = 9/2-  (   h 9/2)  0.98    -16.3045      0.0000     -0.0000
 j = 9/2-  (   h 9/2)  0.98      6.0472      0.0000     -0.0000
 j = 9/2-  (   h 9/2)  0.60     16.1665      0.0000     -0.0000
 j = 9/2-  (   h 9/2)  0.74     24.3928      0.0000     -0.0000
 j = 9/2-  (   h 9/2)  0.74     36.4580      0.0000     -0.0000
 j = 9/2-  (   h 9/2)  0.71     51.7360      0.0000     -0.0000
 j = 9/2-  (   h 9/2)  0.64     78.8685      0.0000     -0.0000
 j =11/2+  (   i11/2)  0.98     -6.7035      0.0000     -0.0000
 j =11/2+  (   i11/2)  0.94     13.4304      0.0000     -0.0000
 j =11/2+  (   i11/2)  0.52     18.3818      0.0000     -0.0000
 j =11/2+  (   i11/2)  0.78     28.5513      0.0000     -0.0000
 j =11/2+  (   i11/2)  0.72     41.3031      0.0000     -0.0000
 j =11/2+  (   i11/2)  0.70     57.1331      0.0000     -0.0000
 j =11/2+  (   i11/2)  0.64     85.0030      0.0000     -0.0000
 j =11/2-  (   h11/2)  0.98    -20.8763      1.0000     -0.0000
 j =11/2-  (   h11/2)  0.98      3.8311      0.0000     -0.0000
 j =11/2-  (   h11/2)  0.64     15.7998      0.0000     -0.0000
 j =11/2-  (   h11/2)  0.71     23.4542      0.0000     -0.0000
 j =11/2-  (   h11/2)  0.74     35.4252      0.0000     -0.0000
 j =11/2-  (   h11/2)  0.71     50.2399      0.0000     -0.0000
 j =11/2-  (   h11/2)  0.64     77.7150      0.0000     -0.0000
 j =13/2+  (   i13/2)  0.98    -12.4536      0.0000     -0.0000
 j =13/2+  (   i13/2)  0.97     11.3620      0.0000     -0.0000
 j =13/2+  (   i13/2)  0.54     17.8652      0.0000     -0.0000
 j =13/2+  (   i13/2)  0.77     27.5823      0.0000     -0.0000
 j =13/2+  (   i13/2)  0.73     40.0676      0.0000     -0.0000
 j =13/2+  (   i13/2)  0.70     55.3210      0.0000     -0.0000
 j =13/2+  (   i13/2)  0.63     83.4471      0.0000     -0.0000
 j =13/2-  (   j13/2)  0.98      2.7204      0.0000     -0.0000
 j =13/2-  (   j13/2)  0.74     18.5893      0.0000     -0.0000
 j =13/2-  (   j13/2)  0.63     24.0151      0.0000     -0.0000
 j =13/2-  (   j13/2)  0.76     36.0734      0.0000     -0.0000
 j =13/2-  (   j13/2)  0.73     50.6615      0.0000     -0.0000
 j =13/2-  (   j13/2)  0.67     76.2731      0.0000     -0.0000
 j =15/2+  (   k15/2)  0.98     11.6832      0.0000     -0.0000
 j =15/2+  (   k15/2)  0.53     21.2817      0.0000     -0.0000
 j =15/2+  (   k15/2)  0.80     29.1586      0.0000     -0.0000
 j =15/2+  (   k15/2)  0.77     40.6966      0.0000     -0.0000
 j =15/2+  (   k15/2)  0.73     55.9704      0.0000     -0.0000
 j =15/2+  (   k15/2)  0.65     81.9655      0.0000     -0.0000
 j =15/2-  (   j15/2)  0.98     -3.9238      0.0000     -0.0000
 j =15/2-  (   j15/2)  0.87     17.3564      0.0000     -0.0000
 j =15/2-  (   j15/2)  0.53     22.4090      0.0000     -0.0000
 j =15/2-  (   j15/2)  0.74     34.8110      0.0000     -0.0000
 j =15/2-  (   j15/2)  0.73     48.6309      0.0000     -0.0000
 j =15/2-  (   j15/2)  0.67     74.2203      0.0000     -0.0000
 j =17/2+  (   k17/2)  0.97      4.5789      0.0000     -0.0000
 j =17/2+  (   k17/2)  0.62     20.7958      0.0000     -0.0000
 j =17/2+  (   k17/2)  0.74     26.8425      0.0000     -0.0000
 j =17/2+  (   k17/2)  0.77     38.9544      0.0000     -0.0000
 j =17/2+  (   k17/2)  0.73     53.5376      0.0000     -0.0000
 j =17/2+  (   k17/2)  0.66     79.6117      0.0000     -0.0000
 j =17/2-  (   l17/2)  0.97     19.8113      0.0000     -0.0000
 j =17/2-  (   l17/2)  0.58     25.4635      0.0000     -0.0000
 j =17/2-  (   l17/2)  0.77     36.8133      0.0000     -0.0000
 j =17/2-  (   l17/2)  0.74     49.9191      0.0000     -0.0000
 j =17/2-  (   l17/2)  0.70     73.0495      0.0000     -0.0000
 j =19/2+  (   m19/2)  0.69     25.6713      0.0000     -0.0000
 j =19/2+  (   m19/2)  0.70     29.3118      0.0000     -0.0000
 j =19/2+  (   m19/2)  0.79     41.3419      0.0000     -0.0000
 j =19/2+  (   m19/2)  0.75     55.4503      0.0000     -0.0000
 j =19/2+  (   m19/2)  0.68     78.8708      0.0000     -0.0000
 j =19/2-  (   l19/2)  0.97     12.9418      0.0000     -0.0000
 j =19/2-  (   l19/2)  0.66     24.5231      0.0000     -0.0000
 j =19/2-  (   l19/2)  0.70     34.5126      0.0000     -0.0000
 j =19/2-  (   l19/2)  0.72     46.7408      0.0000     -0.0000
 j =19/2-  (   l19/2)  0.72     69.8432      0.0000     -0.0000
 j =21/2+  (   m21/2)  0.97     21.0625      0.0000     -0.0000
 j =21/2+  (   m21/2)  0.61     26.8243      0.0000     -0.0000
 j =21/2+  (   m21/2)  0.75     38.9373      0.0000     -0.0000
 j =21/2+  (   m21/2)  0.75     51.5412      0.0000     -0.0000
 j =21/2+  (   m21/2)  0.71     74.6241      0.0000     -0.0000
 j =21/2-  (   n21/2)  0.63     30.4635      0.0000     -0.0000
 j =21/2-  (   n21/2)  0.76     37.1693      0.0000     -0.0000
 j =21/2-  (   n21/2)  0.73     49.8649      0.0000     -0.0000
 j =21/2-  (   n21/2)  0.73     70.6802      0.0000     -0.0000
 j =23/2+  (   o23/2)  0.56     33.1236      0.0000     -0.0000
 j =23/2+  (   o23/2)  0.84     42.9029      0.0000     -0.0000
 j =23/2+  (   o23/2)  0.76     54.6111      0.0000     -0.0000
 j =23/2+  (   o23/2)  0.71     76.4220      0.0000     -0.0000
 j =23/2-  (   n23/2)  0.91     28.2210      0.0000     -0.0000
 j =23/2-  (   n23/2)  0.73     33.0315      0.0000     -0.0000
 j =23/2-  (   n23/2)  0.65     46.2219      0.0000     -0.0000
 j =23/2-  (   n23/2)  0.78     64.3261      0.0000     -0.0000
 j =25/2+  (   o25/2)  0.63     32.6030      0.0000     -0.0000
 j =25/2+  (   o25/2)  0.74     38.4313      0.0000     -0.0000
 j =25/2+  (   o25/2)  0.69     50.6561      0.0000     -0.0000
 j =25/2+  (   o25/2)  0.76     69.0418      0.0000     -0.0000
 j =25/2-  (   P25/2)  0.64     39.1471      0.0000     -0.0000
 j =25/2-  (   P25/2)  0.76     50.8350      0.0000     -0.0000
 j =25/2-  (   P25/2)  0.78     67.7527      0.0000     -0.0000
 j =27/2+  (   q27/2)  0.66     41.7155      0.0000     -0.0000
 j =27/2+  (   q27/2)  0.79     56.1461      0.0000     -0.0000
 j =27/2+  (   q27/2)  0.75     72.8144      0.0000     -0.0000
 j =27/2-  (   P27/2)  0.72     38.5712      0.0000     -0.0000
 j =27/2-  (   P27/2)  0.68     46.6681      0.0000     -0.0000
 j =27/2-  (   P27/2)  0.84     60.4457      0.0000     -0.0000
 j =29/2+  (   q29/2)  0.63     41.3781      0.0000     -0.0000
 j =29/2+  (   q29/2)  0.76     53.1703      0.0000     -0.0000
 j =29/2+  (   q29/2)  0.82     65.3445      0.0000     -0.0000
 j =29/2-  (   r29/2)  0.79     49.7565      0.0000     -0.0000
 j =29/2-  (   r29/2)  0.78     66.3261      0.0000     -0.0000
 j =31/2+  (   S31/2)  0.77     52.6415      0.0000     -0.0000
 j =31/2+  (   S31/2)  0.77     71.6774      0.0000     -0.0000
 j =31/2-  (   r31/2)  0.79     49.3859      0.0000     -0.0000
 j =31/2-  (   r31/2)  0.78     61.2937      0.0000     -0.0000
 j =33/2+  (   S33/2)  0.77     52.3442      0.0000     -0.0000
 j =33/2+  (   S33/2)  0.76     67.6079      0.0000     -0.0000
 j =33/2-  (   t33/2)  0.98     63.9779      0.0000     -0.0000
 j =35/2+  (   u35/2)  0.98     67.6358      0.0000     -0.0000
 j =35/2-  (   t35/2)  0.99     62.7897      0.0000     -0.0000
 j =37/2+  (   u37/2)  0.98     66.7343      0.0000     -0.0000
  ****** END CANON **********************************
  ****** BEGIN RESU *********************************
   ****** BEGIN EXPECT *******

                            neutron        proton         total
 particle number           188.000000      82.000000     270.000000
 trace scalar density      179.491304      79.187723     258.679027
 lambda                      1.013899     -17.833195
 spk                        17.477681      -0.000335
 rms-Radius                  6.482869       5.850532       6.297543
 charge-Radius                              5.904975
 Particle Energ          -3580.636199   -2602.413723   -6183.049922
 Selfconsistency Test.                                     0.000000

 Kinetic Energy           2675.496080     827.464849    3502.960930
 E-scsc                                               -39243.457459
 E-scve                                                32776.760402
 E-vesc                                                    0.000000
 E-veve                                                  420.194849
 E-rearrang.                                             863.589485
 Coulomb direct                                          771.702040
 Pairing Energy            -10.717347      -0.000000     -10.717347
 Sum without E-cm                                      -1782.556586
DE-cm <P**2>/2M            -13.841196      -4.383008     -18.224205
NE-cm <P**2>/2M             10.767500       2.789104      13.556603
 E-cm <P**2>/2M             -3.073697      -1.593904      -4.667601
 Total Energy                                          -1787.224187
 E/A                                                      -6.619349

  ****** END EXPECT *********************************


 quasi-particle properties Neutron:
 ------------------------------------------------------------------
     p/h    l j     [nr,l,j]  smax       Eqp       uu       vv
   1  p   1s 1/2   ( 6s  1/2) 0.51     2.608     0.994     0.006
   2  h   2s 1/2   ( 4s  1/2) 0.92     4.106     0.012     0.988
   3  p   3s 1/2   ( 5s  1/2) 0.71    10.259     0.999     0.001
   4  p   4s 1/2   ( 6s  1/2) 0.61    21.473     0.983     0.017
   5  h   5s 1/2   ( 3s  1/2) 0.95    21.979     0.018     0.982
   6  p   6s 1/2   ( 7s  1/2) 0.55    35.584     1.000     0.000
   7  h   7s 1/2   ( 2s  1/2) 0.90    43.834     0.000     1.000
   8  p   8s 1/2   ( 8s  1/2) 0.62    53.555     1.000     0.000
   9  h   9s 1/2   ( 1s  1/2) 0.93    60.409     0.000     1.000
  10  p  10s 1/2   ( 9s  1/2) 0.64    82.748     1.000     0.000
  11  p   1p 1/2   ( 4p  1/2) 0.66     0.973     0.916     0.084
  12  p   2p 1/2   ( 4p  1/2) 0.62     6.763     0.997     0.003
  13  h   3p 1/2   ( 3p  1/2) 0.97    11.546     0.003     0.997
  14  p   4p 1/2   ( 5p  1/2) 0.71    17.135     1.000     0.000
  15  p   5p 1/2   ( 6p  1/2) 0.64    30.693     1.000     0.000
  16  h   6p 1/2   ( 2p  1/2) 0.94    33.180     0.000     1.000
  17  p   7p 1/2   ( 7p  1/2) 0.66    47.726     1.000     0.000
  18  h   8p 1/2   ( 1p  1/2) 0.95    54.253     0.000     1.000
  19  p   9p 1/2   ( 8p  1/2) 0.64    76.016     1.000     0.000
  20  p   1d 3/2   ( 5d  3/2) 0.51     3.144     0.991     0.009
  21  h   2d 3/2   ( 3d  3/2) 0.94     3.779     0.018     0.982
  22  p   3d 3/2   ( 4d  3/2) 0.72    10.669     0.999     0.001
  23  p   4d 3/2   ( 5d  3/2) 0.62    21.695     0.997     0.003
  24  h   5d 3/2   ( 2d  3/2) 0.97    22.873     0.004     0.996
  25  p   6d 3/2   ( 6d  3/2) 0.56    35.903     1.000     0.000
  26  h   7d 3/2   ( 1d  3/2) 0.97    46.696     0.000     1.000
  27  p   8d 3/2   ( 7d  3/2) 0.62    53.791     1.000     0.000
  28  p   9d 3/2   ( 8d  3/2) 0.64    82.977     1.000     0.000
  29  p   1p 3/2   ( 4p  3/2) 0.66     0.829     0.871     0.129
  30  p   2p 3/2   ( 4p  3/2) 0.60     6.454     0.997     0.003
  31  h   3p 3/2   ( 3p  3/2) 0.97    12.304     0.003     0.997
  32  p   4p 3/2   ( 5p  3/2) 0.71    16.825     1.000     0.000
  33  p   5p 3/2   ( 6p  3/2) 0.64    30.234     1.000     0.000
  34  h   6p 3/2   ( 2p  3/2) 0.93    33.954     0.000     1.000
  35  p   7p 3/2   ( 7p  3/2) 0.66    47.167     1.000     0.000
  36  h   8p 3/2   ( 1p  3/2) 0.95    54.618     0.000     1.000
  37  p   9p 3/2   ( 8p  3/2) 0.64    75.275     1.000     0.000
  38  p   1d 5/2   ( 5d  5/2) 0.52     2.958     0.996     0.004
  39  h   2d 5/2   ( 3d  5/2) 0.95     4.587     0.009     0.991
  40  p   3d 5/2   ( 4d  5/2) 0.71    10.277     0.999     0.001
  41  p   4d 5/2   ( 5d  5/2) 0.63    21.294     0.999     0.001
  42  h   5d 5/2   ( 2d  5/2) 0.96    24.206     0.001     0.999
  43  p   6d 5/2   ( 6d  5/2) 0.57    35.285     1.000     0.000
  44  h   7d 5/2   ( 1d  5/2) 0.97    47.626     0.000     1.000
  45  p   8d 5/2   ( 7d  5/2) 0.62    53.005     1.000     0.000
  46  p   9d 5/2   ( 8d  5/2) 0.64    82.077     1.000     0.000
  47  p   1f 5/2   ( 3f  5/2) 0.76     1.614     0.962     0.038
  48  p   2f 5/2   ( 3f  5/2) 0.56     6.969     0.998     0.002
  49  h   3f 5/2   ( 2f  5/2) 0.98    13.031     0.002     0.998
  50  p   4f 5/2   ( 4f  5/2) 0.73    17.052     1.000     0.000
  51  p   5f 5/2   ( 5f  5/2) 0.67    30.500     1.000     0.000
  52  h   6f 5/2   ( 1f  5/2) 0.98    37.929     0.000     1.000
  53  p   7f 5/2   ( 6f  5/2) 0.67    47.372     1.000     0.000
  54  p   8f 5/2   ( 7f  5/2) 0.64    75.224     1.000     0.000
  55  p   1g 7/2   ( 3g  7/2) 0.52     4.260     0.909     0.091
  56  h   2g 7/2   ( 2g  7/2) 0.93     4.371     0.099     0.901
  57  p   3g 7/2   ( 3g  7/2) 0.73    10.995     0.999     0.001
  58  p   4g 7/2   ( 4g  7/2) 0.68    21.504     1.000     0.000
  59  h   5g 7/2   ( 1g  7/2) 0.98    28.280     0.000     1.000
  60  p   6g 7/2   ( 5g  7/2) 0.60    35.530     1.000     0.000
  61  p   7g 7/2   ( 6g  7/2) 0.65    53.158     1.000     0.000
  62  p   8g 7/2   ( 7g  7/2) 0.64    81.616     1.000     0.000
  63  p   1f 7/2   ( 3f  7/2) 0.78     1.156     0.914     0.086
  64  p   2f 7/2   ( 3f  7/2) 0.50     6.406     0.998     0.002
  65  h   3f 7/2   ( 2f  7/2) 0.98    14.896     0.002     0.998
  66  p   4f 7/2   ( 4f  7/2) 0.73    16.522     0.999     0.001
  67  p   5f 7/2   ( 5f  7/2) 0.67    29.770     1.000     0.000
  68  h   6f 7/2   ( 1f  7/2) 0.98    39.712     0.000     1.000
  69  p   7f 7/2   ( 6f  7/2) 0.67    46.384     1.000     0.000
  70  p   8f 7/2   ( 7f  7/2) 0.64    74.365     1.000     0.000
  71  p   1g 9/2   ( 3g  9/2) 0.58     3.972     0.997     0.003
  72  h   2g 9/2   ( 2g  9/2) 0.98     6.450     0.007     0.993
  73  p   3g 9/2   ( 3g  9/2) 0.71    10.232     0.997     0.003
  74  p   4g 9/2   ( 4g  9/2) 0.69    20.728     1.000     0.000
  75  h   5g 9/2   ( 1g  9/2) 0.98    31.156     0.000     1.000
  76  p   6g 9/2   ( 5g  9/2) 0.61    34.562     1.000     0.000
  77  p   7g 9/2   ( 6g  9/2) 0.64    51.869     1.000     0.000
  78  p   8g 9/2   ( 7g  9/2) 0.64    80.720     1.000     0.000
  79  p   1h 9/2   ( 2h  9/2) 0.89     2.586     0.979     0.021
  80  p   2h 9/2   ( 4h  9/2) 0.50     7.676     0.999     0.001
  81  p   3h 9/2   ( 3h  9/2) 0.76    17.180     1.000     0.000
  82  h   4h 9/2   ( 1h  9/2) 0.98    18.093     0.001     0.999
  83  p   5h 9/2   ( 4h  9/2) 0.71    30.194     1.000     0.000
  84  p   6h 9/2   ( 5h  9/2) 0.70    46.767     1.000     0.000
  85  p   7h 9/2   ( 6h  9/2) 0.64    73.567     1.000     0.000
  86  p   1i11/2   ( 2i 11/2) 0.64     6.403     0.994     0.006
  87  h   2i11/2   ( 1i 11/2) 0.97     7.798     0.008     0.992
  88  p   3i11/2   ( 2i 11/2) 0.70    11.577     0.998     0.002
  89  p   4i11/2   ( 3i 11/2) 0.74    21.430     1.000     0.000
  90  p   5i11/2   ( 4i 11/2) 0.65    35.143     1.000     0.000
  91  p   6i11/2   ( 5i 11/2) 0.67    52.397     1.000     0.000
  92  p   7i11/2   ( 6i 11/2) 0.65    79.926     1.000     0.000
  93  p   1h11/2   ( 2h 11/2) 0.88     1.058     0.848     0.152
  94  p   2h11/2   ( 4h 11/2) 0.54     6.986     0.999     0.001
  95  p   3h11/2   ( 3h 11/2) 0.75    16.272     1.000     0.000
  96  h   4h11/2   ( 1h 11/2) 0.98    22.220     0.000     1.000
  97  p   5h11/2   ( 4h 11/2) 0.71    28.974     1.000     0.000
  98  p   6h11/2   ( 5h 11/2) 0.69    45.069     1.000     0.000
  99  p   7h11/2   ( 6h 11/2) 0.64    72.342     1.000     0.000
 100  p   1i13/2   ( 2i 13/2) 0.76     5.696     0.997     0.003
 101  p   2i13/2   ( 2i 13/2) 0.59    10.181     0.997     0.003
 102  h   3i13/2   ( 1i 13/2) 0.98    13.150     0.003     0.997
 103  p   4i13/2   ( 3i 13/2) 0.75    20.248     1.000     0.000
 104  p   5i13/2   ( 4i 13/2) 0.67    33.711     1.000     0.000
 105  p   6i13/2   ( 5i 13/2) 0.67    50.343     1.000     0.000
 106  p   7i13/2   ( 6i 13/2) 0.64    78.320     1.000     0.000
 107  p   1j13/2   ( 1j 13/2) 0.97     2.160     0.976     0.024
 108  p   2j13/2   ( 2j 13/2) 0.56     9.694     1.000     0.000
 109  p   3j13/2   ( 2j 13/2) 0.76    17.583     1.000     0.000
 110  p   4j13/2   ( 3j 13/2) 0.75    29.759     1.000     0.000
 111  p   5j13/2   ( 4j 13/2) 0.72    45.949     1.000     0.000
 112  p   6j13/2   ( 6j 13/2) 0.65    71.671     1.000     0.000
 113  p   1k15/2   ( 1k 15/2) 0.80     9.852     0.999     0.001
 114  p   2k15/2   ( 1k 15/2) 0.57    12.908     1.000     0.000
 115  p   3k15/2   ( 2k 15/2) 0.79    22.017     1.000     0.000
 116  p   4k15/2   ( 3k 15/2) 0.71    34.620     1.000     0.000
 117  p   5k15/2   ( 4k 15/2) 0.70    51.370     1.000     0.000
 118  p   6k15/2   ( 5k 15/2) 0.65    77.683     1.000     0.000
 119  h   1j15/2   ( 1j 15/2) 0.98     4.203     0.006     0.994
 120  p   2j15/2   ( 2j 15/2) 0.64     9.131     0.999     0.001
 121  p   3j15/2   ( 2j 15/2) 0.72    15.929     1.000     0.000
 122  p   4j15/2   ( 3j 15/2) 0.76    28.031     1.000     0.000
 123  p   5j15/2   ( 4j 15/2) 0.72    43.548     1.000     0.000
 124  p   6j15/2   ( 6j 15/2) 0.65    69.547     1.000     0.000
 125  p   1k17/2   ( 1k 17/2) 0.98     4.426     0.995     0.005
 126  p   2k17/2   ( 2k 17/2) 0.53    11.519     1.000     0.000
 127  p   3k17/2   ( 2k 17/2) 0.78    20.060     1.000     0.000
 128  p   4k17/2   ( 3k 17/2) 0.75    32.475     1.000     0.000
 129  p   5k17/2   ( 4k 17/2) 0.71    48.455     1.000     0.000
 130  p   6k17/2   ( 5k 17/2) 0.64    75.223     1.000     0.000
 131  p   1l17/2   ( 1l 17/2) 0.53    14.182     1.000     0.000
 132  p   2l17/2   ( 1l 17/2) 0.81    19.878     1.000     0.000
 133  p   3l17/2   ( 2l 17/2) 0.78    30.198     1.000     0.000
 134  p   4l17/2   ( 3l 17/2) 0.74    45.316     1.000     0.000
 135  p   5l17/2   ( 5l 17/2) 0.68    69.079     1.000     0.000
 136  p   1m19/2   ( 3m 19/2) 0.55    16.616     1.000     0.000
 137  p   2m19/2   ( 1m 19/2) 0.83    25.091     1.000     0.000
 138  p   3m19/2   ( 2m 19/2) 0.73    35.461     1.000     0.000
 139  p   4m19/2   ( 3m 19/2) 0.72    51.072     1.000     0.000
 140  p   5m19/2   ( 5m 19/2) 0.65    75.067     1.000     0.000
 141  p   1l19/2   ( 1l 19/2) 0.93    11.876     0.999     0.001
 142  p   2l19/2   ( 2l 19/2) 0.57    15.745     1.000     0.000
 143  p   3l19/2   ( 2l 19/2) 0.76    27.401     1.000     0.000
 144  p   4l19/2   ( 3l 19/2) 0.74    41.537     1.000     0.000
 145  p   5l19/2   ( 5l 19/2) 0.69    65.668     1.000     0.000
 146  p   1m21/2   ( 1m 21/2) 0.55    16.187     1.000     0.000
 147  p   2m21/2   ( 1m 21/2) 0.81    20.815     1.000     0.000
 148  p   3m21/2   ( 2m 21/2) 0.79    31.660     1.000     0.000
 149  p   4m21/2   ( 3m 21/2) 0.75    46.415     1.000     0.000
 150  p   5m21/2   ( 5m 21/2) 0.68    70.625     1.000     0.000
 151  p   1n21/2   ( 2n 21/2) 0.60    21.028     1.000     0.000
 152  p   2n21/2   ( 1n 21/2) 0.81    32.155     1.000     0.000
 153  p   3n21/2   ( 2n 21/2) 0.74    45.979     1.000     0.000
 154  p   4n21/2   ( 4n 21/2) 0.69    67.366     1.000     0.000
 155  p   1o23/2   ( 2o 23/2) 0.60    23.407     1.000     0.000
 156  p   2o23/2   ( 1o 23/2) 0.80    36.181     1.000     0.000
 157  p   3o23/2   ( 2o 23/2) 0.73    51.123     1.000     0.000
 158  p   4o23/2   ( 4o 23/2) 0.66    73.695     1.000     0.000
 159  p   1n23/2   ( 1n 23/2) 0.57    20.592     1.000     0.000
 160  p   2n23/2   ( 1n 23/2) 0.80    28.532     1.000     0.000
 161  p   3n23/2   ( 2n 23/2) 0.74    40.415     1.000     0.000
 162  p   4n23/2   ( 4n 23/2) 0.74    60.624     1.000     0.000
 163  p   1o25/2   ( 2o 25/2) 0.58    23.181     1.000     0.000
 164  p   2o25/2   ( 1o 25/2) 0.84    33.766     1.000     0.000
 165  p   3o25/2   ( 2o 25/2) 0.76    45.476     1.000     0.000
 166  p   4o25/2   ( 4o 25/2) 0.72    65.633     1.000     0.000
 167  p   1P25/2   ( 2P 25/2) 0.67    29.226     1.000     0.000
 168  p   2P25/2   ( 1P 25/2) 0.77    45.053     1.000     0.000
 169  p   3P25/2   ( 3P 25/2) 0.71    66.217     1.000     0.000
 170  p   1q27/2   ( 2q 27/2) 0.68    31.796     1.000     0.000
 171  p   2q27/2   ( 1q 27/2) 0.77    48.917     1.000     0.000
 172  p   3q27/2   ( 3q 27/2) 0.70    71.465     1.000     0.000
 173  p   1P27/2   ( 2P 27/2) 0.64    28.907     1.000     0.000
 174  p   2P27/2   ( 1P 27/2) 0.76    42.038     1.000     0.000
 175  p   3P27/2   ( 3P 27/2) 0.77    57.379     1.000     0.000
 176  p   1q29/2   ( 2q 29/2) 0.66    31.567     1.000     0.000
 177  p   2q29/2   ( 1q 29/2) 0.78    46.815     1.000     0.000
 178  p   3q29/2   ( 3q 29/2) 0.74    62.845     1.000     0.000
 179  p   1r29/2   ( 1r 29/2) 0.79    39.809     1.000     0.000
 180  p   2r29/2   ( 2r 29/2) 0.78    62.453     1.000     0.000
 181  p   1S31/2   ( 1S 31/2) 0.78    42.654     1.000     0.000
 182  p   2S31/2   ( 2S 31/2) 0.77    66.581     1.000     0.000
 183  p   1r31/2   ( 1r 31/2) 0.79    39.428     1.000     0.000
 184  p   2r31/2   ( 2r 31/2) 0.78    57.244     1.000     0.000
 185  p   1S33/2   ( 1S 33/2) 0.78    42.361     1.000     0.000
 186  p   2S33/2   ( 2S 33/2) 0.77    62.329     1.000     0.000
 187  p   1t33/2   ( 1t 33/2) 0.98    55.017     1.000     0.000
 188  p   1u35/2   ( 1u 35/2) 0.98    58.277     1.000     0.000
 189  p   1t35/2   ( 1t 35/2) 0.99    53.763     1.000     0.000
 190  p   1u37/2   ( 1u 37/2) 0.98    57.328     1.000     0.000


 quasi-particle properties Proton: 
 ------------------------------------------------------------------
     p/h    l j     [nr,l,j]  smax       Eqp       uu       vv
   1  h   1s 1/2   ( 3s  1/2) 0.91     1.098     0.000     1.000
   2  p   2s 1/2   ( 4s  1/2) 0.94    18.491     1.000     0.000
   3  h   3s 1/2   ( 2s  1/2) 0.82    21.380     0.000     1.000
   4  p   4s 1/2   ( 5s  1/2) 0.57    29.307     1.000     0.000
   5  p   5s 1/2   ( 5s  1/2) 0.70    35.618     1.000     0.000
   6  h   6s 1/2   ( 1s  1/2) 0.89    37.240     0.000     1.000
   7  p   7s 1/2   ( 6s  1/2) 0.68    46.618     1.000     0.000
   8  p   8s 1/2   ( 7s  1/2) 0.60    60.010     1.000     0.000
   9  p   9s 1/2   ( 8s  1/2) 0.63    76.759     1.000     0.000
  11  p   1p 1/2   ( 3p  1/2) 0.94     9.012     1.000     0.000
  12  h   2p 1/2   ( 2p  1/2) 0.89    11.678     0.000     1.000
  13  p   3p 1/2   ( 4p  1/2) 0.88    26.270     1.000     0.000
  14  h   4p 1/2   ( 1p  1/2) 0.92    31.869     0.000     1.000
  15  p   5p 1/2   ( 6p  1/2) 0.56    32.055     1.000     0.000
  16  p   6p 1/2   ( 5p  1/2) 0.73    42.397     1.000     0.000
  17  p   7p 1/2   ( 6p  1/2) 0.68    54.993     1.000     0.000
  18  p   8p 1/2   ( 7p  1/2) 0.66    70.864     1.000     0.000
  20  h   1d 3/2   ( 2d  3/2) 0.94     2.313     0.000     1.000
  21  p   2d 3/2   ( 3d  3/2) 0.96    17.975     1.000     0.000
  22  h   3d 3/2   ( 1d  3/2) 0.96    24.986     0.000     1.000
  23  p   4d 3/2   ( 4d  3/2) 0.60    29.858     1.000     0.000
  24  p   5d 3/2   ( 4d  3/2) 0.69    35.772     1.000     0.000
  25  p   6d 3/2   ( 5d  3/2) 0.70    46.623     1.000     0.000
  26  p   7d 3/2   ( 6d  3/2) 0.62    60.046     1.000     0.000
  27  p   8d 3/2   ( 7d  3/2) 0.64    76.712     1.000     0.000
  29  p   1p 3/2   ( 3p  3/2) 0.94     8.296     1.000     0.000
  30  h   2p 3/2   ( 2p  3/2) 0.88    12.504     0.000     1.000
  31  p   3p 3/2   ( 4p  3/2) 0.90    25.880     1.000     0.000
  32  p   4p 3/2   ( 6p  3/2) 0.57    31.841     1.000     0.000
  33  h   5p 3/2   ( 1p  3/2) 0.92    32.373     0.000     1.000
  34  p   6p 3/2   ( 5p  3/2) 0.73    42.119     1.000     0.000
  35  p   7p 3/2   ( 6p  3/2) 0.68    54.575     1.000     0.000
  36  p   8p 3/2   ( 7p  3/2) 0.67    70.332     1.000     0.000
  37  p   9p 3/2   ( 8p  3/2) 0.63    99.188     1.000     0.000
  38  h   1d 5/2   ( 2d  5/2) 0.92     3.676     0.000     1.000
  39  p   2d 5/2   ( 3d  5/2) 0.95    17.075     1.000     0.000
  40  h   3d 5/2   ( 1d  5/2) 0.94    26.170     0.000     1.000
  41  p   4d 5/2   ( 4d  5/2) 0.63    29.700     1.000     0.000
  42  p   5d 5/2   ( 4d  5/2) 0.68    35.361     1.000     0.000
  43  p   6d 5/2   ( 5d  5/2) 0.71    46.268     1.000     0.000
  44  p   7d 5/2   ( 6d  5/2) 0.63    59.515     1.000     0.000
  45  p   8d 5/2   ( 7d  5/2) 0.64    75.988     1.000     0.000
  47  p   1f 5/2   ( 2f  5/2) 0.97     6.834     1.000     0.000
  48  h   2f 5/2   ( 1f  5/2) 0.97    16.882     0.000     1.000
  49  p   3f 5/2   ( 3f  5/2) 0.94    25.832     1.000     0.000
  50  p   4f 5/2   ( 5f  5/2) 0.56    32.558     1.000     0.000
  51  p   5f 5/2   ( 4f  5/2) 0.74    42.317     1.000     0.000
  52  p   6f 5/2   ( 5f  5/2) 0.71    54.680     1.000     0.000
  53  p   7f 5/2   ( 6f  5/2) 0.69    70.327     1.000     0.000
  54  p   8f 5/2   ( 7f  5/2) 0.63    98.534     1.000     0.000
  55  h   1g 7/2   ( 1g  7/2) 0.98     7.924     0.000     1.000
  56  p   2g 7/2   ( 2g  7/2) 0.98    15.600     1.000     0.000
  57  p   3g 7/2   ( 3g  7/2) 0.72    30.936     1.000     0.000
  58  p   4g 7/2   ( 3g  7/2) 0.62    35.755     1.000     0.000
  59  p   5g 7/2   ( 4g  7/2) 0.74    46.433     1.000     0.000
  60  p   6g 7/2   ( 5g  7/2) 0.66    59.691     1.000     0.000
  61  p   7g 7/2   ( 6g  7/2) 0.66    75.997     1.000     0.000
  63  p   1f 7/2   ( 2f  7/2) 0.95     5.021     1.000     0.000
  64  h   2f 7/2   ( 1f  7/2) 0.97    19.026     0.000     1.000
  65  p   3f 7/2   ( 3f  7/2) 0.95    24.850     1.000     0.000
  66  p   4f 7/2   ( 5f  7/2) 0.56    32.275     1.000     0.000
  67  p   5f 7/2   ( 4f  7/2) 0.73    41.857     1.000     0.000
  68  p   6f 7/2   ( 5f  7/2) 0.71    54.060     1.000     0.000
  69  p   7f 7/2   ( 6f  7/2) 0.68    69.461     1.000     0.000
  70  p   8f 7/2   ( 7f  7/2) 0.63    97.708     1.000     0.000
  71  h   1g 9/2   ( 1g  9/2) 0.98    11.237     0.000     1.000
  72  p   2g 9/2   ( 2g  9/2) 0.97    13.505     1.000     0.000
  73  p   3g 9/2   ( 3g  9/2) 0.79    30.416     1.000     0.000
  74  p   4g 9/2   ( 3g  9/2) 0.54    35.003     1.000     0.000
  75  p   5g 9/2   ( 4g  9/2) 0.75    45.774     1.000     0.000
  76  p   6g 9/2   ( 5g  9/2) 0.67    58.867     1.000     0.000
  77  p   7g 9/2   ( 6g  9/2) 0.66    74.846     1.000     0.000
  79  p   1h 9/2   ( 1h  9/2) 0.98     1.529     1.000     0.000
  80  p   2h 9/2   ( 2h  9/2) 0.98    23.880     1.000     0.000
  81  p   3h 9/2   ( 3h  9/2) 0.60    34.000     1.000     0.000
  82  p   4h 9/2   ( 3h  9/2) 0.74    42.226     1.000     0.000
  83  p   5h 9/2   ( 4h  9/2) 0.74    54.291     1.000     0.000
  84  p   6h 9/2   ( 5h  9/2) 0.71    69.569     1.000     0.000
  85  p   7h 9/2   ( 7h  9/2) 0.64    96.702     1.000     0.000
  86  p   1i11/2   ( 1i 11/2) 0.98    11.130     1.000     0.000
  87  p   2i11/2   ( 2i 11/2) 0.94    31.264     1.000     0.000
  88  p   3i11/2   ( 4i 11/2) 0.52    36.215     1.000     0.000
  89  p   4i11/2   ( 3i 11/2) 0.78    46.384     1.000     0.000
  90  p   5i11/2   ( 4i 11/2) 0.72    59.136     1.000     0.000
  91  p   6i11/2   ( 5i 11/2) 0.70    74.966     1.000     0.000
  93  h   1h11/2   ( 1h 11/2) 0.98     3.043     0.000     1.000
  94  p   2h11/2   ( 2h 11/2) 0.98    21.664     1.000     0.000
  95  p   3h11/2   ( 3h 11/2) 0.64    33.633     1.000     0.000
  96  p   4h11/2   ( 3h 11/2) 0.71    41.287     1.000     0.000
  97  p   5h11/2   ( 4h 11/2) 0.74    53.258     1.000     0.000
  98  p   6h11/2   ( 5h 11/2) 0.71    68.073     1.000     0.000
  99  p   7h11/2   ( 7h 11/2) 0.64    95.548     1.000     0.000
 100  p   1i13/2   ( 1i 13/2) 0.98     5.380     1.000     0.000
 101  p   2i13/2   ( 2i 13/2) 0.97    29.195     1.000     0.000
 102  p   3i13/2   ( 4i 13/2) 0.54    35.698     1.000     0.000
 103  p   4i13/2   ( 3i 13/2) 0.77    45.416     1.000     0.000
 104  p   5i13/2   ( 4i 13/2) 0.73    57.901     1.000     0.000
 105  p   6i13/2   ( 5i 13/2) 0.70    73.154     1.000     0.000
 107  p   1j13/2   ( 1j 13/2) 0.98    20.554     1.000     0.000
 108  p   2j13/2   ( 2j 13/2) 0.74    36.423     1.000     0.000
 109  p   3j13/2   ( 2j 13/2) 0.63    41.848     1.000     0.000
 110  p   4j13/2   ( 3j 13/2) 0.76    53.907     1.000     0.000
 111  p   5j13/2   ( 4j 13/2) 0.73    68.495     1.000     0.000
 112  p   6j13/2   ( 6j 13/2) 0.67    94.106     1.000     0.000
 113  p   1k15/2   ( 1k 15/2) 0.98    29.516     1.000     0.000
 114  p   2k15/2   ( 2k 15/2) 0.53    39.115     1.000     0.000
 115  p   3k15/2   ( 2k 15/2) 0.80    46.992     1.000     0.000
 116  p   4k15/2   ( 3k 15/2) 0.77    58.530     1.000     0.000
 117  p   5k15/2   ( 4k 15/2) 0.73    73.804     1.000     0.000
 118  p   6k15/2   ( 6k 15/2) 0.65    99.799     1.000     0.000
 119  p   1j15/2   ( 1j 15/2) 0.98    13.909     1.000     0.000
 120  p   2j15/2   ( 2j 15/2) 0.87    35.190     1.000     0.000
 121  p   3j15/2   ( 3j 15/2) 0.53    40.242     1.000     0.000
 122  p   4j15/2   ( 3j 15/2) 0.74    52.644     1.000     0.000
 123  p   5j15/2   ( 4j 15/2) 0.73    66.464     1.000     0.000
 124  p   6j15/2   ( 6j 15/2) 0.67    92.054     1.000     0.000
 125  p   1k17/2   ( 1k 17/2) 0.97    22.412     1.000     0.000
 126  p   2k17/2   ( 2k 17/2) 0.62    38.629     1.000     0.000
 127  p   3k17/2   ( 2k 17/2) 0.74    44.676     1.000     0.000
 128  p   4k17/2   ( 3k 17/2) 0.77    56.788     1.000     0.000
 129  p   5k17/2   ( 4k 17/2) 0.73    71.371     1.000     0.000
 130  p   6k17/2   ( 6k 17/2) 0.66    97.445     1.000     0.000
 131  p   1l17/2   ( 1l 17/2) 0.97    37.645     1.000     0.000
 132  p   2l17/2   ( 2l 17/2) 0.58    43.297     1.000     0.000
 133  p   3l17/2   ( 2l 17/2) 0.77    54.646     1.000     0.000
 134  p   4l17/2   ( 3l 17/2) 0.74    67.752     1.000     0.000
 135  p   5l17/2   ( 5l 17/2) 0.70    90.883     1.000     0.000
 136  p   1m19/2   ( 1m 19/2) 0.69    43.505     1.000     0.000
 137  p   2m19/2   ( 1m 19/2) 0.70    47.145     1.000     0.000
 138  p   3m19/2   ( 2m 19/2) 0.79    59.175     1.000     0.000
 139  p   4m19/2   ( 3m 19/2) 0.75    73.283     1.000     0.000
 140  p   5m19/2   ( 5m 19/2) 0.68    96.704     1.000     0.000
 141  p   1l19/2   ( 1l 19/2) 0.97    30.775     1.000     0.000
 142  p   2l19/2   ( 2l 19/2) 0.66    42.356     1.000     0.000
 143  p   3l19/2   ( 2l 19/2) 0.70    52.346     1.000     0.000
 144  p   4l19/2   ( 3l 19/2) 0.72    64.574     1.000     0.000
 145  p   5l19/2   ( 5l 19/2) 0.72    87.676     1.000     0.000
 146  p   1m21/2   ( 1m 21/2) 0.97    38.896     1.000     0.000
 147  p   2m21/2   ( 2m 21/2) 0.61    44.658     1.000     0.000
 148  p   3m21/2   ( 2m 21/2) 0.75    56.771     1.000     0.000
 149  p   4m21/2   ( 3m 21/2) 0.75    69.374     1.000     0.000
 150  p   5m21/2   ( 5m 21/2) 0.71    92.457     1.000     0.000
 151  p   1n21/2   ( 1n 21/2) 0.63    48.297     1.000     0.000
 152  p   2n21/2   ( 1n 21/2) 0.76    55.003     1.000     0.000
 153  p   3n21/2   ( 2n 21/2) 0.73    67.698     1.000     0.000
 154  p   4n21/2   ( 4n 21/2) 0.73    88.513     1.000     0.000
 155  p   1o23/2   ( 2o 23/2) 0.56    50.957     1.000     0.000
 156  p   2o23/2   ( 1o 23/2) 0.84    60.736     1.000     0.000
 157  p   3o23/2   ( 2o 23/2) 0.76    72.444     1.000     0.000
 158  p   4o23/2   ( 4o 23/2) 0.71    94.255     1.000     0.000
 159  p   1n23/2   ( 1n 23/2) 0.91    46.054     1.000     0.000
 160  p   2n23/2   ( 2n 23/2) 0.73    50.865     1.000     0.000
 161  p   3n23/2   ( 2n 23/2) 0.65    64.055     1.000     0.000
 162  p   4n23/2   ( 4n 23/2) 0.78    82.159     1.000     0.000
 163  p   1o25/2   ( 1o 25/2) 0.63    50.436     1.000     0.000
 164  p   2o25/2   ( 1o 25/2) 0.74    56.265     1.000     0.000
 165  p   3o25/2   ( 2o 25/2) 0.69    68.489     1.000     0.000
 166  p   4o25/2   ( 4o 25/2) 0.76    86.875     1.000     0.000
 167  p   1P25/2   ( 2P 25/2) 0.64    56.980     1.000     0.000
 168  p   2P25/2   ( 1P 25/2) 0.76    68.668     1.000     0.000
 169  p   3P25/2   ( 3P 25/2) 0.78    85.586     1.000     0.000
 170  p   1q27/2   ( 2q 27/2) 0.66    59.549     1.000     0.000
 171  p   2q27/2   ( 1q 27/2) 0.79    73.979     1.000     0.000
 172  p   3q27/2   ( 3q 27/2) 0.75    90.648     1.000     0.000
 173  p   1P27/2   ( 1P 27/2) 0.72    56.404     1.000     0.000
 174  p   2P27/2   ( 2P 27/2) 0.68    64.501     1.000     0.000
 175  p   3P27/2   ( 3P 27/2) 0.84    78.279     1.000     0.000
 176  p   1q29/2   ( 1q 29/2) 0.63    59.211     1.000     0.000
 177  p   2q29/2   ( 1q 29/2) 0.76    71.004     1.000     0.000
 178  p   3q29/2   ( 3q 29/2) 0.82    83.178     1.000     0.000
 179  p   1r29/2   ( 1r 29/2) 0.79    67.590     1.000     0.000
 180  p   2r29/2   ( 2r 29/2) 0.78    84.159     1.000     0.000
 181  p   1S31/2   ( 1S 31/2) 0.77    70.475     1.000     0.000
 182  p   2S31/2   ( 2S 31/2) 0.77    89.511     1.000     0.000
 183  p   1r31/2   ( 1r 31/2) 0.79    67.219     1.000     0.000
 184  p   2r31/2   ( 2r 31/2) 0.78    79.127     1.000     0.000
 185  p   1S33/2   ( 1S 33/2) 0.77    70.177     1.000     0.000
 186  p   2S33/2   ( 2S 33/2) 0.76    85.441     1.000     0.000
 187  p   1t33/2   ( 1t 33/2) 0.98    81.811     1.000     0.000
 188  p   1u35/2   ( 1u 35/2) 0.98    85.469     1.000     0.000
 189  p   1t35/2   ( 1t 35/2) 0.99    80.623     1.000     0.000
 190  p   1u37/2   ( 1u 37/2) 0.98    84.568     1.000     0.000
  ****** END RESU ***********************************
