
  ******************************************  
  *           Fortran 77 Code              *  
  *         Spherical H.O. basis            *  
  * Dirac-Hartree-Bogoliubov calculation   *  
  *        with density-dependent          *  
  * meson-exchange or point coupling force *  
  *          and separable pairing         *  
  * -------------------------------------- *  
  *      Niksic, Paar, Vretenar, Ring      *  
  *          18/ 4/2026/01:51:48           *
  *       Pb 266  N = 184  Z =  82
  ******************************************  
  ****** BEGIN READER *******************************
 Number of oscillator shells :    18   20
 Initialization inin,inink   :     1    1
 Nucleus: Pb 266   184  82
 Initial Gap Parameters      :     1.0000    1.0000
 Parameter set               :    DD-ME2    
  ****** END READER *********************************
  ****** BEGIN FORCES *******************************

 NEDF Parameters: DD-ME2    
 AMU   =  939.000
 msig  =  550.124  gsig =    10.5396  Gsig =   -14.2924
 mome  =  783.000  gome =    13.0189  Gome =    10.7647
 mdel  =    0.000  gdel =     0.0000  Gdel =    -0.0000
 mrho  =  763.000  grho =     3.6836  Grho =     0.9076
  
 Density dependence parameters:
           scasca    scavec    vecsca    vecvec
 a    =   1.388148  1.389291  0.000000  0.564700
 b    =   1.094300  0.923975  0.000000  0.000000
 c    =   1.705700  1.462000  0.000000  0.000000
 d    =   0.442067  0.477492  0.000000  0.000000
 dsat =   0.152000
  
 TMR pairing: Tian,Ma,Ring, PRB 676, 44 (2009)
 TMR pairing strength    gl =:  -728.00000 [MeV*fm^3]
 TMR pairing width        a =:     0.64420 [fm]
  ****** END FORCES *********************************
  ****** BEGIN PREP *********************************
  
 hom =                            6.375144
 hb0 =                           20.734000
 b0  =                            2.550419
 with Coulomb force
 With microscopic c.m. correction
  ****** END PREP ***********************************
  ****** BEGIN ITER *********************************
  1.It. si =    0.0000000  E/A =    0.0000 R =    0.0000  mix = 0.50
  11. L-Iteration: - -21.49653426   0.00000027 -21.49653436
  2.It. si =  112.5835428  E/A =   -6.6265 R =    6.3481  mix = 0.50
  3.It. si =   52.5636482  E/A =   -6.6604 R =    6.3360  mix = 0.50
  4.It. si =   14.7030741  E/A =   -6.6874 R =    6.3187  mix = 0.50
  5.It. si =   15.2765143  E/A =   -6.7077 R =    6.2929  mix = 0.50
  6.It. si =   10.3605841  E/A =   -6.7156 R =    6.2583  mix = 0.50
  7.It. si =    1.1369204  E/A =   -6.7165 R =    6.2388  mix = 0.50
  8.It. si =    1.7075378  E/A =   -6.7166 R =    6.2319  mix = 0.50
  9.It. si =    0.3076828  E/A =   -6.7166 R =    6.2337  mix = 0.50
 10.It. si =    0.6136920  E/A =   -6.7164 R =    6.2340  mix = 0.50
 11.It. si =    0.3807552  E/A =   -6.7164 R =    6.2332  mix = 0.50
 12.It. si =    0.1981141  E/A =   -6.7163 R =    6.2324  mix = 0.50
 13.It. si =    0.0845020  E/A =   -6.7163 R =    6.2315  mix = 0.50
 14.It. si =    0.0482213  E/A =   -6.7161 R =    6.2301  mix = 0.50
 15.It. si =    0.0611028  E/A =   -6.7161 R =    6.2302  mix = 0.50
 16.It. si =    0.0488814  E/A =   -6.7161 R =    6.2302  mix = 0.50
 17.It. si =    0.1502125  E/A =   -6.7161 R =    6.2302  mix = 0.50
 18.It. si =    0.0296082  E/A =   -6.7161 R =    6.2297  mix = 0.50
 19.It. si =    0.0099936  E/A =   -6.7161 R =    6.2297  mix = 0.50
 20.It. si =    0.0088881  E/A =   -6.7161 R =    6.2296  mix = 0.50
 21.It. si =    0.0066519  E/A =   -6.7160 R =    6.2295  mix = 0.50
 22.It. si =    0.0076556  E/A =   -6.7160 R =    6.2295  mix = 0.50
 23.It. si =    0.0064666  E/A =   -6.7160 R =    6.2294  mix = 0.50
 24.It. si =    0.0041873  E/A =   -6.7160 R =    6.2293  mix = 0.50
 25.It. si =    0.0036041  E/A =   -6.7160 R =    6.2293  mix = 0.50
 26.It. si =    0.0408768  E/A =   -6.7160 R =    6.2289  mix = 0.50
 27.It. si =    0.0300260  E/A =   -6.7160 R =    6.2290  mix = 0.50
 28.It. si =    0.0210862  E/A =   -6.7160 R =    6.2290  mix = 0.50
 29.It. si =    0.0512674  E/A =   -6.7160 R =    6.2290  mix = 0.50
 30.It. si =    0.0159382  E/A =   -6.7160 R =    6.2290  mix = 0.50
 31.It. si =    0.0058427  E/A =   -6.7160 R =    6.2290  mix = 0.50
 32.It. si =    0.0025466  E/A =   -6.7160 R =    6.2290  mix = 0.50
 33.It. si =    0.0012121  E/A =   -6.7160 R =    6.2290  mix = 0.50
 34.It. si =    0.0010012  E/A =   -6.7160 R =    6.2290  mix = 0.50
 35.It. si =    0.0015515  E/A =   -6.7160 R =    6.2290  mix = 0.50
 36.It. si =    0.0019871  E/A =   -6.7160 R =    6.2290  mix = 0.50
 37.It. si =    0.0009759  E/A =   -6.7160 R =    6.2290  mix = 0.50
 38.It. si =    0.0009689  E/A =   -6.7160 R =    6.2290  mix = 0.50
 39.It. si =    0.0009247  E/A =   -6.7160 R =    6.2290  mix = 0.50
 40.It. si =    0.0466202  E/A =   -6.7160 R =    6.2290  mix = 0.50
 41.It. si =    0.0465329  E/A =   -6.7160 R =    6.2290  mix = 0.50
 42.It. si =    0.0380282  E/A =   -6.7160 R =    6.2289  mix = 0.50
 43.It. si =    0.0014538  E/A =   -6.7160 R =    6.2289  mix = 0.50
 44.It. si =    0.0230434  E/A =   -6.7160 R =    6.2289  mix = 0.50
 45.It. si =    0.0011600  E/A =   -6.7160 R =    6.2289  mix = 0.50
 46.It. si =    0.0035109  E/A =   -6.7160 R =    6.2288  mix = 0.50
 47.It. si =    0.0025354  E/A =   -6.7160 R =    6.2288  mix = 0.50
 48.It. si =    0.0669776  E/A =   -6.7160 R =    6.2288  mix = 0.50
 49.It. si =    0.0305035  E/A =   -6.7160 R =    6.2288  mix = 0.50
 50.It. si =    0.0004295  E/A =   -6.7160 R =    6.2288  mix = 0.50
 51.It. si =    0.0001882  E/A =   -6.7160 R =    6.2288  mix = 0.50
 52.It. si =    0.0001975  E/A =   -6.7160 R =    6.2288  mix = 0.50
 53.It. si =    0.0010299  E/A =   -6.7160 R =    6.2288  mix = 0.50
 54.It. si =    0.0000725  E/A =   -6.7160 R =    6.2288  mix = 0.50
 55.It. si =    0.0000569  E/A =   -6.7160 R =    6.2288  mix = 0.50
 56.It. si =    0.0001473  E/A =   -6.7160 R =    6.2288  mix = 0.50
 57.It. si =    0.0000704  E/A =   -6.7160 R =    6.2288  mix = 0.50
 58.It. si =    0.0000553  E/A =   -6.7160 R =    6.2288  mix = 0.50
 59.It. si =    0.0000326  E/A =   -6.7160 R =    6.2288  mix = 0.50
 60.It. si =    0.0000235  E/A =   -6.7160 R =    6.2288  mix = 0.50
 61.It. si =    0.0000707  E/A =   -6.7160 R =    6.2288  mix = 0.50
 62.It. si =    0.0000570  E/A =   -6.7160 R =    6.2288  mix = 0.50
 63.It. si =    0.0000407  E/A =   -6.7160 R =    6.2288  mix = 0.50
 64.It. si =    0.0000256  E/A =   -6.7160 R =    6.2288  mix = 0.50
 65.It. si =    0.0000138  E/A =   -6.7160 R =    6.2288  mix = 0.50
 66.It. si =    0.0000055  E/A =   -6.7160 R =    6.2288  mix = 0.50
 67.It. si =    0.0000035  E/A =   -6.7160 R =    6.2288  mix = 0.50
 68.It. si =    0.0000015  E/A =   -6.7160 R =    6.2288  mix = 0.50
 69.It. si =    0.0000015  E/A =   -6.7160 R =    6.2288  mix = 0.50
 70.It. si =    0.0000010  E/A =   -6.7160 R =    6.2288  mix = 0.50
 ********************************************************************
 Pb 266: Iteration converged after  70 steps   si =      0.0000009840
 ********************************************************************
  ****** END ITER ***********************************
  ****** BEGIN CANON ********************************
 single-particle energies and gaps  in the canonical basis: Neutron:
 ------------------------------------------------------------------
    j pi     (nr,l,j)  smax       Ecan       vvcan       decan
 j = 1/2+  (   s 1/2)  0.93    -59.4711      1.0000     -0.0000
 j = 1/2+  (   s 1/2)  0.89    -42.8685      1.0000     -0.0000
 j = 1/2+  (   s 1/2)  0.96    -20.8264      1.0000     -0.0000
 j = 1/2+  (   s 1/2)  0.93     -2.8147      1.0000     -0.0000
 j = 1/2+  (   s 1/2)  0.51      3.7105      0.0000     -0.0000
 j = 1/2+  (   s 1/2)  0.71     11.4455      0.0000     -0.0000
 j = 1/2+  (   s 1/2)  0.61     22.7358      0.0000     -0.0000
 j = 1/2+  (   s 1/2)  0.55     36.9057      0.0000     -0.0000
 j = 1/2+  (   s 1/2)  0.62     54.9697      0.0000     -0.0000
 j = 1/2+  (   s 1/2)  0.64     84.3370      0.0000     -0.0000
 j = 1/2-  (   p 1/2)  0.95    -53.3207      1.0000     -0.0000
 j = 1/2-  (   p 1/2)  0.94    -32.1647      1.0000     -0.0000
 j = 1/2-  (   p 1/2)  0.97    -10.3346      1.0000     -0.0000
 j = 1/2-  (   p 1/2)  0.69      1.9705      0.0000     -0.0000
 j = 1/2-  (   p 1/2)  0.63      7.9228      0.0000     -0.0000
 j = 1/2-  (   p 1/2)  0.71     18.3678      0.0000     -0.0000
 j = 1/2-  (   p 1/2)  0.63     31.9937      0.0000     -0.0000
 j = 1/2-  (   p 1/2)  0.66     49.1117      0.0000     -0.0000
 j = 1/2-  (   p 1/2)  0.64     77.5691      0.0000     -0.0000
 j = 3/2+  (   d 3/2)  0.97    -45.7601      1.0000     -0.0000
 j = 3/2+  (   d 3/2)  0.97    -21.7591      1.0000     -0.0000
 j = 3/2+  (   d 3/2)  0.94     -2.4842      1.0000     -0.0000
 j = 3/2+  (   d 3/2)  0.51      4.2501      0.0000     -0.0000
 j = 3/2+  (   d 3/2)  0.72     11.8522      0.0000     -0.0000
 j = 3/2+  (   d 3/2)  0.62     22.9473      0.0000     -0.0000
 j = 3/2+  (   d 3/2)  0.55     37.2212      0.0000     -0.0000
 j = 3/2+  (   d 3/2)  0.62     55.2022      0.0000     -0.0000
 j = 3/2+  (   d 3/2)  0.64     84.5577      0.0000     -0.0000
 j = 3/2-  (   p 3/2)  0.94    -53.6846      1.0000     -0.0000
 j = 3/2-  (   p 3/2)  0.93    -32.9440      1.0000     -0.0000
 j = 3/2-  (   p 3/2)  0.97    -11.0980      1.0000     -0.0000
 j = 3/2-  (   p 3/2)  0.71      1.7838      0.0000     -0.0000
 j = 3/2-  (   p 3/2)  0.61      7.6113      0.0000     -0.0000
 j = 3/2-  (   p 3/2)  0.71     18.0595      0.0000     -0.0000
 j = 3/2-  (   p 3/2)  0.64     31.5364      0.0000     -0.0000
 j = 3/2-  (   p 3/2)  0.66     48.5539      0.0000     -0.0000
 j = 3/2-  (   p 3/2)  0.64     76.8395      0.0000     -0.0000
 j = 5/2+  (   d 5/2)  0.97    -46.6880      1.0000     -0.0000
 j = 5/2+  (   d 5/2)  0.96    -23.1204      1.0000     -0.0000
 j = 5/2+  (   d 5/2)  0.95     -3.3180      1.0000     -0.0000
 j = 5/2+  (   d 5/2)  0.52      4.0611      0.0000     -0.0000
 j = 5/2+  (   d 5/2)  0.72     11.4600      0.0000     -0.0000
 j = 5/2+  (   d 5/2)  0.63     22.5458      0.0000     -0.0000
 j = 5/2+  (   d 5/2)  0.56     36.6046      0.0000     -0.0000
 j = 5/2+  (   d 5/2)  0.62     54.4157      0.0000     -0.0000
 j = 5/2+  (   d 5/2)  0.64     83.6730      0.0000     -0.0000
 j = 5/2-  (   f 5/2)  0.98    -36.9788      1.0000     -0.0000
 j = 5/2-  (   f 5/2)  0.98    -11.8271      1.0000     -0.0000
 j = 5/2-  (   f 5/2)  0.77      2.6747      0.0000     -0.0000
 j = 5/2-  (   f 5/2)  0.57      8.1200      0.0000     -0.0000
 j = 5/2-  (   f 5/2)  0.73     18.2809      0.0000     -0.0000
 j = 5/2-  (   f 5/2)  0.66     31.7941      0.0000     -0.0000
 j = 5/2-  (   f 5/2)  0.67     48.7505      0.0000     -0.0000
 j = 5/2-  (   f 5/2)  0.64     76.7694      0.0000     -0.0000
 j = 7/2+  (   g 7/2)  0.98    -27.2933      1.0000     -0.0000
 j = 7/2+  (   g 7/2)  0.98     -3.0716      1.0000     -0.0000
 j = 7/2+  (   g 7/2)  0.53      5.3880      0.0000     -0.0000
 j = 7/2+  (   g 7/2)  0.73     12.1827      0.0000     -0.0000
 j = 7/2+  (   g 7/2)  0.67     22.7544      0.0000     -0.0000
 j = 7/2+  (   g 7/2)  0.60     36.8490      0.0000     -0.0000
 j = 7/2+  (   g 7/2)  0.65     54.5638      0.0000     -0.0000
 j = 7/2+  (   g 7/2)  0.64     83.1885      0.0000     -0.0000
 j = 7/2-  (   f 7/2)  0.98    -38.7573      1.0000     -0.0000
 j = 7/2-  (   f 7/2)  0.98    -13.7347      1.0000     -0.0000
 j = 7/2-  (   f 7/2)  0.82      2.1484      0.0000     -0.0000
 j = 7/2-  (   f 7/2)  0.51      7.5428      0.0000     -0.0000
 j = 7/2-  (   f 7/2)  0.73     17.7471      0.0000     -0.0000
 j = 7/2-  (   f 7/2)  0.67     31.0600      0.0000     -0.0000
 j = 7/2-  (   f 7/2)  0.67     47.7571      0.0000     -0.0000
 j = 7/2-  (   f 7/2)  0.64     75.9208      0.0000     -0.0000
 j = 9/2+  (   g 9/2)  0.98    -30.1732      1.0000     -0.0000
 j = 9/2+  (   g 9/2)  0.98     -5.2185      1.0000     -0.0000
 j = 9/2+  (   g 9/2)  0.58      5.0962      0.0000     -0.0000
 j = 9/2+  (   g 9/2)  0.72     11.4066      0.0000     -0.0000
 j = 9/2+  (   g 9/2)  0.69     21.9675      0.0000     -0.0000
 j = 9/2+  (   g 9/2)  0.61     35.8678      0.0000     -0.0000
 j = 9/2+  (   g 9/2)  0.64     53.2611      0.0000     -0.0000
 j = 9/2+  (   g 9/2)  0.64     82.2932      0.0000     -0.0000
 j = 9/2-  (   h 9/2)  0.98    -17.0477      1.0000     -0.0000
 j = 9/2-  (   h 9/2)  0.89      3.6923      0.0000     -0.0000
 j = 9/2-  (   h 9/2)  0.50      8.8175      0.0000     -0.0000
 j = 9/2-  (   h 9/2)  0.76     18.4140      0.0000     -0.0000
 j = 9/2-  (   h 9/2)  0.70     31.4922      0.0000     -0.0000
 j = 9/2-  (   h 9/2)  0.70     48.1483      0.0000     -0.0000
 j = 9/2-  (   h 9/2)  0.64     75.1110      0.0000     -0.0000
 j =11/2+  (   i11/2)  0.98     -6.6653      1.0000     -0.0000
 j =11/2+  (   i11/2)  0.63      7.5479      0.0000     -0.0000
 j =11/2+  (   i11/2)  0.71     12.7484      0.0000     -0.0000
 j =11/2+  (   i11/2)  0.74     22.6674      0.0000     -0.0000
 j =11/2+  (   i11/2)  0.65     36.4586      0.0000     -0.0000
 j =11/2+  (   i11/2)  0.67     53.7949      0.0000     -0.0000
 j =11/2+  (   i11/2)  0.65     81.5037      0.0000     -0.0000
 j =11/2-  (   h11/2)  0.98    -21.1980      1.0000     -0.0000
 j =11/2-  (   h11/2)  0.95      1.9552      0.0000     -0.0000
 j =11/2-  (   h11/2)  0.54      8.1199      0.0000     -0.0000
 j =11/2-  (   h11/2)  0.75     17.5054      0.0000     -0.0000
 j =11/2-  (   h11/2)  0.71     30.2539      0.0000     -0.0000
 j =11/2-  (   h11/2)  0.69     46.4272      0.0000     -0.0000
 j =11/2-  (   h11/2)  0.64     73.8645      0.0000     -0.0000
 j =13/2+  (   i13/2)  0.98    -12.0698      1.0000     -0.0000
 j =13/2+  (   i13/2)  0.76      6.8608      0.0000     -0.0000
 j =13/2+  (   i13/2)  0.60     11.3490      0.0000     -0.0000
 j =13/2+  (   i13/2)  0.75     21.4911      0.0000     -0.0000
 j =13/2+  (   i13/2)  0.67     35.0159      0.0000     -0.0000
 j =13/2+  (   i13/2)  0.67     51.7217      0.0000     -0.0000
 j =13/2+  (   i13/2)  0.64     79.8626      0.0000     -0.0000
 j =13/2-  (   j13/2)  0.98      3.2455      0.0000     -0.0000
 j =13/2-  (   j13/2)  0.56     10.8372      0.0000     -0.0000
 j =13/2-  (   j13/2)  0.76     18.7922      0.0000     -0.0000
 j =13/2-  (   j13/2)  0.75     31.0319      0.0000     -0.0000
 j =13/2-  (   j13/2)  0.72     47.3052      0.0000     -0.0000
 j =13/2-  (   j13/2)  0.65     73.1976      0.0000     -0.0000
 j =15/2+  (   k15/2)  0.79     11.0457      0.0000     -0.0000
 j =15/2+  (   k15/2)  0.58     14.0838      0.0000     -0.0000
 j =15/2+  (   k15/2)  0.79     23.2477      0.0000     -0.0000
 j =15/2+  (   k15/2)  0.71     35.9016      0.0000     -0.0000
 j =15/2+  (   k15/2)  0.70     52.7357      0.0000     -0.0000
 j =15/2+  (   k15/2)  0.65     79.2127      0.0000     -0.0000
 j =15/2-  (   j15/2)  0.98     -3.0523      1.0000     -0.0000
 j =15/2-  (   j15/2)  0.63     10.2926      0.0000     -0.0000
 j =15/2-  (   j15/2)  0.72     17.1471      0.0000     -0.0000
 j =15/2-  (   j15/2)  0.76     29.3058      0.0000     -0.0000
 j =15/2-  (   j15/2)  0.72     44.9000      0.0000     -0.0000
 j =15/2-  (   j15/2)  0.65     71.0511      0.0000     -0.0000
 j =17/2+  (   k17/2)  0.98      5.5350      0.0000     -0.0000
 j =17/2+  (   k17/2)  0.52     12.6631      0.0000     -0.0000
 j =17/2+  (   k17/2)  0.78     21.2988      0.0000     -0.0000
 j =17/2+  (   k17/2)  0.75     33.7608      0.0000     -0.0000
 j =17/2+  (   k17/2)  0.71     49.8212      0.0000     -0.0000
 j =17/2+  (   k17/2)  0.64     76.7565      0.0000     -0.0000
 j =17/2-  (   l17/2)  0.52     15.3586      0.0000     -0.0000
 j =17/2-  (   l17/2)  0.81     21.1396      0.0000     -0.0000
 j =17/2-  (   l17/2)  0.78     31.4821      0.0000     -0.0000
 j =17/2-  (   l17/2)  0.74     46.6530      0.0000     -0.0000
 j =17/2-  (   l17/2)  0.68     70.5329      0.0000     -0.0000
 j =19/2+  (   m19/2)  0.55     17.7764      0.0000     -0.0000
 j =19/2+  (   m19/2)  0.83     26.3706      0.0000     -0.0000
 j =19/2+  (   m19/2)  0.73     36.7799      0.0000     -0.0000
 j =19/2+  (   m19/2)  0.72     52.4546      0.0000     -0.0000
 j =19/2+  (   m19/2)  0.65     76.5354      0.0000     -0.0000
 j =19/2-  (   l19/2)  0.93     13.0635      0.0000     -0.0000
 j =19/2-  (   l19/2)  0.57     16.9081      0.0000     -0.0000
 j =19/2-  (   l19/2)  0.76     28.6748      0.0000     -0.0000
 j =19/2-  (   l19/2)  0.74     42.8540      0.0000     -0.0000
 j =19/2-  (   l19/2)  0.69     67.1597      0.0000     -0.0000
 j =21/2+  (   m21/2)  0.55     17.3688      0.0000     -0.0000
 j =21/2+  (   m21/2)  0.82     22.0267      0.0000     -0.0000
 j =21/2+  (   m21/2)  0.79     32.9357      0.0000     -0.0000
 j =21/2+  (   m21/2)  0.75     47.7471      0.0000     -0.0000
 j =21/2+  (   m21/2)  0.68     72.1273      0.0000     -0.0000
 j =21/2-  (   n21/2)  0.60     22.2176      0.0000     -0.0000
 j =21/2-  (   n21/2)  0.81     33.4543      0.0000     -0.0000
 j =21/2-  (   n21/2)  0.74     47.3665      0.0000     -0.0000
 j =21/2-  (   n21/2)  0.68     68.8292      0.0000     -0.0000
 j =23/2+  (   o23/2)  0.60     24.5919      0.0000     -0.0000
 j =23/2+  (   o23/2)  0.80     37.4814      0.0000     -0.0000
 j =23/2+  (   o23/2)  0.73     52.5153      0.0000     -0.0000
 j =23/2+  (   o23/2)  0.66     75.2171      0.0000     -0.0000
 j =23/2-  (   n23/2)  0.57     21.8003      0.0000     -0.0000
 j =23/2-  (   n23/2)  0.81     29.7947      0.0000     -0.0000
 j =23/2-  (   n23/2)  0.74     41.7127      0.0000     -0.0000
 j =23/2-  (   n23/2)  0.74     62.0381      0.0000     -0.0000
 j =25/2+  (   o25/2)  0.58     24.3825      0.0000     -0.0000
 j =25/2+  (   o25/2)  0.84     35.0664      0.0000     -0.0000
 j =25/2+  (   o25/2)  0.76     46.7779      0.0000     -0.0000
 j =25/2+  (   o25/2)  0.72     67.0531      0.0000     -0.0000
 j =25/2-  (   P25/2)  0.67     30.4511      0.0000     -0.0000
 j =25/2-  (   P25/2)  0.77     46.3839      0.0000     -0.0000
 j =25/2-  (   P25/2)  0.71     67.7177      0.0000     -0.0000
 j =27/2+  (   q27/2)  0.68     33.0205      0.0000     -0.0000
 j =27/2+  (   q27/2)  0.77     50.2517      0.0000     -0.0000
 j =27/2+  (   q27/2)  0.70     72.9695      0.0000     -0.0000
 j =27/2-  (   P27/2)  0.64     30.1542      0.0000     -0.0000
 j =27/2-  (   P27/2)  0.76     43.3586      0.0000     -0.0000
 j =27/2-  (   P27/2)  0.77     58.7253      0.0000     -0.0000
 j =29/2+  (   q29/2)  0.66     32.8096      0.0000     -0.0000
 j =29/2+  (   q29/2)  0.78     48.1661      0.0000     -0.0000
 j =29/2+  (   q29/2)  0.74     64.1985      0.0000     -0.0000
 j =29/2-  (   r29/2)  0.79     41.0841      0.0000     -0.0000
 j =29/2-  (   r29/2)  0.78     63.8584      0.0000     -0.0000
 j =31/2+  (   S31/2)  0.78     43.9312      0.0000     -0.0000
 j =31/2+  (   S31/2)  0.77     67.9834      0.0000     -0.0000
 j =31/2-  (   r31/2)  0.79     40.7322      0.0000     -0.0000
 j =31/2-  (   r31/2)  0.78     58.5978      0.0000     -0.0000
 j =33/2+  (   S33/2)  0.78     43.6636      0.0000     -0.0000
 j =33/2+  (   S33/2)  0.77     63.7103      0.0000     -0.0000
 j =33/2-  (   t33/2)  0.98     56.3565      0.0000     -0.0000
 j =35/2+  (   u35/2)  0.98     59.6216      0.0000     -0.0000
 j =35/2-  (   t35/2)  0.99     55.1352      0.0000     -0.0000
 j =37/2+  (   u37/2)  0.98     58.7071      0.0000     -0.0000
 single-particle energies and gaps  in the canonical basis: Proton: 
 ------------------------------------------------------------------
    j pi     (nr,l,j)  smax       Ecan       vvcan       decan
 j = 1/2+  (   s 1/2)  0.86    -54.8750      1.0000      0.2482
 j = 1/2+  (   s 1/2)  0.79    -39.0370      1.0000      0.2656
 j = 1/2+  (   s 1/2)  0.90    -18.5400      0.9896      0.2166
 j = 1/2+  (   s 1/2)  0.90      5.9846      0.0000      0.1750
 j = 1/2+  (   s 1/2)  0.69     10.7968      0.0000      0.0085
 j = 1/2+  (   s 1/2)  0.58     16.5118      0.0000      0.0202
 j = 1/2+  (   s 1/2)  0.73     28.3900      0.0000      0.0277
 j = 1/2+  (   s 1/2)  0.63     42.4376      0.0000      0.0329
 j = 1/2+  (   s 1/2)  0.63     59.3839      0.0000      0.0371
 j = 1/2+  (   s 1/2)  0.63     89.4361      0.0000      0.0401
 j = 1/2-  (   p 1/2)  0.96    -49.1914      1.0000      0.2209
 j = 1/2-  (   p 1/2)  0.93    -29.6005      0.9999      0.1990
 j = 1/2-  (   p 1/2)  0.94     -7.4792      0.0000      0.1364
 j = 1/2-  (   p 1/2)  0.63     12.0484      0.0000      0.0029
 j = 1/2-  (   p 1/2)  0.82     18.0509      0.0000      0.1040
 j = 1/2-  (   p 1/2)  0.54     21.0287      0.0000      0.0113
 j = 1/2-  (   p 1/2)  0.73     35.4840      0.0000      0.0187
 j = 1/2-  (   p 1/2)  0.69     53.1633      0.0000      0.0330
 j = 1/2-  (   p 1/2)  0.63     82.2570      0.0000      0.0401
 j = 3/2+  (   d 3/2)  0.96    -42.6355      1.0000      0.2170
 j = 3/2+  (   d 3/2)  0.95    -19.8029      0.9987      0.1647
 j = 3/2+  (   d 3/2)  0.92      2.5686      0.0000      0.0926
 j = 3/2+  (   d 3/2)  0.66     11.6853      0.0000      0.0069
 j = 3/2+  (   d 3/2)  0.63     17.5165      0.0000      0.0188
 j = 3/2+  (   d 3/2)  0.71     29.2179      0.0000      0.0253
 j = 3/2+  (   d 3/2)  0.61     42.7563      0.0000      0.0268
 j = 3/2+  (   d 3/2)  0.64     59.4977      0.0000      0.0291
 j = 3/2+  (   d 3/2)  0.63     89.4736      0.0000      0.0322
 j = 3/2-  (   p 3/2)  0.96    -49.6468      1.0000      0.2224
 j = 3/2-  (   p 3/2)  0.92    -30.4835      0.9999      0.1989
 j = 3/2-  (   p 3/2)  0.94     -8.2960      0.0001      0.1355
 j = 3/2-  (   p 3/2)  0.64     12.0102      0.0000      0.0030
 j = 3/2-  (   p 3/2)  0.83     17.1756      0.0000      0.1045
 j = 3/2-  (   p 3/2)  0.54     20.9230      0.0000      0.0116
 j = 3/2-  (   p 3/2)  0.73     35.2315      0.0000      0.0188
 j = 3/2-  (   p 3/2)  0.70     52.6658      0.0000      0.0325
 j = 3/2-  (   p 3/2)  0.63     81.5161      0.0000      0.0399
 j = 5/2+  (   d 5/2)  0.96    -43.7888      1.0000      0.2198
 j = 5/2+  (   d 5/2)  0.93    -21.2231      0.9995      0.1637
 j = 5/2+  (   d 5/2)  0.92      1.4536      0.0000      0.0923
 j = 5/2+  (   d 5/2)  0.68     11.5808      0.0000      0.0076
 j = 5/2+  (   d 5/2)  0.62     17.2237      0.0000      0.0190
 j = 5/2+  (   d 5/2)  0.72     28.8845      0.0000      0.0252
 j = 5/2+  (   d 5/2)  0.62     42.2288      0.0000      0.0261
 j = 5/2+  (   d 5/2)  0.64     58.7916      0.0000      0.0288
 j = 5/2+  (   d 5/2)  0.63     88.5617      0.0000      0.0322
 j = 5/2-  (   f 5/2)  0.97    -34.5406      1.0000      0.2068
 j = 5/2-  (   f 5/2)  0.96    -10.3211      0.0001      0.1384
 j = 5/2-  (   f 5/2)  0.87     13.0251      0.0000      0.0760
 j = 5/2-  (   f 5/2)  0.61     13.5320      0.0000      0.0024
 j = 5/2-  (   f 5/2)  0.61     22.7169      0.0000      0.0106
 j = 5/2-  (   f 5/2)  0.72     36.9242      0.0000      0.0182
 j = 5/2-  (   f 5/2)  0.67     52.9520      0.0000      0.0272
 j = 5/2-  (   f 5/2)  0.63     81.2780      0.0000      0.0266
 j = 7/2+  (   g 7/2)  0.98    -25.5436      0.9999      0.1912
 j = 7/2+  (   g 7/2)  0.94     -0.5213      0.0000      0.1140
 j = 7/2+  (   g 7/2)  0.74     12.9870      0.0000      0.0121
 j = 7/2+  (   g 7/2)  0.57     17.8804      0.0000      0.0206
 j = 7/2+  (   g 7/2)  0.75     29.0767      0.0000      0.0242
 j = 7/2+  (   g 7/2)  0.66     42.4090      0.0000      0.0226
 j = 7/2+  (   g 7/2)  0.66     58.7901      0.0000      0.0245
 j = 7/2+  (   g 7/2)  0.64     87.8548      0.0000      0.0216
 j = 7/2-  (   f 7/2)  0.96    -36.6896      1.0000      0.2111
 j = 7/2-  (   f 7/2)  0.95    -12.2517      0.0002      0.1350
 j = 7/2-  (   f 7/2)  0.88     11.5103      0.0000      0.0764
 j = 7/2-  (   f 7/2)  0.62     13.4544      0.0000      0.0026
 j = 7/2-  (   f 7/2)  0.62     22.4990      0.0000      0.0113
 j = 7/2-  (   f 7/2)  0.72     36.4127      0.0000      0.0183
 j = 7/2-  (   f 7/2)  0.67     52.1194      0.0000      0.0264
 j = 7/2-  (   f 7/2)  0.63     80.4941      0.0000      0.0267
 j = 9/2+  (   g 9/2)  0.98    -28.8716      0.9999      0.1952
 j = 9/2+  (   g 9/2)  0.94     -2.9176      0.0000      0.1112
 j = 9/2+  (   g 9/2)  0.80     12.5597      0.0000      0.0163
 j = 9/2+  (   g 9/2)  0.50     17.2558      0.0000      0.0195
 j = 9/2+  (   g 9/2)  0.75     28.4203      0.0000      0.0236
 j = 9/2+  (   g 9/2)  0.67     41.5953      0.0000      0.0215
 j = 9/2+  (   g 9/2)  0.66     57.6607      0.0000      0.0238
 j = 9/2+  (   g 9/2)  0.63     87.0336      0.0000      0.0216
 j = 9/2-  (   h 9/2)  0.98    -16.0208      0.0034      0.1727
 j = 9/2-  (   h 9/2)  0.89      9.5094      0.0000      0.0912
 j = 9/2-  (   h 9/2)  0.64     15.6340      0.0000      0.0040
 j = 9/2-  (   h 9/2)  0.62     23.3071      0.0000      0.0160
 j = 9/2-  (   h 9/2)  0.75     36.7043      0.0000      0.0207
 j = 9/2-  (   h 9/2)  0.71     52.3691      0.0000      0.0283
 j = 9/2-  (   h 9/2)  0.64     79.6228      0.0000      0.0245
 j =11/2+  (   i11/2)  0.96     -6.1013      0.0000      0.1538
 j =11/2+  (   i11/2)  0.93     13.9498      0.0000      0.0368
 j =11/2+  (   i11/2)  0.51     18.6613      0.0000      0.0139
 j =11/2+  (   i11/2)  0.78     29.0256      0.0000      0.0222
 j =11/2+  (   i11/2)  0.72     41.8465      0.0000      0.0226
 j =11/2+  (   i11/2)  0.70     57.8002      0.0000      0.0258
 j =11/2+  (   i11/2)  0.64     85.8467      0.0000      0.0241
 j =11/2-  (   h11/2)  0.98    -20.6341      0.9992      0.1755
 j =11/2-  (   h11/2)  0.90      6.7037      0.0000      0.0899
 j =11/2-  (   h11/2)  0.67     15.4096      0.0000      0.0050
 j =11/2-  (   h11/2)  0.60     22.6769      0.0000      0.0175
 j =11/2-  (   h11/2)  0.74     35.7850      0.0000      0.0202
 j =11/2-  (   h11/2)  0.70     50.8673      0.0000      0.0267
 j =11/2-  (   h11/2)  0.64     78.4736      0.0000      0.0246
 j =13/2+  (   i13/2)  0.97    -12.0894      0.0002      0.1549
 j =13/2+  (   i13/2)  0.84     16.5682      0.0000      0.0735
 j =13/2+  (   i13/2)  0.57     17.2128      0.0000      0.0014
 j =13/2+  (   i13/2)  0.61     25.5114      0.0000      0.0093
 j =13/2+  (   i13/2)  0.74     39.5561      0.0000      0.0138
 j =13/2+  (   i13/2)  0.70     55.9798      0.0000      0.0240
 j =13/2+  (   i13/2)  0.63     84.1553      0.0000      0.0239
 j =13/2-  (   j13/2)  0.93      4.0632      0.0000      0.1330
 j =13/2-  (   j13/2)  0.73     18.6887      0.0000      0.0096
 j =13/2-  (   j13/2)  0.59     24.1734      0.0000      0.0229
 j =13/2-  (   j13/2)  0.77     36.6437      0.0000      0.0207
 j =13/2-  (   j13/2)  0.73     51.1492      0.0000      0.0248
 j =13/2-  (   j13/2)  0.67     77.0069      0.0000      0.0278
 j =15/2+  (   k15/2)  0.88     14.5382      0.0000      0.1133
 j =15/2+  (   k15/2)  0.55     21.2114      0.0000      0.0018
 j =15/2+  (   k15/2)  0.70     28.3269      0.0000      0.0146
 j =15/2+  (   k15/2)  0.77     40.9286      0.0000      0.0171
 j =15/2+  (   k15/2)  0.73     56.6181      0.0000      0.0233
 j =15/2+  (   k15/2)  0.66     82.5154      0.0000      0.0240
 j =15/2-  (   j15/2)  0.94     -3.1167      0.0000      0.1341
 j =15/2-  (   j15/2)  0.85     17.6625      0.0000      0.0181
 j =15/2-  (   j15/2)  0.53     22.7084      0.0000      0.0200
 j =15/2-  (   j15/2)  0.75     35.3936      0.0000      0.0181
 j =15/2-  (   j15/2)  0.73     49.2355      0.0000      0.0228
 j =15/2-  (   j15/2)  0.67     74.9742      0.0000      0.0279
 j =17/2+  (   k17/2)  0.90      6.2689      0.0000      0.1144
 j =17/2+  (   k17/2)  0.62     20.8977      0.0000      0.0033
 j =17/2+  (   k17/2)  0.66     26.6153      0.0000      0.0180
 j =17/2+  (   k17/2)  0.77     39.3929      0.0000      0.0157
 j =17/2+  (   k17/2)  0.73     54.2118      0.0000      0.0203
 j =17/2+  (   k17/2)  0.66     80.3199      0.0000      0.0242
 j =17/2-  (   l17/2)  0.60     24.7552      0.0000      0.0015
 j =17/2-  (   l17/2)  0.82     25.0144      0.0000      0.0944
 j =17/2-  (   l17/2)  0.60     34.9480      0.0000      0.0084
 j =17/2-  (   l17/2)  0.72     49.3916      0.0000      0.0171
 j =17/2-  (   l17/2)  0.70     73.7478      0.0000      0.0266
 j =19/2+  (   m19/2)  0.65     26.1322      0.0000      0.0096
 j =19/2+  (   m19/2)  0.74     29.8756      0.0000      0.0371
 j =19/2+  (   m19/2)  0.79     41.9400      0.0000      0.0204
 j =19/2+  (   m19/2)  0.75     56.1493      0.0000      0.0259
 j =19/2+  (   m19/2)  0.68     79.6222      0.0000      0.0248
 j =19/2-  (   l19/2)  0.83     15.8475      0.0000      0.0955
 j =19/2-  (   l19/2)  0.64     24.3993      0.0000      0.0023
 j =19/2-  (   l19/2)  0.56     33.6705      0.0000      0.0105
 j =19/2-  (   l19/2)  0.70     46.8580      0.0000      0.0157
 j =19/2-  (   l19/2)  0.71     70.6142      0.0000      0.0258
 j =21/2+  (   m21/2)  0.97     21.6632      0.0000      0.0555
 j =21/2+  (   m21/2)  0.60     27.1192      0.0000      0.0060
 j =21/2+  (   m21/2)  0.76     39.5601      0.0000      0.0148
 j =21/2+  (   m21/2)  0.75     52.2018      0.0000      0.0194
 j =21/2+  (   m21/2)  0.71     75.4136      0.0000      0.0235
 j =21/2-  (   n21/2)  0.61     30.9068      0.0000      0.0041
 j =21/2-  (   n21/2)  0.77     37.8723      0.0000      0.0262
 j =21/2-  (   n21/2)  0.73     50.5478      0.0000      0.0228
 j =21/2-  (   n21/2)  0.72     71.4217      0.0000      0.0316
 j =23/2+  (   o23/2)  0.56     33.4765      0.0000      0.0009
 j =23/2+  (   o23/2)  0.85     43.6677      0.0000      0.0147
 j =23/2+  (   o23/2)  0.76     55.3097      0.0000      0.0194
 j =23/2+  (   o23/2)  0.70     77.2092      0.0000      0.0295
 j =23/2-  (   n23/2)  0.90     28.8166      0.0000      0.0250
 j =23/2-  (   n23/2)  0.73     33.4759      0.0000      0.0194
 j =23/2-  (   n23/2)  0.65     46.8900      0.0000      0.0150
 j =23/2-  (   n23/2)  0.78     65.0329      0.0000      0.0264
 j =25/2+  (   o25/2)  0.61     33.0125      0.0000      0.0031
 j =25/2+  (   o25/2)  0.76     39.0895      0.0000      0.0256
 j =25/2+  (   o25/2)  0.69     51.2973      0.0000      0.0131
 j =25/2+  (   o25/2)  0.76     69.7603      0.0000      0.0237
 j =25/2-  (   P25/2)  0.64     39.5879      0.0000      0.0009
 j =25/2-  (   P25/2)  0.77     51.6574      0.0000      0.0107
 j =25/2-  (   P25/2)  0.77     68.5218      0.0000      0.0276
 j =27/2+  (   q27/2)  0.66     42.1088      0.0000      0.0005
 j =27/2+  (   q27/2)  0.79     56.9702      0.0000      0.0052
 j =27/2+  (   q27/2)  0.75     73.6179      0.0000      0.0216
 j =27/2-  (   P27/2)  0.70     39.0517      0.0000      0.0027
 j =27/2-  (   P27/2)  0.67     47.4088      0.0000      0.0169
 j =27/2-  (   P27/2)  0.84     61.1159      0.0000      0.0201
 j =29/2+  (   q29/2)  0.62     41.7924      0.0000      0.0010
 j =29/2+  (   q29/2)  0.76     53.9920      0.0000      0.0092
 j =29/2+  (   q29/2)  0.81     66.0156      0.0000      0.0173
 j =29/2-  (   r29/2)  0.78     50.2888      0.0000      0.0003
 j =29/2-  (   r29/2)  0.78     67.1988      0.0000      0.0105
 j =31/2+  (   S31/2)  0.77     53.1319      0.0000      0.0002
 j =31/2+  (   S31/2)  0.76     72.5655      0.0000      0.0064
 j =31/2-  (   r31/2)  0.78     49.9427      0.0000      0.0003
 j =31/2-  (   r31/2)  0.78     62.1201      0.0000      0.0105
 j =33/2+  (   S33/2)  0.76     52.8538      0.0000      0.0003
 j =33/2+  (   S33/2)  0.76     68.4789      0.0000      0.0064
 j =33/2-  (   t33/2)  0.98     64.6843      0.0000      0.0012
 j =35/2+  (   u35/2)  0.98     68.3093      0.0000      0.0007
 j =35/2-  (   t35/2)  0.99     63.5236      0.0000      0.0012
 j =37/2+  (   u37/2)  0.98     67.4379      0.0000      0.0007
  ****** END CANON **********************************
  ****** BEGIN RESU *********************************
   ****** BEGIN EXPECT *******

                            neutron        proton         total
 particle number           184.000000      82.000000     266.000000
 trace scalar density      175.583955      79.166695     254.750650
 lambda                     -0.274628     -17.491956
 spk                        -0.000049       1.443022
 rms-Radius                  6.396745       5.834419       6.228811
 charge-Radius                              5.889010
 Particle Energ          -3585.538139   -2584.039289   -6169.577428
 Selfconsistency Test.                                    -0.000037

 Kinetic Energy           2627.967044     832.005417    3459.972461
 E-scsc                                               -39046.134574
 E-scve                                                32622.335392
 E-vesc                                                    0.000000
 E-veve                                                  403.821492
 E-rearrang.                                             862.858433
 Coulomb direct                                          773.773547
 Pairing Energy             -0.000000      -0.229819      -0.229819
 Sum without E-cm                                      -1786.461501
DE-cm <P**2>/2M            -13.845970      -4.479168     -18.325138
NE-cm <P**2>/2M             10.594747       2.845637      13.440384
 E-cm <P**2>/2M             -3.251222      -1.633531      -4.884753
 Total Energy                                          -1791.346254
 E/A                                                      -6.734384

  ****** END EXPECT *********************************


 quasi-particle properties Neutron:
 ------------------------------------------------------------------
     p/h    l j     [nr,l,j]  smax       Eqp       uu       vv
   1  h   1s 1/2   ( 4s  1/2) 0.93     2.540     0.000     1.000
   2  p   2s 1/2   ( 6s  1/2) 0.51     3.985     1.000     0.000
   3  p   3s 1/2   ( 5s  1/2) 0.71    11.720     1.000     0.000
   4  h   4s 1/2   ( 3s  1/2) 0.96    20.552     0.000     1.000
   5  p   5s 1/2   ( 6s  1/2) 0.61    23.010     1.000     0.000
   6  p   6s 1/2   ( 7s  1/2) 0.55    37.180     1.000     0.000
   7  h   7s 1/2   ( 2s  1/2) 0.89    42.594     0.000     1.000
   8  p   8s 1/2   ( 8s  1/2) 0.62    55.244     1.000     0.000
   9  h   9s 1/2   ( 1s  1/2) 0.93    59.196     0.000     1.000
  10  p  10s 1/2   ( 9s  1/2) 0.64    84.612     1.000     0.000
  11  p   1p 1/2   ( 4p  1/2) 0.69     2.245     1.000     0.000
  12  p   2p 1/2   ( 4p  1/2) 0.63     8.197     1.000     0.000
  13  h   3p 1/2   ( 3p  1/2) 0.97    10.060     0.000     1.000
  14  p   4p 1/2   ( 5p  1/2) 0.71    18.642     1.000     0.000
  15  h   5p 1/2   ( 2p  1/2) 0.94    31.890     0.000     1.000
  16  p   6p 1/2   ( 6p  1/2) 0.63    32.268     1.000     0.000
  17  p   7p 1/2   ( 7p  1/2) 0.66    49.386     1.000     0.000
  18  h   8p 1/2   ( 1p  1/2) 0.95    53.046     0.000     1.000
  19  p   9p 1/2   ( 8p  1/2) 0.64    77.844     1.000     0.000
  20  h   1d 3/2   ( 3d  3/2) 0.94     2.210     0.000     1.000
  21  p   2d 3/2   ( 5d  3/2) 0.51     4.525     1.000     0.000
  22  p   3d 3/2   ( 4d  3/2) 0.72    12.127     1.000     0.000
  23  h   4d 3/2   ( 2d  3/2) 0.97    21.484     0.000     1.000
  24  p   5d 3/2   ( 5d  3/2) 0.62    23.222     1.000     0.000
  25  p   6d 3/2   ( 6d  3/2) 0.55    37.496     1.000     0.000
  26  h   7d 3/2   ( 1d  3/2) 0.97    45.485     0.000     1.000
  27  p   8d 3/2   ( 7d  3/2) 0.62    55.477     1.000     0.000
  28  p   9d 3/2   ( 8d  3/2) 0.64    84.832     1.000     0.000
  29  p   1p 3/2   ( 4p  3/2) 0.71     2.058     1.000     0.000
  30  p   2p 3/2   ( 4p  3/2) 0.61     7.886     1.000     0.000
  31  h   3p 3/2   ( 3p  3/2) 0.97    10.823     0.000     1.000
  32  p   4p 3/2   ( 5p  3/2) 0.71    18.334     1.000     0.000
  33  p   5p 3/2   ( 6p  3/2) 0.64    31.811     1.000     0.000
  34  h   6p 3/2   ( 2p  3/2) 0.93    32.669     0.000     1.000
  35  p   7p 3/2   ( 7p  3/2) 0.66    48.829     1.000     0.000
  36  h   8p 3/2   ( 1p  3/2) 0.94    53.410     0.000     1.000
  37  p   9p 3/2   ( 8p  3/2) 0.64    77.114     1.000     0.000
  38  h   1d 5/2   ( 3d  5/2) 0.95     3.043     0.000     1.000
  39  p   2d 5/2   ( 5d  5/2) 0.52     4.336     1.000     0.000
  40  p   3d 5/2   ( 4d  5/2) 0.72    11.735     1.000     0.000
  41  p   4d 5/2   ( 5d  5/2) 0.63    22.820     1.000     0.000
  42  h   5d 5/2   ( 2d  5/2) 0.96    22.846     0.000     1.000
  43  p   6d 5/2   ( 6d  5/2) 0.56    36.879     1.000     0.000
  44  h   7d 5/2   ( 1d  5/2) 0.97    46.413     0.000     1.000
  45  p   8d 5/2   ( 7d  5/2) 0.62    54.690     1.000     0.000
  46  p   9d 5/2   ( 8d  5/2) 0.64    83.948     1.000     0.000
  47  p   1f 5/2   ( 3f  5/2) 0.77     2.949     1.000     0.000
  48  p   2f 5/2   ( 3f  5/2) 0.57     8.395     1.000     0.000
  49  h   3f 5/2   ( 2f  5/2) 0.98    11.552     0.000     1.000
  50  p   4f 5/2   ( 4f  5/2) 0.73    18.555     1.000     0.000
  51  p   5f 5/2   ( 5f  5/2) 0.66    32.069     1.000     0.000
  52  h   6f 5/2   ( 1f  5/2) 0.98    36.704     0.000     1.000
  53  p   7f 5/2   ( 6f  5/2) 0.67    49.025     1.000     0.000
  54  p   8f 5/2   ( 7f  5/2) 0.64    77.044     1.000     0.000
  55  h   1g 7/2   ( 2g  7/2) 0.98     2.797     0.000     1.000
  56  p   2g 7/2   ( 3g  7/2) 0.53     5.663     1.000     0.000
  57  p   3g 7/2   ( 3g  7/2) 0.73    12.457     1.000     0.000
  58  p   4g 7/2   ( 4g  7/2) 0.67    23.029     1.000     0.000
  59  h   5g 7/2   ( 1g  7/2) 0.98    27.019     0.000     1.000
  60  p   6g 7/2   ( 5g  7/2) 0.60    37.124     1.000     0.000
  61  p   7g 7/2   ( 6g  7/2) 0.65    54.838     1.000     0.000
  62  p   8g 7/2   ( 7g  7/2) 0.64    83.463     1.000     0.000
  63  p   1f 7/2   ( 3f  7/2) 0.82     2.423     1.000     0.000
  64  p   2f 7/2   ( 3f  7/2) 0.51     7.817     1.000     0.000
  65  h   3f 7/2   ( 2f  7/2) 0.98    13.460     0.000     1.000
  66  p   4f 7/2   ( 4f  7/2) 0.73    18.022     1.000     0.000
  67  p   5f 7/2   ( 5f  7/2) 0.67    31.335     1.000     0.000
  68  h   6f 7/2   ( 1f  7/2) 0.98    38.483     0.000     1.000
  69  p   7f 7/2   ( 6f  7/2) 0.67    48.032     1.000     0.000
  70  p   8f 7/2   ( 7f  7/2) 0.64    76.195     1.000     0.000
  71  h   1g 9/2   ( 2g  9/2) 0.98     4.944     0.000     1.000
  72  p   2g 9/2   ( 3g  9/2) 0.58     5.371     1.000     0.000
  73  p   3g 9/2   ( 3g  9/2) 0.72    11.681     1.000     0.000
  74  p   4g 9/2   ( 4g  9/2) 0.69    22.242     1.000     0.000
  75  h   5g 9/2   ( 1g  9/2) 0.98    29.899     0.000     1.000
  76  p   6g 9/2   ( 5g  9/2) 0.61    36.142     1.000     0.000
  77  p   7g 9/2   ( 6g  9/2) 0.64    53.536     1.000     0.000
  78  p   8g 9/2   ( 7g  9/2) 0.64    82.568     1.000     0.000
  79  p   1h 9/2   ( 2h  9/2) 0.89     3.967     1.000     0.000
  80  p   2h 9/2   ( 4h  9/2) 0.50     9.092     1.000     0.000
  81  h   3h 9/2   ( 1h  9/2) 0.98    16.773     0.000     1.000
  82  p   4h 9/2   ( 3h  9/2) 0.76    18.689     1.000     0.000
  83  p   5h 9/2   ( 4h  9/2) 0.70    31.767     1.000     0.000
  84  p   6h 9/2   ( 5h  9/2) 0.70    48.423     1.000     0.000
  85  p   7h 9/2   ( 6h  9/2) 0.64    75.386     1.000     0.000
  86  h   1i11/2   ( 1i 11/2) 0.98     6.391     0.000     1.000
  87  p   2i11/2   ( 2i 11/2) 0.63     7.823     1.000     0.000
  88  p   3i11/2   ( 2i 11/2) 0.71    13.023     1.000     0.000
  89  p   4i11/2   ( 3i 11/2) 0.74    22.942     1.000     0.000
  90  p   5i11/2   ( 4i 11/2) 0.65    36.733     1.000     0.000
  91  p   6i11/2   ( 5i 11/2) 0.67    54.069     1.000     0.000
  92  p   7i11/2   ( 6i 11/2) 0.65    81.778     1.000     0.000
  93  p   1h11/2   ( 2h 11/2) 0.95     2.230     1.000     0.000
  94  p   2h11/2   ( 4h 11/2) 0.54     8.394     1.000     0.000
  95  p   3h11/2   ( 3h 11/2) 0.75    17.780     1.000     0.000
  96  h   4h11/2   ( 1h 11/2) 0.98    20.923     0.000     1.000
  97  p   5h11/2   ( 4h 11/2) 0.71    30.529     1.000     0.000
  98  p   6h11/2   ( 5h 11/2) 0.69    46.702     1.000     0.000
  99  p   7h11/2   ( 6h 11/2) 0.64    74.139     1.000     0.000
 100  p   1i13/2   ( 2i 13/2) 0.76     7.135     1.000     0.000
 101  p   2i13/2   ( 2i 13/2) 0.60    11.624     1.000     0.000
 102  h   3i13/2   ( 1i 13/2) 0.98    11.795     0.000     1.000
 103  p   4i13/2   ( 3i 13/2) 0.75    21.766     1.000     0.000
 104  p   5i13/2   ( 4i 13/2) 0.67    35.291     1.000     0.000
 105  p   6i13/2   ( 5i 13/2) 0.67    51.996     1.000     0.000
 106  p   7i13/2   ( 6i 13/2) 0.64    80.137     1.000     0.000
 107  p   1j13/2   ( 1j 13/2) 0.98     3.520     1.000     0.000
 108  p   2j13/2   ( 2j 13/2) 0.56    11.112     1.000     0.000
 109  p   3j13/2   ( 2j 13/2) 0.76    19.067     1.000     0.000
 110  p   4j13/2   ( 3j 13/2) 0.75    31.307     1.000     0.000
 111  p   5j13/2   ( 4j 13/2) 0.72    47.580     1.000     0.000
 112  p   6j13/2   ( 6j 13/2) 0.65    73.472     1.000     0.000
 113  p   1k15/2   ( 1k 15/2) 0.79    11.320     1.000     0.000
 114  p   2k15/2   ( 1k 15/2) 0.58    14.358     1.000     0.000
 115  p   3k15/2   ( 2k 15/2) 0.79    23.522     1.000     0.000
 116  p   4k15/2   ( 3k 15/2) 0.71    36.176     1.000     0.000
 117  p   5k15/2   ( 4k 15/2) 0.70    53.010     1.000     0.000
 118  p   6k15/2   ( 5k 15/2) 0.65    79.487     1.000     0.000
 119  h   1j15/2   ( 1j 15/2) 0.98     2.778     0.000     1.000
 120  p   2j15/2   ( 2j 15/2) 0.63    10.567     1.000     0.000
 121  p   3j15/2   ( 2j 15/2) 0.72    17.422     1.000     0.000
 122  p   4j15/2   ( 3j 15/2) 0.76    29.580     1.000     0.000
 123  p   5j15/2   ( 4j 15/2) 0.72    45.175     1.000     0.000
 124  p   6j15/2   ( 6j 15/2) 0.65    71.326     1.000     0.000
 125  p   1k17/2   ( 1k 17/2) 0.98     5.810     1.000     0.000
 126  p   2k17/2   ( 2k 17/2) 0.52    12.938     1.000     0.000
 127  p   3k17/2   ( 2k 17/2) 0.78    21.573     1.000     0.000
 128  p   4k17/2   ( 3k 17/2) 0.75    34.035     1.000     0.000
 129  p   5k17/2   ( 4k 17/2) 0.71    50.096     1.000     0.000
 130  p   6k17/2   ( 5k 17/2) 0.64    77.031     1.000     0.000
 131  p   1l17/2   ( 1l 17/2) 0.52    15.633     1.000     0.000
 132  p   2l17/2   ( 1l 17/2) 0.81    21.414     1.000     0.000
 133  p   3l17/2   ( 2l 17/2) 0.78    31.757     1.000     0.000
 134  p   4l17/2   ( 3l 17/2) 0.74    46.928     1.000     0.000
 135  p   5l17/2   ( 5l 17/2) 0.68    70.807     1.000     0.000
 136  p   1m19/2   ( 3m 19/2) 0.55    18.051     1.000     0.000
 137  p   2m19/2   ( 1m 19/2) 0.83    26.645     1.000     0.000
 138  p   3m19/2   ( 2m 19/2) 0.73    37.055     1.000     0.000
 139  p   4m19/2   ( 3m 19/2) 0.72    52.729     1.000     0.000
 140  p   5m19/2   ( 5m 19/2) 0.65    76.810     1.000     0.000
 141  p   1l19/2   ( 1l 19/2) 0.93    13.338     1.000     0.000
 142  p   2l19/2   ( 2l 19/2) 0.57    17.183     1.000     0.000
 143  p   3l19/2   ( 2l 19/2) 0.76    28.949     1.000     0.000
 144  p   4l19/2   ( 3l 19/2) 0.74    43.129     1.000     0.000
 145  p   5l19/2   ( 5l 19/2) 0.69    67.434     1.000     0.000
 146  p   1m21/2   ( 1m 21/2) 0.55    17.643     1.000     0.000
 147  p   2m21/2   ( 1m 21/2) 0.82    22.301     1.000     0.000
 148  p   3m21/2   ( 2m 21/2) 0.79    33.210     1.000     0.000
 149  p   4m21/2   ( 3m 21/2) 0.75    48.022     1.000     0.000
 150  p   5m21/2   ( 5m 21/2) 0.68    72.402     1.000     0.000
 151  p   1n21/2   ( 2n 21/2) 0.60    22.492     1.000     0.000
 152  p   2n21/2   ( 1n 21/2) 0.81    33.729     1.000     0.000
 153  p   3n21/2   ( 2n 21/2) 0.74    47.641     1.000     0.000
 154  p   4n21/2   ( 4n 21/2) 0.68    69.104     1.000     0.000
 155  p   1o23/2   ( 2o 23/2) 0.60    24.866     1.000     0.000
 156  p   2o23/2   ( 1o 23/2) 0.80    37.756     1.000     0.000
 157  p   3o23/2   ( 2o 23/2) 0.73    52.790     1.000     0.000
 158  p   4o23/2   ( 4o 23/2) 0.66    75.492     1.000     0.000
 159  p   1n23/2   ( 1n 23/2) 0.57    22.075     1.000     0.000
 160  p   2n23/2   ( 1n 23/2) 0.81    30.069     1.000     0.000
 161  p   3n23/2   ( 2n 23/2) 0.74    41.987     1.000     0.000
 162  p   4n23/2   ( 4n 23/2) 0.74    62.313     1.000     0.000
 163  p   1o25/2   ( 2o 25/2) 0.58    24.657     1.000     0.000
 164  p   2o25/2   ( 1o 25/2) 0.84    35.341     1.000     0.000
 165  p   3o25/2   ( 2o 25/2) 0.76    47.053     1.000     0.000
 166  p   4o25/2   ( 4o 25/2) 0.72    67.328     1.000     0.000
 167  p   1P25/2   ( 2P 25/2) 0.67    30.726     1.000     0.000
 168  p   2P25/2   ( 1P 25/2) 0.77    46.659     1.000     0.000
 169  p   3P25/2   ( 3P 25/2) 0.71    67.992     1.000     0.000
 170  p   1q27/2   ( 2q 27/2) 0.68    33.295     1.000     0.000
 171  p   2q27/2   ( 1q 27/2) 0.77    50.526     1.000     0.000
 172  p   3q27/2   ( 3q 27/2) 0.70    73.244     1.000     0.000
 173  p   1P27/2   ( 2P 27/2) 0.64    30.429     1.000     0.000
 174  p   2P27/2   ( 1P 27/2) 0.76    43.633     1.000     0.000
 175  p   3P27/2   ( 3P 27/2) 0.77    59.000     1.000     0.000
 176  p   1q29/2   ( 2q 29/2) 0.66    33.084     1.000     0.000
 177  p   2q29/2   ( 1q 29/2) 0.78    48.441     1.000     0.000
 178  p   3q29/2   ( 3q 29/2) 0.74    64.473     1.000     0.000
 179  p   1r29/2   ( 1r 29/2) 0.79    41.359     1.000     0.000
 180  p   2r29/2   ( 2r 29/2) 0.78    64.133     1.000     0.000
 181  p   1S31/2   ( 1S 31/2) 0.78    44.206     1.000     0.000
 182  p   2S31/2   ( 2S 31/2) 0.77    68.258     1.000     0.000
 183  p   1r31/2   ( 1r 31/2) 0.79    41.007     1.000     0.000
 184  p   2r31/2   ( 2r 31/2) 0.78    58.872     1.000     0.000
 185  p   1S33/2   ( 1S 33/2) 0.78    43.938     1.000     0.000
 186  p   2S33/2   ( 2S 33/2) 0.77    63.985     1.000     0.000
 187  p   1t33/2   ( 1t 33/2) 0.98    56.631     1.000     0.000
 188  p   1u35/2   ( 1u 35/2) 0.98    59.896     1.000     0.000
 189  p   1t35/2   ( 1t 35/2) 0.99    55.410     1.000     0.000
 190  p   1u37/2   ( 1u 37/2) 0.98    58.982     1.000     0.000


 quasi-particle properties Proton: 
 ------------------------------------------------------------------
     p/h    l j     [nr,l,j]  smax       Eqp       uu       vv
   1  h   1s 1/2   ( 3s  1/2) 0.90     1.057     0.010     0.990
   2  p   2s 1/2   ( 4s  1/2) 0.94    18.747     1.000     0.000
   3  h   3s 1/2   ( 2s  1/2) 0.82    21.526     0.000     1.000
   4  p   4s 1/2   ( 5s  1/2) 0.55    29.280     1.000     0.000
   5  p   5s 1/2   ( 5s  1/2) 0.71    35.734     1.000     0.000
   6  h   6s 1/2   ( 1s  1/2) 0.88    37.418     0.000     1.000
   7  p   7s 1/2   ( 6s  1/2) 0.68    46.789     1.000     0.000
   8  p   8s 1/2   ( 7s  1/2) 0.60    60.291     1.000     0.000
   9  p   9s 1/2   ( 8s  1/2) 0.62    77.125     1.000     0.000
  11  p   1p 1/2   ( 3p  1/2) 0.94     9.161     1.000     0.000
  12  h   2p 1/2   ( 2p  1/2) 0.89    11.756     0.000     1.000
  13  p   3p 1/2   ( 4p  1/2) 0.87    26.510     1.000     0.000
  14  p   4p 1/2   ( 6p  1/2) 0.54    32.021     0.942     0.058
  15  h   5p 1/2   ( 1p  1/2) 0.90    32.057     0.058     0.942
  16  p   6p 1/2   ( 5p  1/2) 0.73    42.557     1.000     0.000
  17  p   7p 1/2   ( 6p  1/2) 0.68    55.251     1.000     0.000
  18  p   8p 1/2   ( 7p  1/2) 0.66    71.202     1.000     0.000
  20  h   1d 3/2   ( 2d  3/2) 0.94     2.290     0.001     0.999
  21  p   2d 3/2   ( 3d  3/2) 0.96    18.211     1.000     0.000
  22  h   3d 3/2   ( 1d  3/2) 0.96    25.171     0.000     1.000
  23  p   4d 3/2   ( 4d  3/2) 0.58    29.851     1.000     0.000
  24  p   5d 3/2   ( 4d  3/2) 0.71    35.886     1.000     0.000
  25  p   6d 3/2   ( 5d  3/2) 0.70    46.784     1.000     0.000
  26  p   7d 3/2   ( 6d  3/2) 0.62    60.324     1.000     0.000
  27  p   8d 3/2   ( 7d  3/2) 0.64    77.073     1.000     0.000
  29  p   1p 3/2   ( 3p  3/2) 0.94     8.444     1.000     0.000
  30  h   2p 3/2   ( 2p  3/2) 0.87    12.589     0.000     1.000
  31  p   3p 3/2   ( 4p  3/2) 0.89    26.135     1.000     0.000
  32  p   4p 3/2   ( 6p  3/2) 0.56    31.803     1.000     0.000
  33  h   5p 3/2   ( 1p  3/2) 0.91    32.560     0.000     1.000
  34  p   6p 3/2   ( 5p  3/2) 0.73    42.284     1.000     0.000
  35  p   7p 3/2   ( 6p  3/2) 0.68    54.835     1.000     0.000
  36  p   8p 3/2   ( 7p  3/2) 0.67    70.673     1.000     0.000
  37  p   9p 3/2   ( 8p  3/2) 0.63    99.676     1.000     0.000
  38  h   1d 5/2   ( 2d  5/2) 0.92     3.676     0.000     1.000
  39  p   2d 5/2   ( 3d  5/2) 0.95    17.301     1.000     0.000
  40  h   3d 5/2   ( 1d  5/2) 0.94    26.357     0.000     1.000
  41  p   4d 5/2   ( 4d  5/2) 0.60    29.712     1.000     0.000
  42  p   5d 5/2   ( 4d  5/2) 0.70    35.471     1.000     0.000
  43  p   6d 5/2   ( 5d  5/2) 0.71    46.429     1.000     0.000
  44  p   7d 5/2   ( 6d  5/2) 0.63    59.795     1.000     0.000
  45  p   8d 5/2   ( 7d  5/2) 0.64    76.351     1.000     0.000
  47  p   1f 5/2   ( 2f  5/2) 0.97     6.963     1.000     0.000
  48  h   2f 5/2   ( 1f  5/2) 0.97    17.050     0.000     1.000
  49  p   3f 5/2   ( 3f  5/2) 0.94    26.116     1.000     0.000
  50  p   4f 5/2   ( 5f  5/2) 0.55    32.509     1.000     0.000
  51  p   5f 5/2   ( 4f  5/2) 0.75    42.490     1.000     0.000
  52  p   6f 5/2   ( 5f  5/2) 0.71    54.934     1.000     0.000
  53  p   7f 5/2   ( 6f  5/2) 0.69    70.665     1.000     0.000
  54  p   8f 5/2   ( 7f  5/2) 0.63    99.004     1.000     0.000
  55  h   1g 7/2   ( 1g  7/2) 0.98     8.054     0.000     1.000
  56  p   2g 7/2   ( 2g  7/2) 0.98    15.811     1.000     0.000
  57  p   3g 7/2   ( 3g  7/2) 0.69    31.024     1.000     0.000
  58  p   4g 7/2   ( 3g  7/2) 0.66    35.846     1.000     0.000
  59  p   5g 7/2   ( 4g  7/2) 0.74    46.591     1.000     0.000
  60  p   6g 7/2   ( 5g  7/2) 0.66    59.977     1.000     0.000
  61  p   7g 7/2   ( 6g  7/2) 0.66    76.359     1.000     0.000
  63  p   1f 7/2   ( 2f  7/2) 0.95     5.118     1.000     0.000
  64  h   2f 7/2   ( 1f  7/2) 0.96    19.199     0.000     1.000
  65  p   3f 7/2   ( 3f  7/2) 0.95    25.129     1.000     0.000
  66  p   4f 7/2   ( 5f  7/2) 0.56    32.225     1.000     0.000
  67  p   5f 7/2   ( 4f  7/2) 0.74    42.031     1.000     0.000
  68  p   6f 7/2   ( 5f  7/2) 0.71    54.309     1.000     0.000
  69  p   7f 7/2   ( 6f  7/2) 0.68    69.795     1.000     0.000
  70  p   8f 7/2   ( 7f  7/2) 0.63    98.191     1.000     0.000
  71  h   1g 9/2   ( 1g  9/2) 0.98    11.381     0.000     1.000
  72  p   2g 9/2   ( 2g  9/2) 0.97    13.688     1.000     0.000
  73  p   3g 9/2   ( 3g  9/2) 0.77    30.559     1.000     0.000
  74  p   4g 9/2   ( 3g  9/2) 0.57    35.043     1.000     0.000
  75  p   5g 9/2   ( 4g  9/2) 0.75    45.923     1.000     0.000
  76  p   6g 9/2   ( 5g  9/2) 0.67    59.141     1.000     0.000
  77  p   7g 9/2   ( 6g  9/2) 0.66    75.195     1.000     0.000
  79  p   1h 9/2   ( 1h  9/2) 0.98     1.477     0.997     0.003
  80  p   2h 9/2   ( 2h  9/2) 0.98    24.155     1.000     0.000
  81  p   3h 9/2   ( 3h  9/2) 0.58    33.984     1.000     0.000
  82  p   4h 9/2   ( 3h  9/2) 0.75    42.424     1.000     0.000
  83  p   5h 9/2   ( 4h  9/2) 0.74    54.541     1.000     0.000
  84  p   6h 9/2   ( 5h  9/2) 0.71    69.912     1.000     0.000
  85  p   7h 9/2   ( 7h  9/2) 0.64    97.181     1.000     0.000
  86  p   1i11/2   ( 1i 11/2) 0.98    11.158     1.000     0.000
  87  p   2i11/2   ( 2i 11/2) 0.94    31.538     1.000     0.000
  88  p   3i11/2   ( 4i 11/2) 0.51    36.157     1.000     0.000
  89  p   4i11/2   ( 3i 11/2) 0.78    46.551     1.000     0.000
  90  p   5i11/2   ( 4i 11/2) 0.72    59.417     1.000     0.000
  91  p   6i11/2   ( 5i 11/2) 0.70    75.323     1.000     0.000
  93  h   1h11/2   ( 1h 11/2) 0.98     3.147     0.001     0.999
  94  p   2h11/2   ( 2h 11/2) 0.98    21.925     1.000     0.000
  95  p   3h11/2   ( 3h 11/2) 0.62    33.644     1.000     0.000
  96  p   4h11/2   ( 3h 11/2) 0.73    41.481     1.000     0.000
  97  p   5h11/2   ( 4h 11/2) 0.74    53.489     1.000     0.000
  98  p   6h11/2   ( 5h 11/2) 0.71    68.397     1.000     0.000
  99  p   7h11/2   ( 7h 11/2) 0.64    96.005     1.000     0.000
 100  p   1i13/2   ( 1i 13/2) 0.98     5.339     1.000     0.000
 101  p   2i13/2   ( 2i 13/2) 0.97    29.505     1.000     0.000
 102  p   3i13/2   ( 4i 13/2) 0.53    35.625     1.000     0.000
 103  p   4i13/2   ( 3i 13/2) 0.78    45.601     1.000     0.000
 104  p   5i13/2   ( 4i 13/2) 0.73    58.168     1.000     0.000
 105  p   6i13/2   ( 5i 13/2) 0.70    73.495     1.000     0.000
 107  p   1j13/2   ( 1j 13/2) 0.98    20.687     1.000     0.000
 108  p   2j13/2   ( 2j 13/2) 0.72    36.531     1.000     0.000
 109  p   3j13/2   ( 2j 13/2) 0.66    41.993     1.000     0.000
 110  p   4j13/2   ( 3j 13/2) 0.77    54.136     1.000     0.000
 111  p   5j13/2   ( 4j 13/2) 0.74    68.823     1.000     0.000
 112  p   6j13/2   ( 6j 13/2) 0.67    94.564     1.000     0.000
 113  p   1k15/2   ( 1k 15/2) 0.98    29.761     1.000     0.000
 114  p   2k15/2   ( 2k 15/2) 0.51    39.072     1.000     0.000
 115  p   3k15/2   ( 2k 15/2) 0.81    47.217     1.000     0.000
 116  p   4k15/2   ( 3k 15/2) 0.77    58.767     1.000     0.000
 117  p   5k15/2   ( 4k 15/2) 0.73    74.143     1.000     0.000
 119  p   1j15/2   ( 1j 15/2) 0.97    13.937     1.000     0.000
 120  p   2j15/2   ( 2j 15/2) 0.85    35.411     1.000     0.000
 121  p   3j15/2   ( 3j 15/2) 0.52    40.312     1.000     0.000
 122  p   4j15/2   ( 3j 15/2) 0.75    52.886     1.000     0.000
 123  p   5j15/2   ( 4j 15/2) 0.73    66.793     1.000     0.000
 124  p   6j15/2   ( 6j 15/2) 0.67    92.490     1.000     0.000
 125  p   1k17/2   ( 1k 17/2) 0.97    22.514     1.000     0.000
 126  p   2k17/2   ( 2k 17/2) 0.60    38.644     1.000     0.000
 127  p   3k17/2   ( 2k 17/2) 0.76    44.901     1.000     0.000
 128  p   4k17/2   ( 3k 17/2) 0.77    57.021     1.000     0.000
 129  p   5k17/2   ( 4k 17/2) 0.73    71.719     1.000     0.000
 130  p   6k17/2   ( 6k 17/2) 0.66    97.914     1.000     0.000
 131  p   1l17/2   ( 1l 17/2) 0.97    37.968     1.000     0.000
 132  p   2l17/2   ( 2l 17/2) 0.57    43.292     1.000     0.000
 133  p   3l17/2   ( 2l 17/2) 0.77    54.928     1.000     0.000
 134  p   4l17/2   ( 3l 17/2) 0.75    68.063     1.000     0.000
 135  p   5l17/2   ( 5l 17/2) 0.70    91.278     1.000     0.000
 136  p   1m19/2   ( 1m 19/2) 0.65    43.624     1.000     0.000
 137  p   2m19/2   ( 1m 19/2) 0.74    47.368     1.000     0.000
 138  p   3m19/2   ( 2m 19/2) 0.79    59.432     1.000     0.000
 139  p   4m19/2   ( 3m 19/2) 0.75    73.641     1.000     0.000
 140  p   5m19/2   ( 5m 19/2) 0.68    97.114     1.000     0.000
 141  p   1l19/2   ( 1l 19/2) 0.96    30.955     1.000     0.000
 142  p   2l19/2   ( 2l 19/2) 0.65    42.372     1.000     0.000
 143  p   3l19/2   ( 2l 19/2) 0.71    52.650     1.000     0.000
 144  p   4l19/2   ( 3l 19/2) 0.72    64.865     1.000     0.000
 145  p   5l19/2   ( 5l 19/2) 0.72    88.116     1.000     0.000
 146  p   1m21/2   ( 1m 21/2) 0.97    39.155     1.000     0.000
 147  p   2m21/2   ( 2m 21/2) 0.60    44.611     1.000     0.000
 148  p   3m21/2   ( 2m 21/2) 0.76    57.052     1.000     0.000
 149  p   4m21/2   ( 3m 21/2) 0.75    69.694     1.000     0.000
 150  p   5m21/2   ( 5m 21/2) 0.71    92.906     1.000     0.000
 151  p   1n21/2   ( 1n 21/2) 0.61    48.399     1.000     0.000
 152  p   2n21/2   ( 1n 21/2) 0.77    55.364     1.000     0.000
 153  p   3n21/2   ( 2n 21/2) 0.73    68.040     1.000     0.000
 154  p   4n21/2   ( 4n 21/2) 0.72    88.914     1.000     0.000
 155  p   1o23/2   ( 2o 23/2) 0.56    50.968     1.000     0.000
 156  p   2o23/2   ( 1o 23/2) 0.85    61.160     1.000     0.000
 157  p   3o23/2   ( 2o 23/2) 0.76    72.802     1.000     0.000
 158  p   4o23/2   ( 4o 23/2) 0.70    94.701     1.000     0.000
 159  p   1n23/2   ( 1n 23/2) 0.90    46.309     1.000     0.000
 160  p   2n23/2   ( 2n 23/2) 0.73    50.968     1.000     0.000
 161  p   3n23/2   ( 2n 23/2) 0.65    64.382     1.000     0.000
 162  p   4n23/2   ( 4n 23/2) 0.78    82.525     1.000     0.000
 163  p   1o25/2   ( 1o 25/2) 0.61    50.505     1.000     0.000
 164  p   2o25/2   ( 1o 25/2) 0.76    56.582     1.000     0.000
 165  p   3o25/2   ( 2o 25/2) 0.69    68.789     1.000     0.000
 166  p   4o25/2   ( 4o 25/2) 0.76    87.252     1.000     0.000
 167  p   1P25/2   ( 2P 25/2) 0.64    57.080     1.000     0.000
 168  p   2P25/2   ( 1P 25/2) 0.77    69.149     1.000     0.000
 169  p   3P25/2   ( 3P 25/2) 0.77    86.014     1.000     0.000
 170  p   1q27/2   ( 2q 27/2) 0.66    59.601     1.000     0.000
 171  p   2q27/2   ( 1q 27/2) 0.79    74.462     1.000     0.000
 172  p   3q27/2   ( 3q 27/2) 0.75    91.110     1.000     0.000
 173  p   1P27/2   ( 1P 27/2) 0.70    56.544     1.000     0.000
 174  p   2P27/2   ( 1P 27/2) 0.67    64.901     1.000     0.000
 175  p   3P27/2   ( 3P 27/2) 0.84    78.608     1.000     0.000
 176  p   1q29/2   ( 1q 29/2) 0.62    59.284     1.000     0.000
 177  p   2q29/2   ( 1q 29/2) 0.76    71.484     1.000     0.000
 178  p   3q29/2   ( 3q 29/2) 0.81    83.508     1.000     0.000
 179  p   1r29/2   ( 1r 29/2) 0.78    67.781     1.000     0.000
 180  p   2r29/2   ( 2r 29/2) 0.78    84.691     1.000     0.000
 181  p   1S31/2   ( 1S 31/2) 0.77    70.624     1.000     0.000
 182  p   2S31/2   ( 2S 31/2) 0.76    90.057     1.000     0.000
 183  p   1r31/2   ( 1r 31/2) 0.78    67.435     1.000     0.000
 184  p   2r31/2   ( 2r 31/2) 0.78    79.612     1.000     0.000
 185  p   1S33/2   ( 1S 33/2) 0.76    70.346     1.000     0.000
 186  p   2S33/2   ( 2S 33/2) 0.76    85.971     1.000     0.000
 187  p   1t33/2   ( 1t 33/2) 0.98    82.176     1.000     0.000
 188  p   1u35/2   ( 1u 35/2) 0.98    85.801     1.000     0.000
 189  p   1t35/2   ( 1t 35/2) 0.99    81.016     1.000     0.000
 190  p   1u37/2   ( 1u 37/2) 0.98    84.930     1.000     0.000
  ****** END RESU ***********************************
